chunks.shape 518399
chunks[0].shape 5
Loaded Tower 5 data for Tower 2 without noise: 518399 chunks
chunks.shape 518399
chunks[0].shape 5
Loaded Tower 5 data for Tower 3 without noise: 518399 chunks
chunks.shape 518399
chunks[0].shape 5
Loaded Tower 5 data for Tower 4 without noise: 518399 chunks
chunks.shape 518399
chunks[0].shape 5
Loaded Tower 5 data for Tower 5 without noise: 518399 chunks
chunks.shape 518399
chunks[0].shape 5
Loaded Tower 5 data for Tower 6 without noise: 518399 chunks
chunks.shape 518399
chunks[0].shape 5
Loaded Tower 5 data for Tower 7 with same noise (chunks 60-80): 518399 chunks
chunks.shape 518399
chunks[0].shape 5
Loaded Tower 5 data for Tower 8 with same noise (chunks 60-80): 518399 chunks
chunks.shape 518399
chunks[0].shape 5
Loaded Tower 5 data for Tower 9 with same noise (chunks 60-80): 518399 chunks
chunks.shape 518399
chunks[0].shape 5
Loaded Tower 5 data for Tower 10 with random noise (chunks 60-80): 518399 chunks
chunks.shape 518399
chunks[0].shape 5
Loaded Tower 5 data for Tower 11 with random noise (chunks 60-80): 518399 chunks
X.shape (10, 5)
s1 and s2 score at iteration 0
S_1 [1.0, 1.0, 1.0, 1.0, 1.0, 1.0, 1.0, 1.0, 1.0, 1.0]
S_2 [0.1, 0.1, 0.1, 0.1, 0.1, 0.1, 0.1, 0.1, 0.1, 0.1]
Trust scores at iteration 1: [0.0, 0.0, 0.0, 0.0, 0.0, 0.0, 0.0, 0.0, 0.0, 0.0]
Trust scores_s1 at iteration 1: [0.04999999999999999, 0.04999999999999999, 0.04999999999999999, 0.04999999999999999, 0.04999999999999999, 0.04999999999999999, 0.04999999999999999, 0.04999999999999999, 0.04999999999999999, 0.04999999999999999]
Trust scores_s2 at iteration 1: [0.04999999999999999, 0.04999999999999999, 0.04999999999999999, 0.04999999999999999, 0.04999999999999999, 0.04999999999999999, 0.04999999999999999, 0.04999999999999999, 0.04999999999999999, 0.04999999999999999]
X.shape (10, 5)
s1 and s2 score at iteration 1
S_1 [1.0, 1.0, 1.0, 1.0, 1.0, 1.0, 1.0, 1.0, 1.0, 1.0]
S_2 [0.1, 0.1, 0.1, 0.1, 0.1, 0.1, 0.1, 0.1, 0.1, 0.1]
Trust scores at iteration 2: [0.0, 0.0, 0.0, 0.0, 0.0, 0.0, 0.0, 0.0, 0.0, 0.0]
Trust scores_s1 at iteration 2: [0.09499999999999997, 0.09499999999999997, 0.09499999999999997, 0.09499999999999997, 0.09499999999999997, 0.09499999999999997, 0.09499999999999997, 0.09499999999999997, 0.09499999999999997, 0.09499999999999997]
Trust scores_s2 at iteration 2: [0.09499999999999997, 0.09499999999999997, 0.09499999999999997, 0.09499999999999997, 0.09499999999999997, 0.09499999999999997, 0.09499999999999997, 0.09499999999999997, 0.09499999999999997, 0.09499999999999997]
X.shape (10, 5)
s1 and s2 score at iteration 2
S_1 [1.0, 1.0, 1.0, 1.0, 1.0, 1.0, 1.0, 1.0, 1.0, 1.0]
S_2 [0.1, 0.1, 0.1, 0.1, 0.1, 0.1, 0.1, 0.1, 0.1, 0.1]
Trust scores at iteration 3: [0.0, 0.0, 0.0, 0.0, 0.0, 0.0, 0.0, 0.0, 0.0, 0.0]
Trust scores_s1 at iteration 3: [0.13549999999999995, 0.13549999999999995, 0.13549999999999995, 0.13549999999999995, 0.13549999999999995, 0.13549999999999995, 0.13549999999999995, 0.13549999999999995, 0.13549999999999995, 0.13549999999999995]
Trust scores_s2 at iteration 3: [0.13549999999999995, 0.13549999999999995, 0.13549999999999995, 0.13549999999999995, 0.13549999999999995, 0.13549999999999995, 0.13549999999999995, 0.13549999999999995, 0.13549999999999995, 0.13549999999999995]
X.shape (10, 5)
s1 and s2 score at iteration 3
S_1 [1.0, 1.0, 1.0, 1.0, 1.0, 1.0, 1.0, 1.0, 1.0, 1.0]
S_2 [0.1, 0.1, 0.1, 0.1, 0.1, 0.1, 0.1, 0.1, 0.1, 0.1]
Trust scores at iteration 4: [0.0, 0.0, 0.0, 0.0, 0.0, 0.0, 0.0, 0.0, 0.0, 0.0]
Trust scores_s1 at iteration 4: [0.17194999999999994, 0.17194999999999994, 0.17194999999999994, 0.17194999999999994, 0.17194999999999994, 0.17194999999999994, 0.17194999999999994, 0.17194999999999994, 0.17194999999999994, 0.17194999999999994]
Trust scores_s2 at iteration 4: [0.17194999999999994, 0.17194999999999994, 0.17194999999999994, 0.17194999999999994, 0.17194999999999994, 0.17194999999999994, 0.17194999999999994, 0.17194999999999994, 0.17194999999999994, 0.17194999999999994]
X.shape (10, 5)
s1 and s2 score at iteration 4
S_1 [0.9999999999999998, 0.9999999999999998, 0.9999999999999998, 0.9999999999999998, 0.9999999999999998, 0.9999999999999998, 0.9999999999999998, 0.9999999999999998, 0.9999999999999998, 0.9999999999999998]
S_2 [0.1, 0.1, 0.1, 0.1, 0.1, 0.1, 0.1, 0.1, 0.1, 0.1]
Trust scores at iteration 5: [0.0, 0.0, 0.0, 0.0, 0.0, 0.0, 0.0, 0.0, 0.0, 0.0]
Trust scores_s1 at iteration 5: [0.20475499999999994, 0.20475499999999994, 0.20475499999999994, 0.20475499999999994, 0.20475499999999994, 0.20475499999999994, 0.20475499999999994, 0.20475499999999994, 0.20475499999999994, 0.20475499999999994]
Trust scores_s2 at iteration 5: [0.20475499999999994, 0.20475499999999994, 0.20475499999999994, 0.20475499999999994, 0.20475499999999994, 0.20475499999999994, 0.20475499999999994, 0.20475499999999994, 0.20475499999999994, 0.20475499999999994]
X.shape (10, 5)
s1 and s2 score at iteration 5
S_1 [1.0, 1.0, 1.0, 1.0, 1.0, 1.0, 1.0, 1.0, 1.0, 1.0]
S_2 [0.1, 0.1, 0.1, 0.1, 0.1, 0.1, 0.1, 0.1, 0.1, 0.1]
Trust scores at iteration 6: [0.0, 0.0, 0.0, 0.0, 0.0, 0.0, 0.0, 0.0, 0.0, 0.0]
Trust scores_s1 at iteration 6: [0.23427949999999995, 0.23427949999999995, 0.23427949999999995, 0.23427949999999995, 0.23427949999999995, 0.23427949999999995, 0.23427949999999995, 0.23427949999999995, 0.23427949999999995, 0.23427949999999995]
Trust scores_s2 at iteration 6: [0.23427949999999995, 0.23427949999999995, 0.23427949999999995, 0.23427949999999995, 0.23427949999999995, 0.23427949999999995, 0.23427949999999995, 0.23427949999999995, 0.23427949999999995, 0.23427949999999995]
X.shape (10, 5)
s1 and s2 score at iteration 6
S_1 [1.0, 1.0, 1.0, 1.0, 1.0, 1.0, 1.0, 1.0, 1.0, 1.0]
S_2 [0.1, 0.1, 0.1, 0.1, 0.1, 0.1, 0.1, 0.1, 0.1, 0.1]
Trust scores at iteration 7: [0.0, 0.0, 0.0, 0.0, 0.0, 0.0, 0.0, 0.0, 0.0, 0.0]
Trust scores_s1 at iteration 7: [0.26085154999999993, 0.26085154999999993, 0.26085154999999993, 0.26085154999999993, 0.26085154999999993, 0.26085154999999993, 0.26085154999999993, 0.26085154999999993, 0.26085154999999993, 0.26085154999999993]
Trust scores_s2 at iteration 7: [0.26085154999999993, 0.26085154999999993, 0.26085154999999993, 0.26085154999999993, 0.26085154999999993, 0.26085154999999993, 0.26085154999999993, 0.26085154999999993, 0.26085154999999993, 0.26085154999999993]
X.shape (10, 5)
s1 and s2 score at iteration 7
S_1 [0.9999999999999998, 0.9999999999999998, 0.9999999999999998, 0.9999999999999998, 0.9999999999999998, 0.9999999999999998, 0.9999999999999998, 0.9999999999999998, 0.9999999999999998, 0.9999999999999998]
S_2 [0.1, 0.1, 0.1, 0.1, 0.1, 0.1, 0.1, 0.1, 0.1, 0.1]
Trust scores at iteration 8: [0.0, 0.0, 0.0, 0.0, 0.0, 0.0, 0.0, 0.0, 0.0, 0.0]
Trust scores_s1 at iteration 8: [0.2847663949999999, 0.2847663949999999, 0.2847663949999999, 0.2847663949999999, 0.2847663949999999, 0.2847663949999999, 0.2847663949999999, 0.2847663949999999, 0.2847663949999999, 0.2847663949999999]
Trust scores_s2 at iteration 8: [0.2847663949999999, 0.2847663949999999, 0.2847663949999999, 0.2847663949999999, 0.2847663949999999, 0.2847663949999999, 0.2847663949999999, 0.2847663949999999, 0.2847663949999999, 0.2847663949999999]
X.shape (10, 5)
s1 and s2 score at iteration 8
S_1 [1.0, 1.0, 1.0, 1.0, 1.0, 1.0, 1.0, 1.0, 1.0, 1.0]
S_2 [0.1, 0.1, 0.1, 0.1, 0.1, 0.1, 0.1, 0.1, 0.1, 0.1]
Trust scores at iteration 9: [0.0, 0.0, 0.0, 0.0, 0.0, 0.0, 0.0, 0.0, 0.0, 0.0]
Trust scores_s1 at iteration 9: [0.3062897554999999, 0.3062897554999999, 0.3062897554999999, 0.3062897554999999, 0.3062897554999999, 0.3062897554999999, 0.3062897554999999, 0.3062897554999999, 0.3062897554999999, 0.3062897554999999]
Trust scores_s2 at iteration 9: [0.3062897554999999, 0.3062897554999999, 0.3062897554999999, 0.3062897554999999, 0.3062897554999999, 0.3062897554999999, 0.3062897554999999, 0.3062897554999999, 0.3062897554999999, 0.3062897554999999]
X.shape (10, 5)
s1 and s2 score at iteration 9
S_1 [1.0, 1.0, 1.0, 1.0, 1.0, 1.0, 1.0, 1.0, 1.0, 1.0]
S_2 [0.1, 0.1, 0.1, 0.1, 0.1, 0.1, 0.1, 0.1, 0.1, 0.1]
Trust scores at iteration 10: [0.0, 0.0, 0.0, 0.0, 0.0, 0.0, 0.0, 0.0, 0.0, 0.0]
Trust scores_s1 at iteration 10: [0.3256607799499999, 0.3256607799499999, 0.3256607799499999, 0.3256607799499999, 0.3256607799499999, 0.3256607799499999, 0.3256607799499999, 0.3256607799499999, 0.3256607799499999, 0.3256607799499999]
Trust scores_s2 at iteration 10: [0.3256607799499999, 0.3256607799499999, 0.3256607799499999, 0.3256607799499999, 0.3256607799499999, 0.3256607799499999, 0.3256607799499999, 0.3256607799499999, 0.3256607799499999, 0.3256607799499999]
X.shape (10, 5)
s1 and s2 score at iteration 10
S_1 [1.0, 1.0, 1.0, 1.0, 1.0, 1.0, 1.0, 1.0, 1.0, 1.0]
S_2 [0.1, 0.1, 0.1, 0.1, 0.1, 0.1, 0.1, 0.1, 0.1, 0.1]
Trust scores at iteration 11: [0.0, 0.0, 0.0, 0.0, 0.0, 0.0, 0.0, 0.0, 0.0, 0.0]
Trust scores_s1 at iteration 11: [0.3430947019549999, 0.3430947019549999, 0.3430947019549999, 0.3430947019549999, 0.3430947019549999, 0.3430947019549999, 0.3430947019549999, 0.3430947019549999, 0.3430947019549999, 0.3430947019549999]
Trust scores_s2 at iteration 11: [0.3430947019549999, 0.3430947019549999, 0.3430947019549999, 0.3430947019549999, 0.3430947019549999, 0.3430947019549999, 0.3430947019549999, 0.3430947019549999, 0.3430947019549999, 0.3430947019549999]
X.shape (10, 5)
s1 and s2 score at iteration 11
S_1 [1.0, 1.0, 1.0, 1.0, 1.0, 1.0, 1.0, 1.0, 1.0, 1.0]
S_2 [0.1, 0.1, 0.1, 0.1, 0.1, 0.1, 0.1, 0.1, 0.1, 0.1]
Trust scores at iteration 12: [0.0, 0.0, 0.0, 0.0, 0.0, 0.0, 0.0, 0.0, 0.0, 0.0]
Trust scores_s1 at iteration 12: [0.35878523175949995, 0.35878523175949995, 0.35878523175949995, 0.35878523175949995, 0.35878523175949995, 0.35878523175949995, 0.35878523175949995, 0.35878523175949995, 0.35878523175949995, 0.35878523175949995]
Trust scores_s2 at iteration 12: [0.35878523175949995, 0.35878523175949995, 0.35878523175949995, 0.35878523175949995, 0.35878523175949995, 0.35878523175949995, 0.35878523175949995, 0.35878523175949995, 0.35878523175949995, 0.35878523175949995]
X.shape (10, 5)
s1 and s2 score at iteration 12
S_1 [1.0, 1.0, 1.0, 1.0, 1.0, 1.0, 1.0, 1.0, 1.0, 1.0]
S_2 [0.1, 0.1, 0.1, 0.1, 0.1, 0.1, 0.1, 0.1, 0.1, 0.1]
Trust scores at iteration 13: [0.0, 0.0, 0.0, 0.0, 0.0, 0.0, 0.0, 0.0, 0.0, 0.0]
Trust scores_s1 at iteration 13: [0.37290670858354996, 0.37290670858354996, 0.37290670858354996, 0.37290670858354996, 0.37290670858354996, 0.37290670858354996, 0.37290670858354996, 0.37290670858354996, 0.37290670858354996, 0.37290670858354996]
Trust scores_s2 at iteration 13: [0.37290670858354996, 0.37290670858354996, 0.37290670858354996, 0.37290670858354996, 0.37290670858354996, 0.37290670858354996, 0.37290670858354996, 0.37290670858354996, 0.37290670858354996, 0.37290670858354996]
X.shape (10, 5)
s1 and s2 score at iteration 13
S_1 [1.0, 1.0, 1.0, 1.0, 1.0, 1.0, 1.0, 1.0, 1.0, 1.0]
S_2 [0.1, 0.1, 0.1, 0.1, 0.1, 0.1, 0.1, 0.1, 0.1, 0.1]
Trust scores at iteration 14: [0.0, 0.0, 0.0, 0.0, 0.0, 0.0, 0.0, 0.0, 0.0, 0.0]
Trust scores_s1 at iteration 14: [0.385616037725195, 0.385616037725195, 0.385616037725195, 0.385616037725195, 0.385616037725195, 0.385616037725195, 0.385616037725195, 0.385616037725195, 0.385616037725195, 0.385616037725195]
Trust scores_s2 at iteration 14: [0.385616037725195, 0.385616037725195, 0.385616037725195, 0.385616037725195, 0.385616037725195, 0.385616037725195, 0.385616037725195, 0.385616037725195, 0.385616037725195, 0.385616037725195]
X.shape (10, 5)
s1 and s2 score at iteration 14
S_1 [1.0, 1.0, 1.0, 1.0, 1.0, 1.0, 1.0, 1.0, 1.0, 1.0]
S_2 [0.1, 0.1, 0.1, 0.1, 0.1, 0.1, 0.1, 0.1, 0.1, 0.1]
Trust scores at iteration 15: [0.0, 0.0, 0.0, 0.0, 0.0, 0.0, 0.0, 0.0, 0.0, 0.0]
Trust scores_s1 at iteration 15: [0.3970544339526755, 0.3970544339526755, 0.3970544339526755, 0.3970544339526755, 0.3970544339526755, 0.3970544339526755, 0.3970544339526755, 0.3970544339526755, 0.3970544339526755, 0.3970544339526755]
Trust scores_s2 at iteration 15: [0.3970544339526755, 0.3970544339526755, 0.3970544339526755, 0.3970544339526755, 0.3970544339526755, 0.3970544339526755, 0.3970544339526755, 0.3970544339526755, 0.3970544339526755, 0.3970544339526755]
X.shape (10, 5)
s1 and s2 score at iteration 15
S_1 [0.9999999999999998, 0.9999999999999998, 0.9999999999999998, 0.9999999999999998, 0.9999999999999998, 0.9999999999999998, 0.9999999999999998, 0.9999999999999998, 0.9999999999999998, 0.9999999999999998]
S_2 [0.1, 0.1, 0.1, 0.1, 0.1, 0.1, 0.1, 0.1, 0.1, 0.1]
Trust scores at iteration 16: [0.0, 0.0, 0.0, 0.0, 0.0, 0.0, 0.0, 0.0, 0.0, 0.0]
Trust scores_s1 at iteration 16: [0.4073489905574079, 0.4073489905574079, 0.4073489905574079, 0.4073489905574079, 0.4073489905574079, 0.4073489905574079, 0.4073489905574079, 0.4073489905574079, 0.4073489905574079, 0.4073489905574079]
Trust scores_s2 at iteration 16: [0.4073489905574079, 0.4073489905574079, 0.4073489905574079, 0.4073489905574079, 0.4073489905574079, 0.4073489905574079, 0.4073489905574079, 0.4073489905574079, 0.4073489905574079, 0.4073489905574079]
X.shape (10, 5)
s1 and s2 score at iteration 16
S_1 [1.0, 1.0, 1.0, 1.0, 1.0, 1.0, 1.0, 1.0, 1.0, 1.0]
S_2 [0.1, 0.1, 0.1, 0.1, 0.1, 0.1, 0.1, 0.1, 0.1, 0.1]
Trust scores at iteration 17: [0.0, 0.0, 0.0, 0.0, 0.0, 0.0, 0.0, 0.0, 0.0, 0.0]
Trust scores_s1 at iteration 17: [0.4166140915016671, 0.4166140915016671, 0.4166140915016671, 0.4166140915016671, 0.4166140915016671, 0.4166140915016671, 0.4166140915016671, 0.4166140915016671, 0.4166140915016671, 0.4166140915016671]
Trust scores_s2 at iteration 17: [0.4166140915016671, 0.4166140915016671, 0.4166140915016671, 0.4166140915016671, 0.4166140915016671, 0.4166140915016671, 0.4166140915016671, 0.4166140915016671, 0.4166140915016671, 0.4166140915016671]
X.shape (10, 5)
s1 and s2 score at iteration 17
S_1 [1.0, 1.0, 1.0, 1.0, 1.0, 1.0, 1.0, 1.0, 1.0, 1.0]
S_2 [0.1, 0.1, 0.1, 0.1, 0.1, 0.1, 0.1, 0.1, 0.1, 0.1]
Trust scores at iteration 18: [0.0, 0.0, 0.0, 0.0, 0.0, 0.0, 0.0, 0.0, 0.0, 0.0]
Trust scores_s1 at iteration 18: [0.4249526823515004, 0.4249526823515004, 0.4249526823515004, 0.4249526823515004, 0.4249526823515004, 0.4249526823515004, 0.4249526823515004, 0.4249526823515004, 0.4249526823515004, 0.4249526823515004]
Trust scores_s2 at iteration 18: [0.4249526823515004, 0.4249526823515004, 0.4249526823515004, 0.4249526823515004, 0.4249526823515004, 0.4249526823515004, 0.4249526823515004, 0.4249526823515004, 0.4249526823515004, 0.4249526823515004]
X.shape (10, 5)
s1 and s2 score at iteration 18
S_1 [1.0, 1.0, 1.0, 1.0, 1.0, 1.0, 1.0, 1.0, 1.0, 1.0]
S_2 [0.1, 0.1, 0.1, 0.1, 0.1, 0.1, 0.1, 0.1, 0.1, 0.1]
Trust scores at iteration 19: [0.0, 0.0, 0.0, 0.0, 0.0, 0.0, 0.0, 0.0, 0.0, 0.0]
Trust scores_s1 at iteration 19: [0.43245741411635036, 0.43245741411635036, 0.43245741411635036, 0.43245741411635036, 0.43245741411635036, 0.43245741411635036, 0.43245741411635036, 0.43245741411635036, 0.43245741411635036, 0.43245741411635036]
Trust scores_s2 at iteration 19: [0.43245741411635036, 0.43245741411635036, 0.43245741411635036, 0.43245741411635036, 0.43245741411635036, 0.43245741411635036, 0.43245741411635036, 0.43245741411635036, 0.43245741411635036, 0.43245741411635036]
X.shape (10, 5)
s1 and s2 score at iteration 19
S_1 [1.0, 1.0, 1.0, 1.0, 1.0, 1.0, 1.0, 1.0, 1.0, 1.0]
S_2 [0.1, 0.1, 0.1, 0.1, 0.1, 0.1, 0.1, 0.1, 0.1, 0.1]
Trust scores at iteration 20: [0.0, 0.0, 0.0, 0.0, 0.0, 0.0, 0.0, 0.0, 0.0, 0.0]
Trust scores_s1 at iteration 20: [0.43921167270471534, 0.43921167270471534, 0.43921167270471534, 0.43921167270471534, 0.43921167270471534, 0.43921167270471534, 0.43921167270471534, 0.43921167270471534, 0.43921167270471534, 0.43921167270471534]
Trust scores_s2 at iteration 20: [0.43921167270471534, 0.43921167270471534, 0.43921167270471534, 0.43921167270471534, 0.43921167270471534, 0.43921167270471534, 0.43921167270471534, 0.43921167270471534, 0.43921167270471534, 0.43921167270471534]
X.shape (10, 5)
s1 and s2 score at iteration 20
S_1 [1.0, 1.0, 1.0, 1.0, 1.0, 1.0, 1.0, 1.0, 1.0, 1.0]
S_2 [0.1, 0.1, 0.1, 0.1, 0.1, 0.1, 0.1, 0.1, 0.1, 0.1]
Trust scores at iteration 21: [0.0, 0.0, 0.0, 0.0, 0.0, 0.0, 0.0, 0.0, 0.0, 0.0]
Trust scores_s1 at iteration 21: [0.4452905054342438, 0.4452905054342438, 0.4452905054342438, 0.4452905054342438, 0.4452905054342438, 0.4452905054342438, 0.4452905054342438, 0.4452905054342438, 0.4452905054342438, 0.4452905054342438]
Trust scores_s2 at iteration 21: [0.4452905054342438, 0.4452905054342438, 0.4452905054342438, 0.4452905054342438, 0.4452905054342438, 0.4452905054342438, 0.4452905054342438, 0.4452905054342438, 0.4452905054342438, 0.4452905054342438]
X.shape (10, 5)
s1 and s2 score at iteration 21
S_1 [1.0, 1.0, 1.0, 1.0, 1.0, 1.0, 1.0, 1.0, 1.0, 1.0]
S_2 [0.1, 0.1, 0.1, 0.1, 0.1, 0.1, 0.1, 0.1, 0.1, 0.1]
Trust scores at iteration 22: [0.0, 0.0, 0.0, 0.0, 0.0, 0.0, 0.0, 0.0, 0.0, 0.0]
Trust scores_s1 at iteration 22: [0.4507614548908194, 0.4507614548908194, 0.4507614548908194, 0.4507614548908194, 0.4507614548908194, 0.4507614548908194, 0.4507614548908194, 0.4507614548908194, 0.4507614548908194, 0.4507614548908194]
Trust scores_s2 at iteration 22: [0.4507614548908194, 0.4507614548908194, 0.4507614548908194, 0.4507614548908194, 0.4507614548908194, 0.4507614548908194, 0.4507614548908194, 0.4507614548908194, 0.4507614548908194, 0.4507614548908194]
X.shape (10, 5)
s1 and s2 score at iteration 22
S_1 [1.0, 1.0, 1.0, 1.0, 1.0, 1.0, 1.0, 1.0, 1.0, 1.0]
S_2 [0.1, 0.1, 0.1, 0.1, 0.1, 0.1, 0.1, 0.1, 0.1, 0.1]
Trust scores at iteration 23: [0.0, 0.0, 0.0, 0.0, 0.0, 0.0, 0.0, 0.0, 0.0, 0.0]
Trust scores_s1 at iteration 23: [0.45568530940173746, 0.45568530940173746, 0.45568530940173746, 0.45568530940173746, 0.45568530940173746, 0.45568530940173746, 0.45568530940173746, 0.45568530940173746, 0.45568530940173746, 0.45568530940173746]
Trust scores_s2 at iteration 23: [0.45568530940173746, 0.45568530940173746, 0.45568530940173746, 0.45568530940173746, 0.45568530940173746, 0.45568530940173746, 0.45568530940173746, 0.45568530940173746, 0.45568530940173746, 0.45568530940173746]
X.shape (10, 5)
s1 and s2 score at iteration 23
S_1 [0.9999999999999998, 0.9999999999999998, 0.9999999999999998, 0.9999999999999998, 0.9999999999999998, 0.9999999999999998, 0.9999999999999998, 0.9999999999999998, 0.9999999999999998, 0.9999999999999998]
S_2 [0.1, 0.1, 0.1, 0.1, 0.1, 0.1, 0.1, 0.1, 0.1, 0.1]
Trust scores at iteration 24: [0.0, 0.0, 0.0, 0.0, 0.0, 0.0, 0.0, 0.0, 0.0, 0.0]
Trust scores_s1 at iteration 24: [0.46011677846156374, 0.46011677846156374, 0.46011677846156374, 0.46011677846156374, 0.46011677846156374, 0.46011677846156374, 0.46011677846156374, 0.46011677846156374, 0.46011677846156374, 0.46011677846156374]
Trust scores_s2 at iteration 24: [0.46011677846156374, 0.46011677846156374, 0.46011677846156374, 0.46011677846156374, 0.46011677846156374, 0.46011677846156374, 0.46011677846156374, 0.46011677846156374, 0.46011677846156374, 0.46011677846156374]
X.shape (10, 5)
s1 and s2 score at iteration 24
S_1 [0.9999999999999998, 0.9999999999999998, 0.9999999999999998, 0.9999999999999998, 0.9999999999999998, 0.9999999999999998, 0.9999999999999998, 0.9999999999999998, 0.9999999999999998, 0.9999999999999998]
S_2 [0.1, 0.1, 0.1, 0.1, 0.1, 0.1, 0.1, 0.1, 0.1, 0.1]
Trust scores at iteration 25: [0.0, 0.0, 0.0, 0.0, 0.0, 0.0, 0.0, 0.0, 0.0, 0.0]
Trust scores_s1 at iteration 25: [0.4641051006154074, 0.4641051006154074, 0.4641051006154074, 0.4641051006154074, 0.4641051006154074, 0.4641051006154074, 0.4641051006154074, 0.4641051006154074, 0.4641051006154074, 0.4641051006154074]
Trust scores_s2 at iteration 25: [0.4641051006154074, 0.4641051006154074, 0.4641051006154074, 0.4641051006154074, 0.4641051006154074, 0.4641051006154074, 0.4641051006154074, 0.4641051006154074, 0.4641051006154074, 0.4641051006154074]
X.shape (10, 5)
s1 and s2 score at iteration 25
S_1 [1.0, 1.0, 1.0, 1.0, 1.0, 1.0, 1.0, 1.0, 1.0, 1.0]
S_2 [0.1, 0.1, 0.1, 0.1, 0.1, 0.1, 0.1, 0.1, 0.1, 0.1]
Trust scores at iteration 26: [0.0, 0.0, 0.0, 0.0, 0.0, 0.0, 0.0, 0.0, 0.0, 0.0]
Trust scores_s1 at iteration 26: [0.46769459055386664, 0.46769459055386664, 0.46769459055386664, 0.46769459055386664, 0.46769459055386664, 0.46769459055386664, 0.46769459055386664, 0.46769459055386664, 0.46769459055386664, 0.46769459055386664]
Trust scores_s2 at iteration 26: [0.46769459055386664, 0.46769459055386664, 0.46769459055386664, 0.46769459055386664, 0.46769459055386664, 0.46769459055386664, 0.46769459055386664, 0.46769459055386664, 0.46769459055386664, 0.46769459055386664]
X.shape (10, 5)
s1 and s2 score at iteration 26
S_1 [1.0, 1.0, 1.0, 1.0, 1.0, 1.0, 1.0, 1.0, 1.0, 1.0]
S_2 [0.1, 0.1, 0.1, 0.1, 0.1, 0.1, 0.1, 0.1, 0.1, 0.1]
Trust scores at iteration 27: [0.0, 0.0, 0.0, 0.0, 0.0, 0.0, 0.0, 0.0, 0.0, 0.0]
Trust scores_s1 at iteration 27: [0.47092513149848, 0.47092513149848, 0.47092513149848, 0.47092513149848, 0.47092513149848, 0.47092513149848, 0.47092513149848, 0.47092513149848, 0.47092513149848, 0.47092513149848]
Trust scores_s2 at iteration 27: [0.47092513149848, 0.47092513149848, 0.47092513149848, 0.47092513149848, 0.47092513149848, 0.47092513149848, 0.47092513149848, 0.47092513149848, 0.47092513149848, 0.47092513149848]
X.shape (10, 5)
s1 and s2 score at iteration 27
S_1 [1.0, 1.0, 1.0, 1.0, 1.0, 1.0, 1.0, 1.0, 1.0, 1.0]
S_2 [0.1, 0.1, 0.1, 0.1, 0.1, 0.1, 0.1, 0.1, 0.1, 0.1]
Trust scores at iteration 28: [0.0, 0.0, 0.0, 0.0, 0.0, 0.0, 0.0, 0.0, 0.0, 0.0]
Trust scores_s1 at iteration 28: [0.473832618348632, 0.473832618348632, 0.473832618348632, 0.473832618348632, 0.473832618348632, 0.473832618348632, 0.473832618348632, 0.473832618348632, 0.473832618348632, 0.473832618348632]
Trust scores_s2 at iteration 28: [0.473832618348632, 0.473832618348632, 0.473832618348632, 0.473832618348632, 0.473832618348632, 0.473832618348632, 0.473832618348632, 0.473832618348632, 0.473832618348632, 0.473832618348632]
X.shape (10, 5)
s1 and s2 score at iteration 28
S_1 [1.0, 1.0, 1.0, 1.0, 1.0, 1.0, 1.0, 1.0, 1.0, 1.0]
S_2 [0.1, 0.1, 0.1, 0.1, 0.1, 0.1, 0.1, 0.1, 0.1, 0.1]
Trust scores at iteration 29: [0.0, 0.0, 0.0, 0.0, 0.0, 0.0, 0.0, 0.0, 0.0, 0.0]
Trust scores_s1 at iteration 29: [0.4764493565137688, 0.4764493565137688, 0.4764493565137688, 0.4764493565137688, 0.4764493565137688, 0.4764493565137688, 0.4764493565137688, 0.4764493565137688, 0.4764493565137688, 0.4764493565137688]
Trust scores_s2 at iteration 29: [0.4764493565137688, 0.4764493565137688, 0.4764493565137688, 0.4764493565137688, 0.4764493565137688, 0.4764493565137688, 0.4764493565137688, 0.4764493565137688, 0.4764493565137688, 0.4764493565137688]
X.shape (10, 5)
s1 and s2 score at iteration 29
S_1 [1.0, 1.0, 1.0, 1.0, 1.0, 1.0, 1.0, 1.0, 1.0, 1.0]
S_2 [0.1, 0.1, 0.1, 0.1, 0.1, 0.1, 0.1, 0.1, 0.1, 0.1]
Trust scores at iteration 30: [0.0, 0.0, 0.0, 0.0, 0.0, 0.0, 0.0, 0.0, 0.0, 0.0]
Trust scores_s1 at iteration 30: [0.4788044208623919, 0.4788044208623919, 0.4788044208623919, 0.4788044208623919, 0.4788044208623919, 0.4788044208623919, 0.4788044208623919, 0.4788044208623919, 0.4788044208623919, 0.4788044208623919]
Trust scores_s2 at iteration 30: [0.4788044208623919, 0.4788044208623919, 0.4788044208623919, 0.4788044208623919, 0.4788044208623919, 0.4788044208623919, 0.4788044208623919, 0.4788044208623919, 0.4788044208623919, 0.4788044208623919]
X.shape (10, 5)
s1 and s2 score at iteration 30
S_1 [1.0, 1.0, 1.0, 1.0, 1.0, 1.0, 1.0, 1.0, 1.0, 1.0]
S_2 [0.1, 0.1, 0.1, 0.1, 0.1, 0.1, 0.1, 0.1, 0.1, 0.1]
Trust scores at iteration 31: [0.0, 0.0, 0.0, 0.0, 0.0, 0.0, 0.0, 0.0, 0.0, 0.0]
Trust scores_s1 at iteration 31: [0.48092397877615267, 0.48092397877615267, 0.48092397877615267, 0.48092397877615267, 0.48092397877615267, 0.48092397877615267, 0.48092397877615267, 0.48092397877615267, 0.48092397877615267, 0.48092397877615267]
Trust scores_s2 at iteration 31: [0.48092397877615267, 0.48092397877615267, 0.48092397877615267, 0.48092397877615267, 0.48092397877615267, 0.48092397877615267, 0.48092397877615267, 0.48092397877615267, 0.48092397877615267, 0.48092397877615267]
X.shape (10, 5)
s1 and s2 score at iteration 31
S_1 [1.0, 1.0, 1.0, 1.0, 1.0, 1.0, 1.0, 1.0, 1.0, 1.0]
S_2 [0.1, 0.1, 0.1, 0.1, 0.1, 0.1, 0.1, 0.1, 0.1, 0.1]
Trust scores at iteration 32: [0.0, 0.0, 0.0, 0.0, 0.0, 0.0, 0.0, 0.0, 0.0, 0.0]
Trust scores_s1 at iteration 32: [0.4828315808985374, 0.4828315808985374, 0.4828315808985374, 0.4828315808985374, 0.4828315808985374, 0.4828315808985374, 0.4828315808985374, 0.4828315808985374, 0.4828315808985374, 0.4828315808985374]
Trust scores_s2 at iteration 32: [0.4828315808985374, 0.4828315808985374, 0.4828315808985374, 0.4828315808985374, 0.4828315808985374, 0.4828315808985374, 0.4828315808985374, 0.4828315808985374, 0.4828315808985374, 0.4828315808985374]
X.shape (10, 5)
s1 and s2 score at iteration 32
S_1 [0.9999999999999998, 0.9999999999999998, 0.9999999999999998, 0.9999999999999998, 0.9999999999999998, 0.9999999999999998, 0.9999999999999998, 0.9999999999999998, 0.9999999999999998, 0.9999999999999998]
S_2 [0.1, 0.1, 0.1, 0.1, 0.1, 0.1, 0.1, 0.1, 0.1, 0.1]
Trust scores at iteration 33: [0.0, 0.0, 0.0, 0.0, 0.0, 0.0, 0.0, 0.0, 0.0, 0.0]
Trust scores_s1 at iteration 33: [0.48454842280868365, 0.48454842280868365, 0.48454842280868365, 0.48454842280868365, 0.48454842280868365, 0.48454842280868365, 0.48454842280868365, 0.48454842280868365, 0.48454842280868365, 0.48454842280868365]
Trust scores_s2 at iteration 33: [0.48454842280868365, 0.48454842280868365, 0.48454842280868365, 0.48454842280868365, 0.48454842280868365, 0.48454842280868365, 0.48454842280868365, 0.48454842280868365, 0.48454842280868365, 0.48454842280868365]
X.shape (10, 5)
s1 and s2 score at iteration 33
S_1 [1.0, 1.0, 1.0, 1.0, 1.0, 1.0, 1.0, 1.0, 1.0, 1.0]
S_2 [0.1, 0.1, 0.1, 0.1, 0.1, 0.1, 0.1, 0.1, 0.1, 0.1]
Trust scores at iteration 34: [0.0, 0.0, 0.0, 0.0, 0.0, 0.0, 0.0, 0.0, 0.0, 0.0]
Trust scores_s1 at iteration 34: [0.48609358052781526, 0.48609358052781526, 0.48609358052781526, 0.48609358052781526, 0.48609358052781526, 0.48609358052781526, 0.48609358052781526, 0.48609358052781526, 0.48609358052781526, 0.48609358052781526]
Trust scores_s2 at iteration 34: [0.48609358052781526, 0.48609358052781526, 0.48609358052781526, 0.48609358052781526, 0.48609358052781526, 0.48609358052781526, 0.48609358052781526, 0.48609358052781526, 0.48609358052781526, 0.48609358052781526]
X.shape (10, 5)
s1 and s2 score at iteration 34
S_1 [1.0, 1.0, 1.0, 1.0, 1.0, 1.0, 1.0, 1.0, 1.0, 1.0]
S_2 [0.1, 0.1, 0.1, 0.1, 0.1, 0.1, 0.1, 0.1, 0.1, 0.1]
Trust scores at iteration 35: [0.0, 0.0, 0.0, 0.0, 0.0, 0.0, 0.0, 0.0, 0.0, 0.0]
Trust scores_s1 at iteration 35: [0.48748422247503376, 0.48748422247503376, 0.48748422247503376, 0.48748422247503376, 0.48748422247503376, 0.48748422247503376, 0.48748422247503376, 0.48748422247503376, 0.48748422247503376, 0.48748422247503376]
Trust scores_s2 at iteration 35: [0.48748422247503376, 0.48748422247503376, 0.48748422247503376, 0.48748422247503376, 0.48748422247503376, 0.48748422247503376, 0.48748422247503376, 0.48748422247503376, 0.48748422247503376, 0.48748422247503376]
X.shape (10, 5)
s1 and s2 score at iteration 35
S_1 [0.9999999999999998, 0.9999999999999998, 0.9999999999999998, 0.9999999999999998, 0.9999999999999998, 0.9999999999999998, 0.9999999999999998, 0.9999999999999998, 0.9999999999999998, 0.9999999999999998]
S_2 [0.1, 0.1, 0.1, 0.1, 0.1, 0.1, 0.1, 0.1, 0.1, 0.1]
Trust scores at iteration 36: [0.0, 0.0, 0.0, 0.0, 0.0, 0.0, 0.0, 0.0, 0.0, 0.0]
Trust scores_s1 at iteration 36: [0.4887358002275304, 0.4887358002275304, 0.4887358002275304, 0.4887358002275304, 0.4887358002275304, 0.4887358002275304, 0.4887358002275304, 0.4887358002275304, 0.4887358002275304, 0.4887358002275304]
Trust scores_s2 at iteration 36: [0.4887358002275304, 0.4887358002275304, 0.4887358002275304, 0.4887358002275304, 0.4887358002275304, 0.4887358002275304, 0.4887358002275304, 0.4887358002275304, 0.4887358002275304, 0.4887358002275304]
X.shape (10, 5)
s1 and s2 score at iteration 36
S_1 [1.0, 1.0, 1.0, 1.0, 1.0, 1.0, 1.0, 1.0, 1.0, 1.0]
S_2 [0.1, 0.1, 0.1, 0.1, 0.1, 0.1, 0.1, 0.1, 0.1, 0.1]
Trust scores at iteration 37: [0.0, 0.0, 0.0, 0.0, 0.0, 0.0, 0.0, 0.0, 0.0, 0.0]
Trust scores_s1 at iteration 37: [0.4898622202047773, 0.4898622202047773, 0.4898622202047773, 0.4898622202047773, 0.4898622202047773, 0.4898622202047773, 0.4898622202047773, 0.4898622202047773, 0.4898622202047773, 0.4898622202047773]
Trust scores_s2 at iteration 37: [0.4898622202047773, 0.4898622202047773, 0.4898622202047773, 0.4898622202047773, 0.4898622202047773, 0.4898622202047773, 0.4898622202047773, 0.4898622202047773, 0.4898622202047773, 0.4898622202047773]
X.shape (10, 5)
s1 and s2 score at iteration 37
S_1 [1.0, 1.0, 1.0, 1.0, 1.0, 1.0, 1.0, 1.0, 1.0, 1.0]
S_2 [0.1, 0.1, 0.1, 0.1, 0.1, 0.1, 0.1, 0.1, 0.1, 0.1]
Trust scores at iteration 38: [0.0, 0.0, 0.0, 0.0, 0.0, 0.0, 0.0, 0.0, 0.0, 0.0]
Trust scores_s1 at iteration 38: [0.4908759981842996, 0.4908759981842996, 0.4908759981842996, 0.4908759981842996, 0.4908759981842996, 0.4908759981842996, 0.4908759981842996, 0.4908759981842996, 0.4908759981842996, 0.4908759981842996]
Trust scores_s2 at iteration 38: [0.4908759981842996, 0.4908759981842996, 0.4908759981842996, 0.4908759981842996, 0.4908759981842996, 0.4908759981842996, 0.4908759981842996, 0.4908759981842996, 0.4908759981842996, 0.4908759981842996]
X.shape (10, 5)
s1 and s2 score at iteration 38
S_1 [1.0, 1.0, 1.0, 1.0, 1.0, 1.0, 1.0, 1.0, 1.0, 1.0]
S_2 [0.1, 0.1, 0.1, 0.1, 0.1, 0.1, 0.1, 0.1, 0.1, 0.1]
Trust scores at iteration 39: [0.0, 0.0, 0.0, 0.0, 0.0, 0.0, 0.0, 0.0, 0.0, 0.0]
Trust scores_s1 at iteration 39: [0.49178839836586963, 0.49178839836586963, 0.49178839836586963, 0.49178839836586963, 0.49178839836586963, 0.49178839836586963, 0.49178839836586963, 0.49178839836586963, 0.49178839836586963, 0.49178839836586963]
Trust scores_s2 at iteration 39: [0.49178839836586963, 0.49178839836586963, 0.49178839836586963, 0.49178839836586963, 0.49178839836586963, 0.49178839836586963, 0.49178839836586963, 0.49178839836586963, 0.49178839836586963, 0.49178839836586963]
X.shape (10, 5)
s1 and s2 score at iteration 39
S_1 [1.0, 1.0, 1.0, 1.0, 1.0, 1.0, 1.0, 1.0, 1.0, 1.0]
S_2 [0.1, 0.1, 0.1, 0.1, 0.1, 0.1, 0.1, 0.1, 0.1, 0.1]
Trust scores at iteration 40: [0.0, 0.0, 0.0, 0.0, 0.0, 0.0, 0.0, 0.0, 0.0, 0.0]
Trust scores_s1 at iteration 40: [0.4926095585292827, 0.4926095585292827, 0.4926095585292827, 0.4926095585292827, 0.4926095585292827, 0.4926095585292827, 0.4926095585292827, 0.4926095585292827, 0.4926095585292827, 0.4926095585292827]
Trust scores_s2 at iteration 40: [0.4926095585292827, 0.4926095585292827, 0.4926095585292827, 0.4926095585292827, 0.4926095585292827, 0.4926095585292827, 0.4926095585292827, 0.4926095585292827, 0.4926095585292827, 0.4926095585292827]
X.shape (10, 5)
s1 and s2 score at iteration 40
S_1 [0.9999999999999998, 0.9999999999999998, 0.9999999999999998, 0.9999999999999998, 0.9999999999999998, 0.9999999999999998, 0.9999999999999998, 0.9999999999999998, 0.9999999999999998, 0.9999999999999998]
S_2 [0.1, 0.1, 0.1, 0.1, 0.1, 0.1, 0.1, 0.1, 0.1, 0.1]
Trust scores at iteration 41: [0.0, 0.0, 0.0, 0.0, 0.0, 0.0, 0.0, 0.0, 0.0, 0.0]
Trust scores_s1 at iteration 41: [0.4933486026763544, 0.4933486026763544, 0.4933486026763544, 0.4933486026763544, 0.4933486026763544, 0.4933486026763544, 0.4933486026763544, 0.4933486026763544, 0.4933486026763544, 0.4933486026763544]
Trust scores_s2 at iteration 41: [0.4933486026763544, 0.4933486026763544, 0.4933486026763544, 0.4933486026763544, 0.4933486026763544, 0.4933486026763544, 0.4933486026763544, 0.4933486026763544, 0.4933486026763544, 0.4933486026763544]
X.shape (10, 5)
s1 and s2 score at iteration 41
S_1 [1.0, 1.0, 1.0, 1.0, 1.0, 1.0, 1.0, 1.0, 1.0, 1.0]
S_2 [0.1, 0.1, 0.1, 0.1, 0.1, 0.1, 0.1, 0.1, 0.1, 0.1]
Trust scores at iteration 42: [0.0, 0.0, 0.0, 0.0, 0.0, 0.0, 0.0, 0.0, 0.0, 0.0]
Trust scores_s1 at iteration 42: [0.4940137424087189, 0.4940137424087189, 0.4940137424087189, 0.4940137424087189, 0.4940137424087189, 0.4940137424087189, 0.4940137424087189, 0.4940137424087189, 0.4940137424087189, 0.4940137424087189]
Trust scores_s2 at iteration 42: [0.4940137424087189, 0.4940137424087189, 0.4940137424087189, 0.4940137424087189, 0.4940137424087189, 0.4940137424087189, 0.4940137424087189, 0.4940137424087189, 0.4940137424087189, 0.4940137424087189]
X.shape (10, 5)
s1 and s2 score at iteration 42
S_1 [1.0, 1.0, 1.0, 1.0, 1.0, 1.0, 1.0, 1.0, 1.0, 1.0]
S_2 [0.1, 0.1, 0.1, 0.1, 0.1, 0.1, 0.1, 0.1, 0.1, 0.1]
Trust scores at iteration 43: [0.0, 0.0, 0.0, 0.0, 0.0, 0.0, 0.0, 0.0, 0.0, 0.0]
Trust scores_s1 at iteration 43: [0.49461236816784704, 0.49461236816784704, 0.49461236816784704, 0.49461236816784704, 0.49461236816784704, 0.49461236816784704, 0.49461236816784704, 0.49461236816784704, 0.49461236816784704, 0.49461236816784704]
Trust scores_s2 at iteration 43: [0.49461236816784704, 0.49461236816784704, 0.49461236816784704, 0.49461236816784704, 0.49461236816784704, 0.49461236816784704, 0.49461236816784704, 0.49461236816784704, 0.49461236816784704, 0.49461236816784704]
X.shape (10, 5)
s1 and s2 score at iteration 43
S_1 [1.0, 1.0, 1.0, 1.0, 1.0, 1.0, 1.0, 1.0, 1.0, 1.0]
S_2 [0.1, 0.1, 0.1, 0.1, 0.1, 0.1, 0.1, 0.1, 0.1, 0.1]
Trust scores at iteration 44: [0.0, 0.0, 0.0, 0.0, 0.0, 0.0, 0.0, 0.0, 0.0, 0.0]
Trust scores_s1 at iteration 44: [0.4951511313510623, 0.4951511313510623, 0.4951511313510623, 0.4951511313510623, 0.4951511313510623, 0.4951511313510623, 0.4951511313510623, 0.4951511313510623, 0.4951511313510623, 0.4951511313510623]
Trust scores_s2 at iteration 44: [0.4951511313510623, 0.4951511313510623, 0.4951511313510623, 0.4951511313510623, 0.4951511313510623, 0.4951511313510623, 0.4951511313510623, 0.4951511313510623, 0.4951511313510623, 0.4951511313510623]
X.shape (10, 5)
s1 and s2 score at iteration 44
S_1 [1.0, 1.0, 1.0, 1.0, 1.0, 1.0, 1.0, 1.0, 1.0, 1.0]
S_2 [0.1, 0.1, 0.1, 0.1, 0.1, 0.1, 0.1, 0.1, 0.1, 0.1]
Trust scores at iteration 45: [0.0, 0.0, 0.0, 0.0, 0.0, 0.0, 0.0, 0.0, 0.0, 0.0]
Trust scores_s1 at iteration 45: [0.4956360182159561, 0.4956360182159561, 0.4956360182159561, 0.4956360182159561, 0.4956360182159561, 0.4956360182159561, 0.4956360182159561, 0.4956360182159561, 0.4956360182159561, 0.4956360182159561]
Trust scores_s2 at iteration 45: [0.4956360182159561, 0.4956360182159561, 0.4956360182159561, 0.4956360182159561, 0.4956360182159561, 0.4956360182159561, 0.4956360182159561, 0.4956360182159561, 0.4956360182159561, 0.4956360182159561]
X.shape (10, 5)
s1 and s2 score at iteration 45
S_1 [1.0, 1.0, 1.0, 1.0, 1.0, 1.0, 1.0, 1.0, 1.0, 1.0]
S_2 [0.1, 0.1, 0.1, 0.1, 0.1, 0.1, 0.1, 0.1, 0.1, 0.1]
Trust scores at iteration 46: [0.0, 0.0, 0.0, 0.0, 0.0, 0.0, 0.0, 0.0, 0.0, 0.0]
Trust scores_s1 at iteration 46: [0.4960724163943605, 0.4960724163943605, 0.4960724163943605, 0.4960724163943605, 0.4960724163943605, 0.4960724163943605, 0.4960724163943605, 0.4960724163943605, 0.4960724163943605, 0.4960724163943605]
Trust scores_s2 at iteration 46: [0.4960724163943605, 0.4960724163943605, 0.4960724163943605, 0.4960724163943605, 0.4960724163943605, 0.4960724163943605, 0.4960724163943605, 0.4960724163943605, 0.4960724163943605, 0.4960724163943605]
X.shape (10, 5)
s1 and s2 score at iteration 46
S_1 [1.0, 1.0, 1.0, 1.0, 1.0, 1.0, 1.0, 1.0, 1.0, 1.0]
S_2 [0.1, 0.1, 0.1, 0.1, 0.1, 0.1, 0.1, 0.1, 0.1, 0.1]
Trust scores at iteration 47: [0.0, 0.0, 0.0, 0.0, 0.0, 0.0, 0.0, 0.0, 0.0, 0.0]
Trust scores_s1 at iteration 47: [0.49646517475492447, 0.49646517475492447, 0.49646517475492447, 0.49646517475492447, 0.49646517475492447, 0.49646517475492447, 0.49646517475492447, 0.49646517475492447, 0.49646517475492447, 0.49646517475492447]
Trust scores_s2 at iteration 47: [0.49646517475492447, 0.49646517475492447, 0.49646517475492447, 0.49646517475492447, 0.49646517475492447, 0.49646517475492447, 0.49646517475492447, 0.49646517475492447, 0.49646517475492447, 0.49646517475492447]
X.shape (10, 5)
s1 and s2 score at iteration 47
S_1 [1.0, 1.0, 1.0, 1.0, 1.0, 1.0, 1.0, 1.0, 1.0, 1.0]
S_2 [0.1, 0.1, 0.1, 0.1, 0.1, 0.1, 0.1, 0.1, 0.1, 0.1]
Trust scores at iteration 48: [0.0, 0.0, 0.0, 0.0, 0.0, 0.0, 0.0, 0.0, 0.0, 0.0]
Trust scores_s1 at iteration 48: [0.49681865727943203, 0.49681865727943203, 0.49681865727943203, 0.49681865727943203, 0.49681865727943203, 0.49681865727943203, 0.49681865727943203, 0.49681865727943203, 0.49681865727943203, 0.49681865727943203]
Trust scores_s2 at iteration 48: [0.49681865727943203, 0.49681865727943203, 0.49681865727943203, 0.49681865727943203, 0.49681865727943203, 0.49681865727943203, 0.49681865727943203, 0.49681865727943203, 0.49681865727943203, 0.49681865727943203]
X.shape (10, 5)
s1 and s2 score at iteration 48
S_1 [0.9999999999999998, 0.9999999999999998, 0.9999999999999998, 0.9999999999999998, 0.9999999999999998, 0.9999999999999998, 0.9999999999999998, 0.9999999999999998, 0.9999999999999998, 0.9999999999999998]
S_2 [0.1, 0.1, 0.1, 0.1, 0.1, 0.1, 0.1, 0.1, 0.1, 0.1]
Trust scores at iteration 49: [0.0, 0.0, 0.0, 0.0, 0.0, 0.0, 0.0, 0.0, 0.0, 0.0]
Trust scores_s1 at iteration 49: [0.4971367915514888, 0.4971367915514888, 0.4971367915514888, 0.4971367915514888, 0.4971367915514888, 0.4971367915514888, 0.4971367915514888, 0.4971367915514888, 0.4971367915514888, 0.4971367915514888]
Trust scores_s2 at iteration 49: [0.4971367915514888, 0.4971367915514888, 0.4971367915514888, 0.4971367915514888, 0.4971367915514888, 0.4971367915514888, 0.4971367915514888, 0.4971367915514888, 0.4971367915514888, 0.4971367915514888]
X.shape (10, 5)
s1 and s2 score at iteration 49
S_1 [0.9999999999999998, 0.9999999999999998, 0.9999999999999998, 0.9999999999999998, 0.9999999999999998, 0.9999999999999998, 0.9999999999999998, 0.9999999999999998, 0.9999999999999998, 0.9999999999999998]
S_2 [0.1, 0.1, 0.1, 0.1, 0.1, 0.1, 0.1, 0.1, 0.1, 0.1]
Trust scores at iteration 50: [0.0, 0.0, 0.0, 0.0, 0.0, 0.0, 0.0, 0.0, 0.0, 0.0]
Trust scores_s1 at iteration 50: [0.49742311239633996, 0.49742311239633996, 0.49742311239633996, 0.49742311239633996, 0.49742311239633996, 0.49742311239633996, 0.49742311239633996, 0.49742311239633996, 0.49742311239633996, 0.49742311239633996]
Trust scores_s2 at iteration 50: [0.49742311239633996, 0.49742311239633996, 0.49742311239633996, 0.49742311239633996, 0.49742311239633996, 0.49742311239633996, 0.49742311239633996, 0.49742311239633996, 0.49742311239633996, 0.49742311239633996]
X.shape (10, 5)
s1 and s2 score at iteration 50
S_1 [1.0, 1.0, 1.0, 1.0, 1.0, 1.0, 1.0, 1.0, 1.0, 1.0]
S_2 [0.1, 0.1, 0.1, 0.1, 0.1, 0.1, 0.1, 0.1, 0.1, 0.1]
Trust scores at iteration 51: [0.0, 0.0, 0.0, 0.0, 0.0, 0.0, 0.0, 0.0, 0.0, 0.0]
Trust scores_s1 at iteration 51: [0.497680801156706, 0.497680801156706, 0.497680801156706, 0.497680801156706, 0.497680801156706, 0.497680801156706, 0.497680801156706, 0.497680801156706, 0.497680801156706, 0.497680801156706]
Trust scores_s2 at iteration 51: [0.497680801156706, 0.497680801156706, 0.497680801156706, 0.497680801156706, 0.497680801156706, 0.497680801156706, 0.497680801156706, 0.497680801156706, 0.497680801156706, 0.497680801156706]
X.shape (10, 5)
s1 and s2 score at iteration 51
S_1 [1.0, 1.0, 1.0, 1.0, 1.0, 1.0, 1.0, 1.0, 1.0, 1.0]
S_2 [0.1, 0.1, 0.1, 0.1, 0.1, 0.1, 0.1, 0.1, 0.1, 0.1]
Trust scores at iteration 52: [0.0, 0.0, 0.0, 0.0, 0.0, 0.0, 0.0, 0.0, 0.0, 0.0]
Trust scores_s1 at iteration 52: [0.4979127210410354, 0.4979127210410354, 0.4979127210410354, 0.4979127210410354, 0.4979127210410354, 0.4979127210410354, 0.4979127210410354, 0.4979127210410354, 0.4979127210410354, 0.4979127210410354]
Trust scores_s2 at iteration 52: [0.4979127210410354, 0.4979127210410354, 0.4979127210410354, 0.4979127210410354, 0.4979127210410354, 0.4979127210410354, 0.4979127210410354, 0.4979127210410354, 0.4979127210410354, 0.4979127210410354]
X.shape (10, 5)
s1 and s2 score at iteration 52
S_1 [0.9999999999999998, 0.9999999999999998, 0.9999999999999998, 0.9999999999999998, 0.9999999999999998, 0.9999999999999998, 0.9999999999999998, 0.9999999999999998, 0.9999999999999998, 0.9999999999999998]
S_2 [0.1, 0.1, 0.1, 0.1, 0.1, 0.1, 0.1, 0.1, 0.1, 0.1]
Trust scores at iteration 53: [0.0, 0.0, 0.0, 0.0, 0.0, 0.0, 0.0, 0.0, 0.0, 0.0]
Trust scores_s1 at iteration 53: [0.49812144893693183, 0.49812144893693183, 0.49812144893693183, 0.49812144893693183, 0.49812144893693183, 0.49812144893693183, 0.49812144893693183, 0.49812144893693183, 0.49812144893693183, 0.49812144893693183]
Trust scores_s2 at iteration 53: [0.49812144893693183, 0.49812144893693183, 0.49812144893693183, 0.49812144893693183, 0.49812144893693183, 0.49812144893693183, 0.49812144893693183, 0.49812144893693183, 0.49812144893693183, 0.49812144893693183]
X.shape (10, 5)
s1 and s2 score at iteration 53
S_1 [1.0, 1.0, 1.0, 1.0, 1.0, 1.0, 1.0, 1.0, 1.0, 1.0]
S_2 [0.1, 0.1, 0.1, 0.1, 0.1, 0.1, 0.1, 0.1, 0.1, 0.1]
Trust scores at iteration 54: [0.0, 0.0, 0.0, 0.0, 0.0, 0.0, 0.0, 0.0, 0.0, 0.0]
Trust scores_s1 at iteration 54: [0.49830930404323864, 0.49830930404323864, 0.49830930404323864, 0.49830930404323864, 0.49830930404323864, 0.49830930404323864, 0.49830930404323864, 0.49830930404323864, 0.49830930404323864, 0.49830930404323864]
Trust scores_s2 at iteration 54: [0.49830930404323864, 0.49830930404323864, 0.49830930404323864, 0.49830930404323864, 0.49830930404323864, 0.49830930404323864, 0.49830930404323864, 0.49830930404323864, 0.49830930404323864, 0.49830930404323864]
X.shape (10, 5)
s1 and s2 score at iteration 54
S_1 [1.0, 1.0, 1.0, 1.0, 1.0, 1.0, 1.0, 1.0, 1.0, 1.0]
S_2 [0.1, 0.1, 0.1, 0.1, 0.1, 0.1, 0.1, 0.1, 0.1, 0.1]
Trust scores at iteration 55: [0.0, 0.0, 0.0, 0.0, 0.0, 0.0, 0.0, 0.0, 0.0, 0.0]
Trust scores_s1 at iteration 55: [0.4984783736389148, 0.4984783736389148, 0.4984783736389148, 0.4984783736389148, 0.4984783736389148, 0.4984783736389148, 0.4984783736389148, 0.4984783736389148, 0.4984783736389148, 0.4984783736389148]
Trust scores_s2 at iteration 55: [0.4984783736389148, 0.4984783736389148, 0.4984783736389148, 0.4984783736389148, 0.4984783736389148, 0.4984783736389148, 0.4984783736389148, 0.4984783736389148, 0.4984783736389148, 0.4984783736389148]
X.shape (10, 5)
s1 and s2 score at iteration 55
S_1 [0.9999999999999998, 0.9999999999999998, 0.9999999999999998, 0.9999999999999998, 0.9999999999999998, 0.9999999999999998, 0.9999999999999998, 0.9999999999999998, 0.9999999999999998, 0.9999999999999998]
S_2 [0.1, 0.1, 0.1, 0.1, 0.1, 0.1, 0.1, 0.1, 0.1, 0.1]
Trust scores at iteration 56: [0.0, 0.0, 0.0, 0.0, 0.0, 0.0, 0.0, 0.0, 0.0, 0.0]
Trust scores_s1 at iteration 56: [0.4986305362750233, 0.4986305362750233, 0.4986305362750233, 0.4986305362750233, 0.4986305362750233, 0.4986305362750233, 0.4986305362750233, 0.4986305362750233, 0.4986305362750233, 0.4986305362750233]
Trust scores_s2 at iteration 56: [0.4986305362750233, 0.4986305362750233, 0.4986305362750233, 0.4986305362750233, 0.4986305362750233, 0.4986305362750233, 0.4986305362750233, 0.4986305362750233, 0.4986305362750233, 0.4986305362750233]
X.shape (10, 5)
s1 and s2 score at iteration 56
S_1 [1.0, 1.0, 1.0, 1.0, 1.0, 1.0, 1.0, 1.0, 1.0, 1.0]
S_2 [0.1, 0.1, 0.1, 0.1, 0.1, 0.1, 0.1, 0.1, 0.1, 0.1]
Trust scores at iteration 57: [0.0, 0.0, 0.0, 0.0, 0.0, 0.0, 0.0, 0.0, 0.0, 0.0]
Trust scores_s1 at iteration 57: [0.49876748264752097, 0.49876748264752097, 0.49876748264752097, 0.49876748264752097, 0.49876748264752097, 0.49876748264752097, 0.49876748264752097, 0.49876748264752097, 0.49876748264752097, 0.49876748264752097]
Trust scores_s2 at iteration 57: [0.49876748264752097, 0.49876748264752097, 0.49876748264752097, 0.49876748264752097, 0.49876748264752097, 0.49876748264752097, 0.49876748264752097, 0.49876748264752097, 0.49876748264752097, 0.49876748264752097]
X.shape (10, 5)
s1 and s2 score at iteration 57
S_1 [0.9999999999999998, 0.9999999999999998, 0.9999999999999998, 0.9999999999999998, 0.9999999999999998, 0.9999999999999998, 0.9999999999999998, 0.9999999999999998, 0.9999999999999998, 0.9999999999999998]
S_2 [0.1, 0.1, 0.1, 0.1, 0.1, 0.1, 0.1, 0.1, 0.1, 0.1]
Trust scores at iteration 58: [0.0, 0.0, 0.0, 0.0, 0.0, 0.0, 0.0, 0.0, 0.0, 0.0]
Trust scores_s1 at iteration 58: [0.4988907343827689, 0.4988907343827689, 0.4988907343827689, 0.4988907343827689, 0.4988907343827689, 0.4988907343827689, 0.4988907343827689, 0.4988907343827689, 0.4988907343827689, 0.4988907343827689]
Trust scores_s2 at iteration 58: [0.4988907343827689, 0.4988907343827689, 0.4988907343827689, 0.4988907343827689, 0.4988907343827689, 0.4988907343827689, 0.4988907343827689, 0.4988907343827689, 0.4988907343827689, 0.4988907343827689]
X.shape (10, 5)
s1 and s2 score at iteration 58
S_1 [1.0, 1.0, 1.0, 1.0, 1.0, 1.0, 1.0, 1.0, 1.0, 1.0]
S_2 [0.1, 0.1, 0.1, 0.1, 0.1, 0.1, 0.1, 0.1, 0.1, 0.1]
Trust scores at iteration 59: [0.0, 0.0, 0.0, 0.0, 0.0, 0.0, 0.0, 0.0, 0.0, 0.0]
Trust scores_s1 at iteration 59: [0.499001660944492, 0.499001660944492, 0.499001660944492, 0.499001660944492, 0.499001660944492, 0.499001660944492, 0.499001660944492, 0.499001660944492, 0.499001660944492, 0.499001660944492]
Trust scores_s2 at iteration 59: [0.499001660944492, 0.499001660944492, 0.499001660944492, 0.499001660944492, 0.499001660944492, 0.499001660944492, 0.499001660944492, 0.499001660944492, 0.499001660944492, 0.499001660944492]
X.shape (10, 5)
s1 and s2 score at iteration 59
S_1 [1.0, 1.0, 1.0, 1.0, 1.0, 1.0, 1.0, 1.0, 1.0, 1.0]
S_2 [0.1, 0.1, 0.1, 0.1, 0.1, 0.1, 0.1, 0.1, 0.1, 0.1]
Trust scores at iteration 60: [0.0, 0.0, 0.0, 0.0, 0.0, 0.0, 0.0, 0.0, 0.0, 0.0]
Trust scores_s1 at iteration 60: [0.4991014948500428, 0.4991014948500428, 0.4991014948500428, 0.4991014948500428, 0.4991014948500428, 0.4991014948500428, 0.4991014948500428, 0.4991014948500428, 0.4991014948500428, 0.4991014948500428]
Trust scores_s2 at iteration 60: [0.4991014948500428, 0.4991014948500428, 0.4991014948500428, 0.4991014948500428, 0.4991014948500428, 0.4991014948500428, 0.4991014948500428, 0.4991014948500428, 0.4991014948500428, 0.4991014948500428]
X.shape (10, 5)
s1 and s2 score at iteration 60
S_1 [0.47619522755103993, 0.47619522755103993, 0.47619522755103993, 0.47619522755103993, 0.47619522755103993, 0.3718236781632115, 0.3718236781632115, 0.3718236781632115, 0.23641528938037007, 0.4850269850763927]
S_2 [0.2, 0.2, 0.2, 0.2, 0.2, 0.2, 0.2, 0.2, 0.2, 0.2]
Trust scores at iteration 61: [-0.0018208796205352869, -0.0018208796205352869, -0.0018208796205352869, -0.0018208796205352869, -0.0018208796205352869, -0.02333958942415368, -0.02333958942415368, -0.02333958942415368, -0.051257291520979145, 0.0]
Trust scores_s1 at iteration 61: [0.4982809055547709, 0.4982809055547709, 0.4982809055547709, 0.4982809055547709, 0.4982809055547709, 0.48752155065296165, 0.48752155065296165, 0.48752155065296165, 0.47356269960454894, 0.4991913453650385]
Trust scores_s2 at iteration 61: [0.4991913453650385, 0.4991913453650385, 0.4991913453650385, 0.4991913453650385, 0.4991913453650385, 0.4991913453650385, 0.4991913453650385, 0.4991913453650385, 0.4991913453650385, 0.4991913453650385]
X.shape (10, 5)
s1 and s2 score at iteration 61
S_1 [0.13160985611934095, 0.13160985611934095, 0.13160985611934095, 0.13160985611934095, 0.13160985611934095, -0.06546703552990343, -0.06546703552990343, -0.06546703552990343, -0.16321021828765725, 0.09191701975968308]
S_2 [0.2, 0.2, 0.2, 0.2, 0.2, 0.3333333333333333, 0.3333333333333333, 0.3333333333333333, 0.5, 0.5]
Trust scores at iteration 62: [0.05836120834151823, 0.05836120834151823, 0.05836120834151823, 0.05836120834151823, 0.05836120834151823, -0.1374155591352119, -0.1374155591352119, -0.1374155591352119, -0.27014219736240463, -0.030159470977359975]
Trust scores_s1 at iteration 62: [0.4984528149992938, 0.4984528149992938, 0.4984528149992938, 0.4984528149992938, 0.4984528149992938, 0.41389776459426203, 0.41389776459426203, 0.41389776459426203, 0.36420111214733236, 0.4841924753398547]
Trust scores_s2 at iteration 62: [0.4692722108285347, 0.4692722108285347, 0.4692722108285347, 0.4692722108285347, 0.4692722108285347, 0.482605544161868, 0.482605544161868, 0.482605544161868, 0.4992722108285347, 0.4992722108285347]
X.shape (10, 5)
s1 and s2 score at iteration 62
S_1 [0.29447251399574814, 0.29447251399574814, 0.29447251399574814, 0.29447251399574814, 0.29447251399574814, 0.15171381898991687, 0.15171381898991687, 0.15171381898991687, 0.0660110309898822, 0.36298981266986874]
S_2 [0.2, 0.2, 0.2, 0.2, 0.2, 0.25, 0.25, 0.25, 0.25, 0.5]
Trust scores at iteration 63: [0.09364926888034736, 0.09364926888034736, 0.09364926888034736, 0.09364926888034736, 0.09364926888034736, -0.13187838976520583, -0.13187838976520583, -0.13187838976520583, -0.27494261024509176, -0.027143523879623977]
Trust scores_s1 at iteration 63: [0.48916962418585486, 0.48916962418585486, 0.48916962418585486, 0.48916962418585486, 0.48916962418585486, 0.39340579486307825, 0.39340579486307825, 0.39340579486307825, 0.3368736846231354, 0.48577322780586923]
Trust scores_s2 at iteration 63: [0.44234498974568126, 0.44234498974568126, 0.44234498974568126, 0.44234498974568126, 0.44234498974568126, 0.45934498974568116, 0.45934498974568116, 0.45934498974568116, 0.4743449897456812, 0.4993449897456812]
X.shape (10, 5)
s1 and s2 score at iteration 63
S_1 [0.44949238308449707, 0.44949238308449707, 0.44949238308449707, 0.44949238308449707, 0.44949238308449707, 0.4454203638277816, 0.4454203638277816, 0.4454203638277816, 0.03367948851943073, 0.5325594799746103]
S_2 [0.2, 0.2, 0.2, 0.2, 0.2, 0.2, 0.2, 0.2, 0.2, 0.2]
Trust scores at iteration 64: [0.06868662943369412, 0.06868662943369412, 0.06868662943369412, 0.06868662943369412, 0.06868662943369412, -0.1350528763923874, -0.1350528763923874, -0.1350528763923874, -0.3411242690406492, -0.02442917149166158]
Trust scores_s1 at iteration 64: [0.48245380548796013, 0.48245380548796013, 0.48245380548796013, 0.48245380548796013, 0.48245380548796013, 0.3958840525749194, 0.3958840525749194, 0.3958840525749194, 0.30634835625078854, 0.4871959050252823]
Trust scores_s2 at iteration 64: [0.44811049077111315, 0.44811049077111315, 0.44811049077111315, 0.44811049077111315, 0.44811049077111315, 0.46341049077111307, 0.46341049077111307, 0.46341049077111307, 0.4769104907711131, 0.4994104907711131]
X.shape (10, 5)
s1 and s2 score at iteration 64
S_1 [0.2946290257076054, 0.2946290257076054, 0.2946290257076054, 0.2946290257076054, 0.2946290257076054, -0.213920639559163, -0.213920639559163, -0.213920639559163, -0.12438603479127638, 0.14568683979575248]
S_2 [0.2, 0.2, 0.2, 0.2, 0.2, 0.3333333333333333, 0.3333333333333333, 0.3333333333333333, 0.5, 0.5]
Trust scores at iteration 65: [0.1218179664903247, 0.1218179664903247, 0.1218179664903247, 0.1218179664903247, 0.1218179664903247, -0.2608210323812479, -0.2608210323812479, -0.2608210323812479, -0.4492296903246712, -0.07253870264732248]
Trust scores_s1 at iteration 65: [0.4842084249391641, 0.4842084249391641, 0.4842084249391641, 0.4842084249391641, 0.4842084249391641, 0.3199922588367112, 0.3199922588367112, 0.3199922588367112, 0.2546045965316662, 0.46320009037034054]
Trust scores_s2 at iteration 65: [0.42329944169400185, 0.42329944169400185, 0.42329944169400185, 0.42329944169400185, 0.42329944169400185, 0.4504027750273351, 0.4504027750273351, 0.4504027750273351, 0.47921944169400177, 0.4994694416940018]
X.shape (10, 5)
s1 and s2 score at iteration 65
S_1 [0.41243569004051744, 0.41243569004051744, 0.41243569004051744, 0.41243569004051744, 0.41243569004051744, 0.40039919686631137, 0.40039919686631137, 0.40039919686631137, -0.23718646981975422, 0.026708097147414622]
S_2 [0.2, 0.2, 0.2, 0.2, 0.2, 0.3333333333333333, 0.3333333333333333, 0.3333333333333333, 0.5, 0.5]
Trust scores at iteration 66: [0.1696361698412922, 0.1696361698412922, 0.1696361698412922, 0.1696361698412922, 0.1696361698412922, -0.20432398853497402, -0.20432398853497402, -0.20432398853497402, -0.5618154373289886, -0.15880913258444937]
Trust scores_s1 at iteration 66: [0.48578758244524767, 0.48578758244524767, 0.48578758244524767, 0.48578758244524767, 0.48578758244524767, 0.33653383659044794, 0.33653383659044794, 0.33653383659044794, 0.2003897788601073, 0.42011793123237695]
Trust scores_s2 at iteration 66: [0.4009694975246017, 0.4009694975246017, 0.4009694975246017, 0.4009694975246017, 0.4009694975246017, 0.43869583085793495, 0.43869583085793495, 0.43869583085793495, 0.4812974975246016, 0.49952249752460165]
X.shape (10, 5)
s1 and s2 score at iteration 66
S_1 [0.6398129206853453, 0.6398129206853453, 0.6398129206853453, 0.6398129206853453, 0.6398129206853453, 0.6042439686719164, 0.6042439686719164, 0.6042439686719164, -0.6605247651882614, -0.18260876380204719]
S_2 [0.125, 0.125, 0.125, 0.125, 0.125, 0.125, 0.125, 0.125, 0.5, 0.5]
Trust scores at iteration 67: [0.22767255285716298, 0.22767255285716298, 0.22767255285716298, 0.22767255285716298, 0.22767255285716298, -0.11445086347284189, -0.11445086347284189, -0.11445086347284189, -0.7088710655620342, -0.2714691815195223]
Trust scores_s1 at iteration 67: [0.4872088242007229, 0.4872088242007229, 0.4872088242007229, 0.4872088242007229, 0.4872088242007229, 0.3501008160357205, 0.3501008160357205, 0.3501008160357205, 0.12873221499112442, 0.36383565701238035]
Trust scores_s2 at iteration 67: [0.37337254777214157, 0.37337254777214157, 0.37337254777214157, 0.37337254777214157, 0.37337254777214157, 0.4073262477721415, 0.4073262477721415, 0.4073262477721415, 0.48316774777214144, 0.4995702477721415]
X.shape (10, 5)
s1 and s2 score at iteration 67
S_1 [0.4518850621379272, 0.4518850621379272, 0.4518850621379272, 0.4518850621379272, 0.4518850621379272, 0.4270270322722255, 0.4270270322722255, 0.4270270322722255, -0.7063650903322359, -0.48532331120610817]
S_2 [0.125, 0.125, 0.125, 0.125, 0.125, 0.125, 0.125, 0.125, 0.5, 0.5]
Trust scores at iteration 68: [0.27990529757144667, 0.27990529757144667, 0.27990529757144667, 0.27990529757144667, 0.27990529757144667, -0.03350674008018496, -0.03350674008018496, -0.03350674008018496, -0.8942991704426351, -0.45172198773774064]
Trust scores_s1 at iteration 68: [0.48848794178065064, 0.48848794178065064, 0.48848794178065064, 0.48848794178065064, 0.48848794178065064, 0.36234025295483485, 0.36234025295483485, 0.36234025295483485, 0.03770138777360979, 0.273752229126057]
Trust scores_s2 at iteration 68: [0.3485352929949274, 0.3485352929949274, 0.3485352929949274, 0.3485352929949274, 0.3485352929949274, 0.3790936229949274, 0.3790936229949274, 0.3790936229949274, 0.4848509729949273, 0.49961322299492733]
X.shape (10, 5)
s1 and s2 score at iteration 68
S_1 [0.6232512249019183, 0.6232512249019183, 0.6232512249019183, 0.6232512249019183, 0.6232512249019183, 0.5243024699672437, 0.5243024699672437, 0.5243024699672437, -0.2185760466876789, 0.31281840350807616]
S_2 [0.125, 0.125, 0.125, 0.125, 0.125, 0.125, 0.125, 0.125, 0.5, 0.5]
Trust scores at iteration 69: [0.32691476781430195, 0.32691476781430195, 0.32691476781430195, 0.32691476781430195, 0.32691476781430195, 0.028967710828513304, 0.028967710828513304, 0.028967710828513304, -0.9399395489637075, -0.4563584069001279]
Trust scores_s1 at iteration 69: [0.4896391476025856, 0.4896391476025856, 0.4896391476025856, 0.4896391476025856, 0.4896391476025856, 0.36816811610969125, 0.36816811610969125, 0.36816811610969125, 0.016396101213580882, 0.27147269724537065]
Trust scores_s2 at iteration 69: [0.32618176369543467, 0.32618176369543467, 0.32618176369543467, 0.32618176369543467, 0.32618176369543467, 0.3536842606954347, 0.3536842606954347, 0.3536842606954347, 0.48636587569543455, 0.4996519006954346]
X.shape (10, 5)
s1 and s2 score at iteration 69
S_1 [0.12785249490258052, 0.12785249490258052, 0.12785249490258052, 0.12785249490258052, 0.12785249490258052, 0.028233994830120537, 0.028233994830120537, 0.028233994830120537, -0.3490648867648561, -0.09348400920572361]
S_2 [0.2, 0.2, 0.2, 0.2, 0.2, 0.3333333333333333, 0.3333333333333333, 0.3333333333333333, 0.5, 0.5]
Trust scores at iteration 70: [0.35422329103287176, 0.35422329103287176, 0.35422329103287176, 0.35422329103287176, 0.35422329103287176, -0.018512470077535235, -0.018512470077535235, -0.018512470077535235, -1.2189671624229892, -0.5838412091251051]
Trust scores_s1 at iteration 70: [0.490675232842327, 0.490675232842327, 0.490675232842327, 0.490675232842327, 0.490675232842327, 0.34239293292045686, 0.34239293292045686, 0.34239293292045686, -0.12175429308560345, 0.20776610606333862]
Trust scores_s2 at iteration 70: [0.31356358732589124, 0.31356358732589124, 0.31356358732589124, 0.31356358732589124, 0.31356358732589124, 0.3516491679592246, 0.3516491679592246, 0.3516491679592246, 0.4877292881258911, 0.4996867106258911]
X.shape (10, 5)
s1 and s2 score at iteration 70
S_1 [0.09695731981650883, 0.09695731981650883, 0.09695731981650883, 0.09695731981650883, 0.09695731981650883, -0.03656483034541626, -0.03656483034541626, -0.03656483034541626, -0.21891730380941032, 0.078844846387454]
S_2 [0.2, 0.2, 0.2, 0.2, 0.2, 0.25, 0.25, 0.25, 0.25, 0.5]
Trust scores at iteration 71: [0.37880096192958457, 0.37880096192958457, 0.37880096192958457, 0.37880096192958457, 0.37880096192958457, -0.10437351793788963, -0.10437351793788963, -0.10437351793788963, -1.372857735086479, -0.5441379608515378]
Trust scores_s1 at iteration 71: [0.4916077095580943, 0.4916077095580943, 0.4916077095580943, 0.4916077095580943, 0.4916077095580943, 0.28929749219435724, 0.28929749219435724, 0.28929749219435724, -0.22247250822993744, 0.22764905913753317]
Trust scores_s2 at iteration 71: [0.3022072285933021, 0.3022072285933021, 0.3022072285933021, 0.3022072285933021, 0.3022072285933021, 0.34148425116330217, 0.34148425116330217, 0.34148425116330217, 0.46395635931330204, 0.49971803956330196]
X.shape (10, 5)
s1 and s2 score at iteration 71
S_1 [0.38784976053027975, 0.38784976053027975, 0.38784976053027975, 0.38784976053027975, 0.38784976053027975, 0.2551944505483492, 0.2551944505483492, 0.2551944505483492, -0.493695141076223, -0.34029203947450504]
S_2 [0.2, 0.2, 0.2, 0.2, 0.2, 0.3333333333333333, 0.3333333333333333, 0.3333333333333333, 0.5, 0.5]
Trust scores at iteration 72: [0.4009208657366261, 0.4009208657366261, 0.4009208657366261, 0.4009208657366261, 0.4009208657366261, -0.0948055895175293, -0.0948055895175293, -0.0948055895175293, -1.4628622660506838, -0.6774622721740687]
Trust scores_s1 at iteration 72: [0.4924469386022849, 0.4924469386022849, 0.4924469386022849, 0.4924469386022849, 0.4924469386022849, 0.29326636462154054, 0.29326636462154054, 0.29326636462154054, -0.26387040964337, 0.16101509951993748]
Trust scores_s2 at iteration 72: [0.29198650573397195, 0.29198650573397195, 0.29198650573397195, 0.29198650573397195, 0.29198650573397195, 0.3406691593803053, 0.3406691593803053, 0.3406691593803053, 0.46756072338197185, 0.4997462356069718]
X.shape (10, 5)
s1 and s2 score at iteration 72
S_1 [0.07641669517289412, 0.07641669517289412, 0.07641669517289412, 0.07641669517289412, 0.07641669517289412, 0.04797401508449146, 0.04797401508449146, 0.04797401508449146, 0.077674337421732, -0.2408194706728309]
S_2 [0.2, 0.2, 0.2, 0.2, 0.2, 0.2, 0.2, 0.2, 0.2, 0.2]
Trust scores at iteration 73: [0.359209657210227, 0.359209657210227, 0.359209657210227, 0.359209657210227, 0.359209657210227, -0.12356201246107464, -0.12356201246107464, -0.12356201246107464, -1.3165760394456154, -1.0197534120799938]
Trust scores_s1 at iteration 73: [0.4923926837656881, 0.4923926837656881, 0.4923926837656881, 0.4923926837656881, 0.4923926837656881, 0.29482123721173736, 0.29482123721173736, 0.29482123721173736, -0.187483368679033, -0.010105093993722225]
Trust scores_s2 at iteration 73: [0.3127878551605747, 0.3127878551605747, 0.3127878551605747, 0.3127878551605747, 0.3127878551605747, 0.35660224344227476, 0.35660224344227476, 0.35660224344227476, 0.47080465104377467, 0.4997716120462746]
X.shape (10, 5)
s1 and s2 score at iteration 73
S_1 [0.1212458320107516, 0.1212458320107516, 0.1212458320107516, 0.1212458320107516, 0.1212458320107516, -0.09641245464069269, -0.09641245464069269, -0.09641245464069269, -0.3844046587724683, -0.3221044747890334]
S_2 [0.2, 0.2, 0.2, 0.2, 0.2, 0.3333333333333333, 0.3333333333333333, 0.3333333333333333, 0.5, 0.5]
Trust scores at iteration 74: [0.3832886914892043, 0.3832886914892043, 0.3832886914892043, 0.3832886914892043, 0.3832886914892043, -0.25739063783961336, -0.25739063783961336, -0.25739063783961336, -1.6019641041211354, -1.2834403781424584]
Trust scores_s1 at iteration 74: [0.49315341538911933, 0.49315341538911933, 0.49315341538911933, 0.49315341538911933, 0.49315341538911933, 0.22558003351157388, 0.22558003351157388, 0.22558003351157388, -0.32725786612117047, -0.14192573822958193]
Trust scores_s2 at iteration 74: [0.3015090696445173, 0.3015090696445173, 0.3015090696445173, 0.3015090696445173, 0.3015090696445173, 0.35427535243138064, 0.35427535243138064, 0.35427535243138064, 0.4737241859393972, 0.49979445084164714]
X.shape (10, 5)
s1 and s2 score at iteration 74
S_1 [0.5622933672573391, 0.5622933672573391, 0.5622933672573391, 0.5622933672573391, 0.5622933672573391, 0.3399344027827125, 0.3399344027827125, 0.3399344027827125, -0.5039697544017012, -0.007810833976261786]
S_2 [0.2, 0.2, 0.2, 0.2, 0.2, 0.3333333333333333, 0.3333333333333333, 0.3333333333333333, 0.5, 0.5]
Trust scores at iteration 75: [0.4049598223402839, 0.4049598223402839, 0.4049598223402839, 0.4049598223402839, 0.4049598223402839, -0.23786325004000142, -0.23786325004000142, -0.23786325004000142, -1.6313952411332218, -1.256485443318056]
Trust scores_s1 at iteration 75: [0.4938380738502074, 0.4938380738502074, 0.4938380738502074, 0.4938380738502074, 0.4938380738502074, 0.23324952550157513, 0.23324952550157513, 0.23324952550157513, -0.3393458532211533, -0.12842771590154536]
Trust scores_s2 at iteration 75: [0.2913581626800656, 0.2913581626800656, 0.2913581626800656, 0.2913581626800656, 0.2913581626800656, 0.3521811505215759, 0.3521811505215759, 0.3521811505215759, 0.4763517673454575, 0.49981500575748244]
X.shape (10, 5)
s1 and s2 score at iteration 75
S_1 [0.5588170694856742, 0.5588170694856742, 0.5588170694856742, 0.5588170694856742, 0.5588170694856742, 0.5721639848754678, 0.5721639848754678, 0.5721639848754678, -0.3883878229511588, -0.29790221317376697]
S_2 [0.125, 0.125, 0.125, 0.125, 0.125, 0.125, 0.125, 0.125, 0.5, 0.5]
Trust scores at iteration 76: [0.43713113204657245, 0.43713113204657245, 0.43713113204657245, 0.43713113204657245, 0.43713113204657245, -0.1390769250360013, -0.1390769250360013, -0.1390769250360013, -1.6361362256184426, -1.2829027788823093]
Trust scores_s1 at iteration 76: [0.49328791243534514, 0.49328791243534514, 0.49328791243534514, 0.49328791243534514, 0.49328791243534514, 0.2599245729514176, 0.2599245729514176, 0.2599245729514176, -0.33935152219830955, -0.14161788425942037]
Trust scores_s2 at iteration 76: [0.27472234641205906, 0.27472234641205906, 0.27472234641205906, 0.27472234641205906, 0.27472234641205906, 0.3294630354694183, 0.3294630354694183, 0.3294630354694183, 0.4787165906109117, 0.4998335051817342]
X.shape (10, 5)
s1 and s2 score at iteration 76
S_1 [0.2552325571888743, 0.2552325571888743, 0.2552325571888743, 0.2552325571888743, 0.2552325571888743, -0.17806866565467944, -0.17806866565467944, -0.17806866565467944, 0.07700479659994358, -0.072303527951685]
S_2 [0.2, 0.2, 0.2, 0.2, 0.2, 0.3333333333333333, 0.3333333333333333, 0.3333333333333333, 0.5, 0.5]
Trust scores at iteration 77: [0.4534180188419152, 0.4534180188419152, 0.4534180188419152, 0.4534180188419152, 0.4534180188419152, -0.2616031215377552, -0.2616031215377552, -0.2616031215377552, -1.542352158718277, -1.2829409904109594]
Trust scores_s1 at iteration 77: [0.4939591211918106, 0.4939591211918106, 0.4939591211918106, 0.4939591211918106, 0.4939591211918106, 0.19904850448693212, 0.19904850448693212, 0.19904850448693212, -0.2903311478093179, -0.14162034054191883]
Trust scores_s2 at iteration 77: [0.26725011177085317, 0.26725011177085317, 0.26725011177085317, 0.26725011177085317, 0.26725011177085317, 0.3298500652558098, 0.3298500652558098, 0.3298500652558098, 0.48084493154982055, 0.49985015466356075]
X.shape (10, 5)
s1 and s2 score at iteration 77
S_1 [0.7580215641545835, 0.7580215641545835, 0.7580215641545835, 0.7580215641545835, 0.7580215641545835, 0.8084046999950601, 0.8084046999950601, 0.8084046999950601, 0.082286949417748, 0.5412353507013177]
S_2 [0.125, 0.125, 0.125, 0.125, 0.125, 0.125, 0.125, 0.125, 0.5, 0.25]
Trust scores at iteration 78: [0.47684380195063814, 0.47684380195063814, 0.47684380195063814, 0.47684380195063814, 0.47684380195063814, -0.16044280938397973, -0.16044280938397973, -0.16044280938397973, -1.4779380127365365, -1.1376958517847864]
Trust scores_s1 at iteration 78: [0.4914470015690868, 0.4914470015690868, 0.4914470015690868, 0.4914470015690868, 0.4914470015690868, 0.22914365403823891, 0.22914365403823891, 0.22914365403823891, -0.25620856797342967, -0.09398278669518832]
Trust scores_s2 at iteration 78: [0.25302510059376787, 0.25302510059376787, 0.25302510059376787, 0.25302510059376787, 0.25302510059376787, 0.30936505873022885, 0.30936505873022885, 0.30936505873022885, 0.4827604383948385, 0.47486513919720463]
X.shape (10, 5)
s1 and s2 score at iteration 78
S_1 [0.6248361224874043, 0.6248361224874043, 0.6248361224874043, 0.6248361224874043, 0.6248361224874043, 0.6491351195547923, 0.6491351195547923, 0.6491351195547923, -0.06440670940620047, 0.2706454874182303]
S_2 [0.125, 0.125, 0.125, 0.125, 0.125, 0.125, 0.125, 0.125, 0.5, 0.5]
Trust scores at iteration 79: [0.5004161337504431, 0.5004161337504431, 0.5004161337504431, 0.5004161337504431, 0.5004161337504431, -0.06939852844558178, -0.06939852844558178, -0.06939852844558178, -1.4400661379564568, -1.0822330228939891]
Trust scores_s1 at iteration 79: [0.49043065740961256, 0.49043065740961256, 0.49043065740961256, 0.49043065740961256, 0.49043065740961256, 0.256229288634415, 0.256229288634415, 0.256229288634415, -0.23554867442287372, -0.0637378861695102]
Trust scores_s2 at iteration 79: [0.2402225905343911, 0.2402225905343911, 0.2402225905343911, 0.2402225905343911, 0.2402225905343911, 0.290928552857206, 0.290928552857206, 0.290928552857206, 0.48448439455535464, 0.47737862527748415]
X.shape (10, 5)
s1 and s2 score at iteration 79
S_1 [0.27677336978688166, 0.27677336978688166, 0.27677336978688166, 0.27677336978688166, 0.27677336978688166, 0.2423356338938015, 0.2423356338938015, 0.2423356338938015, -0.16249401140534486, -0.3133370781018657]
S_2 [0.2, 0.2, 0.2, 0.2, 0.2, 0.25, 0.25, 0.25, 0.25, 0.5]
Trust scores at iteration 80: [0.5103745203753988, 0.5103745203753988, 0.5103745203753988, 0.5103745203753988, 0.5103745203753988, -0.024901251243180794, -0.024901251243180794, -0.024901251243180794, -1.4047696564002194, -1.1872204237669424]
Trust scores_s1 at iteration 80: [0.4913875916686513, 0.4913875916686513, 0.4913875916686513, 0.4913875916686513, 0.4913875916686513, 0.2743850719498949, 0.2743850719498949, 0.2743850719498949, -0.24134887310029052, -0.11396944913373522]
Trust scores_s2 at iteration 80: [0.23620033148095199, 0.23620033148095199, 0.23620033148095199, 0.23620033148095199, 0.23620033148095199, 0.2868356975714854, 0.2868356975714854, 0.2868356975714854, 0.4610359550998192, 0.4796407627497357]
X.shape (10, 5)
s1 and s2 score at iteration 80
S_1 [0.19186341134444493, 0.19186341134444493, 0.19186341134444493, 0.19186341134444493, 0.19186341134444493, -0.3447141113011662, -0.3447141113011662, -0.3447141113011662, 0.21924588970859998, 0.008058980430218207]
S_2 [0.2, 0.2, 0.2, 0.2, 0.2, 0.3333333333333333, 0.3333333333333333, 0.3333333333333333, 0.5, 0.5]
Trust scores at iteration 81: [0.5068476764498061, 0.5068476764498061, 0.5068476764498061, 0.5068476764498061, 0.5068476764498061, -0.24630496441430022, -0.24630496441430022, -0.24630496441430022, -1.2642926907601975, -1.164822608749343]
Trust scores_s1 at iteration 81: [0.4860041365577598, 0.4860041365577598, 0.4860041365577598, 0.4860041365577598, 0.4860041365577598, 0.16833297894052002, 0.16833297894052002, 0.16833297894052002, -0.16721398579026148, -0.10073461789990903]
Trust scores_s2 at iteration 81: [0.2325802983328568, 0.2325802983328568, 0.2325802983328568, 0.2325802983328568, 0.2325802983328568, 0.2914854611476702, 0.2914854611476702, 0.2914854611476702, 0.4649323595898373, 0.48167668647476214]
X.shape (10, 5)
s1 and s2 score at iteration 81
S_1 [1.0, 1.0, 1.0, 1.0, 1.0, 1.0, 1.0, 1.0, 1.0, 1.0]
S_2 [0.1, 0.1, 0.1, 0.1, 0.1, 0.1, 0.1, 0.1, 0.1, 0.1]
Trust scores at iteration 82: [0.4561629088048255, 0.4561629088048255, 0.4561629088048255, 0.4561629088048255, 0.4561629088048255, -0.22167446797287021, -0.22167446797287021, -0.22167446797287021, -1.1378634216841776, -1.0483403478744087]
Trust scores_s1 at iteration 82: [0.4874037229019838, 0.4874037229019838, 0.4874037229019838, 0.4874037229019838, 0.4874037229019838, 0.201499681046468, 0.201499681046468, 0.201499681046468, -0.10049258721123536, -0.04066115610991815]
Trust scores_s2 at iteration 82: [0.2593222684995711, 0.2593222684995711, 0.2593222684995711, 0.2593222684995711, 0.2593222684995711, 0.3123369150329032, 0.3123369150329032, 0.3123369150329032, 0.46843912363085355, 0.48350901782728595]
X.shape (10, 5)
s1 and s2 score at iteration 82
S_1 [1.0, 1.0, 1.0, 1.0, 1.0, 1.0, 1.0, 1.0, 1.0, 1.0]
S_2 [0.1, 0.1, 0.1, 0.1, 0.1, 0.1, 0.1, 0.1, 0.1, 0.1]
Trust scores at iteration 83: [0.410546617924343, 0.410546617924343, 0.410546617924343, 0.410546617924343, 0.410546617924343, -0.1995070211755832, -0.1995070211755832, -0.1995070211755832, -1.0240770795157599, -0.9435063130869679]
Trust scores_s1 at iteration 83: [0.4886633506117854, 0.4886633506117854, 0.4886633506117854, 0.4886633506117854, 0.4886633506117854, 0.2313497129418212, 0.2313497129418212, 0.2313497129418212, -0.04044332849011184, 0.013404959501073656]
Trust scores_s2 at iteration 83: [0.28339004164961396, 0.28339004164961396, 0.28339004164961396, 0.28339004164961396, 0.28339004164961396, 0.33110322352961286, 0.33110322352961286, 0.33110322352961286, 0.4715952112677682, 0.48515811604455733]
X.shape (10, 5)
s1 and s2 score at iteration 83
S_1 [1.0, 1.0, 1.0, 1.0, 1.0, 1.0, 1.0, 1.0, 1.0, 1.0]
S_2 [0.1, 0.1, 0.1, 0.1, 0.1, 0.1, 0.1, 0.1, 0.1, 0.1]
Trust scores at iteration 84: [0.3694919561319087, 0.3694919561319087, 0.3694919561319087, 0.3694919561319087, 0.3694919561319087, -0.17955631905802488, -0.17955631905802488, -0.17955631905802488, -0.9216693715641839, -0.849155681778271]
Trust scores_s1 at iteration 84: [0.48979701555060684, 0.48979701555060684, 0.48979701555060684, 0.48979701555060684, 0.48979701555060684, 0.258214741647639, 0.258214741647639, 0.258214741647639, 0.013601004358899334, 0.06206446355096628]
Trust scores_s2 at iteration 84: [0.30505103748465257, 0.30505103748465257, 0.30505103748465257, 0.30505103748465257, 0.30505103748465257, 0.34799290117665155, 0.34799290117665155, 0.34799290117665155, 0.4744356901409914, 0.4866423044401016]
X.shape (10, 5)
s1 and s2 score at iteration 84
S_1 [0.9999999999999998, 0.9999999999999998, 0.9999999999999998, 0.9999999999999998, 0.9999999999999998, 0.9999999999999998, 0.9999999999999998, 0.9999999999999998, 0.9999999999999998, 0.9999999999999998]
S_2 [0.1, 0.1, 0.1, 0.1, 0.1, 0.1, 0.1, 0.1, 0.1, 0.1]
Trust scores at iteration 85: [0.33254276051871784, 0.33254276051871784, 0.33254276051871784, 0.33254276051871784, 0.33254276051871784, -0.1616006871522224, -0.1616006871522224, -0.1616006871522224, -0.8295024344077656, -0.764240113600444]
Trust scores_s1 at iteration 85: [0.4908173139955462, 0.4908173139955462, 0.4908173139955462, 0.4908173139955462, 0.4908173139955462, 0.2823932674828751, 0.2823932674828751, 0.2823932674828751, 0.06224090392300939, 0.10585801719586964]
Trust scores_s2 at iteration 85: [0.3245459337361873, 0.3245459337361873, 0.3245459337361873, 0.3245459337361873, 0.3245459337361873, 0.3631936110589864, 0.3631936110589864, 0.3631936110589864, 0.47699212112689227, 0.48797807399609144]
X.shape (10, 5)
s1 and s2 score at iteration 85
S_1 [1.0, 1.0, 1.0, 1.0, 1.0, 1.0, 1.0, 1.0, 1.0, 1.0]
S_2 [0.1, 0.1, 0.1, 0.1, 0.1, 0.1, 0.1, 0.1, 0.1, 0.1]
Trust scores at iteration 86: [0.2992884844668461, 0.2992884844668461, 0.2992884844668461, 0.2992884844668461, 0.2992884844668461, -0.14544061843700015, -0.14544061843700015, -0.14544061843700015, -0.7465521909669891, -0.6878161022403996]
Trust scores_s1 at iteration 86: [0.49173558259599154, 0.49173558259599154, 0.49173558259599154, 0.49173558259599154, 0.49173558259599154, 0.30415394073458757, 0.30415394073458757, 0.30415394073458757, 0.10601681353070844, 0.14527221547628266]
Trust scores_s2 at iteration 86: [0.34209134036256855, 0.34209134036256855, 0.34209134036256855, 0.34209134036256855, 0.34209134036256855, 0.37687424995308777, 0.37687424995308777, 0.37687424995308777, 0.479292909014203, 0.4891802665964823]
X.shape (10, 5)
s1 and s2 score at iteration 86
S_1 [0.9999999999999998, 0.9999999999999998, 0.9999999999999998, 0.9999999999999998, 0.9999999999999998, 0.9999999999999998, 0.9999999999999998, 0.9999999999999998, 0.9999999999999998, 0.9999999999999998]
S_2 [0.1, 0.1, 0.1, 0.1, 0.1, 0.1, 0.1, 0.1, 0.1, 0.1]
Trust scores at iteration 87: [0.2693596360201615, 0.2693596360201615, 0.2693596360201615, 0.2693596360201615, 0.2693596360201615, -0.13089655659330013, -0.13089655659330013, -0.13089655659330013, -0.6718969718702902, -0.6190344920163596]
Trust scores_s1 at iteration 87: [0.4925620243363924, 0.4925620243363924, 0.4925620243363924, 0.4925620243363924, 0.4925620243363924, 0.32373854666112883, 0.32373854666112883, 0.32373854666112883, 0.14541513217763757, 0.1807449939286544]
Trust scores_s2 at iteration 87: [0.3578822063263117, 0.3578822063263117, 0.3578822063263117, 0.3578822063263117, 0.3578822063263117, 0.389186824957779, 0.389186824957779, 0.389186824957779, 0.4813636181127827, 0.49026223993683404]
X.shape (10, 5)
s1 and s2 score at iteration 87
S_1 [0.9999999999999998, 0.9999999999999998, 0.9999999999999998, 0.9999999999999998, 0.9999999999999998, 0.9999999999999998, 0.9999999999999998, 0.9999999999999998, 0.9999999999999998, 0.9999999999999998]
S_2 [0.1, 0.1, 0.1, 0.1, 0.1, 0.1, 0.1, 0.1, 0.1, 0.1]
Trust scores at iteration 88: [0.24242367241814536, 0.24242367241814536, 0.24242367241814536, 0.24242367241814536, 0.24242367241814536, -0.11780690093397012, -0.11780690093397012, -0.11780690093397012, -0.6047072746832611, -0.5571310428147237]
Trust scores_s1 at iteration 88: [0.4933058219027532, 0.4933058219027532, 0.4933058219027532, 0.4933058219027532, 0.4933058219027532, 0.34136469199501596, 0.34136469199501596, 0.34136469199501596, 0.1808736189598738, 0.21267049453578896]
Trust scores_s2 at iteration 88: [0.3720939856936805, 0.3720939856936805, 0.3720939856936805, 0.3720939856936805, 0.3720939856936805, 0.4002681424620011, 0.4002681424620011, 0.4002681424620011, 0.4832272563015044, 0.49123601594315064]
X.shape (10, 5)
s1 and s2 score at iteration 88
S_1 [1.0, 1.0, 1.0, 1.0, 1.0, 1.0, 1.0, 1.0, 1.0, 1.0]
S_2 [0.1, 0.1, 0.1, 0.1, 0.1, 0.1, 0.1, 0.1, 0.1, 0.1]
Trust scores at iteration 89: [0.21818130517633083, 0.21818130517633083, 0.21818130517633083, 0.21818130517633083, 0.21818130517633083, -0.1060262108405731, -0.1060262108405731, -0.1060262108405731, -0.5442365472149351, -0.5014179385332513]
Trust scores_s1 at iteration 89: [0.49397523971247786, 0.49397523971247786, 0.49397523971247786, 0.49397523971247786, 0.49397523971247786, 0.35722822279551436, 0.35722822279551436, 0.35722822279551436, 0.21278625706388643, 0.24140344508221007]
Trust scores_s2 at iteration 89: [0.38488458712431245, 0.38488458712431245, 0.38488458712431245, 0.38488458712431245, 0.38488458712431245, 0.410241328215801, 0.410241328215801, 0.410241328215801, 0.484904530671354, 0.49211241434883557]
X.shape (10, 5)
s1 and s2 score at iteration 89
S_1 [0.9999999999999998, 0.9999999999999998, 0.9999999999999998, 0.9999999999999998, 0.9999999999999998, 0.9999999999999998, 0.9999999999999998, 0.9999999999999998, 0.9999999999999998, 0.9999999999999998]
S_2 [0.1, 0.1, 0.1, 0.1, 0.1, 0.1, 0.1, 0.1, 0.1, 0.1]
Trust scores at iteration 90: [0.19636317465869776, 0.19636317465869776, 0.19636317465869776, 0.19636317465869776, 0.19636317465869776, -0.0954235897565158, -0.0954235897565158, -0.0954235897565158, -0.48981289249344157, -0.4512761446799262]
Trust scores_s1 at iteration 90: [0.49457771574123005, 0.49457771574123005, 0.49457771574123005, 0.49457771574123005, 0.49457771574123005, 0.3715054005159629, 0.3715054005159629, 0.3715054005159629, 0.24150763135749778, 0.26726310057398905]
Trust scores_s2 at iteration 90: [0.3963961284118812, 0.3963961284118812, 0.3963961284118812, 0.3963961284118812, 0.3963961284118812, 0.4192171953942209, 0.4192171953942209, 0.4192171953942209, 0.48641407760421856, 0.492901172913952]
X.shape (10, 5)
s1 and s2 score at iteration 90
S_1 [1.0, 1.0, 1.0, 1.0, 1.0, 1.0, 1.0, 1.0, 1.0, 1.0]
S_2 [0.1, 0.1, 0.1, 0.1, 0.1, 0.1, 0.1, 0.1, 0.1, 0.1]
Trust scores at iteration 91: [0.176726857192828, 0.176726857192828, 0.176726857192828, 0.176726857192828, 0.176726857192828, -0.08588123078086422, -0.08588123078086422, -0.08588123078086422, -0.4408316032440974, -0.4061485302119336]
Trust scores_s1 at iteration 91: [0.49511994416710703, 0.49511994416710703, 0.49511994416710703, 0.49511994416710703, 0.49511994416710703, 0.3843548604643666, 0.3843548604643666, 0.3843548604643666, 0.267356868221748, 0.29053679051659015]
Trust scores_s2 at iteration 91: [0.4067565155706931, 0.4067565155706931, 0.4067565155706931, 0.4067565155706931, 0.4067565155706931, 0.4272954758547988, 0.4272954758547988, 0.4272954758547988, 0.4877726698437967, 0.4936110556225568]
X.shape (10, 5)
s1 and s2 score at iteration 91
S_1 [1.0, 1.0, 1.0, 1.0, 1.0, 1.0, 1.0, 1.0, 1.0, 1.0]
S_2 [0.1, 0.1, 0.1, 0.1, 0.1, 0.1, 0.1, 0.1, 0.1, 0.1]
Trust scores at iteration 92: [0.1590541714735452, 0.1590541714735452, 0.1590541714735452, 0.1590541714735452, 0.1590541714735452, -0.07729310770277781, -0.07729310770277781, -0.07729310770277781, -0.3967484429196877, -0.36553367719074026]
Trust scores_s1 at iteration 92: [0.49560794975039635, 0.49560794975039635, 0.49560794975039635, 0.49560794975039635, 0.49560794975039635, 0.39591937441792996, 0.39591937441792996, 0.39591937441792996, 0.29062118139957316, 0.31148311146493113]
Trust scores_s2 at iteration 92: [0.41608086401362376, 0.41608086401362376, 0.41608086401362376, 0.41608086401362376, 0.41608086401362376, 0.43456592826931895, 0.43456592826931895, 0.43456592826931895, 0.488995402859417, 0.49424995006030115]
X.shape (10, 5)
s1 and s2 score at iteration 92
S_1 [1.0, 1.0, 1.0, 1.0, 1.0, 1.0, 1.0, 1.0, 1.0, 1.0]
S_2 [0.1, 0.1, 0.1, 0.1, 0.1, 0.1, 0.1, 0.1, 0.1, 0.1]
Trust scores at iteration 93: [0.14314875432619067, 0.14314875432619067, 0.14314875432619067, 0.14314875432619067, 0.14314875432619067, -0.06956379693250003, -0.06956379693250003, -0.06956379693250003, -0.3570735986277189, -0.32898030947166623]
Trust scores_s1 at iteration 93: [0.4960471547753567, 0.4960471547753567, 0.4960471547753567, 0.4960471547753567, 0.4960471547753567, 0.40632743697613694, 0.40632743697613694, 0.40632743697613694, 0.31155906325961585, 0.33033480031843804]
Trust scores_s2 at iteration 93: [0.4244727776122614, 0.4244727776122614, 0.4244727776122614, 0.4244727776122614, 0.4244727776122614, 0.44110933544238706, 0.44110933544238706, 0.44110933544238706, 0.4900958625734753, 0.49482495505427104]
X.shape (10, 5)
s1 and s2 score at iteration 93
S_1 [1.0, 1.0, 1.0, 1.0, 1.0, 1.0, 1.0, 1.0, 1.0, 1.0]
S_2 [0.1, 0.1, 0.1, 0.1, 0.1, 0.1, 0.1, 0.1, 0.1, 0.1]
Trust scores at iteration 94: [0.12883387889357162, 0.12883387889357162, 0.12883387889357162, 0.12883387889357162, 0.12883387889357162, -0.06260741723925003, -0.06260741723925003, -0.06260741723925003, -0.321366238764947, -0.29608227852449964]
Trust scores_s1 at iteration 94: [0.49644243929782106, 0.49644243929782106, 0.49644243929782106, 0.49644243929782106, 0.49644243929782106, 0.41569469327852326, 0.41569469327852326, 0.41569469327852326, 0.33040315693365424, 0.3473013202865942]
Trust scores_s2 at iteration 94: [0.4320254998510352, 0.4320254998510352, 0.4320254998510352, 0.4320254998510352, 0.4320254998510352, 0.4469984018981484, 0.4469984018981484, 0.4469984018981484, 0.4910862763161278, 0.4953424595488439]
X.shape (10, 5)
s1 and s2 score at iteration 94
S_1 [1.0, 1.0, 1.0, 1.0, 1.0, 1.0, 1.0, 1.0, 1.0, 1.0]
S_2 [0.1, 0.1, 0.1, 0.1, 0.1, 0.1, 0.1, 0.1, 0.1, 0.1]
Trust scores at iteration 95: [0.11595049100421446, 0.11595049100421446, 0.11595049100421446, 0.11595049100421446, 0.11595049100421446, -0.05634667551532503, -0.05634667551532503, -0.05634667551532503, -0.28922961488845234, -0.2664740506720497]
Trust scores_s1 at iteration 95: [0.49679819536803893, 0.49679819536803893, 0.49679819536803893, 0.49679819536803893, 0.49679819536803893, 0.4241252239506709, 0.4241252239506709, 0.4241252239506709, 0.3473628412402888, 0.3625711882579348]
Trust scores_s2 at iteration 95: [0.4388229498659317, 0.4388229498659317, 0.4388229498659317, 0.4388229498659317, 0.4388229498659317, 0.45229856170833355, 0.45229856170833355, 0.45229856170833355, 0.491977648684515, 0.49580821359395955]
X.shape (10, 5)
s1 and s2 score at iteration 95
S_1 [1.0, 1.0, 1.0, 1.0, 1.0, 1.0, 1.0, 1.0, 1.0, 1.0]
S_2 [0.1, 0.1, 0.1, 0.1, 0.1, 0.1, 0.1, 0.1, 0.1, 0.1]
Trust scores at iteration 96: [0.10435544190379302, 0.10435544190379302, 0.10435544190379302, 0.10435544190379302, 0.10435544190379302, -0.05071200796379253, -0.05071200796379253, -0.05071200796379253, -0.2603066533996071, -0.23982664560484473]
Trust scores_s1 at iteration 96: [0.497118375831235, 0.497118375831235, 0.497118375831235, 0.497118375831235, 0.497118375831235, 0.4317127015556038, 0.4317127015556038, 0.4317127015556038, 0.36262655711625996, 0.3763140694321413]
Trust scores_s2 at iteration 96: [0.4449406548793385, 0.4449406548793385, 0.4449406548793385, 0.4449406548793385, 0.4449406548793385, 0.4570687055375002, 0.4570687055375002, 0.4570687055375002, 0.49277988381606347, 0.4962273922345636]
X.shape (10, 5)
s1 and s2 score at iteration 96
S_1 [1.0, 1.0, 1.0, 1.0, 1.0, 1.0, 1.0, 1.0, 1.0, 1.0]
S_2 [0.1, 0.1, 0.1, 0.1, 0.1, 0.1, 0.1, 0.1, 0.1, 0.1]
Trust scores at iteration 97: [0.09391989771341372, 0.09391989771341372, 0.09391989771341372, 0.09391989771341372, 0.09391989771341372, -0.045640807167413276, -0.045640807167413276, -0.045640807167413276, -0.23427598805964642, -0.21584398104436026]
Trust scores_s1 at iteration 97: [0.49740653824811154, 0.49740653824811154, 0.49740653824811154, 0.49740653824811154, 0.49740653824811154, 0.4385414314000434, 0.4385414314000434, 0.4385414314000434, 0.37636390140463394, 0.3886826624889272]
Trust scores_s2 at iteration 97: [0.45044658939140464, 0.45044658939140464, 0.45044658939140464, 0.45044658939140464, 0.45044658939140464, 0.46136183498375016, 0.46136183498375016, 0.46136183498375016, 0.4935018954344571, 0.49660465301110723]
X.shape (10, 5)
s1 and s2 score at iteration 97
S_1 [1.0, 1.0, 1.0, 1.0, 1.0, 1.0, 1.0, 1.0, 1.0, 1.0]
S_2 [0.1, 0.1, 0.1, 0.1, 0.1, 0.1, 0.1, 0.1, 0.1, 0.1]
Trust scores at iteration 98: [0.08452790794207235, 0.08452790794207235, 0.08452790794207235, 0.08452790794207235, 0.08452790794207235, -0.04107672645067195, -0.04107672645067195, -0.04107672645067195, -0.21084838925368177, -0.19425958293992424]
Trust scores_s1 at iteration 98: [0.4976658844233004, 0.4976658844233004, 0.4976658844233004, 0.4976658844233004, 0.4976658844233004, 0.44468728826003906, 0.44468728826003906, 0.44468728826003906, 0.38872751126417054, 0.39981439624003445]
Trust scores_s2 at iteration 98: [0.4554019304522642, 0.4554019304522642, 0.4554019304522642, 0.4554019304522642, 0.4554019304522642, 0.46522565148537515, 0.46522565148537515, 0.46522565148537515, 0.4941517058910114, 0.4969441877099965]
X.shape (10, 5)
s1 and s2 score at iteration 98
S_1 [1.0, 1.0, 1.0, 1.0, 1.0, 1.0, 1.0, 1.0, 1.0, 1.0]
S_2 [0.1, 0.1, 0.1, 0.1, 0.1, 0.1, 0.1, 0.1, 0.1, 0.1]
Trust scores at iteration 99: [0.07607511714786512, 0.07607511714786512, 0.07607511714786512, 0.07607511714786512, 0.07607511714786512, -0.03696905380560476, -0.03696905380560476, -0.03696905380560476, -0.1897635503283136, -0.17483362464593183]
Trust scores_s1 at iteration 99: [0.4978992959809704, 0.4978992959809704, 0.4978992959809704, 0.4978992959809704, 0.4978992959809704, 0.45021855943403516, 0.45021855943403516, 0.45021855943403516, 0.3998547601377535, 0.40983295661603103]
Trust scores_s2 at iteration 99: [0.4598617374070378, 0.4598617374070378, 0.4598617374070378, 0.4598617374070378, 0.4598617374070378, 0.4687030863368376, 0.4687030863368376, 0.4687030863368376, 0.49473653530191025, 0.49724976893899686]
X.shape (10, 5)
s1 and s2 score at iteration 99
S_1 [1.0, 1.0, 1.0, 1.0, 1.0, 1.0, 1.0, 1.0, 1.0, 1.0]
S_2 [0.1, 0.1, 0.1, 0.1, 0.1, 0.1, 0.1, 0.1, 0.1, 0.1]
Trust scores at iteration 100: [0.06846760543307862, 0.06846760543307862, 0.06846760543307862, 0.06846760543307862, 0.06846760543307862, -0.033272148425044286, -0.033272148425044286, -0.033272148425044286, -0.17078719529548225, -0.15735026218133866]
Trust scores_s1 at iteration 100: [0.49810936638287334, 0.49810936638287334, 0.49810936638287334, 0.49810936638287334, 0.49810936638287334, 0.4551967034906316, 0.4551967034906316, 0.4551967034906316, 0.40986928412397816, 0.41884966095442794]
Trust scores_s2 at iteration 100: [0.463875563666334, 0.463875563666334, 0.463875563666334, 0.463875563666334, 0.463875563666334, 0.47183277770315385, 0.47183277770315385, 0.47183277770315385, 0.49526288177171923, 0.4975247920450972]
