chunks.shape 518399
chunks[0].shape 5
Loaded Tower 5 data for Tower 2 without noise: 518399 chunks
chunks.shape 518399
chunks[0].shape 5
Loaded Tower 5 data for Tower 3 without noise: 518399 chunks
chunks.shape 518399
chunks[0].shape 5
Loaded Tower 5 data for Tower 4 without noise: 518399 chunks
chunks.shape 518399
chunks[0].shape 5
Loaded Tower 5 data for Tower 5 without noise: 518399 chunks
chunks.shape 518399
chunks[0].shape 5
Loaded Tower 5 data for Tower 6 without noise: 518399 chunks
chunks.shape 518399
chunks[0].shape 5
Loaded Tower 5 data for Tower 7 with same noise (chunks 60-80): 518399 chunks
chunks.shape 518399
chunks[0].shape 5
Loaded Tower 5 data for Tower 8 with same noise (chunks 60-80): 518399 chunks
chunks.shape 518399
chunks[0].shape 5
Loaded Tower 5 data for Tower 9 with same noise (chunks 60-80): 518399 chunks
chunks.shape 518399
chunks[0].shape 5
Loaded Tower 5 data for Tower 10 with random noise (chunks 60-80): 518399 chunks
chunks.shape 518399
chunks[0].shape 5
Loaded Tower 5 data for Tower 11 with random noise (chunks 60-80): 518399 chunks
X.shape (10, 5)
s1 and s2 score at iteration 0
S_1 [1.0, 1.0, 1.0, 1.0, 1.0, 1.0, 1.0, 1.0, 1.0, 1.0]
S_2 [0.1, 0.1, 0.1, 0.1, 0.1, 0.1, 0.1, 0.1, 0.1, 0.1]
Trust scores at iteration 1: [0.0, 0.0, 0.0, 0.0, 0.0, 0.0, 0.0, 0.0, 0.0, 0.0]
Trust scores_s1 at iteration 1: [0.15000000000000002, 0.15000000000000002, 0.15000000000000002, 0.15000000000000002, 0.15000000000000002, 0.15000000000000002, 0.15000000000000002, 0.15000000000000002, 0.15000000000000002, 0.15000000000000002]
Trust scores_s2 at iteration 1: [0.15000000000000002, 0.15000000000000002, 0.15000000000000002, 0.15000000000000002, 0.15000000000000002, 0.15000000000000002, 0.15000000000000002, 0.15000000000000002, 0.15000000000000002, 0.15000000000000002]
X.shape (10, 5)
s1 and s2 score at iteration 1
S_1 [1.0, 1.0, 1.0, 1.0, 1.0, 1.0, 1.0, 1.0, 1.0, 1.0]
S_2 [0.1, 0.1, 0.1, 0.1, 0.1, 0.1, 0.1, 0.1, 0.1, 0.1]
Trust scores at iteration 2: [0.0, 0.0, 0.0, 0.0, 0.0, 0.0, 0.0, 0.0, 0.0, 0.0]
Trust scores_s1 at iteration 2: [0.255, 0.255, 0.255, 0.255, 0.255, 0.255, 0.255, 0.255, 0.255, 0.255]
Trust scores_s2 at iteration 2: [0.255, 0.255, 0.255, 0.255, 0.255, 0.255, 0.255, 0.255, 0.255, 0.255]
X.shape (10, 5)
s1 and s2 score at iteration 2
S_1 [1.0, 1.0, 1.0, 1.0, 1.0, 1.0, 1.0, 1.0, 1.0, 1.0]
S_2 [0.1, 0.1, 0.1, 0.1, 0.1, 0.1, 0.1, 0.1, 0.1, 0.1]
Trust scores at iteration 3: [0.0, 0.0, 0.0, 0.0, 0.0, 0.0, 0.0, 0.0, 0.0, 0.0]
Trust scores_s1 at iteration 3: [0.3285, 0.3285, 0.3285, 0.3285, 0.3285, 0.3285, 0.3285, 0.3285, 0.3285, 0.3285]
Trust scores_s2 at iteration 3: [0.3285, 0.3285, 0.3285, 0.3285, 0.3285, 0.3285, 0.3285, 0.3285, 0.3285, 0.3285]
X.shape (10, 5)
s1 and s2 score at iteration 3
S_1 [1.0, 1.0, 1.0, 1.0, 1.0, 1.0, 1.0, 1.0, 1.0, 1.0]
S_2 [0.1, 0.1, 0.1, 0.1, 0.1, 0.1, 0.1, 0.1, 0.1, 0.1]
Trust scores at iteration 4: [0.0, 0.0, 0.0, 0.0, 0.0, 0.0, 0.0, 0.0, 0.0, 0.0]
Trust scores_s1 at iteration 4: [0.37995, 0.37995, 0.37995, 0.37995, 0.37995, 0.37995, 0.37995, 0.37995, 0.37995, 0.37995]
Trust scores_s2 at iteration 4: [0.37995, 0.37995, 0.37995, 0.37995, 0.37995, 0.37995, 0.37995, 0.37995, 0.37995, 0.37995]
X.shape (10, 5)
s1 and s2 score at iteration 4
S_1 [0.9999999999999998, 0.9999999999999998, 0.9999999999999998, 0.9999999999999998, 0.9999999999999998, 0.9999999999999998, 0.9999999999999998, 0.9999999999999998, 0.9999999999999998, 0.9999999999999998]
S_2 [0.1, 0.1, 0.1, 0.1, 0.1, 0.1, 0.1, 0.1, 0.1, 0.1]
Trust scores at iteration 5: [0.0, 0.0, 0.0, 0.0, 0.0, 0.0, 0.0, 0.0, 0.0, 0.0]
Trust scores_s1 at iteration 5: [0.41596500000000003, 0.41596500000000003, 0.41596500000000003, 0.41596500000000003, 0.41596500000000003, 0.41596500000000003, 0.41596500000000003, 0.41596500000000003, 0.41596500000000003, 0.41596500000000003]
Trust scores_s2 at iteration 5: [0.41596500000000003, 0.41596500000000003, 0.41596500000000003, 0.41596500000000003, 0.41596500000000003, 0.41596500000000003, 0.41596500000000003, 0.41596500000000003, 0.41596500000000003, 0.41596500000000003]
X.shape (10, 5)
s1 and s2 score at iteration 5
S_1 [1.0, 1.0, 1.0, 1.0, 1.0, 1.0, 1.0, 1.0, 1.0, 1.0]
S_2 [0.1, 0.1, 0.1, 0.1, 0.1, 0.1, 0.1, 0.1, 0.1, 0.1]
Trust scores at iteration 6: [0.0, 0.0, 0.0, 0.0, 0.0, 0.0, 0.0, 0.0, 0.0, 0.0]
Trust scores_s1 at iteration 6: [0.4411755, 0.4411755, 0.4411755, 0.4411755, 0.4411755, 0.4411755, 0.4411755, 0.4411755, 0.4411755, 0.4411755]
Trust scores_s2 at iteration 6: [0.4411755, 0.4411755, 0.4411755, 0.4411755, 0.4411755, 0.4411755, 0.4411755, 0.4411755, 0.4411755, 0.4411755]
X.shape (10, 5)
s1 and s2 score at iteration 6
S_1 [1.0, 1.0, 1.0, 1.0, 1.0, 1.0, 1.0, 1.0, 1.0, 1.0]
S_2 [0.1, 0.1, 0.1, 0.1, 0.1, 0.1, 0.1, 0.1, 0.1, 0.1]
Trust scores at iteration 7: [0.0, 0.0, 0.0, 0.0, 0.0, 0.0, 0.0, 0.0, 0.0, 0.0]
Trust scores_s1 at iteration 7: [0.45882285, 0.45882285, 0.45882285, 0.45882285, 0.45882285, 0.45882285, 0.45882285, 0.45882285, 0.45882285, 0.45882285]
Trust scores_s2 at iteration 7: [0.45882285, 0.45882285, 0.45882285, 0.45882285, 0.45882285, 0.45882285, 0.45882285, 0.45882285, 0.45882285, 0.45882285]
X.shape (10, 5)
s1 and s2 score at iteration 7
S_1 [0.9999999999999998, 0.9999999999999998, 0.9999999999999998, 0.9999999999999998, 0.9999999999999998, 0.9999999999999998, 0.9999999999999998, 0.9999999999999998, 0.9999999999999998, 0.9999999999999998]
S_2 [0.1, 0.1, 0.1, 0.1, 0.1, 0.1, 0.1, 0.1, 0.1, 0.1]
Trust scores at iteration 8: [0.0, 0.0, 0.0, 0.0, 0.0, 0.0, 0.0, 0.0, 0.0, 0.0]
Trust scores_s1 at iteration 8: [0.471175995, 0.471175995, 0.471175995, 0.471175995, 0.471175995, 0.471175995, 0.471175995, 0.471175995, 0.471175995, 0.471175995]
Trust scores_s2 at iteration 8: [0.471175995, 0.471175995, 0.471175995, 0.471175995, 0.471175995, 0.471175995, 0.471175995, 0.471175995, 0.471175995, 0.471175995]
X.shape (10, 5)
s1 and s2 score at iteration 8
S_1 [1.0, 1.0, 1.0, 1.0, 1.0, 1.0, 1.0, 1.0, 1.0, 1.0]
S_2 [0.1, 0.1, 0.1, 0.1, 0.1, 0.1, 0.1, 0.1, 0.1, 0.1]
Trust scores at iteration 9: [0.0, 0.0, 0.0, 0.0, 0.0, 0.0, 0.0, 0.0, 0.0, 0.0]
Trust scores_s1 at iteration 9: [0.4798231965, 0.4798231965, 0.4798231965, 0.4798231965, 0.4798231965, 0.4798231965, 0.4798231965, 0.4798231965, 0.4798231965, 0.4798231965]
Trust scores_s2 at iteration 9: [0.4798231965, 0.4798231965, 0.4798231965, 0.4798231965, 0.4798231965, 0.4798231965, 0.4798231965, 0.4798231965, 0.4798231965, 0.4798231965]
X.shape (10, 5)
s1 and s2 score at iteration 9
S_1 [1.0, 1.0, 1.0, 1.0, 1.0, 1.0, 1.0, 1.0, 1.0, 1.0]
S_2 [0.1, 0.1, 0.1, 0.1, 0.1, 0.1, 0.1, 0.1, 0.1, 0.1]
Trust scores at iteration 10: [0.0, 0.0, 0.0, 0.0, 0.0, 0.0, 0.0, 0.0, 0.0, 0.0]
Trust scores_s1 at iteration 10: [0.48587623755, 0.48587623755, 0.48587623755, 0.48587623755, 0.48587623755, 0.48587623755, 0.48587623755, 0.48587623755, 0.48587623755, 0.48587623755]
Trust scores_s2 at iteration 10: [0.48587623755, 0.48587623755, 0.48587623755, 0.48587623755, 0.48587623755, 0.48587623755, 0.48587623755, 0.48587623755, 0.48587623755, 0.48587623755]
X.shape (10, 5)
s1 and s2 score at iteration 10
S_1 [1.0, 1.0, 1.0, 1.0, 1.0, 1.0, 1.0, 1.0, 1.0, 1.0]
S_2 [0.1, 0.1, 0.1, 0.1, 0.1, 0.1, 0.1, 0.1, 0.1, 0.1]
Trust scores at iteration 11: [0.0, 0.0, 0.0, 0.0, 0.0, 0.0, 0.0, 0.0, 0.0, 0.0]
Trust scores_s1 at iteration 11: [0.49011336628499996, 0.49011336628499996, 0.49011336628499996, 0.49011336628499996, 0.49011336628499996, 0.49011336628499996, 0.49011336628499996, 0.49011336628499996, 0.49011336628499996, 0.49011336628499996]
Trust scores_s2 at iteration 11: [0.49011336628499996, 0.49011336628499996, 0.49011336628499996, 0.49011336628499996, 0.49011336628499996, 0.49011336628499996, 0.49011336628499996, 0.49011336628499996, 0.49011336628499996, 0.49011336628499996]
X.shape (10, 5)
s1 and s2 score at iteration 11
S_1 [1.0, 1.0, 1.0, 1.0, 1.0, 1.0, 1.0, 1.0, 1.0, 1.0]
S_2 [0.1, 0.1, 0.1, 0.1, 0.1, 0.1, 0.1, 0.1, 0.1, 0.1]
Trust scores at iteration 12: [0.0, 0.0, 0.0, 0.0, 0.0, 0.0, 0.0, 0.0, 0.0, 0.0]
Trust scores_s1 at iteration 12: [0.49307935639949996, 0.49307935639949996, 0.49307935639949996, 0.49307935639949996, 0.49307935639949996, 0.49307935639949996, 0.49307935639949996, 0.49307935639949996, 0.49307935639949996, 0.49307935639949996]
Trust scores_s2 at iteration 12: [0.49307935639949996, 0.49307935639949996, 0.49307935639949996, 0.49307935639949996, 0.49307935639949996, 0.49307935639949996, 0.49307935639949996, 0.49307935639949996, 0.49307935639949996, 0.49307935639949996]
X.shape (10, 5)
s1 and s2 score at iteration 12
S_1 [1.0, 1.0, 1.0, 1.0, 1.0, 1.0, 1.0, 1.0, 1.0, 1.0]
S_2 [0.1, 0.1, 0.1, 0.1, 0.1, 0.1, 0.1, 0.1, 0.1, 0.1]
Trust scores at iteration 13: [0.0, 0.0, 0.0, 0.0, 0.0, 0.0, 0.0, 0.0, 0.0, 0.0]
Trust scores_s1 at iteration 13: [0.49515554947964996, 0.49515554947964996, 0.49515554947964996, 0.49515554947964996, 0.49515554947964996, 0.49515554947964996, 0.49515554947964996, 0.49515554947964996, 0.49515554947964996, 0.49515554947964996]
Trust scores_s2 at iteration 13: [0.49515554947964996, 0.49515554947964996, 0.49515554947964996, 0.49515554947964996, 0.49515554947964996, 0.49515554947964996, 0.49515554947964996, 0.49515554947964996, 0.49515554947964996, 0.49515554947964996]
X.shape (10, 5)
s1 and s2 score at iteration 13
S_1 [1.0, 1.0, 1.0, 1.0, 1.0, 1.0, 1.0, 1.0, 1.0, 1.0]
S_2 [0.1, 0.1, 0.1, 0.1, 0.1, 0.1, 0.1, 0.1, 0.1, 0.1]
Trust scores at iteration 14: [0.0, 0.0, 0.0, 0.0, 0.0, 0.0, 0.0, 0.0, 0.0, 0.0]
Trust scores_s1 at iteration 14: [0.496608884635755, 0.496608884635755, 0.496608884635755, 0.496608884635755, 0.496608884635755, 0.496608884635755, 0.496608884635755, 0.496608884635755, 0.496608884635755, 0.496608884635755]
Trust scores_s2 at iteration 14: [0.496608884635755, 0.496608884635755, 0.496608884635755, 0.496608884635755, 0.496608884635755, 0.496608884635755, 0.496608884635755, 0.496608884635755, 0.496608884635755, 0.496608884635755]
X.shape (10, 5)
s1 and s2 score at iteration 14
S_1 [1.0, 1.0, 1.0, 1.0, 1.0, 1.0, 1.0, 1.0, 1.0, 1.0]
S_2 [0.1, 0.1, 0.1, 0.1, 0.1, 0.1, 0.1, 0.1, 0.1, 0.1]
Trust scores at iteration 15: [0.0, 0.0, 0.0, 0.0, 0.0, 0.0, 0.0, 0.0, 0.0, 0.0]
Trust scores_s1 at iteration 15: [0.4976262192450285, 0.4976262192450285, 0.4976262192450285, 0.4976262192450285, 0.4976262192450285, 0.4976262192450285, 0.4976262192450285, 0.4976262192450285, 0.4976262192450285, 0.4976262192450285]
Trust scores_s2 at iteration 15: [0.4976262192450285, 0.4976262192450285, 0.4976262192450285, 0.4976262192450285, 0.4976262192450285, 0.4976262192450285, 0.4976262192450285, 0.4976262192450285, 0.4976262192450285, 0.4976262192450285]
X.shape (10, 5)
s1 and s2 score at iteration 15
S_1 [0.9999999999999998, 0.9999999999999998, 0.9999999999999998, 0.9999999999999998, 0.9999999999999998, 0.9999999999999998, 0.9999999999999998, 0.9999999999999998, 0.9999999999999998, 0.9999999999999998]
S_2 [0.1, 0.1, 0.1, 0.1, 0.1, 0.1, 0.1, 0.1, 0.1, 0.1]
Trust scores at iteration 16: [0.0, 0.0, 0.0, 0.0, 0.0, 0.0, 0.0, 0.0, 0.0, 0.0]
Trust scores_s1 at iteration 16: [0.49833835347151995, 0.49833835347151995, 0.49833835347151995, 0.49833835347151995, 0.49833835347151995, 0.49833835347151995, 0.49833835347151995, 0.49833835347151995, 0.49833835347151995, 0.49833835347151995]
Trust scores_s2 at iteration 16: [0.49833835347151995, 0.49833835347151995, 0.49833835347151995, 0.49833835347151995, 0.49833835347151995, 0.49833835347151995, 0.49833835347151995, 0.49833835347151995, 0.49833835347151995, 0.49833835347151995]
X.shape (10, 5)
s1 and s2 score at iteration 16
S_1 [1.0, 1.0, 1.0, 1.0, 1.0, 1.0, 1.0, 1.0, 1.0, 1.0]
S_2 [0.1, 0.1, 0.1, 0.1, 0.1, 0.1, 0.1, 0.1, 0.1, 0.1]
Trust scores at iteration 17: [0.0, 0.0, 0.0, 0.0, 0.0, 0.0, 0.0, 0.0, 0.0, 0.0]
Trust scores_s1 at iteration 17: [0.49883684743006396, 0.49883684743006396, 0.49883684743006396, 0.49883684743006396, 0.49883684743006396, 0.49883684743006396, 0.49883684743006396, 0.49883684743006396, 0.49883684743006396, 0.49883684743006396]
Trust scores_s2 at iteration 17: [0.49883684743006396, 0.49883684743006396, 0.49883684743006396, 0.49883684743006396, 0.49883684743006396, 0.49883684743006396, 0.49883684743006396, 0.49883684743006396, 0.49883684743006396, 0.49883684743006396]
X.shape (10, 5)
s1 and s2 score at iteration 17
S_1 [1.0, 1.0, 1.0, 1.0, 1.0, 1.0, 1.0, 1.0, 1.0, 1.0]
S_2 [0.1, 0.1, 0.1, 0.1, 0.1, 0.1, 0.1, 0.1, 0.1, 0.1]
Trust scores at iteration 18: [0.0, 0.0, 0.0, 0.0, 0.0, 0.0, 0.0, 0.0, 0.0, 0.0]
Trust scores_s1 at iteration 18: [0.4991857932010448, 0.4991857932010448, 0.4991857932010448, 0.4991857932010448, 0.4991857932010448, 0.4991857932010448, 0.4991857932010448, 0.4991857932010448, 0.4991857932010448, 0.4991857932010448]
Trust scores_s2 at iteration 18: [0.4991857932010448, 0.4991857932010448, 0.4991857932010448, 0.4991857932010448, 0.4991857932010448, 0.4991857932010448, 0.4991857932010448, 0.4991857932010448, 0.4991857932010448, 0.4991857932010448]
X.shape (10, 5)
s1 and s2 score at iteration 18
S_1 [1.0, 1.0, 1.0, 1.0, 1.0, 1.0, 1.0, 1.0, 1.0, 1.0]
S_2 [0.1, 0.1, 0.1, 0.1, 0.1, 0.1, 0.1, 0.1, 0.1, 0.1]
Trust scores at iteration 19: [0.0, 0.0, 0.0, 0.0, 0.0, 0.0, 0.0, 0.0, 0.0, 0.0]
Trust scores_s1 at iteration 19: [0.49943005524073136, 0.49943005524073136, 0.49943005524073136, 0.49943005524073136, 0.49943005524073136, 0.49943005524073136, 0.49943005524073136, 0.49943005524073136, 0.49943005524073136, 0.49943005524073136]
Trust scores_s2 at iteration 19: [0.49943005524073136, 0.49943005524073136, 0.49943005524073136, 0.49943005524073136, 0.49943005524073136, 0.49943005524073136, 0.49943005524073136, 0.49943005524073136, 0.49943005524073136, 0.49943005524073136]
X.shape (10, 5)
s1 and s2 score at iteration 19
S_1 [1.0, 1.0, 1.0, 1.0, 1.0, 1.0, 1.0, 1.0, 1.0, 1.0]
S_2 [0.1, 0.1, 0.1, 0.1, 0.1, 0.1, 0.1, 0.1, 0.1, 0.1]
Trust scores at iteration 20: [0.0, 0.0, 0.0, 0.0, 0.0, 0.0, 0.0, 0.0, 0.0, 0.0]
Trust scores_s1 at iteration 20: [0.49960103866851197, 0.49960103866851197, 0.49960103866851197, 0.49960103866851197, 0.49960103866851197, 0.49960103866851197, 0.49960103866851197, 0.49960103866851197, 0.49960103866851197, 0.49960103866851197]
Trust scores_s2 at iteration 20: [0.49960103866851197, 0.49960103866851197, 0.49960103866851197, 0.49960103866851197, 0.49960103866851197, 0.49960103866851197, 0.49960103866851197, 0.49960103866851197, 0.49960103866851197, 0.49960103866851197]
X.shape (10, 5)
s1 and s2 score at iteration 20
S_1 [1.0, 1.0, 1.0, 1.0, 1.0, 1.0, 1.0, 1.0, 1.0, 1.0]
S_2 [0.1, 0.1, 0.1, 0.1, 0.1, 0.1, 0.1, 0.1, 0.1, 0.1]
Trust scores at iteration 21: [0.0, 0.0, 0.0, 0.0, 0.0, 0.0, 0.0, 0.0, 0.0, 0.0]
Trust scores_s1 at iteration 21: [0.4997207270679584, 0.4997207270679584, 0.4997207270679584, 0.4997207270679584, 0.4997207270679584, 0.4997207270679584, 0.4997207270679584, 0.4997207270679584, 0.4997207270679584, 0.4997207270679584]
Trust scores_s2 at iteration 21: [0.4997207270679584, 0.4997207270679584, 0.4997207270679584, 0.4997207270679584, 0.4997207270679584, 0.4997207270679584, 0.4997207270679584, 0.4997207270679584, 0.4997207270679584, 0.4997207270679584]
X.shape (10, 5)
s1 and s2 score at iteration 21
S_1 [1.0, 1.0, 1.0, 1.0, 1.0, 1.0, 1.0, 1.0, 1.0, 1.0]
S_2 [0.1, 0.1, 0.1, 0.1, 0.1, 0.1, 0.1, 0.1, 0.1, 0.1]
Trust scores at iteration 22: [0.0, 0.0, 0.0, 0.0, 0.0, 0.0, 0.0, 0.0, 0.0, 0.0]
Trust scores_s1 at iteration 22: [0.4998045089475709, 0.4998045089475709, 0.4998045089475709, 0.4998045089475709, 0.4998045089475709, 0.4998045089475709, 0.4998045089475709, 0.4998045089475709, 0.4998045089475709, 0.4998045089475709]
Trust scores_s2 at iteration 22: [0.4998045089475709, 0.4998045089475709, 0.4998045089475709, 0.4998045089475709, 0.4998045089475709, 0.4998045089475709, 0.4998045089475709, 0.4998045089475709, 0.4998045089475709, 0.4998045089475709]
X.shape (10, 5)
s1 and s2 score at iteration 22
S_1 [1.0, 1.0, 1.0, 1.0, 1.0, 1.0, 1.0, 1.0, 1.0, 1.0]
S_2 [0.1, 0.1, 0.1, 0.1, 0.1, 0.1, 0.1, 0.1, 0.1, 0.1]
Trust scores at iteration 23: [0.0, 0.0, 0.0, 0.0, 0.0, 0.0, 0.0, 0.0, 0.0, 0.0]
Trust scores_s1 at iteration 23: [0.49986315626329964, 0.49986315626329964, 0.49986315626329964, 0.49986315626329964, 0.49986315626329964, 0.49986315626329964, 0.49986315626329964, 0.49986315626329964, 0.49986315626329964, 0.49986315626329964]
Trust scores_s2 at iteration 23: [0.49986315626329964, 0.49986315626329964, 0.49986315626329964, 0.49986315626329964, 0.49986315626329964, 0.49986315626329964, 0.49986315626329964, 0.49986315626329964, 0.49986315626329964, 0.49986315626329964]
X.shape (10, 5)
s1 and s2 score at iteration 23
S_1 [0.9999999999999998, 0.9999999999999998, 0.9999999999999998, 0.9999999999999998, 0.9999999999999998, 0.9999999999999998, 0.9999999999999998, 0.9999999999999998, 0.9999999999999998, 0.9999999999999998]
S_2 [0.1, 0.1, 0.1, 0.1, 0.1, 0.1, 0.1, 0.1, 0.1, 0.1]
Trust scores at iteration 24: [0.0, 0.0, 0.0, 0.0, 0.0, 0.0, 0.0, 0.0, 0.0, 0.0]
Trust scores_s1 at iteration 24: [0.49990420938430974, 0.49990420938430974, 0.49990420938430974, 0.49990420938430974, 0.49990420938430974, 0.49990420938430974, 0.49990420938430974, 0.49990420938430974, 0.49990420938430974, 0.49990420938430974]
Trust scores_s2 at iteration 24: [0.49990420938430974, 0.49990420938430974, 0.49990420938430974, 0.49990420938430974, 0.49990420938430974, 0.49990420938430974, 0.49990420938430974, 0.49990420938430974, 0.49990420938430974, 0.49990420938430974]
X.shape (10, 5)
s1 and s2 score at iteration 24
S_1 [0.9999999999999998, 0.9999999999999998, 0.9999999999999998, 0.9999999999999998, 0.9999999999999998, 0.9999999999999998, 0.9999999999999998, 0.9999999999999998, 0.9999999999999998, 0.9999999999999998]
S_2 [0.1, 0.1, 0.1, 0.1, 0.1, 0.1, 0.1, 0.1, 0.1, 0.1]
Trust scores at iteration 25: [0.0, 0.0, 0.0, 0.0, 0.0, 0.0, 0.0, 0.0, 0.0, 0.0]
Trust scores_s1 at iteration 25: [0.4999329465690168, 0.4999329465690168, 0.4999329465690168, 0.4999329465690168, 0.4999329465690168, 0.4999329465690168, 0.4999329465690168, 0.4999329465690168, 0.4999329465690168, 0.4999329465690168]
Trust scores_s2 at iteration 25: [0.4999329465690168, 0.4999329465690168, 0.4999329465690168, 0.4999329465690168, 0.4999329465690168, 0.4999329465690168, 0.4999329465690168, 0.4999329465690168, 0.4999329465690168, 0.4999329465690168]
X.shape (10, 5)
s1 and s2 score at iteration 25
S_1 [1.0, 1.0, 1.0, 1.0, 1.0, 1.0, 1.0, 1.0, 1.0, 1.0]
S_2 [0.1, 0.1, 0.1, 0.1, 0.1, 0.1, 0.1, 0.1, 0.1, 0.1]
Trust scores at iteration 26: [0.0, 0.0, 0.0, 0.0, 0.0, 0.0, 0.0, 0.0, 0.0, 0.0]
Trust scores_s1 at iteration 26: [0.4999530625983118, 0.4999530625983118, 0.4999530625983118, 0.4999530625983118, 0.4999530625983118, 0.4999530625983118, 0.4999530625983118, 0.4999530625983118, 0.4999530625983118, 0.4999530625983118]
Trust scores_s2 at iteration 26: [0.4999530625983118, 0.4999530625983118, 0.4999530625983118, 0.4999530625983118, 0.4999530625983118, 0.4999530625983118, 0.4999530625983118, 0.4999530625983118, 0.4999530625983118, 0.4999530625983118]
X.shape (10, 5)
s1 and s2 score at iteration 26
S_1 [1.0, 1.0, 1.0, 1.0, 1.0, 1.0, 1.0, 1.0, 1.0, 1.0]
S_2 [0.1, 0.1, 0.1, 0.1, 0.1, 0.1, 0.1, 0.1, 0.1, 0.1]
Trust scores at iteration 27: [0.0, 0.0, 0.0, 0.0, 0.0, 0.0, 0.0, 0.0, 0.0, 0.0]
Trust scores_s1 at iteration 27: [0.49996714381881824, 0.49996714381881824, 0.49996714381881824, 0.49996714381881824, 0.49996714381881824, 0.49996714381881824, 0.49996714381881824, 0.49996714381881824, 0.49996714381881824, 0.49996714381881824]
Trust scores_s2 at iteration 27: [0.49996714381881824, 0.49996714381881824, 0.49996714381881824, 0.49996714381881824, 0.49996714381881824, 0.49996714381881824, 0.49996714381881824, 0.49996714381881824, 0.49996714381881824, 0.49996714381881824]
X.shape (10, 5)
s1 and s2 score at iteration 27
S_1 [1.0, 1.0, 1.0, 1.0, 1.0, 1.0, 1.0, 1.0, 1.0, 1.0]
S_2 [0.1, 0.1, 0.1, 0.1, 0.1, 0.1, 0.1, 0.1, 0.1, 0.1]
Trust scores at iteration 28: [0.0, 0.0, 0.0, 0.0, 0.0, 0.0, 0.0, 0.0, 0.0, 0.0]
Trust scores_s1 at iteration 28: [0.49997700067317274, 0.49997700067317274, 0.49997700067317274, 0.49997700067317274, 0.49997700067317274, 0.49997700067317274, 0.49997700067317274, 0.49997700067317274, 0.49997700067317274, 0.49997700067317274]
Trust scores_s2 at iteration 28: [0.49997700067317274, 0.49997700067317274, 0.49997700067317274, 0.49997700067317274, 0.49997700067317274, 0.49997700067317274, 0.49997700067317274, 0.49997700067317274, 0.49997700067317274, 0.49997700067317274]
X.shape (10, 5)
s1 and s2 score at iteration 28
S_1 [1.0, 1.0, 1.0, 1.0, 1.0, 1.0, 1.0, 1.0, 1.0, 1.0]
S_2 [0.1, 0.1, 0.1, 0.1, 0.1, 0.1, 0.1, 0.1, 0.1, 0.1]
Trust scores at iteration 29: [0.0, 0.0, 0.0, 0.0, 0.0, 0.0, 0.0, 0.0, 0.0, 0.0]
Trust scores_s1 at iteration 29: [0.49998390047122093, 0.49998390047122093, 0.49998390047122093, 0.49998390047122093, 0.49998390047122093, 0.49998390047122093, 0.49998390047122093, 0.49998390047122093, 0.49998390047122093, 0.49998390047122093]
Trust scores_s2 at iteration 29: [0.49998390047122093, 0.49998390047122093, 0.49998390047122093, 0.49998390047122093, 0.49998390047122093, 0.49998390047122093, 0.49998390047122093, 0.49998390047122093, 0.49998390047122093, 0.49998390047122093]
X.shape (10, 5)
s1 and s2 score at iteration 29
S_1 [1.0, 1.0, 1.0, 1.0, 1.0, 1.0, 1.0, 1.0, 1.0, 1.0]
S_2 [0.1, 0.1, 0.1, 0.1, 0.1, 0.1, 0.1, 0.1, 0.1, 0.1]
Trust scores at iteration 30: [0.0, 0.0, 0.0, 0.0, 0.0, 0.0, 0.0, 0.0, 0.0, 0.0]
Trust scores_s1 at iteration 30: [0.49998873032985464, 0.49998873032985464, 0.49998873032985464, 0.49998873032985464, 0.49998873032985464, 0.49998873032985464, 0.49998873032985464, 0.49998873032985464, 0.49998873032985464, 0.49998873032985464]
Trust scores_s2 at iteration 30: [0.49998873032985464, 0.49998873032985464, 0.49998873032985464, 0.49998873032985464, 0.49998873032985464, 0.49998873032985464, 0.49998873032985464, 0.49998873032985464, 0.49998873032985464, 0.49998873032985464]
X.shape (10, 5)
s1 and s2 score at iteration 30
S_1 [1.0, 1.0, 1.0, 1.0, 1.0, 1.0, 1.0, 1.0, 1.0, 1.0]
S_2 [0.1, 0.1, 0.1, 0.1, 0.1, 0.1, 0.1, 0.1, 0.1, 0.1]
Trust scores at iteration 31: [0.0, 0.0, 0.0, 0.0, 0.0, 0.0, 0.0, 0.0, 0.0, 0.0]
Trust scores_s1 at iteration 31: [0.49999211123089826, 0.49999211123089826, 0.49999211123089826, 0.49999211123089826, 0.49999211123089826, 0.49999211123089826, 0.49999211123089826, 0.49999211123089826, 0.49999211123089826, 0.49999211123089826]
Trust scores_s2 at iteration 31: [0.49999211123089826, 0.49999211123089826, 0.49999211123089826, 0.49999211123089826, 0.49999211123089826, 0.49999211123089826, 0.49999211123089826, 0.49999211123089826, 0.49999211123089826, 0.49999211123089826]
X.shape (10, 5)
s1 and s2 score at iteration 31
S_1 [1.0, 1.0, 1.0, 1.0, 1.0, 1.0, 1.0, 1.0, 1.0, 1.0]
S_2 [0.1, 0.1, 0.1, 0.1, 0.1, 0.1, 0.1, 0.1, 0.1, 0.1]
Trust scores at iteration 32: [0.0, 0.0, 0.0, 0.0, 0.0, 0.0, 0.0, 0.0, 0.0, 0.0]
Trust scores_s1 at iteration 32: [0.49999447786162876, 0.49999447786162876, 0.49999447786162876, 0.49999447786162876, 0.49999447786162876, 0.49999447786162876, 0.49999447786162876, 0.49999447786162876, 0.49999447786162876, 0.49999447786162876]
Trust scores_s2 at iteration 32: [0.49999447786162876, 0.49999447786162876, 0.49999447786162876, 0.49999447786162876, 0.49999447786162876, 0.49999447786162876, 0.49999447786162876, 0.49999447786162876, 0.49999447786162876, 0.49999447786162876]
X.shape (10, 5)
s1 and s2 score at iteration 32
S_1 [0.9999999999999998, 0.9999999999999998, 0.9999999999999998, 0.9999999999999998, 0.9999999999999998, 0.9999999999999998, 0.9999999999999998, 0.9999999999999998, 0.9999999999999998, 0.9999999999999998]
S_2 [0.1, 0.1, 0.1, 0.1, 0.1, 0.1, 0.1, 0.1, 0.1, 0.1]
Trust scores at iteration 33: [0.0, 0.0, 0.0, 0.0, 0.0, 0.0, 0.0, 0.0, 0.0, 0.0]
Trust scores_s1 at iteration 33: [0.4999961345031401, 0.4999961345031401, 0.4999961345031401, 0.4999961345031401, 0.4999961345031401, 0.4999961345031401, 0.4999961345031401, 0.4999961345031401, 0.4999961345031401, 0.4999961345031401]
Trust scores_s2 at iteration 33: [0.4999961345031401, 0.4999961345031401, 0.4999961345031401, 0.4999961345031401, 0.4999961345031401, 0.4999961345031401, 0.4999961345031401, 0.4999961345031401, 0.4999961345031401, 0.4999961345031401]
X.shape (10, 5)
s1 and s2 score at iteration 33
S_1 [1.0, 1.0, 1.0, 1.0, 1.0, 1.0, 1.0, 1.0, 1.0, 1.0]
S_2 [0.1, 0.1, 0.1, 0.1, 0.1, 0.1, 0.1, 0.1, 0.1, 0.1]
Trust scores at iteration 34: [0.0, 0.0, 0.0, 0.0, 0.0, 0.0, 0.0, 0.0, 0.0, 0.0]
Trust scores_s1 at iteration 34: [0.49999729415219807, 0.49999729415219807, 0.49999729415219807, 0.49999729415219807, 0.49999729415219807, 0.49999729415219807, 0.49999729415219807, 0.49999729415219807, 0.49999729415219807, 0.49999729415219807]
Trust scores_s2 at iteration 34: [0.49999729415219807, 0.49999729415219807, 0.49999729415219807, 0.49999729415219807, 0.49999729415219807, 0.49999729415219807, 0.49999729415219807, 0.49999729415219807, 0.49999729415219807, 0.49999729415219807]
X.shape (10, 5)
s1 and s2 score at iteration 34
S_1 [1.0, 1.0, 1.0, 1.0, 1.0, 1.0, 1.0, 1.0, 1.0, 1.0]
S_2 [0.1, 0.1, 0.1, 0.1, 0.1, 0.1, 0.1, 0.1, 0.1, 0.1]
Trust scores at iteration 35: [0.0, 0.0, 0.0, 0.0, 0.0, 0.0, 0.0, 0.0, 0.0, 0.0]
Trust scores_s1 at iteration 35: [0.49999810590653865, 0.49999810590653865, 0.49999810590653865, 0.49999810590653865, 0.49999810590653865, 0.49999810590653865, 0.49999810590653865, 0.49999810590653865, 0.49999810590653865, 0.49999810590653865]
Trust scores_s2 at iteration 35: [0.49999810590653865, 0.49999810590653865, 0.49999810590653865, 0.49999810590653865, 0.49999810590653865, 0.49999810590653865, 0.49999810590653865, 0.49999810590653865, 0.49999810590653865, 0.49999810590653865]
X.shape (10, 5)
s1 and s2 score at iteration 35
S_1 [0.9999999999999998, 0.9999999999999998, 0.9999999999999998, 0.9999999999999998, 0.9999999999999998, 0.9999999999999998, 0.9999999999999998, 0.9999999999999998, 0.9999999999999998, 0.9999999999999998]
S_2 [0.1, 0.1, 0.1, 0.1, 0.1, 0.1, 0.1, 0.1, 0.1, 0.1]
Trust scores at iteration 36: [0.0, 0.0, 0.0, 0.0, 0.0, 0.0, 0.0, 0.0, 0.0, 0.0]
Trust scores_s1 at iteration 36: [0.49999867413457705, 0.49999867413457705, 0.49999867413457705, 0.49999867413457705, 0.49999867413457705, 0.49999867413457705, 0.49999867413457705, 0.49999867413457705, 0.49999867413457705, 0.49999867413457705]
Trust scores_s2 at iteration 36: [0.49999867413457705, 0.49999867413457705, 0.49999867413457705, 0.49999867413457705, 0.49999867413457705, 0.49999867413457705, 0.49999867413457705, 0.49999867413457705, 0.49999867413457705, 0.49999867413457705]
X.shape (10, 5)
s1 and s2 score at iteration 36
S_1 [1.0, 1.0, 1.0, 1.0, 1.0, 1.0, 1.0, 1.0, 1.0, 1.0]
S_2 [0.1, 0.1, 0.1, 0.1, 0.1, 0.1, 0.1, 0.1, 0.1, 0.1]
Trust scores at iteration 37: [0.0, 0.0, 0.0, 0.0, 0.0, 0.0, 0.0, 0.0, 0.0, 0.0]
Trust scores_s1 at iteration 37: [0.49999907189420395, 0.49999907189420395, 0.49999907189420395, 0.49999907189420395, 0.49999907189420395, 0.49999907189420395, 0.49999907189420395, 0.49999907189420395, 0.49999907189420395, 0.49999907189420395]
Trust scores_s2 at iteration 37: [0.49999907189420395, 0.49999907189420395, 0.49999907189420395, 0.49999907189420395, 0.49999907189420395, 0.49999907189420395, 0.49999907189420395, 0.49999907189420395, 0.49999907189420395, 0.49999907189420395]
X.shape (10, 5)
s1 and s2 score at iteration 37
S_1 [1.0, 1.0, 1.0, 1.0, 1.0, 1.0, 1.0, 1.0, 1.0, 1.0]
S_2 [0.1, 0.1, 0.1, 0.1, 0.1, 0.1, 0.1, 0.1, 0.1, 0.1]
Trust scores at iteration 38: [0.0, 0.0, 0.0, 0.0, 0.0, 0.0, 0.0, 0.0, 0.0, 0.0]
Trust scores_s1 at iteration 38: [0.4999993503259428, 0.4999993503259428, 0.4999993503259428, 0.4999993503259428, 0.4999993503259428, 0.4999993503259428, 0.4999993503259428, 0.4999993503259428, 0.4999993503259428, 0.4999993503259428]
Trust scores_s2 at iteration 38: [0.4999993503259428, 0.4999993503259428, 0.4999993503259428, 0.4999993503259428, 0.4999993503259428, 0.4999993503259428, 0.4999993503259428, 0.4999993503259428, 0.4999993503259428, 0.4999993503259428]
X.shape (10, 5)
s1 and s2 score at iteration 38
S_1 [1.0, 1.0, 1.0, 1.0, 1.0, 1.0, 1.0, 1.0, 1.0, 1.0]
S_2 [0.1, 0.1, 0.1, 0.1, 0.1, 0.1, 0.1, 0.1, 0.1, 0.1]
Trust scores at iteration 39: [0.0, 0.0, 0.0, 0.0, 0.0, 0.0, 0.0, 0.0, 0.0, 0.0]
Trust scores_s1 at iteration 39: [0.4999995452281599, 0.4999995452281599, 0.4999995452281599, 0.4999995452281599, 0.4999995452281599, 0.4999995452281599, 0.4999995452281599, 0.4999995452281599, 0.4999995452281599, 0.4999995452281599]
Trust scores_s2 at iteration 39: [0.4999995452281599, 0.4999995452281599, 0.4999995452281599, 0.4999995452281599, 0.4999995452281599, 0.4999995452281599, 0.4999995452281599, 0.4999995452281599, 0.4999995452281599, 0.4999995452281599]
X.shape (10, 5)
s1 and s2 score at iteration 39
S_1 [1.0, 1.0, 1.0, 1.0, 1.0, 1.0, 1.0, 1.0, 1.0, 1.0]
S_2 [0.1, 0.1, 0.1, 0.1, 0.1, 0.1, 0.1, 0.1, 0.1, 0.1]
Trust scores at iteration 40: [0.0, 0.0, 0.0, 0.0, 0.0, 0.0, 0.0, 0.0, 0.0, 0.0]
Trust scores_s1 at iteration 40: [0.4999996816597119, 0.4999996816597119, 0.4999996816597119, 0.4999996816597119, 0.4999996816597119, 0.4999996816597119, 0.4999996816597119, 0.4999996816597119, 0.4999996816597119, 0.4999996816597119]
Trust scores_s2 at iteration 40: [0.4999996816597119, 0.4999996816597119, 0.4999996816597119, 0.4999996816597119, 0.4999996816597119, 0.4999996816597119, 0.4999996816597119, 0.4999996816597119, 0.4999996816597119, 0.4999996816597119]
X.shape (10, 5)
s1 and s2 score at iteration 40
S_1 [0.9999999999999998, 0.9999999999999998, 0.9999999999999998, 0.9999999999999998, 0.9999999999999998, 0.9999999999999998, 0.9999999999999998, 0.9999999999999998, 0.9999999999999998, 0.9999999999999998]
S_2 [0.1, 0.1, 0.1, 0.1, 0.1, 0.1, 0.1, 0.1, 0.1, 0.1]
Trust scores at iteration 41: [0.0, 0.0, 0.0, 0.0, 0.0, 0.0, 0.0, 0.0, 0.0, 0.0]
Trust scores_s1 at iteration 41: [0.49999977716179833, 0.49999977716179833, 0.49999977716179833, 0.49999977716179833, 0.49999977716179833, 0.49999977716179833, 0.49999977716179833, 0.49999977716179833, 0.49999977716179833, 0.49999977716179833]
Trust scores_s2 at iteration 41: [0.49999977716179833, 0.49999977716179833, 0.49999977716179833, 0.49999977716179833, 0.49999977716179833, 0.49999977716179833, 0.49999977716179833, 0.49999977716179833, 0.49999977716179833, 0.49999977716179833]
X.shape (10, 5)
s1 and s2 score at iteration 41
S_1 [1.0, 1.0, 1.0, 1.0, 1.0, 1.0, 1.0, 1.0, 1.0, 1.0]
S_2 [0.1, 0.1, 0.1, 0.1, 0.1, 0.1, 0.1, 0.1, 0.1, 0.1]
Trust scores at iteration 42: [0.0, 0.0, 0.0, 0.0, 0.0, 0.0, 0.0, 0.0, 0.0, 0.0]
Trust scores_s1 at iteration 42: [0.4999998440132588, 0.4999998440132588, 0.4999998440132588, 0.4999998440132588, 0.4999998440132588, 0.4999998440132588, 0.4999998440132588, 0.4999998440132588, 0.4999998440132588, 0.4999998440132588]
Trust scores_s2 at iteration 42: [0.4999998440132588, 0.4999998440132588, 0.4999998440132588, 0.4999998440132588, 0.4999998440132588, 0.4999998440132588, 0.4999998440132588, 0.4999998440132588, 0.4999998440132588, 0.4999998440132588]
X.shape (10, 5)
s1 and s2 score at iteration 42
S_1 [1.0, 1.0, 1.0, 1.0, 1.0, 1.0, 1.0, 1.0, 1.0, 1.0]
S_2 [0.1, 0.1, 0.1, 0.1, 0.1, 0.1, 0.1, 0.1, 0.1, 0.1]
Trust scores at iteration 43: [0.0, 0.0, 0.0, 0.0, 0.0, 0.0, 0.0, 0.0, 0.0, 0.0]
Trust scores_s1 at iteration 43: [0.49999989080928114, 0.49999989080928114, 0.49999989080928114, 0.49999989080928114, 0.49999989080928114, 0.49999989080928114, 0.49999989080928114, 0.49999989080928114, 0.49999989080928114, 0.49999989080928114]
Trust scores_s2 at iteration 43: [0.49999989080928114, 0.49999989080928114, 0.49999989080928114, 0.49999989080928114, 0.49999989080928114, 0.49999989080928114, 0.49999989080928114, 0.49999989080928114, 0.49999989080928114, 0.49999989080928114]
X.shape (10, 5)
s1 and s2 score at iteration 43
S_1 [1.0, 1.0, 1.0, 1.0, 1.0, 1.0, 1.0, 1.0, 1.0, 1.0]
S_2 [0.1, 0.1, 0.1, 0.1, 0.1, 0.1, 0.1, 0.1, 0.1, 0.1]
Trust scores at iteration 44: [0.0, 0.0, 0.0, 0.0, 0.0, 0.0, 0.0, 0.0, 0.0, 0.0]
Trust scores_s1 at iteration 44: [0.4999999235664968, 0.4999999235664968, 0.4999999235664968, 0.4999999235664968, 0.4999999235664968, 0.4999999235664968, 0.4999999235664968, 0.4999999235664968, 0.4999999235664968, 0.4999999235664968]
Trust scores_s2 at iteration 44: [0.4999999235664968, 0.4999999235664968, 0.4999999235664968, 0.4999999235664968, 0.4999999235664968, 0.4999999235664968, 0.4999999235664968, 0.4999999235664968, 0.4999999235664968, 0.4999999235664968]
X.shape (10, 5)
s1 and s2 score at iteration 44
S_1 [1.0, 1.0, 1.0, 1.0, 1.0, 1.0, 1.0, 1.0, 1.0, 1.0]
S_2 [0.1, 0.1, 0.1, 0.1, 0.1, 0.1, 0.1, 0.1, 0.1, 0.1]
Trust scores at iteration 45: [0.0, 0.0, 0.0, 0.0, 0.0, 0.0, 0.0, 0.0, 0.0, 0.0]
Trust scores_s1 at iteration 45: [0.4999999464965478, 0.4999999464965478, 0.4999999464965478, 0.4999999464965478, 0.4999999464965478, 0.4999999464965478, 0.4999999464965478, 0.4999999464965478, 0.4999999464965478, 0.4999999464965478]
Trust scores_s2 at iteration 45: [0.4999999464965478, 0.4999999464965478, 0.4999999464965478, 0.4999999464965478, 0.4999999464965478, 0.4999999464965478, 0.4999999464965478, 0.4999999464965478, 0.4999999464965478, 0.4999999464965478]
X.shape (10, 5)
s1 and s2 score at iteration 45
S_1 [1.0, 1.0, 1.0, 1.0, 1.0, 1.0, 1.0, 1.0, 1.0, 1.0]
S_2 [0.1, 0.1, 0.1, 0.1, 0.1, 0.1, 0.1, 0.1, 0.1, 0.1]
Trust scores at iteration 46: [0.0, 0.0, 0.0, 0.0, 0.0, 0.0, 0.0, 0.0, 0.0, 0.0]
Trust scores_s1 at iteration 46: [0.49999996254758344, 0.49999996254758344, 0.49999996254758344, 0.49999996254758344, 0.49999996254758344, 0.49999996254758344, 0.49999996254758344, 0.49999996254758344, 0.49999996254758344, 0.49999996254758344]
Trust scores_s2 at iteration 46: [0.49999996254758344, 0.49999996254758344, 0.49999996254758344, 0.49999996254758344, 0.49999996254758344, 0.49999996254758344, 0.49999996254758344, 0.49999996254758344, 0.49999996254758344, 0.49999996254758344]
X.shape (10, 5)
s1 and s2 score at iteration 46
S_1 [1.0, 1.0, 1.0, 1.0, 1.0, 1.0, 1.0, 1.0, 1.0, 1.0]
S_2 [0.1, 0.1, 0.1, 0.1, 0.1, 0.1, 0.1, 0.1, 0.1, 0.1]
Trust scores at iteration 47: [0.0, 0.0, 0.0, 0.0, 0.0, 0.0, 0.0, 0.0, 0.0, 0.0]
Trust scores_s1 at iteration 47: [0.4999999737833084, 0.4999999737833084, 0.4999999737833084, 0.4999999737833084, 0.4999999737833084, 0.4999999737833084, 0.4999999737833084, 0.4999999737833084, 0.4999999737833084, 0.4999999737833084]
Trust scores_s2 at iteration 47: [0.4999999737833084, 0.4999999737833084, 0.4999999737833084, 0.4999999737833084, 0.4999999737833084, 0.4999999737833084, 0.4999999737833084, 0.4999999737833084, 0.4999999737833084, 0.4999999737833084]
X.shape (10, 5)
s1 and s2 score at iteration 47
S_1 [1.0, 1.0, 1.0, 1.0, 1.0, 1.0, 1.0, 1.0, 1.0, 1.0]
S_2 [0.1, 0.1, 0.1, 0.1, 0.1, 0.1, 0.1, 0.1, 0.1, 0.1]
Trust scores at iteration 48: [0.0, 0.0, 0.0, 0.0, 0.0, 0.0, 0.0, 0.0, 0.0, 0.0]
Trust scores_s1 at iteration 48: [0.4999999816483159, 0.4999999816483159, 0.4999999816483159, 0.4999999816483159, 0.4999999816483159, 0.4999999816483159, 0.4999999816483159, 0.4999999816483159, 0.4999999816483159, 0.4999999816483159]
Trust scores_s2 at iteration 48: [0.4999999816483159, 0.4999999816483159, 0.4999999816483159, 0.4999999816483159, 0.4999999816483159, 0.4999999816483159, 0.4999999816483159, 0.4999999816483159, 0.4999999816483159, 0.4999999816483159]
X.shape (10, 5)
s1 and s2 score at iteration 48
S_1 [0.9999999999999998, 0.9999999999999998, 0.9999999999999998, 0.9999999999999998, 0.9999999999999998, 0.9999999999999998, 0.9999999999999998, 0.9999999999999998, 0.9999999999999998, 0.9999999999999998]
S_2 [0.1, 0.1, 0.1, 0.1, 0.1, 0.1, 0.1, 0.1, 0.1, 0.1]
Trust scores at iteration 49: [0.0, 0.0, 0.0, 0.0, 0.0, 0.0, 0.0, 0.0, 0.0, 0.0]
Trust scores_s1 at iteration 49: [0.4999999871538211, 0.4999999871538211, 0.4999999871538211, 0.4999999871538211, 0.4999999871538211, 0.4999999871538211, 0.4999999871538211, 0.4999999871538211, 0.4999999871538211, 0.4999999871538211]
Trust scores_s2 at iteration 49: [0.4999999871538211, 0.4999999871538211, 0.4999999871538211, 0.4999999871538211, 0.4999999871538211, 0.4999999871538211, 0.4999999871538211, 0.4999999871538211, 0.4999999871538211, 0.4999999871538211]
X.shape (10, 5)
s1 and s2 score at iteration 49
S_1 [0.9999999999999998, 0.9999999999999998, 0.9999999999999998, 0.9999999999999998, 0.9999999999999998, 0.9999999999999998, 0.9999999999999998, 0.9999999999999998, 0.9999999999999998, 0.9999999999999998]
S_2 [0.1, 0.1, 0.1, 0.1, 0.1, 0.1, 0.1, 0.1, 0.1, 0.1]
Trust scores at iteration 50: [0.0, 0.0, 0.0, 0.0, 0.0, 0.0, 0.0, 0.0, 0.0, 0.0]
Trust scores_s1 at iteration 50: [0.4999999910076748, 0.4999999910076748, 0.4999999910076748, 0.4999999910076748, 0.4999999910076748, 0.4999999910076748, 0.4999999910076748, 0.4999999910076748, 0.4999999910076748, 0.4999999910076748]
Trust scores_s2 at iteration 50: [0.4999999910076748, 0.4999999910076748, 0.4999999910076748, 0.4999999910076748, 0.4999999910076748, 0.4999999910076748, 0.4999999910076748, 0.4999999910076748, 0.4999999910076748, 0.4999999910076748]
X.shape (10, 5)
s1 and s2 score at iteration 50
S_1 [1.0, 1.0, 1.0, 1.0, 1.0, 1.0, 1.0, 1.0, 1.0, 1.0]
S_2 [0.1, 0.1, 0.1, 0.1, 0.1, 0.1, 0.1, 0.1, 0.1, 0.1]
Trust scores at iteration 51: [0.0, 0.0, 0.0, 0.0, 0.0, 0.0, 0.0, 0.0, 0.0, 0.0]
Trust scores_s1 at iteration 51: [0.49999999370537235, 0.49999999370537235, 0.49999999370537235, 0.49999999370537235, 0.49999999370537235, 0.49999999370537235, 0.49999999370537235, 0.49999999370537235, 0.49999999370537235, 0.49999999370537235]
Trust scores_s2 at iteration 51: [0.49999999370537235, 0.49999999370537235, 0.49999999370537235, 0.49999999370537235, 0.49999999370537235, 0.49999999370537235, 0.49999999370537235, 0.49999999370537235, 0.49999999370537235, 0.49999999370537235]
X.shape (10, 5)
s1 and s2 score at iteration 51
S_1 [1.0, 1.0, 1.0, 1.0, 1.0, 1.0, 1.0, 1.0, 1.0, 1.0]
S_2 [0.1, 0.1, 0.1, 0.1, 0.1, 0.1, 0.1, 0.1, 0.1, 0.1]
Trust scores at iteration 52: [0.0, 0.0, 0.0, 0.0, 0.0, 0.0, 0.0, 0.0, 0.0, 0.0]
Trust scores_s1 at iteration 52: [0.4999999955937606, 0.4999999955937606, 0.4999999955937606, 0.4999999955937606, 0.4999999955937606, 0.4999999955937606, 0.4999999955937606, 0.4999999955937606, 0.4999999955937606, 0.4999999955937606]
Trust scores_s2 at iteration 52: [0.4999999955937606, 0.4999999955937606, 0.4999999955937606, 0.4999999955937606, 0.4999999955937606, 0.4999999955937606, 0.4999999955937606, 0.4999999955937606, 0.4999999955937606, 0.4999999955937606]
X.shape (10, 5)
s1 and s2 score at iteration 52
S_1 [0.9999999999999998, 0.9999999999999998, 0.9999999999999998, 0.9999999999999998, 0.9999999999999998, 0.9999999999999998, 0.9999999999999998, 0.9999999999999998, 0.9999999999999998, 0.9999999999999998]
S_2 [0.1, 0.1, 0.1, 0.1, 0.1, 0.1, 0.1, 0.1, 0.1, 0.1]
Trust scores at iteration 53: [0.0, 0.0, 0.0, 0.0, 0.0, 0.0, 0.0, 0.0, 0.0, 0.0]
Trust scores_s1 at iteration 53: [0.49999999691563246, 0.49999999691563246, 0.49999999691563246, 0.49999999691563246, 0.49999999691563246, 0.49999999691563246, 0.49999999691563246, 0.49999999691563246, 0.49999999691563246, 0.49999999691563246]
Trust scores_s2 at iteration 53: [0.49999999691563246, 0.49999999691563246, 0.49999999691563246, 0.49999999691563246, 0.49999999691563246, 0.49999999691563246, 0.49999999691563246, 0.49999999691563246, 0.49999999691563246, 0.49999999691563246]
X.shape (10, 5)
s1 and s2 score at iteration 53
S_1 [1.0, 1.0, 1.0, 1.0, 1.0, 1.0, 1.0, 1.0, 1.0, 1.0]
S_2 [0.1, 0.1, 0.1, 0.1, 0.1, 0.1, 0.1, 0.1, 0.1, 0.1]
Trust scores at iteration 54: [0.0, 0.0, 0.0, 0.0, 0.0, 0.0, 0.0, 0.0, 0.0, 0.0]
Trust scores_s1 at iteration 54: [0.49999999784094273, 0.49999999784094273, 0.49999999784094273, 0.49999999784094273, 0.49999999784094273, 0.49999999784094273, 0.49999999784094273, 0.49999999784094273, 0.49999999784094273, 0.49999999784094273]
Trust scores_s2 at iteration 54: [0.49999999784094273, 0.49999999784094273, 0.49999999784094273, 0.49999999784094273, 0.49999999784094273, 0.49999999784094273, 0.49999999784094273, 0.49999999784094273, 0.49999999784094273, 0.49999999784094273]
X.shape (10, 5)
s1 and s2 score at iteration 54
S_1 [1.0, 1.0, 1.0, 1.0, 1.0, 1.0, 1.0, 1.0, 1.0, 1.0]
S_2 [0.1, 0.1, 0.1, 0.1, 0.1, 0.1, 0.1, 0.1, 0.1, 0.1]
Trust scores at iteration 55: [0.0, 0.0, 0.0, 0.0, 0.0, 0.0, 0.0, 0.0, 0.0, 0.0]
Trust scores_s1 at iteration 55: [0.4999999984886599, 0.4999999984886599, 0.4999999984886599, 0.4999999984886599, 0.4999999984886599, 0.4999999984886599, 0.4999999984886599, 0.4999999984886599, 0.4999999984886599, 0.4999999984886599]
Trust scores_s2 at iteration 55: [0.4999999984886599, 0.4999999984886599, 0.4999999984886599, 0.4999999984886599, 0.4999999984886599, 0.4999999984886599, 0.4999999984886599, 0.4999999984886599, 0.4999999984886599, 0.4999999984886599]
X.shape (10, 5)
s1 and s2 score at iteration 55
S_1 [0.9999999999999998, 0.9999999999999998, 0.9999999999999998, 0.9999999999999998, 0.9999999999999998, 0.9999999999999998, 0.9999999999999998, 0.9999999999999998, 0.9999999999999998, 0.9999999999999998]
S_2 [0.1, 0.1, 0.1, 0.1, 0.1, 0.1, 0.1, 0.1, 0.1, 0.1]
Trust scores at iteration 56: [0.0, 0.0, 0.0, 0.0, 0.0, 0.0, 0.0, 0.0, 0.0, 0.0]
Trust scores_s1 at iteration 56: [0.49999999894206193, 0.49999999894206193, 0.49999999894206193, 0.49999999894206193, 0.49999999894206193, 0.49999999894206193, 0.49999999894206193, 0.49999999894206193, 0.49999999894206193, 0.49999999894206193]
Trust scores_s2 at iteration 56: [0.49999999894206193, 0.49999999894206193, 0.49999999894206193, 0.49999999894206193, 0.49999999894206193, 0.49999999894206193, 0.49999999894206193, 0.49999999894206193, 0.49999999894206193, 0.49999999894206193]
X.shape (10, 5)
s1 and s2 score at iteration 56
S_1 [1.0, 1.0, 1.0, 1.0, 1.0, 1.0, 1.0, 1.0, 1.0, 1.0]
S_2 [0.1, 0.1, 0.1, 0.1, 0.1, 0.1, 0.1, 0.1, 0.1, 0.1]
Trust scores at iteration 57: [0.0, 0.0, 0.0, 0.0, 0.0, 0.0, 0.0, 0.0, 0.0, 0.0]
Trust scores_s1 at iteration 57: [0.49999999925944333, 0.49999999925944333, 0.49999999925944333, 0.49999999925944333, 0.49999999925944333, 0.49999999925944333, 0.49999999925944333, 0.49999999925944333, 0.49999999925944333, 0.49999999925944333]
Trust scores_s2 at iteration 57: [0.49999999925944333, 0.49999999925944333, 0.49999999925944333, 0.49999999925944333, 0.49999999925944333, 0.49999999925944333, 0.49999999925944333, 0.49999999925944333, 0.49999999925944333, 0.49999999925944333]
X.shape (10, 5)
s1 and s2 score at iteration 57
S_1 [0.9999999999999998, 0.9999999999999998, 0.9999999999999998, 0.9999999999999998, 0.9999999999999998, 0.9999999999999998, 0.9999999999999998, 0.9999999999999998, 0.9999999999999998, 0.9999999999999998]
S_2 [0.1, 0.1, 0.1, 0.1, 0.1, 0.1, 0.1, 0.1, 0.1, 0.1]
Trust scores at iteration 58: [0.0, 0.0, 0.0, 0.0, 0.0, 0.0, 0.0, 0.0, 0.0, 0.0]
Trust scores_s1 at iteration 58: [0.49999999948161034, 0.49999999948161034, 0.49999999948161034, 0.49999999948161034, 0.49999999948161034, 0.49999999948161034, 0.49999999948161034, 0.49999999948161034, 0.49999999948161034, 0.49999999948161034]
Trust scores_s2 at iteration 58: [0.49999999948161034, 0.49999999948161034, 0.49999999948161034, 0.49999999948161034, 0.49999999948161034, 0.49999999948161034, 0.49999999948161034, 0.49999999948161034, 0.49999999948161034, 0.49999999948161034]
X.shape (10, 5)
s1 and s2 score at iteration 58
S_1 [1.0, 1.0, 1.0, 1.0, 1.0, 1.0, 1.0, 1.0, 1.0, 1.0]
S_2 [0.1, 0.1, 0.1, 0.1, 0.1, 0.1, 0.1, 0.1, 0.1, 0.1]
Trust scores at iteration 59: [0.0, 0.0, 0.0, 0.0, 0.0, 0.0, 0.0, 0.0, 0.0, 0.0]
Trust scores_s1 at iteration 59: [0.4999999996371272, 0.4999999996371272, 0.4999999996371272, 0.4999999996371272, 0.4999999996371272, 0.4999999996371272, 0.4999999996371272, 0.4999999996371272, 0.4999999996371272, 0.4999999996371272]
Trust scores_s2 at iteration 59: [0.4999999996371272, 0.4999999996371272, 0.4999999996371272, 0.4999999996371272, 0.4999999996371272, 0.4999999996371272, 0.4999999996371272, 0.4999999996371272, 0.4999999996371272, 0.4999999996371272]
X.shape (10, 5)
s1 and s2 score at iteration 59
S_1 [1.0, 1.0, 1.0, 1.0, 1.0, 1.0, 1.0, 1.0, 1.0, 1.0]
S_2 [0.1, 0.1, 0.1, 0.1, 0.1, 0.1, 0.1, 0.1, 0.1, 0.1]
Trust scores at iteration 60: [0.0, 0.0, 0.0, 0.0, 0.0, 0.0, 0.0, 0.0, 0.0, 0.0]
Trust scores_s1 at iteration 60: [0.4999999997459891, 0.4999999997459891, 0.4999999997459891, 0.4999999997459891, 0.4999999997459891, 0.4999999997459891, 0.4999999997459891, 0.4999999997459891, 0.4999999997459891, 0.4999999997459891]
Trust scores_s2 at iteration 60: [0.4999999997459891, 0.4999999997459891, 0.4999999997459891, 0.4999999997459891, 0.4999999997459891, 0.4999999997459891, 0.4999999997459891, 0.4999999997459891, 0.4999999997459891, 0.4999999997459891]
X.shape (10, 5)
s1 and s2 score at iteration 60
S_1 [0.47619522755103993, 0.47619522755103993, 0.47619522755103993, 0.47619522755103993, 0.47619522755103993, 0.3718236781632115, 0.3718236781632115, 0.3718236781632115, 0.23641528938037007, 0.4850269850763927]
S_2 [0.16666666666666666, 0.16666666666666666, 0.16666666666666666, 0.16666666666666666, 0.16666666666666666, 0.2, 0.2, 0.2, 0.2, 0.16666666666666666]
Trust scores at iteration 61: [0.04453736113839417, 0.04453736113839417, 0.04453736113839417, 0.04453736113839417, 0.04453736113839417, -0.07001876827246106, -0.07001876827246106, -0.07001876827246106, -0.15377187456293748, 0.05000000000000003]
Trust scores_s1 at iteration 61: [0.4972686803913894, 0.4972686803913894, 0.4972686803913894, 0.4972686803913894, 0.4972686803913894, 0.4649906156859618, 0.4649906156859618, 0.4649906156859618, 0.4231140625407236, 0.49999999982219234]
Trust scores_s2 at iteration 61: [0.4749999998221923, 0.4749999998221923, 0.4749999998221923, 0.4749999998221923, 0.4749999998221923, 0.49999999982219234, 0.49999999982219234, 0.49999999982219234, 0.49999999982219234, 0.4749999998221923]
X.shape (10, 5)
s1 and s2 score at iteration 61
S_1 [0.13160985611934095, 0.13160985611934095, 0.13160985611934095, 0.13160985611934095, 0.13160985611934095, -0.06546703552990343, -0.06546703552990343, -0.06546703552990343, -0.16321021828765725, 0.09191701975968308]
S_2 [0.2, 0.2, 0.2, 0.2, 0.2, 0.25, 0.25, 0.25, 0.5, 0.25]
Trust scores at iteration 62: [0.21117615279687593, 0.21117615279687593, 0.21117615279687593, 0.21117615279687593, 0.21117615279687593, -0.34824292375114363, -0.34824292375114363, -0.34824292375114363, -0.7796722171746266, 0.09452158706792008]
Trust scores_s1 at iteration 62: [0.49808807627397256, 0.49808807627397256, 0.49808807627397256, 0.49808807627397256, 0.49808807627397256, 0.25087853799996285, 0.25087853799996285, 0.25087853799996285, 0.11016389128822132, 0.45476079340949466]
Trust scores_s2 at iteration 62: [0.3924999998755346, 0.3924999998755346, 0.3924999998755346, 0.3924999998755346, 0.3924999998755346, 0.4249999998755346, 0.4249999998755346, 0.4249999998755346, 0.4999999998755346, 0.4074999998755346]
X.shape (10, 5)
s1 and s2 score at iteration 62
S_1 [0.29447251399574814, 0.29447251399574814, 0.29447251399574814, 0.29447251399574814, 0.29447251399574814, 0.15171381898991687, 0.15171381898991687, 0.15171381898991687, 0.0660110309898822, 0.36298981266986874]
S_2 [0.2, 0.2, 0.2, 0.2, 0.2, 0.2, 0.2, 0.2, 0.2, 0.2]
Trust scores at iteration 63: [0.09119585107675604, 0.09119585107675604, 0.09119585107675604, 0.09119585107675604, 0.09119585107675604, -0.41838320625634595, -0.41838320625634595, -0.41838320625634595, -0.7912144498790213, 0.06616511094754404]
Trust scores_s1 at iteration 63: [0.47034792545125226, 0.47034792545125226, 0.47034792545125226, 0.47034792545125226, 0.47034792545125226, 0.23830839678470128, 0.23830839678470128, 0.23830839678470128, 0.10439277497336355, 0.46833255538664625]
Trust scores_s2 at iteration 63: [0.4247499999128742, 0.4247499999128742, 0.4247499999128742, 0.4247499999128742, 0.4247499999128742, 0.4474999999128742, 0.4474999999128742, 0.4474999999128742, 0.49999999991287425, 0.4352499999128742]
X.shape (10, 5)
s1 and s2 score at iteration 63
S_1 [0.44949238308449707, 0.44949238308449707, 0.44949238308449707, 0.44949238308449707, 0.44949238308449707, 0.4454203638277816, 0.4454203638277816, 0.4454203638277816, 0.03367948851943073, 0.5325594799746103]
S_2 [0.2, 0.2, 0.2, 0.2, 0.2, 0.2, 0.2, 0.2, 0.2, 0.2]
Trust scores at iteration 64: [0.017043958077873712, 0.017043958077873712, 0.017043958077873712, 0.017043958077873712, 0.017043958077873712, -0.34195522119054855, -0.34195522119054855, -0.34195522119054855, -0.8348778743755148, 0.04631557766328083]
Trust scores_s1 at iteration 64: [0.4558469789779488, 0.4558469789779488, 0.4558469789779488, 0.4558469789779488, 0.4558469789779488, 0.29227238934373767, 0.29227238934373767, 0.29227238934373767, 0.08256106275125458, 0.4778327887706524]
Trust scores_s2 at iteration 64: [0.4473249999390119, 0.4473249999390119, 0.4473249999390119, 0.4473249999390119, 0.4473249999390119, 0.46324999993901195, 0.46324999993901195, 0.46324999993901195, 0.49999999993901195, 0.45467499993901195]
X.shape (10, 5)
s1 and s2 score at iteration 64
S_1 [0.2946290257076054, 0.2946290257076054, 0.2946290257076054, 0.2946290257076054, 0.2946290257076054, -0.213920639559163, -0.213920639559163, -0.213920639559163, -0.12438603479127638, 0.14568683979575248]
S_2 [0.16666666666666666, 0.16666666666666666, 0.16666666666666666, 0.16666666666666666, 0.16666666666666666, 0.3333333333333333, 0.3333333333333333, 0.3333333333333333, 0.5, 0.16666666666666666]
Trust scores at iteration 65: [0.21193077065451163, 0.21193077065451163, 0.21193077065451163, 0.21193077065451163, 0.21193077065451163, -0.6571889857176818, -0.6571889857176818, -0.6571889857176818, -1.011068056627121, 0.08076355944981534]
Trust scores_s1 at iteration 65: [0.46909288528456417, 0.46909288528456417, 0.46909288528456417, 0.46909288528456417, 0.46909288528456417, 0.09568050709846743, 0.09568050709846743, 0.09568050709846743, -0.005534028356252163, 0.40865427968221607]
Trust scores_s2 at iteration 65: [0.3631274999573083, 0.3631274999573083, 0.3631274999573083, 0.3631274999573083, 0.3631274999573083, 0.42427499995730833, 0.42427499995730833, 0.42427499995730833, 0.49999999995730837, 0.3682724999573083]
X.shape (10, 5)
s1 and s2 score at iteration 65
S_1 [0.41243569004051744, 0.41243569004051744, 0.41243569004051744, 0.41243569004051744, 0.41243569004051744, 0.40039919686631137, 0.40039919686631137, 0.40039919686631137, -0.23718646981975422, 0.026708097147414622]
S_2 [0.2, 0.2, 0.2, 0.2, 0.2, 0.3333333333333333, 0.3333333333333333, 0.3333333333333333, 0.5, 0.5]
Trust scores at iteration 66: [0.32835153945815815, 0.32835153945815815, 0.32835153945815815, 0.32835153945815815, 0.32835153945815815, -0.36878746817793007, -0.36878746817793007, -0.36878746817793007, -1.1802737877493386, -0.22403840899070676]
Trust scores_s1 at iteration 66: [0.4783650196991949, 0.4783650196991949, 0.4783650196991949, 0.4783650196991949, 0.4783650196991949, 0.2125987658811508, 0.2125987658811508, 0.2125987658811508, -0.09013689390455341, 0.29577154547476253]
Trust scores_s2 at iteration 66: [0.3141892499701158, 0.3141892499701158, 0.3141892499701158, 0.3141892499701158, 0.3141892499701158, 0.39699249997011576, 0.39699249997011576, 0.39699249997011576, 0.49999999997011585, 0.40779074997011583]
X.shape (10, 5)
s1 and s2 score at iteration 66
S_1 [0.6398129206853453, 0.6398129206853453, 0.6398129206853453, 0.6398129206853453, 0.6398129206853453, 0.6042439686719164, 0.6042439686719164, 0.6042439686719164, -0.6605247651882614, -0.18260876380204719]
S_2 [0.125, 0.125, 0.125, 0.125, 0.125, 0.125, 0.125, 0.125, 0.5, 0.5]
Trust scores at iteration 67: [0.4548460776207107, 0.4548460776207107, 0.4548460776207107, 0.4548460776207107, 0.4548460776207107, -0.049829049098646716, -0.049829049098646716, -0.049829049098646716, -1.4359031673223703, -0.5424497728740485]
Trust scores_s1 at iteration 67: [0.4848555137894365, 0.4848555137894365, 0.4848555137894365, 0.4848555137894365, 0.4848555137894365, 0.2904802254297577, 0.2904802254297577, 0.2904802254297577, -0.217951583682104, 0.16422863854205688]
Trust scores_s2 at iteration 67: [0.25743247497908106, 0.25743247497908106, 0.25743247497908106, 0.25743247497908106, 0.25743247497908106, 0.315394749979081, 0.315394749979081, 0.315394749979081, 0.4999999999790811, 0.4354535249790811]
X.shape (10, 5)
s1 and s2 score at iteration 67
S_1 [0.4518850621379272, 0.4518850621379272, 0.4518850621379272, 0.4518850621379272, 0.4518850621379272, 0.4270270322722255, 0.4270270322722255, 0.4270270322722255, -0.7063650903322359, -0.48532331120610817]
S_2 [0.125, 0.125, 0.125, 0.125, 0.125, 0.125, 0.125, 0.125, 0.5, 0.5]
Trust scores at iteration 68: [0.5433922543344976, 0.5433922543344976, 0.5433922543344976, 0.5433922543344976, 0.5433922543344976, 0.1736167767670656, 0.1736167767670656, 0.1736167767670656, -1.7740778514360724, -1.001914014122346]
Trust scores_s1 at iteration 68: [0.48939885965260554, 0.48939885965260554, 0.48939885965260554, 0.48939885965260554, 0.48939885965260554, 0.3450847133688896, 0.3450847133688896, 0.3450847133688896, -0.38703892573267945, -0.046139539575816194]
Trust scores_s2 at iteration 68: [0.21770273248535674, 0.21770273248535674, 0.21770273248535674, 0.21770273248535674, 0.21770273248535674, 0.2582763249853567, 0.2582763249853567, 0.2582763249853567, 0.49999999998535677, 0.45481746748535673]
X.shape (10, 5)
s1 and s2 score at iteration 68
S_1 [0.6232512249019183, 0.6232512249019183, 0.6232512249019183, 0.6232512249019183, 0.6232512249019183, 0.5243024699672437, 0.5243024699672437, 0.5243024699672437, -0.2185760466876789, 0.31281840350807616]
S_2 [0.125, 0.125, 0.125, 0.125, 0.125, 0.125, 0.125, 0.125, 0.5, 0.25]
Trust scores at iteration 69: [0.6053745780341483, 0.6053745780341483, 0.6053745780341483, 0.6053745780341483, 0.6053745780341483, 0.2989030744389853, 0.2989030744389853, 0.2989030744389853, -1.6470653827012582, -0.7007656636941262]
Trust scores_s1 at iteration 69: [0.4925792017568239, 0.4925792017568239, 0.4925792017568239, 0.4925792017568239, 0.4925792017568239, 0.36774496470924234, 0.36774496470924234, 0.36774496470924234, -0.3235326913608794, 0.04298939539268666]
Trust scores_s2 at iteration 69: [0.1898919127397497, 0.1898919127397497, 0.1898919127397497, 0.1898919127397497, 0.1898919127397497, 0.21829342748974967, 0.21829342748974967, 0.21829342748974967, 0.49999999998974975, 0.3933722272397497]
X.shape (10, 5)
s1 and s2 score at iteration 69
S_1 [0.12785249490258052, 0.12785249490258052, 0.12785249490258052, 0.12785249490258052, 0.12785249490258052, 0.028233994830120537, 0.028233994830120537, 0.028233994830120537, -0.3490648867648561, -0.09348400920572361]
S_2 [0.2, 0.2, 0.2, 0.2, 0.2, 0.25, 0.25, 0.25, 0.5, 0.25]
Trust scores at iteration 70: [0.6037622046239038, 0.6037622046239038, 0.6037622046239038, 0.6037622046239038, 0.6037622046239038, 0.125481922637698, 0.125481922637698, 0.125481922637698, -2.2720104729578385, -0.8598918933308582]
Trust scores_s1 at iteration 70: [0.4948054412297767, 0.4948054412297767, 0.4948054412297767, 0.4948054412297767, 0.4948054412297767, 0.2905463605616738, 0.2905463605616738, 0.2905463605616738, -0.6360052364860944, -0.07958538759760432]
Trust scores_s2 at iteration 70: [0.1929243389178248, 0.1929243389178248, 0.1929243389178248, 0.1929243389178248, 0.1929243389178248, 0.22780539924282478, 0.22780539924282478, 0.22780539924282478, 0.49999999999282485, 0.35036055906782476]
X.shape (10, 5)
s1 and s2 score at iteration 70
S_1 [0.09695731981650883, 0.09695731981650883, 0.09695731981650883, 0.09695731981650883, 0.09695731981650883, -0.03656483034541626, -0.03656483034541626, -0.03656483034541626, -0.21891730380941032, 0.078844846387454]
S_2 [0.2, 0.2, 0.2, 0.2, 0.2, 0.2, 0.2, 0.2, 0.2, 0.2]
Trust scores at iteration 71: [0.4226335432367327, 0.4226335432367327, 0.4226335432367327, 0.4226335432367327, 0.4226335432367327, -0.3252995387579353, -0.3252995387579353, -0.3252995387579353, -2.5677691977878534, -0.6579669432484303]
Trust scores_s1 at iteration 71: [0.4963638088608437, 0.4963638088608437, 0.4963638088608437, 0.4963638088608437, 0.4963638088608437, 0.14681401009100975, 0.14681401009100975, 0.14681401009100975, -0.7838845988989492, 0.06626891972326224]
Trust scores_s2 at iteration 71: [0.2850470372424774, 0.2850470372424774, 0.2850470372424774, 0.2850470372424774, 0.2850470372424774, 0.3094637794699774, 0.3094637794699774, 0.3094637794699774, 0.4999999999949774, 0.39525239134747736]
X.shape (10, 5)
s1 and s2 score at iteration 71
S_1 [0.38784976053027975, 0.38784976053027975, 0.38784976053027975, 0.38784976053027975, 0.38784976053027975, 0.2551944505483492, 0.2551944505483492, 0.2551944505483492, -0.493695141076223, -0.34029203947450504]
S_2 [0.2, 0.2, 0.2, 0.2, 0.2, 0.3333333333333333, 0.3333333333333333, 0.3333333333333333, 0.5, 0.5]
Trust scores at iteration 72: [0.4758434802657129, 0.4758434802657129, 0.4758434802657129, 0.4758434802657129, 0.4758434802657129, -0.23031794725084065, -0.23031794725084065, -0.23031794725084065, -2.4793093518700555, -1.0237911824969557]
Trust scores_s1 at iteration 72: [0.4974546662025906, 0.4974546662025906, 0.4974546662025906, 0.4974546662025906, 0.4974546662025906, 0.20146567200356386, 0.20146567200356386, 0.20146567200356386, -0.7396546759385435, -0.08521891730524361]
Trust scores_s2 at iteration 72: [0.25953292606973416, 0.25953292606973416, 0.25953292606973416, 0.25953292606973416, 0.25953292606973416, 0.3166246456289842, 0.3166246456289842, 0.3166246456289842, 0.4999999999964842, 0.42667667394323416]
X.shape (10, 5)
s1 and s2 score at iteration 72
S_1 [0.07641669517289412, 0.07641669517289412, 0.07641669517289412, 0.07641669517289412, 0.07641669517289412, 0.04797401508449146, 0.04797401508449146, 0.04797401508449146, 0.077674337421732, -0.2408194706728309]
S_2 [0.2, 0.2, 0.2, 0.2, 0.2, 0.2, 0.2, 0.2, 0.2, 0.2]
Trust scores at iteration 73: [0.3282330703277895, 0.3282330703277895, 0.3282330703277895, 0.3282330703277895, 0.3282330703277895, -0.27593350876148326, -0.27593350876148326, -0.27593350876148326, -1.7355165463090387, -1.946765929117865]
Trust scores_s1 at iteration 73: [0.4957895834127087, 0.4957895834127087, 0.4957895834127087, 0.4957895834127087, 0.4957895834127087, 0.2336704975595473, 0.2336704975595473, 0.2336704975595473, -0.3677582731569804, -0.5247092927986686]
Trust scores_s2 at iteration 73: [0.33167304824881394, 0.33167304824881394, 0.33167304824881394, 0.33167304824881394, 0.33167304824881394, 0.37163725194028896, 0.37163725194028896, 0.37163725194028896, 0.49999999999753897, 0.4486736717602639]
X.shape (10, 5)
s1 and s2 score at iteration 73
S_1 [0.1212458320107516, 0.1212458320107516, 0.1212458320107516, 0.1212458320107516, 0.1212458320107516, -0.09641245464069269, -0.09641245464069269, -0.09641245464069269, -0.3844046587724683, -0.3221044747890334]
S_2 [0.2, 0.2, 0.2, 0.2, 0.2, 0.3333333333333333, 0.3333333333333333, 0.3333333333333333, 0.5, 0.5]
Trust scores at iteration 74: [0.4097631492294527, 0.4097631492294527, 0.4097631492294527, 0.4097631492294527, 0.4097631492294527, -0.631707936006977, -0.631707936006977, -0.631707936006977, -2.4659985882765723, -2.4597230721938974]
Trust scores_s1 at iteration 74: [0.4970527083888961, 0.4970527083888961, 0.4970527083888961, 0.4970527083888961, 0.4970527083888961, 0.044292108354713686, 0.044292108354713686, 0.044292108354713686, -0.7329992941400088, -0.7657899658647639]
Trust scores_s2 at iteration 74: [0.29217113377416976, 0.29217113377416976, 0.29217113377416976, 0.29217113377416976, 0.29217113377416976, 0.3601460763582023, 0.3601460763582023, 0.3601460763582023, 0.49999999999827727, 0.46407157023218476]
X.shape (10, 5)
s1 and s2 score at iteration 74
S_1 [0.5622933672573391, 0.5622933672573391, 0.5622933672573391, 0.5622933672573391, 0.5622933672573391, 0.3399344027827125, 0.3399344027827125, 0.3399344027827125, -0.5039697544017012, -0.007810833976261786]
S_2 [0.125, 0.125, 0.125, 0.125, 0.125, 0.125, 0.125, 0.125, 0.5, 0.5]
Trust scores at iteration 75: [0.5118342044606169, 0.5118342044606169, 0.5118342044606169, 0.5118342044606169, 0.5118342044606169, -0.33583058315793207, -0.33583058315793207, -0.33583058315793207, -2.2950816540662, -2.025973459505258]
Trust scores_s1 at iteration 75: [0.4979368958722273, 0.4979368958722273, 0.4979368958722273, 0.4979368958722273, 0.4979368958722273, 0.12168696187177551, 0.12168696187177551, 0.12168696187177551, -0.6475408270343057, -0.5381366305900994]
Trust scores_s2 at iteration 75: [0.24201979364191883, 0.24201979364191883, 0.24201979364191883, 0.24201979364191883, 0.24201979364191883, 0.28960225345074164, 0.28960225345074164, 0.28960225345074164, 0.4999999999987941, 0.47485009916252935]
X.shape (10, 5)
s1 and s2 score at iteration 75
S_1 [0.5588170694856742, 0.5588170694856742, 0.5588170694856742, 0.5588170694856742, 0.5588170694856742, 0.5721639848754678, 0.5721639848754678, 0.5721639848754678, -0.3883878229511588, -0.29790221317376697]
S_2 [0.125, 0.125, 0.125, 0.125, 0.125, 0.125, 0.125, 0.125, 0.5, 0.5]
Trust scores at iteration 76: [0.5762858189433828, 0.5762858189433828, 0.5762858189433828, 0.5762858189433828, 0.5762858189433828, -0.010081408210552395, -0.010081408210552395, -0.010081408210552395, -2.1101986836419693, -1.8743790613418576]
Trust scores_s1 at iteration 76: [0.4950567650210346, 0.4950567650210346, 0.4950567650210346, 0.4950567650210346, 0.4950567650210346, 0.23518087331024287, 0.23518087331024287, 0.23518087331024287, -0.5550993418218286, -0.4547944612571582]
Trust scores_s2 at iteration 76: [0.2069138555493432, 0.2069138555493432, 0.2069138555493432, 0.2069138555493432, 0.2069138555493432, 0.24022157741551914, 0.24022157741551914, 0.24022157741551914, 0.49999999999915584, 0.4823950694137705]
X.shape (10, 5)
s1 and s2 score at iteration 76
S_1 [0.2552325571888743, 0.2552325571888743, 0.2552325571888743, 0.2552325571888743, 0.2552325571888743, -0.17806866565467944, -0.17806866565467944, -0.17806866565467944, 0.07700479659994358, -0.072303527951685]
S_2 [0.2, 0.2, 0.2, 0.2, 0.2, 0.3333333333333333, 0.3333333333333333, 0.3333333333333333, 0.5, 0.5]
Trust scores at iteration 77: [0.583400073260368, 0.583400073260368, 0.583400073260368, 0.583400073260368, 0.583400073260368, -0.4163586527634489, -0.4163586527634489, -0.4163586527634489, -1.6866277455344143, -1.6970508111899434]
Trust scores_s1 at iteration 77: [0.4965397355147242, 0.4965397355147242, 0.4965397355147242, 0.4965397355147242, 0.4965397355147242, 0.05997577780913885, 0.05997577780913885, 0.05997577780913885, -0.34331387276779796, -0.36084885700533226]
Trust scores_s2 at iteration 77: [0.20483969888454023, 0.20483969888454023, 0.20483969888454023, 0.20483969888454023, 0.20483969888454023, 0.2681551041908634, 0.2681551041908634, 0.2681551041908634, 0.4999999999994091, 0.4876765485896394]
X.shape (10, 5)
s1 and s2 score at iteration 77
S_1 [0.7580215641545835, 0.7580215641545835, 0.7580215641545835, 0.7580215641545835, 0.7580215641545835, 0.8084046999950601, 0.8084046999950601, 0.8084046999950601, 0.082286949417748, 0.5412353507013177]
S_2 [0.1111111111111111, 0.1111111111111111, 0.1111111111111111, 0.1111111111111111, 0.1111111111111111, 0.1111111111111111, 0.1111111111111111, 0.1111111111111111, 0.5, 0.1111111111111111]
Trust scores at iteration 78: [0.6230161395943344, 0.6230161395943344, 0.6230161395943344, 0.6230161395943344, 0.6230161395943344, -0.058117723601080834, -0.058117723601080834, -0.058117723601080834, -1.4501026315443513, -1.0537491157443952]
Trust scores_s1 at iteration 78: [0.4882291923496787, 0.4882291923496787, 0.4882291923496787, 0.4882291923496787, 0.4882291923496787, 0.19198304446639722, 0.19198304446639722, 0.19198304446639722, -0.22505131577258924, -0.15216764052611667]
Trust scores_s2 at iteration 78: [0.1767211225525115, 0.1767211225525115, 0.1767211225525115, 0.1767211225525115, 0.1767211225525115, 0.2210419062669377, 0.2210419062669377, 0.2210419062669377, 0.4999999999995864, 0.37470691734608086]
X.shape (10, 5)
s1 and s2 score at iteration 78
S_1 [0.6248361224874043, 0.6248361224874043, 0.6248361224874043, 0.6248361224874043, 0.6248361224874043, 0.6491351195547923, 0.6491351195547923, 0.6491351195547923, -0.06440670940620047, 0.2706454874182303]
S_2 [0.125, 0.125, 0.125, 0.125, 0.125, 0.125, 0.125, 0.125, 0.5, 0.25]
Trust scores at iteration 79: [0.6498814337006408, 0.6498814337006408, 0.6498814337006408, 0.6498814337006408, 0.6498814337006408, 0.18431759347924345, 0.18431759347924345, 0.18431759347924345, -1.344837621561768, -0.7625446498841209]
Trust scores_s1 at iteration 79: [0.48614550263707845, 0.48614550263707845, 0.48614550263707845, 0.48614550263707845, 0.48614550263707845, 0.2843881311264781, 0.2843881311264781, 0.2843881311264781, -0.17241881078117352, -0.04397748279980375]
Trust scores_s2 at iteration 79: [0.16120478578675804, 0.16120478578675804, 0.16120478578675804, 0.16120478578675804, 0.16120478578675804, 0.19222933438685638, 0.19222933438685638, 0.19222933438685638, 0.49999999999971045, 0.3372948421422566]
X.shape (10, 5)
s1 and s2 score at iteration 79
S_1 [0.27677336978688166, 0.27677336978688166, 0.27677336978688166, 0.27677336978688166, 0.27677336978688166, 0.2423356338938015, 0.2423356338938015, 0.2423356338938015, -0.16249401140534486, -0.3133370781018657]
S_2 [0.2, 0.2, 0.2, 0.2, 0.2, 0.25, 0.25, 0.25, 0.25, 0.5]
Trust scores at iteration 80: [0.6349170035904486, 0.6349170035904486, 0.6349170035904486, 0.6349170035904486, 0.6349170035904486, 0.2416945885089989, 0.2416945885089989, 0.2416945885089989, -1.2675167318114626, -1.173413364405941]
Trust scores_s1 at iteration 80: [0.49030185184595493, 0.49030185184595493, 0.49030185184595493, 0.49030185184595493, 0.49030185184595493, 0.3304078283252989, 0.3304078283252989, 0.3304078283252989, -0.208758365905934, -0.20060029270339078]
Trust scores_s2 at iteration 80: [0.17284335005073065, 0.17284335005073065, 0.17284335005073065, 0.17284335005073065, 0.17284335005073065, 0.20956053407079947, 0.20956053407079947, 0.20956053407079947, 0.4249999999997973, 0.38610638949957965]
X.shape (10, 5)
s1 and s2 score at iteration 80
S_1 [0.19186341134444493, 0.19186341134444493, 0.19186341134444493, 0.19186341134444493, 0.19186341134444493, -0.3447141113011662, -0.3447141113011662, -0.3447141113011662, 0.21924588970859998, 0.008058980430218207]
S_2 [0.16666666666666666, 0.16666666666666666, 0.16666666666666666, 0.16666666666666666, 0.16666666666666666, 0.3333333333333333, 0.3333333333333333, 0.3333333333333333, 0.16666666666666666, 0.5]
Trust scores at iteration 81: [0.6069737268491555, 0.6069737268491555, 0.6069737268491555, 0.6069737268491555, 0.6069737268491555, -0.5024953029300134, -0.5024953029300134, -0.5024953029300134, -0.6872617122680237, -1.1103620371614427]
Trust scores_s1 at iteration 81: [0.4744772084600893, 0.4744772084600893, 0.4744772084600893, 0.4744772084600893, 0.4744772084600893, -0.004555277615447106, -0.004555277615447106, -0.004555277615447106, 0.0038691438658462474, -0.13490654593101553]
Trust scores_s2 at iteration 81: [0.17099034503551144, 0.17099034503551144, 0.17099034503551144, 0.17099034503551144, 0.17099034503551144, 0.24669237384955964, 0.24669237384955964, 0.24669237384955964, 0.3474999999998581, 0.42027447264970574]
X.shape (10, 5)
s1 and s2 score at iteration 81
S_1 [1.0, 1.0, 1.0, 1.0, 1.0, 1.0, 1.0, 1.0, 1.0, 1.0]
S_2 [0.1, 0.1, 0.1, 0.1, 0.1, 0.1, 0.1, 0.1, 0.1, 0.1]
Trust scores at iteration 82: [0.42488160879440884, 0.42488160879440884, 0.42488160879440884, 0.42488160879440884, 0.42488160879440884, -0.3517467120510094, -0.3517467120510094, -0.3517467120510094, -0.48108319858761656, -0.7772534260130098]
Trust scores_s1 at iteration 82: [0.4821340459220625, 0.4821340459220625, 0.4821340459220625, 0.4821340459220625, 0.4821340459220625, 0.14681130566918704, 0.14681130566918704, 0.14681130566918704, 0.1527084007060924, 0.05556541784828915]
Trust scores_s2 at iteration 82: [0.269693241524858, 0.269693241524858, 0.269693241524858, 0.269693241524858, 0.269693241524858, 0.3226846616946918, 0.3226846616946918, 0.3226846616946918, 0.3932499999999007, 0.44419213085479403]
X.shape (10, 5)
s1 and s2 score at iteration 82
S_1 [1.0, 1.0, 1.0, 1.0, 1.0, 1.0, 1.0, 1.0, 1.0, 1.0]
S_2 [0.1, 0.1, 0.1, 0.1, 0.1, 0.1, 0.1, 0.1, 0.1, 0.1]
Trust scores at iteration 83: [0.2974171261560862, 0.2974171261560862, 0.2974171261560862, 0.2974171261560862, 0.2974171261560862, -0.24622269843570654, -0.24622269843570654, -0.24622269843570654, -0.33675823901133156, -0.5440773982091068]
Trust scores_s1 at iteration 83: [0.48749383214544373, 0.48749383214544373, 0.48749383214544373, 0.48749383214544373, 0.48749383214544373, 0.25276791396843096, 0.25276791396843096, 0.25276791396843096, 0.2568958804942647, 0.18889579249380242]
Trust scores_s2 at iteration 83: [0.3387852690674006, 0.3387852690674006, 0.3387852690674006, 0.3387852690674006, 0.3387852690674006, 0.3758792631862843, 0.3758792631862843, 0.3758792631862843, 0.42527499999993046, 0.4609344915983558]
X.shape (10, 5)
s1 and s2 score at iteration 83
S_1 [1.0, 1.0, 1.0, 1.0, 1.0, 1.0, 1.0, 1.0, 1.0, 1.0]
S_2 [0.1, 0.1, 0.1, 0.1, 0.1, 0.1, 0.1, 0.1, 0.1, 0.1]
Trust scores at iteration 84: [0.2081919883092603, 0.2081919883092603, 0.2081919883092603, 0.2081919883092603, 0.2081919883092603, -0.17235588890499456, -0.17235588890499456, -0.17235588890499456, -0.23573076730793208, -0.3808541787463748]
Trust scores_s1 at iteration 84: [0.4912456825018106, 0.4912456825018106, 0.4912456825018106, 0.4912456825018106, 0.4912456825018106, 0.3269375397779017, 0.3269375397779017, 0.3269375397779017, 0.32982711634598527, 0.2822270547456617]
Trust scores_s2 at iteration 84: [0.38714968834718044, 0.38714968834718044, 0.38714968834718044, 0.38714968834718044, 0.38714968834718044, 0.413115484230399, 0.413115484230399, 0.413115484230399, 0.4476924999999513, 0.4726541441188491]
X.shape (10, 5)
s1 and s2 score at iteration 84
S_1 [0.9999999999999998, 0.9999999999999998, 0.9999999999999998, 0.9999999999999998, 0.9999999999999998, 0.9999999999999998, 0.9999999999999998, 0.9999999999999998, 0.9999999999999998, 0.9999999999999998]
S_2 [0.1, 0.1, 0.1, 0.1, 0.1, 0.1, 0.1, 0.1, 0.1, 0.1]
Trust scores at iteration 85: [0.1457343918164822, 0.1457343918164822, 0.1457343918164822, 0.1457343918164822, 0.1457343918164822, -0.12064912223349619, -0.12064912223349619, -0.12064912223349619, -0.16501153711555244, -0.26659792512246233]
Trust scores_s1 at iteration 85: [0.49387197775126745, 0.49387197775126745, 0.49387197775126745, 0.49387197775126745, 0.49387197775126745, 0.3788562778445312, 0.3788562778445312, 0.3788562778445312, 0.3808789814421897, 0.34755893832196316]
Trust scores_s2 at iteration 85: [0.4210047818430263, 0.4210047818430263, 0.4210047818430263, 0.4210047818430263, 0.4210047818430263, 0.4391808389612793, 0.4391808389612793, 0.4391808389612793, 0.46338474999996593, 0.48085790088319436]
X.shape (10, 5)
s1 and s2 score at iteration 85
S_1 [1.0, 1.0, 1.0, 1.0, 1.0, 1.0, 1.0, 1.0, 1.0, 1.0]
S_2 [0.1, 0.1, 0.1, 0.1, 0.1, 0.1, 0.1, 0.1, 0.1, 0.1]
Trust scores at iteration 86: [0.10201407427153754, 0.10201407427153754, 0.10201407427153754, 0.10201407427153754, 0.10201407427153754, -0.08445438556344732, -0.08445438556344732, -0.08445438556344732, -0.1155080759808867, -0.18661854758572363]
Trust scores_s1 at iteration 86: [0.4957103844258872, 0.4957103844258872, 0.4957103844258872, 0.4957103844258872, 0.4957103844258872, 0.4151993944911718, 0.4151993944911718, 0.4151993944911718, 0.41661528700953276, 0.39329125682537425]
Trust scores_s2 at iteration 86: [0.4447033472901184, 0.4447033472901184, 0.4447033472901184, 0.4447033472901184, 0.4447033472901184, 0.45742658727289554, 0.45742658727289554, 0.45742658727289554, 0.47436932499997614, 0.48660053061823605]
X.shape (10, 5)
s1 and s2 score at iteration 86
S_1 [0.9999999999999998, 0.9999999999999998, 0.9999999999999998, 0.9999999999999998, 0.9999999999999998, 0.9999999999999998, 0.9999999999999998, 0.9999999999999998, 0.9999999999999998, 0.9999999999999998]
S_2 [0.1, 0.1, 0.1, 0.1, 0.1, 0.1, 0.1, 0.1, 0.1, 0.1]
Trust scores at iteration 87: [0.07140985199007627, 0.07140985199007627, 0.07140985199007627, 0.07140985199007627, 0.07140985199007627, -0.05911806989441312, -0.05911806989441312, -0.05911806989441312, -0.08085565318662069, -0.13063298331000653]
Trust scores_s1 at iteration 87: [0.49699726909812103, 0.49699726909812103, 0.49699726909812103, 0.49699726909812103, 0.49699726909812103, 0.44063957614382027, 0.44063957614382027, 0.44063957614382027, 0.44163070090667295, 0.42530387977776196]
Trust scores_s2 at iteration 87: [0.46129234310308287, 0.46129234310308287, 0.46129234310308287, 0.46129234310308287, 0.46129234310308287, 0.4701986110910269, 0.4701986110910269, 0.4701986110910269, 0.4820585274999833, 0.4906203714327652]
X.shape (10, 5)
s1 and s2 score at iteration 87
S_1 [0.9999999999999998, 0.9999999999999998, 0.9999999999999998, 0.9999999999999998, 0.9999999999999998, 0.9999999999999998, 0.9999999999999998, 0.9999999999999998, 0.9999999999999998, 0.9999999999999998]
S_2 [0.1, 0.1, 0.1, 0.1, 0.1, 0.1, 0.1, 0.1, 0.1, 0.1]
Trust scores at iteration 88: [0.049986896393053384, 0.049986896393053384, 0.049986896393053384, 0.049986896393053384, 0.049986896393053384, -0.041382648926089186, -0.041382648926089186, -0.041382648926089186, -0.05659895723063448, -0.09144308831700457]
Trust scores_s1 at iteration 88: [0.4978980883686847, 0.4978980883686847, 0.4978980883686847, 0.4978980883686847, 0.4978980883686847, 0.4584477033006742, 0.4584477033006742, 0.4584477033006742, 0.4591414906346711, 0.4477127158444334]
Trust scores_s2 at iteration 88: [0.472904640172158, 0.472904640172158, 0.472904640172158, 0.472904640172158, 0.472904640172158, 0.4791390277637188, 0.4791390277637188, 0.4791390277637188, 0.4874409692499883, 0.49343426000293567]
X.shape (10, 5)
s1 and s2 score at iteration 88
S_1 [1.0, 1.0, 1.0, 1.0, 1.0, 1.0, 1.0, 1.0, 1.0, 1.0]
S_2 [0.1, 0.1, 0.1, 0.1, 0.1, 0.1, 0.1, 0.1, 0.1, 0.1]
Trust scores at iteration 89: [0.03499082747513737, 0.03499082747513737, 0.03499082747513737, 0.03499082747513737, 0.03499082747513737, -0.02896785424826243, -0.02896785424826243, -0.02896785424826243, -0.03961927006144413, -0.0640101618219032]
Trust scores_s1 at iteration 89: [0.4985286618580793, 0.4985286618580793, 0.4985286618580793, 0.4985286618580793, 0.4985286618580793, 0.4709133923104719, 0.4709133923104719, 0.4709133923104719, 0.47139904344426975, 0.4633989010911034]
Trust scores_s2 at iteration 89: [0.4810332481205106, 0.4810332481205106, 0.4810332481205106, 0.4810332481205106, 0.4810332481205106, 0.4853973194346032, 0.4853973194346032, 0.4853973194346032, 0.49120867847499183, 0.495403982002055]
X.shape (10, 5)
s1 and s2 score at iteration 89
S_1 [0.9999999999999998, 0.9999999999999998, 0.9999999999999998, 0.9999999999999998, 0.9999999999999998, 0.9999999999999998, 0.9999999999999998, 0.9999999999999998, 0.9999999999999998, 0.9999999999999998]
S_2 [0.1, 0.1, 0.1, 0.1, 0.1, 0.1, 0.1, 0.1, 0.1, 0.1]
Trust scores at iteration 90: [0.024493579232596156, 0.024493579232596156, 0.024493579232596156, 0.024493579232596156, 0.024493579232596156, -0.020277497973783698, -0.020277497973783698, -0.020277497973783698, -0.02773348904301089, -0.04480711327533223]
Trust scores_s1 at iteration 90: [0.4989700633006555, 0.4989700633006555, 0.4989700633006555, 0.4989700633006555, 0.4989700633006555, 0.47963937461733036, 0.47963937461733036, 0.47963937461733036, 0.47997933041098884, 0.47437923076377236]
Trust scores_s2 at iteration 90: [0.4867232736843574, 0.4867232736843574, 0.4867232736843574, 0.4867232736843574, 0.4867232736843574, 0.48977812360422224, 0.48977812360422224, 0.48977812360422224, 0.49384607493249427, 0.4967827874014385]
X.shape (10, 5)
s1 and s2 score at iteration 90
S_1 [1.0, 1.0, 1.0, 1.0, 1.0, 1.0, 1.0, 1.0, 1.0, 1.0]
S_2 [0.1, 0.1, 0.1, 0.1, 0.1, 0.1, 0.1, 0.1, 0.1, 0.1]
Trust scores at iteration 91: [0.017145505462817307, 0.017145505462817307, 0.017145505462817307, 0.017145505462817307, 0.017145505462817307, -0.014194248581648588, -0.014194248581648588, -0.014194248581648588, -0.01941344233010762, -0.03136497929273256]
Trust scores_s1 at iteration 91: [0.4992790443104589, 0.4992790443104589, 0.4992790443104589, 0.4992790443104589, 0.4992790443104589, 0.4857475622321313, 0.4857475622321313, 0.4857475622321313, 0.4859855312876922, 0.48206546153464064]
Trust scores_s2 at iteration 91: [0.4907062915790502, 0.4907062915790502, 0.4907062915790502, 0.4907062915790502, 0.4907062915790502, 0.49284468652295554, 0.49284468652295554, 0.49284468652295554, 0.495692252452746, 0.49774795118100695]
X.shape (10, 5)
s1 and s2 score at iteration 91
S_1 [1.0, 1.0, 1.0, 1.0, 1.0, 1.0, 1.0, 1.0, 1.0, 1.0]
S_2 [0.1, 0.1, 0.1, 0.1, 0.1, 0.1, 0.1, 0.1, 0.1, 0.1]
Trust scores at iteration 92: [0.012001853823972114, 0.012001853823972114, 0.012001853823972114, 0.012001853823972114, 0.012001853823972114, -0.009935974007154012, -0.009935974007154012, -0.009935974007154012, -0.013589409631075335, -0.021955485504912792]
Trust scores_s1 at iteration 92: [0.49949533101732124, 0.49949533101732124, 0.49949533101732124, 0.49949533101732124, 0.49949533101732124, 0.4900232935624919, 0.4900232935624919, 0.4900232935624919, 0.4901898719013845, 0.48744582307424844]
Trust scores_s2 at iteration 92: [0.4934944041053351, 0.4934944041053351, 0.4934944041053351, 0.4934944041053351, 0.4934944041053351, 0.4949912805660689, 0.4949912805660689, 0.4949912805660689, 0.4969845767169222, 0.4984235658267049]
X.shape (10, 5)
s1 and s2 score at iteration 92
S_1 [1.0, 1.0, 1.0, 1.0, 1.0, 1.0, 1.0, 1.0, 1.0, 1.0]
S_2 [0.1, 0.1, 0.1, 0.1, 0.1, 0.1, 0.1, 0.1, 0.1, 0.1]
Trust scores at iteration 93: [0.00840129767678048, 0.00840129767678048, 0.00840129767678048, 0.00840129767678048, 0.00840129767678048, -0.006955181805007808, -0.006955181805007808, -0.006955181805007808, -0.009512586741752734, -0.015368839853438954]
Trust scores_s1 at iteration 93: [0.49964673171212487, 0.49964673171212487, 0.49964673171212487, 0.49964673171212487, 0.49964673171212487, 0.49301630549374437, 0.49301630549374437, 0.49301630549374437, 0.4931329103309692, 0.49121207615197393]
Trust scores_s2 at iteration 93: [0.4954460828737346, 0.4954460828737346, 0.4954460828737346, 0.4954460828737346, 0.4954460828737346, 0.49649389639624825, 0.49649389639624825, 0.49649389639624825, 0.49788920370184553, 0.4988964960786934]
X.shape (10, 5)
s1 and s2 score at iteration 93
S_1 [1.0, 1.0, 1.0, 1.0, 1.0, 1.0, 1.0, 1.0, 1.0, 1.0]
S_2 [0.1, 0.1, 0.1, 0.1, 0.1, 0.1, 0.1, 0.1, 0.1, 0.1]
Trust scores at iteration 94: [0.005880908373746335, 0.005880908373746335, 0.005880908373746335, 0.005880908373746335, 0.005880908373746335, -0.004868627263505465, -0.004868627263505465, -0.004868627263505465, -0.0066588107192269135, -0.010758187897407267]
Trust scores_s1 at iteration 94: [0.49975271219848744, 0.49975271219848744, 0.49975271219848744, 0.49975271219848744, 0.49975271219848744, 0.4951114138456211, 0.4951114138456211, 0.4951114138456211, 0.4951930372316784, 0.4938484533063818]
Trust scores_s2 at iteration 94: [0.4968122580116142, 0.4968122580116142, 0.4968122580116142, 0.4968122580116142, 0.4968122580116142, 0.4975457274773738, 0.4975457274773738, 0.4975457274773738, 0.49852244259129186, 0.4992275472550854]
X.shape (10, 5)
s1 and s2 score at iteration 94
S_1 [1.0, 1.0, 1.0, 1.0, 1.0, 1.0, 1.0, 1.0, 1.0, 1.0]
S_2 [0.1, 0.1, 0.1, 0.1, 0.1, 0.1, 0.1, 0.1, 0.1, 0.1]
Trust scores at iteration 95: [0.004116635861622434, 0.004116635861622434, 0.004116635861622434, 0.004116635861622434, 0.004116635861622434, -0.0034080390844538253, -0.0034080390844538253, -0.0034080390844538253, -0.004661167503458839, -0.0075307315281850865]
Trust scores_s1 at iteration 95: [0.4998268985389412, 0.4998268985389412, 0.4998268985389412, 0.4998268985389412, 0.4998268985389412, 0.49657798969193473, 0.49657798969193473, 0.49657798969193473, 0.49663512606217486, 0.49569391731446727]
Trust scores_s2 at iteration 95: [0.49776858060812995, 0.49776858060812995, 0.49776858060812995, 0.49776858060812995, 0.49776858060812995, 0.49828200923416166, 0.49828200923416166, 0.49828200923416166, 0.4989657098139043, 0.4994592830785598]
X.shape (10, 5)
s1 and s2 score at iteration 95
S_1 [1.0, 1.0, 1.0, 1.0, 1.0, 1.0, 1.0, 1.0, 1.0, 1.0]
S_2 [0.1, 0.1, 0.1, 0.1, 0.1, 0.1, 0.1, 0.1, 0.1, 0.1]
Trust scores at iteration 96: [0.002881645103135704, 0.002881645103135704, 0.002881645103135704, 0.002881645103135704, 0.002881645103135704, -0.0023856273591176774, -0.0023856273591176774, -0.0023856273591176774, -0.003262817252421187, -0.005271512069729561]
Trust scores_s1 at iteration 96: [0.4998788289772588, 0.4998788289772588, 0.4998788289772588, 0.4998788289772588, 0.4998788289772588, 0.4976045927843543, 0.4976045927843543, 0.4976045927843543, 0.4976445882435224, 0.4969857421201271]
Trust scores_s2 at iteration 96: [0.49843800642569097, 0.49843800642569097, 0.49843800642569097, 0.49843800642569097, 0.49843800642569097, 0.4987974064639132, 0.4987974064639132, 0.4987974064639132, 0.499275996869733, 0.49962149815499185]
X.shape (10, 5)
s1 and s2 score at iteration 96
S_1 [1.0, 1.0, 1.0, 1.0, 1.0, 1.0, 1.0, 1.0, 1.0, 1.0]
S_2 [0.1, 0.1, 0.1, 0.1, 0.1, 0.1, 0.1, 0.1, 0.1, 0.1]
Trust scores at iteration 97: [0.002017151572194993, 0.002017151572194993, 0.002017151572194993, 0.002017151572194993, 0.002017151572194993, -0.0016699391513823741, -0.0016699391513823741, -0.0016699391513823741, -0.002283972076694831, -0.003690058448810692]
Trust scores_s1 at iteration 97: [0.49991518028408116, 0.49991518028408116, 0.49991518028408116, 0.49991518028408116, 0.49991518028408116, 0.498323214949048, 0.498323214949048, 0.498323214949048, 0.4983512117704657, 0.49789001948408895]
Trust scores_s2 at iteration 97: [0.4989066044979837, 0.4989066044979837, 0.4989066044979837, 0.4989066044979837, 0.4989066044979837, 0.49915818452473926, 0.49915818452473926, 0.49915818452473926, 0.4994931978088131, 0.4997350487084943]
X.shape (10, 5)
s1 and s2 score at iteration 97
S_1 [1.0, 1.0, 1.0, 1.0, 1.0, 1.0, 1.0, 1.0, 1.0, 1.0]
S_2 [0.1, 0.1, 0.1, 0.1, 0.1, 0.1, 0.1, 0.1, 0.1, 0.1]
Trust scores at iteration 98: [0.0014120061005364949, 0.0014120061005364949, 0.0014120061005364949, 0.0014120061005364949, 0.0014120061005364949, -0.0011689574059676618, -0.0011689574059676618, -0.0011689574059676618, -0.0015987804536863816, -0.0025830409141674843]
Trust scores_s1 at iteration 98: [0.4999406261988568, 0.4999406261988568, 0.4999406261988568, 0.4999406261988568, 0.4999406261988568, 0.4988262504643336, 0.4988262504643336, 0.4988262504643336, 0.498845848239326, 0.49852301363886226]
Trust scores_s2 at iteration 98: [0.4992346231485886, 0.4992346231485886, 0.4992346231485886, 0.4992346231485886, 0.4992346231485886, 0.4994107291673175, 0.4994107291673175, 0.4994107291673175, 0.4996452384661692, 0.499814534095946]
X.shape (10, 5)
s1 and s2 score at iteration 98
S_1 [1.0, 1.0, 1.0, 1.0, 1.0, 1.0, 1.0, 1.0, 1.0, 1.0]
S_2 [0.1, 0.1, 0.1, 0.1, 0.1, 0.1, 0.1, 0.1, 0.1, 0.1]
Trust scores at iteration 99: [0.0009884042703755464, 0.0009884042703755464, 0.0009884042703755464, 0.0009884042703755464, 0.0009884042703755464, -0.0008182701841773632, -0.0008182701841773632, -0.0008182701841773632, -0.001119146317580467, -0.001808128639917239]
Trust scores_s1 at iteration 99: [0.4999584383391998, 0.4999584383391998, 0.4999584383391998, 0.4999584383391998, 0.4999584383391998, 0.4991783753250335, 0.4991783753250335, 0.4991783753250335, 0.4991920937675282, 0.4989661095472036]
Trust scores_s2 at iteration 99: [0.499464236204012, 0.499464236204012, 0.499464236204012, 0.499464236204012, 0.499464236204012, 0.49958751041712224, 0.49958751041712224, 0.49958751041712224, 0.49975166692631845, 0.4998701738671622]
X.shape (10, 5)
s1 and s2 score at iteration 99
S_1 [1.0, 1.0, 1.0, 1.0, 1.0, 1.0, 1.0, 1.0, 1.0, 1.0]
S_2 [0.1, 0.1, 0.1, 0.1, 0.1, 0.1, 0.1, 0.1, 0.1, 0.1]
Trust scores at iteration 100: [0.0006918829892628824, 0.0006918829892628824, 0.0006918829892628824, 0.0006918829892628824, 0.0006918829892628824, -0.0005727891289241542, -0.0005727891289241542, -0.0005727891289241542, -0.0007834024223063268, -0.0012656900479420673]
Trust scores_s1 at iteration 100: [0.49997090683743983, 0.49997090683743983, 0.49997090683743983, 0.49997090683743983, 0.49997090683743983, 0.49942486272752346, 0.49942486272752346, 0.49942486272752346, 0.49943446563726973, 0.49927627668304253]
Trust scores_s2 at iteration 100: [0.49962496534280837, 0.49962496534280837, 0.49962496534280837, 0.49962496534280837, 0.49962496534280837, 0.49971125729198557, 0.49971125729198557, 0.49971125729198557, 0.4998261668484229, 0.49990912170701357]
