chunks.shape 518399
chunks[0].shape 5
Loaded Tower 5 data for Tower 2 without noise: 518399 chunks
chunks.shape 518399
chunks[0].shape 5
Loaded Tower 5 data for Tower 3 without noise: 518399 chunks
chunks.shape 518399
chunks[0].shape 5
Loaded Tower 5 data for Tower 4 without noise: 518399 chunks
chunks.shape 518399
chunks[0].shape 5
Loaded Tower 5 data for Tower 5 without noise: 518399 chunks
chunks.shape 518399
chunks[0].shape 5
Loaded Tower 5 data for Tower 6 without noise: 518399 chunks
chunks.shape 518399
chunks[0].shape 5
Loaded Tower 5 data for Tower 7 with same noise (chunks 60-80): 518399 chunks
chunks.shape 518399
chunks[0].shape 5
Loaded Tower 5 data for Tower 8 with same noise (chunks 60-80): 518399 chunks
chunks.shape 518399
chunks[0].shape 5
Loaded Tower 5 data for Tower 9 with same noise (chunks 60-80): 518399 chunks
chunks.shape 518399
chunks[0].shape 5
Loaded Tower 5 data for Tower 10 with random noise (chunks 60-80): 518399 chunks
chunks.shape 518399
chunks[0].shape 5
Loaded Tower 5 data for Tower 11 with random noise (chunks 60-80): 518399 chunks
X.shape (10, 5)
s1 and s2 score at iteration 0
S_1 [1.0, 1.0, 1.0, 1.0, 1.0, 1.0, 1.0, 1.0, 1.0, 1.0]
S_2 [0.1, 0.1, 0.1, 0.1, 0.1, 0.1, 0.1, 0.1, 0.1, 0.1]
Trust scores at iteration 1: [0.0, 0.0, 0.0, 0.0, 0.0, 0.0, 0.0, 0.0, 0.0, 0.0]
Trust scores_s1 at iteration 1: [0.15000000000000002, 0.15000000000000002, 0.15000000000000002, 0.15000000000000002, 0.15000000000000002, 0.15000000000000002, 0.15000000000000002, 0.15000000000000002, 0.15000000000000002, 0.15000000000000002]
Trust scores_s2 at iteration 1: [0.15000000000000002, 0.15000000000000002, 0.15000000000000002, 0.15000000000000002, 0.15000000000000002, 0.15000000000000002, 0.15000000000000002, 0.15000000000000002, 0.15000000000000002, 0.15000000000000002]
X.shape (10, 5)
s1 and s2 score at iteration 1
S_1 [1.0, 1.0, 1.0, 1.0, 1.0, 1.0, 1.0, 1.0, 1.0, 1.0]
S_2 [0.1, 0.1, 0.1, 0.1, 0.1, 0.1, 0.1, 0.1, 0.1, 0.1]
Trust scores at iteration 2: [0.0, 0.0, 0.0, 0.0, 0.0, 0.0, 0.0, 0.0, 0.0, 0.0]
Trust scores_s1 at iteration 2: [0.255, 0.255, 0.255, 0.255, 0.255, 0.255, 0.255, 0.255, 0.255, 0.255]
Trust scores_s2 at iteration 2: [0.255, 0.255, 0.255, 0.255, 0.255, 0.255, 0.255, 0.255, 0.255, 0.255]
X.shape (10, 5)
s1 and s2 score at iteration 2
S_1 [1.0, 1.0, 1.0, 1.0, 1.0, 1.0, 1.0, 1.0, 1.0, 1.0]
S_2 [0.1, 0.1, 0.1, 0.1, 0.1, 0.1, 0.1, 0.1, 0.1, 0.1]
Trust scores at iteration 3: [0.0, 0.0, 0.0, 0.0, 0.0, 0.0, 0.0, 0.0, 0.0, 0.0]
Trust scores_s1 at iteration 3: [0.3285, 0.3285, 0.3285, 0.3285, 0.3285, 0.3285, 0.3285, 0.3285, 0.3285, 0.3285]
Trust scores_s2 at iteration 3: [0.3285, 0.3285, 0.3285, 0.3285, 0.3285, 0.3285, 0.3285, 0.3285, 0.3285, 0.3285]
X.shape (10, 5)
s1 and s2 score at iteration 3
S_1 [1.0, 1.0, 1.0, 1.0, 1.0, 1.0, 1.0, 1.0, 1.0, 1.0]
S_2 [0.1, 0.1, 0.1, 0.1, 0.1, 0.1, 0.1, 0.1, 0.1, 0.1]
Trust scores at iteration 4: [0.0, 0.0, 0.0, 0.0, 0.0, 0.0, 0.0, 0.0, 0.0, 0.0]
Trust scores_s1 at iteration 4: [0.37995, 0.37995, 0.37995, 0.37995, 0.37995, 0.37995, 0.37995, 0.37995, 0.37995, 0.37995]
Trust scores_s2 at iteration 4: [0.37995, 0.37995, 0.37995, 0.37995, 0.37995, 0.37995, 0.37995, 0.37995, 0.37995, 0.37995]
X.shape (10, 5)
s1 and s2 score at iteration 4
S_1 [0.9999999999999998, 0.9999999999999998, 0.9999999999999998, 0.9999999999999998, 0.9999999999999998, 0.9999999999999998, 0.9999999999999998, 0.9999999999999998, 0.9999999999999998, 0.9999999999999998]
S_2 [0.1, 0.1, 0.1, 0.1, 0.1, 0.1, 0.1, 0.1, 0.1, 0.1]
Trust scores at iteration 5: [0.0, 0.0, 0.0, 0.0, 0.0, 0.0, 0.0, 0.0, 0.0, 0.0]
Trust scores_s1 at iteration 5: [0.41596500000000003, 0.41596500000000003, 0.41596500000000003, 0.41596500000000003, 0.41596500000000003, 0.41596500000000003, 0.41596500000000003, 0.41596500000000003, 0.41596500000000003, 0.41596500000000003]
Trust scores_s2 at iteration 5: [0.41596500000000003, 0.41596500000000003, 0.41596500000000003, 0.41596500000000003, 0.41596500000000003, 0.41596500000000003, 0.41596500000000003, 0.41596500000000003, 0.41596500000000003, 0.41596500000000003]
X.shape (10, 5)
s1 and s2 score at iteration 5
S_1 [1.0, 1.0, 1.0, 1.0, 1.0, 1.0, 1.0, 1.0, 1.0, 1.0]
S_2 [0.1, 0.1, 0.1, 0.1, 0.1, 0.1, 0.1, 0.1, 0.1, 0.1]
Trust scores at iteration 6: [0.0, 0.0, 0.0, 0.0, 0.0, 0.0, 0.0, 0.0, 0.0, 0.0]
Trust scores_s1 at iteration 6: [0.4411755, 0.4411755, 0.4411755, 0.4411755, 0.4411755, 0.4411755, 0.4411755, 0.4411755, 0.4411755, 0.4411755]
Trust scores_s2 at iteration 6: [0.4411755, 0.4411755, 0.4411755, 0.4411755, 0.4411755, 0.4411755, 0.4411755, 0.4411755, 0.4411755, 0.4411755]
X.shape (10, 5)
s1 and s2 score at iteration 6
S_1 [1.0, 1.0, 1.0, 1.0, 1.0, 1.0, 1.0, 1.0, 1.0, 1.0]
S_2 [0.1, 0.1, 0.1, 0.1, 0.1, 0.1, 0.1, 0.1, 0.1, 0.1]
Trust scores at iteration 7: [0.0, 0.0, 0.0, 0.0, 0.0, 0.0, 0.0, 0.0, 0.0, 0.0]
Trust scores_s1 at iteration 7: [0.45882285, 0.45882285, 0.45882285, 0.45882285, 0.45882285, 0.45882285, 0.45882285, 0.45882285, 0.45882285, 0.45882285]
Trust scores_s2 at iteration 7: [0.45882285, 0.45882285, 0.45882285, 0.45882285, 0.45882285, 0.45882285, 0.45882285, 0.45882285, 0.45882285, 0.45882285]
X.shape (10, 5)
s1 and s2 score at iteration 7
S_1 [0.9999999999999998, 0.9999999999999998, 0.9999999999999998, 0.9999999999999998, 0.9999999999999998, 0.9999999999999998, 0.9999999999999998, 0.9999999999999998, 0.9999999999999998, 0.9999999999999998]
S_2 [0.1, 0.1, 0.1, 0.1, 0.1, 0.1, 0.1, 0.1, 0.1, 0.1]
Trust scores at iteration 8: [0.0, 0.0, 0.0, 0.0, 0.0, 0.0, 0.0, 0.0, 0.0, 0.0]
Trust scores_s1 at iteration 8: [0.471175995, 0.471175995, 0.471175995, 0.471175995, 0.471175995, 0.471175995, 0.471175995, 0.471175995, 0.471175995, 0.471175995]
Trust scores_s2 at iteration 8: [0.471175995, 0.471175995, 0.471175995, 0.471175995, 0.471175995, 0.471175995, 0.471175995, 0.471175995, 0.471175995, 0.471175995]
X.shape (10, 5)
s1 and s2 score at iteration 8
S_1 [1.0, 1.0, 1.0, 1.0, 1.0, 1.0, 1.0, 1.0, 1.0, 1.0]
S_2 [0.1, 0.1, 0.1, 0.1, 0.1, 0.1, 0.1, 0.1, 0.1, 0.1]
Trust scores at iteration 9: [0.0, 0.0, 0.0, 0.0, 0.0, 0.0, 0.0, 0.0, 0.0, 0.0]
Trust scores_s1 at iteration 9: [0.4798231965, 0.4798231965, 0.4798231965, 0.4798231965, 0.4798231965, 0.4798231965, 0.4798231965, 0.4798231965, 0.4798231965, 0.4798231965]
Trust scores_s2 at iteration 9: [0.4798231965, 0.4798231965, 0.4798231965, 0.4798231965, 0.4798231965, 0.4798231965, 0.4798231965, 0.4798231965, 0.4798231965, 0.4798231965]
X.shape (10, 5)
s1 and s2 score at iteration 9
S_1 [1.0, 1.0, 1.0, 1.0, 1.0, 1.0, 1.0, 1.0, 1.0, 1.0]
S_2 [0.1, 0.1, 0.1, 0.1, 0.1, 0.1, 0.1, 0.1, 0.1, 0.1]
Trust scores at iteration 10: [0.0, 0.0, 0.0, 0.0, 0.0, 0.0, 0.0, 0.0, 0.0, 0.0]
Trust scores_s1 at iteration 10: [0.48587623755, 0.48587623755, 0.48587623755, 0.48587623755, 0.48587623755, 0.48587623755, 0.48587623755, 0.48587623755, 0.48587623755, 0.48587623755]
Trust scores_s2 at iteration 10: [0.48587623755, 0.48587623755, 0.48587623755, 0.48587623755, 0.48587623755, 0.48587623755, 0.48587623755, 0.48587623755, 0.48587623755, 0.48587623755]
X.shape (10, 5)
s1 and s2 score at iteration 10
S_1 [1.0, 1.0, 1.0, 1.0, 1.0, 1.0, 1.0, 1.0, 1.0, 1.0]
S_2 [0.1, 0.1, 0.1, 0.1, 0.1, 0.1, 0.1, 0.1, 0.1, 0.1]
Trust scores at iteration 11: [0.0, 0.0, 0.0, 0.0, 0.0, 0.0, 0.0, 0.0, 0.0, 0.0]
Trust scores_s1 at iteration 11: [0.49011336628499996, 0.49011336628499996, 0.49011336628499996, 0.49011336628499996, 0.49011336628499996, 0.49011336628499996, 0.49011336628499996, 0.49011336628499996, 0.49011336628499996, 0.49011336628499996]
Trust scores_s2 at iteration 11: [0.49011336628499996, 0.49011336628499996, 0.49011336628499996, 0.49011336628499996, 0.49011336628499996, 0.49011336628499996, 0.49011336628499996, 0.49011336628499996, 0.49011336628499996, 0.49011336628499996]
X.shape (10, 5)
s1 and s2 score at iteration 11
S_1 [1.0, 1.0, 1.0, 1.0, 1.0, 1.0, 1.0, 1.0, 1.0, 1.0]
S_2 [0.1, 0.1, 0.1, 0.1, 0.1, 0.1, 0.1, 0.1, 0.1, 0.1]
Trust scores at iteration 12: [0.0, 0.0, 0.0, 0.0, 0.0, 0.0, 0.0, 0.0, 0.0, 0.0]
Trust scores_s1 at iteration 12: [0.49307935639949996, 0.49307935639949996, 0.49307935639949996, 0.49307935639949996, 0.49307935639949996, 0.49307935639949996, 0.49307935639949996, 0.49307935639949996, 0.49307935639949996, 0.49307935639949996]
Trust scores_s2 at iteration 12: [0.49307935639949996, 0.49307935639949996, 0.49307935639949996, 0.49307935639949996, 0.49307935639949996, 0.49307935639949996, 0.49307935639949996, 0.49307935639949996, 0.49307935639949996, 0.49307935639949996]
X.shape (10, 5)
s1 and s2 score at iteration 12
S_1 [1.0, 1.0, 1.0, 1.0, 1.0, 1.0, 1.0, 1.0, 1.0, 1.0]
S_2 [0.1, 0.1, 0.1, 0.1, 0.1, 0.1, 0.1, 0.1, 0.1, 0.1]
Trust scores at iteration 13: [0.0, 0.0, 0.0, 0.0, 0.0, 0.0, 0.0, 0.0, 0.0, 0.0]
Trust scores_s1 at iteration 13: [0.49515554947964996, 0.49515554947964996, 0.49515554947964996, 0.49515554947964996, 0.49515554947964996, 0.49515554947964996, 0.49515554947964996, 0.49515554947964996, 0.49515554947964996, 0.49515554947964996]
Trust scores_s2 at iteration 13: [0.49515554947964996, 0.49515554947964996, 0.49515554947964996, 0.49515554947964996, 0.49515554947964996, 0.49515554947964996, 0.49515554947964996, 0.49515554947964996, 0.49515554947964996, 0.49515554947964996]
X.shape (10, 5)
s1 and s2 score at iteration 13
S_1 [1.0, 1.0, 1.0, 1.0, 1.0, 1.0, 1.0, 1.0, 1.0, 1.0]
S_2 [0.1, 0.1, 0.1, 0.1, 0.1, 0.1, 0.1, 0.1, 0.1, 0.1]
Trust scores at iteration 14: [0.0, 0.0, 0.0, 0.0, 0.0, 0.0, 0.0, 0.0, 0.0, 0.0]
Trust scores_s1 at iteration 14: [0.496608884635755, 0.496608884635755, 0.496608884635755, 0.496608884635755, 0.496608884635755, 0.496608884635755, 0.496608884635755, 0.496608884635755, 0.496608884635755, 0.496608884635755]
Trust scores_s2 at iteration 14: [0.496608884635755, 0.496608884635755, 0.496608884635755, 0.496608884635755, 0.496608884635755, 0.496608884635755, 0.496608884635755, 0.496608884635755, 0.496608884635755, 0.496608884635755]
X.shape (10, 5)
s1 and s2 score at iteration 14
S_1 [1.0, 1.0, 1.0, 1.0, 1.0, 1.0, 1.0, 1.0, 1.0, 1.0]
S_2 [0.1, 0.1, 0.1, 0.1, 0.1, 0.1, 0.1, 0.1, 0.1, 0.1]
Trust scores at iteration 15: [0.0, 0.0, 0.0, 0.0, 0.0, 0.0, 0.0, 0.0, 0.0, 0.0]
Trust scores_s1 at iteration 15: [0.4976262192450285, 0.4976262192450285, 0.4976262192450285, 0.4976262192450285, 0.4976262192450285, 0.4976262192450285, 0.4976262192450285, 0.4976262192450285, 0.4976262192450285, 0.4976262192450285]
Trust scores_s2 at iteration 15: [0.4976262192450285, 0.4976262192450285, 0.4976262192450285, 0.4976262192450285, 0.4976262192450285, 0.4976262192450285, 0.4976262192450285, 0.4976262192450285, 0.4976262192450285, 0.4976262192450285]
X.shape (10, 5)
s1 and s2 score at iteration 15
S_1 [0.9999999999999998, 0.9999999999999998, 0.9999999999999998, 0.9999999999999998, 0.9999999999999998, 0.9999999999999998, 0.9999999999999998, 0.9999999999999998, 0.9999999999999998, 0.9999999999999998]
S_2 [0.1, 0.1, 0.1, 0.1, 0.1, 0.1, 0.1, 0.1, 0.1, 0.1]
Trust scores at iteration 16: [0.0, 0.0, 0.0, 0.0, 0.0, 0.0, 0.0, 0.0, 0.0, 0.0]
Trust scores_s1 at iteration 16: [0.49833835347151995, 0.49833835347151995, 0.49833835347151995, 0.49833835347151995, 0.49833835347151995, 0.49833835347151995, 0.49833835347151995, 0.49833835347151995, 0.49833835347151995, 0.49833835347151995]
Trust scores_s2 at iteration 16: [0.49833835347151995, 0.49833835347151995, 0.49833835347151995, 0.49833835347151995, 0.49833835347151995, 0.49833835347151995, 0.49833835347151995, 0.49833835347151995, 0.49833835347151995, 0.49833835347151995]
X.shape (10, 5)
s1 and s2 score at iteration 16
S_1 [1.0, 1.0, 1.0, 1.0, 1.0, 1.0, 1.0, 1.0, 1.0, 1.0]
S_2 [0.1, 0.1, 0.1, 0.1, 0.1, 0.1, 0.1, 0.1, 0.1, 0.1]
Trust scores at iteration 17: [0.0, 0.0, 0.0, 0.0, 0.0, 0.0, 0.0, 0.0, 0.0, 0.0]
Trust scores_s1 at iteration 17: [0.49883684743006396, 0.49883684743006396, 0.49883684743006396, 0.49883684743006396, 0.49883684743006396, 0.49883684743006396, 0.49883684743006396, 0.49883684743006396, 0.49883684743006396, 0.49883684743006396]
Trust scores_s2 at iteration 17: [0.49883684743006396, 0.49883684743006396, 0.49883684743006396, 0.49883684743006396, 0.49883684743006396, 0.49883684743006396, 0.49883684743006396, 0.49883684743006396, 0.49883684743006396, 0.49883684743006396]
X.shape (10, 5)
s1 and s2 score at iteration 17
S_1 [1.0, 1.0, 1.0, 1.0, 1.0, 1.0, 1.0, 1.0, 1.0, 1.0]
S_2 [0.1, 0.1, 0.1, 0.1, 0.1, 0.1, 0.1, 0.1, 0.1, 0.1]
Trust scores at iteration 18: [0.0, 0.0, 0.0, 0.0, 0.0, 0.0, 0.0, 0.0, 0.0, 0.0]
Trust scores_s1 at iteration 18: [0.4991857932010448, 0.4991857932010448, 0.4991857932010448, 0.4991857932010448, 0.4991857932010448, 0.4991857932010448, 0.4991857932010448, 0.4991857932010448, 0.4991857932010448, 0.4991857932010448]
Trust scores_s2 at iteration 18: [0.4991857932010448, 0.4991857932010448, 0.4991857932010448, 0.4991857932010448, 0.4991857932010448, 0.4991857932010448, 0.4991857932010448, 0.4991857932010448, 0.4991857932010448, 0.4991857932010448]
X.shape (10, 5)
s1 and s2 score at iteration 18
S_1 [1.0, 1.0, 1.0, 1.0, 1.0, 1.0, 1.0, 1.0, 1.0, 1.0]
S_2 [0.1, 0.1, 0.1, 0.1, 0.1, 0.1, 0.1, 0.1, 0.1, 0.1]
Trust scores at iteration 19: [0.0, 0.0, 0.0, 0.0, 0.0, 0.0, 0.0, 0.0, 0.0, 0.0]
Trust scores_s1 at iteration 19: [0.49943005524073136, 0.49943005524073136, 0.49943005524073136, 0.49943005524073136, 0.49943005524073136, 0.49943005524073136, 0.49943005524073136, 0.49943005524073136, 0.49943005524073136, 0.49943005524073136]
Trust scores_s2 at iteration 19: [0.49943005524073136, 0.49943005524073136, 0.49943005524073136, 0.49943005524073136, 0.49943005524073136, 0.49943005524073136, 0.49943005524073136, 0.49943005524073136, 0.49943005524073136, 0.49943005524073136]
X.shape (10, 5)
s1 and s2 score at iteration 19
S_1 [1.0, 1.0, 1.0, 1.0, 1.0, 1.0, 1.0, 1.0, 1.0, 1.0]
S_2 [0.1, 0.1, 0.1, 0.1, 0.1, 0.1, 0.1, 0.1, 0.1, 0.1]
Trust scores at iteration 20: [0.0, 0.0, 0.0, 0.0, 0.0, 0.0, 0.0, 0.0, 0.0, 0.0]
Trust scores_s1 at iteration 20: [0.49960103866851197, 0.49960103866851197, 0.49960103866851197, 0.49960103866851197, 0.49960103866851197, 0.49960103866851197, 0.49960103866851197, 0.49960103866851197, 0.49960103866851197, 0.49960103866851197]
Trust scores_s2 at iteration 20: [0.49960103866851197, 0.49960103866851197, 0.49960103866851197, 0.49960103866851197, 0.49960103866851197, 0.49960103866851197, 0.49960103866851197, 0.49960103866851197, 0.49960103866851197, 0.49960103866851197]
X.shape (10, 5)
s1 and s2 score at iteration 20
S_1 [1.0, 1.0, 1.0, 1.0, 1.0, 1.0, 1.0, 1.0, 1.0, 1.0]
S_2 [0.1, 0.1, 0.1, 0.1, 0.1, 0.1, 0.1, 0.1, 0.1, 0.1]
Trust scores at iteration 21: [0.0, 0.0, 0.0, 0.0, 0.0, 0.0, 0.0, 0.0, 0.0, 0.0]
Trust scores_s1 at iteration 21: [0.4997207270679584, 0.4997207270679584, 0.4997207270679584, 0.4997207270679584, 0.4997207270679584, 0.4997207270679584, 0.4997207270679584, 0.4997207270679584, 0.4997207270679584, 0.4997207270679584]
Trust scores_s2 at iteration 21: [0.4997207270679584, 0.4997207270679584, 0.4997207270679584, 0.4997207270679584, 0.4997207270679584, 0.4997207270679584, 0.4997207270679584, 0.4997207270679584, 0.4997207270679584, 0.4997207270679584]
X.shape (10, 5)
s1 and s2 score at iteration 21
S_1 [1.0, 1.0, 1.0, 1.0, 1.0, 1.0, 1.0, 1.0, 1.0, 1.0]
S_2 [0.1, 0.1, 0.1, 0.1, 0.1, 0.1, 0.1, 0.1, 0.1, 0.1]
Trust scores at iteration 22: [0.0, 0.0, 0.0, 0.0, 0.0, 0.0, 0.0, 0.0, 0.0, 0.0]
Trust scores_s1 at iteration 22: [0.4998045089475709, 0.4998045089475709, 0.4998045089475709, 0.4998045089475709, 0.4998045089475709, 0.4998045089475709, 0.4998045089475709, 0.4998045089475709, 0.4998045089475709, 0.4998045089475709]
Trust scores_s2 at iteration 22: [0.4998045089475709, 0.4998045089475709, 0.4998045089475709, 0.4998045089475709, 0.4998045089475709, 0.4998045089475709, 0.4998045089475709, 0.4998045089475709, 0.4998045089475709, 0.4998045089475709]
X.shape (10, 5)
s1 and s2 score at iteration 22
S_1 [1.0, 1.0, 1.0, 1.0, 1.0, 1.0, 1.0, 1.0, 1.0, 1.0]
S_2 [0.1, 0.1, 0.1, 0.1, 0.1, 0.1, 0.1, 0.1, 0.1, 0.1]
Trust scores at iteration 23: [0.0, 0.0, 0.0, 0.0, 0.0, 0.0, 0.0, 0.0, 0.0, 0.0]
Trust scores_s1 at iteration 23: [0.49986315626329964, 0.49986315626329964, 0.49986315626329964, 0.49986315626329964, 0.49986315626329964, 0.49986315626329964, 0.49986315626329964, 0.49986315626329964, 0.49986315626329964, 0.49986315626329964]
Trust scores_s2 at iteration 23: [0.49986315626329964, 0.49986315626329964, 0.49986315626329964, 0.49986315626329964, 0.49986315626329964, 0.49986315626329964, 0.49986315626329964, 0.49986315626329964, 0.49986315626329964, 0.49986315626329964]
X.shape (10, 5)
s1 and s2 score at iteration 23
S_1 [0.9999999999999998, 0.9999999999999998, 0.9999999999999998, 0.9999999999999998, 0.9999999999999998, 0.9999999999999998, 0.9999999999999998, 0.9999999999999998, 0.9999999999999998, 0.9999999999999998]
S_2 [0.1, 0.1, 0.1, 0.1, 0.1, 0.1, 0.1, 0.1, 0.1, 0.1]
Trust scores at iteration 24: [0.0, 0.0, 0.0, 0.0, 0.0, 0.0, 0.0, 0.0, 0.0, 0.0]
Trust scores_s1 at iteration 24: [0.49990420938430974, 0.49990420938430974, 0.49990420938430974, 0.49990420938430974, 0.49990420938430974, 0.49990420938430974, 0.49990420938430974, 0.49990420938430974, 0.49990420938430974, 0.49990420938430974]
Trust scores_s2 at iteration 24: [0.49990420938430974, 0.49990420938430974, 0.49990420938430974, 0.49990420938430974, 0.49990420938430974, 0.49990420938430974, 0.49990420938430974, 0.49990420938430974, 0.49990420938430974, 0.49990420938430974]
X.shape (10, 5)
s1 and s2 score at iteration 24
S_1 [0.9999999999999998, 0.9999999999999998, 0.9999999999999998, 0.9999999999999998, 0.9999999999999998, 0.9999999999999998, 0.9999999999999998, 0.9999999999999998, 0.9999999999999998, 0.9999999999999998]
S_2 [0.1, 0.1, 0.1, 0.1, 0.1, 0.1, 0.1, 0.1, 0.1, 0.1]
Trust scores at iteration 25: [0.0, 0.0, 0.0, 0.0, 0.0, 0.0, 0.0, 0.0, 0.0, 0.0]
Trust scores_s1 at iteration 25: [0.4999329465690168, 0.4999329465690168, 0.4999329465690168, 0.4999329465690168, 0.4999329465690168, 0.4999329465690168, 0.4999329465690168, 0.4999329465690168, 0.4999329465690168, 0.4999329465690168]
Trust scores_s2 at iteration 25: [0.4999329465690168, 0.4999329465690168, 0.4999329465690168, 0.4999329465690168, 0.4999329465690168, 0.4999329465690168, 0.4999329465690168, 0.4999329465690168, 0.4999329465690168, 0.4999329465690168]
X.shape (10, 5)
s1 and s2 score at iteration 25
S_1 [1.0, 1.0, 1.0, 1.0, 1.0, 1.0, 1.0, 1.0, 1.0, 1.0]
S_2 [0.1, 0.1, 0.1, 0.1, 0.1, 0.1, 0.1, 0.1, 0.1, 0.1]
Trust scores at iteration 26: [0.0, 0.0, 0.0, 0.0, 0.0, 0.0, 0.0, 0.0, 0.0, 0.0]
Trust scores_s1 at iteration 26: [0.4999530625983118, 0.4999530625983118, 0.4999530625983118, 0.4999530625983118, 0.4999530625983118, 0.4999530625983118, 0.4999530625983118, 0.4999530625983118, 0.4999530625983118, 0.4999530625983118]
Trust scores_s2 at iteration 26: [0.4999530625983118, 0.4999530625983118, 0.4999530625983118, 0.4999530625983118, 0.4999530625983118, 0.4999530625983118, 0.4999530625983118, 0.4999530625983118, 0.4999530625983118, 0.4999530625983118]
X.shape (10, 5)
s1 and s2 score at iteration 26
S_1 [1.0, 1.0, 1.0, 1.0, 1.0, 1.0, 1.0, 1.0, 1.0, 1.0]
S_2 [0.1, 0.1, 0.1, 0.1, 0.1, 0.1, 0.1, 0.1, 0.1, 0.1]
Trust scores at iteration 27: [0.0, 0.0, 0.0, 0.0, 0.0, 0.0, 0.0, 0.0, 0.0, 0.0]
Trust scores_s1 at iteration 27: [0.49996714381881824, 0.49996714381881824, 0.49996714381881824, 0.49996714381881824, 0.49996714381881824, 0.49996714381881824, 0.49996714381881824, 0.49996714381881824, 0.49996714381881824, 0.49996714381881824]
Trust scores_s2 at iteration 27: [0.49996714381881824, 0.49996714381881824, 0.49996714381881824, 0.49996714381881824, 0.49996714381881824, 0.49996714381881824, 0.49996714381881824, 0.49996714381881824, 0.49996714381881824, 0.49996714381881824]
X.shape (10, 5)
s1 and s2 score at iteration 27
S_1 [1.0, 1.0, 1.0, 1.0, 1.0, 1.0, 1.0, 1.0, 1.0, 1.0]
S_2 [0.1, 0.1, 0.1, 0.1, 0.1, 0.1, 0.1, 0.1, 0.1, 0.1]
Trust scores at iteration 28: [0.0, 0.0, 0.0, 0.0, 0.0, 0.0, 0.0, 0.0, 0.0, 0.0]
Trust scores_s1 at iteration 28: [0.49997700067317274, 0.49997700067317274, 0.49997700067317274, 0.49997700067317274, 0.49997700067317274, 0.49997700067317274, 0.49997700067317274, 0.49997700067317274, 0.49997700067317274, 0.49997700067317274]
Trust scores_s2 at iteration 28: [0.49997700067317274, 0.49997700067317274, 0.49997700067317274, 0.49997700067317274, 0.49997700067317274, 0.49997700067317274, 0.49997700067317274, 0.49997700067317274, 0.49997700067317274, 0.49997700067317274]
X.shape (10, 5)
s1 and s2 score at iteration 28
S_1 [1.0, 1.0, 1.0, 1.0, 1.0, 1.0, 1.0, 1.0, 1.0, 1.0]
S_2 [0.1, 0.1, 0.1, 0.1, 0.1, 0.1, 0.1, 0.1, 0.1, 0.1]
Trust scores at iteration 29: [0.0, 0.0, 0.0, 0.0, 0.0, 0.0, 0.0, 0.0, 0.0, 0.0]
Trust scores_s1 at iteration 29: [0.49998390047122093, 0.49998390047122093, 0.49998390047122093, 0.49998390047122093, 0.49998390047122093, 0.49998390047122093, 0.49998390047122093, 0.49998390047122093, 0.49998390047122093, 0.49998390047122093]
Trust scores_s2 at iteration 29: [0.49998390047122093, 0.49998390047122093, 0.49998390047122093, 0.49998390047122093, 0.49998390047122093, 0.49998390047122093, 0.49998390047122093, 0.49998390047122093, 0.49998390047122093, 0.49998390047122093]
X.shape (10, 5)
s1 and s2 score at iteration 29
S_1 [1.0, 1.0, 1.0, 1.0, 1.0, 1.0, 1.0, 1.0, 1.0, 1.0]
S_2 [0.1, 0.1, 0.1, 0.1, 0.1, 0.1, 0.1, 0.1, 0.1, 0.1]
Trust scores at iteration 30: [0.0, 0.0, 0.0, 0.0, 0.0, 0.0, 0.0, 0.0, 0.0, 0.0]
Trust scores_s1 at iteration 30: [0.49998873032985464, 0.49998873032985464, 0.49998873032985464, 0.49998873032985464, 0.49998873032985464, 0.49998873032985464, 0.49998873032985464, 0.49998873032985464, 0.49998873032985464, 0.49998873032985464]
Trust scores_s2 at iteration 30: [0.49998873032985464, 0.49998873032985464, 0.49998873032985464, 0.49998873032985464, 0.49998873032985464, 0.49998873032985464, 0.49998873032985464, 0.49998873032985464, 0.49998873032985464, 0.49998873032985464]
X.shape (10, 5)
s1 and s2 score at iteration 30
S_1 [1.0, 1.0, 1.0, 1.0, 1.0, 1.0, 1.0, 1.0, 1.0, 1.0]
S_2 [0.1, 0.1, 0.1, 0.1, 0.1, 0.1, 0.1, 0.1, 0.1, 0.1]
Trust scores at iteration 31: [0.0, 0.0, 0.0, 0.0, 0.0, 0.0, 0.0, 0.0, 0.0, 0.0]
Trust scores_s1 at iteration 31: [0.49999211123089826, 0.49999211123089826, 0.49999211123089826, 0.49999211123089826, 0.49999211123089826, 0.49999211123089826, 0.49999211123089826, 0.49999211123089826, 0.49999211123089826, 0.49999211123089826]
Trust scores_s2 at iteration 31: [0.49999211123089826, 0.49999211123089826, 0.49999211123089826, 0.49999211123089826, 0.49999211123089826, 0.49999211123089826, 0.49999211123089826, 0.49999211123089826, 0.49999211123089826, 0.49999211123089826]
X.shape (10, 5)
s1 and s2 score at iteration 31
S_1 [1.0, 1.0, 1.0, 1.0, 1.0, 1.0, 1.0, 1.0, 1.0, 1.0]
S_2 [0.1, 0.1, 0.1, 0.1, 0.1, 0.1, 0.1, 0.1, 0.1, 0.1]
Trust scores at iteration 32: [0.0, 0.0, 0.0, 0.0, 0.0, 0.0, 0.0, 0.0, 0.0, 0.0]
Trust scores_s1 at iteration 32: [0.49999447786162876, 0.49999447786162876, 0.49999447786162876, 0.49999447786162876, 0.49999447786162876, 0.49999447786162876, 0.49999447786162876, 0.49999447786162876, 0.49999447786162876, 0.49999447786162876]
Trust scores_s2 at iteration 32: [0.49999447786162876, 0.49999447786162876, 0.49999447786162876, 0.49999447786162876, 0.49999447786162876, 0.49999447786162876, 0.49999447786162876, 0.49999447786162876, 0.49999447786162876, 0.49999447786162876]
X.shape (10, 5)
s1 and s2 score at iteration 32
S_1 [0.9999999999999998, 0.9999999999999998, 0.9999999999999998, 0.9999999999999998, 0.9999999999999998, 0.9999999999999998, 0.9999999999999998, 0.9999999999999998, 0.9999999999999998, 0.9999999999999998]
S_2 [0.1, 0.1, 0.1, 0.1, 0.1, 0.1, 0.1, 0.1, 0.1, 0.1]
Trust scores at iteration 33: [0.0, 0.0, 0.0, 0.0, 0.0, 0.0, 0.0, 0.0, 0.0, 0.0]
Trust scores_s1 at iteration 33: [0.4999961345031401, 0.4999961345031401, 0.4999961345031401, 0.4999961345031401, 0.4999961345031401, 0.4999961345031401, 0.4999961345031401, 0.4999961345031401, 0.4999961345031401, 0.4999961345031401]
Trust scores_s2 at iteration 33: [0.4999961345031401, 0.4999961345031401, 0.4999961345031401, 0.4999961345031401, 0.4999961345031401, 0.4999961345031401, 0.4999961345031401, 0.4999961345031401, 0.4999961345031401, 0.4999961345031401]
X.shape (10, 5)
s1 and s2 score at iteration 33
S_1 [1.0, 1.0, 1.0, 1.0, 1.0, 1.0, 1.0, 1.0, 1.0, 1.0]
S_2 [0.1, 0.1, 0.1, 0.1, 0.1, 0.1, 0.1, 0.1, 0.1, 0.1]
Trust scores at iteration 34: [0.0, 0.0, 0.0, 0.0, 0.0, 0.0, 0.0, 0.0, 0.0, 0.0]
Trust scores_s1 at iteration 34: [0.49999729415219807, 0.49999729415219807, 0.49999729415219807, 0.49999729415219807, 0.49999729415219807, 0.49999729415219807, 0.49999729415219807, 0.49999729415219807, 0.49999729415219807, 0.49999729415219807]
Trust scores_s2 at iteration 34: [0.49999729415219807, 0.49999729415219807, 0.49999729415219807, 0.49999729415219807, 0.49999729415219807, 0.49999729415219807, 0.49999729415219807, 0.49999729415219807, 0.49999729415219807, 0.49999729415219807]
X.shape (10, 5)
s1 and s2 score at iteration 34
S_1 [1.0, 1.0, 1.0, 1.0, 1.0, 1.0, 1.0, 1.0, 1.0, 1.0]
S_2 [0.1, 0.1, 0.1, 0.1, 0.1, 0.1, 0.1, 0.1, 0.1, 0.1]
Trust scores at iteration 35: [0.0, 0.0, 0.0, 0.0, 0.0, 0.0, 0.0, 0.0, 0.0, 0.0]
Trust scores_s1 at iteration 35: [0.49999810590653865, 0.49999810590653865, 0.49999810590653865, 0.49999810590653865, 0.49999810590653865, 0.49999810590653865, 0.49999810590653865, 0.49999810590653865, 0.49999810590653865, 0.49999810590653865]
Trust scores_s2 at iteration 35: [0.49999810590653865, 0.49999810590653865, 0.49999810590653865, 0.49999810590653865, 0.49999810590653865, 0.49999810590653865, 0.49999810590653865, 0.49999810590653865, 0.49999810590653865, 0.49999810590653865]
X.shape (10, 5)
s1 and s2 score at iteration 35
S_1 [0.9999999999999998, 0.9999999999999998, 0.9999999999999998, 0.9999999999999998, 0.9999999999999998, 0.9999999999999998, 0.9999999999999998, 0.9999999999999998, 0.9999999999999998, 0.9999999999999998]
S_2 [0.1, 0.1, 0.1, 0.1, 0.1, 0.1, 0.1, 0.1, 0.1, 0.1]
Trust scores at iteration 36: [0.0, 0.0, 0.0, 0.0, 0.0, 0.0, 0.0, 0.0, 0.0, 0.0]
Trust scores_s1 at iteration 36: [0.49999867413457705, 0.49999867413457705, 0.49999867413457705, 0.49999867413457705, 0.49999867413457705, 0.49999867413457705, 0.49999867413457705, 0.49999867413457705, 0.49999867413457705, 0.49999867413457705]
Trust scores_s2 at iteration 36: [0.49999867413457705, 0.49999867413457705, 0.49999867413457705, 0.49999867413457705, 0.49999867413457705, 0.49999867413457705, 0.49999867413457705, 0.49999867413457705, 0.49999867413457705, 0.49999867413457705]
X.shape (10, 5)
s1 and s2 score at iteration 36
S_1 [1.0, 1.0, 1.0, 1.0, 1.0, 1.0, 1.0, 1.0, 1.0, 1.0]
S_2 [0.1, 0.1, 0.1, 0.1, 0.1, 0.1, 0.1, 0.1, 0.1, 0.1]
Trust scores at iteration 37: [0.0, 0.0, 0.0, 0.0, 0.0, 0.0, 0.0, 0.0, 0.0, 0.0]
Trust scores_s1 at iteration 37: [0.49999907189420395, 0.49999907189420395, 0.49999907189420395, 0.49999907189420395, 0.49999907189420395, 0.49999907189420395, 0.49999907189420395, 0.49999907189420395, 0.49999907189420395, 0.49999907189420395]
Trust scores_s2 at iteration 37: [0.49999907189420395, 0.49999907189420395, 0.49999907189420395, 0.49999907189420395, 0.49999907189420395, 0.49999907189420395, 0.49999907189420395, 0.49999907189420395, 0.49999907189420395, 0.49999907189420395]
X.shape (10, 5)
s1 and s2 score at iteration 37
S_1 [1.0, 1.0, 1.0, 1.0, 1.0, 1.0, 1.0, 1.0, 1.0, 1.0]
S_2 [0.1, 0.1, 0.1, 0.1, 0.1, 0.1, 0.1, 0.1, 0.1, 0.1]
Trust scores at iteration 38: [0.0, 0.0, 0.0, 0.0, 0.0, 0.0, 0.0, 0.0, 0.0, 0.0]
Trust scores_s1 at iteration 38: [0.4999993503259428, 0.4999993503259428, 0.4999993503259428, 0.4999993503259428, 0.4999993503259428, 0.4999993503259428, 0.4999993503259428, 0.4999993503259428, 0.4999993503259428, 0.4999993503259428]
Trust scores_s2 at iteration 38: [0.4999993503259428, 0.4999993503259428, 0.4999993503259428, 0.4999993503259428, 0.4999993503259428, 0.4999993503259428, 0.4999993503259428, 0.4999993503259428, 0.4999993503259428, 0.4999993503259428]
X.shape (10, 5)
s1 and s2 score at iteration 38
S_1 [1.0, 1.0, 1.0, 1.0, 1.0, 1.0, 1.0, 1.0, 1.0, 1.0]
S_2 [0.1, 0.1, 0.1, 0.1, 0.1, 0.1, 0.1, 0.1, 0.1, 0.1]
Trust scores at iteration 39: [0.0, 0.0, 0.0, 0.0, 0.0, 0.0, 0.0, 0.0, 0.0, 0.0]
Trust scores_s1 at iteration 39: [0.4999995452281599, 0.4999995452281599, 0.4999995452281599, 0.4999995452281599, 0.4999995452281599, 0.4999995452281599, 0.4999995452281599, 0.4999995452281599, 0.4999995452281599, 0.4999995452281599]
Trust scores_s2 at iteration 39: [0.4999995452281599, 0.4999995452281599, 0.4999995452281599, 0.4999995452281599, 0.4999995452281599, 0.4999995452281599, 0.4999995452281599, 0.4999995452281599, 0.4999995452281599, 0.4999995452281599]
X.shape (10, 5)
s1 and s2 score at iteration 39
S_1 [1.0, 1.0, 1.0, 1.0, 1.0, 1.0, 1.0, 1.0, 1.0, 1.0]
S_2 [0.1, 0.1, 0.1, 0.1, 0.1, 0.1, 0.1, 0.1, 0.1, 0.1]
Trust scores at iteration 40: [0.0, 0.0, 0.0, 0.0, 0.0, 0.0, 0.0, 0.0, 0.0, 0.0]
Trust scores_s1 at iteration 40: [0.4999996816597119, 0.4999996816597119, 0.4999996816597119, 0.4999996816597119, 0.4999996816597119, 0.4999996816597119, 0.4999996816597119, 0.4999996816597119, 0.4999996816597119, 0.4999996816597119]
Trust scores_s2 at iteration 40: [0.4999996816597119, 0.4999996816597119, 0.4999996816597119, 0.4999996816597119, 0.4999996816597119, 0.4999996816597119, 0.4999996816597119, 0.4999996816597119, 0.4999996816597119, 0.4999996816597119]
X.shape (10, 5)
s1 and s2 score at iteration 40
S_1 [0.9999999999999998, 0.9999999999999998, 0.9999999999999998, 0.9999999999999998, 0.9999999999999998, 0.9999999999999998, 0.9999999999999998, 0.9999999999999998, 0.9999999999999998, 0.9999999999999998]
S_2 [0.1, 0.1, 0.1, 0.1, 0.1, 0.1, 0.1, 0.1, 0.1, 0.1]
Trust scores at iteration 41: [0.0, 0.0, 0.0, 0.0, 0.0, 0.0, 0.0, 0.0, 0.0, 0.0]
Trust scores_s1 at iteration 41: [0.49999977716179833, 0.49999977716179833, 0.49999977716179833, 0.49999977716179833, 0.49999977716179833, 0.49999977716179833, 0.49999977716179833, 0.49999977716179833, 0.49999977716179833, 0.49999977716179833]
Trust scores_s2 at iteration 41: [0.49999977716179833, 0.49999977716179833, 0.49999977716179833, 0.49999977716179833, 0.49999977716179833, 0.49999977716179833, 0.49999977716179833, 0.49999977716179833, 0.49999977716179833, 0.49999977716179833]
X.shape (10, 5)
s1 and s2 score at iteration 41
S_1 [1.0, 1.0, 1.0, 1.0, 1.0, 1.0, 1.0, 1.0, 1.0, 1.0]
S_2 [0.1, 0.1, 0.1, 0.1, 0.1, 0.1, 0.1, 0.1, 0.1, 0.1]
Trust scores at iteration 42: [0.0, 0.0, 0.0, 0.0, 0.0, 0.0, 0.0, 0.0, 0.0, 0.0]
Trust scores_s1 at iteration 42: [0.4999998440132588, 0.4999998440132588, 0.4999998440132588, 0.4999998440132588, 0.4999998440132588, 0.4999998440132588, 0.4999998440132588, 0.4999998440132588, 0.4999998440132588, 0.4999998440132588]
Trust scores_s2 at iteration 42: [0.4999998440132588, 0.4999998440132588, 0.4999998440132588, 0.4999998440132588, 0.4999998440132588, 0.4999998440132588, 0.4999998440132588, 0.4999998440132588, 0.4999998440132588, 0.4999998440132588]
X.shape (10, 5)
s1 and s2 score at iteration 42
S_1 [1.0, 1.0, 1.0, 1.0, 1.0, 1.0, 1.0, 1.0, 1.0, 1.0]
S_2 [0.1, 0.1, 0.1, 0.1, 0.1, 0.1, 0.1, 0.1, 0.1, 0.1]
Trust scores at iteration 43: [0.0, 0.0, 0.0, 0.0, 0.0, 0.0, 0.0, 0.0, 0.0, 0.0]
Trust scores_s1 at iteration 43: [0.49999989080928114, 0.49999989080928114, 0.49999989080928114, 0.49999989080928114, 0.49999989080928114, 0.49999989080928114, 0.49999989080928114, 0.49999989080928114, 0.49999989080928114, 0.49999989080928114]
Trust scores_s2 at iteration 43: [0.49999989080928114, 0.49999989080928114, 0.49999989080928114, 0.49999989080928114, 0.49999989080928114, 0.49999989080928114, 0.49999989080928114, 0.49999989080928114, 0.49999989080928114, 0.49999989080928114]
X.shape (10, 5)
s1 and s2 score at iteration 43
S_1 [1.0, 1.0, 1.0, 1.0, 1.0, 1.0, 1.0, 1.0, 1.0, 1.0]
S_2 [0.1, 0.1, 0.1, 0.1, 0.1, 0.1, 0.1, 0.1, 0.1, 0.1]
Trust scores at iteration 44: [0.0, 0.0, 0.0, 0.0, 0.0, 0.0, 0.0, 0.0, 0.0, 0.0]
Trust scores_s1 at iteration 44: [0.4999999235664968, 0.4999999235664968, 0.4999999235664968, 0.4999999235664968, 0.4999999235664968, 0.4999999235664968, 0.4999999235664968, 0.4999999235664968, 0.4999999235664968, 0.4999999235664968]
Trust scores_s2 at iteration 44: [0.4999999235664968, 0.4999999235664968, 0.4999999235664968, 0.4999999235664968, 0.4999999235664968, 0.4999999235664968, 0.4999999235664968, 0.4999999235664968, 0.4999999235664968, 0.4999999235664968]
X.shape (10, 5)
s1 and s2 score at iteration 44
S_1 [1.0, 1.0, 1.0, 1.0, 1.0, 1.0, 1.0, 1.0, 1.0, 1.0]
S_2 [0.1, 0.1, 0.1, 0.1, 0.1, 0.1, 0.1, 0.1, 0.1, 0.1]
Trust scores at iteration 45: [0.0, 0.0, 0.0, 0.0, 0.0, 0.0, 0.0, 0.0, 0.0, 0.0]
Trust scores_s1 at iteration 45: [0.4999999464965478, 0.4999999464965478, 0.4999999464965478, 0.4999999464965478, 0.4999999464965478, 0.4999999464965478, 0.4999999464965478, 0.4999999464965478, 0.4999999464965478, 0.4999999464965478]
Trust scores_s2 at iteration 45: [0.4999999464965478, 0.4999999464965478, 0.4999999464965478, 0.4999999464965478, 0.4999999464965478, 0.4999999464965478, 0.4999999464965478, 0.4999999464965478, 0.4999999464965478, 0.4999999464965478]
X.shape (10, 5)
s1 and s2 score at iteration 45
S_1 [1.0, 1.0, 1.0, 1.0, 1.0, 1.0, 1.0, 1.0, 1.0, 1.0]
S_2 [0.1, 0.1, 0.1, 0.1, 0.1, 0.1, 0.1, 0.1, 0.1, 0.1]
Trust scores at iteration 46: [0.0, 0.0, 0.0, 0.0, 0.0, 0.0, 0.0, 0.0, 0.0, 0.0]
Trust scores_s1 at iteration 46: [0.49999996254758344, 0.49999996254758344, 0.49999996254758344, 0.49999996254758344, 0.49999996254758344, 0.49999996254758344, 0.49999996254758344, 0.49999996254758344, 0.49999996254758344, 0.49999996254758344]
Trust scores_s2 at iteration 46: [0.49999996254758344, 0.49999996254758344, 0.49999996254758344, 0.49999996254758344, 0.49999996254758344, 0.49999996254758344, 0.49999996254758344, 0.49999996254758344, 0.49999996254758344, 0.49999996254758344]
X.shape (10, 5)
s1 and s2 score at iteration 46
S_1 [1.0, 1.0, 1.0, 1.0, 1.0, 1.0, 1.0, 1.0, 1.0, 1.0]
S_2 [0.1, 0.1, 0.1, 0.1, 0.1, 0.1, 0.1, 0.1, 0.1, 0.1]
Trust scores at iteration 47: [0.0, 0.0, 0.0, 0.0, 0.0, 0.0, 0.0, 0.0, 0.0, 0.0]
Trust scores_s1 at iteration 47: [0.4999999737833084, 0.4999999737833084, 0.4999999737833084, 0.4999999737833084, 0.4999999737833084, 0.4999999737833084, 0.4999999737833084, 0.4999999737833084, 0.4999999737833084, 0.4999999737833084]
Trust scores_s2 at iteration 47: [0.4999999737833084, 0.4999999737833084, 0.4999999737833084, 0.4999999737833084, 0.4999999737833084, 0.4999999737833084, 0.4999999737833084, 0.4999999737833084, 0.4999999737833084, 0.4999999737833084]
X.shape (10, 5)
s1 and s2 score at iteration 47
S_1 [1.0, 1.0, 1.0, 1.0, 1.0, 1.0, 1.0, 1.0, 1.0, 1.0]
S_2 [0.1, 0.1, 0.1, 0.1, 0.1, 0.1, 0.1, 0.1, 0.1, 0.1]
Trust scores at iteration 48: [0.0, 0.0, 0.0, 0.0, 0.0, 0.0, 0.0, 0.0, 0.0, 0.0]
Trust scores_s1 at iteration 48: [0.4999999816483159, 0.4999999816483159, 0.4999999816483159, 0.4999999816483159, 0.4999999816483159, 0.4999999816483159, 0.4999999816483159, 0.4999999816483159, 0.4999999816483159, 0.4999999816483159]
Trust scores_s2 at iteration 48: [0.4999999816483159, 0.4999999816483159, 0.4999999816483159, 0.4999999816483159, 0.4999999816483159, 0.4999999816483159, 0.4999999816483159, 0.4999999816483159, 0.4999999816483159, 0.4999999816483159]
X.shape (10, 5)
s1 and s2 score at iteration 48
S_1 [0.9999999999999998, 0.9999999999999998, 0.9999999999999998, 0.9999999999999998, 0.9999999999999998, 0.9999999999999998, 0.9999999999999998, 0.9999999999999998, 0.9999999999999998, 0.9999999999999998]
S_2 [0.1, 0.1, 0.1, 0.1, 0.1, 0.1, 0.1, 0.1, 0.1, 0.1]
Trust scores at iteration 49: [0.0, 0.0, 0.0, 0.0, 0.0, 0.0, 0.0, 0.0, 0.0, 0.0]
Trust scores_s1 at iteration 49: [0.4999999871538211, 0.4999999871538211, 0.4999999871538211, 0.4999999871538211, 0.4999999871538211, 0.4999999871538211, 0.4999999871538211, 0.4999999871538211, 0.4999999871538211, 0.4999999871538211]
Trust scores_s2 at iteration 49: [0.4999999871538211, 0.4999999871538211, 0.4999999871538211, 0.4999999871538211, 0.4999999871538211, 0.4999999871538211, 0.4999999871538211, 0.4999999871538211, 0.4999999871538211, 0.4999999871538211]
X.shape (10, 5)
s1 and s2 score at iteration 49
S_1 [0.9999999999999998, 0.9999999999999998, 0.9999999999999998, 0.9999999999999998, 0.9999999999999998, 0.9999999999999998, 0.9999999999999998, 0.9999999999999998, 0.9999999999999998, 0.9999999999999998]
S_2 [0.1, 0.1, 0.1, 0.1, 0.1, 0.1, 0.1, 0.1, 0.1, 0.1]
Trust scores at iteration 50: [0.0, 0.0, 0.0, 0.0, 0.0, 0.0, 0.0, 0.0, 0.0, 0.0]
Trust scores_s1 at iteration 50: [0.4999999910076748, 0.4999999910076748, 0.4999999910076748, 0.4999999910076748, 0.4999999910076748, 0.4999999910076748, 0.4999999910076748, 0.4999999910076748, 0.4999999910076748, 0.4999999910076748]
Trust scores_s2 at iteration 50: [0.4999999910076748, 0.4999999910076748, 0.4999999910076748, 0.4999999910076748, 0.4999999910076748, 0.4999999910076748, 0.4999999910076748, 0.4999999910076748, 0.4999999910076748, 0.4999999910076748]
X.shape (10, 5)
s1 and s2 score at iteration 50
S_1 [1.0, 1.0, 1.0, 1.0, 1.0, 1.0, 1.0, 1.0, 1.0, 1.0]
S_2 [0.1, 0.1, 0.1, 0.1, 0.1, 0.1, 0.1, 0.1, 0.1, 0.1]
Trust scores at iteration 51: [0.0, 0.0, 0.0, 0.0, 0.0, 0.0, 0.0, 0.0, 0.0, 0.0]
Trust scores_s1 at iteration 51: [0.49999999370537235, 0.49999999370537235, 0.49999999370537235, 0.49999999370537235, 0.49999999370537235, 0.49999999370537235, 0.49999999370537235, 0.49999999370537235, 0.49999999370537235, 0.49999999370537235]
Trust scores_s2 at iteration 51: [0.49999999370537235, 0.49999999370537235, 0.49999999370537235, 0.49999999370537235, 0.49999999370537235, 0.49999999370537235, 0.49999999370537235, 0.49999999370537235, 0.49999999370537235, 0.49999999370537235]
X.shape (10, 5)
s1 and s2 score at iteration 51
S_1 [1.0, 1.0, 1.0, 1.0, 1.0, 1.0, 1.0, 1.0, 1.0, 1.0]
S_2 [0.1, 0.1, 0.1, 0.1, 0.1, 0.1, 0.1, 0.1, 0.1, 0.1]
Trust scores at iteration 52: [0.0, 0.0, 0.0, 0.0, 0.0, 0.0, 0.0, 0.0, 0.0, 0.0]
Trust scores_s1 at iteration 52: [0.4999999955937606, 0.4999999955937606, 0.4999999955937606, 0.4999999955937606, 0.4999999955937606, 0.4999999955937606, 0.4999999955937606, 0.4999999955937606, 0.4999999955937606, 0.4999999955937606]
Trust scores_s2 at iteration 52: [0.4999999955937606, 0.4999999955937606, 0.4999999955937606, 0.4999999955937606, 0.4999999955937606, 0.4999999955937606, 0.4999999955937606, 0.4999999955937606, 0.4999999955937606, 0.4999999955937606]
X.shape (10, 5)
s1 and s2 score at iteration 52
S_1 [0.9999999999999998, 0.9999999999999998, 0.9999999999999998, 0.9999999999999998, 0.9999999999999998, 0.9999999999999998, 0.9999999999999998, 0.9999999999999998, 0.9999999999999998, 0.9999999999999998]
S_2 [0.1, 0.1, 0.1, 0.1, 0.1, 0.1, 0.1, 0.1, 0.1, 0.1]
Trust scores at iteration 53: [0.0, 0.0, 0.0, 0.0, 0.0, 0.0, 0.0, 0.0, 0.0, 0.0]
Trust scores_s1 at iteration 53: [0.49999999691563246, 0.49999999691563246, 0.49999999691563246, 0.49999999691563246, 0.49999999691563246, 0.49999999691563246, 0.49999999691563246, 0.49999999691563246, 0.49999999691563246, 0.49999999691563246]
Trust scores_s2 at iteration 53: [0.49999999691563246, 0.49999999691563246, 0.49999999691563246, 0.49999999691563246, 0.49999999691563246, 0.49999999691563246, 0.49999999691563246, 0.49999999691563246, 0.49999999691563246, 0.49999999691563246]
X.shape (10, 5)
s1 and s2 score at iteration 53
S_1 [1.0, 1.0, 1.0, 1.0, 1.0, 1.0, 1.0, 1.0, 1.0, 1.0]
S_2 [0.1, 0.1, 0.1, 0.1, 0.1, 0.1, 0.1, 0.1, 0.1, 0.1]
Trust scores at iteration 54: [0.0, 0.0, 0.0, 0.0, 0.0, 0.0, 0.0, 0.0, 0.0, 0.0]
Trust scores_s1 at iteration 54: [0.49999999784094273, 0.49999999784094273, 0.49999999784094273, 0.49999999784094273, 0.49999999784094273, 0.49999999784094273, 0.49999999784094273, 0.49999999784094273, 0.49999999784094273, 0.49999999784094273]
Trust scores_s2 at iteration 54: [0.49999999784094273, 0.49999999784094273, 0.49999999784094273, 0.49999999784094273, 0.49999999784094273, 0.49999999784094273, 0.49999999784094273, 0.49999999784094273, 0.49999999784094273, 0.49999999784094273]
X.shape (10, 5)
s1 and s2 score at iteration 54
S_1 [1.0, 1.0, 1.0, 1.0, 1.0, 1.0, 1.0, 1.0, 1.0, 1.0]
S_2 [0.1, 0.1, 0.1, 0.1, 0.1, 0.1, 0.1, 0.1, 0.1, 0.1]
Trust scores at iteration 55: [0.0, 0.0, 0.0, 0.0, 0.0, 0.0, 0.0, 0.0, 0.0, 0.0]
Trust scores_s1 at iteration 55: [0.4999999984886599, 0.4999999984886599, 0.4999999984886599, 0.4999999984886599, 0.4999999984886599, 0.4999999984886599, 0.4999999984886599, 0.4999999984886599, 0.4999999984886599, 0.4999999984886599]
Trust scores_s2 at iteration 55: [0.4999999984886599, 0.4999999984886599, 0.4999999984886599, 0.4999999984886599, 0.4999999984886599, 0.4999999984886599, 0.4999999984886599, 0.4999999984886599, 0.4999999984886599, 0.4999999984886599]
X.shape (10, 5)
s1 and s2 score at iteration 55
S_1 [0.9999999999999998, 0.9999999999999998, 0.9999999999999998, 0.9999999999999998, 0.9999999999999998, 0.9999999999999998, 0.9999999999999998, 0.9999999999999998, 0.9999999999999998, 0.9999999999999998]
S_2 [0.1, 0.1, 0.1, 0.1, 0.1, 0.1, 0.1, 0.1, 0.1, 0.1]
Trust scores at iteration 56: [0.0, 0.0, 0.0, 0.0, 0.0, 0.0, 0.0, 0.0, 0.0, 0.0]
Trust scores_s1 at iteration 56: [0.49999999894206193, 0.49999999894206193, 0.49999999894206193, 0.49999999894206193, 0.49999999894206193, 0.49999999894206193, 0.49999999894206193, 0.49999999894206193, 0.49999999894206193, 0.49999999894206193]
Trust scores_s2 at iteration 56: [0.49999999894206193, 0.49999999894206193, 0.49999999894206193, 0.49999999894206193, 0.49999999894206193, 0.49999999894206193, 0.49999999894206193, 0.49999999894206193, 0.49999999894206193, 0.49999999894206193]
X.shape (10, 5)
s1 and s2 score at iteration 56
S_1 [1.0, 1.0, 1.0, 1.0, 1.0, 1.0, 1.0, 1.0, 1.0, 1.0]
S_2 [0.1, 0.1, 0.1, 0.1, 0.1, 0.1, 0.1, 0.1, 0.1, 0.1]
Trust scores at iteration 57: [0.0, 0.0, 0.0, 0.0, 0.0, 0.0, 0.0, 0.0, 0.0, 0.0]
Trust scores_s1 at iteration 57: [0.49999999925944333, 0.49999999925944333, 0.49999999925944333, 0.49999999925944333, 0.49999999925944333, 0.49999999925944333, 0.49999999925944333, 0.49999999925944333, 0.49999999925944333, 0.49999999925944333]
Trust scores_s2 at iteration 57: [0.49999999925944333, 0.49999999925944333, 0.49999999925944333, 0.49999999925944333, 0.49999999925944333, 0.49999999925944333, 0.49999999925944333, 0.49999999925944333, 0.49999999925944333, 0.49999999925944333]
X.shape (10, 5)
s1 and s2 score at iteration 57
S_1 [0.9999999999999998, 0.9999999999999998, 0.9999999999999998, 0.9999999999999998, 0.9999999999999998, 0.9999999999999998, 0.9999999999999998, 0.9999999999999998, 0.9999999999999998, 0.9999999999999998]
S_2 [0.1, 0.1, 0.1, 0.1, 0.1, 0.1, 0.1, 0.1, 0.1, 0.1]
Trust scores at iteration 58: [0.0, 0.0, 0.0, 0.0, 0.0, 0.0, 0.0, 0.0, 0.0, 0.0]
Trust scores_s1 at iteration 58: [0.49999999948161034, 0.49999999948161034, 0.49999999948161034, 0.49999999948161034, 0.49999999948161034, 0.49999999948161034, 0.49999999948161034, 0.49999999948161034, 0.49999999948161034, 0.49999999948161034]
Trust scores_s2 at iteration 58: [0.49999999948161034, 0.49999999948161034, 0.49999999948161034, 0.49999999948161034, 0.49999999948161034, 0.49999999948161034, 0.49999999948161034, 0.49999999948161034, 0.49999999948161034, 0.49999999948161034]
X.shape (10, 5)
s1 and s2 score at iteration 58
S_1 [1.0, 1.0, 1.0, 1.0, 1.0, 1.0, 1.0, 1.0, 1.0, 1.0]
S_2 [0.1, 0.1, 0.1, 0.1, 0.1, 0.1, 0.1, 0.1, 0.1, 0.1]
Trust scores at iteration 59: [0.0, 0.0, 0.0, 0.0, 0.0, 0.0, 0.0, 0.0, 0.0, 0.0]
Trust scores_s1 at iteration 59: [0.4999999996371272, 0.4999999996371272, 0.4999999996371272, 0.4999999996371272, 0.4999999996371272, 0.4999999996371272, 0.4999999996371272, 0.4999999996371272, 0.4999999996371272, 0.4999999996371272]
Trust scores_s2 at iteration 59: [0.4999999996371272, 0.4999999996371272, 0.4999999996371272, 0.4999999996371272, 0.4999999996371272, 0.4999999996371272, 0.4999999996371272, 0.4999999996371272, 0.4999999996371272, 0.4999999996371272]
X.shape (10, 5)
s1 and s2 score at iteration 59
S_1 [1.0, 1.0, 1.0, 1.0, 1.0, 1.0, 1.0, 1.0, 1.0, 1.0]
S_2 [0.1, 0.1, 0.1, 0.1, 0.1, 0.1, 0.1, 0.1, 0.1, 0.1]
Trust scores at iteration 60: [0.0, 0.0, 0.0, 0.0, 0.0, 0.0, 0.0, 0.0, 0.0, 0.0]
Trust scores_s1 at iteration 60: [0.4999999997459891, 0.4999999997459891, 0.4999999997459891, 0.4999999997459891, 0.4999999997459891, 0.4999999997459891, 0.4999999997459891, 0.4999999997459891, 0.4999999997459891, 0.4999999997459891]
Trust scores_s2 at iteration 60: [0.4999999997459891, 0.4999999997459891, 0.4999999997459891, 0.4999999997459891, 0.4999999997459891, 0.4999999997459891, 0.4999999997459891, 0.4999999997459891, 0.4999999997459891, 0.4999999997459891]
X.shape (10, 5)
s1 and s2 score at iteration 60
S_1 [0.47619522755103993, 0.47619522755103993, 0.47619522755103993, 0.47619522755103993, 0.47619522755103993, 0.3718236781632115, 0.3718236781632115, 0.3718236781632115, 0.23641528938037007, 0.4850269850763927]
S_2 [0.2, 0.2, 0.2, 0.2, 0.2, 0.2, 0.2, 0.2, 0.2, 0.2]
Trust scores at iteration 61: [-0.005462638861605863, -0.005462638861605863, -0.005462638861605863, -0.005462638861605863, -0.005462638861605863, -0.07001876827246106, -0.07001876827246106, -0.07001876827246106, -0.15377187456293748, 0.0]
Trust scores_s1 at iteration 61: [0.4972686803913894, 0.4972686803913894, 0.4972686803913894, 0.4972686803913894, 0.4972686803913894, 0.4649906156859618, 0.4649906156859618, 0.4649906156859618, 0.4231140625407236, 0.49999999982219234]
Trust scores_s2 at iteration 61: [0.49999999982219234, 0.49999999982219234, 0.49999999982219234, 0.49999999982219234, 0.49999999982219234, 0.49999999982219234, 0.49999999982219234, 0.49999999982219234, 0.49999999982219234, 0.49999999982219234]
X.shape (10, 5)
s1 and s2 score at iteration 61
S_1 [0.13160985611934095, 0.13160985611934095, 0.13160985611934095, 0.13160985611934095, 0.13160985611934095, -0.06546703552990343, -0.06546703552990343, -0.06546703552990343, -0.16321021828765725, 0.09191701975968308]
S_2 [0.2, 0.2, 0.2, 0.2, 0.2, 0.25, 0.25, 0.25, 0.5, 0.25]
Trust scores at iteration 62: [0.17617615279687593, 0.17617615279687593, 0.17617615279687593, 0.17617615279687593, 0.17617615279687593, -0.34824292375114363, -0.34824292375114363, -0.34824292375114363, -0.7796722171746266, 0.059521587067920066]
Trust scores_s1 at iteration 62: [0.49808807627397256, 0.49808807627397256, 0.49808807627397256, 0.49808807627397256, 0.49808807627397256, 0.25087853799996285, 0.25087853799996285, 0.25087853799996285, 0.11016389128822132, 0.45476079340949466]
Trust scores_s2 at iteration 62: [0.4099999998755346, 0.4099999998755346, 0.4099999998755346, 0.4099999998755346, 0.4099999998755346, 0.4249999998755346, 0.4249999998755346, 0.4249999998755346, 0.4999999998755346, 0.4249999998755346]
X.shape (10, 5)
s1 and s2 score at iteration 62
S_1 [0.29447251399574814, 0.29447251399574814, 0.29447251399574814, 0.29447251399574814, 0.29447251399574814, 0.15171381898991687, 0.15171381898991687, 0.15171381898991687, 0.0660110309898822, 0.36298981266986874]
S_2 [0.2, 0.2, 0.2, 0.2, 0.2, 0.2, 0.2, 0.2, 0.2, 0.2]
Trust scores at iteration 63: [0.06669585107675602, 0.06669585107675602, 0.06669585107675602, 0.06669585107675602, 0.06669585107675602, -0.41838320625634595, -0.41838320625634595, -0.41838320625634595, -0.7912144498790213, 0.04166511094754404]
Trust scores_s1 at iteration 63: [0.47034792545125226, 0.47034792545125226, 0.47034792545125226, 0.47034792545125226, 0.47034792545125226, 0.23830839678470128, 0.23830839678470128, 0.23830839678470128, 0.10439277497336355, 0.46833255538664625]
Trust scores_s2 at iteration 63: [0.4369999999128742, 0.4369999999128742, 0.4369999999128742, 0.4369999999128742, 0.4369999999128742, 0.4474999999128742, 0.4474999999128742, 0.4474999999128742, 0.49999999991287425, 0.4474999999128742]
X.shape (10, 5)
s1 and s2 score at iteration 63
S_1 [0.44949238308449707, 0.44949238308449707, 0.44949238308449707, 0.44949238308449707, 0.44949238308449707, 0.4454203638277816, 0.4454203638277816, 0.4454203638277816, 0.03367948851943073, 0.5325594799746103]
S_2 [0.2, 0.2, 0.2, 0.2, 0.2, 0.2, 0.2, 0.2, 0.2, 0.2]
Trust scores at iteration 64: [-0.00010604192212630703, -0.00010604192212630703, -0.00010604192212630703, -0.00010604192212630703, -0.00010604192212630703, -0.34195522119054855, -0.34195522119054855, -0.34195522119054855, -0.8348778743755148, 0.029165577663280828]
Trust scores_s1 at iteration 64: [0.4558469789779488, 0.4558469789779488, 0.4558469789779488, 0.4558469789779488, 0.4558469789779488, 0.29227238934373767, 0.29227238934373767, 0.29227238934373767, 0.08256106275125458, 0.4778327887706524]
Trust scores_s2 at iteration 64: [0.4558999999390119, 0.4558999999390119, 0.4558999999390119, 0.4558999999390119, 0.4558999999390119, 0.46324999993901195, 0.46324999993901195, 0.46324999993901195, 0.49999999993901195, 0.46324999993901195]
X.shape (10, 5)
s1 and s2 score at iteration 64
S_1 [0.2946290257076054, 0.2946290257076054, 0.2946290257076054, 0.2946290257076054, 0.2946290257076054, -0.213920639559163, -0.213920639559163, -0.213920639559163, -0.12438603479127638, 0.14568683979575248]
S_2 [0.16666666666666666, 0.16666666666666666, 0.16666666666666666, 0.16666666666666666, 0.16666666666666666, 0.3333333333333333, 0.3333333333333333, 0.3333333333333333, 0.5, 0.16666666666666666]
Trust scores at iteration 65: [0.19992577065451161, 0.19992577065451161, 0.19992577065451161, 0.19992577065451161, 0.19992577065451161, -0.6571889857176818, -0.6571889857176818, -0.6571889857176818, -1.011068056627121, 0.06875855944981533]
Trust scores_s1 at iteration 65: [0.46909288528456417, 0.46909288528456417, 0.46909288528456417, 0.46909288528456417, 0.46909288528456417, 0.09568050709846743, 0.09568050709846743, 0.09568050709846743, -0.005534028356252163, 0.40865427968221607]
Trust scores_s2 at iteration 65: [0.36912999995730833, 0.36912999995730833, 0.36912999995730833, 0.36912999995730833, 0.36912999995730833, 0.42427499995730833, 0.42427499995730833, 0.42427499995730833, 0.49999999995730837, 0.37427499995730834]
X.shape (10, 5)
s1 and s2 score at iteration 65
S_1 [0.41243569004051744, 0.41243569004051744, 0.41243569004051744, 0.41243569004051744, 0.41243569004051744, 0.40039919686631137, 0.40039919686631137, 0.40039919686631137, -0.23718646981975422, 0.026708097147414622]
S_2 [0.2, 0.2, 0.2, 0.2, 0.2, 0.3333333333333333, 0.3333333333333333, 0.3333333333333333, 0.5, 0.5]
Trust scores at iteration 66: [0.31994803945815814, 0.31994803945815814, 0.31994803945815814, 0.31994803945815814, 0.31994803945815814, -0.36878746817793007, -0.36878746817793007, -0.36878746817793007, -1.1802737877493386, -0.23244190899070677]
Trust scores_s1 at iteration 66: [0.4783650196991949, 0.4783650196991949, 0.4783650196991949, 0.4783650196991949, 0.4783650196991949, 0.2125987658811508, 0.2125987658811508, 0.2125987658811508, -0.09013689390455341, 0.29577154547476253]
Trust scores_s2 at iteration 66: [0.31839099997011583, 0.31839099997011583, 0.31839099997011583, 0.31839099997011583, 0.31839099997011583, 0.39699249997011576, 0.39699249997011576, 0.39699249997011576, 0.49999999997011585, 0.41199249997011583]
X.shape (10, 5)
s1 and s2 score at iteration 66
S_1 [0.6398129206853453, 0.6398129206853453, 0.6398129206853453, 0.6398129206853453, 0.6398129206853453, 0.6042439686719164, 0.6042439686719164, 0.6042439686719164, -0.6605247651882614, -0.18260876380204719]
S_2 [0.125, 0.125, 0.125, 0.125, 0.125, 0.125, 0.125, 0.125, 0.5, 0.5]
Trust scores at iteration 67: [0.44896362762071074, 0.44896362762071074, 0.44896362762071074, 0.44896362762071074, 0.44896362762071074, -0.049829049098646716, -0.049829049098646716, -0.049829049098646716, -1.4359031673223703, -0.5483322228740486]
Trust scores_s1 at iteration 67: [0.4848555137894365, 0.4848555137894365, 0.4848555137894365, 0.4848555137894365, 0.4848555137894365, 0.2904802254297577, 0.2904802254297577, 0.2904802254297577, -0.217951583682104, 0.16422863854205688]
Trust scores_s2 at iteration 67: [0.2603736999790811, 0.2603736999790811, 0.2603736999790811, 0.2603736999790811, 0.2603736999790811, 0.315394749979081, 0.315394749979081, 0.315394749979081, 0.4999999999790811, 0.43839474997908107]
X.shape (10, 5)
s1 and s2 score at iteration 67
S_1 [0.4518850621379272, 0.4518850621379272, 0.4518850621379272, 0.4518850621379272, 0.4518850621379272, 0.4270270322722255, 0.4270270322722255, 0.4270270322722255, -0.7063650903322359, -0.48532331120610817]
S_2 [0.125, 0.125, 0.125, 0.125, 0.125, 0.125, 0.125, 0.125, 0.5, 0.5]
Trust scores at iteration 68: [0.5392745393344975, 0.5392745393344975, 0.5392745393344975, 0.5392745393344975, 0.5392745393344975, 0.1736167767670656, 0.1736167767670656, 0.1736167767670656, -1.7740778514360724, -1.006031729122346]
Trust scores_s1 at iteration 68: [0.48939885965260554, 0.48939885965260554, 0.48939885965260554, 0.48939885965260554, 0.48939885965260554, 0.3450847133688896, 0.3450847133688896, 0.3450847133688896, -0.38703892573267945, -0.046139539575816194]
Trust scores_s2 at iteration 68: [0.21976158998535678, 0.21976158998535678, 0.21976158998535678, 0.21976158998535678, 0.21976158998535678, 0.2582763249853567, 0.2582763249853567, 0.2582763249853567, 0.49999999998535677, 0.45687632498535674]
X.shape (10, 5)
s1 and s2 score at iteration 68
S_1 [0.6232512249019183, 0.6232512249019183, 0.6232512249019183, 0.6232512249019183, 0.6232512249019183, 0.5243024699672437, 0.5243024699672437, 0.5243024699672437, -0.2185760466876789, 0.31281840350807616]
S_2 [0.125, 0.125, 0.125, 0.125, 0.125, 0.125, 0.125, 0.125, 0.5, 0.5]
Trust scores at iteration 69: [0.6024921775341483, 0.6024921775341483, 0.6024921775341483, 0.6024921775341483, 0.6024921775341483, 0.2989030744389853, 0.2989030744389853, 0.2989030744389853, -1.6470653827012582, -0.8536480641941262]
Trust scores_s1 at iteration 69: [0.4925792017568239, 0.4925792017568239, 0.4925792017568239, 0.4925792017568239, 0.4925792017568239, 0.36774496470924234, 0.36774496470924234, 0.36774496470924234, -0.3235326913608794, 0.04298939539268666]
Trust scores_s2 at iteration 69: [0.19133311298974973, 0.19133311298974973, 0.19133311298974973, 0.19133311298974973, 0.19133311298974973, 0.21829342748974967, 0.21829342748974967, 0.21829342748974967, 0.49999999998974975, 0.46981342748974975]
X.shape (10, 5)
s1 and s2 score at iteration 69
S_1 [0.12785249490258052, 0.12785249490258052, 0.12785249490258052, 0.12785249490258052, 0.12785249490258052, 0.028233994830120537, 0.028233994830120537, 0.028233994830120537, -0.3490648867648561, -0.09348400920572361]
S_2 [0.2, 0.2, 0.2, 0.2, 0.2, 0.3333333333333333, 0.3333333333333333, 0.3333333333333333, 0.5, 0.5]
Trust scores at iteration 70: [0.6017445242739038, 0.6017445242739038, 0.6017445242739038, 0.6017445242739038, 0.6017445242739038, 0.07548192263769801, 0.07548192263769801, 0.07548192263769801, -2.2720104729578385, -1.116909573680858]
Trust scores_s1 at iteration 70: [0.4948054412297767, 0.4948054412297767, 0.4948054412297767, 0.4948054412297767, 0.4948054412297767, 0.2905463605616738, 0.2905463605616738, 0.2905463605616738, -0.6360052364860944, -0.07958538759760432]
Trust scores_s2 at iteration 70: [0.19393317909282481, 0.19393317909282481, 0.19393317909282481, 0.19393317909282481, 0.19393317909282481, 0.25280539924282475, 0.25280539924282475, 0.25280539924282475, 0.49999999999282485, 0.47886939924282484]
X.shape (10, 5)
s1 and s2 score at iteration 70
S_1 [0.09695731981650883, 0.09695731981650883, 0.09695731981650883, 0.09695731981650883, 0.09695731981650883, -0.03656483034541626, -0.03656483034541626, -0.03656483034541626, -0.21891730380941032, 0.078844846387454]
S_2 [0.2, 0.2, 0.2, 0.2, 0.2, 0.2, 0.2, 0.2, 0.2, 0.2]
Trust scores at iteration 71: [0.4212211669917326, 0.4212211669917326, 0.4212211669917326, 0.4212211669917326, 0.4212211669917326, -0.3602995387579353, -0.3602995387579353, -0.3602995387579353, -2.5677691977878534, -0.8378793194934301]
Trust scores_s1 at iteration 71: [0.4963638088608437, 0.4963638088608437, 0.4963638088608437, 0.4963638088608437, 0.4963638088608437, 0.14681401009100975, 0.14681401009100975, 0.14681401009100975, -0.7838845988989492, 0.06626891972326224]
Trust scores_s2 at iteration 71: [0.2857532253649774, 0.2857532253649774, 0.2857532253649774, 0.2857532253649774, 0.2857532253649774, 0.32696377946997734, 0.32696377946997734, 0.32696377946997734, 0.4999999999949774, 0.4852085794699774]
X.shape (10, 5)
s1 and s2 score at iteration 71
S_1 [0.38784976053027975, 0.38784976053027975, 0.38784976053027975, 0.38784976053027975, 0.38784976053027975, 0.2551944505483492, 0.2551944505483492, 0.2551944505483492, -0.493695141076223, -0.34029203947450504]
S_2 [0.2, 0.2, 0.2, 0.2, 0.2, 0.3333333333333333, 0.3333333333333333, 0.3333333333333333, 0.5, 0.5]
Trust scores at iteration 72: [0.47485481689421283, 0.47485481689421283, 0.47485481689421283, 0.47485481689421283, 0.47485481689421283, -0.2548179472508406, -0.2548179472508406, -0.2548179472508406, -2.4793093518700555, -1.1497298458684555]
Trust scores_s1 at iteration 72: [0.4974546662025906, 0.4974546662025906, 0.4974546662025906, 0.4974546662025906, 0.4974546662025906, 0.20146567200356386, 0.20146567200356386, 0.20146567200356386, -0.7396546759385435, -0.08521891730524361]
Trust scores_s2 at iteration 72: [0.2600272577554842, 0.2600272577554842, 0.2600272577554842, 0.2600272577554842, 0.2600272577554842, 0.32887464562898416, 0.32887464562898416, 0.32887464562898416, 0.4999999999964842, 0.4896460056289842]
X.shape (10, 5)
s1 and s2 score at iteration 72
S_1 [0.07641669517289412, 0.07641669517289412, 0.07641669517289412, 0.07641669517289412, 0.07641669517289412, 0.04797401508449146, 0.04797401508449146, 0.04797401508449146, 0.077674337421732, -0.2408194706728309]
S_2 [0.2, 0.2, 0.2, 0.2, 0.2, 0.2, 0.2, 0.2, 0.2, 0.2]
Trust scores at iteration 73: [0.32754100596773944, 0.32754100596773944, 0.32754100596773944, 0.32754100596773944, 0.32754100596773944, -0.2930835087614832, -0.2930835087614832, -0.2930835087614832, -1.7355165463090387, -2.034922993477915]
Trust scores_s1 at iteration 73: [0.4957895834127087, 0.4957895834127087, 0.4957895834127087, 0.4957895834127087, 0.4957895834127087, 0.2336704975595473, 0.2336704975595473, 0.2336704975595473, -0.3677582731569804, -0.5247092927986686]
Trust scores_s2 at iteration 73: [0.33201908042883893, 0.33201908042883893, 0.33201908042883893, 0.33201908042883893, 0.33201908042883893, 0.38021225194028896, 0.38021225194028896, 0.38021225194028896, 0.49999999999753897, 0.49275220394028896]
X.shape (10, 5)
s1 and s2 score at iteration 73
S_1 [0.1212458320107516, 0.1212458320107516, 0.1212458320107516, 0.1212458320107516, 0.1212458320107516, -0.09641245464069269, -0.09641245464069269, -0.09641245464069269, -0.3844046587724683, -0.3221044747890334]
S_2 [0.2, 0.2, 0.2, 0.2, 0.2, 0.3333333333333333, 0.3333333333333333, 0.3333333333333333, 0.5, 0.5]
Trust scores at iteration 74: [0.40927870417741763, 0.40927870417741763, 0.40927870417741763, 0.40927870417741763, 0.40927870417741763, -0.6437129360069771, -0.6437129360069771, -0.6437129360069771, -2.4659985882765723, -2.5214330172459323]
Trust scores_s1 at iteration 74: [0.4970527083888961, 0.4970527083888961, 0.4970527083888961, 0.4970527083888961, 0.4970527083888961, 0.044292108354713686, 0.044292108354713686, 0.044292108354713686, -0.7329992941400088, -0.7657899658647639]
Trust scores_s2 at iteration 74: [0.2924133563001872, 0.2924133563001872, 0.2924133563001872, 0.2924133563001872, 0.2924133563001872, 0.3661485763582023, 0.3661485763582023, 0.3661485763582023, 0.49999999999827727, 0.49492654275820225]
X.shape (10, 5)
s1 and s2 score at iteration 74
S_1 [0.5622933672573391, 0.5622933672573391, 0.5622933672573391, 0.5622933672573391, 0.5622933672573391, 0.3399344027827125, 0.3399344027827125, 0.3399344027827125, -0.5039697544017012, -0.007810833976261786]
S_2 [0.125, 0.125, 0.125, 0.125, 0.125, 0.125, 0.125, 0.125, 0.5, 0.5]
Trust scores at iteration 75: [0.5114950929241924, 0.5114950929241924, 0.5114950929241924, 0.5114950929241924, 0.5114950929241924, -0.3442340831579321, -0.3442340831579321, -0.3442340831579321, -2.2950816540662, -2.069170421041682]
Trust scores_s1 at iteration 75: [0.4979368958722273, 0.4979368958722273, 0.4979368958722273, 0.4979368958722273, 0.4979368958722273, 0.12168696187177551, 0.12168696187177551, 0.12168696187177551, -0.6475408270343057, -0.5381366305900994]
Trust scores_s2 at iteration 75: [0.24218934941013104, 0.24218934941013104, 0.24218934941013104, 0.24218934941013104, 0.24218934941013104, 0.29380400345074165, 0.29380400345074165, 0.29380400345074165, 0.4999999999987941, 0.4964485799307416]
X.shape (10, 5)
s1 and s2 score at iteration 75
S_1 [0.5588170694856742, 0.5588170694856742, 0.5588170694856742, 0.5588170694856742, 0.5588170694856742, 0.5721639848754678, 0.5721639848754678, 0.5721639848754678, -0.3883878229511588, -0.29790221317376697]
S_2 [0.125, 0.125, 0.125, 0.125, 0.125, 0.125, 0.125, 0.125, 0.5, 0.5]
Trust scores at iteration 76: [0.5760484408678856, 0.5760484408678856, 0.5760484408678856, 0.5760484408678856, 0.5760484408678856, -0.015963858210552406, -0.015963858210552406, -0.015963858210552406, -2.1101986836419693, -1.904616934417355]
Trust scores_s1 at iteration 76: [0.4950567650210346, 0.4950567650210346, 0.4950567650210346, 0.4950567650210346, 0.4950567650210346, 0.23518087331024287, 0.23518087331024287, 0.23518087331024287, -0.5550993418218286, -0.4547944612571582]
Trust scores_s2 at iteration 76: [0.20703254458709172, 0.20703254458709172, 0.20703254458709172, 0.20703254458709172, 0.20703254458709172, 0.24316280241551916, 0.24316280241551916, 0.24316280241551916, 0.49999999999915584, 0.4975140059515191]
X.shape (10, 5)
s1 and s2 score at iteration 76
S_1 [0.2552325571888743, 0.2552325571888743, 0.2552325571888743, 0.2552325571888743, 0.2552325571888743, -0.17806866565467944, -0.17806866565467944, -0.17806866565467944, 0.07700479659994358, -0.072303527951685]
S_2 [0.2, 0.2, 0.2, 0.2, 0.2, 0.3333333333333333, 0.3333333333333333, 0.3333333333333333, 0.5, 0.5]
Trust scores at iteration 77: [0.58323390860752, 0.58323390860752, 0.58323390860752, 0.58323390860752, 0.58323390860752, -0.42047636776344893, -0.42047636776344893, -0.42047636776344893, -1.6866277455344143, -1.7182173223427915]
Trust scores_s1 at iteration 77: [0.4965397355147242, 0.4965397355147242, 0.4965397355147242, 0.4965397355147242, 0.4965397355147242, 0.05997577780913885, 0.05997577780913885, 0.05997577780913885, -0.34331387276779796, -0.36084885700533226]
Trust scores_s2 at iteration 77: [0.2049227812109642, 0.2049227812109642, 0.2049227812109642, 0.2049227812109642, 0.2049227812109642, 0.2702139616908634, 0.2702139616908634, 0.2702139616908634, 0.4999999999994091, 0.4982598041660634]
X.shape (10, 5)
s1 and s2 score at iteration 77
S_1 [0.7580215641545835, 0.7580215641545835, 0.7580215641545835, 0.7580215641545835, 0.7580215641545835, 0.8084046999950601, 0.8084046999950601, 0.8084046999950601, 0.082286949417748, 0.5412353507013177]
S_2 [0.125, 0.125, 0.125, 0.125, 0.125, 0.125, 0.125, 0.125, 0.5, 0.25]
Trust scores at iteration 78: [0.6145664910040076, 0.6145664910040076, 0.6145664910040076, 0.6145664910040076, 0.6145664910040076, -0.06933345743441421, -0.06933345743441421, -0.06933345743441421, -1.4501026315443513, -1.1518990068847224]
Trust scores_s1 at iteration 78: [0.4882291923496787, 0.4882291923496787, 0.4882291923496787, 0.4882291923496787, 0.4882291923496787, 0.19198304446639722, 0.19198304446639722, 0.19198304446639722, -0.22505131577258924, -0.15216764052611667]
Trust scores_s2 at iteration 78: [0.18094594684767493, 0.18094594684767493, 0.18094594684767493, 0.18094594684767493, 0.18094594684767493, 0.22664977318360438, 0.22664977318360438, 0.22664977318360438, 0.4999999999995864, 0.42378186291624437]
X.shape (10, 5)
s1 and s2 score at iteration 78
S_1 [0.6248361224874043, 0.6248361224874043, 0.6248361224874043, 0.6248361224874043, 0.6248361224874043, 0.6491351195547923, 0.6491351195547923, 0.6491351195547923, -0.06440670940620047, 0.2706454874182303]
S_2 [0.125, 0.125, 0.125, 0.125, 0.125, 0.125, 0.125, 0.125, 0.5, 0.5]
Trust scores at iteration 79: [0.643966679687412, 0.643966679687412, 0.643966679687412, 0.643966679687412, 0.643966679687412, 0.17646657979591007, 0.17646657979591007, 0.17646657979591007, -1.344837621561768, -0.9812495736823499]
Trust scores_s1 at iteration 79: [0.48614550263707845, 0.48614550263707845, 0.48614550263707845, 0.48614550263707845, 0.48614550263707845, 0.2843881311264781, 0.2843881311264781, 0.2843881311264781, -0.17241881078117352, -0.04397748279980375]
Trust scores_s2 at iteration 79: [0.16416216279337245, 0.16416216279337245, 0.16416216279337245, 0.16416216279337245, 0.16416216279337245, 0.19615484122852306, 0.19615484122852306, 0.19615484122852306, 0.49999999999971045, 0.44664730404137104]
X.shape (10, 5)
s1 and s2 score at iteration 79
S_1 [0.27677336978688166, 0.27677336978688166, 0.27677336978688166, 0.27677336978688166, 0.27677336978688166, 0.2423356338938015, 0.2423356338938015, 0.2423356338938015, -0.16249401140534486, -0.3133370781018657]
S_2 [0.2, 0.2, 0.2, 0.2, 0.2, 0.25, 0.25, 0.25, 0.25, 0.5]
Trust scores at iteration 80: [0.6307766757811883, 0.6307766757811883, 0.6307766757811883, 0.6307766757811883, 0.6307766757811883, 0.2361988789306655, 0.2361988789306655, 0.2361988789306655, -1.2675167318114626, -1.3265068110647014]
Trust scores_s1 at iteration 80: [0.49030185184595493, 0.49030185184595493, 0.49030185184595493, 0.49030185184595493, 0.49030185184595493, 0.3304078283252989, 0.3304078283252989, 0.3304078283252989, -0.208758365905934, -0.20060029270339078]
Trust scores_s2 at iteration 80: [0.1749135139553607, 0.1749135139553607, 0.1749135139553607, 0.1749135139553607, 0.1749135139553607, 0.21230838885996614, 0.21230838885996614, 0.21230838885996614, 0.4249999999997973, 0.4626531128289597]
X.shape (10, 5)
s1 and s2 score at iteration 80
S_1 [0.19186341134444493, 0.19186341134444493, 0.19186341134444493, 0.19186341134444493, 0.19186341134444493, -0.3447141113011662, -0.3447141113011662, -0.3447141113011662, 0.21924588970859998, 0.008058980430218207]
S_2 [0.16666666666666666, 0.16666666666666666, 0.16666666666666666, 0.16666666666666666, 0.16666666666666666, 0.3333333333333333, 0.3333333333333333, 0.3333333333333333, 0.16666666666666666, 0.5]
Trust scores at iteration 81: [0.6040754973826734, 0.6040754973826734, 0.6040754973826734, 0.6040754973826734, 0.6040754973826734, -0.5063422996348468, -0.5063422996348468, -0.5063422996348468, -0.6872617122680237, -1.217527449822575]
Trust scores_s1 at iteration 81: [0.4744772084600893, 0.4744772084600893, 0.4744772084600893, 0.4744772084600893, 0.4744772084600893, -0.004555277615447106, -0.004555277615447106, -0.004555277615447106, 0.0038691438658462474, -0.13490654593101553]
Trust scores_s2 at iteration 81: [0.17243945976875247, 0.17243945976875247, 0.17243945976875247, 0.17243945976875247, 0.17243945976875247, 0.24861587220197628, 0.24861587220197628, 0.24861587220197628, 0.3474999999998581, 0.4738571789802718]
X.shape (10, 5)
s1 and s2 score at iteration 81
S_1 [1.0, 1.0, 1.0, 1.0, 1.0, 1.0, 1.0, 1.0, 1.0, 1.0]
S_2 [0.1, 0.1, 0.1, 0.1, 0.1, 0.1, 0.1, 0.1, 0.1, 0.1]
Trust scores at iteration 82: [0.4228528481678714, 0.4228528481678714, 0.4228528481678714, 0.4228528481678714, 0.4228528481678714, -0.3544396097443927, -0.3544396097443927, -0.3544396097443927, -0.48108319858761656, -0.8522692148758024]
Trust scores_s1 at iteration 82: [0.4821340459220625, 0.4821340459220625, 0.4821340459220625, 0.4821340459220625, 0.4821340459220625, 0.14681130566918704, 0.14681130566918704, 0.14681130566918704, 0.1527084007060924, 0.05556541784828915]
Trust scores_s2 at iteration 82: [0.27070762183812674, 0.27070762183812674, 0.27070762183812674, 0.27070762183812674, 0.27070762183812674, 0.32403111054138345, 0.32403111054138345, 0.32403111054138345, 0.3932499999999007, 0.48170002528619027]
X.shape (10, 5)
s1 and s2 score at iteration 82
S_1 [1.0, 1.0, 1.0, 1.0, 1.0, 1.0, 1.0, 1.0, 1.0, 1.0]
S_2 [0.1, 0.1, 0.1, 0.1, 0.1, 0.1, 0.1, 0.1, 0.1, 0.1]
Trust scores at iteration 83: [0.2959969937175099, 0.2959969937175099, 0.2959969937175099, 0.2959969937175099, 0.2959969937175099, -0.24810772682107488, -0.24810772682107488, -0.24810772682107488, -0.33675823901133156, -0.5965884504130616]
Trust scores_s1 at iteration 83: [0.48749383214544373, 0.48749383214544373, 0.48749383214544373, 0.48749383214544373, 0.48749383214544373, 0.25276791396843096, 0.25276791396843096, 0.25276791396843096, 0.2568958804942647, 0.18889579249380242]
Trust scores_s2 at iteration 83: [0.33949533528668874, 0.33949533528668874, 0.33949533528668874, 0.33949533528668874, 0.33949533528668874, 0.3768217773789684, 0.3768217773789684, 0.3768217773789684, 0.42527499999993046, 0.4871900177003332]
X.shape (10, 5)
s1 and s2 score at iteration 83
S_1 [1.0, 1.0, 1.0, 1.0, 1.0, 1.0, 1.0, 1.0, 1.0, 1.0]
S_2 [0.1, 0.1, 0.1, 0.1, 0.1, 0.1, 0.1, 0.1, 0.1, 0.1]
Trust scores at iteration 84: [0.20719789560225693, 0.20719789560225693, 0.20719789560225693, 0.20719789560225693, 0.20719789560225693, -0.1736754087747524, -0.1736754087747524, -0.1736754087747524, -0.23573076730793208, -0.4176119152891431]
Trust scores_s1 at iteration 84: [0.4912456825018106, 0.4912456825018106, 0.4912456825018106, 0.4912456825018106, 0.4912456825018106, 0.3269375397779017, 0.3269375397779017, 0.3269375397779017, 0.32982711634598527, 0.2822270547456617]
Trust scores_s2 at iteration 84: [0.3876467347006821, 0.3876467347006821, 0.3876467347006821, 0.3876467347006821, 0.3876467347006821, 0.4137752441652779, 0.4137752441652779, 0.4137752441652779, 0.4476924999999513, 0.4910330123902332]
X.shape (10, 5)
s1 and s2 score at iteration 84
S_1 [0.9999999999999998, 0.9999999999999998, 0.9999999999999998, 0.9999999999999998, 0.9999999999999998, 0.9999999999999998, 0.9999999999999998, 0.9999999999999998, 0.9999999999999998, 0.9999999999999998]
S_2 [0.1, 0.1, 0.1, 0.1, 0.1, 0.1, 0.1, 0.1, 0.1, 0.1]
Trust scores at iteration 85: [0.14503852692157984, 0.14503852692157984, 0.14503852692157984, 0.14503852692157984, 0.14503852692157984, -0.12157278614232668, -0.12157278614232668, -0.12157278614232668, -0.16501153711555244, -0.29232834070240016]
Trust scores_s1 at iteration 85: [0.49387197775126745, 0.49387197775126745, 0.49387197775126745, 0.49387197775126745, 0.49387197775126745, 0.3788562778445312, 0.3788562778445312, 0.3788562778445312, 0.3808789814421897, 0.34755893832196316]
Trust scores_s2 at iteration 85: [0.4213527142904775, 0.4213527142904775, 0.4213527142904775, 0.4213527142904775, 0.4213527142904775, 0.43964267091569453, 0.43964267091569453, 0.43964267091569453, 0.46338474999996593, 0.49372310867316327]
X.shape (10, 5)
s1 and s2 score at iteration 85
S_1 [1.0, 1.0, 1.0, 1.0, 1.0, 1.0, 1.0, 1.0, 1.0, 1.0]
S_2 [0.1, 0.1, 0.1, 0.1, 0.1, 0.1, 0.1, 0.1, 0.1, 0.1]
Trust scores at iteration 86: [0.10152696884510588, 0.10152696884510588, 0.10152696884510588, 0.10152696884510588, 0.10152696884510588, -0.08510095029962868, -0.08510095029962868, -0.08510095029962868, -0.1155080759808867, -0.2046298384916801]
Trust scores_s1 at iteration 86: [0.4957103844258872, 0.4957103844258872, 0.4957103844258872, 0.4957103844258872, 0.4957103844258872, 0.4151993944911718, 0.4151993944911718, 0.4151993944911718, 0.41661528700953276, 0.39329125682537425]
Trust scores_s2 at iteration 86: [0.44494690000333426, 0.44494690000333426, 0.44494690000333426, 0.44494690000333426, 0.44494690000333426, 0.4577498696409862, 0.4577498696409862, 0.4577498696409862, 0.47436932499997614, 0.49560617607121427]
X.shape (10, 5)
s1 and s2 score at iteration 86
S_1 [0.9999999999999998, 0.9999999999999998, 0.9999999999999998, 0.9999999999999998, 0.9999999999999998, 0.9999999999999998, 0.9999999999999998, 0.9999999999999998, 0.9999999999999998, 0.9999999999999998]
S_2 [0.1, 0.1, 0.1, 0.1, 0.1, 0.1, 0.1, 0.1, 0.1, 0.1]
Trust scores at iteration 87: [0.07106887819157412, 0.07106887819157412, 0.07106887819157412, 0.07106887819157412, 0.07106887819157412, -0.05957066520974007, -0.05957066520974007, -0.05957066520974007, -0.08085565318662069, -0.14324088694417605]
Trust scores_s1 at iteration 87: [0.49699726909812103, 0.49699726909812103, 0.49699726909812103, 0.49699726909812103, 0.49699726909812103, 0.44063957614382027, 0.44063957614382027, 0.44063957614382027, 0.44163070090667295, 0.42530387977776196]
Trust scores_s2 at iteration 87: [0.46146283000233396, 0.46146283000233396, 0.46146283000233396, 0.46146283000233396, 0.46146283000233396, 0.4704249087486903, 0.4704249087486903, 0.4704249087486903, 0.4820585274999833, 0.49692432324985]
X.shape (10, 5)
s1 and s2 score at iteration 87
S_1 [0.9999999999999998, 0.9999999999999998, 0.9999999999999998, 0.9999999999999998, 0.9999999999999998, 0.9999999999999998, 0.9999999999999998, 0.9999999999999998, 0.9999999999999998, 0.9999999999999998]
S_2 [0.1, 0.1, 0.1, 0.1, 0.1, 0.1, 0.1, 0.1, 0.1, 0.1]
Trust scores at iteration 88: [0.04974821473410188, 0.04974821473410188, 0.04974821473410188, 0.04974821473410188, 0.04974821473410188, -0.04169946564681804, -0.04169946564681804, -0.04169946564681804, -0.05659895723063448, -0.10026862086092324]
Trust scores_s1 at iteration 88: [0.4978980883686847, 0.4978980883686847, 0.4978980883686847, 0.4978980883686847, 0.4978980883686847, 0.4584477033006742, 0.4584477033006742, 0.4584477033006742, 0.4591414906346711, 0.4477127158444334]
Trust scores_s2 at iteration 88: [0.4730239810016338, 0.4730239810016338, 0.4730239810016338, 0.4730239810016338, 0.4730239810016338, 0.4792974361240832, 0.4792974361240832, 0.4792974361240832, 0.4874409692499883, 0.49784702627489497]
X.shape (10, 5)
s1 and s2 score at iteration 88
S_1 [1.0, 1.0, 1.0, 1.0, 1.0, 1.0, 1.0, 1.0, 1.0, 1.0]
S_2 [0.1, 0.1, 0.1, 0.1, 0.1, 0.1, 0.1, 0.1, 0.1, 0.1]
Trust scores at iteration 89: [0.03482375031387132, 0.03482375031387132, 0.03482375031387132, 0.03482375031387132, 0.03482375031387132, -0.02918962595277263, -0.02918962595277263, -0.02918962595277263, -0.03961927006144413, -0.07018803460264626]
Trust scores_s1 at iteration 89: [0.4985286618580793, 0.4985286618580793, 0.4985286618580793, 0.4985286618580793, 0.4985286618580793, 0.4709133923104719, 0.4709133923104719, 0.4709133923104719, 0.47139904344426975, 0.4633989010911034]
Trust scores_s2 at iteration 89: [0.48111678670114366, 0.48111678670114366, 0.48111678670114366, 0.48111678670114366, 0.48111678670114366, 0.48550820528685823, 0.48550820528685823, 0.48550820528685823, 0.49120867847499183, 0.4984929183924265]
X.shape (10, 5)
s1 and s2 score at iteration 89
S_1 [0.9999999999999998, 0.9999999999999998, 0.9999999999999998, 0.9999999999999998, 0.9999999999999998, 0.9999999999999998, 0.9999999999999998, 0.9999999999999998, 0.9999999999999998, 0.9999999999999998]
S_2 [0.1, 0.1, 0.1, 0.1, 0.1, 0.1, 0.1, 0.1, 0.1, 0.1]
Trust scores at iteration 90: [0.024376625219709923, 0.024376625219709923, 0.024376625219709923, 0.024376625219709923, 0.024376625219709923, -0.02043273816694084, -0.02043273816694084, -0.02043273816694084, -0.02773348904301089, -0.04913162422185238]
Trust scores_s1 at iteration 90: [0.4989700633006555, 0.4989700633006555, 0.4989700633006555, 0.4989700633006555, 0.4989700633006555, 0.47963937461733036, 0.47963937461733036, 0.47963937461733036, 0.47997933041098884, 0.47437923076377236]
Trust scores_s2 at iteration 90: [0.48678175069080054, 0.48678175069080054, 0.48678175069080054, 0.48678175069080054, 0.48678175069080054, 0.48985574370080076, 0.48985574370080076, 0.48985574370080076, 0.49384607493249427, 0.49894504287469854]
X.shape (10, 5)
s1 and s2 score at iteration 90
S_1 [1.0, 1.0, 1.0, 1.0, 1.0, 1.0, 1.0, 1.0, 1.0, 1.0]
S_2 [0.1, 0.1, 0.1, 0.1, 0.1, 0.1, 0.1, 0.1, 0.1, 0.1]
Trust scores at iteration 91: [0.017063637653796943, 0.017063637653796943, 0.017063637653796943, 0.017063637653796943, 0.017063637653796943, -0.014302916716858585, -0.014302916716858585, -0.014302916716858585, -0.01941344233010762, -0.034392136955296665]
Trust scores_s1 at iteration 91: [0.4992790443104589, 0.4992790443104589, 0.4992790443104589, 0.4992790443104589, 0.4992790443104589, 0.4857475622321313, 0.4857475622321313, 0.4857475622321313, 0.4859855312876922, 0.48206546153464064]
Trust scores_s2 at iteration 91: [0.49074722548356037, 0.49074722548356037, 0.49074722548356037, 0.49074722548356037, 0.49074722548356037, 0.4928990205905605, 0.4928990205905605, 0.4928990205905605, 0.495692252452746, 0.49926153001228896]
X.shape (10, 5)
s1 and s2 score at iteration 91
S_1 [1.0, 1.0, 1.0, 1.0, 1.0, 1.0, 1.0, 1.0, 1.0, 1.0]
S_2 [0.1, 0.1, 0.1, 0.1, 0.1, 0.1, 0.1, 0.1, 0.1, 0.1]
Trust scores at iteration 92: [0.01194454635765786, 0.01194454635765786, 0.01194454635765786, 0.01194454635765786, 0.01194454635765786, -0.010012041701801009, -0.010012041701801009, -0.010012041701801009, -0.013589409631075335, -0.024074495868707663]
Trust scores_s1 at iteration 92: [0.49949533101732124, 0.49949533101732124, 0.49949533101732124, 0.49949533101732124, 0.49949533101732124, 0.4900232935624919, 0.4900232935624919, 0.4900232935624919, 0.4901898719013845, 0.48744582307424844]
Trust scores_s2 at iteration 92: [0.49352305783849226, 0.49352305783849226, 0.49352305783849226, 0.49352305783849226, 0.49352305783849226, 0.4950293144133924, 0.4950293144133924, 0.4950293144133924, 0.4969845767169222, 0.4994830710086023]
X.shape (10, 5)
s1 and s2 score at iteration 92
S_1 [1.0, 1.0, 1.0, 1.0, 1.0, 1.0, 1.0, 1.0, 1.0, 1.0]
S_2 [0.1, 0.1, 0.1, 0.1, 0.1, 0.1, 0.1, 0.1, 0.1, 0.1]
Trust scores at iteration 93: [0.008361182450360502, 0.008361182450360502, 0.008361182450360502, 0.008361182450360502, 0.008361182450360502, -0.007008429191260706, -0.007008429191260706, -0.007008429191260706, -0.009512586741752734, -0.016852147108095364]
Trust scores_s1 at iteration 93: [0.49964673171212487, 0.49964673171212487, 0.49964673171212487, 0.49964673171212487, 0.49964673171212487, 0.49301630549374437, 0.49301630549374437, 0.49301630549374437, 0.4931329103309692, 0.49121207615197393]
Trust scores_s2 at iteration 93: [0.4954661404869446, 0.4954661404869446, 0.4954661404869446, 0.4954661404869446, 0.4954661404869446, 0.49652052008937464, 0.49652052008937464, 0.49652052008937464, 0.49788920370184553, 0.4996381497060216]
X.shape (10, 5)
s1 and s2 score at iteration 93
S_1 [1.0, 1.0, 1.0, 1.0, 1.0, 1.0, 1.0, 1.0, 1.0, 1.0]
S_2 [0.1, 0.1, 0.1, 0.1, 0.1, 0.1, 0.1, 0.1, 0.1, 0.1]
Trust scores at iteration 94: [0.005852827715252351, 0.005852827715252351, 0.005852827715252351, 0.005852827715252351, 0.005852827715252351, -0.004905900433882494, -0.004905900433882494, -0.004905900433882494, -0.0066588107192269135, -0.011796502975666754]
Trust scores_s1 at iteration 94: [0.49975271219848744, 0.49975271219848744, 0.49975271219848744, 0.49975271219848744, 0.49975271219848744, 0.4951114138456211, 0.4951114138456211, 0.4951114138456211, 0.4951930372316784, 0.4938484533063818]
Trust scores_s2 at iteration 94: [0.4968262983408612, 0.4968262983408612, 0.4968262983408612, 0.4968262983408612, 0.4968262983408612, 0.49756436406256227, 0.49756436406256227, 0.49756436406256227, 0.49852244259129186, 0.4997467047942151]
X.shape (10, 5)
s1 and s2 score at iteration 94
S_1 [1.0, 1.0, 1.0, 1.0, 1.0, 1.0, 1.0, 1.0, 1.0, 1.0]
S_2 [0.1, 0.1, 0.1, 0.1, 0.1, 0.1, 0.1, 0.1, 0.1, 0.1]
Trust scores at iteration 95: [0.004096979400676645, 0.004096979400676645, 0.004096979400676645, 0.004096979400676645, 0.004096979400676645, -0.0034341303037177455, -0.0034341303037177455, -0.0034341303037177455, -0.004661167503458839, -0.008257552082966727]
Trust scores_s1 at iteration 95: [0.4998268985389412, 0.4998268985389412, 0.4998268985389412, 0.4998268985389412, 0.4998268985389412, 0.49657798969193473, 0.49657798969193473, 0.49657798969193473, 0.49663512606217486, 0.49569391731446727]
Trust scores_s2 at iteration 95: [0.49777840883860286, 0.49777840883860286, 0.49777840883860286, 0.49777840883860286, 0.49777840883860286, 0.4982950548437936, 0.4982950548437936, 0.4982950548437936, 0.4989657098139043, 0.4998226933559506]
X.shape (10, 5)
s1 and s2 score at iteration 95
S_1 [1.0, 1.0, 1.0, 1.0, 1.0, 1.0, 1.0, 1.0, 1.0, 1.0]
S_2 [0.1, 0.1, 0.1, 0.1, 0.1, 0.1, 0.1, 0.1, 0.1, 0.1]
Trust scores at iteration 96: [0.0028678855804736515, 0.0028678855804736515, 0.0028678855804736515, 0.0028678855804736515, 0.0028678855804736515, -0.002403891212602422, -0.002403891212602422, -0.002403891212602422, -0.003262817252421187, -0.0057802864580767084]
Trust scores_s1 at iteration 96: [0.4998788289772588, 0.4998788289772588, 0.4998788289772588, 0.4998788289772588, 0.4998788289772588, 0.4976045927843543, 0.4976045927843543, 0.4976045927843543, 0.4976445882435224, 0.4969857421201271]
Trust scores_s2 at iteration 96: [0.498444886187022, 0.498444886187022, 0.498444886187022, 0.498444886187022, 0.498444886187022, 0.49880653839065553, 0.49880653839065553, 0.49880653839065553, 0.499275996869733, 0.49987588534916544]
X.shape (10, 5)
s1 and s2 score at iteration 96
S_1 [1.0, 1.0, 1.0, 1.0, 1.0, 1.0, 1.0, 1.0, 1.0, 1.0]
S_2 [0.1, 0.1, 0.1, 0.1, 0.1, 0.1, 0.1, 0.1, 0.1, 0.1]
Trust scores at iteration 97: [0.002007519906331556, 0.002007519906331556, 0.002007519906331556, 0.002007519906331556, 0.002007519906331556, -0.0016827238488216951, -0.0016827238488216951, -0.0016827238488216951, -0.002283972076694831, -0.004046200520653695]
Trust scores_s1 at iteration 97: [0.49991518028408116, 0.49991518028408116, 0.49991518028408116, 0.49991518028408116, 0.49991518028408116, 0.498323214949048, 0.498323214949048, 0.498323214949048, 0.4983512117704657, 0.49789001948408895]
Trust scores_s2 at iteration 97: [0.4989114203309154, 0.4989114203309154, 0.4989114203309154, 0.4989114203309154, 0.4989114203309154, 0.4991645768734589, 0.4991645768734589, 0.4991645768734589, 0.4994931978088131, 0.4999131197444158]
X.shape (10, 5)
s1 and s2 score at iteration 97
S_1 [1.0, 1.0, 1.0, 1.0, 1.0, 1.0, 1.0, 1.0, 1.0, 1.0]
S_2 [0.1, 0.1, 0.1, 0.1, 0.1, 0.1, 0.1, 0.1, 0.1, 0.1]
Trust scores at iteration 98: [0.0014052639344320891, 0.0014052639344320891, 0.0014052639344320891, 0.0014052639344320891, 0.0014052639344320891, -0.0011779066941751866, -0.0011779066941751866, -0.0011779066941751866, -0.0015987804536863816, -0.0028323403644575865]
Trust scores_s1 at iteration 98: [0.4999406261988568, 0.4999406261988568, 0.4999406261988568, 0.4999406261988568, 0.4999406261988568, 0.4988262504643336, 0.4988262504643336, 0.4988262504643336, 0.498845848239326, 0.49852301363886226]
Trust scores_s2 at iteration 98: [0.4992379942316408, 0.4992379942316408, 0.4992379942316408, 0.4992379942316408, 0.4992379942316408, 0.49941520381142124, 0.49941520381142124, 0.49941520381142124, 0.4996452384661692, 0.4999391838210911]
X.shape (10, 5)
s1 and s2 score at iteration 98
S_1 [1.0, 1.0, 1.0, 1.0, 1.0, 1.0, 1.0, 1.0, 1.0, 1.0]
S_2 [0.1, 0.1, 0.1, 0.1, 0.1, 0.1, 0.1, 0.1, 0.1, 0.1]
Trust scores at iteration 99: [0.0009836847541024624, 0.0009836847541024624, 0.0009836847541024624, 0.0009836847541024624, 0.0009836847541024624, -0.0008245346859226306, -0.0008245346859226306, -0.0008245346859226306, -0.001119146317580467, -0.0019826382551203104]
Trust scores_s1 at iteration 99: [0.4999584383391998, 0.4999584383391998, 0.4999584383391998, 0.4999584383391998, 0.4999584383391998, 0.4991783753250335, 0.4991783753250335, 0.4991783753250335, 0.4991920937675282, 0.4989661095472036]
Trust scores_s2 at iteration 99: [0.49946659596214854, 0.49946659596214854, 0.49946659596214854, 0.49946659596214854, 0.49946659596214854, 0.49959064266799486, 0.49959064266799486, 0.49959064266799486, 0.49975166692631845, 0.4999574286747638]
X.shape (10, 5)
s1 and s2 score at iteration 99
S_1 [1.0, 1.0, 1.0, 1.0, 1.0, 1.0, 1.0, 1.0, 1.0, 1.0]
S_2 [0.1, 0.1, 0.1, 0.1, 0.1, 0.1, 0.1, 0.1, 0.1, 0.1]
Trust scores at iteration 100: [0.0006885793278717236, 0.0006885793278717236, 0.0006885793278717236, 0.0006885793278717236, 0.0006885793278717236, -0.0005771742801458414, -0.0005771742801458414, -0.0005771742801458414, -0.0007834024223063268, -0.0013878467785842172]
Trust scores_s1 at iteration 100: [0.49997090683743983, 0.49997090683743983, 0.49997090683743983, 0.49997090683743983, 0.49997090683743983, 0.49942486272752346, 0.49942486272752346, 0.49942486272752346, 0.49943446563726973, 0.49927627668304253]
Trust scores_s2 at iteration 100: [0.499626617173504, 0.499626617173504, 0.499626617173504, 0.499626617173504, 0.499626617173504, 0.4997134498675964, 0.4997134498675964, 0.4997134498675964, 0.4998261668484229, 0.49997020007233467]
