chunks.shape 518399
chunks[0].shape 5
Loaded Tower 5 data for Tower 2 without noise: 518399 chunks
chunks.shape 518399
chunks[0].shape 5
Loaded Tower 5 data for Tower 3 without noise: 518399 chunks
chunks.shape 518399
chunks[0].shape 5
Loaded Tower 5 data for Tower 4 without noise: 518399 chunks
chunks.shape 518399
chunks[0].shape 5
Loaded Tower 5 data for Tower 5 without noise: 518399 chunks
chunks.shape 518399
chunks[0].shape 5
Loaded Tower 5 data for Tower 6 without noise: 518399 chunks
chunks.shape 518399
chunks[0].shape 5
Loaded Tower 5 data for Tower 7 with same noise (chunks 60-80): 518399 chunks
chunks.shape 518399
chunks[0].shape 5
Loaded Tower 5 data for Tower 8 with same noise (chunks 60-80): 518399 chunks
chunks.shape 518399
chunks[0].shape 5
Loaded Tower 5 data for Tower 9 with same noise (chunks 60-80): 518399 chunks
chunks.shape 518399
chunks[0].shape 5
Loaded Tower 5 data for Tower 10 with random noise (chunks 60-80): 518399 chunks
chunks.shape 518399
chunks[0].shape 5
Loaded Tower 5 data for Tower 11 with random noise (chunks 60-80): 518399 chunks
X.shape (10, 5)
s1 and s2 score at iteration 0
S_1 [1.0, 1.0, 1.0, 1.0, 1.0, 1.0, 1.0, 1.0, 1.0, 1.0]
S_2 [0.1, 0.1, 0.1, 0.1, 0.1, 0.1, 0.1, 0.1, 0.1, 0.1]
Trust scores at iteration 1: [0.0, 0.0, 0.0, 0.0, 0.0, 0.0, 0.0, 0.0, 0.0, 0.0]
Trust scores_s1 at iteration 1: [0.45, 0.45, 0.45, 0.45, 0.45, 0.45, 0.45, 0.45, 0.45, 0.45]
Trust scores_s2 at iteration 1: [0.45, 0.45, 0.45, 0.45, 0.45, 0.45, 0.45, 0.45, 0.45, 0.45]
X.shape (10, 5)
s1 and s2 score at iteration 1
S_1 [1.0, 1.0, 1.0, 1.0, 1.0, 1.0, 1.0, 1.0, 1.0, 1.0]
S_2 [0.1, 0.1, 0.1, 0.1, 0.1, 0.1, 0.1, 0.1, 0.1, 0.1]
Trust scores at iteration 2: [0.0, 0.0, 0.0, 0.0, 0.0, 0.0, 0.0, 0.0, 0.0, 0.0]
Trust scores_s1 at iteration 2: [0.495, 0.495, 0.495, 0.495, 0.495, 0.495, 0.495, 0.495, 0.495, 0.495]
Trust scores_s2 at iteration 2: [0.495, 0.495, 0.495, 0.495, 0.495, 0.495, 0.495, 0.495, 0.495, 0.495]
X.shape (10, 5)
s1 and s2 score at iteration 2
S_1 [1.0, 1.0, 1.0, 1.0, 1.0, 1.0, 1.0, 1.0, 1.0, 1.0]
S_2 [0.1, 0.1, 0.1, 0.1, 0.1, 0.1, 0.1, 0.1, 0.1, 0.1]
Trust scores at iteration 3: [0.0, 0.0, 0.0, 0.0, 0.0, 0.0, 0.0, 0.0, 0.0, 0.0]
Trust scores_s1 at iteration 3: [0.4995, 0.4995, 0.4995, 0.4995, 0.4995, 0.4995, 0.4995, 0.4995, 0.4995, 0.4995]
Trust scores_s2 at iteration 3: [0.4995, 0.4995, 0.4995, 0.4995, 0.4995, 0.4995, 0.4995, 0.4995, 0.4995, 0.4995]
X.shape (10, 5)
s1 and s2 score at iteration 3
S_1 [1.0, 1.0, 1.0, 1.0, 1.0, 1.0, 1.0, 1.0, 1.0, 1.0]
S_2 [0.1, 0.1, 0.1, 0.1, 0.1, 0.1, 0.1, 0.1, 0.1, 0.1]
Trust scores at iteration 4: [0.0, 0.0, 0.0, 0.0, 0.0, 0.0, 0.0, 0.0, 0.0, 0.0]
Trust scores_s1 at iteration 4: [0.49995, 0.49995, 0.49995, 0.49995, 0.49995, 0.49995, 0.49995, 0.49995, 0.49995, 0.49995]
Trust scores_s2 at iteration 4: [0.49995, 0.49995, 0.49995, 0.49995, 0.49995, 0.49995, 0.49995, 0.49995, 0.49995, 0.49995]
X.shape (10, 5)
s1 and s2 score at iteration 4
S_1 [0.9999999999999998, 0.9999999999999998, 0.9999999999999998, 0.9999999999999998, 0.9999999999999998, 0.9999999999999998, 0.9999999999999998, 0.9999999999999998, 0.9999999999999998, 0.9999999999999998]
S_2 [0.1, 0.1, 0.1, 0.1, 0.1, 0.1, 0.1, 0.1, 0.1, 0.1]
Trust scores at iteration 5: [0.0, 0.0, 0.0, 0.0, 0.0, 0.0, 0.0, 0.0, 0.0, 0.0]
Trust scores_s1 at iteration 5: [0.499995, 0.499995, 0.499995, 0.499995, 0.499995, 0.499995, 0.499995, 0.499995, 0.499995, 0.499995]
Trust scores_s2 at iteration 5: [0.499995, 0.499995, 0.499995, 0.499995, 0.499995, 0.499995, 0.499995, 0.499995, 0.499995, 0.499995]
X.shape (10, 5)
s1 and s2 score at iteration 5
S_1 [1.0, 1.0, 1.0, 1.0, 1.0, 1.0, 1.0, 1.0, 1.0, 1.0]
S_2 [0.1, 0.1, 0.1, 0.1, 0.1, 0.1, 0.1, 0.1, 0.1, 0.1]
Trust scores at iteration 6: [0.0, 0.0, 0.0, 0.0, 0.0, 0.0, 0.0, 0.0, 0.0, 0.0]
Trust scores_s1 at iteration 6: [0.49999950000000004, 0.49999950000000004, 0.49999950000000004, 0.49999950000000004, 0.49999950000000004, 0.49999950000000004, 0.49999950000000004, 0.49999950000000004, 0.49999950000000004, 0.49999950000000004]
Trust scores_s2 at iteration 6: [0.49999950000000004, 0.49999950000000004, 0.49999950000000004, 0.49999950000000004, 0.49999950000000004, 0.49999950000000004, 0.49999950000000004, 0.49999950000000004, 0.49999950000000004, 0.49999950000000004]
X.shape (10, 5)
s1 and s2 score at iteration 6
S_1 [1.0, 1.0, 1.0, 1.0, 1.0, 1.0, 1.0, 1.0, 1.0, 1.0]
S_2 [0.1, 0.1, 0.1, 0.1, 0.1, 0.1, 0.1, 0.1, 0.1, 0.1]
Trust scores at iteration 7: [0.0, 0.0, 0.0, 0.0, 0.0, 0.0, 0.0, 0.0, 0.0, 0.0]
Trust scores_s1 at iteration 7: [0.49999995, 0.49999995, 0.49999995, 0.49999995, 0.49999995, 0.49999995, 0.49999995, 0.49999995, 0.49999995, 0.49999995]
Trust scores_s2 at iteration 7: [0.49999995, 0.49999995, 0.49999995, 0.49999995, 0.49999995, 0.49999995, 0.49999995, 0.49999995, 0.49999995, 0.49999995]
X.shape (10, 5)
s1 and s2 score at iteration 7
S_1 [0.9999999999999998, 0.9999999999999998, 0.9999999999999998, 0.9999999999999998, 0.9999999999999998, 0.9999999999999998, 0.9999999999999998, 0.9999999999999998, 0.9999999999999998, 0.9999999999999998]
S_2 [0.1, 0.1, 0.1, 0.1, 0.1, 0.1, 0.1, 0.1, 0.1, 0.1]
Trust scores at iteration 8: [0.0, 0.0, 0.0, 0.0, 0.0, 0.0, 0.0, 0.0, 0.0, 0.0]
Trust scores_s1 at iteration 8: [0.49999999500000003, 0.49999999500000003, 0.49999999500000003, 0.49999999500000003, 0.49999999500000003, 0.49999999500000003, 0.49999999500000003, 0.49999999500000003, 0.49999999500000003, 0.49999999500000003]
Trust scores_s2 at iteration 8: [0.49999999500000003, 0.49999999500000003, 0.49999999500000003, 0.49999999500000003, 0.49999999500000003, 0.49999999500000003, 0.49999999500000003, 0.49999999500000003, 0.49999999500000003, 0.49999999500000003]
X.shape (10, 5)
s1 and s2 score at iteration 8
S_1 [1.0, 1.0, 1.0, 1.0, 1.0, 1.0, 1.0, 1.0, 1.0, 1.0]
S_2 [0.1, 0.1, 0.1, 0.1, 0.1, 0.1, 0.1, 0.1, 0.1, 0.1]
Trust scores at iteration 9: [0.0, 0.0, 0.0, 0.0, 0.0, 0.0, 0.0, 0.0, 0.0, 0.0]
Trust scores_s1 at iteration 9: [0.4999999995, 0.4999999995, 0.4999999995, 0.4999999995, 0.4999999995, 0.4999999995, 0.4999999995, 0.4999999995, 0.4999999995, 0.4999999995]
Trust scores_s2 at iteration 9: [0.4999999995, 0.4999999995, 0.4999999995, 0.4999999995, 0.4999999995, 0.4999999995, 0.4999999995, 0.4999999995, 0.4999999995, 0.4999999995]
X.shape (10, 5)
s1 and s2 score at iteration 9
S_1 [1.0, 1.0, 1.0, 1.0, 1.0, 1.0, 1.0, 1.0, 1.0, 1.0]
S_2 [0.1, 0.1, 0.1, 0.1, 0.1, 0.1, 0.1, 0.1, 0.1, 0.1]
Trust scores at iteration 10: [0.0, 0.0, 0.0, 0.0, 0.0, 0.0, 0.0, 0.0, 0.0, 0.0]
Trust scores_s1 at iteration 10: [0.49999999995, 0.49999999995, 0.49999999995, 0.49999999995, 0.49999999995, 0.49999999995, 0.49999999995, 0.49999999995, 0.49999999995, 0.49999999995]
Trust scores_s2 at iteration 10: [0.49999999995, 0.49999999995, 0.49999999995, 0.49999999995, 0.49999999995, 0.49999999995, 0.49999999995, 0.49999999995, 0.49999999995, 0.49999999995]
X.shape (10, 5)
s1 and s2 score at iteration 10
S_1 [1.0, 1.0, 1.0, 1.0, 1.0, 1.0, 1.0, 1.0, 1.0, 1.0]
S_2 [0.1, 0.1, 0.1, 0.1, 0.1, 0.1, 0.1, 0.1, 0.1, 0.1]
Trust scores at iteration 11: [0.0, 0.0, 0.0, 0.0, 0.0, 0.0, 0.0, 0.0, 0.0, 0.0]
Trust scores_s1 at iteration 11: [0.499999999995, 0.499999999995, 0.499999999995, 0.499999999995, 0.499999999995, 0.499999999995, 0.499999999995, 0.499999999995, 0.499999999995, 0.499999999995]
Trust scores_s2 at iteration 11: [0.499999999995, 0.499999999995, 0.499999999995, 0.499999999995, 0.499999999995, 0.499999999995, 0.499999999995, 0.499999999995, 0.499999999995, 0.499999999995]
X.shape (10, 5)
s1 and s2 score at iteration 11
S_1 [1.0, 1.0, 1.0, 1.0, 1.0, 1.0, 1.0, 1.0, 1.0, 1.0]
S_2 [0.1, 0.1, 0.1, 0.1, 0.1, 0.1, 0.1, 0.1, 0.1, 0.1]
Trust scores at iteration 12: [0.0, 0.0, 0.0, 0.0, 0.0, 0.0, 0.0, 0.0, 0.0, 0.0]
Trust scores_s1 at iteration 12: [0.4999999999995, 0.4999999999995, 0.4999999999995, 0.4999999999995, 0.4999999999995, 0.4999999999995, 0.4999999999995, 0.4999999999995, 0.4999999999995, 0.4999999999995]
Trust scores_s2 at iteration 12: [0.4999999999995, 0.4999999999995, 0.4999999999995, 0.4999999999995, 0.4999999999995, 0.4999999999995, 0.4999999999995, 0.4999999999995, 0.4999999999995, 0.4999999999995]
X.shape (10, 5)
s1 and s2 score at iteration 12
S_1 [1.0, 1.0, 1.0, 1.0, 1.0, 1.0, 1.0, 1.0, 1.0, 1.0]
S_2 [0.1, 0.1, 0.1, 0.1, 0.1, 0.1, 0.1, 0.1, 0.1, 0.1]
Trust scores at iteration 13: [0.0, 0.0, 0.0, 0.0, 0.0, 0.0, 0.0, 0.0, 0.0, 0.0]
Trust scores_s1 at iteration 13: [0.49999999999995004, 0.49999999999995004, 0.49999999999995004, 0.49999999999995004, 0.49999999999995004, 0.49999999999995004, 0.49999999999995004, 0.49999999999995004, 0.49999999999995004, 0.49999999999995004]
Trust scores_s2 at iteration 13: [0.49999999999995004, 0.49999999999995004, 0.49999999999995004, 0.49999999999995004, 0.49999999999995004, 0.49999999999995004, 0.49999999999995004, 0.49999999999995004, 0.49999999999995004, 0.49999999999995004]
X.shape (10, 5)
s1 and s2 score at iteration 13
S_1 [1.0, 1.0, 1.0, 1.0, 1.0, 1.0, 1.0, 1.0, 1.0, 1.0]
S_2 [0.1, 0.1, 0.1, 0.1, 0.1, 0.1, 0.1, 0.1, 0.1, 0.1]
Trust scores at iteration 14: [0.0, 0.0, 0.0, 0.0, 0.0, 0.0, 0.0, 0.0, 0.0, 0.0]
Trust scores_s1 at iteration 14: [0.499999999999995, 0.499999999999995, 0.499999999999995, 0.499999999999995, 0.499999999999995, 0.499999999999995, 0.499999999999995, 0.499999999999995, 0.499999999999995, 0.499999999999995]
Trust scores_s2 at iteration 14: [0.499999999999995, 0.499999999999995, 0.499999999999995, 0.499999999999995, 0.499999999999995, 0.499999999999995, 0.499999999999995, 0.499999999999995, 0.499999999999995, 0.499999999999995]
X.shape (10, 5)
s1 and s2 score at iteration 14
S_1 [1.0, 1.0, 1.0, 1.0, 1.0, 1.0, 1.0, 1.0, 1.0, 1.0]
S_2 [0.1, 0.1, 0.1, 0.1, 0.1, 0.1, 0.1, 0.1, 0.1, 0.1]
Trust scores at iteration 15: [0.0, 0.0, 0.0, 0.0, 0.0, 0.0, 0.0, 0.0, 0.0, 0.0]
Trust scores_s1 at iteration 15: [0.4999999999999995, 0.4999999999999995, 0.4999999999999995, 0.4999999999999995, 0.4999999999999995, 0.4999999999999995, 0.4999999999999995, 0.4999999999999995, 0.4999999999999995, 0.4999999999999995]
Trust scores_s2 at iteration 15: [0.4999999999999995, 0.4999999999999995, 0.4999999999999995, 0.4999999999999995, 0.4999999999999995, 0.4999999999999995, 0.4999999999999995, 0.4999999999999995, 0.4999999999999995, 0.4999999999999995]
X.shape (10, 5)
s1 and s2 score at iteration 15
S_1 [0.9999999999999998, 0.9999999999999998, 0.9999999999999998, 0.9999999999999998, 0.9999999999999998, 0.9999999999999998, 0.9999999999999998, 0.9999999999999998, 0.9999999999999998, 0.9999999999999998]
S_2 [0.1, 0.1, 0.1, 0.1, 0.1, 0.1, 0.1, 0.1, 0.1, 0.1]
Trust scores at iteration 16: [0.0, 0.0, 0.0, 0.0, 0.0, 0.0, 0.0, 0.0, 0.0, 0.0]
Trust scores_s1 at iteration 16: [0.49999999999999994, 0.49999999999999994, 0.49999999999999994, 0.49999999999999994, 0.49999999999999994, 0.49999999999999994, 0.49999999999999994, 0.49999999999999994, 0.49999999999999994, 0.49999999999999994]
Trust scores_s2 at iteration 16: [0.49999999999999994, 0.49999999999999994, 0.49999999999999994, 0.49999999999999994, 0.49999999999999994, 0.49999999999999994, 0.49999999999999994, 0.49999999999999994, 0.49999999999999994, 0.49999999999999994]
X.shape (10, 5)
s1 and s2 score at iteration 16
S_1 [1.0, 1.0, 1.0, 1.0, 1.0, 1.0, 1.0, 1.0, 1.0, 1.0]
S_2 [0.1, 0.1, 0.1, 0.1, 0.1, 0.1, 0.1, 0.1, 0.1, 0.1]
Trust scores at iteration 17: [0.0, 0.0, 0.0, 0.0, 0.0, 0.0, 0.0, 0.0, 0.0, 0.0]
Trust scores_s1 at iteration 17: [0.5, 0.5, 0.5, 0.5, 0.5, 0.5, 0.5, 0.5, 0.5, 0.5]
Trust scores_s2 at iteration 17: [0.5, 0.5, 0.5, 0.5, 0.5, 0.5, 0.5, 0.5, 0.5, 0.5]
X.shape (10, 5)
s1 and s2 score at iteration 17
S_1 [1.0, 1.0, 1.0, 1.0, 1.0, 1.0, 1.0, 1.0, 1.0, 1.0]
S_2 [0.1, 0.1, 0.1, 0.1, 0.1, 0.1, 0.1, 0.1, 0.1, 0.1]
Trust scores at iteration 18: [0.0, 0.0, 0.0, 0.0, 0.0, 0.0, 0.0, 0.0, 0.0, 0.0]
Trust scores_s1 at iteration 18: [0.5, 0.5, 0.5, 0.5, 0.5, 0.5, 0.5, 0.5, 0.5, 0.5]
Trust scores_s2 at iteration 18: [0.5, 0.5, 0.5, 0.5, 0.5, 0.5, 0.5, 0.5, 0.5, 0.5]
X.shape (10, 5)
s1 and s2 score at iteration 18
S_1 [1.0, 1.0, 1.0, 1.0, 1.0, 1.0, 1.0, 1.0, 1.0, 1.0]
S_2 [0.1, 0.1, 0.1, 0.1, 0.1, 0.1, 0.1, 0.1, 0.1, 0.1]
Trust scores at iteration 19: [0.0, 0.0, 0.0, 0.0, 0.0, 0.0, 0.0, 0.0, 0.0, 0.0]
Trust scores_s1 at iteration 19: [0.5, 0.5, 0.5, 0.5, 0.5, 0.5, 0.5, 0.5, 0.5, 0.5]
Trust scores_s2 at iteration 19: [0.5, 0.5, 0.5, 0.5, 0.5, 0.5, 0.5, 0.5, 0.5, 0.5]
X.shape (10, 5)
s1 and s2 score at iteration 19
S_1 [1.0, 1.0, 1.0, 1.0, 1.0, 1.0, 1.0, 1.0, 1.0, 1.0]
S_2 [0.1, 0.1, 0.1, 0.1, 0.1, 0.1, 0.1, 0.1, 0.1, 0.1]
Trust scores at iteration 20: [0.0, 0.0, 0.0, 0.0, 0.0, 0.0, 0.0, 0.0, 0.0, 0.0]
Trust scores_s1 at iteration 20: [0.5, 0.5, 0.5, 0.5, 0.5, 0.5, 0.5, 0.5, 0.5, 0.5]
Trust scores_s2 at iteration 20: [0.5, 0.5, 0.5, 0.5, 0.5, 0.5, 0.5, 0.5, 0.5, 0.5]
X.shape (10, 5)
s1 and s2 score at iteration 20
S_1 [1.0, 1.0, 1.0, 1.0, 1.0, 1.0, 1.0, 1.0, 1.0, 1.0]
S_2 [0.1, 0.1, 0.1, 0.1, 0.1, 0.1, 0.1, 0.1, 0.1, 0.1]
Trust scores at iteration 21: [0.0, 0.0, 0.0, 0.0, 0.0, 0.0, 0.0, 0.0, 0.0, 0.0]
Trust scores_s1 at iteration 21: [0.5, 0.5, 0.5, 0.5, 0.5, 0.5, 0.5, 0.5, 0.5, 0.5]
Trust scores_s2 at iteration 21: [0.5, 0.5, 0.5, 0.5, 0.5, 0.5, 0.5, 0.5, 0.5, 0.5]
X.shape (10, 5)
s1 and s2 score at iteration 21
S_1 [1.0, 1.0, 1.0, 1.0, 1.0, 1.0, 1.0, 1.0, 1.0, 1.0]
S_2 [0.1, 0.1, 0.1, 0.1, 0.1, 0.1, 0.1, 0.1, 0.1, 0.1]
Trust scores at iteration 22: [0.0, 0.0, 0.0, 0.0, 0.0, 0.0, 0.0, 0.0, 0.0, 0.0]
Trust scores_s1 at iteration 22: [0.5, 0.5, 0.5, 0.5, 0.5, 0.5, 0.5, 0.5, 0.5, 0.5]
Trust scores_s2 at iteration 22: [0.5, 0.5, 0.5, 0.5, 0.5, 0.5, 0.5, 0.5, 0.5, 0.5]
X.shape (10, 5)
s1 and s2 score at iteration 22
S_1 [1.0, 1.0, 1.0, 1.0, 1.0, 1.0, 1.0, 1.0, 1.0, 1.0]
S_2 [0.1, 0.1, 0.1, 0.1, 0.1, 0.1, 0.1, 0.1, 0.1, 0.1]
Trust scores at iteration 23: [0.0, 0.0, 0.0, 0.0, 0.0, 0.0, 0.0, 0.0, 0.0, 0.0]
Trust scores_s1 at iteration 23: [0.5, 0.5, 0.5, 0.5, 0.5, 0.5, 0.5, 0.5, 0.5, 0.5]
Trust scores_s2 at iteration 23: [0.5, 0.5, 0.5, 0.5, 0.5, 0.5, 0.5, 0.5, 0.5, 0.5]
X.shape (10, 5)
s1 and s2 score at iteration 23
S_1 [0.9999999999999998, 0.9999999999999998, 0.9999999999999998, 0.9999999999999998, 0.9999999999999998, 0.9999999999999998, 0.9999999999999998, 0.9999999999999998, 0.9999999999999998, 0.9999999999999998]
S_2 [0.1, 0.1, 0.1, 0.1, 0.1, 0.1, 0.1, 0.1, 0.1, 0.1]
Trust scores at iteration 24: [0.0, 0.0, 0.0, 0.0, 0.0, 0.0, 0.0, 0.0, 0.0, 0.0]
Trust scores_s1 at iteration 24: [0.5, 0.5, 0.5, 0.5, 0.5, 0.5, 0.5, 0.5, 0.5, 0.5]
Trust scores_s2 at iteration 24: [0.5, 0.5, 0.5, 0.5, 0.5, 0.5, 0.5, 0.5, 0.5, 0.5]
X.shape (10, 5)
s1 and s2 score at iteration 24
S_1 [0.9999999999999998, 0.9999999999999998, 0.9999999999999998, 0.9999999999999998, 0.9999999999999998, 0.9999999999999998, 0.9999999999999998, 0.9999999999999998, 0.9999999999999998, 0.9999999999999998]
S_2 [0.1, 0.1, 0.1, 0.1, 0.1, 0.1, 0.1, 0.1, 0.1, 0.1]
Trust scores at iteration 25: [0.0, 0.0, 0.0, 0.0, 0.0, 0.0, 0.0, 0.0, 0.0, 0.0]
Trust scores_s1 at iteration 25: [0.5, 0.5, 0.5, 0.5, 0.5, 0.5, 0.5, 0.5, 0.5, 0.5]
Trust scores_s2 at iteration 25: [0.5, 0.5, 0.5, 0.5, 0.5, 0.5, 0.5, 0.5, 0.5, 0.5]
X.shape (10, 5)
s1 and s2 score at iteration 25
S_1 [1.0, 1.0, 1.0, 1.0, 1.0, 1.0, 1.0, 1.0, 1.0, 1.0]
S_2 [0.1, 0.1, 0.1, 0.1, 0.1, 0.1, 0.1, 0.1, 0.1, 0.1]
Trust scores at iteration 26: [0.0, 0.0, 0.0, 0.0, 0.0, 0.0, 0.0, 0.0, 0.0, 0.0]
Trust scores_s1 at iteration 26: [0.5, 0.5, 0.5, 0.5, 0.5, 0.5, 0.5, 0.5, 0.5, 0.5]
Trust scores_s2 at iteration 26: [0.5, 0.5, 0.5, 0.5, 0.5, 0.5, 0.5, 0.5, 0.5, 0.5]
X.shape (10, 5)
s1 and s2 score at iteration 26
S_1 [1.0, 1.0, 1.0, 1.0, 1.0, 1.0, 1.0, 1.0, 1.0, 1.0]
S_2 [0.1, 0.1, 0.1, 0.1, 0.1, 0.1, 0.1, 0.1, 0.1, 0.1]
Trust scores at iteration 27: [0.0, 0.0, 0.0, 0.0, 0.0, 0.0, 0.0, 0.0, 0.0, 0.0]
Trust scores_s1 at iteration 27: [0.5, 0.5, 0.5, 0.5, 0.5, 0.5, 0.5, 0.5, 0.5, 0.5]
Trust scores_s2 at iteration 27: [0.5, 0.5, 0.5, 0.5, 0.5, 0.5, 0.5, 0.5, 0.5, 0.5]
X.shape (10, 5)
s1 and s2 score at iteration 27
S_1 [1.0, 1.0, 1.0, 1.0, 1.0, 1.0, 1.0, 1.0, 1.0, 1.0]
S_2 [0.1, 0.1, 0.1, 0.1, 0.1, 0.1, 0.1, 0.1, 0.1, 0.1]
Trust scores at iteration 28: [0.0, 0.0, 0.0, 0.0, 0.0, 0.0, 0.0, 0.0, 0.0, 0.0]
Trust scores_s1 at iteration 28: [0.5, 0.5, 0.5, 0.5, 0.5, 0.5, 0.5, 0.5, 0.5, 0.5]
Trust scores_s2 at iteration 28: [0.5, 0.5, 0.5, 0.5, 0.5, 0.5, 0.5, 0.5, 0.5, 0.5]
X.shape (10, 5)
s1 and s2 score at iteration 28
S_1 [1.0, 1.0, 1.0, 1.0, 1.0, 1.0, 1.0, 1.0, 1.0, 1.0]
S_2 [0.1, 0.1, 0.1, 0.1, 0.1, 0.1, 0.1, 0.1, 0.1, 0.1]
Trust scores at iteration 29: [0.0, 0.0, 0.0, 0.0, 0.0, 0.0, 0.0, 0.0, 0.0, 0.0]
Trust scores_s1 at iteration 29: [0.5, 0.5, 0.5, 0.5, 0.5, 0.5, 0.5, 0.5, 0.5, 0.5]
Trust scores_s2 at iteration 29: [0.5, 0.5, 0.5, 0.5, 0.5, 0.5, 0.5, 0.5, 0.5, 0.5]
X.shape (10, 5)
s1 and s2 score at iteration 29
S_1 [1.0, 1.0, 1.0, 1.0, 1.0, 1.0, 1.0, 1.0, 1.0, 1.0]
S_2 [0.1, 0.1, 0.1, 0.1, 0.1, 0.1, 0.1, 0.1, 0.1, 0.1]
Trust scores at iteration 30: [0.0, 0.0, 0.0, 0.0, 0.0, 0.0, 0.0, 0.0, 0.0, 0.0]
Trust scores_s1 at iteration 30: [0.5, 0.5, 0.5, 0.5, 0.5, 0.5, 0.5, 0.5, 0.5, 0.5]
Trust scores_s2 at iteration 30: [0.5, 0.5, 0.5, 0.5, 0.5, 0.5, 0.5, 0.5, 0.5, 0.5]
X.shape (10, 5)
s1 and s2 score at iteration 30
S_1 [1.0, 1.0, 1.0, 1.0, 1.0, 1.0, 1.0, 1.0, 1.0, 1.0]
S_2 [0.1, 0.1, 0.1, 0.1, 0.1, 0.1, 0.1, 0.1, 0.1, 0.1]
Trust scores at iteration 31: [0.0, 0.0, 0.0, 0.0, 0.0, 0.0, 0.0, 0.0, 0.0, 0.0]
Trust scores_s1 at iteration 31: [0.5, 0.5, 0.5, 0.5, 0.5, 0.5, 0.5, 0.5, 0.5, 0.5]
Trust scores_s2 at iteration 31: [0.5, 0.5, 0.5, 0.5, 0.5, 0.5, 0.5, 0.5, 0.5, 0.5]
X.shape (10, 5)
s1 and s2 score at iteration 31
S_1 [1.0, 1.0, 1.0, 1.0, 1.0, 1.0, 1.0, 1.0, 1.0, 1.0]
S_2 [0.1, 0.1, 0.1, 0.1, 0.1, 0.1, 0.1, 0.1, 0.1, 0.1]
Trust scores at iteration 32: [0.0, 0.0, 0.0, 0.0, 0.0, 0.0, 0.0, 0.0, 0.0, 0.0]
Trust scores_s1 at iteration 32: [0.5, 0.5, 0.5, 0.5, 0.5, 0.5, 0.5, 0.5, 0.5, 0.5]
Trust scores_s2 at iteration 32: [0.5, 0.5, 0.5, 0.5, 0.5, 0.5, 0.5, 0.5, 0.5, 0.5]
X.shape (10, 5)
s1 and s2 score at iteration 32
S_1 [0.9999999999999998, 0.9999999999999998, 0.9999999999999998, 0.9999999999999998, 0.9999999999999998, 0.9999999999999998, 0.9999999999999998, 0.9999999999999998, 0.9999999999999998, 0.9999999999999998]
S_2 [0.1, 0.1, 0.1, 0.1, 0.1, 0.1, 0.1, 0.1, 0.1, 0.1]
Trust scores at iteration 33: [0.0, 0.0, 0.0, 0.0, 0.0, 0.0, 0.0, 0.0, 0.0, 0.0]
Trust scores_s1 at iteration 33: [0.5, 0.5, 0.5, 0.5, 0.5, 0.5, 0.5, 0.5, 0.5, 0.5]
Trust scores_s2 at iteration 33: [0.5, 0.5, 0.5, 0.5, 0.5, 0.5, 0.5, 0.5, 0.5, 0.5]
X.shape (10, 5)
s1 and s2 score at iteration 33
S_1 [1.0, 1.0, 1.0, 1.0, 1.0, 1.0, 1.0, 1.0, 1.0, 1.0]
S_2 [0.1, 0.1, 0.1, 0.1, 0.1, 0.1, 0.1, 0.1, 0.1, 0.1]
Trust scores at iteration 34: [0.0, 0.0, 0.0, 0.0, 0.0, 0.0, 0.0, 0.0, 0.0, 0.0]
Trust scores_s1 at iteration 34: [0.5, 0.5, 0.5, 0.5, 0.5, 0.5, 0.5, 0.5, 0.5, 0.5]
Trust scores_s2 at iteration 34: [0.5, 0.5, 0.5, 0.5, 0.5, 0.5, 0.5, 0.5, 0.5, 0.5]
X.shape (10, 5)
s1 and s2 score at iteration 34
S_1 [1.0, 1.0, 1.0, 1.0, 1.0, 1.0, 1.0, 1.0, 1.0, 1.0]
S_2 [0.1, 0.1, 0.1, 0.1, 0.1, 0.1, 0.1, 0.1, 0.1, 0.1]
Trust scores at iteration 35: [0.0, 0.0, 0.0, 0.0, 0.0, 0.0, 0.0, 0.0, 0.0, 0.0]
Trust scores_s1 at iteration 35: [0.5, 0.5, 0.5, 0.5, 0.5, 0.5, 0.5, 0.5, 0.5, 0.5]
Trust scores_s2 at iteration 35: [0.5, 0.5, 0.5, 0.5, 0.5, 0.5, 0.5, 0.5, 0.5, 0.5]
X.shape (10, 5)
s1 and s2 score at iteration 35
S_1 [0.9999999999999998, 0.9999999999999998, 0.9999999999999998, 0.9999999999999998, 0.9999999999999998, 0.9999999999999998, 0.9999999999999998, 0.9999999999999998, 0.9999999999999998, 0.9999999999999998]
S_2 [0.1, 0.1, 0.1, 0.1, 0.1, 0.1, 0.1, 0.1, 0.1, 0.1]
Trust scores at iteration 36: [0.0, 0.0, 0.0, 0.0, 0.0, 0.0, 0.0, 0.0, 0.0, 0.0]
Trust scores_s1 at iteration 36: [0.5, 0.5, 0.5, 0.5, 0.5, 0.5, 0.5, 0.5, 0.5, 0.5]
Trust scores_s2 at iteration 36: [0.5, 0.5, 0.5, 0.5, 0.5, 0.5, 0.5, 0.5, 0.5, 0.5]
X.shape (10, 5)
s1 and s2 score at iteration 36
S_1 [1.0, 1.0, 1.0, 1.0, 1.0, 1.0, 1.0, 1.0, 1.0, 1.0]
S_2 [0.1, 0.1, 0.1, 0.1, 0.1, 0.1, 0.1, 0.1, 0.1, 0.1]
Trust scores at iteration 37: [0.0, 0.0, 0.0, 0.0, 0.0, 0.0, 0.0, 0.0, 0.0, 0.0]
Trust scores_s1 at iteration 37: [0.5, 0.5, 0.5, 0.5, 0.5, 0.5, 0.5, 0.5, 0.5, 0.5]
Trust scores_s2 at iteration 37: [0.5, 0.5, 0.5, 0.5, 0.5, 0.5, 0.5, 0.5, 0.5, 0.5]
X.shape (10, 5)
s1 and s2 score at iteration 37
S_1 [1.0, 1.0, 1.0, 1.0, 1.0, 1.0, 1.0, 1.0, 1.0, 1.0]
S_2 [0.1, 0.1, 0.1, 0.1, 0.1, 0.1, 0.1, 0.1, 0.1, 0.1]
Trust scores at iteration 38: [0.0, 0.0, 0.0, 0.0, 0.0, 0.0, 0.0, 0.0, 0.0, 0.0]
Trust scores_s1 at iteration 38: [0.5, 0.5, 0.5, 0.5, 0.5, 0.5, 0.5, 0.5, 0.5, 0.5]
Trust scores_s2 at iteration 38: [0.5, 0.5, 0.5, 0.5, 0.5, 0.5, 0.5, 0.5, 0.5, 0.5]
X.shape (10, 5)
s1 and s2 score at iteration 38
S_1 [1.0, 1.0, 1.0, 1.0, 1.0, 1.0, 1.0, 1.0, 1.0, 1.0]
S_2 [0.1, 0.1, 0.1, 0.1, 0.1, 0.1, 0.1, 0.1, 0.1, 0.1]
Trust scores at iteration 39: [0.0, 0.0, 0.0, 0.0, 0.0, 0.0, 0.0, 0.0, 0.0, 0.0]
Trust scores_s1 at iteration 39: [0.5, 0.5, 0.5, 0.5, 0.5, 0.5, 0.5, 0.5, 0.5, 0.5]
Trust scores_s2 at iteration 39: [0.5, 0.5, 0.5, 0.5, 0.5, 0.5, 0.5, 0.5, 0.5, 0.5]
X.shape (10, 5)
s1 and s2 score at iteration 39
S_1 [1.0, 1.0, 1.0, 1.0, 1.0, 1.0, 1.0, 1.0, 1.0, 1.0]
S_2 [0.1, 0.1, 0.1, 0.1, 0.1, 0.1, 0.1, 0.1, 0.1, 0.1]
Trust scores at iteration 40: [0.0, 0.0, 0.0, 0.0, 0.0, 0.0, 0.0, 0.0, 0.0, 0.0]
Trust scores_s1 at iteration 40: [0.5, 0.5, 0.5, 0.5, 0.5, 0.5, 0.5, 0.5, 0.5, 0.5]
Trust scores_s2 at iteration 40: [0.5, 0.5, 0.5, 0.5, 0.5, 0.5, 0.5, 0.5, 0.5, 0.5]
X.shape (10, 5)
s1 and s2 score at iteration 40
S_1 [0.9999999999999998, 0.9999999999999998, 0.9999999999999998, 0.9999999999999998, 0.9999999999999998, 0.9999999999999998, 0.9999999999999998, 0.9999999999999998, 0.9999999999999998, 0.9999999999999998]
S_2 [0.1, 0.1, 0.1, 0.1, 0.1, 0.1, 0.1, 0.1, 0.1, 0.1]
Trust scores at iteration 41: [0.0, 0.0, 0.0, 0.0, 0.0, 0.0, 0.0, 0.0, 0.0, 0.0]
Trust scores_s1 at iteration 41: [0.5, 0.5, 0.5, 0.5, 0.5, 0.5, 0.5, 0.5, 0.5, 0.5]
Trust scores_s2 at iteration 41: [0.5, 0.5, 0.5, 0.5, 0.5, 0.5, 0.5, 0.5, 0.5, 0.5]
X.shape (10, 5)
s1 and s2 score at iteration 41
S_1 [1.0, 1.0, 1.0, 1.0, 1.0, 1.0, 1.0, 1.0, 1.0, 1.0]
S_2 [0.1, 0.1, 0.1, 0.1, 0.1, 0.1, 0.1, 0.1, 0.1, 0.1]
Trust scores at iteration 42: [0.0, 0.0, 0.0, 0.0, 0.0, 0.0, 0.0, 0.0, 0.0, 0.0]
Trust scores_s1 at iteration 42: [0.5, 0.5, 0.5, 0.5, 0.5, 0.5, 0.5, 0.5, 0.5, 0.5]
Trust scores_s2 at iteration 42: [0.5, 0.5, 0.5, 0.5, 0.5, 0.5, 0.5, 0.5, 0.5, 0.5]
X.shape (10, 5)
s1 and s2 score at iteration 42
S_1 [1.0, 1.0, 1.0, 1.0, 1.0, 1.0, 1.0, 1.0, 1.0, 1.0]
S_2 [0.1, 0.1, 0.1, 0.1, 0.1, 0.1, 0.1, 0.1, 0.1, 0.1]
Trust scores at iteration 43: [0.0, 0.0, 0.0, 0.0, 0.0, 0.0, 0.0, 0.0, 0.0, 0.0]
Trust scores_s1 at iteration 43: [0.5, 0.5, 0.5, 0.5, 0.5, 0.5, 0.5, 0.5, 0.5, 0.5]
Trust scores_s2 at iteration 43: [0.5, 0.5, 0.5, 0.5, 0.5, 0.5, 0.5, 0.5, 0.5, 0.5]
X.shape (10, 5)
s1 and s2 score at iteration 43
S_1 [1.0, 1.0, 1.0, 1.0, 1.0, 1.0, 1.0, 1.0, 1.0, 1.0]
S_2 [0.1, 0.1, 0.1, 0.1, 0.1, 0.1, 0.1, 0.1, 0.1, 0.1]
Trust scores at iteration 44: [0.0, 0.0, 0.0, 0.0, 0.0, 0.0, 0.0, 0.0, 0.0, 0.0]
Trust scores_s1 at iteration 44: [0.5, 0.5, 0.5, 0.5, 0.5, 0.5, 0.5, 0.5, 0.5, 0.5]
Trust scores_s2 at iteration 44: [0.5, 0.5, 0.5, 0.5, 0.5, 0.5, 0.5, 0.5, 0.5, 0.5]
X.shape (10, 5)
s1 and s2 score at iteration 44
S_1 [1.0, 1.0, 1.0, 1.0, 1.0, 1.0, 1.0, 1.0, 1.0, 1.0]
S_2 [0.1, 0.1, 0.1, 0.1, 0.1, 0.1, 0.1, 0.1, 0.1, 0.1]
Trust scores at iteration 45: [0.0, 0.0, 0.0, 0.0, 0.0, 0.0, 0.0, 0.0, 0.0, 0.0]
Trust scores_s1 at iteration 45: [0.5, 0.5, 0.5, 0.5, 0.5, 0.5, 0.5, 0.5, 0.5, 0.5]
Trust scores_s2 at iteration 45: [0.5, 0.5, 0.5, 0.5, 0.5, 0.5, 0.5, 0.5, 0.5, 0.5]
X.shape (10, 5)
s1 and s2 score at iteration 45
S_1 [1.0, 1.0, 1.0, 1.0, 1.0, 1.0, 1.0, 1.0, 1.0, 1.0]
S_2 [0.1, 0.1, 0.1, 0.1, 0.1, 0.1, 0.1, 0.1, 0.1, 0.1]
Trust scores at iteration 46: [0.0, 0.0, 0.0, 0.0, 0.0, 0.0, 0.0, 0.0, 0.0, 0.0]
Trust scores_s1 at iteration 46: [0.5, 0.5, 0.5, 0.5, 0.5, 0.5, 0.5, 0.5, 0.5, 0.5]
Trust scores_s2 at iteration 46: [0.5, 0.5, 0.5, 0.5, 0.5, 0.5, 0.5, 0.5, 0.5, 0.5]
X.shape (10, 5)
s1 and s2 score at iteration 46
S_1 [1.0, 1.0, 1.0, 1.0, 1.0, 1.0, 1.0, 1.0, 1.0, 1.0]
S_2 [0.1, 0.1, 0.1, 0.1, 0.1, 0.1, 0.1, 0.1, 0.1, 0.1]
Trust scores at iteration 47: [0.0, 0.0, 0.0, 0.0, 0.0, 0.0, 0.0, 0.0, 0.0, 0.0]
Trust scores_s1 at iteration 47: [0.5, 0.5, 0.5, 0.5, 0.5, 0.5, 0.5, 0.5, 0.5, 0.5]
Trust scores_s2 at iteration 47: [0.5, 0.5, 0.5, 0.5, 0.5, 0.5, 0.5, 0.5, 0.5, 0.5]
X.shape (10, 5)
s1 and s2 score at iteration 47
S_1 [1.0, 1.0, 1.0, 1.0, 1.0, 1.0, 1.0, 1.0, 1.0, 1.0]
S_2 [0.1, 0.1, 0.1, 0.1, 0.1, 0.1, 0.1, 0.1, 0.1, 0.1]
Trust scores at iteration 48: [0.0, 0.0, 0.0, 0.0, 0.0, 0.0, 0.0, 0.0, 0.0, 0.0]
Trust scores_s1 at iteration 48: [0.5, 0.5, 0.5, 0.5, 0.5, 0.5, 0.5, 0.5, 0.5, 0.5]
Trust scores_s2 at iteration 48: [0.5, 0.5, 0.5, 0.5, 0.5, 0.5, 0.5, 0.5, 0.5, 0.5]
X.shape (10, 5)
s1 and s2 score at iteration 48
S_1 [0.9999999999999998, 0.9999999999999998, 0.9999999999999998, 0.9999999999999998, 0.9999999999999998, 0.9999999999999998, 0.9999999999999998, 0.9999999999999998, 0.9999999999999998, 0.9999999999999998]
S_2 [0.1, 0.1, 0.1, 0.1, 0.1, 0.1, 0.1, 0.1, 0.1, 0.1]
Trust scores at iteration 49: [0.0, 0.0, 0.0, 0.0, 0.0, 0.0, 0.0, 0.0, 0.0, 0.0]
Trust scores_s1 at iteration 49: [0.5, 0.5, 0.5, 0.5, 0.5, 0.5, 0.5, 0.5, 0.5, 0.5]
Trust scores_s2 at iteration 49: [0.5, 0.5, 0.5, 0.5, 0.5, 0.5, 0.5, 0.5, 0.5, 0.5]
X.shape (10, 5)
s1 and s2 score at iteration 49
S_1 [0.9999999999999998, 0.9999999999999998, 0.9999999999999998, 0.9999999999999998, 0.9999999999999998, 0.9999999999999998, 0.9999999999999998, 0.9999999999999998, 0.9999999999999998, 0.9999999999999998]
S_2 [0.1, 0.1, 0.1, 0.1, 0.1, 0.1, 0.1, 0.1, 0.1, 0.1]
Trust scores at iteration 50: [0.0, 0.0, 0.0, 0.0, 0.0, 0.0, 0.0, 0.0, 0.0, 0.0]
Trust scores_s1 at iteration 50: [0.5, 0.5, 0.5, 0.5, 0.5, 0.5, 0.5, 0.5, 0.5, 0.5]
Trust scores_s2 at iteration 50: [0.5, 0.5, 0.5, 0.5, 0.5, 0.5, 0.5, 0.5, 0.5, 0.5]
X.shape (10, 5)
s1 and s2 score at iteration 50
S_1 [1.0, 1.0, 1.0, 1.0, 1.0, 1.0, 1.0, 1.0, 1.0, 1.0]
S_2 [0.1, 0.1, 0.1, 0.1, 0.1, 0.1, 0.1, 0.1, 0.1, 0.1]
Trust scores at iteration 51: [0.0, 0.0, 0.0, 0.0, 0.0, 0.0, 0.0, 0.0, 0.0, 0.0]
Trust scores_s1 at iteration 51: [0.5, 0.5, 0.5, 0.5, 0.5, 0.5, 0.5, 0.5, 0.5, 0.5]
Trust scores_s2 at iteration 51: [0.5, 0.5, 0.5, 0.5, 0.5, 0.5, 0.5, 0.5, 0.5, 0.5]
X.shape (10, 5)
s1 and s2 score at iteration 51
S_1 [1.0, 1.0, 1.0, 1.0, 1.0, 1.0, 1.0, 1.0, 1.0, 1.0]
S_2 [0.1, 0.1, 0.1, 0.1, 0.1, 0.1, 0.1, 0.1, 0.1, 0.1]
Trust scores at iteration 52: [0.0, 0.0, 0.0, 0.0, 0.0, 0.0, 0.0, 0.0, 0.0, 0.0]
Trust scores_s1 at iteration 52: [0.5, 0.5, 0.5, 0.5, 0.5, 0.5, 0.5, 0.5, 0.5, 0.5]
Trust scores_s2 at iteration 52: [0.5, 0.5, 0.5, 0.5, 0.5, 0.5, 0.5, 0.5, 0.5, 0.5]
X.shape (10, 5)
s1 and s2 score at iteration 52
S_1 [0.9999999999999998, 0.9999999999999998, 0.9999999999999998, 0.9999999999999998, 0.9999999999999998, 0.9999999999999998, 0.9999999999999998, 0.9999999999999998, 0.9999999999999998, 0.9999999999999998]
S_2 [0.1, 0.1, 0.1, 0.1, 0.1, 0.1, 0.1, 0.1, 0.1, 0.1]
Trust scores at iteration 53: [0.0, 0.0, 0.0, 0.0, 0.0, 0.0, 0.0, 0.0, 0.0, 0.0]
Trust scores_s1 at iteration 53: [0.5, 0.5, 0.5, 0.5, 0.5, 0.5, 0.5, 0.5, 0.5, 0.5]
Trust scores_s2 at iteration 53: [0.5, 0.5, 0.5, 0.5, 0.5, 0.5, 0.5, 0.5, 0.5, 0.5]
X.shape (10, 5)
s1 and s2 score at iteration 53
S_1 [1.0, 1.0, 1.0, 1.0, 1.0, 1.0, 1.0, 1.0, 1.0, 1.0]
S_2 [0.1, 0.1, 0.1, 0.1, 0.1, 0.1, 0.1, 0.1, 0.1, 0.1]
Trust scores at iteration 54: [0.0, 0.0, 0.0, 0.0, 0.0, 0.0, 0.0, 0.0, 0.0, 0.0]
Trust scores_s1 at iteration 54: [0.5, 0.5, 0.5, 0.5, 0.5, 0.5, 0.5, 0.5, 0.5, 0.5]
Trust scores_s2 at iteration 54: [0.5, 0.5, 0.5, 0.5, 0.5, 0.5, 0.5, 0.5, 0.5, 0.5]
X.shape (10, 5)
s1 and s2 score at iteration 54
S_1 [1.0, 1.0, 1.0, 1.0, 1.0, 1.0, 1.0, 1.0, 1.0, 1.0]
S_2 [0.1, 0.1, 0.1, 0.1, 0.1, 0.1, 0.1, 0.1, 0.1, 0.1]
Trust scores at iteration 55: [0.0, 0.0, 0.0, 0.0, 0.0, 0.0, 0.0, 0.0, 0.0, 0.0]
Trust scores_s1 at iteration 55: [0.5, 0.5, 0.5, 0.5, 0.5, 0.5, 0.5, 0.5, 0.5, 0.5]
Trust scores_s2 at iteration 55: [0.5, 0.5, 0.5, 0.5, 0.5, 0.5, 0.5, 0.5, 0.5, 0.5]
X.shape (10, 5)
s1 and s2 score at iteration 55
S_1 [0.9999999999999998, 0.9999999999999998, 0.9999999999999998, 0.9999999999999998, 0.9999999999999998, 0.9999999999999998, 0.9999999999999998, 0.9999999999999998, 0.9999999999999998, 0.9999999999999998]
S_2 [0.1, 0.1, 0.1, 0.1, 0.1, 0.1, 0.1, 0.1, 0.1, 0.1]
Trust scores at iteration 56: [0.0, 0.0, 0.0, 0.0, 0.0, 0.0, 0.0, 0.0, 0.0, 0.0]
Trust scores_s1 at iteration 56: [0.5, 0.5, 0.5, 0.5, 0.5, 0.5, 0.5, 0.5, 0.5, 0.5]
Trust scores_s2 at iteration 56: [0.5, 0.5, 0.5, 0.5, 0.5, 0.5, 0.5, 0.5, 0.5, 0.5]
X.shape (10, 5)
s1 and s2 score at iteration 56
S_1 [1.0, 1.0, 1.0, 1.0, 1.0, 1.0, 1.0, 1.0, 1.0, 1.0]
S_2 [0.1, 0.1, 0.1, 0.1, 0.1, 0.1, 0.1, 0.1, 0.1, 0.1]
Trust scores at iteration 57: [0.0, 0.0, 0.0, 0.0, 0.0, 0.0, 0.0, 0.0, 0.0, 0.0]
Trust scores_s1 at iteration 57: [0.5, 0.5, 0.5, 0.5, 0.5, 0.5, 0.5, 0.5, 0.5, 0.5]
Trust scores_s2 at iteration 57: [0.5, 0.5, 0.5, 0.5, 0.5, 0.5, 0.5, 0.5, 0.5, 0.5]
X.shape (10, 5)
s1 and s2 score at iteration 57
S_1 [0.9999999999999998, 0.9999999999999998, 0.9999999999999998, 0.9999999999999998, 0.9999999999999998, 0.9999999999999998, 0.9999999999999998, 0.9999999999999998, 0.9999999999999998, 0.9999999999999998]
S_2 [0.1, 0.1, 0.1, 0.1, 0.1, 0.1, 0.1, 0.1, 0.1, 0.1]
Trust scores at iteration 58: [0.0, 0.0, 0.0, 0.0, 0.0, 0.0, 0.0, 0.0, 0.0, 0.0]
Trust scores_s1 at iteration 58: [0.5, 0.5, 0.5, 0.5, 0.5, 0.5, 0.5, 0.5, 0.5, 0.5]
Trust scores_s2 at iteration 58: [0.5, 0.5, 0.5, 0.5, 0.5, 0.5, 0.5, 0.5, 0.5, 0.5]
X.shape (10, 5)
s1 and s2 score at iteration 58
S_1 [1.0, 1.0, 1.0, 1.0, 1.0, 1.0, 1.0, 1.0, 1.0, 1.0]
S_2 [0.1, 0.1, 0.1, 0.1, 0.1, 0.1, 0.1, 0.1, 0.1, 0.1]
Trust scores at iteration 59: [0.0, 0.0, 0.0, 0.0, 0.0, 0.0, 0.0, 0.0, 0.0, 0.0]
Trust scores_s1 at iteration 59: [0.5, 0.5, 0.5, 0.5, 0.5, 0.5, 0.5, 0.5, 0.5, 0.5]
Trust scores_s2 at iteration 59: [0.5, 0.5, 0.5, 0.5, 0.5, 0.5, 0.5, 0.5, 0.5, 0.5]
X.shape (10, 5)
s1 and s2 score at iteration 59
S_1 [1.0, 1.0, 1.0, 1.0, 1.0, 1.0, 1.0, 1.0, 1.0, 1.0]
S_2 [0.1, 0.1, 0.1, 0.1, 0.1, 0.1, 0.1, 0.1, 0.1, 0.1]
Trust scores at iteration 60: [0.0, 0.0, 0.0, 0.0, 0.0, 0.0, 0.0, 0.0, 0.0, 0.0]
Trust scores_s1 at iteration 60: [0.5, 0.5, 0.5, 0.5, 0.5, 0.5, 0.5, 0.5, 0.5, 0.5]
Trust scores_s2 at iteration 60: [0.5, 0.5, 0.5, 0.5, 0.5, 0.5, 0.5, 0.5, 0.5, 0.5]
X.shape (10, 5)
s1 and s2 score at iteration 60
S_1 [0.47619522755103993, 0.47619522755103993, 0.47619522755103993, 0.47619522755103993, 0.47619522755103993, 0.3718236781632115, 0.3718236781632115, 0.3718236781632115, 0.23641528938037007, 0.4850269850763927]
S_2 [0.16666666666666666, 0.16666666666666666, 0.16666666666666666, 0.16666666666666666, 0.16666666666666666, 0.2, 0.2, 0.2, 0.2, 0.16666666666666666]
Trust scores at iteration 61: [0.1336120834151825, 0.1336120834151825, 0.1336120834151825, 0.1336120834151825, 0.1336120834151825, -0.21005630481738316, -0.21005630481738316, -0.21005630481738316, -0.4613156236888124, 0.15000000000000008]
Trust scores_s1 at iteration 61: [0.4918060417075912, 0.4918060417075912, 0.4918060417075912, 0.4918060417075912, 0.4918060417075912, 0.39497184759130843, 0.39497184759130843, 0.39497184759130843, 0.26934218815559385, 0.5]
Trust scores_s2 at iteration 61: [0.425, 0.425, 0.425, 0.425, 0.425, 0.5, 0.5, 0.5, 0.5, 0.425]
X.shape (10, 5)
s1 and s2 score at iteration 61
S_1 [0.13160985611934095, 0.13160985611934095, 0.13160985611934095, 0.13160985611934095, 0.13160985611934095, -0.06546703552990343, -0.06546703552990343, -0.06546703552990343, -0.16321021828765725, 0.09191701975968308]
S_2 [0.2, 0.2, 0.2, 0.2, 0.2, 0.25, 0.25, 0.25, 0.5, 0.25]
Trust scores at iteration 62: [0.5533612083415183, 0.5533612083415183, 0.5533612083415183, 0.5533612083415183, 0.5533612083415183, -0.9186949883630008, -0.9186949883630008, -0.9186949883630008, -2.0622272773105923, 0.19356476120376018]
Trust scores_s1 at iteration 62: [0.49918060417075916, 0.49918060417075916, 0.49918060417075916, 0.49918060417075916, 0.49918060417075916, -0.18434749418150037, -0.18434749418150037, -0.18434749418150037, -0.531113638655296, 0.36428238060188006]
Trust scores_s2 at iteration 62: [0.22250000000000003, 0.22250000000000003, 0.22250000000000003, 0.22250000000000003, 0.22250000000000003, 0.275, 0.275, 0.275, 0.5, 0.2675]
X.shape (10, 5)
s1 and s2 score at iteration 62
S_1 [0.29447251399574814, 0.29447251399574814, 0.29447251399574814, 0.29447251399574814, 0.29447251399574814, 0.15171381898991687, 0.15171381898991687, 0.15171381898991687, 0.0660110309898822, 0.36298981266986874]
S_2 [0.2, 0.2, 0.2, 0.2, 0.2, 0.2, 0.2, 0.2, 0.2, 0.2]
Trust scores at iteration 63: [-0.11454624680901951, -0.11454624680901951, -0.11454624680901951, -0.11454624680901951, -0.11454624680901951, -0.6157089777279363, -0.6157089777279363, -0.6157089777279363, -0.9425544213014074, 0.01935647612037602]
Trust scores_s1 at iteration 63: [0.41497687659549026, 0.41497687659549026, 0.41497687659549026, 0.41497687659549026, 0.41497687659549026, 0.16964551113603185, 0.16964551113603185, 0.16964551113603185, 0.028722789349296292, 0.48642823806018803]
Trust scores_s2 at iteration 63: [0.47225, 0.47225, 0.47225, 0.47225, 0.47225, 0.47750000000000004, 0.47750000000000004, 0.47750000000000004, 0.5, 0.47675]
X.shape (10, 5)
s1 and s2 score at iteration 63
S_1 [0.44949238308449707, 0.44949238308449707, 0.44949238308449707, 0.44949238308449707, 0.44949238308449707, 0.4454203638277816, 0.4454203638277816, 0.4454203638277816, 0.03367948851943073, 0.5325594799746103]
S_2 [0.2, 0.2, 0.2, 0.2, 0.2, 0.2, 0.2, 0.2, 0.2, 0.2]
Trust scores at iteration 64: [-0.15183403770846848, -0.15183403770846848, -0.15183403770846848, -0.15183403770846848, -0.15183403770846848, -0.20883182820611296, -0.20883182820611296, -0.20883182820611296, -0.9373387205107402, 0.001935647612037602]
Trust scores_s1 at iteration 64: [0.4213079811457658, 0.4213079811457658, 0.4213079811457658, 0.4213079811457658, 0.4213079811457658, 0.3933340858969435, 0.3933340858969435, 0.3933340858969435, 0.03133063974462994, 0.4986428238060188]
Trust scores_s2 at iteration 64: [0.49722500000000003, 0.49722500000000003, 0.49722500000000003, 0.49722500000000003, 0.49722500000000003, 0.49775, 0.49775, 0.49775, 0.5, 0.49767500000000003]
X.shape (10, 5)
s1 and s2 score at iteration 64
S_1 [0.2946290257076054, 0.2946290257076054, 0.2946290257076054, 0.2946290257076054, 0.2946290257076054, -0.213920639559163, -0.213920639559163, -0.213920639559163, -0.12438603479127638, 0.14568683979575248]
S_2 [0.16666666666666666, 0.16666666666666666, 0.16666666666666666, 0.16666666666666666, 0.16666666666666666, 0.3333333333333333, 0.3333333333333333, 0.3333333333333333, 0.5, 0.16666666666666666]
Trust scores at iteration 65: [0.5848165962291533, 0.5848165962291533, 0.5848165962291533, 0.5848165962291533, 0.5848165962291533, -1.2743441754735048, -1.2743441754735048, -1.2743441754735048, -1.3736945057438563, 0.14522153001776003]
Trust scores_s1 at iteration 65: [0.4921307981145766, 0.4921307981145766, 0.4921307981145766, 0.4921307981145766, 0.4921307981145766, -0.2873970877367524, -0.2873970877367524, -0.2873970877367524, -0.18684725287192808, 0.27237826500888]
Trust scores_s2 at iteration 65: [0.1997225, 0.1997225, 0.1997225, 0.1997225, 0.1997225, 0.349775, 0.349775, 0.349775, 0.5, 0.1997675]
X.shape (10, 5)
s1 and s2 score at iteration 65
S_1 [0.41243569004051744, 0.41243569004051744, 0.41243569004051744, 0.41243569004051744, 0.41243569004051744, 0.40039919686631137, 0.40039919686631137, 0.40039919686631137, -0.23718646981975422, 0.026708097147414622]
S_2 [0.2, 0.2, 0.2, 0.2, 0.2, 0.3333333333333333, 0.3333333333333333, 0.3333333333333333, 0.5, 0.5]
Trust scores at iteration 66: [0.5984816596229153, 0.5984816596229153, 0.5984816596229153, 0.5984816596229153, 0.5984816596229153, 0.14630004792599102, 0.14630004792599102, 0.14630004792599102, -1.5549478949054472, -0.8271965488149564]
Trust scores_s1 at iteration 66: [0.4992130798114577, 0.4992130798114577, 0.4992130798114577, 0.4992130798114577, 0.4992130798114577, 0.40812752396299545, 0.40812752396299545, 0.40812752396299545, -0.27747394745272347, 0.05637847559252185]
Trust scores_s2 at iteration 66: [0.19997225000000002, 0.19997225000000002, 0.19997225000000002, 0.19997225000000002, 0.19997225000000002, 0.3349775, 0.3349775, 0.3349775, 0.5, 0.46997675]
X.shape (10, 5)
s1 and s2 score at iteration 66
S_1 [0.6398129206853453, 0.6398129206853453, 0.6398129206853453, 0.6398129206853453, 0.6398129206853453, 0.6042439686719164, 0.6042439686719164, 0.6042439686719164, -0.6605247651882614, -0.18260876380204719]
S_2 [0.125, 0.125, 0.125, 0.125, 0.125, 0.125, 0.125, 0.125, 0.5, 0.5]
Trust scores at iteration 67: [0.7348481659622916, 0.7348481659622916, 0.7348481659622916, 0.7348481659622916, 0.7348481659622916, 0.6395965406703119, 0.6395965406703119, 0.6395965406703119, -1.9846293371840444, -1.239588314623157]
Trust scores_s1 at iteration 67: [0.49992130798114576, 0.49992130798114576, 0.49992130798114576, 0.49992130798114576, 0.49992130798114576, 0.46579602033515594, 0.46579602033515594, 0.46579602033515594, -0.4923146685920221, -0.12279648231157843]
Trust scores_s2 at iteration 67: [0.132497225, 0.132497225, 0.132497225, 0.132497225, 0.132497225, 0.14599775, 0.14599775, 0.14599775, 0.5, 0.496997675]
X.shape (10, 5)
s1 and s2 score at iteration 67
S_1 [0.4518850621379272, 0.4518850621379272, 0.4518850621379272, 0.4518850621379272, 0.4518850621379272, 0.4270270322722255, 0.4270270322722255, 0.4270270322722255, -0.7063650903322359, -0.48532331120610817]
S_2 [0.125, 0.125, 0.125, 0.125, 0.125, 0.125, 0.125, 0.125, 0.5, 0.5]
Trust scores at iteration 68: [0.7484848165962292, 0.7484848165962292, 0.7484848165962292, 0.7484848165962292, 0.7484848165962292, 0.689450987475386, 0.689450987475386, 0.689450987475386, -2.5052998366496446, -1.9905563507938513]
Trust scores_s1 at iteration 68: [0.4999921307981146, 0.4999921307981146, 0.4999921307981146, 0.4999921307981146, 0.4999921307981146, 0.471825268737693, 0.471825268737693, 0.471825268737693, -0.7526499183248221, -0.49557840789692575]
Trust scores_s2 at iteration 68: [0.1257497225, 0.1257497225, 0.1257497225, 0.1257497225, 0.1257497225, 0.127099775, 0.127099775, 0.127099775, 0.5, 0.4996997675]
X.shape (10, 5)
s1 and s2 score at iteration 68
S_1 [0.6232512249019183, 0.6232512249019183, 0.6232512249019183, 0.6232512249019183, 0.6232512249019183, 0.5243024699672437, 0.5243024699672437, 0.5243024699672437, -0.2185760466876789, 0.31281840350807616]
S_2 [0.125, 0.125, 0.125, 0.125, 0.125, 0.125, 0.125, 0.125, 0.5, 0.25]
Trust scores at iteration 69: [0.7498484816596229, 0.7498484816596229, 0.7498484816596229, 0.7498484816596229, 0.7498484816596229, 0.6010590908536567, 0.6010590908536567, 0.6010590908536567, -1.4661626437529875, -0.19733319650483727]
Trust scores_s1 at iteration 69: [0.4999992130798115, 0.4999992130798115, 0.4999992130798115, 0.4999992130798115, 0.4999992130798115, 0.4257395229268283, 0.4257395229268283, 0.4257395229268283, -0.2330813218764936, 0.17630337849758135]
Trust scores_s2 at iteration 69: [0.12507497225, 0.12507497225, 0.12507497225, 0.12507497225, 0.12507497225, 0.1252099775, 0.1252099775, 0.1252099775, 0.5, 0.27496997675]
X.shape (10, 5)
s1 and s2 score at iteration 69
S_1 [0.12785249490258052, 0.12785249490258052, 0.12785249490258052, 0.12785249490258052, 0.12785249490258052, 0.028233994830120537, 0.028233994830120537, 0.028233994830120537, -0.3490648867648561, -0.09348400920572361]
S_2 [0.2, 0.2, 0.2, 0.2, 0.2, 0.25, 0.25, 0.25, 0.5, 0.25]
Trust scores at iteration 70: [0.6149848481659623, 0.6149848481659623, 0.6149848481659623, 0.6149848481659623, 0.6149848481659623, -0.19114477932340934, -0.19114477932340934, -0.19114477932340934, -3.503810379576172, -1.1278011058853934]
Trust scores_s1 at iteration 70: [0.49999992130798115, 0.49999992130798115, 0.49999992130798115, 0.49999992130798115, 0.49999992130798115, 0.14194860808829535, 0.14194860808829535, 0.14194860808829535, -1.251905189788086, -0.31140355526769675]
Trust scores_s2 at iteration 70: [0.19250749722500002, 0.19250749722500002, 0.19250749722500002, 0.19250749722500002, 0.19250749722500002, 0.23752099775000002, 0.23752099775000002, 0.23752099775000002, 0.5, 0.252496997675]
X.shape (10, 5)
s1 and s2 score at iteration 70
S_1 [0.09695731981650883, 0.09695731981650883, 0.09695731981650883, 0.09695731981650883, 0.09695731981650883, -0.03656483034541626, -0.03656483034541626, -0.03656483034541626, -0.21891730380941032, 0.078844846387454]
S_2 [0.2, 0.2, 0.2, 0.2, 0.2, 0.2, 0.2, 0.2, 0.2, 0.2]
Trust scores at iteration 71: [0.061498484816596234, 0.061498484816596234, 0.061498484816596234, 0.061498484816596234, 0.061498484816596234, -1.2585251317453123, -1.2585251317453123, -1.2585251317453123, -3.2824666381097156, -0.280907964339028]
Trust scores_s1 at iteration 71: [0.49999999213079815, 0.49999999213079815, 0.49999999213079815, 0.49999999213079815, 0.49999999213079815, -0.15551046609765617, -0.15551046609765617, -0.15551046609765617, -1.1412333190548578, 0.334795717597986]
Trust scores_s2 at iteration 71: [0.4692507497225, 0.4692507497225, 0.4692507497225, 0.4692507497225, 0.4692507497225, 0.473752099775, 0.473752099775, 0.473752099775, 0.5, 0.47524969976750003]
X.shape (10, 5)
s1 and s2 score at iteration 71
S_1 [0.38784976053027975, 0.38784976053027975, 0.38784976053027975, 0.38784976053027975, 0.38784976053027975, 0.2551944505483492, 0.2551944505483492, 0.2551944505483492, -0.493695141076223, -0.34029203947450504]
S_2 [0.2, 0.2, 0.2, 0.2, 0.2, 0.3333333333333333, 0.3333333333333333, 0.3333333333333333, 0.5, 0.5]
Trust scores at iteration 72: [0.5461498484816597, 0.5461498484816597, 0.5461498484816597, 0.5461498484816597, 0.5461498484816597, -0.13367732353538905, -0.13367732353538905, -0.13367732353538905, -2.3738594040666454, -1.7177337631030658]
Trust scores_s1 at iteration 72: [0.4999999992130798, 0.4999999992130798, 0.4999999992130798, 0.4999999992130798, 0.4999999992130798, 0.28053654820980545, 0.28053654820980545, 0.28053654820980545, -0.6869297020333227, -0.3613419115747829]
Trust scores_s2 at iteration 72: [0.22692507497225003, 0.22692507497225003, 0.22692507497225003, 0.22692507497225003, 0.22692507497225003, 0.3473752099775, 0.3473752099775, 0.3473752099775, 0.5, 0.49752496997675]
X.shape (10, 5)
s1 and s2 score at iteration 72
S_1 [0.07641669517289412, 0.07641669517289412, 0.07641669517289412, 0.07641669517289412, 0.07641669517289412, 0.04797401508449146, 0.04797401508449146, 0.04797401508449146, 0.077674337421732, -0.2408194706728309]
S_2 [0.2, 0.2, 0.2, 0.2, 0.2, 0.2, 0.2, 0.2, 0.2, 0.2]
Trust scores at iteration 73: [0.040042887273537456, 0.040042887273537456, 0.040042887273537456, 0.040042887273537456, 0.040042887273537456, -0.35750056941122327, -0.35750056941122327, -0.35750056941122327, -0.23738594040666455, -3.8621096804202946]
Trust scores_s1 at iteration 73: [0.49271395113399374, 0.49271395113399374, 0.49271395113399374, 0.49271395113399374, 0.49271395113399374, 0.30598723629213836, 0.30598723629213836, 0.30598723629213836, 0.38130702979666775, -1.4313023432124723]
Trust scores_s2 at iteration 73: [0.472692507497225, 0.472692507497225, 0.472692507497225, 0.472692507497225, 0.472692507497225, 0.48473752099775, 0.48473752099775, 0.48473752099775, 0.5, 0.499752496997675]
X.shape (10, 5)
s1 and s2 score at iteration 73
S_1 [0.1212458320107516, 0.1212458320107516, 0.1212458320107516, 0.1212458320107516, 0.1212458320107516, -0.09641245464069269, -0.09641245464069269, -0.09641245464069269, -0.3844046587724683, -0.3221044747890334]
S_2 [0.2, 0.2, 0.2, 0.2, 0.2, 0.3333333333333333, 0.3333333333333333, 0.3333333333333333, 0.5, 0.5]
Trust scores at iteration 74: [0.5440042887273537, 0.5440042887273537, 0.5440042887273537, 0.5440042887273537, 0.5440042887273537, -1.3514134965629387, -1.3514134965629387, -1.3514134965629387, -3.7771496116214007, -3.6771717334762046]
Trust scores_s1 at iteration 74: [0.4992713951133994, 0.4992713951133994, 0.4992713951133994, 0.4992713951133994, 0.4992713951133994, -0.3272329961816943, -0.3272329961816943, -0.3272329961816943, -1.3885748058107006, -1.3386106170383347]
Trust scores_s2 at iteration 74: [0.22726925074972254, 0.22726925074972254, 0.22726925074972254, 0.22726925074972254, 0.22726925074972254, 0.348473752099775, 0.348473752099775, 0.348473752099775, 0.5, 0.49997524969976753]
X.shape (10, 5)
s1 and s2 score at iteration 74
S_1 [0.5622933672573391, 0.5622933672573391, 0.5622933672573391, 0.5622933672573391, 0.5622933672573391, 0.3399344027827125, 0.3399344027827125, 0.3399344027827125, -0.5039697544017012, -0.007810833976261786]
S_2 [0.125, 0.125, 0.125, 0.125, 0.125, 0.125, 0.125, 0.125, 0.5, 0.5]
Trust scores at iteration 75: [0.7294004288727354, 0.7294004288727354, 0.7294004288727354, 0.7294004288727354, 0.7294004288727354, 0.18395356648456163, 0.18395356648456163, 0.18395356648456163, -2.0843628879799376, -1.2802191002562093]
Trust scores_s1 at iteration 75: [0.49992713951133994, 0.49992713951133994, 0.49992713951133994, 0.49992713951133994, 0.49992713951133994, 0.2393241584522583, 0.2393241584522583, 0.2393241584522583, -0.5421814439899688, -0.14011202515812793]
Trust scores_s2 at iteration 75: [0.13522692507497225, 0.13522692507497225, 0.13522692507497225, 0.13522692507497225, 0.13522692507497225, 0.1473473752099775, 0.1473473752099775, 0.1473473752099775, 0.5, 0.49999752496997674]
X.shape (10, 5)
s1 and s2 score at iteration 75
S_1 [0.5588170694856742, 0.5588170694856742, 0.5588170694856742, 0.5588170694856742, 0.5588170694856742, 0.5721639848754678, 0.5721639848754678, 0.5721639848754678, -0.3883878229511588, -0.29790221317376697]
S_2 [0.125, 0.125, 0.125, 0.125, 0.125, 0.125, 0.125, 0.125, 0.5, 0.5]
Trust scores at iteration 76: [0.7269456703501264, 0.7269456703501264, 0.7269456703501264, 0.7269456703501264, 0.7269456703501264, 0.6933953566484562, 0.6933953566484562, 0.6933953566484562, -1.7193608661848818, -1.496614829090153]
Trust scores_s1 at iteration 76: [0.48949552768256044, 0.48949552768256044, 0.48949552768256044, 0.48949552768256044, 0.48949552768256044, 0.47393241584522583, 0.47393241584522583, 0.47393241584522583, -0.3596804330924409, -0.24830766204807883]
Trust scores_s2 at iteration 76: [0.12602269250749723, 0.12602269250749723, 0.12602269250749723, 0.12602269250749723, 0.12602269250749723, 0.12723473752099776, 0.12723473752099776, 0.12723473752099776, 0.5, 0.4999997524969977]
X.shape (10, 5)
s1 and s2 score at iteration 76
S_1 [0.2552325571888743, 0.2552325571888743, 0.2552325571888743, 0.2552325571888743, 0.2552325571888743, -0.17806866565467944, -0.17806866565467944, -0.17806866565467944, 0.07700479659994358, -0.072303527951685]
S_2 [0.2, 0.2, 0.2, 0.2, 0.2, 0.3333333333333333, 0.3333333333333333, 0.3333333333333333, 0.5, 0.5]
Trust scores at iteration 77: [0.6126945670350127, 0.6126945670350127, 0.6126945670350127, 0.6126945670350127, 0.6126945670350127, -1.158565465383341, -1.158565465383341, -1.158565465383341, -0.800402087573596, -1.3046178876609442]
Trust scores_s1 at iteration 77: [0.49894955276825603, 0.49894955276825603, 0.49894955276825603, 0.49894955276825603, 0.49894955276825603, -0.26655925893957083, -0.26655925893957083, -0.26655925893957083, 0.09979895621320208, -0.15230896858077242]
Trust scores_s2 at iteration 77: [0.19260226925074975, 0.19260226925074975, 0.19260226925074975, 0.19260226925074975, 0.19260226925074975, 0.31272347375209975, 0.31272347375209975, 0.31272347375209975, 0.5, 0.4999999752496998]
X.shape (10, 5)
s1 and s2 score at iteration 77
S_1 [0.7580215641545835, 0.7580215641545835, 0.7580215641545835, 0.7580215641545835, 0.7580215641545835, 0.8084046999950601, 0.8084046999950601, 0.8084046999950601, 0.082286949417748, 0.5412353507013177]
S_2 [0.1111111111111111, 0.1111111111111111, 0.1111111111111111, 0.1111111111111111, 0.1111111111111111, 0.1111111111111111, 0.1111111111111111, 0.1111111111111111, 0.5, 0.1111111111111111]
Trust scores at iteration 78: [0.7051777216397319, 0.7051777216397319, 0.7051777216397319, 0.7051777216397319, 0.7051777216397319, 0.584143453461666, 0.584143453461666, 0.584143453461666, -0.8884298377681438, 0.2720975674996008]
Trust scores_s1 at iteration 78: [0.47184908774494094, 0.47184908774494094, 0.47184908774494094, 0.47184908774494094, 0.47184908774494094, 0.4233440741060429, 0.4233440741060429, 0.4233440741060429, 0.05578508111592813, 0.2860487812747704]
Trust scores_s2 at iteration 78: [0.11926022692507497, 0.11926022692507497, 0.11926022692507497, 0.11926022692507497, 0.11926022692507497, 0.13127234737520996, 0.13127234737520996, 0.13127234737520996, 0.5, 0.14999999752496998]
X.shape (10, 5)
s1 and s2 score at iteration 78
S_1 [0.6248361224874043, 0.6248361224874043, 0.6248361224874043, 0.6248361224874043, 0.6248361224874043, 0.6491351195547923, 0.6491351195547923, 0.6491351195547923, -0.06440670940620047, 0.2706454874182303]
S_2 [0.125, 0.125, 0.125, 0.125, 0.125, 0.125, 0.125, 0.125, 0.5, 0.25]
Trust scores at iteration 79: [0.7118281801177933, 0.7118281801177933, 0.7118281801177933, 0.7118281801177933, 0.7118281801177933, 0.7334143453461667, 0.7334143453461667, 0.7334143453461667, -1.0781403222189807, -0.047551049839172466]
Trust scores_s1 at iteration 79: [0.48034011275140415, 0.48034011275140415, 0.48034011275140415, 0.48034011275140415, 0.48034011275140415, 0.4923344074106043, 0.4923344074106043, 0.4923344074106043, -0.039070161109490374, 0.2162244748329108]
Trust scores_s2 at iteration 79: [0.12442602269250749, 0.12442602269250749, 0.12442602269250749, 0.12442602269250749, 0.12442602269250749, 0.125627234737521, 0.125627234737521, 0.125627234737521, 0.5, 0.239999999752497]
X.shape (10, 5)
s1 and s2 score at iteration 79
S_1 [0.27677336978688166, 0.27677336978688166, 0.27677336978688166, 0.27677336978688166, 0.27677336978688166, 0.2423356338938015, 0.2423356338938015, 0.2423356338938015, -0.16249401140534486, -0.3133370781018657]
S_2 [0.2, 0.2, 0.2, 0.2, 0.2, 0.25, 0.25, 0.25, 0.25, 0.5]
Trust scores at iteration 80: [0.6111828180117793, 0.6111828180117793, 0.6111828180117793, 0.6111828180117793, 0.6111828180117793, 0.411358253755202, 0.411358253755202, 0.411358253755202, -1.0862052223765732, -1.9236514334450863]
Trust scores_s1 at iteration 80: [0.4980340112751404, 0.4980340112751404, 0.4980340112751404, 0.4980340112751404, 0.4980340112751404, 0.44324185035135316, 0.44324185035135316, 0.44324185035135316, -0.26810261118828654, -0.4878257167472933]
Trust scores_s2 at iteration 80: [0.19244260226925078, 0.19244260226925078, 0.19244260226925078, 0.19244260226925078, 0.19244260226925078, 0.2375627234737521, 0.2375627234737521, 0.2375627234737521, 0.275, 0.4739999999752497]
X.shape (10, 5)
s1 and s2 score at iteration 80
S_1 [0.19186341134444493, 0.19186341134444493, 0.19186341134444493, 0.19186341134444493, 0.19186341134444493, -0.3447141113011662, -0.3447141113011662, -0.3447141113011662, 0.21924588970859998, 0.008058980430218207]
S_2 [0.16666666666666666, 0.16666666666666666, 0.16666666666666666, 0.16666666666666666, 0.16666666666666666, 0.3333333333333333, 0.3333333333333333, 0.3333333333333333, 0.16666666666666666, 0.5]
Trust scores at iteration 81: [0.5487137548087028, 0.5487137548087028, 0.5487137548087028, 0.5487137548087028, 0.5487137548087028, -1.9739087192834177, -1.9739087192834177, -1.9739087192834177, 0.49137947776234275, -1.0592831895763606]
Trust scores_s1 at iteration 81: [0.44360113763127645, 0.44360113763127645, 0.44360113763127645, 0.44360113763127645, 0.44360113763127645, -0.6631980872943336, -0.6631980872943336, -0.6631980872943336, 0.42318973888117134, -0.03224159479065532]
Trust scores_s2 at iteration 81: [0.16924426022692507, 0.16924426022692507, 0.16924426022692507, 0.16924426022692507, 0.16924426022692507, 0.3237562723473752, 0.3237562723473752, 0.3237562723473752, 0.1775, 0.497399999997525]
X.shape (10, 5)
s1 and s2 score at iteration 81
S_1 [1.0, 1.0, 1.0, 1.0, 1.0, 1.0, 1.0, 1.0, 1.0, 1.0]
S_2 [0.1, 0.1, 0.1, 0.1, 0.1, 0.1, 0.1, 0.1, 0.1, 0.1]
Trust scores at iteration 82: [0.05487137548087028, 0.05487137548087028, 0.05487137548087028, 0.05487137548087028, 0.05487137548087028, -0.1973908719283418, -0.1973908719283418, -0.1973908719283418, 0.04913794777623428, -0.10592831895763606]
Trust scores_s1 at iteration 82: [0.49436011376312766, 0.49436011376312766, 0.49436011376312766, 0.49436011376312766, 0.49436011376312766, 0.38368019127056663, 0.38368019127056663, 0.38368019127056663, 0.49231897388811713, 0.4467758405209345]
Trust scores_s2 at iteration 82: [0.4669244260226925, 0.4669244260226925, 0.4669244260226925, 0.4669244260226925, 0.4669244260226925, 0.48237562723473754, 0.48237562723473754, 0.48237562723473754, 0.46775, 0.4997399999997525]
X.shape (10, 5)
s1 and s2 score at iteration 82
S_1 [1.0, 1.0, 1.0, 1.0, 1.0, 1.0, 1.0, 1.0, 1.0, 1.0]
S_2 [0.1, 0.1, 0.1, 0.1, 0.1, 0.1, 0.1, 0.1, 0.1, 0.1]
Trust scores at iteration 83: [0.0054871375480870285, 0.0054871375480870285, 0.0054871375480870285, 0.0054871375480870285, 0.0054871375480870285, -0.01973908719283418, -0.01973908719283418, -0.01973908719283418, 0.004913794777623428, -0.010592831895763606]
Trust scores_s1 at iteration 83: [0.49943601137631277, 0.49943601137631277, 0.49943601137631277, 0.49943601137631277, 0.49943601137631277, 0.4883680191270567, 0.4883680191270567, 0.4883680191270567, 0.49923189738881174, 0.49467758405209344]
Trust scores_s2 at iteration 83: [0.49669244260226925, 0.49669244260226925, 0.49669244260226925, 0.49669244260226925, 0.49669244260226925, 0.49823756272347375, 0.49823756272347375, 0.49823756272347375, 0.496775, 0.49997399999997527]
X.shape (10, 5)
s1 and s2 score at iteration 83
S_1 [1.0, 1.0, 1.0, 1.0, 1.0, 1.0, 1.0, 1.0, 1.0, 1.0]
S_2 [0.1, 0.1, 0.1, 0.1, 0.1, 0.1, 0.1, 0.1, 0.1, 0.1]
Trust scores at iteration 84: [0.0005487137548087029, 0.0005487137548087029, 0.0005487137548087029, 0.0005487137548087029, 0.0005487137548087029, -0.0019739087192834183, -0.0019739087192834183, -0.0019739087192834183, 0.0004913794777623428, -0.0010592831895763607]
Trust scores_s1 at iteration 84: [0.4999436011376313, 0.4999436011376313, 0.4999436011376313, 0.4999436011376313, 0.4999436011376313, 0.4988368019127057, 0.4988368019127057, 0.4988368019127057, 0.49992318973888117, 0.49946775840520935]
Trust scores_s2 at iteration 84: [0.49966924426022696, 0.49966924426022696, 0.49966924426022696, 0.49966924426022696, 0.49966924426022696, 0.4998237562723474, 0.4998237562723474, 0.4998237562723474, 0.4996775, 0.49999739999999754]
X.shape (10, 5)
s1 and s2 score at iteration 84
S_1 [0.9999999999999998, 0.9999999999999998, 0.9999999999999998, 0.9999999999999998, 0.9999999999999998, 0.9999999999999998, 0.9999999999999998, 0.9999999999999998, 0.9999999999999998, 0.9999999999999998]
S_2 [0.1, 0.1, 0.1, 0.1, 0.1, 0.1, 0.1, 0.1, 0.1, 0.1]
Trust scores at iteration 85: [5.487137548087029e-05, 5.487137548087029e-05, 5.487137548087029e-05, 5.487137548087029e-05, 5.487137548087029e-05, -0.00019739087192834184, -0.00019739087192834184, -0.00019739087192834184, 4.9137947776234286e-05, -0.00010592831895763608]
Trust scores_s1 at iteration 85: [0.49999436011376314, 0.49999436011376314, 0.49999436011376314, 0.49999436011376314, 0.49999436011376314, 0.4998836801912706, 0.4998836801912706, 0.4998836801912706, 0.49999231897388813, 0.49994677584052094]
Trust scores_s2 at iteration 85: [0.4999669244260227, 0.4999669244260227, 0.4999669244260227, 0.4999669244260227, 0.4999669244260227, 0.49998237562723474, 0.49998237562723474, 0.49998237562723474, 0.49996775000000004, 0.49999973999999975]
X.shape (10, 5)
s1 and s2 score at iteration 85
S_1 [1.0, 1.0, 1.0, 1.0, 1.0, 1.0, 1.0, 1.0, 1.0, 1.0]
S_2 [0.1, 0.1, 0.1, 0.1, 0.1, 0.1, 0.1, 0.1, 0.1, 0.1]
Trust scores at iteration 86: [5.487137548087029e-06, 5.487137548087029e-06, 5.487137548087029e-06, 5.487137548087029e-06, 5.487137548087029e-06, -1.9739087192834186e-05, -1.9739087192834186e-05, -1.9739087192834186e-05, 4.913794777623429e-06, -1.059283189576361e-05]
Trust scores_s1 at iteration 86: [0.4999994360113763, 0.4999994360113763, 0.4999994360113763, 0.4999994360113763, 0.4999994360113763, 0.49998836801912705, 0.49998836801912705, 0.49998836801912705, 0.4999992318973888, 0.49999467758405214]
Trust scores_s2 at iteration 86: [0.49999669244260225, 0.49999669244260225, 0.49999669244260225, 0.49999669244260225, 0.49999669244260225, 0.4999982375627235, 0.4999982375627235, 0.4999982375627235, 0.499996775, 0.49999997399999996]
X.shape (10, 5)
s1 and s2 score at iteration 86
S_1 [0.9999999999999998, 0.9999999999999998, 0.9999999999999998, 0.9999999999999998, 0.9999999999999998, 0.9999999999999998, 0.9999999999999998, 0.9999999999999998, 0.9999999999999998, 0.9999999999999998]
S_2 [0.1, 0.1, 0.1, 0.1, 0.1, 0.1, 0.1, 0.1, 0.1, 0.1]
Trust scores at iteration 87: [5.48713754808703e-07, 5.48713754808703e-07, 5.48713754808703e-07, 5.48713754808703e-07, 5.48713754808703e-07, -1.9739087192834187e-06, -1.9739087192834187e-06, -1.9739087192834187e-06, 4.913794777623429e-07, -1.0592831895763609e-06]
Trust scores_s1 at iteration 87: [0.49999994360113764, 0.49999994360113764, 0.49999994360113764, 0.49999994360113764, 0.49999994360113764, 0.4999988368019127, 0.4999988368019127, 0.4999988368019127, 0.4999999231897389, 0.4999994677584052]
Trust scores_s2 at iteration 87: [0.49999966924426026, 0.49999966924426026, 0.49999966924426026, 0.49999966924426026, 0.49999966924426026, 0.4999998237562724, 0.4999998237562724, 0.4999998237562724, 0.4999996775, 0.4999999974]
X.shape (10, 5)
s1 and s2 score at iteration 87
S_1 [0.9999999999999998, 0.9999999999999998, 0.9999999999999998, 0.9999999999999998, 0.9999999999999998, 0.9999999999999998, 0.9999999999999998, 0.9999999999999998, 0.9999999999999998, 0.9999999999999998]
S_2 [0.1, 0.1, 0.1, 0.1, 0.1, 0.1, 0.1, 0.1, 0.1, 0.1]
Trust scores at iteration 88: [5.48713754808703e-08, 5.48713754808703e-08, 5.48713754808703e-08, 5.48713754808703e-08, 5.48713754808703e-08, -1.973908719283419e-07, -1.973908719283419e-07, -1.973908719283419e-07, 4.91379477762343e-08, -1.059283189576361e-07]
Trust scores_s1 at iteration 88: [0.4999999943601138, 0.4999999943601138, 0.4999999943601138, 0.4999999943601138, 0.4999999943601138, 0.49999988368019127, 0.49999988368019127, 0.49999988368019127, 0.4999999923189739, 0.49999994677584053]
Trust scores_s2 at iteration 88: [0.49999996692442605, 0.49999996692442605, 0.49999996692442605, 0.49999996692442605, 0.49999996692442605, 0.49999998237562726, 0.49999998237562726, 0.49999998237562726, 0.49999996775, 0.49999999974000003]
X.shape (10, 5)
s1 and s2 score at iteration 88
S_1 [1.0, 1.0, 1.0, 1.0, 1.0, 1.0, 1.0, 1.0, 1.0, 1.0]
S_2 [0.1, 0.1, 0.1, 0.1, 0.1, 0.1, 0.1, 0.1, 0.1, 0.1]
Trust scores at iteration 89: [5.4871375480870305e-09, 5.4871375480870305e-09, 5.4871375480870305e-09, 5.4871375480870305e-09, 5.4871375480870305e-09, -1.973908719283419e-08, -1.973908719283419e-08, -1.973908719283419e-08, 4.91379477762343e-09, -1.059283189576361e-08]
Trust scores_s1 at iteration 89: [0.49999999943601137, 0.49999999943601137, 0.49999999943601137, 0.49999999943601137, 0.49999999943601137, 0.4999999883680191, 0.4999999883680191, 0.4999999883680191, 0.4999999992318974, 0.49999999467758405]
Trust scores_s2 at iteration 89: [0.4999999966924426, 0.4999999966924426, 0.4999999966924426, 0.4999999966924426, 0.4999999966924426, 0.49999999823756275, 0.49999999823756275, 0.49999999823756275, 0.499999996775, 0.499999999974]
X.shape (10, 5)
s1 and s2 score at iteration 89
S_1 [0.9999999999999998, 0.9999999999999998, 0.9999999999999998, 0.9999999999999998, 0.9999999999999998, 0.9999999999999998, 0.9999999999999998, 0.9999999999999998, 0.9999999999999998, 0.9999999999999998]
S_2 [0.1, 0.1, 0.1, 0.1, 0.1, 0.1, 0.1, 0.1, 0.1, 0.1]
Trust scores at iteration 90: [5.48713754808703e-10, 5.48713754808703e-10, 5.48713754808703e-10, 5.48713754808703e-10, 5.48713754808703e-10, -1.973908719283419e-09, -1.973908719283419e-09, -1.973908719283419e-09, 4.91379477762343e-10, -1.059283189576361e-09]
Trust scores_s1 at iteration 90: [0.49999999994360117, 0.49999999994360117, 0.49999999994360117, 0.49999999994360117, 0.49999999994360117, 0.4999999988368019, 0.4999999988368019, 0.4999999988368019, 0.4999999999231898, 0.4999999994677584]
Trust scores_s2 at iteration 90: [0.49999999966924424, 0.49999999966924424, 0.49999999966924424, 0.49999999966924424, 0.49999999966924424, 0.4999999998237563, 0.4999999998237563, 0.4999999998237563, 0.49999999967750003, 0.4999999999974]
X.shape (10, 5)
s1 and s2 score at iteration 90
S_1 [1.0, 1.0, 1.0, 1.0, 1.0, 1.0, 1.0, 1.0, 1.0, 1.0]
S_2 [0.1, 0.1, 0.1, 0.1, 0.1, 0.1, 0.1, 0.1, 0.1, 0.1]
Trust scores at iteration 91: [5.487137548087031e-11, 5.487137548087031e-11, 5.487137548087031e-11, 5.487137548087031e-11, 5.487137548087031e-11, -1.9739087192834193e-10, -1.9739087192834193e-10, -1.9739087192834193e-10, 4.913794777623431e-11, -1.059283189576361e-10]
Trust scores_s1 at iteration 91: [0.4999999999943601, 0.4999999999943601, 0.4999999999943601, 0.4999999999943601, 0.4999999999943601, 0.4999999998836802, 0.4999999998836802, 0.4999999998836802, 0.499999999992319, 0.49999999994677585]
Trust scores_s2 at iteration 91: [0.49999999996692446, 0.49999999996692446, 0.49999999996692446, 0.49999999996692446, 0.49999999996692446, 0.49999999998237565, 0.49999999998237565, 0.49999999998237565, 0.49999999996775, 0.49999999999974]
X.shape (10, 5)
s1 and s2 score at iteration 91
S_1 [1.0, 1.0, 1.0, 1.0, 1.0, 1.0, 1.0, 1.0, 1.0, 1.0]
S_2 [0.1, 0.1, 0.1, 0.1, 0.1, 0.1, 0.1, 0.1, 0.1, 0.1]
Trust scores at iteration 92: [5.487137548087031e-12, 5.487137548087031e-12, 5.487137548087031e-12, 5.487137548087031e-12, 5.487137548087031e-12, -1.9739087192834193e-11, -1.9739087192834193e-11, -1.9739087192834193e-11, 4.913794777623431e-12, -1.059283189576361e-11]
Trust scores_s1 at iteration 92: [0.499999999999436, 0.499999999999436, 0.499999999999436, 0.499999999999436, 0.499999999999436, 0.499999999988368, 0.499999999988368, 0.499999999988368, 0.4999999999992319, 0.4999999999946776]
Trust scores_s2 at iteration 92: [0.4999999999966925, 0.4999999999966925, 0.4999999999966925, 0.4999999999966925, 0.4999999999966925, 0.4999999999982376, 0.4999999999982376, 0.4999999999982376, 0.499999999996775, 0.499999999999974]
X.shape (10, 5)
s1 and s2 score at iteration 92
S_1 [1.0, 1.0, 1.0, 1.0, 1.0, 1.0, 1.0, 1.0, 1.0, 1.0]
S_2 [0.1, 0.1, 0.1, 0.1, 0.1, 0.1, 0.1, 0.1, 0.1, 0.1]
Trust scores at iteration 93: [5.487137548087032e-13, 5.487137548087032e-13, 5.487137548087032e-13, 5.487137548087032e-13, 5.487137548087032e-13, -1.9739087192834195e-12, -1.9739087192834195e-12, -1.9739087192834195e-12, 4.913794777623432e-13, -1.059283189576361e-12]
Trust scores_s1 at iteration 93: [0.4999999999999436, 0.4999999999999436, 0.4999999999999436, 0.4999999999999436, 0.4999999999999436, 0.4999999999988368, 0.4999999999988368, 0.4999999999988368, 0.4999999999999232, 0.49999999999946776]
Trust scores_s2 at iteration 93: [0.49999999999966926, 0.49999999999966926, 0.49999999999966926, 0.49999999999966926, 0.49999999999966926, 0.49999999999982375, 0.49999999999982375, 0.49999999999982375, 0.49999999999967754, 0.49999999999999745]
X.shape (10, 5)
s1 and s2 score at iteration 93
S_1 [1.0, 1.0, 1.0, 1.0, 1.0, 1.0, 1.0, 1.0, 1.0, 1.0]
S_2 [0.1, 0.1, 0.1, 0.1, 0.1, 0.1, 0.1, 0.1, 0.1, 0.1]
Trust scores at iteration 94: [5.487137548087032e-14, 5.487137548087032e-14, 5.487137548087032e-14, 5.487137548087032e-14, 5.487137548087032e-14, -1.9739087192834197e-13, -1.9739087192834197e-13, -1.9739087192834197e-13, 4.913794777623432e-14, -1.059283189576361e-13]
Trust scores_s1 at iteration 94: [0.4999999999999944, 0.4999999999999944, 0.4999999999999944, 0.4999999999999944, 0.4999999999999944, 0.4999999999998837, 0.4999999999998837, 0.4999999999998837, 0.49999999999999234, 0.4999999999999468]
Trust scores_s2 at iteration 94: [0.4999999999999669, 0.4999999999999669, 0.4999999999999669, 0.4999999999999669, 0.4999999999999669, 0.4999999999999824, 0.4999999999999824, 0.4999999999999824, 0.49999999999996775, 0.4999999999999998]
X.shape (10, 5)
s1 and s2 score at iteration 94
S_1 [1.0, 1.0, 1.0, 1.0, 1.0, 1.0, 1.0, 1.0, 1.0, 1.0]
S_2 [0.1, 0.1, 0.1, 0.1, 0.1, 0.1, 0.1, 0.1, 0.1, 0.1]
Trust scores at iteration 95: [5.487137548087032e-15, 5.487137548087032e-15, 5.487137548087032e-15, 5.487137548087032e-15, 5.487137548087032e-15, -1.97390871928342e-14, -1.97390871928342e-14, -1.97390871928342e-14, 4.913794777623432e-15, -1.059283189576361e-14]
Trust scores_s1 at iteration 95: [0.49999999999999944, 0.49999999999999944, 0.49999999999999944, 0.49999999999999944, 0.49999999999999944, 0.4999999999999884, 0.4999999999999884, 0.4999999999999884, 0.4999999999999992, 0.49999999999999467]
Trust scores_s2 at iteration 95: [0.4999999999999967, 0.4999999999999967, 0.4999999999999967, 0.4999999999999967, 0.4999999999999967, 0.4999999999999982, 0.4999999999999982, 0.4999999999999982, 0.4999999999999968, 0.5]
X.shape (10, 5)
s1 and s2 score at iteration 95
S_1 [1.0, 1.0, 1.0, 1.0, 1.0, 1.0, 1.0, 1.0, 1.0, 1.0]
S_2 [0.1, 0.1, 0.1, 0.1, 0.1, 0.1, 0.1, 0.1, 0.1, 0.1]
Trust scores at iteration 96: [5.487137548087032e-16, 5.487137548087032e-16, 5.487137548087032e-16, 5.487137548087032e-16, 5.487137548087032e-16, -1.97390871928342e-15, -1.97390871928342e-15, -1.97390871928342e-15, 4.913794777623433e-16, -1.0592831895763611e-15]
Trust scores_s1 at iteration 96: [0.49999999999999994, 0.49999999999999994, 0.49999999999999994, 0.49999999999999994, 0.49999999999999994, 0.49999999999999883, 0.49999999999999883, 0.49999999999999883, 0.49999999999999994, 0.4999999999999995]
Trust scores_s2 at iteration 96: [0.49999999999999967, 0.49999999999999967, 0.49999999999999967, 0.49999999999999967, 0.49999999999999967, 0.49999999999999983, 0.49999999999999983, 0.49999999999999983, 0.49999999999999967, 0.5]
X.shape (10, 5)
s1 and s2 score at iteration 96
S_1 [1.0, 1.0, 1.0, 1.0, 1.0, 1.0, 1.0, 1.0, 1.0, 1.0]
S_2 [0.1, 0.1, 0.1, 0.1, 0.1, 0.1, 0.1, 0.1, 0.1, 0.1]
Trust scores at iteration 97: [5.487137548087032e-17, 5.487137548087032e-17, 5.487137548087032e-17, 5.487137548087032e-17, 5.487137548087032e-17, -1.9739087192834201e-16, -1.9739087192834201e-16, -1.9739087192834201e-16, 4.9137947776234334e-17, -1.0592831895763611e-16]
Trust scores_s1 at iteration 97: [0.5, 0.5, 0.5, 0.5, 0.5, 0.4999999999999999, 0.4999999999999999, 0.4999999999999999, 0.5, 0.49999999999999994]
Trust scores_s2 at iteration 97: [0.5, 0.5, 0.5, 0.5, 0.5, 0.5, 0.5, 0.5, 0.5, 0.5]
X.shape (10, 5)
s1 and s2 score at iteration 97
S_1 [1.0, 1.0, 1.0, 1.0, 1.0, 1.0, 1.0, 1.0, 1.0, 1.0]
S_2 [0.1, 0.1, 0.1, 0.1, 0.1, 0.1, 0.1, 0.1, 0.1, 0.1]
Trust scores at iteration 98: [5.4871375480870326e-18, 5.4871375480870326e-18, 5.4871375480870326e-18, 5.4871375480870326e-18, 5.4871375480870326e-18, -1.9739087192834203e-17, -1.9739087192834203e-17, -1.9739087192834203e-17, 4.9137947776234336e-18, -1.0592831895763613e-17]
Trust scores_s1 at iteration 98: [0.5, 0.5, 0.5, 0.5, 0.5, 0.5, 0.5, 0.5, 0.5, 0.5]
Trust scores_s2 at iteration 98: [0.5, 0.5, 0.5, 0.5, 0.5, 0.5, 0.5, 0.5, 0.5, 0.5]
X.shape (10, 5)
s1 and s2 score at iteration 98
S_1 [1.0, 1.0, 1.0, 1.0, 1.0, 1.0, 1.0, 1.0, 1.0, 1.0]
S_2 [0.1, 0.1, 0.1, 0.1, 0.1, 0.1, 0.1, 0.1, 0.1, 0.1]
Trust scores at iteration 99: [5.487137548087033e-19, 5.487137548087033e-19, 5.487137548087033e-19, 5.487137548087033e-19, 5.487137548087033e-19, -1.9739087192834203e-18, -1.9739087192834203e-18, -1.9739087192834203e-18, 4.913794777623433e-19, -1.0592831895763613e-18]
Trust scores_s1 at iteration 99: [0.5, 0.5, 0.5, 0.5, 0.5, 0.5, 0.5, 0.5, 0.5, 0.5]
Trust scores_s2 at iteration 99: [0.5, 0.5, 0.5, 0.5, 0.5, 0.5, 0.5, 0.5, 0.5, 0.5]
X.shape (10, 5)
s1 and s2 score at iteration 99
S_1 [1.0, 1.0, 1.0, 1.0, 1.0, 1.0, 1.0, 1.0, 1.0, 1.0]
S_2 [0.1, 0.1, 0.1, 0.1, 0.1, 0.1, 0.1, 0.1, 0.1, 0.1]
Trust scores at iteration 100: [5.487137548087033e-20, 5.487137548087033e-20, 5.487137548087033e-20, 5.487137548087033e-20, 5.487137548087033e-20, -1.9739087192834204e-19, -1.9739087192834204e-19, -1.9739087192834204e-19, 4.913794777623434e-20, -1.0592831895763613e-19]
Trust scores_s1 at iteration 100: [0.5, 0.5, 0.5, 0.5, 0.5, 0.5, 0.5, 0.5, 0.5, 0.5]
Trust scores_s2 at iteration 100: [0.5, 0.5, 0.5, 0.5, 0.5, 0.5, 0.5, 0.5, 0.5, 0.5]
