chunks.shape 518399
chunks[0].shape 5
Loaded Tower 5 data for Tower 2 without noise: 518399 chunks
chunks.shape 518399
chunks[0].shape 5
Loaded Tower 5 data for Tower 3 without noise: 518399 chunks
chunks.shape 518399
chunks[0].shape 5
Loaded Tower 5 data for Tower 4 without noise: 518399 chunks
chunks.shape 518399
chunks[0].shape 5
Loaded Tower 5 data for Tower 5 without noise: 518399 chunks
chunks.shape 518399
chunks[0].shape 5
Loaded Tower 5 data for Tower 6 without noise: 518399 chunks
chunks.shape 518399
chunks[0].shape 5
Loaded Tower 5 data for Tower 7 with same noise (chunks 60-80): 518399 chunks
chunks.shape 518399
chunks[0].shape 5
Loaded Tower 5 data for Tower 8 with same noise (chunks 60-80): 518399 chunks
chunks.shape 518399
chunks[0].shape 5
Loaded Tower 5 data for Tower 9 with same noise (chunks 60-80): 518399 chunks
chunks.shape 518399
chunks[0].shape 5
Loaded Tower 5 data for Tower 10 with random noise (chunks 60-80): 518399 chunks
chunks.shape 518399
chunks[0].shape 5
Loaded Tower 5 data for Tower 11 with random noise (chunks 60-80): 518399 chunks
X.shape (10, 5)
s1 and s2 score at iteration 0
S_1 [1.0, 1.0, 1.0, 1.0, 1.0, 1.0, 1.0, 1.0, 1.0, 1.0]
S_2 [0.1, 0.1, 0.1, 0.1, 0.1, 0.1, 0.1, 0.1, 0.1, 0.1]
Trust scores at iteration 1: [0.0, 0.0, 0.0, 0.0, 0.0, 0.0, 0.0, 0.0, 0.0, 0.0]
Trust scores_s1 at iteration 1: [0.15000000000000002, 0.15000000000000002, 0.15000000000000002, 0.15000000000000002, 0.15000000000000002, 0.15000000000000002, 0.15000000000000002, 0.15000000000000002, 0.15000000000000002, 0.15000000000000002]
Trust scores_s2 at iteration 1: [0.15000000000000002, 0.15000000000000002, 0.15000000000000002, 0.15000000000000002, 0.15000000000000002, 0.15000000000000002, 0.15000000000000002, 0.15000000000000002, 0.15000000000000002, 0.15000000000000002]
X.shape (10, 5)
s1 and s2 score at iteration 1
S_1 [1.0, 1.0, 1.0, 1.0, 1.0, 1.0, 1.0, 1.0, 1.0, 1.0]
S_2 [0.1, 0.1, 0.1, 0.1, 0.1, 0.1, 0.1, 0.1, 0.1, 0.1]
Trust scores at iteration 2: [0.0, 0.0, 0.0, 0.0, 0.0, 0.0, 0.0, 0.0, 0.0, 0.0]
Trust scores_s1 at iteration 2: [0.255, 0.255, 0.255, 0.255, 0.255, 0.255, 0.255, 0.255, 0.255, 0.255]
Trust scores_s2 at iteration 2: [0.255, 0.255, 0.255, 0.255, 0.255, 0.255, 0.255, 0.255, 0.255, 0.255]
X.shape (10, 5)
s1 and s2 score at iteration 2
S_1 [1.0, 1.0, 1.0, 1.0, 1.0, 1.0, 1.0, 1.0, 1.0, 1.0]
S_2 [0.1, 0.1, 0.1, 0.1, 0.1, 0.1, 0.1, 0.1, 0.1, 0.1]
Trust scores at iteration 3: [0.0, 0.0, 0.0, 0.0, 0.0, 0.0, 0.0, 0.0, 0.0, 0.0]
Trust scores_s1 at iteration 3: [0.3285, 0.3285, 0.3285, 0.3285, 0.3285, 0.3285, 0.3285, 0.3285, 0.3285, 0.3285]
Trust scores_s2 at iteration 3: [0.3285, 0.3285, 0.3285, 0.3285, 0.3285, 0.3285, 0.3285, 0.3285, 0.3285, 0.3285]
X.shape (10, 5)
s1 and s2 score at iteration 3
S_1 [1.0, 1.0, 1.0, 1.0, 1.0, 1.0, 1.0, 1.0, 1.0, 1.0]
S_2 [0.1, 0.1, 0.1, 0.1, 0.1, 0.1, 0.1, 0.1, 0.1, 0.1]
Trust scores at iteration 4: [0.0, 0.0, 0.0, 0.0, 0.0, 0.0, 0.0, 0.0, 0.0, 0.0]
Trust scores_s1 at iteration 4: [0.37995, 0.37995, 0.37995, 0.37995, 0.37995, 0.37995, 0.37995, 0.37995, 0.37995, 0.37995]
Trust scores_s2 at iteration 4: [0.37995, 0.37995, 0.37995, 0.37995, 0.37995, 0.37995, 0.37995, 0.37995, 0.37995, 0.37995]
X.shape (10, 5)
s1 and s2 score at iteration 4
S_1 [0.9999999999999998, 0.9999999999999998, 0.9999999999999998, 0.9999999999999998, 0.9999999999999998, 0.9999999999999998, 0.9999999999999998, 0.9999999999999998, 0.9999999999999998, 0.9999999999999998]
S_2 [0.1, 0.1, 0.1, 0.1, 0.1, 0.1, 0.1, 0.1, 0.1, 0.1]
Trust scores at iteration 5: [0.0, 0.0, 0.0, 0.0, 0.0, 0.0, 0.0, 0.0, 0.0, 0.0]
Trust scores_s1 at iteration 5: [0.41596500000000003, 0.41596500000000003, 0.41596500000000003, 0.41596500000000003, 0.41596500000000003, 0.41596500000000003, 0.41596500000000003, 0.41596500000000003, 0.41596500000000003, 0.41596500000000003]
Trust scores_s2 at iteration 5: [0.41596500000000003, 0.41596500000000003, 0.41596500000000003, 0.41596500000000003, 0.41596500000000003, 0.41596500000000003, 0.41596500000000003, 0.41596500000000003, 0.41596500000000003, 0.41596500000000003]
X.shape (10, 5)
s1 and s2 score at iteration 5
S_1 [1.0, 1.0, 1.0, 1.0, 1.0, 1.0, 1.0, 1.0, 1.0, 1.0]
S_2 [0.1, 0.1, 0.1, 0.1, 0.1, 0.1, 0.1, 0.1, 0.1, 0.1]
Trust scores at iteration 6: [0.0, 0.0, 0.0, 0.0, 0.0, 0.0, 0.0, 0.0, 0.0, 0.0]
Trust scores_s1 at iteration 6: [0.4411755, 0.4411755, 0.4411755, 0.4411755, 0.4411755, 0.4411755, 0.4411755, 0.4411755, 0.4411755, 0.4411755]
Trust scores_s2 at iteration 6: [0.4411755, 0.4411755, 0.4411755, 0.4411755, 0.4411755, 0.4411755, 0.4411755, 0.4411755, 0.4411755, 0.4411755]
X.shape (10, 5)
s1 and s2 score at iteration 6
S_1 [1.0, 1.0, 1.0, 1.0, 1.0, 1.0, 1.0, 1.0, 1.0, 1.0]
S_2 [0.1, 0.1, 0.1, 0.1, 0.1, 0.1, 0.1, 0.1, 0.1, 0.1]
Trust scores at iteration 7: [0.0, 0.0, 0.0, 0.0, 0.0, 0.0, 0.0, 0.0, 0.0, 0.0]
Trust scores_s1 at iteration 7: [0.45882285, 0.45882285, 0.45882285, 0.45882285, 0.45882285, 0.45882285, 0.45882285, 0.45882285, 0.45882285, 0.45882285]
Trust scores_s2 at iteration 7: [0.45882285, 0.45882285, 0.45882285, 0.45882285, 0.45882285, 0.45882285, 0.45882285, 0.45882285, 0.45882285, 0.45882285]
X.shape (10, 5)
s1 and s2 score at iteration 7
S_1 [0.9999999999999998, 0.9999999999999998, 0.9999999999999998, 0.9999999999999998, 0.9999999999999998, 0.9999999999999998, 0.9999999999999998, 0.9999999999999998, 0.9999999999999998, 0.9999999999999998]
S_2 [0.1, 0.1, 0.1, 0.1, 0.1, 0.1, 0.1, 0.1, 0.1, 0.1]
Trust scores at iteration 8: [0.0, 0.0, 0.0, 0.0, 0.0, 0.0, 0.0, 0.0, 0.0, 0.0]
Trust scores_s1 at iteration 8: [0.471175995, 0.471175995, 0.471175995, 0.471175995, 0.471175995, 0.471175995, 0.471175995, 0.471175995, 0.471175995, 0.471175995]
Trust scores_s2 at iteration 8: [0.471175995, 0.471175995, 0.471175995, 0.471175995, 0.471175995, 0.471175995, 0.471175995, 0.471175995, 0.471175995, 0.471175995]
X.shape (10, 5)
s1 and s2 score at iteration 8
S_1 [1.0, 1.0, 1.0, 1.0, 1.0, 1.0, 1.0, 1.0, 1.0, 1.0]
S_2 [0.1, 0.1, 0.1, 0.1, 0.1, 0.1, 0.1, 0.1, 0.1, 0.1]
Trust scores at iteration 9: [0.0, 0.0, 0.0, 0.0, 0.0, 0.0, 0.0, 0.0, 0.0, 0.0]
Trust scores_s1 at iteration 9: [0.4798231965, 0.4798231965, 0.4798231965, 0.4798231965, 0.4798231965, 0.4798231965, 0.4798231965, 0.4798231965, 0.4798231965, 0.4798231965]
Trust scores_s2 at iteration 9: [0.4798231965, 0.4798231965, 0.4798231965, 0.4798231965, 0.4798231965, 0.4798231965, 0.4798231965, 0.4798231965, 0.4798231965, 0.4798231965]
X.shape (10, 5)
s1 and s2 score at iteration 9
S_1 [1.0, 1.0, 1.0, 1.0, 1.0, 1.0, 1.0, 1.0, 1.0, 1.0]
S_2 [0.1, 0.1, 0.1, 0.1, 0.1, 0.1, 0.1, 0.1, 0.1, 0.1]
Trust scores at iteration 10: [0.0, 0.0, 0.0, 0.0, 0.0, 0.0, 0.0, 0.0, 0.0, 0.0]
Trust scores_s1 at iteration 10: [0.48587623755, 0.48587623755, 0.48587623755, 0.48587623755, 0.48587623755, 0.48587623755, 0.48587623755, 0.48587623755, 0.48587623755, 0.48587623755]
Trust scores_s2 at iteration 10: [0.48587623755, 0.48587623755, 0.48587623755, 0.48587623755, 0.48587623755, 0.48587623755, 0.48587623755, 0.48587623755, 0.48587623755, 0.48587623755]
X.shape (10, 5)
s1 and s2 score at iteration 10
S_1 [1.0, 1.0, 1.0, 1.0, 1.0, 1.0, 1.0, 1.0, 1.0, 1.0]
S_2 [0.1, 0.1, 0.1, 0.1, 0.1, 0.1, 0.1, 0.1, 0.1, 0.1]
Trust scores at iteration 11: [0.0, 0.0, 0.0, 0.0, 0.0, 0.0, 0.0, 0.0, 0.0, 0.0]
Trust scores_s1 at iteration 11: [0.49011336628499996, 0.49011336628499996, 0.49011336628499996, 0.49011336628499996, 0.49011336628499996, 0.49011336628499996, 0.49011336628499996, 0.49011336628499996, 0.49011336628499996, 0.49011336628499996]
Trust scores_s2 at iteration 11: [0.49011336628499996, 0.49011336628499996, 0.49011336628499996, 0.49011336628499996, 0.49011336628499996, 0.49011336628499996, 0.49011336628499996, 0.49011336628499996, 0.49011336628499996, 0.49011336628499996]
X.shape (10, 5)
s1 and s2 score at iteration 11
S_1 [1.0, 1.0, 1.0, 1.0, 1.0, 1.0, 1.0, 1.0, 1.0, 1.0]
S_2 [0.1, 0.1, 0.1, 0.1, 0.1, 0.1, 0.1, 0.1, 0.1, 0.1]
Trust scores at iteration 12: [0.0, 0.0, 0.0, 0.0, 0.0, 0.0, 0.0, 0.0, 0.0, 0.0]
Trust scores_s1 at iteration 12: [0.49307935639949996, 0.49307935639949996, 0.49307935639949996, 0.49307935639949996, 0.49307935639949996, 0.49307935639949996, 0.49307935639949996, 0.49307935639949996, 0.49307935639949996, 0.49307935639949996]
Trust scores_s2 at iteration 12: [0.49307935639949996, 0.49307935639949996, 0.49307935639949996, 0.49307935639949996, 0.49307935639949996, 0.49307935639949996, 0.49307935639949996, 0.49307935639949996, 0.49307935639949996, 0.49307935639949996]
X.shape (10, 5)
s1 and s2 score at iteration 12
S_1 [1.0, 1.0, 1.0, 1.0, 1.0, 1.0, 1.0, 1.0, 1.0, 1.0]
S_2 [0.1, 0.1, 0.1, 0.1, 0.1, 0.1, 0.1, 0.1, 0.1, 0.1]
Trust scores at iteration 13: [0.0, 0.0, 0.0, 0.0, 0.0, 0.0, 0.0, 0.0, 0.0, 0.0]
Trust scores_s1 at iteration 13: [0.49515554947964996, 0.49515554947964996, 0.49515554947964996, 0.49515554947964996, 0.49515554947964996, 0.49515554947964996, 0.49515554947964996, 0.49515554947964996, 0.49515554947964996, 0.49515554947964996]
Trust scores_s2 at iteration 13: [0.49515554947964996, 0.49515554947964996, 0.49515554947964996, 0.49515554947964996, 0.49515554947964996, 0.49515554947964996, 0.49515554947964996, 0.49515554947964996, 0.49515554947964996, 0.49515554947964996]
X.shape (10, 5)
s1 and s2 score at iteration 13
S_1 [1.0, 1.0, 1.0, 1.0, 1.0, 1.0, 1.0, 1.0, 1.0, 1.0]
S_2 [0.1, 0.1, 0.1, 0.1, 0.1, 0.1, 0.1, 0.1, 0.1, 0.1]
Trust scores at iteration 14: [0.0, 0.0, 0.0, 0.0, 0.0, 0.0, 0.0, 0.0, 0.0, 0.0]
Trust scores_s1 at iteration 14: [0.496608884635755, 0.496608884635755, 0.496608884635755, 0.496608884635755, 0.496608884635755, 0.496608884635755, 0.496608884635755, 0.496608884635755, 0.496608884635755, 0.496608884635755]
Trust scores_s2 at iteration 14: [0.496608884635755, 0.496608884635755, 0.496608884635755, 0.496608884635755, 0.496608884635755, 0.496608884635755, 0.496608884635755, 0.496608884635755, 0.496608884635755, 0.496608884635755]
X.shape (10, 5)
s1 and s2 score at iteration 14
S_1 [1.0, 1.0, 1.0, 1.0, 1.0, 1.0, 1.0, 1.0, 1.0, 1.0]
S_2 [0.1, 0.1, 0.1, 0.1, 0.1, 0.1, 0.1, 0.1, 0.1, 0.1]
Trust scores at iteration 15: [0.0, 0.0, 0.0, 0.0, 0.0, 0.0, 0.0, 0.0, 0.0, 0.0]
Trust scores_s1 at iteration 15: [0.4976262192450285, 0.4976262192450285, 0.4976262192450285, 0.4976262192450285, 0.4976262192450285, 0.4976262192450285, 0.4976262192450285, 0.4976262192450285, 0.4976262192450285, 0.4976262192450285]
Trust scores_s2 at iteration 15: [0.4976262192450285, 0.4976262192450285, 0.4976262192450285, 0.4976262192450285, 0.4976262192450285, 0.4976262192450285, 0.4976262192450285, 0.4976262192450285, 0.4976262192450285, 0.4976262192450285]
X.shape (10, 5)
s1 and s2 score at iteration 15
S_1 [0.9999999999999998, 0.9999999999999998, 0.9999999999999998, 0.9999999999999998, 0.9999999999999998, 0.9999999999999998, 0.9999999999999998, 0.9999999999999998, 0.9999999999999998, 0.9999999999999998]
S_2 [0.1, 0.1, 0.1, 0.1, 0.1, 0.1, 0.1, 0.1, 0.1, 0.1]
Trust scores at iteration 16: [0.0, 0.0, 0.0, 0.0, 0.0, 0.0, 0.0, 0.0, 0.0, 0.0]
Trust scores_s1 at iteration 16: [0.49833835347151995, 0.49833835347151995, 0.49833835347151995, 0.49833835347151995, 0.49833835347151995, 0.49833835347151995, 0.49833835347151995, 0.49833835347151995, 0.49833835347151995, 0.49833835347151995]
Trust scores_s2 at iteration 16: [0.49833835347151995, 0.49833835347151995, 0.49833835347151995, 0.49833835347151995, 0.49833835347151995, 0.49833835347151995, 0.49833835347151995, 0.49833835347151995, 0.49833835347151995, 0.49833835347151995]
X.shape (10, 5)
s1 and s2 score at iteration 16
S_1 [1.0, 1.0, 1.0, 1.0, 1.0, 1.0, 1.0, 1.0, 1.0, 1.0]
S_2 [0.1, 0.1, 0.1, 0.1, 0.1, 0.1, 0.1, 0.1, 0.1, 0.1]
Trust scores at iteration 17: [0.0, 0.0, 0.0, 0.0, 0.0, 0.0, 0.0, 0.0, 0.0, 0.0]
Trust scores_s1 at iteration 17: [0.49883684743006396, 0.49883684743006396, 0.49883684743006396, 0.49883684743006396, 0.49883684743006396, 0.49883684743006396, 0.49883684743006396, 0.49883684743006396, 0.49883684743006396, 0.49883684743006396]
Trust scores_s2 at iteration 17: [0.49883684743006396, 0.49883684743006396, 0.49883684743006396, 0.49883684743006396, 0.49883684743006396, 0.49883684743006396, 0.49883684743006396, 0.49883684743006396, 0.49883684743006396, 0.49883684743006396]
X.shape (10, 5)
s1 and s2 score at iteration 17
S_1 [1.0, 1.0, 1.0, 1.0, 1.0, 1.0, 1.0, 1.0, 1.0, 1.0]
S_2 [0.1, 0.1, 0.1, 0.1, 0.1, 0.1, 0.1, 0.1, 0.1, 0.1]
Trust scores at iteration 18: [0.0, 0.0, 0.0, 0.0, 0.0, 0.0, 0.0, 0.0, 0.0, 0.0]
Trust scores_s1 at iteration 18: [0.4991857932010448, 0.4991857932010448, 0.4991857932010448, 0.4991857932010448, 0.4991857932010448, 0.4991857932010448, 0.4991857932010448, 0.4991857932010448, 0.4991857932010448, 0.4991857932010448]
Trust scores_s2 at iteration 18: [0.4991857932010448, 0.4991857932010448, 0.4991857932010448, 0.4991857932010448, 0.4991857932010448, 0.4991857932010448, 0.4991857932010448, 0.4991857932010448, 0.4991857932010448, 0.4991857932010448]
X.shape (10, 5)
s1 and s2 score at iteration 18
S_1 [1.0, 1.0, 1.0, 1.0, 1.0, 1.0, 1.0, 1.0, 1.0, 1.0]
S_2 [0.1, 0.1, 0.1, 0.1, 0.1, 0.1, 0.1, 0.1, 0.1, 0.1]
Trust scores at iteration 19: [0.0, 0.0, 0.0, 0.0, 0.0, 0.0, 0.0, 0.0, 0.0, 0.0]
Trust scores_s1 at iteration 19: [0.49943005524073136, 0.49943005524073136, 0.49943005524073136, 0.49943005524073136, 0.49943005524073136, 0.49943005524073136, 0.49943005524073136, 0.49943005524073136, 0.49943005524073136, 0.49943005524073136]
Trust scores_s2 at iteration 19: [0.49943005524073136, 0.49943005524073136, 0.49943005524073136, 0.49943005524073136, 0.49943005524073136, 0.49943005524073136, 0.49943005524073136, 0.49943005524073136, 0.49943005524073136, 0.49943005524073136]
X.shape (10, 5)
s1 and s2 score at iteration 19
S_1 [1.0, 1.0, 1.0, 1.0, 1.0, 1.0, 1.0, 1.0, 1.0, 1.0]
S_2 [0.1, 0.1, 0.1, 0.1, 0.1, 0.1, 0.1, 0.1, 0.1, 0.1]
Trust scores at iteration 20: [0.0, 0.0, 0.0, 0.0, 0.0, 0.0, 0.0, 0.0, 0.0, 0.0]
Trust scores_s1 at iteration 20: [0.49960103866851197, 0.49960103866851197, 0.49960103866851197, 0.49960103866851197, 0.49960103866851197, 0.49960103866851197, 0.49960103866851197, 0.49960103866851197, 0.49960103866851197, 0.49960103866851197]
Trust scores_s2 at iteration 20: [0.49960103866851197, 0.49960103866851197, 0.49960103866851197, 0.49960103866851197, 0.49960103866851197, 0.49960103866851197, 0.49960103866851197, 0.49960103866851197, 0.49960103866851197, 0.49960103866851197]
X.shape (10, 5)
s1 and s2 score at iteration 20
S_1 [1.0, 1.0, 1.0, 1.0, 1.0, 1.0, 1.0, 1.0, 1.0, 1.0]
S_2 [0.1, 0.1, 0.1, 0.1, 0.1, 0.1, 0.1, 0.1, 0.1, 0.1]
Trust scores at iteration 21: [0.0, 0.0, 0.0, 0.0, 0.0, 0.0, 0.0, 0.0, 0.0, 0.0]
Trust scores_s1 at iteration 21: [0.4997207270679584, 0.4997207270679584, 0.4997207270679584, 0.4997207270679584, 0.4997207270679584, 0.4997207270679584, 0.4997207270679584, 0.4997207270679584, 0.4997207270679584, 0.4997207270679584]
Trust scores_s2 at iteration 21: [0.4997207270679584, 0.4997207270679584, 0.4997207270679584, 0.4997207270679584, 0.4997207270679584, 0.4997207270679584, 0.4997207270679584, 0.4997207270679584, 0.4997207270679584, 0.4997207270679584]
X.shape (10, 5)
s1 and s2 score at iteration 21
S_1 [1.0, 1.0, 1.0, 1.0, 1.0, 1.0, 1.0, 1.0, 1.0, 1.0]
S_2 [0.1, 0.1, 0.1, 0.1, 0.1, 0.1, 0.1, 0.1, 0.1, 0.1]
Trust scores at iteration 22: [0.0, 0.0, 0.0, 0.0, 0.0, 0.0, 0.0, 0.0, 0.0, 0.0]
Trust scores_s1 at iteration 22: [0.4998045089475709, 0.4998045089475709, 0.4998045089475709, 0.4998045089475709, 0.4998045089475709, 0.4998045089475709, 0.4998045089475709, 0.4998045089475709, 0.4998045089475709, 0.4998045089475709]
Trust scores_s2 at iteration 22: [0.4998045089475709, 0.4998045089475709, 0.4998045089475709, 0.4998045089475709, 0.4998045089475709, 0.4998045089475709, 0.4998045089475709, 0.4998045089475709, 0.4998045089475709, 0.4998045089475709]
X.shape (10, 5)
s1 and s2 score at iteration 22
S_1 [1.0, 1.0, 1.0, 1.0, 1.0, 1.0, 1.0, 1.0, 1.0, 1.0]
S_2 [0.1, 0.1, 0.1, 0.1, 0.1, 0.1, 0.1, 0.1, 0.1, 0.1]
Trust scores at iteration 23: [0.0, 0.0, 0.0, 0.0, 0.0, 0.0, 0.0, 0.0, 0.0, 0.0]
Trust scores_s1 at iteration 23: [0.49986315626329964, 0.49986315626329964, 0.49986315626329964, 0.49986315626329964, 0.49986315626329964, 0.49986315626329964, 0.49986315626329964, 0.49986315626329964, 0.49986315626329964, 0.49986315626329964]
Trust scores_s2 at iteration 23: [0.49986315626329964, 0.49986315626329964, 0.49986315626329964, 0.49986315626329964, 0.49986315626329964, 0.49986315626329964, 0.49986315626329964, 0.49986315626329964, 0.49986315626329964, 0.49986315626329964]
X.shape (10, 5)
s1 and s2 score at iteration 23
S_1 [0.9999999999999998, 0.9999999999999998, 0.9999999999999998, 0.9999999999999998, 0.9999999999999998, 0.9999999999999998, 0.9999999999999998, 0.9999999999999998, 0.9999999999999998, 0.9999999999999998]
S_2 [0.1, 0.1, 0.1, 0.1, 0.1, 0.1, 0.1, 0.1, 0.1, 0.1]
Trust scores at iteration 24: [0.0, 0.0, 0.0, 0.0, 0.0, 0.0, 0.0, 0.0, 0.0, 0.0]
Trust scores_s1 at iteration 24: [0.49990420938430974, 0.49990420938430974, 0.49990420938430974, 0.49990420938430974, 0.49990420938430974, 0.49990420938430974, 0.49990420938430974, 0.49990420938430974, 0.49990420938430974, 0.49990420938430974]
Trust scores_s2 at iteration 24: [0.49990420938430974, 0.49990420938430974, 0.49990420938430974, 0.49990420938430974, 0.49990420938430974, 0.49990420938430974, 0.49990420938430974, 0.49990420938430974, 0.49990420938430974, 0.49990420938430974]
X.shape (10, 5)
s1 and s2 score at iteration 24
S_1 [0.9999999999999998, 0.9999999999999998, 0.9999999999999998, 0.9999999999999998, 0.9999999999999998, 0.9999999999999998, 0.9999999999999998, 0.9999999999999998, 0.9999999999999998, 0.9999999999999998]
S_2 [0.1, 0.1, 0.1, 0.1, 0.1, 0.1, 0.1, 0.1, 0.1, 0.1]
Trust scores at iteration 25: [0.0, 0.0, 0.0, 0.0, 0.0, 0.0, 0.0, 0.0, 0.0, 0.0]
Trust scores_s1 at iteration 25: [0.4999329465690168, 0.4999329465690168, 0.4999329465690168, 0.4999329465690168, 0.4999329465690168, 0.4999329465690168, 0.4999329465690168, 0.4999329465690168, 0.4999329465690168, 0.4999329465690168]
Trust scores_s2 at iteration 25: [0.4999329465690168, 0.4999329465690168, 0.4999329465690168, 0.4999329465690168, 0.4999329465690168, 0.4999329465690168, 0.4999329465690168, 0.4999329465690168, 0.4999329465690168, 0.4999329465690168]
X.shape (10, 5)
s1 and s2 score at iteration 25
S_1 [1.0, 1.0, 1.0, 1.0, 1.0, 1.0, 1.0, 1.0, 1.0, 1.0]
S_2 [0.1, 0.1, 0.1, 0.1, 0.1, 0.1, 0.1, 0.1, 0.1, 0.1]
Trust scores at iteration 26: [0.0, 0.0, 0.0, 0.0, 0.0, 0.0, 0.0, 0.0, 0.0, 0.0]
Trust scores_s1 at iteration 26: [0.4999530625983118, 0.4999530625983118, 0.4999530625983118, 0.4999530625983118, 0.4999530625983118, 0.4999530625983118, 0.4999530625983118, 0.4999530625983118, 0.4999530625983118, 0.4999530625983118]
Trust scores_s2 at iteration 26: [0.4999530625983118, 0.4999530625983118, 0.4999530625983118, 0.4999530625983118, 0.4999530625983118, 0.4999530625983118, 0.4999530625983118, 0.4999530625983118, 0.4999530625983118, 0.4999530625983118]
X.shape (10, 5)
s1 and s2 score at iteration 26
S_1 [1.0, 1.0, 1.0, 1.0, 1.0, 1.0, 1.0, 1.0, 1.0, 1.0]
S_2 [0.1, 0.1, 0.1, 0.1, 0.1, 0.1, 0.1, 0.1, 0.1, 0.1]
Trust scores at iteration 27: [0.0, 0.0, 0.0, 0.0, 0.0, 0.0, 0.0, 0.0, 0.0, 0.0]
Trust scores_s1 at iteration 27: [0.49996714381881824, 0.49996714381881824, 0.49996714381881824, 0.49996714381881824, 0.49996714381881824, 0.49996714381881824, 0.49996714381881824, 0.49996714381881824, 0.49996714381881824, 0.49996714381881824]
Trust scores_s2 at iteration 27: [0.49996714381881824, 0.49996714381881824, 0.49996714381881824, 0.49996714381881824, 0.49996714381881824, 0.49996714381881824, 0.49996714381881824, 0.49996714381881824, 0.49996714381881824, 0.49996714381881824]
X.shape (10, 5)
s1 and s2 score at iteration 27
S_1 [1.0, 1.0, 1.0, 1.0, 1.0, 1.0, 1.0, 1.0, 1.0, 1.0]
S_2 [0.1, 0.1, 0.1, 0.1, 0.1, 0.1, 0.1, 0.1, 0.1, 0.1]
Trust scores at iteration 28: [0.0, 0.0, 0.0, 0.0, 0.0, 0.0, 0.0, 0.0, 0.0, 0.0]
Trust scores_s1 at iteration 28: [0.49997700067317274, 0.49997700067317274, 0.49997700067317274, 0.49997700067317274, 0.49997700067317274, 0.49997700067317274, 0.49997700067317274, 0.49997700067317274, 0.49997700067317274, 0.49997700067317274]
Trust scores_s2 at iteration 28: [0.49997700067317274, 0.49997700067317274, 0.49997700067317274, 0.49997700067317274, 0.49997700067317274, 0.49997700067317274, 0.49997700067317274, 0.49997700067317274, 0.49997700067317274, 0.49997700067317274]
X.shape (10, 5)
s1 and s2 score at iteration 28
S_1 [1.0, 1.0, 1.0, 1.0, 1.0, 1.0, 1.0, 1.0, 1.0, 1.0]
S_2 [0.1, 0.1, 0.1, 0.1, 0.1, 0.1, 0.1, 0.1, 0.1, 0.1]
Trust scores at iteration 29: [0.0, 0.0, 0.0, 0.0, 0.0, 0.0, 0.0, 0.0, 0.0, 0.0]
Trust scores_s1 at iteration 29: [0.49998390047122093, 0.49998390047122093, 0.49998390047122093, 0.49998390047122093, 0.49998390047122093, 0.49998390047122093, 0.49998390047122093, 0.49998390047122093, 0.49998390047122093, 0.49998390047122093]
Trust scores_s2 at iteration 29: [0.49998390047122093, 0.49998390047122093, 0.49998390047122093, 0.49998390047122093, 0.49998390047122093, 0.49998390047122093, 0.49998390047122093, 0.49998390047122093, 0.49998390047122093, 0.49998390047122093]
X.shape (10, 5)
s1 and s2 score at iteration 29
S_1 [1.0, 1.0, 1.0, 1.0, 1.0, 1.0, 1.0, 1.0, 1.0, 1.0]
S_2 [0.1, 0.1, 0.1, 0.1, 0.1, 0.1, 0.1, 0.1, 0.1, 0.1]
Trust scores at iteration 30: [0.0, 0.0, 0.0, 0.0, 0.0, 0.0, 0.0, 0.0, 0.0, 0.0]
Trust scores_s1 at iteration 30: [0.49998873032985464, 0.49998873032985464, 0.49998873032985464, 0.49998873032985464, 0.49998873032985464, 0.49998873032985464, 0.49998873032985464, 0.49998873032985464, 0.49998873032985464, 0.49998873032985464]
Trust scores_s2 at iteration 30: [0.49998873032985464, 0.49998873032985464, 0.49998873032985464, 0.49998873032985464, 0.49998873032985464, 0.49998873032985464, 0.49998873032985464, 0.49998873032985464, 0.49998873032985464, 0.49998873032985464]
X.shape (10, 5)
s1 and s2 score at iteration 30
S_1 [1.0, 1.0, 1.0, 1.0, 1.0, 1.0, 1.0, 1.0, 1.0, 1.0]
S_2 [0.1, 0.1, 0.1, 0.1, 0.1, 0.1, 0.1, 0.1, 0.1, 0.1]
Trust scores at iteration 31: [0.0, 0.0, 0.0, 0.0, 0.0, 0.0, 0.0, 0.0, 0.0, 0.0]
Trust scores_s1 at iteration 31: [0.49999211123089826, 0.49999211123089826, 0.49999211123089826, 0.49999211123089826, 0.49999211123089826, 0.49999211123089826, 0.49999211123089826, 0.49999211123089826, 0.49999211123089826, 0.49999211123089826]
Trust scores_s2 at iteration 31: [0.49999211123089826, 0.49999211123089826, 0.49999211123089826, 0.49999211123089826, 0.49999211123089826, 0.49999211123089826, 0.49999211123089826, 0.49999211123089826, 0.49999211123089826, 0.49999211123089826]
X.shape (10, 5)
s1 and s2 score at iteration 31
S_1 [1.0, 1.0, 1.0, 1.0, 1.0, 1.0, 1.0, 1.0, 1.0, 1.0]
S_2 [0.1, 0.1, 0.1, 0.1, 0.1, 0.1, 0.1, 0.1, 0.1, 0.1]
Trust scores at iteration 32: [0.0, 0.0, 0.0, 0.0, 0.0, 0.0, 0.0, 0.0, 0.0, 0.0]
Trust scores_s1 at iteration 32: [0.49999447786162876, 0.49999447786162876, 0.49999447786162876, 0.49999447786162876, 0.49999447786162876, 0.49999447786162876, 0.49999447786162876, 0.49999447786162876, 0.49999447786162876, 0.49999447786162876]
Trust scores_s2 at iteration 32: [0.49999447786162876, 0.49999447786162876, 0.49999447786162876, 0.49999447786162876, 0.49999447786162876, 0.49999447786162876, 0.49999447786162876, 0.49999447786162876, 0.49999447786162876, 0.49999447786162876]
X.shape (10, 5)
s1 and s2 score at iteration 32
S_1 [0.9999999999999998, 0.9999999999999998, 0.9999999999999998, 0.9999999999999998, 0.9999999999999998, 0.9999999999999998, 0.9999999999999998, 0.9999999999999998, 0.9999999999999998, 0.9999999999999998]
S_2 [0.1, 0.1, 0.1, 0.1, 0.1, 0.1, 0.1, 0.1, 0.1, 0.1]
Trust scores at iteration 33: [0.0, 0.0, 0.0, 0.0, 0.0, 0.0, 0.0, 0.0, 0.0, 0.0]
Trust scores_s1 at iteration 33: [0.4999961345031401, 0.4999961345031401, 0.4999961345031401, 0.4999961345031401, 0.4999961345031401, 0.4999961345031401, 0.4999961345031401, 0.4999961345031401, 0.4999961345031401, 0.4999961345031401]
Trust scores_s2 at iteration 33: [0.4999961345031401, 0.4999961345031401, 0.4999961345031401, 0.4999961345031401, 0.4999961345031401, 0.4999961345031401, 0.4999961345031401, 0.4999961345031401, 0.4999961345031401, 0.4999961345031401]
X.shape (10, 5)
s1 and s2 score at iteration 33
S_1 [1.0, 1.0, 1.0, 1.0, 1.0, 1.0, 1.0, 1.0, 1.0, 1.0]
S_2 [0.1, 0.1, 0.1, 0.1, 0.1, 0.1, 0.1, 0.1, 0.1, 0.1]
Trust scores at iteration 34: [0.0, 0.0, 0.0, 0.0, 0.0, 0.0, 0.0, 0.0, 0.0, 0.0]
Trust scores_s1 at iteration 34: [0.49999729415219807, 0.49999729415219807, 0.49999729415219807, 0.49999729415219807, 0.49999729415219807, 0.49999729415219807, 0.49999729415219807, 0.49999729415219807, 0.49999729415219807, 0.49999729415219807]
Trust scores_s2 at iteration 34: [0.49999729415219807, 0.49999729415219807, 0.49999729415219807, 0.49999729415219807, 0.49999729415219807, 0.49999729415219807, 0.49999729415219807, 0.49999729415219807, 0.49999729415219807, 0.49999729415219807]
X.shape (10, 5)
s1 and s2 score at iteration 34
S_1 [1.0, 1.0, 1.0, 1.0, 1.0, 1.0, 1.0, 1.0, 1.0, 1.0]
S_2 [0.1, 0.1, 0.1, 0.1, 0.1, 0.1, 0.1, 0.1, 0.1, 0.1]
Trust scores at iteration 35: [0.0, 0.0, 0.0, 0.0, 0.0, 0.0, 0.0, 0.0, 0.0, 0.0]
Trust scores_s1 at iteration 35: [0.49999810590653865, 0.49999810590653865, 0.49999810590653865, 0.49999810590653865, 0.49999810590653865, 0.49999810590653865, 0.49999810590653865, 0.49999810590653865, 0.49999810590653865, 0.49999810590653865]
Trust scores_s2 at iteration 35: [0.49999810590653865, 0.49999810590653865, 0.49999810590653865, 0.49999810590653865, 0.49999810590653865, 0.49999810590653865, 0.49999810590653865, 0.49999810590653865, 0.49999810590653865, 0.49999810590653865]
X.shape (10, 5)
s1 and s2 score at iteration 35
S_1 [0.9999999999999998, 0.9999999999999998, 0.9999999999999998, 0.9999999999999998, 0.9999999999999998, 0.9999999999999998, 0.9999999999999998, 0.9999999999999998, 0.9999999999999998, 0.9999999999999998]
S_2 [0.1, 0.1, 0.1, 0.1, 0.1, 0.1, 0.1, 0.1, 0.1, 0.1]
Trust scores at iteration 36: [0.0, 0.0, 0.0, 0.0, 0.0, 0.0, 0.0, 0.0, 0.0, 0.0]
Trust scores_s1 at iteration 36: [0.49999867413457705, 0.49999867413457705, 0.49999867413457705, 0.49999867413457705, 0.49999867413457705, 0.49999867413457705, 0.49999867413457705, 0.49999867413457705, 0.49999867413457705, 0.49999867413457705]
Trust scores_s2 at iteration 36: [0.49999867413457705, 0.49999867413457705, 0.49999867413457705, 0.49999867413457705, 0.49999867413457705, 0.49999867413457705, 0.49999867413457705, 0.49999867413457705, 0.49999867413457705, 0.49999867413457705]
X.shape (10, 5)
s1 and s2 score at iteration 36
S_1 [1.0, 1.0, 1.0, 1.0, 1.0, 1.0, 1.0, 1.0, 1.0, 1.0]
S_2 [0.1, 0.1, 0.1, 0.1, 0.1, 0.1, 0.1, 0.1, 0.1, 0.1]
Trust scores at iteration 37: [0.0, 0.0, 0.0, 0.0, 0.0, 0.0, 0.0, 0.0, 0.0, 0.0]
Trust scores_s1 at iteration 37: [0.49999907189420395, 0.49999907189420395, 0.49999907189420395, 0.49999907189420395, 0.49999907189420395, 0.49999907189420395, 0.49999907189420395, 0.49999907189420395, 0.49999907189420395, 0.49999907189420395]
Trust scores_s2 at iteration 37: [0.49999907189420395, 0.49999907189420395, 0.49999907189420395, 0.49999907189420395, 0.49999907189420395, 0.49999907189420395, 0.49999907189420395, 0.49999907189420395, 0.49999907189420395, 0.49999907189420395]
X.shape (10, 5)
s1 and s2 score at iteration 37
S_1 [1.0, 1.0, 1.0, 1.0, 1.0, 1.0, 1.0, 1.0, 1.0, 1.0]
S_2 [0.1, 0.1, 0.1, 0.1, 0.1, 0.1, 0.1, 0.1, 0.1, 0.1]
Trust scores at iteration 38: [0.0, 0.0, 0.0, 0.0, 0.0, 0.0, 0.0, 0.0, 0.0, 0.0]
Trust scores_s1 at iteration 38: [0.4999993503259428, 0.4999993503259428, 0.4999993503259428, 0.4999993503259428, 0.4999993503259428, 0.4999993503259428, 0.4999993503259428, 0.4999993503259428, 0.4999993503259428, 0.4999993503259428]
Trust scores_s2 at iteration 38: [0.4999993503259428, 0.4999993503259428, 0.4999993503259428, 0.4999993503259428, 0.4999993503259428, 0.4999993503259428, 0.4999993503259428, 0.4999993503259428, 0.4999993503259428, 0.4999993503259428]
X.shape (10, 5)
s1 and s2 score at iteration 38
S_1 [1.0, 1.0, 1.0, 1.0, 1.0, 1.0, 1.0, 1.0, 1.0, 1.0]
S_2 [0.1, 0.1, 0.1, 0.1, 0.1, 0.1, 0.1, 0.1, 0.1, 0.1]
Trust scores at iteration 39: [0.0, 0.0, 0.0, 0.0, 0.0, 0.0, 0.0, 0.0, 0.0, 0.0]
Trust scores_s1 at iteration 39: [0.4999995452281599, 0.4999995452281599, 0.4999995452281599, 0.4999995452281599, 0.4999995452281599, 0.4999995452281599, 0.4999995452281599, 0.4999995452281599, 0.4999995452281599, 0.4999995452281599]
Trust scores_s2 at iteration 39: [0.4999995452281599, 0.4999995452281599, 0.4999995452281599, 0.4999995452281599, 0.4999995452281599, 0.4999995452281599, 0.4999995452281599, 0.4999995452281599, 0.4999995452281599, 0.4999995452281599]
X.shape (10, 5)
s1 and s2 score at iteration 39
S_1 [1.0, 1.0, 1.0, 1.0, 1.0, 1.0, 1.0, 1.0, 1.0, 1.0]
S_2 [0.1, 0.1, 0.1, 0.1, 0.1, 0.1, 0.1, 0.1, 0.1, 0.1]
Trust scores at iteration 40: [0.0, 0.0, 0.0, 0.0, 0.0, 0.0, 0.0, 0.0, 0.0, 0.0]
Trust scores_s1 at iteration 40: [0.4999996816597119, 0.4999996816597119, 0.4999996816597119, 0.4999996816597119, 0.4999996816597119, 0.4999996816597119, 0.4999996816597119, 0.4999996816597119, 0.4999996816597119, 0.4999996816597119]
Trust scores_s2 at iteration 40: [0.4999996816597119, 0.4999996816597119, 0.4999996816597119, 0.4999996816597119, 0.4999996816597119, 0.4999996816597119, 0.4999996816597119, 0.4999996816597119, 0.4999996816597119, 0.4999996816597119]
X.shape (10, 5)
s1 and s2 score at iteration 40
S_1 [0.9999999999999998, 0.9999999999999998, 0.9999999999999998, 0.9999999999999998, 0.9999999999999998, 0.9999999999999998, 0.9999999999999998, 0.9999999999999998, 0.9999999999999998, 0.9999999999999998]
S_2 [0.1, 0.1, 0.1, 0.1, 0.1, 0.1, 0.1, 0.1, 0.1, 0.1]
Trust scores at iteration 41: [0.0, 0.0, 0.0, 0.0, 0.0, 0.0, 0.0, 0.0, 0.0, 0.0]
Trust scores_s1 at iteration 41: [0.49999977716179833, 0.49999977716179833, 0.49999977716179833, 0.49999977716179833, 0.49999977716179833, 0.49999977716179833, 0.49999977716179833, 0.49999977716179833, 0.49999977716179833, 0.49999977716179833]
Trust scores_s2 at iteration 41: [0.49999977716179833, 0.49999977716179833, 0.49999977716179833, 0.49999977716179833, 0.49999977716179833, 0.49999977716179833, 0.49999977716179833, 0.49999977716179833, 0.49999977716179833, 0.49999977716179833]
X.shape (10, 5)
s1 and s2 score at iteration 41
S_1 [1.0, 1.0, 1.0, 1.0, 1.0, 1.0, 1.0, 1.0, 1.0, 1.0]
S_2 [0.1, 0.1, 0.1, 0.1, 0.1, 0.1, 0.1, 0.1, 0.1, 0.1]
Trust scores at iteration 42: [0.0, 0.0, 0.0, 0.0, 0.0, 0.0, 0.0, 0.0, 0.0, 0.0]
Trust scores_s1 at iteration 42: [0.4999998440132588, 0.4999998440132588, 0.4999998440132588, 0.4999998440132588, 0.4999998440132588, 0.4999998440132588, 0.4999998440132588, 0.4999998440132588, 0.4999998440132588, 0.4999998440132588]
Trust scores_s2 at iteration 42: [0.4999998440132588, 0.4999998440132588, 0.4999998440132588, 0.4999998440132588, 0.4999998440132588, 0.4999998440132588, 0.4999998440132588, 0.4999998440132588, 0.4999998440132588, 0.4999998440132588]
X.shape (10, 5)
s1 and s2 score at iteration 42
S_1 [1.0, 1.0, 1.0, 1.0, 1.0, 1.0, 1.0, 1.0, 1.0, 1.0]
S_2 [0.1, 0.1, 0.1, 0.1, 0.1, 0.1, 0.1, 0.1, 0.1, 0.1]
Trust scores at iteration 43: [0.0, 0.0, 0.0, 0.0, 0.0, 0.0, 0.0, 0.0, 0.0, 0.0]
Trust scores_s1 at iteration 43: [0.49999989080928114, 0.49999989080928114, 0.49999989080928114, 0.49999989080928114, 0.49999989080928114, 0.49999989080928114, 0.49999989080928114, 0.49999989080928114, 0.49999989080928114, 0.49999989080928114]
Trust scores_s2 at iteration 43: [0.49999989080928114, 0.49999989080928114, 0.49999989080928114, 0.49999989080928114, 0.49999989080928114, 0.49999989080928114, 0.49999989080928114, 0.49999989080928114, 0.49999989080928114, 0.49999989080928114]
X.shape (10, 5)
s1 and s2 score at iteration 43
S_1 [1.0, 1.0, 1.0, 1.0, 1.0, 1.0, 1.0, 1.0, 1.0, 1.0]
S_2 [0.1, 0.1, 0.1, 0.1, 0.1, 0.1, 0.1, 0.1, 0.1, 0.1]
Trust scores at iteration 44: [0.0, 0.0, 0.0, 0.0, 0.0, 0.0, 0.0, 0.0, 0.0, 0.0]
Trust scores_s1 at iteration 44: [0.4999999235664968, 0.4999999235664968, 0.4999999235664968, 0.4999999235664968, 0.4999999235664968, 0.4999999235664968, 0.4999999235664968, 0.4999999235664968, 0.4999999235664968, 0.4999999235664968]
Trust scores_s2 at iteration 44: [0.4999999235664968, 0.4999999235664968, 0.4999999235664968, 0.4999999235664968, 0.4999999235664968, 0.4999999235664968, 0.4999999235664968, 0.4999999235664968, 0.4999999235664968, 0.4999999235664968]
X.shape (10, 5)
s1 and s2 score at iteration 44
S_1 [1.0, 1.0, 1.0, 1.0, 1.0, 1.0, 1.0, 1.0, 1.0, 1.0]
S_2 [0.1, 0.1, 0.1, 0.1, 0.1, 0.1, 0.1, 0.1, 0.1, 0.1]
Trust scores at iteration 45: [0.0, 0.0, 0.0, 0.0, 0.0, 0.0, 0.0, 0.0, 0.0, 0.0]
Trust scores_s1 at iteration 45: [0.4999999464965478, 0.4999999464965478, 0.4999999464965478, 0.4999999464965478, 0.4999999464965478, 0.4999999464965478, 0.4999999464965478, 0.4999999464965478, 0.4999999464965478, 0.4999999464965478]
Trust scores_s2 at iteration 45: [0.4999999464965478, 0.4999999464965478, 0.4999999464965478, 0.4999999464965478, 0.4999999464965478, 0.4999999464965478, 0.4999999464965478, 0.4999999464965478, 0.4999999464965478, 0.4999999464965478]
X.shape (10, 5)
s1 and s2 score at iteration 45
S_1 [1.0, 1.0, 1.0, 1.0, 1.0, 1.0, 1.0, 1.0, 1.0, 1.0]
S_2 [0.1, 0.1, 0.1, 0.1, 0.1, 0.1, 0.1, 0.1, 0.1, 0.1]
Trust scores at iteration 46: [0.0, 0.0, 0.0, 0.0, 0.0, 0.0, 0.0, 0.0, 0.0, 0.0]
Trust scores_s1 at iteration 46: [0.49999996254758344, 0.49999996254758344, 0.49999996254758344, 0.49999996254758344, 0.49999996254758344, 0.49999996254758344, 0.49999996254758344, 0.49999996254758344, 0.49999996254758344, 0.49999996254758344]
Trust scores_s2 at iteration 46: [0.49999996254758344, 0.49999996254758344, 0.49999996254758344, 0.49999996254758344, 0.49999996254758344, 0.49999996254758344, 0.49999996254758344, 0.49999996254758344, 0.49999996254758344, 0.49999996254758344]
X.shape (10, 5)
s1 and s2 score at iteration 46
S_1 [1.0, 1.0, 1.0, 1.0, 1.0, 1.0, 1.0, 1.0, 1.0, 1.0]
S_2 [0.1, 0.1, 0.1, 0.1, 0.1, 0.1, 0.1, 0.1, 0.1, 0.1]
Trust scores at iteration 47: [0.0, 0.0, 0.0, 0.0, 0.0, 0.0, 0.0, 0.0, 0.0, 0.0]
Trust scores_s1 at iteration 47: [0.4999999737833084, 0.4999999737833084, 0.4999999737833084, 0.4999999737833084, 0.4999999737833084, 0.4999999737833084, 0.4999999737833084, 0.4999999737833084, 0.4999999737833084, 0.4999999737833084]
Trust scores_s2 at iteration 47: [0.4999999737833084, 0.4999999737833084, 0.4999999737833084, 0.4999999737833084, 0.4999999737833084, 0.4999999737833084, 0.4999999737833084, 0.4999999737833084, 0.4999999737833084, 0.4999999737833084]
X.shape (10, 5)
s1 and s2 score at iteration 47
S_1 [1.0, 1.0, 1.0, 1.0, 1.0, 1.0, 1.0, 1.0, 1.0, 1.0]
S_2 [0.1, 0.1, 0.1, 0.1, 0.1, 0.1, 0.1, 0.1, 0.1, 0.1]
Trust scores at iteration 48: [0.0, 0.0, 0.0, 0.0, 0.0, 0.0, 0.0, 0.0, 0.0, 0.0]
Trust scores_s1 at iteration 48: [0.4999999816483159, 0.4999999816483159, 0.4999999816483159, 0.4999999816483159, 0.4999999816483159, 0.4999999816483159, 0.4999999816483159, 0.4999999816483159, 0.4999999816483159, 0.4999999816483159]
Trust scores_s2 at iteration 48: [0.4999999816483159, 0.4999999816483159, 0.4999999816483159, 0.4999999816483159, 0.4999999816483159, 0.4999999816483159, 0.4999999816483159, 0.4999999816483159, 0.4999999816483159, 0.4999999816483159]
X.shape (10, 5)
s1 and s2 score at iteration 48
S_1 [0.9999999999999998, 0.9999999999999998, 0.9999999999999998, 0.9999999999999998, 0.9999999999999998, 0.9999999999999998, 0.9999999999999998, 0.9999999999999998, 0.9999999999999998, 0.9999999999999998]
S_2 [0.1, 0.1, 0.1, 0.1, 0.1, 0.1, 0.1, 0.1, 0.1, 0.1]
Trust scores at iteration 49: [0.0, 0.0, 0.0, 0.0, 0.0, 0.0, 0.0, 0.0, 0.0, 0.0]
Trust scores_s1 at iteration 49: [0.4999999871538211, 0.4999999871538211, 0.4999999871538211, 0.4999999871538211, 0.4999999871538211, 0.4999999871538211, 0.4999999871538211, 0.4999999871538211, 0.4999999871538211, 0.4999999871538211]
Trust scores_s2 at iteration 49: [0.4999999871538211, 0.4999999871538211, 0.4999999871538211, 0.4999999871538211, 0.4999999871538211, 0.4999999871538211, 0.4999999871538211, 0.4999999871538211, 0.4999999871538211, 0.4999999871538211]
X.shape (10, 5)
s1 and s2 score at iteration 49
S_1 [0.9999999999999998, 0.9999999999999998, 0.9999999999999998, 0.9999999999999998, 0.9999999999999998, 0.9999999999999998, 0.9999999999999998, 0.9999999999999998, 0.9999999999999998, 0.9999999999999998]
S_2 [0.1, 0.1, 0.1, 0.1, 0.1, 0.1, 0.1, 0.1, 0.1, 0.1]
Trust scores at iteration 50: [0.0, 0.0, 0.0, 0.0, 0.0, 0.0, 0.0, 0.0, 0.0, 0.0]
Trust scores_s1 at iteration 50: [0.4999999910076748, 0.4999999910076748, 0.4999999910076748, 0.4999999910076748, 0.4999999910076748, 0.4999999910076748, 0.4999999910076748, 0.4999999910076748, 0.4999999910076748, 0.4999999910076748]
Trust scores_s2 at iteration 50: [0.4999999910076748, 0.4999999910076748, 0.4999999910076748, 0.4999999910076748, 0.4999999910076748, 0.4999999910076748, 0.4999999910076748, 0.4999999910076748, 0.4999999910076748, 0.4999999910076748]
X.shape (10, 5)
s1 and s2 score at iteration 50
S_1 [1.0, 1.0, 1.0, 1.0, 1.0, 1.0, 1.0, 1.0, 1.0, 1.0]
S_2 [0.1, 0.1, 0.1, 0.1, 0.1, 0.1, 0.1, 0.1, 0.1, 0.1]
Trust scores at iteration 51: [0.0, 0.0, 0.0, 0.0, 0.0, 0.0, 0.0, 0.0, 0.0, 0.0]
Trust scores_s1 at iteration 51: [0.49999999370537235, 0.49999999370537235, 0.49999999370537235, 0.49999999370537235, 0.49999999370537235, 0.49999999370537235, 0.49999999370537235, 0.49999999370537235, 0.49999999370537235, 0.49999999370537235]
Trust scores_s2 at iteration 51: [0.49999999370537235, 0.49999999370537235, 0.49999999370537235, 0.49999999370537235, 0.49999999370537235, 0.49999999370537235, 0.49999999370537235, 0.49999999370537235, 0.49999999370537235, 0.49999999370537235]
X.shape (10, 5)
s1 and s2 score at iteration 51
S_1 [1.0, 1.0, 1.0, 1.0, 1.0, 1.0, 1.0, 1.0, 1.0, 1.0]
S_2 [0.1, 0.1, 0.1, 0.1, 0.1, 0.1, 0.1, 0.1, 0.1, 0.1]
Trust scores at iteration 52: [0.0, 0.0, 0.0, 0.0, 0.0, 0.0, 0.0, 0.0, 0.0, 0.0]
Trust scores_s1 at iteration 52: [0.4999999955937606, 0.4999999955937606, 0.4999999955937606, 0.4999999955937606, 0.4999999955937606, 0.4999999955937606, 0.4999999955937606, 0.4999999955937606, 0.4999999955937606, 0.4999999955937606]
Trust scores_s2 at iteration 52: [0.4999999955937606, 0.4999999955937606, 0.4999999955937606, 0.4999999955937606, 0.4999999955937606, 0.4999999955937606, 0.4999999955937606, 0.4999999955937606, 0.4999999955937606, 0.4999999955937606]
X.shape (10, 5)
s1 and s2 score at iteration 52
S_1 [0.9999999999999998, 0.9999999999999998, 0.9999999999999998, 0.9999999999999998, 0.9999999999999998, 0.9999999999999998, 0.9999999999999998, 0.9999999999999998, 0.9999999999999998, 0.9999999999999998]
S_2 [0.1, 0.1, 0.1, 0.1, 0.1, 0.1, 0.1, 0.1, 0.1, 0.1]
Trust scores at iteration 53: [0.0, 0.0, 0.0, 0.0, 0.0, 0.0, 0.0, 0.0, 0.0, 0.0]
Trust scores_s1 at iteration 53: [0.49999999691563246, 0.49999999691563246, 0.49999999691563246, 0.49999999691563246, 0.49999999691563246, 0.49999999691563246, 0.49999999691563246, 0.49999999691563246, 0.49999999691563246, 0.49999999691563246]
Trust scores_s2 at iteration 53: [0.49999999691563246, 0.49999999691563246, 0.49999999691563246, 0.49999999691563246, 0.49999999691563246, 0.49999999691563246, 0.49999999691563246, 0.49999999691563246, 0.49999999691563246, 0.49999999691563246]
X.shape (10, 5)
s1 and s2 score at iteration 53
S_1 [1.0, 1.0, 1.0, 1.0, 1.0, 1.0, 1.0, 1.0, 1.0, 1.0]
S_2 [0.1, 0.1, 0.1, 0.1, 0.1, 0.1, 0.1, 0.1, 0.1, 0.1]
Trust scores at iteration 54: [0.0, 0.0, 0.0, 0.0, 0.0, 0.0, 0.0, 0.0, 0.0, 0.0]
Trust scores_s1 at iteration 54: [0.49999999784094273, 0.49999999784094273, 0.49999999784094273, 0.49999999784094273, 0.49999999784094273, 0.49999999784094273, 0.49999999784094273, 0.49999999784094273, 0.49999999784094273, 0.49999999784094273]
Trust scores_s2 at iteration 54: [0.49999999784094273, 0.49999999784094273, 0.49999999784094273, 0.49999999784094273, 0.49999999784094273, 0.49999999784094273, 0.49999999784094273, 0.49999999784094273, 0.49999999784094273, 0.49999999784094273]
X.shape (10, 5)
s1 and s2 score at iteration 54
S_1 [1.0, 1.0, 1.0, 1.0, 1.0, 1.0, 1.0, 1.0, 1.0, 1.0]
S_2 [0.1, 0.1, 0.1, 0.1, 0.1, 0.1, 0.1, 0.1, 0.1, 0.1]
Trust scores at iteration 55: [0.0, 0.0, 0.0, 0.0, 0.0, 0.0, 0.0, 0.0, 0.0, 0.0]
Trust scores_s1 at iteration 55: [0.4999999984886599, 0.4999999984886599, 0.4999999984886599, 0.4999999984886599, 0.4999999984886599, 0.4999999984886599, 0.4999999984886599, 0.4999999984886599, 0.4999999984886599, 0.4999999984886599]
Trust scores_s2 at iteration 55: [0.4999999984886599, 0.4999999984886599, 0.4999999984886599, 0.4999999984886599, 0.4999999984886599, 0.4999999984886599, 0.4999999984886599, 0.4999999984886599, 0.4999999984886599, 0.4999999984886599]
X.shape (10, 5)
s1 and s2 score at iteration 55
S_1 [0.9999999999999998, 0.9999999999999998, 0.9999999999999998, 0.9999999999999998, 0.9999999999999998, 0.9999999999999998, 0.9999999999999998, 0.9999999999999998, 0.9999999999999998, 0.9999999999999998]
S_2 [0.1, 0.1, 0.1, 0.1, 0.1, 0.1, 0.1, 0.1, 0.1, 0.1]
Trust scores at iteration 56: [0.0, 0.0, 0.0, 0.0, 0.0, 0.0, 0.0, 0.0, 0.0, 0.0]
Trust scores_s1 at iteration 56: [0.49999999894206193, 0.49999999894206193, 0.49999999894206193, 0.49999999894206193, 0.49999999894206193, 0.49999999894206193, 0.49999999894206193, 0.49999999894206193, 0.49999999894206193, 0.49999999894206193]
Trust scores_s2 at iteration 56: [0.49999999894206193, 0.49999999894206193, 0.49999999894206193, 0.49999999894206193, 0.49999999894206193, 0.49999999894206193, 0.49999999894206193, 0.49999999894206193, 0.49999999894206193, 0.49999999894206193]
X.shape (10, 5)
s1 and s2 score at iteration 56
S_1 [1.0, 1.0, 1.0, 1.0, 1.0, 1.0, 1.0, 1.0, 1.0, 1.0]
S_2 [0.1, 0.1, 0.1, 0.1, 0.1, 0.1, 0.1, 0.1, 0.1, 0.1]
Trust scores at iteration 57: [0.0, 0.0, 0.0, 0.0, 0.0, 0.0, 0.0, 0.0, 0.0, 0.0]
Trust scores_s1 at iteration 57: [0.49999999925944333, 0.49999999925944333, 0.49999999925944333, 0.49999999925944333, 0.49999999925944333, 0.49999999925944333, 0.49999999925944333, 0.49999999925944333, 0.49999999925944333, 0.49999999925944333]
Trust scores_s2 at iteration 57: [0.49999999925944333, 0.49999999925944333, 0.49999999925944333, 0.49999999925944333, 0.49999999925944333, 0.49999999925944333, 0.49999999925944333, 0.49999999925944333, 0.49999999925944333, 0.49999999925944333]
X.shape (10, 5)
s1 and s2 score at iteration 57
S_1 [0.9999999999999998, 0.9999999999999998, 0.9999999999999998, 0.9999999999999998, 0.9999999999999998, 0.9999999999999998, 0.9999999999999998, 0.9999999999999998, 0.9999999999999998, 0.9999999999999998]
S_2 [0.1, 0.1, 0.1, 0.1, 0.1, 0.1, 0.1, 0.1, 0.1, 0.1]
Trust scores at iteration 58: [0.0, 0.0, 0.0, 0.0, 0.0, 0.0, 0.0, 0.0, 0.0, 0.0]
Trust scores_s1 at iteration 58: [0.49999999948161034, 0.49999999948161034, 0.49999999948161034, 0.49999999948161034, 0.49999999948161034, 0.49999999948161034, 0.49999999948161034, 0.49999999948161034, 0.49999999948161034, 0.49999999948161034]
Trust scores_s2 at iteration 58: [0.49999999948161034, 0.49999999948161034, 0.49999999948161034, 0.49999999948161034, 0.49999999948161034, 0.49999999948161034, 0.49999999948161034, 0.49999999948161034, 0.49999999948161034, 0.49999999948161034]
X.shape (10, 5)
s1 and s2 score at iteration 58
S_1 [1.0, 1.0, 1.0, 1.0, 1.0, 1.0, 1.0, 1.0, 1.0, 1.0]
S_2 [0.1, 0.1, 0.1, 0.1, 0.1, 0.1, 0.1, 0.1, 0.1, 0.1]
Trust scores at iteration 59: [0.0, 0.0, 0.0, 0.0, 0.0, 0.0, 0.0, 0.0, 0.0, 0.0]
Trust scores_s1 at iteration 59: [0.4999999996371272, 0.4999999996371272, 0.4999999996371272, 0.4999999996371272, 0.4999999996371272, 0.4999999996371272, 0.4999999996371272, 0.4999999996371272, 0.4999999996371272, 0.4999999996371272]
Trust scores_s2 at iteration 59: [0.4999999996371272, 0.4999999996371272, 0.4999999996371272, 0.4999999996371272, 0.4999999996371272, 0.4999999996371272, 0.4999999996371272, 0.4999999996371272, 0.4999999996371272, 0.4999999996371272]
X.shape (10, 5)
s1 and s2 score at iteration 59
S_1 [1.0, 1.0, 1.0, 1.0, 1.0, 1.0, 1.0, 1.0, 1.0, 1.0]
S_2 [0.1, 0.1, 0.1, 0.1, 0.1, 0.1, 0.1, 0.1, 0.1, 0.1]
Trust scores at iteration 60: [0.0, 0.0, 0.0, 0.0, 0.0, 0.0, 0.0, 0.0, 0.0, 0.0]
Trust scores_s1 at iteration 60: [0.4999999997459891, 0.4999999997459891, 0.4999999997459891, 0.4999999997459891, 0.4999999997459891, 0.4999999997459891, 0.4999999997459891, 0.4999999997459891, 0.4999999997459891, 0.4999999997459891]
Trust scores_s2 at iteration 60: [0.4999999997459891, 0.4999999997459891, 0.4999999997459891, 0.4999999997459891, 0.4999999997459891, 0.4999999997459891, 0.4999999997459891, 0.4999999997459891, 0.4999999997459891, 0.4999999997459891]
X.shape (10, 5)
s1 and s2 score at iteration 60
S_1 [0.47619522755103993, 0.47619522755103993, 0.47619522755103993, 0.47619522755103993, 0.47619522755103993, 0.3718236781632115, 0.3718236781632115, 0.3718236781632115, 0.23641528938037007, 0.4850269850763927]
S_2 [0.2, 0.2, 0.2, 0.2, 0.2, 0.2, 0.2, 0.2, 0.2, 0.2]
Trust scores at iteration 61: [-0.005462638861605863, -0.005462638861605863, -0.005462638861605863, -0.005462638861605863, -0.005462638861605863, -0.07001876827246106, -0.07001876827246106, -0.07001876827246106, -0.15377187456293748, 0.0]
Trust scores_s1 at iteration 61: [0.4972686803913894, 0.4972686803913894, 0.4972686803913894, 0.4972686803913894, 0.4972686803913894, 0.4649906156859618, 0.4649906156859618, 0.4649906156859618, 0.4231140625407236, 0.49999999982219234]
Trust scores_s2 at iteration 61: [0.49999999982219234, 0.49999999982219234, 0.49999999982219234, 0.49999999982219234, 0.49999999982219234, 0.49999999982219234, 0.49999999982219234, 0.49999999982219234, 0.49999999982219234, 0.49999999982219234]
X.shape (10, 5)
s1 and s2 score at iteration 61
S_1 [0.13160985611934095, 0.13160985611934095, 0.13160985611934095, 0.13160985611934095, 0.13160985611934095, -0.06546703552990343, -0.06546703552990343, -0.06546703552990343, -0.16321021828765725, 0.09191701975968308]
S_2 [0.2, 0.2, 0.2, 0.2, 0.2, 0.3333333333333333, 0.3333333333333333, 0.3333333333333333, 0.5, 0.5]
Trust scores at iteration 62: [0.17617615279687593, 0.17617615279687593, 0.17617615279687593, 0.17617615279687593, 0.17617615279687593, -0.3982429237511437, -0.3982429237511437, -0.3982429237511437, -0.7796722171746266, -0.09047841293207996]
Trust scores_s1 at iteration 62: [0.49808807627397256, 0.49808807627397256, 0.49808807627397256, 0.49808807627397256, 0.49808807627397256, 0.25087853799996285, 0.25087853799996285, 0.25087853799996285, 0.11016389128822132, 0.45476079340949466]
Trust scores_s2 at iteration 62: [0.4099999998755346, 0.4099999998755346, 0.4099999998755346, 0.4099999998755346, 0.4099999998755346, 0.44999999987553463, 0.44999999987553463, 0.44999999987553463, 0.4999999998755346, 0.4999999998755346]
X.shape (10, 5)
s1 and s2 score at iteration 62
S_1 [0.29447251399574814, 0.29447251399574814, 0.29447251399574814, 0.29447251399574814, 0.29447251399574814, 0.15171381898991687, 0.15171381898991687, 0.15171381898991687, 0.0660110309898822, 0.36298981266986874]
S_2 [0.2, 0.2, 0.2, 0.2, 0.2, 0.25, 0.25, 0.25, 0.25, 0.5]
Trust scores at iteration 63: [0.24669585107675604, 0.24669585107675604, 0.24669585107675604, 0.24669585107675604, 0.24669585107675604, -0.30338320625634596, -0.30338320625634596, -0.30338320625634596, -0.6412144498790213, -0.06333488905245598]
Trust scores_s1 at iteration 63: [0.47034792545125226, 0.47034792545125226, 0.47034792545125226, 0.47034792545125226, 0.47034792545125226, 0.23830839678470128, 0.23830839678470128, 0.23830839678470128, 0.10439277497336355, 0.46833255538664625]
Trust scores_s2 at iteration 63: [0.34699999991287417, 0.34699999991287417, 0.34699999991287417, 0.34699999991287417, 0.34699999991287417, 0.3899999999128742, 0.3899999999128742, 0.3899999999128742, 0.42499999991287424, 0.49999999991287425]
X.shape (10, 5)
s1 and s2 score at iteration 63
S_1 [0.44949238308449707, 0.44949238308449707, 0.44949238308449707, 0.44949238308449707, 0.44949238308449707, 0.4454203638277816, 0.4454203638277816, 0.4454203638277816, 0.03367948851943073, 0.5325594799746103]
S_2 [0.2, 0.2, 0.2, 0.2, 0.2, 0.2, 0.2, 0.2, 0.2, 0.2]
Trust scores at iteration 64: [0.1258939580778737, 0.1258939580778737, 0.1258939580778737, 0.1258939580778737, 0.1258939580778737, -0.2614552211905486, -0.2614552211905486, -0.2614552211905486, -0.7298778743755148, -0.04433442233671918]
Trust scores_s1 at iteration 64: [0.4558469789779488, 0.4558469789779488, 0.4558469789779488, 0.4558469789779488, 0.4558469789779488, 0.29227238934373767, 0.29227238934373767, 0.29227238934373767, 0.08256106275125458, 0.4778327887706524]
Trust scores_s2 at iteration 64: [0.3928999999390119, 0.3928999999390119, 0.3928999999390119, 0.3928999999390119, 0.3928999999390119, 0.42299999993901194, 0.42299999993901194, 0.42299999993901194, 0.44749999993901196, 0.49999999993901195]
X.shape (10, 5)
s1 and s2 score at iteration 64
S_1 [0.2946290257076054, 0.2946290257076054, 0.2946290257076054, 0.2946290257076054, 0.2946290257076054, -0.213920639559163, -0.213920639559163, -0.213920639559163, -0.12438603479127638, 0.14568683979575248]
S_2 [0.2, 0.2, 0.2, 0.2, 0.2, 0.3333333333333333, 0.3333333333333333, 0.3333333333333333, 0.5, 0.5]
Trust scores at iteration 65: [0.2681257706545116, 0.2681257706545116, 0.2681257706545116, 0.2681257706545116, 0.2681257706545116, -0.6008389857176818, -0.6008389857176818, -0.6008389857176818, -0.9375680566271212, -0.18269144055018469]
Trust scores_s1 at iteration 65: [0.46909288528456417, 0.46909288528456417, 0.46909288528456417, 0.46909288528456417, 0.46909288528456417, 0.09568050709846743, 0.09568050709846743, 0.09568050709846743, -0.005534028356252163, 0.40865427968221607]
Trust scores_s2 at iteration 65: [0.3350299999573083, 0.3350299999573083, 0.3350299999573083, 0.3350299999573083, 0.3350299999573083, 0.3960999999573084, 0.3960999999573084, 0.3960999999573084, 0.46324999995730837, 0.49999999995730837]
X.shape (10, 5)
s1 and s2 score at iteration 65
S_1 [0.41243569004051744, 0.41243569004051744, 0.41243569004051744, 0.41243569004051744, 0.41243569004051744, 0.40039919686631137, 0.40039919686631137, 0.40039919686631137, -0.23718646981975422, 0.026708097147414622]
S_2 [0.2, 0.2, 0.2, 0.2, 0.2, 0.3333333333333333, 0.3333333333333333, 0.3333333333333333, 0.5, 0.5]
Trust scores at iteration 66: [0.3676880394581581, 0.3676880394581581, 0.3676880394581581, 0.3676880394581581, 0.3676880394581581, -0.32934246817793, -0.32934246817793, -0.32934246817793, -1.1288237877493388, -0.40845690899070675]
Trust scores_s1 at iteration 66: [0.4783650196991949, 0.4783650196991949, 0.4783650196991949, 0.4783650196991949, 0.4783650196991949, 0.2125987658811508, 0.2125987658811508, 0.2125987658811508, -0.09013689390455341, 0.29577154547476253]
Trust scores_s2 at iteration 66: [0.2945209999701158, 0.2945209999701158, 0.2945209999701158, 0.2945209999701158, 0.2945209999701158, 0.3772699999701159, 0.3772699999701159, 0.3772699999701159, 0.47427499997011585, 0.49999999997011585]
X.shape (10, 5)
s1 and s2 score at iteration 66
S_1 [0.6398129206853453, 0.6398129206853453, 0.6398129206853453, 0.6398129206853453, 0.6398129206853453, 0.6042439686719164, 0.6042439686719164, 0.6042439686719164, -0.6605247651882614, -0.18260876380204719]
S_2 [0.125, 0.125, 0.125, 0.125, 0.125, 0.125, 0.125, 0.125, 0.5, 0.5]
Trust scores at iteration 67: [0.4823816276207107, 0.4823816276207107, 0.4823816276207107, 0.4823816276207107, 0.4823816276207107, -0.022217549098646677, -0.022217549098646677, -0.022217549098646677, -1.3998881673223704, -0.6715427228740485]
Trust scores_s1 at iteration 67: [0.4848555137894365, 0.4848555137894365, 0.4848555137894365, 0.4848555137894365, 0.4848555137894365, 0.2904802254297577, 0.2904802254297577, 0.2904802254297577, -0.217951583682104, 0.16422863854205688]
Trust scores_s2 at iteration 67: [0.24366469997908108, 0.24366469997908108, 0.24366469997908108, 0.24366469997908108, 0.24366469997908108, 0.30158899997908106, 0.30158899997908106, 0.30158899997908106, 0.4819924999790811, 0.4999999999790811]
X.shape (10, 5)
s1 and s2 score at iteration 67
S_1 [0.4518850621379272, 0.4518850621379272, 0.4518850621379272, 0.4518850621379272, 0.4518850621379272, 0.4270270322722255, 0.4270270322722255, 0.4270270322722255, -0.7063650903322359, -0.48532331120610817]
S_2 [0.125, 0.125, 0.125, 0.125, 0.125, 0.125, 0.125, 0.125, 0.5, 0.5]
Trust scores at iteration 68: [0.5626671393344975, 0.5626671393344975, 0.5626671393344975, 0.5626671393344975, 0.5626671393344975, 0.19294482676706562, 0.19294482676706562, 0.19294482676706562, -1.7488673514360726, -1.092279079122346]
Trust scores_s1 at iteration 68: [0.48939885965260554, 0.48939885965260554, 0.48939885965260554, 0.48939885965260554, 0.48939885965260554, 0.3450847133688896, 0.3450847133688896, 0.3450847133688896, -0.38703892573267945, -0.046139539575816194]
Trust scores_s2 at iteration 68: [0.20806528998535676, 0.20806528998535676, 0.20806528998535676, 0.20806528998535676, 0.20806528998535676, 0.24861229998535675, 0.24861229998535675, 0.24861229998535675, 0.48739474998535676, 0.49999999998535677]
X.shape (10, 5)
s1 and s2 score at iteration 68
S_1 [0.6232512249019183, 0.6232512249019183, 0.6232512249019183, 0.6232512249019183, 0.6232512249019183, 0.5243024699672437, 0.5243024699672437, 0.5243024699672437, -0.2185760466876789, 0.31281840350807616]
S_2 [0.125, 0.125, 0.125, 0.125, 0.125, 0.125, 0.125, 0.125, 0.5, 0.5]
Trust scores at iteration 69: [0.6188669975341483, 0.6188669975341483, 0.6188669975341483, 0.6188669975341483, 0.6188669975341483, 0.31243270943898527, 0.31243270943898527, 0.31243270943898527, -1.6294180327012584, -0.9140212091941262]
Trust scores_s1 at iteration 69: [0.4925792017568239, 0.4925792017568239, 0.4925792017568239, 0.4925792017568239, 0.4925792017568239, 0.36774496470924234, 0.36774496470924234, 0.36774496470924234, -0.3235326913608794, 0.04298939539268666]
Trust scores_s2 at iteration 69: [0.18314570298974972, 0.18314570298974972, 0.18314570298974972, 0.18314570298974972, 0.18314570298974972, 0.21152860998974973, 0.21152860998974973, 0.21152860998974973, 0.4911763249897497, 0.49999999998974975]
X.shape (10, 5)
s1 and s2 score at iteration 69
S_1 [0.12785249490258052, 0.12785249490258052, 0.12785249490258052, 0.12785249490258052, 0.12785249490258052, 0.028233994830120537, 0.028233994830120537, 0.028233994830120537, -0.3490648867648561, -0.09348400920572361]
S_2 [0.2, 0.2, 0.2, 0.2, 0.2, 0.3333333333333333, 0.3333333333333333, 0.3333333333333333, 0.5, 0.5]
Trust scores at iteration 70: [0.6132068982739038, 0.6132068982739038, 0.6132068982739038, 0.6132068982739038, 0.6132068982739038, 0.084952667137698, 0.084952667137698, 0.084952667137698, -2.2596573279578385, -1.1591707751808582]
Trust scores_s1 at iteration 70: [0.4948054412297767, 0.4948054412297767, 0.4948054412297767, 0.4948054412297767, 0.4948054412297767, 0.2905463605616738, 0.2905463605616738, 0.2905463605616738, -0.6360052364860944, -0.07958538759760432]
Trust scores_s2 at iteration 70: [0.1882019920928248, 0.1882019920928248, 0.1882019920928248, 0.1882019920928248, 0.1882019920928248, 0.24807002699282482, 0.24807002699282482, 0.24807002699282482, 0.4938234274928248, 0.49999999999282485]
X.shape (10, 5)
s1 and s2 score at iteration 70
S_1 [0.09695731981650883, 0.09695731981650883, 0.09695731981650883, 0.09695731981650883, 0.09695731981650883, -0.03656483034541626, -0.03656483034541626, -0.03656483034541626, -0.21891730380941032, 0.078844846387454]
S_2 [0.2, 0.2, 0.2, 0.2, 0.2, 0.25, 0.25, 0.25, 0.25, 0.5]
Trust scores at iteration 71: [0.6092448287917327, 0.6092448287917327, 0.6092448287917327, 0.6092448287917327, 0.6092448287917327, -0.20367001760793524, -0.20367001760793524, -0.20367001760793524, -2.409121996287853, -0.8674621605434302]
Trust scores_s1 at iteration 71: [0.4963638088608437, 0.4963638088608437, 0.4963638088608437, 0.4963638088608437, 0.4963638088608437, 0.14681401009100975, 0.14681401009100975, 0.14681401009100975, -0.7838845988989492, 0.06626891972326224]
Trust scores_s2 at iteration 71: [0.19174139446497734, 0.19174139446497734, 0.19174139446497734, 0.19174139446497734, 0.19174139446497734, 0.24864901889497737, 0.24864901889497737, 0.24864901889497737, 0.42067639924497735, 0.4999999999949774]
X.shape (10, 5)
s1 and s2 score at iteration 71
S_1 [0.38784976053027975, 0.38784976053027975, 0.38784976053027975, 0.38784976053027975, 0.38784976053027975, 0.2551944505483492, 0.2551944505483492, 0.2551944505483492, -0.493695141076223, -0.34029203947450504]
S_2 [0.2, 0.2, 0.2, 0.2, 0.2, 0.3333333333333333, 0.3333333333333333, 0.3333333333333333, 0.5, 0.5]
Trust scores at iteration 72: [0.6064713801542129, 0.6064713801542129, 0.6064713801542129, 0.6064713801542129, 0.6064713801542129, -0.1451772824458406, -0.1451772824458406, -0.1451772824458406, -2.368256310820055, -1.1704378346034554]
Trust scores_s1 at iteration 72: [0.4974546662025906, 0.4974546662025906, 0.4974546662025906, 0.4974546662025906, 0.4974546662025906, 0.20146567200356386, 0.20146567200356386, 0.20146567200356386, -0.7396546759385435, -0.08521891730524361]
Trust scores_s2 at iteration 72: [0.19421897612548417, 0.19421897612548417, 0.19421897612548417, 0.19421897612548417, 0.19421897612548417, 0.27405431322648416, 0.27405431322648416, 0.27405431322648416, 0.44447347947148413, 0.4999999999964842]
X.shape (10, 5)
s1 and s2 score at iteration 72
S_1 [0.07641669517289412, 0.07641669517289412, 0.07641669517289412, 0.07641669517289412, 0.07641669517289412, 0.04797401508449146, 0.04797401508449146, 0.04797401508449146, 0.077674337421732, -0.2408194706728309]
S_2 [0.2, 0.2, 0.2, 0.2, 0.2, 0.2, 0.2, 0.2, 0.2, 0.2]
Trust scores at iteration 73: [0.41967260024973946, 0.41967260024973946, 0.41967260024973946, 0.41967260024973946, 0.41967260024973946, -0.2163350433979832, -0.2163350433979832, -0.2163350433979832, -1.6577794175740386, -2.0494185855924147]
Trust scores_s1 at iteration 73: [0.4957895834127087, 0.4957895834127087, 0.4957895834127087, 0.4957895834127087, 0.4957895834127087, 0.2336704975595473, 0.2336704975595473, 0.2336704975595473, -0.3677582731569804, -0.5247092927986686]
Trust scores_s2 at iteration 73: [0.2859532832878389, 0.2859532832878389, 0.2859532832878389, 0.2859532832878389, 0.2859532832878389, 0.34183801925853896, 0.34183801925853896, 0.34183801925853896, 0.4611314356300389, 0.49999999999753897]
X.shape (10, 5)
s1 and s2 score at iteration 73
S_1 [0.1212458320107516, 0.1212458320107516, 0.1212458320107516, 0.1212458320107516, 0.1212458320107516, -0.09641245464069269, -0.09641245464069269, -0.09641245464069269, -0.3844046587724683, -0.3221044747890334]
S_2 [0.2, 0.2, 0.2, 0.2, 0.2, 0.3333333333333333, 0.3333333333333333, 0.3333333333333333, 0.5, 0.5]
Trust scores at iteration 74: [0.47377082017481764, 0.47377082017481764, 0.47377082017481764, 0.47377082017481764, 0.47377082017481764, -0.589989010252527, -0.589989010252527, -0.589989010252527, -2.411582598162072, -2.531579931726082]
Trust scores_s1 at iteration 74: [0.4970527083888961, 0.4970527083888961, 0.4970527083888961, 0.4970527083888961, 0.4970527083888961, 0.044292108354713686, 0.044292108354713686, 0.044292108354713686, -0.7329992941400088, -0.7657899658647639]
Trust scores_s2 at iteration 74: [0.26016729830148727, 0.26016729830148727, 0.26016729830148727, 0.26016729830148727, 0.26016729830148727, 0.3392866134809773, 0.3392866134809773, 0.3392866134809773, 0.47279200494102724, 0.49999999999827727]
X.shape (10, 5)
s1 and s2 score at iteration 74
S_1 [0.5622933672573391, 0.5622933672573391, 0.5622933672573391, 0.5622933672573391, 0.5622933672573391, 0.3399344027827125, 0.3399344027827125, 0.3399344027827125, -0.5039697544017012, -0.007810833976261786]
S_2 [0.2, 0.2, 0.2, 0.2, 0.2, 0.3333333333333333, 0.3333333333333333, 0.3333333333333333, 0.5, 0.5]
Trust scores at iteration 75: [0.5116395741223724, 0.5116395741223724, 0.5116395741223724, 0.5116395741223724, 0.5116395741223724, -0.43162733512981705, -0.43162733512981705, -0.43162733512981705, -2.25699046098605, -2.076273261177787]
Trust scores_s1 at iteration 75: [0.4979368958722273, 0.4979368958722273, 0.4979368958722273, 0.4979368958722273, 0.4979368958722273, 0.12168696187177551, 0.12168696187177551, 0.12168696187177551, -0.6475408270343057, -0.5381366305900994]
Trust scores_s2 at iteration 75: [0.2421171088110411, 0.2421171088110411, 0.2421171088110411, 0.2421171088110411, 0.2421171088110411, 0.3375006294366841, 0.3375006294366841, 0.3375006294366841, 0.4809544034587191, 0.4999999999987941]
X.shape (10, 5)
s1 and s2 score at iteration 75
S_1 [0.5588170694856742, 0.5588170694856742, 0.5588170694856742, 0.5588170694856742, 0.5588170694856742, 0.5721639848754678, 0.5721639848754678, 0.5721639848754678, -0.3883878229511588, -0.29790221317376697]
S_2 [0.125, 0.125, 0.125, 0.125, 0.125, 0.125, 0.125, 0.125, 0.5, 0.5]
Trust scores at iteration 76: [0.5761495777066117, 0.5761495777066117, 0.5761495777066117, 0.5761495777066117, 0.5761495777066117, -0.0771391345908719, -0.0771391345908719, -0.0771391345908719, -2.083534848485864, -1.9095889225126284]
Trust scores_s1 at iteration 76: [0.4950567650210346, 0.4950567650210346, 0.4950567650210346, 0.4950567650210346, 0.4950567650210346, 0.23518087331024287, 0.23518087331024287, 0.23518087331024287, -0.5550993418218286, -0.4547944612571582]
Trust scores_s2 at iteration 76: [0.20698197616772876, 0.20698197616772876, 0.20698197616772876, 0.20698197616772876, 0.20698197616772876, 0.2737504406056789, 0.2737504406056789, 0.2737504406056789, 0.4866680824211034, 0.49999999999915584]
X.shape (10, 5)
s1 and s2 score at iteration 76
S_1 [0.2552325571888743, 0.2552325571888743, 0.2552325571888743, 0.2552325571888743, 0.2552325571888743, -0.17806866565467944, -0.17806866565467944, -0.17806866565467944, 0.07700479659994358, -0.072303527951685]
S_2 [0.2, 0.2, 0.2, 0.2, 0.2, 0.3333333333333333, 0.3333333333333333, 0.3333333333333333, 0.5, 0.5]
Trust scores at iteration 77: [0.5833047043946282, 0.5833047043946282, 0.5833047043946282, 0.5833047043946282, 0.5833047043946282, -0.46329906122967257, -0.46329906122967257, -0.46329906122967257, -1.6679630609251408, -1.721697714009483]
Trust scores_s1 at iteration 77: [0.4965397355147242, 0.4965397355147242, 0.4965397355147242, 0.4965397355147242, 0.4965397355147242, 0.05997577780913885, 0.05997577780913885, 0.05997577780913885, -0.34331387276779796, -0.36084885700533226]
Trust scores_s2 at iteration 77: [0.20488738331741013, 0.20488738331741013, 0.20488738331741013, 0.20488738331741013, 0.20488738331741013, 0.2916253084239752, 0.2916253084239752, 0.2916253084239752, 0.4906676576947724, 0.4999999999994091]
X.shape (10, 5)
s1 and s2 score at iteration 77
S_1 [0.7580215641545835, 0.7580215641545835, 0.7580215641545835, 0.7580215641545835, 0.7580215641545835, 0.8084046999950601, 0.8084046999950601, 0.8084046999950601, 0.082286949417748, 0.5412353507013177]
S_2 [0.125, 0.125, 0.125, 0.125, 0.125, 0.125, 0.125, 0.125, 0.5, 0.25]
Trust scores at iteration 78: [0.6146160480549834, 0.6146160480549834, 0.6146160480549834, 0.6146160480549834, 0.6146160480549834, -0.09930934286077076, -0.09930934286077076, -0.09930934286077076, -1.43703735231786, -1.1543352810514063]
Trust scores_s1 at iteration 78: [0.4882291923496787, 0.4882291923496787, 0.4882291923496787, 0.4882291923496787, 0.4882291923496787, 0.19198304446639722, 0.19198304446639722, 0.19198304446639722, -0.22505131577258924, -0.15216764052611667]
Trust scores_s2 at iteration 78: [0.18092116832218708, 0.18092116832218708, 0.18092116832218708, 0.18092116832218708, 0.18092116832218708, 0.24163771589678265, 0.24163771589678265, 0.24163771589678265, 0.49346736038634065, 0.4249999999995864]
X.shape (10, 5)
s1 and s2 score at iteration 78
S_1 [0.6248361224874043, 0.6248361224874043, 0.6248361224874043, 0.6248361224874043, 0.6248361224874043, 0.6491351195547923, 0.6491351195547923, 0.6491351195547923, -0.06440670940620047, 0.2706454874182303]
S_2 [0.125, 0.125, 0.125, 0.125, 0.125, 0.125, 0.125, 0.125, 0.5, 0.5]
Trust scores at iteration 79: [0.6440013696230951, 0.6440013696230951, 0.6440013696230951, 0.6440013696230951, 0.6440013696230951, 0.1554834599974605, 0.1554834599974605, 0.1554834599974605, -1.335691926103224, -0.9829549655990286]
Trust scores_s1 at iteration 79: [0.48614550263707845, 0.48614550263707845, 0.48614550263707845, 0.48614550263707845, 0.48614550263707845, 0.2843881311264781, 0.2843881311264781, 0.2843881311264781, -0.17241881078117352, -0.04397748279980375]
Trust scores_s2 at iteration 79: [0.16414481782553095, 0.16414481782553095, 0.16414481782553095, 0.16414481782553095, 0.16414481782553095, 0.20664640112774785, 0.20664640112774785, 0.20664640112774785, 0.49542715227043843, 0.44749999999971046]
X.shape (10, 5)
s1 and s2 score at iteration 79
S_1 [0.27677336978688166, 0.27677336978688166, 0.27677336978688166, 0.27677336978688166, 0.27677336978688166, 0.2423356338938015, 0.2423356338938015, 0.2423356338938015, -0.16249401140534486, -0.3133370781018657]
S_2 [0.2, 0.2, 0.2, 0.2, 0.2, 0.25, 0.25, 0.25, 0.25, 0.5]
Trust scores at iteration 80: [0.6308009587361665, 0.6308009587361665, 0.6308009587361665, 0.6308009587361665, 0.6308009587361665, 0.2215106950717508, 0.2215106950717508, 0.2215106950717508, -1.2611147449904818, -1.3277005854063764]
Trust scores_s1 at iteration 80: [0.49030185184595493, 0.49030185184595493, 0.49030185184595493, 0.49030185184595493, 0.49030185184595493, 0.3304078283252989, 0.3304078283252989, 0.3304078283252989, -0.208758365905934, -0.20060029270339078]
Trust scores_s2 at iteration 80: [0.17490137247787169, 0.17490137247787169, 0.17490137247787169, 0.17490137247787169, 0.17490137247787169, 0.21965248078942348, 0.21965248078942348, 0.21965248078942348, 0.4217990065893069, 0.4632499999997973]
X.shape (10, 5)
s1 and s2 score at iteration 80
S_1 [0.19186341134444493, 0.19186341134444493, 0.19186341134444493, 0.19186341134444493, 0.19186341134444493, -0.3447141113011662, -0.3447141113011662, -0.3447141113011662, 0.21924588970859998, 0.008058980430218207]
S_2 [0.2, 0.2, 0.2, 0.2, 0.2, 0.3333333333333333, 0.3333333333333333, 0.3333333333333333, 0.5, 0.5]
Trust scores at iteration 81: [0.5840924954511582, 0.5840924954511582, 0.5840924954511582, 0.5840924954511582, 0.5840924954511582, -0.5166240283360871, -0.5166240283360871, -0.5166240283360871, -0.8827803214933372, -1.2183630918617474]
Trust scores_s1 at iteration 81: [0.4744772084600893, 0.4744772084600893, 0.4744772084600893, 0.4744772084600893, 0.4744772084600893, -0.004555277615447106, -0.004555277615447106, -0.004555277615447106, 0.0038691438658462474, -0.13490654593101553]
Trust scores_s2 at iteration 81: [0.18243096073451018, 0.18243096073451018, 0.18243096073451018, 0.18243096073451018, 0.18243096073451018, 0.25375673655259645, 0.25375673655259645, 0.25375673655259645, 0.44525930461251484, 0.4742749999998581]
X.shape (10, 5)
s1 and s2 score at iteration 81
S_1 [1.0, 1.0, 1.0, 1.0, 1.0, 1.0, 1.0, 1.0, 1.0, 1.0]
S_2 [0.1, 0.1, 0.1, 0.1, 0.1, 0.1, 0.1, 0.1, 0.1, 0.1]
Trust scores at iteration 82: [0.4088647468158107, 0.4088647468158107, 0.4088647468158107, 0.4088647468158107, 0.4088647468158107, -0.36163681983526097, -0.36163681983526097, -0.36163681983526097, -0.617946225045336, -0.8528541643032231]
Trust scores_s1 at iteration 82: [0.4821340459220625, 0.4821340459220625, 0.4821340459220625, 0.4821340459220625, 0.4821340459220625, 0.14681130566918704, 0.14681130566918704, 0.14681130566918704, 0.1527084007060924, 0.05556541784828915]
Trust scores_s2 at iteration 82: [0.2777016725141571, 0.2777016725141571, 0.2777016725141571, 0.2777016725141571, 0.2777016725141571, 0.3276297155868175, 0.3276297155868175, 0.3276297155868175, 0.4616815132287604, 0.4819924999999007]
X.shape (10, 5)
s1 and s2 score at iteration 82
S_1 [1.0, 1.0, 1.0, 1.0, 1.0, 1.0, 1.0, 1.0, 1.0, 1.0]
S_2 [0.1, 0.1, 0.1, 0.1, 0.1, 0.1, 0.1, 0.1, 0.1, 0.1]
Trust scores at iteration 83: [0.28620532277106747, 0.28620532277106747, 0.28620532277106747, 0.28620532277106747, 0.28620532277106747, -0.2531457738846827, -0.2531457738846827, -0.2531457738846827, -0.4325623575317352, -0.5969979150122562]
Trust scores_s1 at iteration 83: [0.48749383214544373, 0.48749383214544373, 0.48749383214544373, 0.48749383214544373, 0.48749383214544373, 0.25276791396843096, 0.25276791396843096, 0.25276791396843096, 0.2568958804942647, 0.18889579249380242]
Trust scores_s2 at iteration 83: [0.34439117075991, 0.34439117075991, 0.34439117075991, 0.34439117075991, 0.34439117075991, 0.37934080091077227, 0.37934080091077227, 0.37934080091077227, 0.47317705926013226, 0.4873947499999305]
X.shape (10, 5)
s1 and s2 score at iteration 83
S_1 [1.0, 1.0, 1.0, 1.0, 1.0, 1.0, 1.0, 1.0, 1.0, 1.0]
S_2 [0.1, 0.1, 0.1, 0.1, 0.1, 0.1, 0.1, 0.1, 0.1, 0.1]
Trust scores at iteration 84: [0.20034372593974722, 0.20034372593974722, 0.20034372593974722, 0.20034372593974722, 0.20034372593974722, -0.17720204171927786, -0.17720204171927786, -0.17720204171927786, -0.3027936502722146, -0.41789854050857933]
Trust scores_s1 at iteration 84: [0.4912456825018106, 0.4912456825018106, 0.4912456825018106, 0.4912456825018106, 0.4912456825018106, 0.3269375397779017, 0.3269375397779017, 0.3269375397779017, 0.32982711634598527, 0.2822270547456617]
Trust scores_s2 at iteration 84: [0.391073819531937, 0.391073819531937, 0.391073819531937, 0.391073819531937, 0.391073819531937, 0.4155385606375406, 0.4155385606375406, 0.4155385606375406, 0.4812239414820926, 0.49117632499995134]
X.shape (10, 5)
s1 and s2 score at iteration 84
S_1 [0.9999999999999998, 0.9999999999999998, 0.9999999999999998, 0.9999999999999998, 0.9999999999999998, 0.9999999999999998, 0.9999999999999998, 0.9999999999999998, 0.9999999999999998, 0.9999999999999998]
S_2 [0.1, 0.1, 0.1, 0.1, 0.1, 0.1, 0.1, 0.1, 0.1, 0.1]
Trust scores at iteration 85: [0.14024060815782305, 0.14024060815782305, 0.14024060815782305, 0.14024060815782305, 0.14024060815782305, -0.1240414292034945, -0.1240414292034945, -0.1240414292034945, -0.2119555551905502, -0.2925289783560055]
Trust scores_s1 at iteration 85: [0.49387197775126745, 0.49387197775126745, 0.49387197775126745, 0.49387197775126745, 0.49387197775126745, 0.3788562778445312, 0.3788562778445312, 0.3788562778445312, 0.3808789814421897, 0.34755893832196316]
Trust scores_s2 at iteration 85: [0.4237516736723559, 0.4237516736723559, 0.4237516736723559, 0.4237516736723559, 0.4237516736723559, 0.4408769924462784, 0.4408769924462784, 0.4408769924462784, 0.4868567590374648, 0.49382342749996594]
X.shape (10, 5)
s1 and s2 score at iteration 85
S_1 [1.0, 1.0, 1.0, 1.0, 1.0, 1.0, 1.0, 1.0, 1.0, 1.0]
S_2 [0.1, 0.1, 0.1, 0.1, 0.1, 0.1, 0.1, 0.1, 0.1, 0.1]
Trust scores at iteration 86: [0.09816842571047613, 0.09816842571047613, 0.09816842571047613, 0.09816842571047613, 0.09816842571047613, -0.08682900044244614, -0.08682900044244614, -0.08682900044244614, -0.14836888863338513, -0.20477028484920384]
Trust scores_s1 at iteration 86: [0.4957103844258872, 0.4957103844258872, 0.4957103844258872, 0.4957103844258872, 0.4957103844258872, 0.4151993944911718, 0.4151993944911718, 0.4151993944911718, 0.41661528700953276, 0.39329125682537425]
Trust scores_s2 at iteration 86: [0.4466261715706491, 0.4466261715706491, 0.4466261715706491, 0.4466261715706491, 0.4466261715706491, 0.4586138947123949, 0.4586138947123949, 0.4586138947123949, 0.49079973132622534, 0.49567639924997614]
X.shape (10, 5)
s1 and s2 score at iteration 86
S_1 [0.9999999999999998, 0.9999999999999998, 0.9999999999999998, 0.9999999999999998, 0.9999999999999998, 0.9999999999999998, 0.9999999999999998, 0.9999999999999998, 0.9999999999999998, 0.9999999999999998]
S_2 [0.1, 0.1, 0.1, 0.1, 0.1, 0.1, 0.1, 0.1, 0.1, 0.1]
Trust scores at iteration 87: [0.06871789799733329, 0.06871789799733329, 0.06871789799733329, 0.06871789799733329, 0.06871789799733329, -0.06078030030971229, -0.06078030030971229, -0.06078030030971229, -0.10385822204336959, -0.14333919939444267]
Trust scores_s1 at iteration 87: [0.49699726909812103, 0.49699726909812103, 0.49699726909812103, 0.49699726909812103, 0.49699726909812103, 0.44063957614382027, 0.44063957614382027, 0.44063957614382027, 0.44163070090667295, 0.42530387977776196]
Trust scores_s2 at iteration 87: [0.4626383200994544, 0.4626383200994544, 0.4626383200994544, 0.4626383200994544, 0.4626383200994544, 0.4710297262986764, 0.4710297262986764, 0.4710297262986764, 0.49355981192835774, 0.4969734794749833]
X.shape (10, 5)
s1 and s2 score at iteration 87
S_1 [0.9999999999999998, 0.9999999999999998, 0.9999999999999998, 0.9999999999999998, 0.9999999999999998, 0.9999999999999998, 0.9999999999999998, 0.9999999999999998, 0.9999999999999998, 0.9999999999999998]
S_2 [0.1, 0.1, 0.1, 0.1, 0.1, 0.1, 0.1, 0.1, 0.1, 0.1]
Trust scores at iteration 88: [0.0481025285981333, 0.0481025285981333, 0.0481025285981333, 0.0481025285981333, 0.0481025285981333, -0.0425462102167986, -0.0425462102167986, -0.0425462102167986, -0.0727007554303587, -0.10033743957610987]
Trust scores_s1 at iteration 88: [0.4978980883686847, 0.4978980883686847, 0.4978980883686847, 0.4978980883686847, 0.4978980883686847, 0.4584477033006742, 0.4584477033006742, 0.4584477033006742, 0.4591414906346711, 0.4477127158444334]
Trust scores_s2 at iteration 88: [0.4738468240696181, 0.4738468240696181, 0.4738468240696181, 0.4738468240696181, 0.4738468240696181, 0.4797208084090735, 0.4797208084090735, 0.4797208084090735, 0.49549186834985043, 0.4978814356324883]
X.shape (10, 5)
s1 and s2 score at iteration 88
S_1 [1.0, 1.0, 1.0, 1.0, 1.0, 1.0, 1.0, 1.0, 1.0, 1.0]
S_2 [0.1, 0.1, 0.1, 0.1, 0.1, 0.1, 0.1, 0.1, 0.1, 0.1]
Trust scores at iteration 89: [0.03367177001869331, 0.03367177001869331, 0.03367177001869331, 0.03367177001869331, 0.03367177001869331, -0.02978234715175902, -0.02978234715175902, -0.02978234715175902, -0.050890528801251084, -0.0702362077032769]
Trust scores_s1 at iteration 89: [0.4985286618580793, 0.4985286618580793, 0.4985286618580793, 0.4985286618580793, 0.4985286618580793, 0.4709133923104719, 0.4709133923104719, 0.4709133923104719, 0.47139904344426975, 0.4633989010911034]
Trust scores_s2 at iteration 89: [0.4816927768487327, 0.4816927768487327, 0.4816927768487327, 0.4816927768487327, 0.4816927768487327, 0.48580456588635146, 0.48580456588635146, 0.48580456588635146, 0.4968443078448953, 0.4985170049427418]
X.shape (10, 5)
s1 and s2 score at iteration 89
S_1 [0.9999999999999998, 0.9999999999999998, 0.9999999999999998, 0.9999999999999998, 0.9999999999999998, 0.9999999999999998, 0.9999999999999998, 0.9999999999999998, 0.9999999999999998, 0.9999999999999998]
S_2 [0.1, 0.1, 0.1, 0.1, 0.1, 0.1, 0.1, 0.1, 0.1, 0.1]
Trust scores at iteration 90: [0.023570239013085314, 0.023570239013085314, 0.023570239013085314, 0.023570239013085314, 0.023570239013085314, -0.020847643006231313, -0.020847643006231313, -0.020847643006231313, -0.03562337016087576, -0.04916534539229383]
Trust scores_s1 at iteration 90: [0.4989700633006555, 0.4989700633006555, 0.4989700633006555, 0.4989700633006555, 0.4989700633006555, 0.47963937461733036, 0.47963937461733036, 0.47963937461733036, 0.47997933041098884, 0.47437923076377236]
Trust scores_s2 at iteration 90: [0.48718494379411287, 0.48718494379411287, 0.48718494379411287, 0.48718494379411287, 0.48718494379411287, 0.490063196120446, 0.490063196120446, 0.490063196120446, 0.49779101549142674, 0.49896190345991925]
X.shape (10, 5)
s1 and s2 score at iteration 90
S_1 [1.0, 1.0, 1.0, 1.0, 1.0, 1.0, 1.0, 1.0, 1.0, 1.0]
S_2 [0.1, 0.1, 0.1, 0.1, 0.1, 0.1, 0.1, 0.1, 0.1, 0.1]
Trust scores at iteration 91: [0.016499167309159717, 0.016499167309159717, 0.016499167309159717, 0.016499167309159717, 0.016499167309159717, -0.014593350104361918, -0.014593350104361918, -0.014593350104361918, -0.024936359112613028, -0.03441574177460568]
Trust scores_s1 at iteration 91: [0.4992790443104589, 0.4992790443104589, 0.4992790443104589, 0.4992790443104589, 0.4992790443104589, 0.4857475622321313, 0.4857475622321313, 0.4857475622321313, 0.4859855312876922, 0.48206546153464064]
Trust scores_s2 at iteration 91: [0.491029460655879, 0.491029460655879, 0.491029460655879, 0.491029460655879, 0.491029460655879, 0.49304423728431224, 0.49304423728431224, 0.49304423728431224, 0.4984537108439987, 0.4992733324219435]
X.shape (10, 5)
s1 and s2 score at iteration 91
S_1 [1.0, 1.0, 1.0, 1.0, 1.0, 1.0, 1.0, 1.0, 1.0, 1.0]
S_2 [0.1, 0.1, 0.1, 0.1, 0.1, 0.1, 0.1, 0.1, 0.1, 0.1]
Trust scores at iteration 92: [0.011549417116411801, 0.011549417116411801, 0.011549417116411801, 0.011549417116411801, 0.011549417116411801, -0.010215345073053342, -0.010215345073053342, -0.010215345073053342, -0.017455451378829118, -0.024091019242223972]
Trust scores_s1 at iteration 92: [0.49949533101732124, 0.49949533101732124, 0.49949533101732124, 0.49949533101732124, 0.49949533101732124, 0.4900232935624919, 0.4900232935624919, 0.4900232935624919, 0.4901898719013845, 0.48744582307424844]
Trust scores_s2 at iteration 92: [0.4937206224591153, 0.4937206224591153, 0.4937206224591153, 0.4937206224591153, 0.4937206224591153, 0.4951309660990186, 0.4951309660990186, 0.4951309660990186, 0.49891759759079907, 0.49949133269536045]
X.shape (10, 5)
s1 and s2 score at iteration 92
S_1 [1.0, 1.0, 1.0, 1.0, 1.0, 1.0, 1.0, 1.0, 1.0, 1.0]
S_2 [0.1, 0.1, 0.1, 0.1, 0.1, 0.1, 0.1, 0.1, 0.1, 0.1]
Trust scores at iteration 93: [0.00808459198148826, 0.00808459198148826, 0.00808459198148826, 0.00808459198148826, 0.00808459198148826, -0.007150741551137338, -0.007150741551137338, -0.007150741551137338, -0.012218815965180381, -0.016863713469556778]
Trust scores_s1 at iteration 93: [0.49964673171212487, 0.49964673171212487, 0.49964673171212487, 0.49964673171212487, 0.49964673171212487, 0.49301630549374437, 0.49301630549374437, 0.49301630549374437, 0.4931329103309692, 0.49121207615197393]
Trust scores_s2 at iteration 93: [0.4956044357213807, 0.4956044357213807, 0.4956044357213807, 0.4956044357213807, 0.4956044357213807, 0.496591676269313, 0.496591676269313, 0.496591676269313, 0.49924231831355936, 0.4996439328867523]
X.shape (10, 5)
s1 and s2 score at iteration 93
S_1 [1.0, 1.0, 1.0, 1.0, 1.0, 1.0, 1.0, 1.0, 1.0, 1.0]
S_2 [0.1, 0.1, 0.1, 0.1, 0.1, 0.1, 0.1, 0.1, 0.1, 0.1]
Trust scores at iteration 94: [0.005659214387041782, 0.005659214387041782, 0.005659214387041782, 0.005659214387041782, 0.005659214387041782, -0.005005519085796137, -0.005005519085796137, -0.005005519085796137, -0.008553171175626265, -0.011804599428689744]
Trust scores_s1 at iteration 94: [0.49975271219848744, 0.49975271219848744, 0.49975271219848744, 0.49975271219848744, 0.49975271219848744, 0.4951114138456211, 0.4951114138456211, 0.4951114138456211, 0.4951930372316784, 0.4938484533063818]
Trust scores_s2 at iteration 94: [0.4969231050049665, 0.4969231050049665, 0.4969231050049665, 0.4969231050049665, 0.4969231050049665, 0.4976141733885191, 0.4976141733885191, 0.4976141733885191, 0.49946962281949153, 0.49975075302072663]
X.shape (10, 5)
s1 and s2 score at iteration 94
S_1 [1.0, 1.0, 1.0, 1.0, 1.0, 1.0, 1.0, 1.0, 1.0, 1.0]
S_2 [0.1, 0.1, 0.1, 0.1, 0.1, 0.1, 0.1, 0.1, 0.1, 0.1]
Trust scores at iteration 95: [0.003961450070929248, 0.003961450070929248, 0.003961450070929248, 0.003961450070929248, 0.003961450070929248, -0.0035038633600572955, -0.0035038633600572955, -0.0035038633600572955, -0.005987219822938385, -0.00826321960008282]
Trust scores_s1 at iteration 95: [0.4998268985389412, 0.4998268985389412, 0.4998268985389412, 0.4998268985389412, 0.4998268985389412, 0.49657798969193473, 0.49657798969193473, 0.49657798969193473, 0.49663512606217486, 0.49569391731446727]
Trust scores_s2 at iteration 95: [0.49784617350347654, 0.49784617350347654, 0.49784617350347654, 0.49784617350347654, 0.49784617350347654, 0.49832992137196336, 0.49832992137196336, 0.49832992137196336, 0.4996287359736441, 0.49982552711450867]
X.shape (10, 5)
s1 and s2 score at iteration 95
S_1 [1.0, 1.0, 1.0, 1.0, 1.0, 1.0, 1.0, 1.0, 1.0, 1.0]
S_2 [0.1, 0.1, 0.1, 0.1, 0.1, 0.1, 0.1, 0.1, 0.1, 0.1]
Trust scores at iteration 96: [0.002773015049650473, 0.002773015049650473, 0.002773015049650473, 0.002773015049650473, 0.002773015049650473, -0.0024527043520401067, -0.0024527043520401067, -0.0024527043520401067, -0.0041910538760568695, -0.005784253720057974]
Trust scores_s1 at iteration 96: [0.4998788289772588, 0.4998788289772588, 0.4998788289772588, 0.4998788289772588, 0.4998788289772588, 0.4976045927843543, 0.4976045927843543, 0.4976045927843543, 0.4976445882435224, 0.4969857421201271]
Trust scores_s2 at iteration 96: [0.4984923214524336, 0.4984923214524336, 0.4984923214524336, 0.4984923214524336, 0.4984923214524336, 0.49883094496037433, 0.49883094496037433, 0.49883094496037433, 0.49974011518155087, 0.49987786898015607]
X.shape (10, 5)
s1 and s2 score at iteration 96
S_1 [1.0, 1.0, 1.0, 1.0, 1.0, 1.0, 1.0, 1.0, 1.0, 1.0]
S_2 [0.1, 0.1, 0.1, 0.1, 0.1, 0.1, 0.1, 0.1, 0.1, 0.1]
Trust scores at iteration 97: [0.0019411105347553312, 0.0019411105347553312, 0.0019411105347553312, 0.0019411105347553312, 0.0019411105347553312, -0.0017168930464280746, -0.0017168930464280746, -0.0017168930464280746, -0.0029337377132398084, -0.004048977604040581]
Trust scores_s1 at iteration 97: [0.49991518028408116, 0.49991518028408116, 0.49991518028408116, 0.49991518028408116, 0.49991518028408116, 0.498323214949048, 0.498323214949048, 0.498323214949048, 0.4983512117704657, 0.49789001948408895]
Trust scores_s2 at iteration 97: [0.4989446250167035, 0.4989446250167035, 0.4989446250167035, 0.4989446250167035, 0.4989446250167035, 0.49918166147226206, 0.49918166147226206, 0.49918166147226206, 0.4998180806270856, 0.4999145082861092]
X.shape (10, 5)
s1 and s2 score at iteration 97
S_1 [1.0, 1.0, 1.0, 1.0, 1.0, 1.0, 1.0, 1.0, 1.0, 1.0]
S_2 [0.1, 0.1, 0.1, 0.1, 0.1, 0.1, 0.1, 0.1, 0.1, 0.1]
Trust scores at iteration 98: [0.0013587773743287317, 0.0013587773743287317, 0.0013587773743287317, 0.0013587773743287317, 0.0013587773743287317, -0.0012018251324996522, -0.0012018251324996522, -0.0012018251324996522, -0.0020536163992678656, -0.0028342843228284067]
Trust scores_s1 at iteration 98: [0.4999406261988568, 0.4999406261988568, 0.4999406261988568, 0.4999406261988568, 0.4999406261988568, 0.4988262504643336, 0.4988262504643336, 0.4988262504643336, 0.498845848239326, 0.49852301363886226]
Trust scores_s2 at iteration 98: [0.49926123751169244, 0.49926123751169244, 0.49926123751169244, 0.49926123751169244, 0.49926123751169244, 0.49942716303058343, 0.49942716303058343, 0.49942716303058343, 0.49987265643895995, 0.49994015580027645]
X.shape (10, 5)
s1 and s2 score at iteration 98
S_1 [1.0, 1.0, 1.0, 1.0, 1.0, 1.0, 1.0, 1.0, 1.0, 1.0]
S_2 [0.1, 0.1, 0.1, 0.1, 0.1, 0.1, 0.1, 0.1, 0.1, 0.1]
Trust scores at iteration 99: [0.0009511441620301121, 0.0009511441620301121, 0.0009511441620301121, 0.0009511441620301121, 0.0009511441620301121, -0.0008412775927497565, -0.0008412775927497565, -0.0008412775927497565, -0.0014375314794875058, -0.0019839990259798847]
Trust scores_s1 at iteration 99: [0.4999584383391998, 0.4999584383391998, 0.4999584383391998, 0.4999584383391998, 0.4999584383391998, 0.4991783753250335, 0.4991783753250335, 0.4991783753250335, 0.4991920937675282, 0.4989661095472036]
Trust scores_s2 at iteration 99: [0.4994828662581847, 0.4994828662581847, 0.4994828662581847, 0.4994828662581847, 0.4994828662581847, 0.4995990141214084, 0.4995990141214084, 0.4995990141214084, 0.499910859507272, 0.4999581090601935]
X.shape (10, 5)
s1 and s2 score at iteration 99
S_1 [1.0, 1.0, 1.0, 1.0, 1.0, 1.0, 1.0, 1.0, 1.0, 1.0]
S_2 [0.1, 0.1, 0.1, 0.1, 0.1, 0.1, 0.1, 0.1, 0.1, 0.1]
Trust scores at iteration 100: [0.0006658009134210784, 0.0006658009134210784, 0.0006658009134210784, 0.0006658009134210784, 0.0006658009134210784, -0.0005888943149248294, -0.0005888943149248294, -0.0005888943149248294, -0.001006272035641254, -0.0013887993181859193]
Trust scores_s1 at iteration 100: [0.49997090683743983, 0.49997090683743983, 0.49997090683743983, 0.49997090683743983, 0.49997090683743983, 0.49942486272752346, 0.49942486272752346, 0.49942486272752346, 0.49943446563726973, 0.49927627668304253]
Trust scores_s2 at iteration 100: [0.4996380063807293, 0.4996380063807293, 0.4996380063807293, 0.4996380063807293, 0.4996380063807293, 0.49971930988498586, 0.49971930988498586, 0.49971930988498586, 0.4999376016550904, 0.49997067634213543]
