chunks.shape 518399
chunks[0].shape 5
Loaded Tower 5 data for Tower 2 without noise: 518399 chunks
chunks.shape 518399
chunks[0].shape 5
Loaded Tower 5 data for Tower 3 without noise: 518399 chunks
chunks.shape 518399
chunks[0].shape 5
Loaded Tower 5 data for Tower 4 without noise: 518399 chunks
chunks.shape 518399
chunks[0].shape 5
Loaded Tower 5 data for Tower 5 without noise: 518399 chunks
chunks.shape 518399
chunks[0].shape 5
Loaded Tower 5 data for Tower 6 without noise: 518399 chunks
chunks.shape 518399
chunks[0].shape 5
Loaded Tower 5 data for Tower 7 with same noise (chunks 60-80): 518399 chunks
chunks.shape 518399
chunks[0].shape 5
Loaded Tower 5 data for Tower 8 with same noise (chunks 60-80): 518399 chunks
chunks.shape 518399
chunks[0].shape 5
Loaded Tower 5 data for Tower 9 with same noise (chunks 60-80): 518399 chunks
chunks.shape 518399
chunks[0].shape 5
Loaded Tower 5 data for Tower 10 with random noise (chunks 60-80): 518399 chunks
chunks.shape 518399
chunks[0].shape 5
Loaded Tower 5 data for Tower 11 with random noise (chunks 60-80): 518399 chunks
X.shape (10, 5)
s1 and s2 score at iteration 0
S_1 [1.0, 1.0, 1.0, 1.0, 1.0, 1.0, 1.0, 1.0, 1.0, 1.0]
S_2 [0.1, 0.1, 0.1, 0.1, 0.1, 0.1, 0.1, 0.1, 0.1, 0.1]
Trust scores at iteration 1: [0.0, 0.0, 0.0, 0.0, 0.0, 0.0, 0.0, 0.0, 0.0, 0.0]
Trust scores_s1 at iteration 1: [0.07500000000000001, 0.07500000000000001, 0.07500000000000001, 0.07500000000000001, 0.07500000000000001, 0.07500000000000001, 0.07500000000000001, 0.07500000000000001, 0.07500000000000001, 0.07500000000000001]
Trust scores_s2 at iteration 1: [0.07500000000000001, 0.07500000000000001, 0.07500000000000001, 0.07500000000000001, 0.07500000000000001, 0.07500000000000001, 0.07500000000000001, 0.07500000000000001, 0.07500000000000001, 0.07500000000000001]
X.shape (10, 5)
s1 and s2 score at iteration 1
S_1 [1.0, 1.0, 1.0, 1.0, 1.0, 1.0, 1.0, 1.0, 1.0, 1.0]
S_2 [0.1, 0.1, 0.1, 0.1, 0.1, 0.1, 0.1, 0.1, 0.1, 0.1]
Trust scores at iteration 2: [0.0, 0.0, 0.0, 0.0, 0.0, 0.0, 0.0, 0.0, 0.0, 0.0]
Trust scores_s1 at iteration 2: [0.13875, 0.13875, 0.13875, 0.13875, 0.13875, 0.13875, 0.13875, 0.13875, 0.13875, 0.13875]
Trust scores_s2 at iteration 2: [0.13875, 0.13875, 0.13875, 0.13875, 0.13875, 0.13875, 0.13875, 0.13875, 0.13875, 0.13875]
X.shape (10, 5)
s1 and s2 score at iteration 2
S_1 [1.0, 1.0, 1.0, 1.0, 1.0, 1.0, 1.0, 1.0, 1.0, 1.0]
S_2 [0.1, 0.1, 0.1, 0.1, 0.1, 0.1, 0.1, 0.1, 0.1, 0.1]
Trust scores at iteration 3: [0.0, 0.0, 0.0, 0.0, 0.0, 0.0, 0.0, 0.0, 0.0, 0.0]
Trust scores_s1 at iteration 3: [0.1929375, 0.1929375, 0.1929375, 0.1929375, 0.1929375, 0.1929375, 0.1929375, 0.1929375, 0.1929375, 0.1929375]
Trust scores_s2 at iteration 3: [0.1929375, 0.1929375, 0.1929375, 0.1929375, 0.1929375, 0.1929375, 0.1929375, 0.1929375, 0.1929375, 0.1929375]
X.shape (10, 5)
s1 and s2 score at iteration 3
S_1 [1.0, 1.0, 1.0, 1.0, 1.0, 1.0, 1.0, 1.0, 1.0, 1.0]
S_2 [0.1, 0.1, 0.1, 0.1, 0.1, 0.1, 0.1, 0.1, 0.1, 0.1]
Trust scores at iteration 4: [0.0, 0.0, 0.0, 0.0, 0.0, 0.0, 0.0, 0.0, 0.0, 0.0]
Trust scores_s1 at iteration 4: [0.23899687500000003, 0.23899687500000003, 0.23899687500000003, 0.23899687500000003, 0.23899687500000003, 0.23899687500000003, 0.23899687500000003, 0.23899687500000003, 0.23899687500000003, 0.23899687500000003]
Trust scores_s2 at iteration 4: [0.23899687500000003, 0.23899687500000003, 0.23899687500000003, 0.23899687500000003, 0.23899687500000003, 0.23899687500000003, 0.23899687500000003, 0.23899687500000003, 0.23899687500000003, 0.23899687500000003]
X.shape (10, 5)
s1 and s2 score at iteration 4
S_1 [0.9999999999999998, 0.9999999999999998, 0.9999999999999998, 0.9999999999999998, 0.9999999999999998, 0.9999999999999998, 0.9999999999999998, 0.9999999999999998, 0.9999999999999998, 0.9999999999999998]
S_2 [0.1, 0.1, 0.1, 0.1, 0.1, 0.1, 0.1, 0.1, 0.1, 0.1]
Trust scores at iteration 5: [0.0, 0.0, 0.0, 0.0, 0.0, 0.0, 0.0, 0.0, 0.0, 0.0]
Trust scores_s1 at iteration 5: [0.27814734375000005, 0.27814734375000005, 0.27814734375000005, 0.27814734375000005, 0.27814734375000005, 0.27814734375000005, 0.27814734375000005, 0.27814734375000005, 0.27814734375000005, 0.27814734375000005]
Trust scores_s2 at iteration 5: [0.27814734375000005, 0.27814734375000005, 0.27814734375000005, 0.27814734375000005, 0.27814734375000005, 0.27814734375000005, 0.27814734375000005, 0.27814734375000005, 0.27814734375000005, 0.27814734375000005]
X.shape (10, 5)
s1 and s2 score at iteration 5
S_1 [1.0, 1.0, 1.0, 1.0, 1.0, 1.0, 1.0, 1.0, 1.0, 1.0]
S_2 [0.1, 0.1, 0.1, 0.1, 0.1, 0.1, 0.1, 0.1, 0.1, 0.1]
Trust scores at iteration 6: [0.0, 0.0, 0.0, 0.0, 0.0, 0.0, 0.0, 0.0, 0.0, 0.0]
Trust scores_s1 at iteration 6: [0.31142524218750006, 0.31142524218750006, 0.31142524218750006, 0.31142524218750006, 0.31142524218750006, 0.31142524218750006, 0.31142524218750006, 0.31142524218750006, 0.31142524218750006, 0.31142524218750006]
Trust scores_s2 at iteration 6: [0.31142524218750006, 0.31142524218750006, 0.31142524218750006, 0.31142524218750006, 0.31142524218750006, 0.31142524218750006, 0.31142524218750006, 0.31142524218750006, 0.31142524218750006, 0.31142524218750006]
X.shape (10, 5)
s1 and s2 score at iteration 6
S_1 [1.0, 1.0, 1.0, 1.0, 1.0, 1.0, 1.0, 1.0, 1.0, 1.0]
S_2 [0.1, 0.1, 0.1, 0.1, 0.1, 0.1, 0.1, 0.1, 0.1, 0.1]
Trust scores at iteration 7: [0.0, 0.0, 0.0, 0.0, 0.0, 0.0, 0.0, 0.0, 0.0, 0.0]
Trust scores_s1 at iteration 7: [0.33971145585937507, 0.33971145585937507, 0.33971145585937507, 0.33971145585937507, 0.33971145585937507, 0.33971145585937507, 0.33971145585937507, 0.33971145585937507, 0.33971145585937507, 0.33971145585937507]
Trust scores_s2 at iteration 7: [0.33971145585937507, 0.33971145585937507, 0.33971145585937507, 0.33971145585937507, 0.33971145585937507, 0.33971145585937507, 0.33971145585937507, 0.33971145585937507, 0.33971145585937507, 0.33971145585937507]
X.shape (10, 5)
s1 and s2 score at iteration 7
S_1 [0.9999999999999998, 0.9999999999999998, 0.9999999999999998, 0.9999999999999998, 0.9999999999999998, 0.9999999999999998, 0.9999999999999998, 0.9999999999999998, 0.9999999999999998, 0.9999999999999998]
S_2 [0.1, 0.1, 0.1, 0.1, 0.1, 0.1, 0.1, 0.1, 0.1, 0.1]
Trust scores at iteration 8: [0.0, 0.0, 0.0, 0.0, 0.0, 0.0, 0.0, 0.0, 0.0, 0.0]
Trust scores_s1 at iteration 8: [0.3637547374804688, 0.3637547374804688, 0.3637547374804688, 0.3637547374804688, 0.3637547374804688, 0.3637547374804688, 0.3637547374804688, 0.3637547374804688, 0.3637547374804688, 0.3637547374804688]
Trust scores_s2 at iteration 8: [0.3637547374804688, 0.3637547374804688, 0.3637547374804688, 0.3637547374804688, 0.3637547374804688, 0.3637547374804688, 0.3637547374804688, 0.3637547374804688, 0.3637547374804688, 0.3637547374804688]
X.shape (10, 5)
s1 and s2 score at iteration 8
S_1 [1.0, 1.0, 1.0, 1.0, 1.0, 1.0, 1.0, 1.0, 1.0, 1.0]
S_2 [0.1, 0.1, 0.1, 0.1, 0.1, 0.1, 0.1, 0.1, 0.1, 0.1]
Trust scores at iteration 9: [0.0, 0.0, 0.0, 0.0, 0.0, 0.0, 0.0, 0.0, 0.0, 0.0]
Trust scores_s1 at iteration 9: [0.3841915268583985, 0.3841915268583985, 0.3841915268583985, 0.3841915268583985, 0.3841915268583985, 0.3841915268583985, 0.3841915268583985, 0.3841915268583985, 0.3841915268583985, 0.3841915268583985]
Trust scores_s2 at iteration 9: [0.3841915268583985, 0.3841915268583985, 0.3841915268583985, 0.3841915268583985, 0.3841915268583985, 0.3841915268583985, 0.3841915268583985, 0.3841915268583985, 0.3841915268583985, 0.3841915268583985]
X.shape (10, 5)
s1 and s2 score at iteration 9
S_1 [1.0, 1.0, 1.0, 1.0, 1.0, 1.0, 1.0, 1.0, 1.0, 1.0]
S_2 [0.1, 0.1, 0.1, 0.1, 0.1, 0.1, 0.1, 0.1, 0.1, 0.1]
Trust scores at iteration 10: [0.0, 0.0, 0.0, 0.0, 0.0, 0.0, 0.0, 0.0, 0.0, 0.0]
Trust scores_s1 at iteration 10: [0.4015627978296388, 0.4015627978296388, 0.4015627978296388, 0.4015627978296388, 0.4015627978296388, 0.4015627978296388, 0.4015627978296388, 0.4015627978296388, 0.4015627978296388, 0.4015627978296388]
Trust scores_s2 at iteration 10: [0.4015627978296388, 0.4015627978296388, 0.4015627978296388, 0.4015627978296388, 0.4015627978296388, 0.4015627978296388, 0.4015627978296388, 0.4015627978296388, 0.4015627978296388, 0.4015627978296388]
X.shape (10, 5)
s1 and s2 score at iteration 10
S_1 [1.0, 1.0, 1.0, 1.0, 1.0, 1.0, 1.0, 1.0, 1.0, 1.0]
S_2 [0.1, 0.1, 0.1, 0.1, 0.1, 0.1, 0.1, 0.1, 0.1, 0.1]
Trust scores at iteration 11: [0.0, 0.0, 0.0, 0.0, 0.0, 0.0, 0.0, 0.0, 0.0, 0.0]
Trust scores_s1 at iteration 11: [0.41632837815519297, 0.41632837815519297, 0.41632837815519297, 0.41632837815519297, 0.41632837815519297, 0.41632837815519297, 0.41632837815519297, 0.41632837815519297, 0.41632837815519297, 0.41632837815519297]
Trust scores_s2 at iteration 11: [0.41632837815519297, 0.41632837815519297, 0.41632837815519297, 0.41632837815519297, 0.41632837815519297, 0.41632837815519297, 0.41632837815519297, 0.41632837815519297, 0.41632837815519297, 0.41632837815519297]
X.shape (10, 5)
s1 and s2 score at iteration 11
S_1 [1.0, 1.0, 1.0, 1.0, 1.0, 1.0, 1.0, 1.0, 1.0, 1.0]
S_2 [0.1, 0.1, 0.1, 0.1, 0.1, 0.1, 0.1, 0.1, 0.1, 0.1]
Trust scores at iteration 12: [0.0, 0.0, 0.0, 0.0, 0.0, 0.0, 0.0, 0.0, 0.0, 0.0]
Trust scores_s1 at iteration 12: [0.42887912143191403, 0.42887912143191403, 0.42887912143191403, 0.42887912143191403, 0.42887912143191403, 0.42887912143191403, 0.42887912143191403, 0.42887912143191403, 0.42887912143191403, 0.42887912143191403]
Trust scores_s2 at iteration 12: [0.42887912143191403, 0.42887912143191403, 0.42887912143191403, 0.42887912143191403, 0.42887912143191403, 0.42887912143191403, 0.42887912143191403, 0.42887912143191403, 0.42887912143191403, 0.42887912143191403]
X.shape (10, 5)
s1 and s2 score at iteration 12
S_1 [1.0, 1.0, 1.0, 1.0, 1.0, 1.0, 1.0, 1.0, 1.0, 1.0]
S_2 [0.1, 0.1, 0.1, 0.1, 0.1, 0.1, 0.1, 0.1, 0.1, 0.1]
Trust scores at iteration 13: [0.0, 0.0, 0.0, 0.0, 0.0, 0.0, 0.0, 0.0, 0.0, 0.0]
Trust scores_s1 at iteration 13: [0.43954725321712695, 0.43954725321712695, 0.43954725321712695, 0.43954725321712695, 0.43954725321712695, 0.43954725321712695, 0.43954725321712695, 0.43954725321712695, 0.43954725321712695, 0.43954725321712695]
Trust scores_s2 at iteration 13: [0.43954725321712695, 0.43954725321712695, 0.43954725321712695, 0.43954725321712695, 0.43954725321712695, 0.43954725321712695, 0.43954725321712695, 0.43954725321712695, 0.43954725321712695, 0.43954725321712695]
X.shape (10, 5)
s1 and s2 score at iteration 13
S_1 [1.0, 1.0, 1.0, 1.0, 1.0, 1.0, 1.0, 1.0, 1.0, 1.0]
S_2 [0.1, 0.1, 0.1, 0.1, 0.1, 0.1, 0.1, 0.1, 0.1, 0.1]
Trust scores at iteration 14: [0.0, 0.0, 0.0, 0.0, 0.0, 0.0, 0.0, 0.0, 0.0, 0.0]
Trust scores_s1 at iteration 14: [0.4486151652345579, 0.4486151652345579, 0.4486151652345579, 0.4486151652345579, 0.4486151652345579, 0.4486151652345579, 0.4486151652345579, 0.4486151652345579, 0.4486151652345579, 0.4486151652345579]
Trust scores_s2 at iteration 14: [0.4486151652345579, 0.4486151652345579, 0.4486151652345579, 0.4486151652345579, 0.4486151652345579, 0.4486151652345579, 0.4486151652345579, 0.4486151652345579, 0.4486151652345579, 0.4486151652345579]
X.shape (10, 5)
s1 and s2 score at iteration 14
S_1 [1.0, 1.0, 1.0, 1.0, 1.0, 1.0, 1.0, 1.0, 1.0, 1.0]
S_2 [0.1, 0.1, 0.1, 0.1, 0.1, 0.1, 0.1, 0.1, 0.1, 0.1]
Trust scores at iteration 15: [0.0, 0.0, 0.0, 0.0, 0.0, 0.0, 0.0, 0.0, 0.0, 0.0]
Trust scores_s1 at iteration 15: [0.45632289044937424, 0.45632289044937424, 0.45632289044937424, 0.45632289044937424, 0.45632289044937424, 0.45632289044937424, 0.45632289044937424, 0.45632289044937424, 0.45632289044937424, 0.45632289044937424]
Trust scores_s2 at iteration 15: [0.45632289044937424, 0.45632289044937424, 0.45632289044937424, 0.45632289044937424, 0.45632289044937424, 0.45632289044937424, 0.45632289044937424, 0.45632289044937424, 0.45632289044937424, 0.45632289044937424]
X.shape (10, 5)
s1 and s2 score at iteration 15
S_1 [0.9999999999999998, 0.9999999999999998, 0.9999999999999998, 0.9999999999999998, 0.9999999999999998, 0.9999999999999998, 0.9999999999999998, 0.9999999999999998, 0.9999999999999998, 0.9999999999999998]
S_2 [0.1, 0.1, 0.1, 0.1, 0.1, 0.1, 0.1, 0.1, 0.1, 0.1]
Trust scores at iteration 16: [0.0, 0.0, 0.0, 0.0, 0.0, 0.0, 0.0, 0.0, 0.0, 0.0]
Trust scores_s1 at iteration 16: [0.4628744568819681, 0.4628744568819681, 0.4628744568819681, 0.4628744568819681, 0.4628744568819681, 0.4628744568819681, 0.4628744568819681, 0.4628744568819681, 0.4628744568819681, 0.4628744568819681]
Trust scores_s2 at iteration 16: [0.4628744568819681, 0.4628744568819681, 0.4628744568819681, 0.4628744568819681, 0.4628744568819681, 0.4628744568819681, 0.4628744568819681, 0.4628744568819681, 0.4628744568819681, 0.4628744568819681]
X.shape (10, 5)
s1 and s2 score at iteration 16
S_1 [1.0, 1.0, 1.0, 1.0, 1.0, 1.0, 1.0, 1.0, 1.0, 1.0]
S_2 [0.1, 0.1, 0.1, 0.1, 0.1, 0.1, 0.1, 0.1, 0.1, 0.1]
Trust scores at iteration 17: [0.0, 0.0, 0.0, 0.0, 0.0, 0.0, 0.0, 0.0, 0.0, 0.0]
Trust scores_s1 at iteration 17: [0.46844328834967286, 0.46844328834967286, 0.46844328834967286, 0.46844328834967286, 0.46844328834967286, 0.46844328834967286, 0.46844328834967286, 0.46844328834967286, 0.46844328834967286, 0.46844328834967286]
Trust scores_s2 at iteration 17: [0.46844328834967286, 0.46844328834967286, 0.46844328834967286, 0.46844328834967286, 0.46844328834967286, 0.46844328834967286, 0.46844328834967286, 0.46844328834967286, 0.46844328834967286, 0.46844328834967286]
X.shape (10, 5)
s1 and s2 score at iteration 17
S_1 [1.0, 1.0, 1.0, 1.0, 1.0, 1.0, 1.0, 1.0, 1.0, 1.0]
S_2 [0.1, 0.1, 0.1, 0.1, 0.1, 0.1, 0.1, 0.1, 0.1, 0.1]
Trust scores at iteration 18: [0.0, 0.0, 0.0, 0.0, 0.0, 0.0, 0.0, 0.0, 0.0, 0.0]
Trust scores_s1 at iteration 18: [0.47317679509722194, 0.47317679509722194, 0.47317679509722194, 0.47317679509722194, 0.47317679509722194, 0.47317679509722194, 0.47317679509722194, 0.47317679509722194, 0.47317679509722194, 0.47317679509722194]
Trust scores_s2 at iteration 18: [0.47317679509722194, 0.47317679509722194, 0.47317679509722194, 0.47317679509722194, 0.47317679509722194, 0.47317679509722194, 0.47317679509722194, 0.47317679509722194, 0.47317679509722194, 0.47317679509722194]
X.shape (10, 5)
s1 and s2 score at iteration 18
S_1 [1.0, 1.0, 1.0, 1.0, 1.0, 1.0, 1.0, 1.0, 1.0, 1.0]
S_2 [0.1, 0.1, 0.1, 0.1, 0.1, 0.1, 0.1, 0.1, 0.1, 0.1]
Trust scores at iteration 19: [0.0, 0.0, 0.0, 0.0, 0.0, 0.0, 0.0, 0.0, 0.0, 0.0]
Trust scores_s1 at iteration 19: [0.47720027583263863, 0.47720027583263863, 0.47720027583263863, 0.47720027583263863, 0.47720027583263863, 0.47720027583263863, 0.47720027583263863, 0.47720027583263863, 0.47720027583263863, 0.47720027583263863]
Trust scores_s2 at iteration 19: [0.47720027583263863, 0.47720027583263863, 0.47720027583263863, 0.47720027583263863, 0.47720027583263863, 0.47720027583263863, 0.47720027583263863, 0.47720027583263863, 0.47720027583263863, 0.47720027583263863]
X.shape (10, 5)
s1 and s2 score at iteration 19
S_1 [1.0, 1.0, 1.0, 1.0, 1.0, 1.0, 1.0, 1.0, 1.0, 1.0]
S_2 [0.1, 0.1, 0.1, 0.1, 0.1, 0.1, 0.1, 0.1, 0.1, 0.1]
Trust scores at iteration 20: [0.0, 0.0, 0.0, 0.0, 0.0, 0.0, 0.0, 0.0, 0.0, 0.0]
Trust scores_s1 at iteration 20: [0.4806202344577428, 0.4806202344577428, 0.4806202344577428, 0.4806202344577428, 0.4806202344577428, 0.4806202344577428, 0.4806202344577428, 0.4806202344577428, 0.4806202344577428, 0.4806202344577428]
Trust scores_s2 at iteration 20: [0.4806202344577428, 0.4806202344577428, 0.4806202344577428, 0.4806202344577428, 0.4806202344577428, 0.4806202344577428, 0.4806202344577428, 0.4806202344577428, 0.4806202344577428, 0.4806202344577428]
X.shape (10, 5)
s1 and s2 score at iteration 20
S_1 [1.0, 1.0, 1.0, 1.0, 1.0, 1.0, 1.0, 1.0, 1.0, 1.0]
S_2 [0.1, 0.1, 0.1, 0.1, 0.1, 0.1, 0.1, 0.1, 0.1, 0.1]
Trust scores at iteration 21: [0.0, 0.0, 0.0, 0.0, 0.0, 0.0, 0.0, 0.0, 0.0, 0.0]
Trust scores_s1 at iteration 21: [0.4835271992890814, 0.4835271992890814, 0.4835271992890814, 0.4835271992890814, 0.4835271992890814, 0.4835271992890814, 0.4835271992890814, 0.4835271992890814, 0.4835271992890814, 0.4835271992890814]
Trust scores_s2 at iteration 21: [0.4835271992890814, 0.4835271992890814, 0.4835271992890814, 0.4835271992890814, 0.4835271992890814, 0.4835271992890814, 0.4835271992890814, 0.4835271992890814, 0.4835271992890814, 0.4835271992890814]
X.shape (10, 5)
s1 and s2 score at iteration 21
S_1 [1.0, 1.0, 1.0, 1.0, 1.0, 1.0, 1.0, 1.0, 1.0, 1.0]
S_2 [0.1, 0.1, 0.1, 0.1, 0.1, 0.1, 0.1, 0.1, 0.1, 0.1]
Trust scores at iteration 22: [0.0, 0.0, 0.0, 0.0, 0.0, 0.0, 0.0, 0.0, 0.0, 0.0]
Trust scores_s1 at iteration 22: [0.4859981193957192, 0.4859981193957192, 0.4859981193957192, 0.4859981193957192, 0.4859981193957192, 0.4859981193957192, 0.4859981193957192, 0.4859981193957192, 0.4859981193957192, 0.4859981193957192]
Trust scores_s2 at iteration 22: [0.4859981193957192, 0.4859981193957192, 0.4859981193957192, 0.4859981193957192, 0.4859981193957192, 0.4859981193957192, 0.4859981193957192, 0.4859981193957192, 0.4859981193957192, 0.4859981193957192]
X.shape (10, 5)
s1 and s2 score at iteration 22
S_1 [1.0, 1.0, 1.0, 1.0, 1.0, 1.0, 1.0, 1.0, 1.0, 1.0]
S_2 [0.1, 0.1, 0.1, 0.1, 0.1, 0.1, 0.1, 0.1, 0.1, 0.1]
Trust scores at iteration 23: [0.0, 0.0, 0.0, 0.0, 0.0, 0.0, 0.0, 0.0, 0.0, 0.0]
Trust scores_s1 at iteration 23: [0.4880984014863613, 0.4880984014863613, 0.4880984014863613, 0.4880984014863613, 0.4880984014863613, 0.4880984014863613, 0.4880984014863613, 0.4880984014863613, 0.4880984014863613, 0.4880984014863613]
Trust scores_s2 at iteration 23: [0.4880984014863613, 0.4880984014863613, 0.4880984014863613, 0.4880984014863613, 0.4880984014863613, 0.4880984014863613, 0.4880984014863613, 0.4880984014863613, 0.4880984014863613, 0.4880984014863613]
X.shape (10, 5)
s1 and s2 score at iteration 23
S_1 [0.9999999999999998, 0.9999999999999998, 0.9999999999999998, 0.9999999999999998, 0.9999999999999998, 0.9999999999999998, 0.9999999999999998, 0.9999999999999998, 0.9999999999999998, 0.9999999999999998]
S_2 [0.1, 0.1, 0.1, 0.1, 0.1, 0.1, 0.1, 0.1, 0.1, 0.1]
Trust scores at iteration 24: [0.0, 0.0, 0.0, 0.0, 0.0, 0.0, 0.0, 0.0, 0.0, 0.0]
Trust scores_s1 at iteration 24: [0.4898836412634071, 0.4898836412634071, 0.4898836412634071, 0.4898836412634071, 0.4898836412634071, 0.4898836412634071, 0.4898836412634071, 0.4898836412634071, 0.4898836412634071, 0.4898836412634071]
Trust scores_s2 at iteration 24: [0.4898836412634071, 0.4898836412634071, 0.4898836412634071, 0.4898836412634071, 0.4898836412634071, 0.4898836412634071, 0.4898836412634071, 0.4898836412634071, 0.4898836412634071, 0.4898836412634071]
X.shape (10, 5)
s1 and s2 score at iteration 24
S_1 [0.9999999999999998, 0.9999999999999998, 0.9999999999999998, 0.9999999999999998, 0.9999999999999998, 0.9999999999999998, 0.9999999999999998, 0.9999999999999998, 0.9999999999999998, 0.9999999999999998]
S_2 [0.1, 0.1, 0.1, 0.1, 0.1, 0.1, 0.1, 0.1, 0.1, 0.1]
Trust scores at iteration 25: [0.0, 0.0, 0.0, 0.0, 0.0, 0.0, 0.0, 0.0, 0.0, 0.0]
Trust scores_s1 at iteration 25: [0.49140109507389607, 0.49140109507389607, 0.49140109507389607, 0.49140109507389607, 0.49140109507389607, 0.49140109507389607, 0.49140109507389607, 0.49140109507389607, 0.49140109507389607, 0.49140109507389607]
Trust scores_s2 at iteration 25: [0.49140109507389607, 0.49140109507389607, 0.49140109507389607, 0.49140109507389607, 0.49140109507389607, 0.49140109507389607, 0.49140109507389607, 0.49140109507389607, 0.49140109507389607, 0.49140109507389607]
X.shape (10, 5)
s1 and s2 score at iteration 25
S_1 [1.0, 1.0, 1.0, 1.0, 1.0, 1.0, 1.0, 1.0, 1.0, 1.0]
S_2 [0.1, 0.1, 0.1, 0.1, 0.1, 0.1, 0.1, 0.1, 0.1, 0.1]
Trust scores at iteration 26: [0.0, 0.0, 0.0, 0.0, 0.0, 0.0, 0.0, 0.0, 0.0, 0.0]
Trust scores_s1 at iteration 26: [0.4926909308128117, 0.4926909308128117, 0.4926909308128117, 0.4926909308128117, 0.4926909308128117, 0.4926909308128117, 0.4926909308128117, 0.4926909308128117, 0.4926909308128117, 0.4926909308128117]
Trust scores_s2 at iteration 26: [0.4926909308128117, 0.4926909308128117, 0.4926909308128117, 0.4926909308128117, 0.4926909308128117, 0.4926909308128117, 0.4926909308128117, 0.4926909308128117, 0.4926909308128117, 0.4926909308128117]
X.shape (10, 5)
s1 and s2 score at iteration 26
S_1 [1.0, 1.0, 1.0, 1.0, 1.0, 1.0, 1.0, 1.0, 1.0, 1.0]
S_2 [0.1, 0.1, 0.1, 0.1, 0.1, 0.1, 0.1, 0.1, 0.1, 0.1]
Trust scores at iteration 27: [0.0, 0.0, 0.0, 0.0, 0.0, 0.0, 0.0, 0.0, 0.0, 0.0]
Trust scores_s1 at iteration 27: [0.49378729119088993, 0.49378729119088993, 0.49378729119088993, 0.49378729119088993, 0.49378729119088993, 0.49378729119088993, 0.49378729119088993, 0.49378729119088993, 0.49378729119088993, 0.49378729119088993]
Trust scores_s2 at iteration 27: [0.49378729119088993, 0.49378729119088993, 0.49378729119088993, 0.49378729119088993, 0.49378729119088993, 0.49378729119088993, 0.49378729119088993, 0.49378729119088993, 0.49378729119088993, 0.49378729119088993]
X.shape (10, 5)
s1 and s2 score at iteration 27
S_1 [1.0, 1.0, 1.0, 1.0, 1.0, 1.0, 1.0, 1.0, 1.0, 1.0]
S_2 [0.1, 0.1, 0.1, 0.1, 0.1, 0.1, 0.1, 0.1, 0.1, 0.1]
Trust scores at iteration 28: [0.0, 0.0, 0.0, 0.0, 0.0, 0.0, 0.0, 0.0, 0.0, 0.0]
Trust scores_s1 at iteration 28: [0.49471919751225646, 0.49471919751225646, 0.49471919751225646, 0.49471919751225646, 0.49471919751225646, 0.49471919751225646, 0.49471919751225646, 0.49471919751225646, 0.49471919751225646, 0.49471919751225646]
Trust scores_s2 at iteration 28: [0.49471919751225646, 0.49471919751225646, 0.49471919751225646, 0.49471919751225646, 0.49471919751225646, 0.49471919751225646, 0.49471919751225646, 0.49471919751225646, 0.49471919751225646, 0.49471919751225646]
X.shape (10, 5)
s1 and s2 score at iteration 28
S_1 [1.0, 1.0, 1.0, 1.0, 1.0, 1.0, 1.0, 1.0, 1.0, 1.0]
S_2 [0.1, 0.1, 0.1, 0.1, 0.1, 0.1, 0.1, 0.1, 0.1, 0.1]
Trust scores at iteration 29: [0.0, 0.0, 0.0, 0.0, 0.0, 0.0, 0.0, 0.0, 0.0, 0.0]
Trust scores_s1 at iteration 29: [0.49551131788541797, 0.49551131788541797, 0.49551131788541797, 0.49551131788541797, 0.49551131788541797, 0.49551131788541797, 0.49551131788541797, 0.49551131788541797, 0.49551131788541797, 0.49551131788541797]
Trust scores_s2 at iteration 29: [0.49551131788541797, 0.49551131788541797, 0.49551131788541797, 0.49551131788541797, 0.49551131788541797, 0.49551131788541797, 0.49551131788541797, 0.49551131788541797, 0.49551131788541797, 0.49551131788541797]
X.shape (10, 5)
s1 and s2 score at iteration 29
S_1 [1.0, 1.0, 1.0, 1.0, 1.0, 1.0, 1.0, 1.0, 1.0, 1.0]
S_2 [0.1, 0.1, 0.1, 0.1, 0.1, 0.1, 0.1, 0.1, 0.1, 0.1]
Trust scores at iteration 30: [0.0, 0.0, 0.0, 0.0, 0.0, 0.0, 0.0, 0.0, 0.0, 0.0]
Trust scores_s1 at iteration 30: [0.4961846202026053, 0.4961846202026053, 0.4961846202026053, 0.4961846202026053, 0.4961846202026053, 0.4961846202026053, 0.4961846202026053, 0.4961846202026053, 0.4961846202026053, 0.4961846202026053]
Trust scores_s2 at iteration 30: [0.4961846202026053, 0.4961846202026053, 0.4961846202026053, 0.4961846202026053, 0.4961846202026053, 0.4961846202026053, 0.4961846202026053, 0.4961846202026053, 0.4961846202026053, 0.4961846202026053]
X.shape (10, 5)
s1 and s2 score at iteration 30
S_1 [1.0, 1.0, 1.0, 1.0, 1.0, 1.0, 1.0, 1.0, 1.0, 1.0]
S_2 [0.1, 0.1, 0.1, 0.1, 0.1, 0.1, 0.1, 0.1, 0.1, 0.1]
Trust scores at iteration 31: [0.0, 0.0, 0.0, 0.0, 0.0, 0.0, 0.0, 0.0, 0.0, 0.0]
Trust scores_s1 at iteration 31: [0.4967569271722145, 0.4967569271722145, 0.4967569271722145, 0.4967569271722145, 0.4967569271722145, 0.4967569271722145, 0.4967569271722145, 0.4967569271722145, 0.4967569271722145, 0.4967569271722145]
Trust scores_s2 at iteration 31: [0.4967569271722145, 0.4967569271722145, 0.4967569271722145, 0.4967569271722145, 0.4967569271722145, 0.4967569271722145, 0.4967569271722145, 0.4967569271722145, 0.4967569271722145, 0.4967569271722145]
X.shape (10, 5)
s1 and s2 score at iteration 31
S_1 [1.0, 1.0, 1.0, 1.0, 1.0, 1.0, 1.0, 1.0, 1.0, 1.0]
S_2 [0.1, 0.1, 0.1, 0.1, 0.1, 0.1, 0.1, 0.1, 0.1, 0.1]
Trust scores at iteration 32: [0.0, 0.0, 0.0, 0.0, 0.0, 0.0, 0.0, 0.0, 0.0, 0.0]
Trust scores_s1 at iteration 32: [0.4972433880963823, 0.4972433880963823, 0.4972433880963823, 0.4972433880963823, 0.4972433880963823, 0.4972433880963823, 0.4972433880963823, 0.4972433880963823, 0.4972433880963823, 0.4972433880963823]
Trust scores_s2 at iteration 32: [0.4972433880963823, 0.4972433880963823, 0.4972433880963823, 0.4972433880963823, 0.4972433880963823, 0.4972433880963823, 0.4972433880963823, 0.4972433880963823, 0.4972433880963823, 0.4972433880963823]
X.shape (10, 5)
s1 and s2 score at iteration 32
S_1 [0.9999999999999998, 0.9999999999999998, 0.9999999999999998, 0.9999999999999998, 0.9999999999999998, 0.9999999999999998, 0.9999999999999998, 0.9999999999999998, 0.9999999999999998, 0.9999999999999998]
S_2 [0.1, 0.1, 0.1, 0.1, 0.1, 0.1, 0.1, 0.1, 0.1, 0.1]
Trust scores at iteration 33: [0.0, 0.0, 0.0, 0.0, 0.0, 0.0, 0.0, 0.0, 0.0, 0.0]
Trust scores_s1 at iteration 33: [0.497656879881925, 0.497656879881925, 0.497656879881925, 0.497656879881925, 0.497656879881925, 0.497656879881925, 0.497656879881925, 0.497656879881925, 0.497656879881925, 0.497656879881925]
Trust scores_s2 at iteration 33: [0.497656879881925, 0.497656879881925, 0.497656879881925, 0.497656879881925, 0.497656879881925, 0.497656879881925, 0.497656879881925, 0.497656879881925, 0.497656879881925, 0.497656879881925]
X.shape (10, 5)
s1 and s2 score at iteration 33
S_1 [1.0, 1.0, 1.0, 1.0, 1.0, 1.0, 1.0, 1.0, 1.0, 1.0]
S_2 [0.1, 0.1, 0.1, 0.1, 0.1, 0.1, 0.1, 0.1, 0.1, 0.1]
Trust scores at iteration 34: [0.0, 0.0, 0.0, 0.0, 0.0, 0.0, 0.0, 0.0, 0.0, 0.0]
Trust scores_s1 at iteration 34: [0.4980083478996362, 0.4980083478996362, 0.4980083478996362, 0.4980083478996362, 0.4980083478996362, 0.4980083478996362, 0.4980083478996362, 0.4980083478996362, 0.4980083478996362, 0.4980083478996362]
Trust scores_s2 at iteration 34: [0.4980083478996362, 0.4980083478996362, 0.4980083478996362, 0.4980083478996362, 0.4980083478996362, 0.4980083478996362, 0.4980083478996362, 0.4980083478996362, 0.4980083478996362, 0.4980083478996362]
X.shape (10, 5)
s1 and s2 score at iteration 34
S_1 [1.0, 1.0, 1.0, 1.0, 1.0, 1.0, 1.0, 1.0, 1.0, 1.0]
S_2 [0.1, 0.1, 0.1, 0.1, 0.1, 0.1, 0.1, 0.1, 0.1, 0.1]
Trust scores at iteration 35: [0.0, 0.0, 0.0, 0.0, 0.0, 0.0, 0.0, 0.0, 0.0, 0.0]
Trust scores_s1 at iteration 35: [0.4983070957146908, 0.4983070957146908, 0.4983070957146908, 0.4983070957146908, 0.4983070957146908, 0.4983070957146908, 0.4983070957146908, 0.4983070957146908, 0.4983070957146908, 0.4983070957146908]
Trust scores_s2 at iteration 35: [0.4983070957146908, 0.4983070957146908, 0.4983070957146908, 0.4983070957146908, 0.4983070957146908, 0.4983070957146908, 0.4983070957146908, 0.4983070957146908, 0.4983070957146908, 0.4983070957146908]
X.shape (10, 5)
s1 and s2 score at iteration 35
S_1 [0.9999999999999998, 0.9999999999999998, 0.9999999999999998, 0.9999999999999998, 0.9999999999999998, 0.9999999999999998, 0.9999999999999998, 0.9999999999999998, 0.9999999999999998, 0.9999999999999998]
S_2 [0.1, 0.1, 0.1, 0.1, 0.1, 0.1, 0.1, 0.1, 0.1, 0.1]
Trust scores at iteration 36: [0.0, 0.0, 0.0, 0.0, 0.0, 0.0, 0.0, 0.0, 0.0, 0.0]
Trust scores_s1 at iteration 36: [0.4985610313574872, 0.4985610313574872, 0.4985610313574872, 0.4985610313574872, 0.4985610313574872, 0.4985610313574872, 0.4985610313574872, 0.4985610313574872, 0.4985610313574872, 0.4985610313574872]
Trust scores_s2 at iteration 36: [0.4985610313574872, 0.4985610313574872, 0.4985610313574872, 0.4985610313574872, 0.4985610313574872, 0.4985610313574872, 0.4985610313574872, 0.4985610313574872, 0.4985610313574872, 0.4985610313574872]
X.shape (10, 5)
s1 and s2 score at iteration 36
S_1 [1.0, 1.0, 1.0, 1.0, 1.0, 1.0, 1.0, 1.0, 1.0, 1.0]
S_2 [0.1, 0.1, 0.1, 0.1, 0.1, 0.1, 0.1, 0.1, 0.1, 0.1]
Trust scores at iteration 37: [0.0, 0.0, 0.0, 0.0, 0.0, 0.0, 0.0, 0.0, 0.0, 0.0]
Trust scores_s1 at iteration 37: [0.4987768766538641, 0.4987768766538641, 0.4987768766538641, 0.4987768766538641, 0.4987768766538641, 0.4987768766538641, 0.4987768766538641, 0.4987768766538641, 0.4987768766538641, 0.4987768766538641]
Trust scores_s2 at iteration 37: [0.4987768766538641, 0.4987768766538641, 0.4987768766538641, 0.4987768766538641, 0.4987768766538641, 0.4987768766538641, 0.4987768766538641, 0.4987768766538641, 0.4987768766538641, 0.4987768766538641]
X.shape (10, 5)
s1 and s2 score at iteration 37
S_1 [1.0, 1.0, 1.0, 1.0, 1.0, 1.0, 1.0, 1.0, 1.0, 1.0]
S_2 [0.1, 0.1, 0.1, 0.1, 0.1, 0.1, 0.1, 0.1, 0.1, 0.1]
Trust scores at iteration 38: [0.0, 0.0, 0.0, 0.0, 0.0, 0.0, 0.0, 0.0, 0.0, 0.0]
Trust scores_s1 at iteration 38: [0.49896034515578447, 0.49896034515578447, 0.49896034515578447, 0.49896034515578447, 0.49896034515578447, 0.49896034515578447, 0.49896034515578447, 0.49896034515578447, 0.49896034515578447, 0.49896034515578447]
Trust scores_s2 at iteration 38: [0.49896034515578447, 0.49896034515578447, 0.49896034515578447, 0.49896034515578447, 0.49896034515578447, 0.49896034515578447, 0.49896034515578447, 0.49896034515578447, 0.49896034515578447, 0.49896034515578447]
X.shape (10, 5)
s1 and s2 score at iteration 38
S_1 [1.0, 1.0, 1.0, 1.0, 1.0, 1.0, 1.0, 1.0, 1.0, 1.0]
S_2 [0.1, 0.1, 0.1, 0.1, 0.1, 0.1, 0.1, 0.1, 0.1, 0.1]
Trust scores at iteration 39: [0.0, 0.0, 0.0, 0.0, 0.0, 0.0, 0.0, 0.0, 0.0, 0.0]
Trust scores_s1 at iteration 39: [0.4991162933824168, 0.4991162933824168, 0.4991162933824168, 0.4991162933824168, 0.4991162933824168, 0.4991162933824168, 0.4991162933824168, 0.4991162933824168, 0.4991162933824168, 0.4991162933824168]
Trust scores_s2 at iteration 39: [0.4991162933824168, 0.4991162933824168, 0.4991162933824168, 0.4991162933824168, 0.4991162933824168, 0.4991162933824168, 0.4991162933824168, 0.4991162933824168, 0.4991162933824168, 0.4991162933824168]
X.shape (10, 5)
s1 and s2 score at iteration 39
S_1 [1.0, 1.0, 1.0, 1.0, 1.0, 1.0, 1.0, 1.0, 1.0, 1.0]
S_2 [0.1, 0.1, 0.1, 0.1, 0.1, 0.1, 0.1, 0.1, 0.1, 0.1]
Trust scores at iteration 40: [0.0, 0.0, 0.0, 0.0, 0.0, 0.0, 0.0, 0.0, 0.0, 0.0]
Trust scores_s1 at iteration 40: [0.4992488493750543, 0.4992488493750543, 0.4992488493750543, 0.4992488493750543, 0.4992488493750543, 0.4992488493750543, 0.4992488493750543, 0.4992488493750543, 0.4992488493750543, 0.4992488493750543]
Trust scores_s2 at iteration 40: [0.4992488493750543, 0.4992488493750543, 0.4992488493750543, 0.4992488493750543, 0.4992488493750543, 0.4992488493750543, 0.4992488493750543, 0.4992488493750543, 0.4992488493750543, 0.4992488493750543]
X.shape (10, 5)
s1 and s2 score at iteration 40
S_1 [0.9999999999999998, 0.9999999999999998, 0.9999999999999998, 0.9999999999999998, 0.9999999999999998, 0.9999999999999998, 0.9999999999999998, 0.9999999999999998, 0.9999999999999998, 0.9999999999999998]
S_2 [0.1, 0.1, 0.1, 0.1, 0.1, 0.1, 0.1, 0.1, 0.1, 0.1]
Trust scores at iteration 41: [0.0, 0.0, 0.0, 0.0, 0.0, 0.0, 0.0, 0.0, 0.0, 0.0]
Trust scores_s1 at iteration 41: [0.4993615219687962, 0.4993615219687962, 0.4993615219687962, 0.4993615219687962, 0.4993615219687962, 0.4993615219687962, 0.4993615219687962, 0.4993615219687962, 0.4993615219687962, 0.4993615219687962]
Trust scores_s2 at iteration 41: [0.4993615219687962, 0.4993615219687962, 0.4993615219687962, 0.4993615219687962, 0.4993615219687962, 0.4993615219687962, 0.4993615219687962, 0.4993615219687962, 0.4993615219687962, 0.4993615219687962]
X.shape (10, 5)
s1 and s2 score at iteration 41
S_1 [1.0, 1.0, 1.0, 1.0, 1.0, 1.0, 1.0, 1.0, 1.0, 1.0]
S_2 [0.1, 0.1, 0.1, 0.1, 0.1, 0.1, 0.1, 0.1, 0.1, 0.1]
Trust scores at iteration 42: [0.0, 0.0, 0.0, 0.0, 0.0, 0.0, 0.0, 0.0, 0.0, 0.0]
Trust scores_s1 at iteration 42: [0.49945729367347674, 0.49945729367347674, 0.49945729367347674, 0.49945729367347674, 0.49945729367347674, 0.49945729367347674, 0.49945729367347674, 0.49945729367347674, 0.49945729367347674, 0.49945729367347674]
Trust scores_s2 at iteration 42: [0.49945729367347674, 0.49945729367347674, 0.49945729367347674, 0.49945729367347674, 0.49945729367347674, 0.49945729367347674, 0.49945729367347674, 0.49945729367347674, 0.49945729367347674, 0.49945729367347674]
X.shape (10, 5)
s1 and s2 score at iteration 42
S_1 [1.0, 1.0, 1.0, 1.0, 1.0, 1.0, 1.0, 1.0, 1.0, 1.0]
S_2 [0.1, 0.1, 0.1, 0.1, 0.1, 0.1, 0.1, 0.1, 0.1, 0.1]
Trust scores at iteration 43: [0.0, 0.0, 0.0, 0.0, 0.0, 0.0, 0.0, 0.0, 0.0, 0.0]
Trust scores_s1 at iteration 43: [0.49953869962245523, 0.49953869962245523, 0.49953869962245523, 0.49953869962245523, 0.49953869962245523, 0.49953869962245523, 0.49953869962245523, 0.49953869962245523, 0.49953869962245523, 0.49953869962245523]
Trust scores_s2 at iteration 43: [0.49953869962245523, 0.49953869962245523, 0.49953869962245523, 0.49953869962245523, 0.49953869962245523, 0.49953869962245523, 0.49953869962245523, 0.49953869962245523, 0.49953869962245523, 0.49953869962245523]
X.shape (10, 5)
s1 and s2 score at iteration 43
S_1 [1.0, 1.0, 1.0, 1.0, 1.0, 1.0, 1.0, 1.0, 1.0, 1.0]
S_2 [0.1, 0.1, 0.1, 0.1, 0.1, 0.1, 0.1, 0.1, 0.1, 0.1]
Trust scores at iteration 44: [0.0, 0.0, 0.0, 0.0, 0.0, 0.0, 0.0, 0.0, 0.0, 0.0]
Trust scores_s1 at iteration 44: [0.49960789467908695, 0.49960789467908695, 0.49960789467908695, 0.49960789467908695, 0.49960789467908695, 0.49960789467908695, 0.49960789467908695, 0.49960789467908695, 0.49960789467908695, 0.49960789467908695]
Trust scores_s2 at iteration 44: [0.49960789467908695, 0.49960789467908695, 0.49960789467908695, 0.49960789467908695, 0.49960789467908695, 0.49960789467908695, 0.49960789467908695, 0.49960789467908695, 0.49960789467908695, 0.49960789467908695]
X.shape (10, 5)
s1 and s2 score at iteration 44
S_1 [1.0, 1.0, 1.0, 1.0, 1.0, 1.0, 1.0, 1.0, 1.0, 1.0]
S_2 [0.1, 0.1, 0.1, 0.1, 0.1, 0.1, 0.1, 0.1, 0.1, 0.1]
Trust scores at iteration 45: [0.0, 0.0, 0.0, 0.0, 0.0, 0.0, 0.0, 0.0, 0.0, 0.0]
Trust scores_s1 at iteration 45: [0.4996667104772239, 0.4996667104772239, 0.4996667104772239, 0.4996667104772239, 0.4996667104772239, 0.4996667104772239, 0.4996667104772239, 0.4996667104772239, 0.4996667104772239, 0.4996667104772239]
Trust scores_s2 at iteration 45: [0.4996667104772239, 0.4996667104772239, 0.4996667104772239, 0.4996667104772239, 0.4996667104772239, 0.4996667104772239, 0.4996667104772239, 0.4996667104772239, 0.4996667104772239, 0.4996667104772239]
X.shape (10, 5)
s1 and s2 score at iteration 45
S_1 [1.0, 1.0, 1.0, 1.0, 1.0, 1.0, 1.0, 1.0, 1.0, 1.0]
S_2 [0.1, 0.1, 0.1, 0.1, 0.1, 0.1, 0.1, 0.1, 0.1, 0.1]
Trust scores at iteration 46: [0.0, 0.0, 0.0, 0.0, 0.0, 0.0, 0.0, 0.0, 0.0, 0.0]
Trust scores_s1 at iteration 46: [0.4997167039056403, 0.4997167039056403, 0.4997167039056403, 0.4997167039056403, 0.4997167039056403, 0.4997167039056403, 0.4997167039056403, 0.4997167039056403, 0.4997167039056403, 0.4997167039056403]
Trust scores_s2 at iteration 46: [0.4997167039056403, 0.4997167039056403, 0.4997167039056403, 0.4997167039056403, 0.4997167039056403, 0.4997167039056403, 0.4997167039056403, 0.4997167039056403, 0.4997167039056403, 0.4997167039056403]
X.shape (10, 5)
s1 and s2 score at iteration 46
S_1 [1.0, 1.0, 1.0, 1.0, 1.0, 1.0, 1.0, 1.0, 1.0, 1.0]
S_2 [0.1, 0.1, 0.1, 0.1, 0.1, 0.1, 0.1, 0.1, 0.1, 0.1]
Trust scores at iteration 47: [0.0, 0.0, 0.0, 0.0, 0.0, 0.0, 0.0, 0.0, 0.0, 0.0]
Trust scores_s1 at iteration 47: [0.49975919831979426, 0.49975919831979426, 0.49975919831979426, 0.49975919831979426, 0.49975919831979426, 0.49975919831979426, 0.49975919831979426, 0.49975919831979426, 0.49975919831979426, 0.49975919831979426]
Trust scores_s2 at iteration 47: [0.49975919831979426, 0.49975919831979426, 0.49975919831979426, 0.49975919831979426, 0.49975919831979426, 0.49975919831979426, 0.49975919831979426, 0.49975919831979426, 0.49975919831979426, 0.49975919831979426]
X.shape (10, 5)
s1 and s2 score at iteration 47
S_1 [1.0, 1.0, 1.0, 1.0, 1.0, 1.0, 1.0, 1.0, 1.0, 1.0]
S_2 [0.1, 0.1, 0.1, 0.1, 0.1, 0.1, 0.1, 0.1, 0.1, 0.1]
Trust scores at iteration 48: [0.0, 0.0, 0.0, 0.0, 0.0, 0.0, 0.0, 0.0, 0.0, 0.0]
Trust scores_s1 at iteration 48: [0.49979531857182513, 0.49979531857182513, 0.49979531857182513, 0.49979531857182513, 0.49979531857182513, 0.49979531857182513, 0.49979531857182513, 0.49979531857182513, 0.49979531857182513, 0.49979531857182513]
Trust scores_s2 at iteration 48: [0.49979531857182513, 0.49979531857182513, 0.49979531857182513, 0.49979531857182513, 0.49979531857182513, 0.49979531857182513, 0.49979531857182513, 0.49979531857182513, 0.49979531857182513, 0.49979531857182513]
X.shape (10, 5)
s1 and s2 score at iteration 48
S_1 [0.9999999999999998, 0.9999999999999998, 0.9999999999999998, 0.9999999999999998, 0.9999999999999998, 0.9999999999999998, 0.9999999999999998, 0.9999999999999998, 0.9999999999999998, 0.9999999999999998]
S_2 [0.1, 0.1, 0.1, 0.1, 0.1, 0.1, 0.1, 0.1, 0.1, 0.1]
Trust scores at iteration 49: [0.0, 0.0, 0.0, 0.0, 0.0, 0.0, 0.0, 0.0, 0.0, 0.0]
Trust scores_s1 at iteration 49: [0.4998260207860514, 0.4998260207860514, 0.4998260207860514, 0.4998260207860514, 0.4998260207860514, 0.4998260207860514, 0.4998260207860514, 0.4998260207860514, 0.4998260207860514, 0.4998260207860514]
Trust scores_s2 at iteration 49: [0.4998260207860514, 0.4998260207860514, 0.4998260207860514, 0.4998260207860514, 0.4998260207860514, 0.4998260207860514, 0.4998260207860514, 0.4998260207860514, 0.4998260207860514, 0.4998260207860514]
X.shape (10, 5)
s1 and s2 score at iteration 49
S_1 [0.9999999999999998, 0.9999999999999998, 0.9999999999999998, 0.9999999999999998, 0.9999999999999998, 0.9999999999999998, 0.9999999999999998, 0.9999999999999998, 0.9999999999999998, 0.9999999999999998]
S_2 [0.1, 0.1, 0.1, 0.1, 0.1, 0.1, 0.1, 0.1, 0.1, 0.1]
Trust scores at iteration 50: [0.0, 0.0, 0.0, 0.0, 0.0, 0.0, 0.0, 0.0, 0.0, 0.0]
Trust scores_s1 at iteration 50: [0.4998521176681437, 0.4998521176681437, 0.4998521176681437, 0.4998521176681437, 0.4998521176681437, 0.4998521176681437, 0.4998521176681437, 0.4998521176681437, 0.4998521176681437, 0.4998521176681437]
Trust scores_s2 at iteration 50: [0.4998521176681437, 0.4998521176681437, 0.4998521176681437, 0.4998521176681437, 0.4998521176681437, 0.4998521176681437, 0.4998521176681437, 0.4998521176681437, 0.4998521176681437, 0.4998521176681437]
X.shape (10, 5)
s1 and s2 score at iteration 50
S_1 [1.0, 1.0, 1.0, 1.0, 1.0, 1.0, 1.0, 1.0, 1.0, 1.0]
S_2 [0.1, 0.1, 0.1, 0.1, 0.1, 0.1, 0.1, 0.1, 0.1, 0.1]
Trust scores at iteration 51: [0.0, 0.0, 0.0, 0.0, 0.0, 0.0, 0.0, 0.0, 0.0, 0.0]
Trust scores_s1 at iteration 51: [0.49987430001792216, 0.49987430001792216, 0.49987430001792216, 0.49987430001792216, 0.49987430001792216, 0.49987430001792216, 0.49987430001792216, 0.49987430001792216, 0.49987430001792216, 0.49987430001792216]
Trust scores_s2 at iteration 51: [0.49987430001792216, 0.49987430001792216, 0.49987430001792216, 0.49987430001792216, 0.49987430001792216, 0.49987430001792216, 0.49987430001792216, 0.49987430001792216, 0.49987430001792216, 0.49987430001792216]
X.shape (10, 5)
s1 and s2 score at iteration 51
S_1 [1.0, 1.0, 1.0, 1.0, 1.0, 1.0, 1.0, 1.0, 1.0, 1.0]
S_2 [0.1, 0.1, 0.1, 0.1, 0.1, 0.1, 0.1, 0.1, 0.1, 0.1]
Trust scores at iteration 52: [0.0, 0.0, 0.0, 0.0, 0.0, 0.0, 0.0, 0.0, 0.0, 0.0]
Trust scores_s1 at iteration 52: [0.49989315501523385, 0.49989315501523385, 0.49989315501523385, 0.49989315501523385, 0.49989315501523385, 0.49989315501523385, 0.49989315501523385, 0.49989315501523385, 0.49989315501523385, 0.49989315501523385]
Trust scores_s2 at iteration 52: [0.49989315501523385, 0.49989315501523385, 0.49989315501523385, 0.49989315501523385, 0.49989315501523385, 0.49989315501523385, 0.49989315501523385, 0.49989315501523385, 0.49989315501523385, 0.49989315501523385]
X.shape (10, 5)
s1 and s2 score at iteration 52
S_1 [0.9999999999999998, 0.9999999999999998, 0.9999999999999998, 0.9999999999999998, 0.9999999999999998, 0.9999999999999998, 0.9999999999999998, 0.9999999999999998, 0.9999999999999998, 0.9999999999999998]
S_2 [0.1, 0.1, 0.1, 0.1, 0.1, 0.1, 0.1, 0.1, 0.1, 0.1]
Trust scores at iteration 53: [0.0, 0.0, 0.0, 0.0, 0.0, 0.0, 0.0, 0.0, 0.0, 0.0]
Trust scores_s1 at iteration 53: [0.4999091817629488, 0.4999091817629488, 0.4999091817629488, 0.4999091817629488, 0.4999091817629488, 0.4999091817629488, 0.4999091817629488, 0.4999091817629488, 0.4999091817629488, 0.4999091817629488]
Trust scores_s2 at iteration 53: [0.4999091817629488, 0.4999091817629488, 0.4999091817629488, 0.4999091817629488, 0.4999091817629488, 0.4999091817629488, 0.4999091817629488, 0.4999091817629488, 0.4999091817629488, 0.4999091817629488]
X.shape (10, 5)
s1 and s2 score at iteration 53
S_1 [1.0, 1.0, 1.0, 1.0, 1.0, 1.0, 1.0, 1.0, 1.0, 1.0]
S_2 [0.1, 0.1, 0.1, 0.1, 0.1, 0.1, 0.1, 0.1, 0.1, 0.1]
Trust scores at iteration 54: [0.0, 0.0, 0.0, 0.0, 0.0, 0.0, 0.0, 0.0, 0.0, 0.0]
Trust scores_s1 at iteration 54: [0.49992280449850646, 0.49992280449850646, 0.49992280449850646, 0.49992280449850646, 0.49992280449850646, 0.49992280449850646, 0.49992280449850646, 0.49992280449850646, 0.49992280449850646, 0.49992280449850646]
Trust scores_s2 at iteration 54: [0.49992280449850646, 0.49992280449850646, 0.49992280449850646, 0.49992280449850646, 0.49992280449850646, 0.49992280449850646, 0.49992280449850646, 0.49992280449850646, 0.49992280449850646, 0.49992280449850646]
X.shape (10, 5)
s1 and s2 score at iteration 54
S_1 [1.0, 1.0, 1.0, 1.0, 1.0, 1.0, 1.0, 1.0, 1.0, 1.0]
S_2 [0.1, 0.1, 0.1, 0.1, 0.1, 0.1, 0.1, 0.1, 0.1, 0.1]
Trust scores at iteration 55: [0.0, 0.0, 0.0, 0.0, 0.0, 0.0, 0.0, 0.0, 0.0, 0.0]
Trust scores_s1 at iteration 55: [0.4999343838237305, 0.4999343838237305, 0.4999343838237305, 0.4999343838237305, 0.4999343838237305, 0.4999343838237305, 0.4999343838237305, 0.4999343838237305, 0.4999343838237305, 0.4999343838237305]
Trust scores_s2 at iteration 55: [0.4999343838237305, 0.4999343838237305, 0.4999343838237305, 0.4999343838237305, 0.4999343838237305, 0.4999343838237305, 0.4999343838237305, 0.4999343838237305, 0.4999343838237305, 0.4999343838237305]
X.shape (10, 5)
s1 and s2 score at iteration 55
S_1 [0.9999999999999998, 0.9999999999999998, 0.9999999999999998, 0.9999999999999998, 0.9999999999999998, 0.9999999999999998, 0.9999999999999998, 0.9999999999999998, 0.9999999999999998, 0.9999999999999998]
S_2 [0.1, 0.1, 0.1, 0.1, 0.1, 0.1, 0.1, 0.1, 0.1, 0.1]
Trust scores at iteration 56: [0.0, 0.0, 0.0, 0.0, 0.0, 0.0, 0.0, 0.0, 0.0, 0.0]
Trust scores_s1 at iteration 56: [0.49994422625017093, 0.49994422625017093, 0.49994422625017093, 0.49994422625017093, 0.49994422625017093, 0.49994422625017093, 0.49994422625017093, 0.49994422625017093, 0.49994422625017093, 0.49994422625017093]
Trust scores_s2 at iteration 56: [0.49994422625017093, 0.49994422625017093, 0.49994422625017093, 0.49994422625017093, 0.49994422625017093, 0.49994422625017093, 0.49994422625017093, 0.49994422625017093, 0.49994422625017093, 0.49994422625017093]
X.shape (10, 5)
s1 and s2 score at iteration 56
S_1 [1.0, 1.0, 1.0, 1.0, 1.0, 1.0, 1.0, 1.0, 1.0, 1.0]
S_2 [0.1, 0.1, 0.1, 0.1, 0.1, 0.1, 0.1, 0.1, 0.1, 0.1]
Trust scores at iteration 57: [0.0, 0.0, 0.0, 0.0, 0.0, 0.0, 0.0, 0.0, 0.0, 0.0]
Trust scores_s1 at iteration 57: [0.49995259231264527, 0.49995259231264527, 0.49995259231264527, 0.49995259231264527, 0.49995259231264527, 0.49995259231264527, 0.49995259231264527, 0.49995259231264527, 0.49995259231264527, 0.49995259231264527]
Trust scores_s2 at iteration 57: [0.49995259231264527, 0.49995259231264527, 0.49995259231264527, 0.49995259231264527, 0.49995259231264527, 0.49995259231264527, 0.49995259231264527, 0.49995259231264527, 0.49995259231264527, 0.49995259231264527]
X.shape (10, 5)
s1 and s2 score at iteration 57
S_1 [0.9999999999999998, 0.9999999999999998, 0.9999999999999998, 0.9999999999999998, 0.9999999999999998, 0.9999999999999998, 0.9999999999999998, 0.9999999999999998, 0.9999999999999998, 0.9999999999999998]
S_2 [0.1, 0.1, 0.1, 0.1, 0.1, 0.1, 0.1, 0.1, 0.1, 0.1]
Trust scores at iteration 58: [0.0, 0.0, 0.0, 0.0, 0.0, 0.0, 0.0, 0.0, 0.0, 0.0]
Trust scores_s1 at iteration 58: [0.4999597034657485, 0.4999597034657485, 0.4999597034657485, 0.4999597034657485, 0.4999597034657485, 0.4999597034657485, 0.4999597034657485, 0.4999597034657485, 0.4999597034657485, 0.4999597034657485]
Trust scores_s2 at iteration 58: [0.4999597034657485, 0.4999597034657485, 0.4999597034657485, 0.4999597034657485, 0.4999597034657485, 0.4999597034657485, 0.4999597034657485, 0.4999597034657485, 0.4999597034657485, 0.4999597034657485]
X.shape (10, 5)
s1 and s2 score at iteration 58
S_1 [1.0, 1.0, 1.0, 1.0, 1.0, 1.0, 1.0, 1.0, 1.0, 1.0]
S_2 [0.1, 0.1, 0.1, 0.1, 0.1, 0.1, 0.1, 0.1, 0.1, 0.1]
Trust scores at iteration 59: [0.0, 0.0, 0.0, 0.0, 0.0, 0.0, 0.0, 0.0, 0.0, 0.0]
Trust scores_s1 at iteration 59: [0.4999657479458862, 0.4999657479458862, 0.4999657479458862, 0.4999657479458862, 0.4999657479458862, 0.4999657479458862, 0.4999657479458862, 0.4999657479458862, 0.4999657479458862, 0.4999657479458862]
Trust scores_s2 at iteration 59: [0.4999657479458862, 0.4999657479458862, 0.4999657479458862, 0.4999657479458862, 0.4999657479458862, 0.4999657479458862, 0.4999657479458862, 0.4999657479458862, 0.4999657479458862, 0.4999657479458862]
X.shape (10, 5)
s1 and s2 score at iteration 59
S_1 [1.0, 1.0, 1.0, 1.0, 1.0, 1.0, 1.0, 1.0, 1.0, 1.0]
S_2 [0.1, 0.1, 0.1, 0.1, 0.1, 0.1, 0.1, 0.1, 0.1, 0.1]
Trust scores at iteration 60: [0.0, 0.0, 0.0, 0.0, 0.0, 0.0, 0.0, 0.0, 0.0, 0.0]
Trust scores_s1 at iteration 60: [0.4999708857540033, 0.4999708857540033, 0.4999708857540033, 0.4999708857540033, 0.4999708857540033, 0.4999708857540033, 0.4999708857540033, 0.4999708857540033, 0.4999708857540033, 0.4999708857540033]
Trust scores_s2 at iteration 60: [0.4999708857540033, 0.4999708857540033, 0.4999708857540033, 0.4999708857540033, 0.4999708857540033, 0.4999708857540033, 0.4999708857540033, 0.4999708857540033, 0.4999708857540033, 0.4999708857540033]
X.shape (10, 5)
s1 and s2 score at iteration 60
S_1 [0.47619522755103993, 0.47619522755103993, 0.47619522755103993, 0.47619522755103993, 0.47619522755103993, 0.3718236781632115, 0.3718236781632115, 0.3718236781632115, 0.23641528938037007, 0.4850269850763927]
S_2 [0.16666666666666666, 0.16666666666666666, 0.16666666666666666, 0.16666666666666666, 0.16666666666666666, 0.2, 0.2, 0.2, 0.2, 0.16666666666666666]
Trust scores at iteration 61: [0.022268680569197084, 0.022268680569197084, 0.022268680569197084, 0.022268680569197084, 0.022268680569197084, -0.03500938413623053, -0.03500938413623053, -0.03500938413623053, -0.07688593728146874, 0.025000000000000015]
Trust scores_s1 at iteration 61: [0.4986095931755013, 0.4986095931755013, 0.4986095931755013, 0.4986095931755013, 0.4986095931755013, 0.4824705608227875, 0.4824705608227875, 0.4824705608227875, 0.4615322842501684, 0.4999752528909028]
Trust scores_s2 at iteration 61: [0.48747525289090277, 0.48747525289090277, 0.48747525289090277, 0.48747525289090277, 0.48747525289090277, 0.4999752528909028, 0.4999752528909028, 0.4999752528909028, 0.4999752528909028, 0.48747525289090277]
X.shape (10, 5)
s1 and s2 score at iteration 61
S_1 [0.13160985611934095, 0.13160985611934095, 0.13160985611934095, 0.13160985611934095, 0.13160985611934095, -0.06546703552990343, -0.06546703552990343, -0.06546703552990343, -0.16321021828765725, 0.09191701975968308]
S_2 [0.2, 0.2, 0.2, 0.2, 0.2, 0.2, 0.2, 0.2, 0.2, 0.2]
Trust scores at iteration 62: [0.01892837848381752, 0.01892837848381752, 0.01892837848381752, 0.01892837848381752, 0.01892837848381752, -0.2543728694960064, -0.2543728694960064, -0.2543728694960064, -0.4013689991795336, -0.02398920646603997]
Trust scores_s1 at iteration 62: [0.4988181541991761, 0.4988181541991761, 0.4988181541991761, 0.4988181541991761, 0.4988181541991761, 0.3727925302092642, 0.3727925302092642, 0.3727925302092642, 0.29929446536750054, 0.47735936172424737]
Trust scores_s2 at iteration 62: [0.48935396495726735, 0.48935396495726735, 0.48935396495726735, 0.48935396495726735, 0.48935396495726735, 0.49997896495726735, 0.49997896495726735, 0.49997896495726735, 0.49997896495726735, 0.48935396495726735]
X.shape (10, 5)
s1 and s2 score at iteration 62
S_1 [0.29447251399574814, 0.29447251399574814, 0.29447251399574814, 0.29447251399574814, 0.29447251399574814, 0.15171381898991687, 0.15171381898991687, 0.15171381898991687, 0.0660110309898822, 0.36298981266986874]
S_2 [0.16666666666666666, 0.16666666666666666, 0.16666666666666666, 0.16666666666666666, 0.16666666666666666, 0.2, 0.2, 0.2, 0.2, 0.16666666666666666]
Trust scores at iteration 63: [0.012775393770716346, 0.012775393770716346, 0.012775393770716346, 0.012775393770716346, 0.012775393770716346, -0.3035235188868782, -0.3035235188868782, -0.3035235188868782, -0.46388559823099496, 0.004609174503866043]
Trust scores_s1 at iteration 63: [0.4848385670990354, 0.4848385670990354, 0.4848385670990354, 0.4848385670990354, 0.4848385670990354, 0.3482203607702382, 0.3482203607702382, 0.3482203607702382, 0.2680393210981798, 0.48075545746561027]
Trust scores_s2 at iteration 63: [0.4784508702136772, 0.4784508702136772, 0.4784508702136772, 0.4784508702136772, 0.4784508702136772, 0.4999821202136773, 0.4999821202136773, 0.4999821202136773, 0.4999821202136773, 0.4784508702136772]
X.shape (10, 5)
s1 and s2 score at iteration 63
S_1 [0.44949238308449707, 0.44949238308449707, 0.44949238308449707, 0.44949238308449707, 0.44949238308449707, 0.4454203638277816, 0.4454203638277816, 0.4454203638277816, 0.03367948851943073, 0.5325594799746103]
S_2 [0.16666666666666666, 0.16666666666666666, 0.16666666666666666, 0.16666666666666666, 0.16666666666666666, 0.2, 0.2, 0.2, 0.2, 0.16666666666666666]
Trust scores at iteration 64: [0.01246251586718115, 0.01246251586718115, 0.01246251586718115, 0.01246251586718115, 0.01246251586718115, -0.28253847945939964, -0.28253847945939964, -0.28253847945939964, -0.5348166382264457, 0.02891779832828615]
Trust scores_s1 at iteration 64: [0.4754144976152162, 0.4754144976152162, 0.4754144976152162, 0.4754144976152162, 0.4754144976152162, 0.3587155624519259, 0.3587155624519259, 0.3587155624519259, 0.23257648306840287, 0.48364213884576873]
Trust scores_s2 at iteration 64: [0.4691832396816256, 0.4691832396816256, 0.4691832396816256, 0.4691832396816256, 0.4691832396816256, 0.49998480218162566, 0.49998480218162566, 0.49998480218162566, 0.49998480218162566, 0.4691832396816256]
X.shape (10, 5)
s1 and s2 score at iteration 64
S_1 [0.2946290257076054, 0.2946290257076054, 0.2946290257076054, 0.2946290257076054, 0.2946290257076054, -0.213920639559163, -0.213920639559163, -0.213920639559163, -0.12438603479127638, 0.14568683979575248]
S_2 [0.16666666666666666, 0.16666666666666666, 0.16666666666666666, 0.16666666666666666, 0.16666666666666666, 0.3333333333333333, 0.3333333333333333, 0.3333333333333333, 0.5, 0.16666666666666666]
Trust scores at iteration 65: [0.110593138487104, 0.110593138487104, 0.110593138487104, 0.110593138487104, 0.110593138487104, -0.4490678729826386, -0.4490678729826386, -0.4490678729826386, -0.6679209147746092, 0.04875145612180261]
Trust scores_s1 at iteration 65: [0.47910232297293376, 0.47910232297293376, 0.47910232297293376, 0.47910232297293376, 0.47910232297293376, 0.2504531453630625, 0.2504531453630625, 0.2504531453630625, 0.16602662446707725, 0.4481814817902831]
Trust scores_s2 at iteration 65: [0.4238057537293818, 0.4238057537293818, 0.4238057537293818, 0.4238057537293818, 0.4238057537293818, 0.4749870818543818, 0.4749870818543818, 0.4749870818543818, 0.49998708185438184, 0.4238057537293818]
X.shape (10, 5)
s1 and s2 score at iteration 65
S_1 [0.41243569004051744, 0.41243569004051744, 0.41243569004051744, 0.41243569004051744, 0.41243569004051744, 0.40039919686631137, 0.40039919686631137, 0.40039919686631137, -0.23718646981975422, 0.026708097147414622]
S_2 [0.125, 0.125, 0.125, 0.125, 0.125, 0.125, 0.125, 0.125, 0.2, 0.2]
Trust scores at iteration 66: [0.1502541677140384, 0.1502541677140384, 0.1502541677140384, 0.1502541677140384, 0.1502541677140384, -0.3298352811230192, -0.3298352811230192, -0.3298352811230192, -0.8039958516135948, -0.09884771259925654]
Trust scores_s1 at iteration 66: [0.4822369745269937, 0.4822369745269937, 0.4822369745269937, 0.4822369745269937, 0.4822369745269937, 0.2856963790147149, 0.2856963790147149, 0.2856963790147149, 0.09799109376942719, 0.38581103437034625]
Trust scores_s2 at iteration 66: [0.4071098906699745, 0.4071098906699745, 0.4071098906699745, 0.4071098906699745, 0.4071098906699745, 0.45061401957622454, 0.45061401957622454, 0.45061401957622454, 0.49998901957622455, 0.4352348906699745]
X.shape (10, 5)
s1 and s2 score at iteration 66
S_1 [0.6398129206853453, 0.6398129206853453, 0.6398129206853453, 0.6398129206853453, 0.6398129206853453, 0.6042439686719164, 0.6042439686719164, 0.6042439686719164, -0.6605247651882614, -0.18260876380204719]
S_2 [0.125, 0.125, 0.125, 0.125, 0.125, 0.125, 0.125, 0.125, 0.5, 0.5]
Trust scores at iteration 67: [0.24021604255693266, 0.24021604255693266, 0.24021604255693266, 0.24021604255693266, 0.24021604255693266, -0.17619889964161417, -0.17619889964161417, -0.17619889964161417, -0.9882522318204722, -0.27683199899964495]
Trust scores_s1 at iteration 67: [0.48490142834794464, 0.48490142834794464, 0.48490142834794464, 0.48490142834794464, 0.48490142834794464, 0.31367246681898375, 0.31367246681898375, 0.31367246681898375, 0.005864550729554802, 0.3065336575696559]
Trust scores_s2 at iteration 67: [0.3647934070694783, 0.3647934070694783, 0.3647934070694783, 0.3647934070694783, 0.3647934070694783, 0.40177191663979084, 0.40177191663979084, 0.40177191663979084, 0.49999066663979086, 0.4449496570694783]
X.shape (10, 5)
s1 and s2 score at iteration 67
S_1 [0.4518850621379272, 0.4518850621379272, 0.4518850621379272, 0.4518850621379272, 0.4518850621379272, 0.4270270322722255, 0.4270270322722255, 0.4270270322722255, -0.7063650903322359, -0.48532331120610817]
S_2 [0.125, 0.125, 0.125, 0.125, 0.125, 0.125, 0.125, 0.125, 0.5, 0.5]
Trust scores at iteration 68: [0.3166836361733928, 0.3166836361733928, 0.3166836361733928, 0.3166836361733928, 0.3166836361733928, -0.0455205091273129, -0.0455205091273129, -0.0455205091273129, -1.224487214202608, -0.5464067857049542]
Trust scores_s1 at iteration 68: [0.48716621409575295, 0.48716621409575295, 0.48716621409575295, 0.48716621409575295, 0.48716621409575295, 0.3374958745801657, 0.3374958745801657, 0.3374958745801657, -0.11225154045748176, 0.18000381565657947]
Trust scores_s2 at iteration 68: [0.32882439600905655, 0.32882439600905655, 0.32882439600905655, 0.32882439600905655, 0.32882439600905655, 0.3602561291438222, 0.3602561291438222, 0.3602561291438222, 0.49999206664382223, 0.45320720850905655]
X.shape (10, 5)
s1 and s2 score at iteration 68
S_1 [0.6232512249019183, 0.6232512249019183, 0.6232512249019183, 0.6232512249019183, 0.6232512249019183, 0.5243024699672437, 0.5243024699672437, 0.5243024699672437, -0.2185760466876789, 0.31281840350807616]
S_2 [0.1111111111111111, 0.1111111111111111, 0.1111111111111111, 0.1111111111111111, 0.1111111111111111, 0.1111111111111111, 0.1111111111111111, 0.1111111111111111, 0.5, 0.1111111111111111]
Trust scores at iteration 69: [0.3858477574140506, 0.3858477574140506, 0.3858477574140506, 0.3858477574140506, 0.3858477574140506, 0.05415989925947039, 0.05415989925947039, 0.05415989925947039, -1.2434195754202206, -0.4224920280867864]
Trust scores_s1 at iteration 69: [0.48909128198139, 0.48909128198139, 0.48909128198139, 0.48909128198139, 0.48909128198139, 0.3499643260686507, 0.3499643260686507, 0.3499643260686507, -0.12171653106286139, 0.19064677985597153]
Trust scores_s2 at iteration 69: [0.29616740327436475, 0.29616740327436475, 0.29616740327436475, 0.29616740327436475, 0.29616740327436475, 0.32288437643891554, 0.32288437643891554, 0.32288437643891554, 0.4999932566472489, 0.4018927938993647]
X.shape (10, 5)
s1 and s2 score at iteration 69
S_1 [0.12785249490258052, 0.12785249490258052, 0.12785249490258052, 0.12785249490258052, 0.12785249490258052, 0.028233994830120537, 0.028233994830120537, 0.028233994830120537, -0.3490648867648561, -0.09348400920572361]
S_2 [0.2, 0.2, 0.2, 0.2, 0.2, 0.2, 0.2, 0.2, 0.2, 0.2]
Trust scores at iteration 70: [0.327970593801943, 0.327970593801943, 0.327970593801943, 0.327970593801943, 0.327970593801943, -0.07083920036424601, -0.07083920036424601, -0.07083920036424601, -1.6164389916406665, -0.6187961882462534]
Trust scores_s1 at iteration 70: [0.4907275896841815, 0.4907275896841815, 0.4907275896841815, 0.4907275896841815, 0.4907275896841815, 0.3140321197909552, 0.3140321197909552, 0.3140321197909552, -0.3082252276701716, 0.10721078069133332]
Trust scores_s2 at iteration 70: [0.32674229278321004, 0.32674229278321004, 0.32674229278321004, 0.32674229278321004, 0.32674229278321004, 0.3494517199730782, 0.3494517199730782, 0.3494517199730782, 0.49999426815016157, 0.41660887481446]
X.shape (10, 5)
s1 and s2 score at iteration 70
S_1 [0.09695731981650883, 0.09695731981650883, 0.09695731981650883, 0.09695731981650883, 0.09695731981650883, -0.03656483034541626, -0.03656483034541626, -0.03656483034541626, -0.21891730380941032, 0.078844846387454]
S_2 [0.2, 0.2, 0.2, 0.2, 0.2, 0.2, 0.2, 0.2, 0.2, 0.2]
Trust scores at iteration 71: [0.2787750047316515, 0.2787750047316515, 0.2787750047316515, 0.2787750047316515, 0.2787750047316515, -0.26678176261177106, -0.26678176261177106, -0.26678176261177106, -1.8626540762532497, -0.5539980689677302]
Trust scores_s1 at iteration 71: [0.4921184512315543, 0.4921184512315543, 0.4921184512315543, 0.4921184512315543, 0.4921184512315543, 0.23864308067123094, 0.23864308067123094, 0.23864308067123094, -0.4313319101989874, 0.15211850910842595]
Trust scores_s2 at iteration 71: [0.35273094886572853, 0.35273094886572853, 0.35273094886572853, 0.35273094886572853, 0.35273094886572853, 0.37203396197711647, 0.37203396197711647, 0.37203396197711647, 0.49999512792763734, 0.42911754359229104]
X.shape (10, 5)
s1 and s2 score at iteration 71
S_1 [0.38784976053027975, 0.38784976053027975, 0.38784976053027975, 0.38784976053027975, 0.38784976053027975, 0.2551944505483492, 0.2551944505483492, 0.2551944505483492, -0.493695141076223, -0.34029203947450504]
S_2 [0.125, 0.125, 0.125, 0.125, 0.125, 0.125, 0.125, 0.125, 0.5, 0.5]
Trust scores at iteration 72: [0.3494587540219038, 0.3494587540219038, 0.3494587540219038, 0.3494587540219038, 0.3494587540219038, -0.16556863328014834, -0.16556863328014834, -0.16556863328014834, -1.9241914215245413, -0.7525055197340978]
Trust scores_s1 at iteration 72: [0.49330068354682116, 0.49330068354682116, 0.49330068354682116, 0.49330068354682116, 0.49330068354682116, 0.2521945510404748, 0.2521945510404748, 0.2521945510404748, -0.4620998520237788, 0.06349715218639847]
Trust scores_s2 at iteration 72: [0.31857130653586924, 0.31857130653586924, 0.31857130653586924, 0.31857130653586924, 0.31857130653586924, 0.33497886768054896, 0.33497886768054896, 0.33497886768054896, 0.4999958587384917, 0.4397499120534474]
X.shape (10, 5)
s1 and s2 score at iteration 72
S_1 [0.07641669517289412, 0.07641669517289412, 0.07641669517289412, 0.07641669517289412, 0.07641669517289412, 0.04797401508449146, 0.04797401508449146, 0.04797401508449146, 0.077674337421732, -0.2408194706728309]
S_2 [0.2, 0.2, 0.2, 0.2, 0.2, 0.2, 0.2, 0.2, 0.2, 0.2]
Trust scores at iteration 73: [0.2946112579895135, 0.2946112579895135, 0.2946112579895135, 0.2946112579895135, 0.2946112579895135, -0.1980888111310735, -0.1980888111310735, -0.1980888111310735, -1.63556270829586, -1.2546857424589812]
Trust scores_s1 at iteration 73: [0.4930912395502456, 0.4930912395502456, 0.4930912395502456, 0.4930912395502456, 0.4930912395502456, 0.2606876319629299, 0.2606876319629299, 0.2606876319629299, -0.31778487422021195, -0.17855544598406034]
Trust scores_s2 at iteration 73: [0.34578561055548884, 0.34578561055548884, 0.34578561055548884, 0.34578561055548884, 0.34578561055548884, 0.3597320375284666, 0.3597320375284666, 0.3597320375284666, 0.49999647992771795, 0.44878742524543025]
X.shape (10, 5)
s1 and s2 score at iteration 73
S_1 [0.1212458320107516, 0.1212458320107516, 0.1212458320107516, 0.1212458320107516, 0.1212458320107516, -0.09641245464069269, -0.09641245464069269, -0.09641245464069269, -0.3844046587724683, -0.3221044747890334]
S_2 [0.2, 0.2, 0.2, 0.2, 0.2, 0.3333333333333333, 0.3333333333333333, 0.3333333333333333, 0.5, 0.5]
Trust scores at iteration 74: [0.34041956929108647, 0.34041956929108647, 0.34041956929108647, 0.34041956929108647, 0.34041956929108647, -0.38765272939838186, -0.38765272939838186, -0.38765272939838186, -2.0157968049816035, -1.61497634199583]
Trust scores_s1 at iteration 74: [0.49412755361770877, 0.49412755361770877, 0.49412755361770877, 0.49412755361770877, 0.49412755361770877, 0.16194586720000567, 0.16194586720000567, 0.16194586720000567, -0.5079013945522414, -0.35101885953929923]
Trust scores_s2 at iteration 74: [0.3239177689721655, 0.3239177689721655, 0.3239177689721655, 0.3239177689721655, 0.3239177689721655, 0.3557722318991966, 0.3557722318991966, 0.3557722318991966, 0.4999970079385603, 0.4564693114586157]
X.shape (10, 5)
s1 and s2 score at iteration 74
S_1 [0.5622933672573391, 0.5622933672573391, 0.5622933672573391, 0.5622933672573391, 0.5622933672573391, 0.3399344027827125, 0.3399344027827125, 0.3399344027827125, -0.5039697544017012, -0.007810833976261786]
S_2 [0.125, 0.125, 0.125, 0.125, 0.125, 0.125, 0.125, 0.125, 0.5, 0.5]
Trust scores at iteration 75: [0.40185663389742354, 0.40185663389742354, 0.40185663389742354, 0.40185663389742354, 0.40185663389742354, -0.27632233396514866, -0.27632233396514866, -0.27632233396514866, -1.9978686053706627, -1.5248135451812204]
Trust scores_s1 at iteration 75: [0.49500842057505245, 0.49500842057505245, 0.49500842057505245, 0.49500842057505245, 0.49500842057505245, 0.1829952301317428, 0.1829952301317428, 0.1829952301317428, -0.49893684593755494, -0.2994078578507867]
Trust scores_s2 at iteration 75: [0.2940801036263407, 0.2940801036263407, 0.2940801036263407, 0.2940801036263407, 0.2940801036263407, 0.3211563971143171, 0.3211563971143171, 0.3211563971143171, 0.49999745674777624, 0.46299891473982335]
X.shape (10, 5)
s1 and s2 score at iteration 75
S_1 [0.5588170694856742, 0.5588170694856742, 0.5588170694856742, 0.5588170694856742, 0.5588170694856742, 0.5721639848754678, 0.5721639848754678, 0.5721639848754678, -0.3883878229511588, -0.29790221317376697]
S_2 [0.125, 0.125, 0.125, 0.125, 0.125, 0.125, 0.125, 0.125, 0.5, 0.5]
Trust scores at iteration 76: [0.4505790767232855, 0.4505790767232855, 0.4505790767232855, 0.4505790767232855, 0.4505790767232855, -0.12237398387037635, -0.12237398387037635, -0.12237398387037635, -1.9500090774628778, -1.524190333248126]
Trust scores_s1 at iteration 76: [0.4940076264440323, 0.4940076264440323, 0.4940076264440323, 0.4940076264440323, 0.4940076264440323, 0.23054594561198138, 0.23054594561198138, 0.23054594561198138, -0.47500670049582905, -0.29354608909521307]
Trust scores_s2 at iteration 76: [0.26871808808238956, 0.26871808808238956, 0.26871808808238956, 0.26871808808238956, 0.26871808808238956, 0.2917329375471695, 0.2917329375471695, 0.2917329375471695, 0.4999978382356098, 0.46854907752884983]
X.shape (10, 5)
s1 and s2 score at iteration 76
S_1 [0.2552325571888743, 0.2552325571888743, 0.2552325571888743, 0.2552325571888743, 0.2552325571888743, -0.17806866565467944, -0.17806866565467944, -0.17806866565467944, 0.07700479659994358, -0.072303527951685]
S_2 [0.2, 0.2, 0.2, 0.2, 0.2, 0.3333333333333333, 0.3333333333333333, 0.3333333333333333, 0.5, 0.5]
Trust scores at iteration 77: [0.4729922152147927, 0.4729922152147927, 0.4729922152147927, 0.4729922152147927, 0.4729922152147927, -0.30866871979785104, -0.30866871979785104, -0.30866871979785104, -1.7622520493359641, -1.4880545173862285]
Trust scores_s1 at iteration 77: [0.49490648247742747, 0.49490648247742747, 0.49490648247742747, 0.49490648247742747, 0.49490648247742747, 0.14363863701616858, 0.14363863701616858, 0.14363863701616858, -0.38112786216771366, -0.27076054279359185]
Trust scores_s2 at iteration 77: [0.25841037487003116, 0.25841037487003116, 0.25841037487003116, 0.25841037487003116, 0.25841037487003116, 0.29797299691509405, 0.29797299691509405, 0.29797299691509405, 0.4999981625002683, 0.47326671589952235]
X.shape (10, 5)
s1 and s2 score at iteration 77
S_1 [0.7580215641545835, 0.7580215641545835, 0.7580215641545835, 0.7580215641545835, 0.7580215641545835, 0.8084046999950601, 0.8084046999950601, 0.8084046999950601, 0.082286949417748, 0.5412353507013177]
S_2 [0.1111111111111111, 0.1111111111111111, 0.1111111111111111, 0.1111111111111111, 0.1111111111111111, 0.1111111111111111, 0.1111111111111111, 0.1111111111111111, 0.2, 0.1111111111111111]
Trust scores at iteration 78: [0.4593614270886122, 0.4593614270886122, 0.4593614270886122, 0.4593614270886122, 0.4593614270886122, -0.19570174516150668, -0.19570174516150668, -0.19570174516150668, -1.6326458467707003, -1.2477531137340117]
Trust scores_s1 at iteration 78: [0.4909961988504993, 0.4909961988504993, 0.4909961988504993, 0.4909961988504993, 0.4909961988504993, 0.19709284146374328, 0.19709284146374328, 0.19709284146374328, -0.3163244852601219, -0.17993318168574512]
Trust scores_s2 at iteration 78: [0.26131548530619314, 0.26131548530619314, 0.26131548530619314, 0.26131548530619314, 0.26131548530619314, 0.2949437140444966, 0.2949437140444966, 0.2949437140444966, 0.49999843812522804, 0.44394337518126065]
X.shape (10, 5)
s1 and s2 score at iteration 78
S_1 [0.6248361224874043, 0.6248361224874043, 0.6248361224874043, 0.6248361224874043, 0.6248361224874043, 0.6491351195547923, 0.6491351195547923, 0.6491351195547923, -0.06440670940620047, 0.2706454874182303]
S_2 [0.125, 0.125, 0.125, 0.125, 0.125, 0.125, 0.125, 0.125, 0.2, 0.2]
Trust scores at iteration 79: [0.4410922810176237, 0.4410922810176237, 0.4410922810176237, 0.4410922810176237, 0.4410922810176237, -0.11009648338728066, -0.11009648338728066, -0.11009648338728066, -1.5526318594954565, -1.1480502811054318]
Trust scores_s1 at iteration 79: [0.48953930301907606, 0.48953930301907606, 0.48953930301907606, 0.48953930301907606, 0.48953930301907606, 0.2425289152441818, 0.2425289152441818, 0.2425289152441818, -0.27631725734128415, -0.12167327164864439]
Trust scores_s2 at iteration 79: [0.26899316251026417, 0.26899316251026417, 0.26899316251026417, 0.26899316251026417, 0.26899316251026417, 0.2975771569378221, 0.2975771569378221, 0.2975771569378221, 0.49999867240644386, 0.45235186890407153]
X.shape (10, 5)
s1 and s2 score at iteration 79
S_1 [0.27677336978688166, 0.27677336978688166, 0.27677336978688166, 0.27677336978688166, 0.27677336978688166, 0.2423356338938015, 0.2423356338938015, 0.2423356338938015, -0.16249401140534486, -0.3133370781018657]
S_2 [0.2, 0.2, 0.2, 0.2, 0.2, 0.25, 0.25, 0.25, 0.25, 0.5]
Trust scores at iteration 80: [0.46492843886498014, 0.46492843886498014, 0.46492843886498014, 0.46492843886498014, 0.46492843886498014, -0.03724587434242433, -0.03724587434242433, -0.03724587434242433, -1.4828022789302504, -1.2956587936831452]
Trust scores_s1 at iteration 80: [0.49110840756621466, 0.49110840756621466, 0.49110840756621466, 0.49110840756621466, 0.49110840756621466, 0.2718176462259366, 0.2718176462259366, 0.2718176462259366, -0.2789022679196478, -0.1883303082731118]
Trust scores_s2 at iteration 80: [0.25864418813372453, 0.25864418813372453, 0.25864418813372453, 0.25864418813372453, 0.25864418813372453, 0.29044058339714884, 0.29044058339714884, 0.29044058339714884, 0.4624988715454773, 0.4594990885684608]
X.shape (10, 5)
s1 and s2 score at iteration 80
S_1 [0.19186341134444493, 0.19186341134444493, 0.19186341134444493, 0.19186341134444493, 0.19186341134444493, -0.3447141113011662, -0.3447141113011662, -0.3447141113011662, 0.21924588970859998, 0.008058980430218207]
S_2 [0.16666666666666666, 0.16666666666666666, 0.16666666666666666, 0.16666666666666666, 0.16666666666666666, 0.3333333333333333, 0.3333333333333333, 0.3333333333333333, 0.16666666666666666, 0.5]
Trust scores at iteration 81: [0.47645508520315394, 0.47645508520315394, 0.47645508520315394, 0.47645508520315394, 0.47645508520315394, -0.367499750634217, -0.367499750634217, -0.367499750634217, -1.1603819370907127, -1.2457963156693155]
Trust scores_s1 at iteration 81: [0.4830751025152429, 0.4830751025152429, 0.4830751025152429, 0.4830751025152429, 0.4830751025152429, 0.11312462057046797, 0.11312462057046797, 0.11312462057046797, -0.1620669277317006, -0.157323932551466]
Trust scores_s2 at iteration 81: [0.24484755991366583, 0.24484755991366583, 0.24484755991366583, 0.24484755991366583, 0.24484755991366583, 0.29687449588757653, 0.29687449588757653, 0.29687449588757653, 0.41812404081365573, 0.46557422528319165]
X.shape (10, 5)
s1 and s2 score at iteration 81
S_1 [1.0, 1.0, 1.0, 1.0, 1.0, 1.0, 1.0, 1.0, 1.0, 1.0]
S_2 [0.1, 0.1, 0.1, 0.1, 0.1, 0.1, 0.1, 0.1, 0.1, 0.1]
Trust scores at iteration 82: [0.40498682242268086, 0.40498682242268086, 0.40498682242268086, 0.40498682242268086, 0.40498682242268086, -0.31237478803908447, -0.31237478803908447, -0.31237478803908447, -0.9863246465271057, -1.0589268683189181]
Trust scores_s1 at iteration 82: [0.48561383713795647, 0.48561383713795647, 0.48561383713795647, 0.48561383713795647, 0.48561383713795647, 0.17115592748489777, 0.17115592748489777, 0.17115592748489777, -0.06275688857194547, -0.0587253426687461]
Trust scores_s2 at iteration 82: [0.28312042592661596, 0.28312042592661596, 0.28312042592661596, 0.28312042592661596, 0.28312042592661596, 0.32734332150444007, 0.32734332150444007, 0.32734332150444007, 0.43040543469160736, 0.4707380914907129]
X.shape (10, 5)
s1 and s2 score at iteration 82
S_1 [1.0, 1.0, 1.0, 1.0, 1.0, 1.0, 1.0, 1.0, 1.0, 1.0]
S_2 [0.1, 0.1, 0.1, 0.1, 0.1, 0.1, 0.1, 0.1, 0.1, 0.1]
Trust scores at iteration 83: [0.34423879905927873, 0.34423879905927873, 0.34423879905927873, 0.34423879905927873, 0.34423879905927873, -0.2655185698332218, -0.2655185698332218, -0.2655185698332218, -0.8383759495480398, -0.9000878380710804]
Trust scores_s1 at iteration 83: [0.487771761567263, 0.487771761567263, 0.487771761567263, 0.487771761567263, 0.487771761567263, 0.2204825383621631, 0.2204825383621631, 0.2204825383621631, 0.02165664471384636, 0.025083458731565825]
Trust scores_s2 at iteration 83: [0.3156523620376236, 0.3156523620376236, 0.3156523620376236, 0.3156523620376236, 0.3156523620376236, 0.35324182327877407, 0.35324182327877407, 0.35324182327877407, 0.44084461948786624, 0.47512737776710595]
X.shape (10, 5)
s1 and s2 score at iteration 83
S_1 [1.0, 1.0, 1.0, 1.0, 1.0, 1.0, 1.0, 1.0, 1.0, 1.0]
S_2 [0.1, 0.1, 0.1, 0.1, 0.1, 0.1, 0.1, 0.1, 0.1, 0.1]
Trust scores at iteration 84: [0.2926029792003869, 0.2926029792003869, 0.2926029792003869, 0.2926029792003869, 0.2926029792003869, -0.22569078435823853, -0.22569078435823853, -0.22569078435823853, -0.7126195571158338, -0.7650746623604183]
Trust scores_s1 at iteration 84: [0.4896059973321735, 0.4896059973321735, 0.4896059973321735, 0.4896059973321735, 0.4896059973321735, 0.26241015760783865, 0.26241015760783865, 0.26241015760783865, 0.09340814800676941, 0.09632093992183097]
Trust scores_s2 at iteration 84: [0.34330450773198007, 0.34330450773198007, 0.34330450773198007, 0.34330450773198007, 0.34330450773198007, 0.37525554978695796, 0.37525554978695796, 0.37525554978695796, 0.4497179265646863, 0.47885827110204005]
X.shape (10, 5)
s1 and s2 score at iteration 84
S_1 [0.9999999999999998, 0.9999999999999998, 0.9999999999999998, 0.9999999999999998, 0.9999999999999998, 0.9999999999999998, 0.9999999999999998, 0.9999999999999998, 0.9999999999999998, 0.9999999999999998]
S_2 [0.1, 0.1, 0.1, 0.1, 0.1, 0.1, 0.1, 0.1, 0.1, 0.1]
Trust scores at iteration 85: [0.24871253232032886, 0.24871253232032886, 0.24871253232032886, 0.24871253232032886, 0.24871253232032886, -0.19183716670450274, -0.19183716670450274, -0.19183716670450274, -0.6057266235484587, -0.6503134630063555]
Trust scores_s1 at iteration 85: [0.4911650977323475, 0.4911650977323475, 0.4911650977323475, 0.4911650977323475, 0.4911650977323475, 0.2980486339666628, 0.2980486339666628, 0.2980486339666628, 0.154396925805754, 0.15687279893355632]
Trust scores_s2 at iteration 85: [0.3668088315721831, 0.3668088315721831, 0.3668088315721831, 0.3668088315721831, 0.3668088315721831, 0.39396721731891426, 0.39396721731891426, 0.39396721731891426, 0.45726023757998335, 0.482029530436734]
X.shape (10, 5)
s1 and s2 score at iteration 85
S_1 [1.0, 1.0, 1.0, 1.0, 1.0, 1.0, 1.0, 1.0, 1.0, 1.0]
S_2 [0.1, 0.1, 0.1, 0.1, 0.1, 0.1, 0.1, 0.1, 0.1, 0.1]
Trust scores at iteration 86: [0.21140565247227952, 0.21140565247227952, 0.21140565247227952, 0.21140565247227952, 0.21140565247227952, -0.16306159169882734, -0.16306159169882734, -0.16306159169882734, -0.51486763001619, -0.5527664435554022]
Trust scores_s1 at iteration 86: [0.4924903330724954, 0.4924903330724954, 0.4924903330724954, 0.4924903330724954, 0.4924903330724954, 0.3283413388716634, 0.3283413388716634, 0.3283413388716634, 0.2062373869348909, 0.2083418790935229]
Trust scores_s2 at iteration 86: [0.3867875068363556, 0.3867875068363556, 0.3867875068363556, 0.3867875068363556, 0.3867875068363556, 0.40987213472107714, 0.40987213472107714, 0.40987213472107714, 0.46367120194298583, 0.48472510087122395]
X.shape (10, 5)
s1 and s2 score at iteration 86
S_1 [0.9999999999999998, 0.9999999999999998, 0.9999999999999998, 0.9999999999999998, 0.9999999999999998, 0.9999999999999998, 0.9999999999999998, 0.9999999999999998, 0.9999999999999998, 0.9999999999999998]
S_2 [0.1, 0.1, 0.1, 0.1, 0.1, 0.1, 0.1, 0.1, 0.1, 0.1]
Trust scores at iteration 87: [0.17969480460143758, 0.17969480460143758, 0.17969480460143758, 0.17969480460143758, 0.17969480460143758, -0.13860235294400322, -0.13860235294400322, -0.13860235294400322, -0.43763748551376147, -0.46985147702209185]
Trust scores_s1 at iteration 87: [0.4936167831116211, 0.4936167831116211, 0.4936167831116211, 0.4936167831116211, 0.4936167831116211, 0.3540901380409139, 0.3540901380409139, 0.3540901380409139, 0.25030177889465727, 0.25209059722949445]
Trust scores_s2 at iteration 87: [0.40376938081090225, 0.40376938081090225, 0.40376938081090225, 0.40376938081090225, 0.40376938081090225, 0.42339131451291556, 0.42339131451291556, 0.42339131451291556, 0.46912052165153795, 0.4870163357405404]
X.shape (10, 5)
s1 and s2 score at iteration 87
S_1 [0.9999999999999998, 0.9999999999999998, 0.9999999999999998, 0.9999999999999998, 0.9999999999999998, 0.9999999999999998, 0.9999999999999998, 0.9999999999999998, 0.9999999999999998, 0.9999999999999998]
S_2 [0.1, 0.1, 0.1, 0.1, 0.1, 0.1, 0.1, 0.1, 0.1, 0.1]
Trust scores at iteration 88: [0.15274058391122194, 0.15274058391122194, 0.15274058391122194, 0.15274058391122194, 0.15274058391122194, -0.11781200000240273, -0.11781200000240273, -0.11781200000240273, -0.37199186268669726, -0.39937375546877807]
Trust scores_s1 at iteration 88: [0.49457426564487794, 0.49457426564487794, 0.49457426564487794, 0.49457426564487794, 0.49457426564487794, 0.37597661733477683, 0.37597661733477683, 0.37597661733477683, 0.2877565120604587, 0.28927700764507025]
Trust scores_s2 at iteration 88: [0.41820397368926693, 0.41820397368926693, 0.41820397368926693, 0.41820397368926693, 0.41820397368926693, 0.4348826173359782, 0.4348826173359782, 0.4348826173359782, 0.47375244340380723, 0.48896388537945934]
X.shape (10, 5)
s1 and s2 score at iteration 88
S_1 [1.0, 1.0, 1.0, 1.0, 1.0, 1.0, 1.0, 1.0, 1.0, 1.0]
S_2 [0.1, 0.1, 0.1, 0.1, 0.1, 0.1, 0.1, 0.1, 0.1, 0.1]
Trust scores at iteration 89: [0.12982949632453866, 0.12982949632453866, 0.12982949632453866, 0.12982949632453866, 0.12982949632453866, -0.10014020000204232, -0.10014020000204232, -0.10014020000204232, -0.31619308328369267, -0.33946769214846134]
Trust scores_s1 at iteration 89: [0.49538812579814623, 0.49538812579814623, 0.49538812579814623, 0.49538812579814623, 0.49538812579814623, 0.39458012473456033, 0.39458012473456033, 0.39458012473456033, 0.31959303525138993, 0.3208854564983097]
Trust scores_s2 at iteration 89: [0.4304733776358769, 0.4304733776358769, 0.4304733776358769, 0.4304733776358769, 0.4304733776358769, 0.44465022473558147, 0.44465022473558147, 0.44465022473558147, 0.47768957689323616, 0.49061930257254044]
X.shape (10, 5)
s1 and s2 score at iteration 89
S_1 [0.9999999999999998, 0.9999999999999998, 0.9999999999999998, 0.9999999999999998, 0.9999999999999998, 0.9999999999999998, 0.9999999999999998, 0.9999999999999998, 0.9999999999999998, 0.9999999999999998]
S_2 [0.1, 0.1, 0.1, 0.1, 0.1, 0.1, 0.1, 0.1, 0.1, 0.1]
Trust scores at iteration 90: [0.11035507187585786, 0.11035507187585786, 0.11035507187585786, 0.11035507187585786, 0.11035507187585786, -0.08511917000173597, -0.08511917000173597, -0.08511917000173597, -0.26876412079113876, -0.2885475383261921]
Trust scores_s1 at iteration 90: [0.4960799069284243, 0.4960799069284243, 0.4960799069284243, 0.4960799069284243, 0.4960799069284243, 0.4103931060243763, 0.4103931060243763, 0.4103931060243763, 0.34665407996368147, 0.3477526380235632]
Trust scores_s2 at iteration 90: [0.44090237099049534, 0.44090237099049534, 0.44090237099049534, 0.44090237099049534, 0.44090237099049534, 0.45295269102524427, 0.45295269102524427, 0.45295269102524427, 0.48103614035925074, 0.49202640718665935]
X.shape (10, 5)
s1 and s2 score at iteration 90
S_1 [1.0, 1.0, 1.0, 1.0, 1.0, 1.0, 1.0, 1.0, 1.0, 1.0]
S_2 [0.1, 0.1, 0.1, 0.1, 0.1, 0.1, 0.1, 0.1, 0.1, 0.1]
Trust scores at iteration 91: [0.09380181109447917, 0.09380181109447917, 0.09380181109447917, 0.09380181109447917, 0.09380181109447917, -0.07235129450147557, -0.07235129450147557, -0.07235129450147557, -0.22844950267246794, -0.24526540757726328]
Trust scores_s1 at iteration 91: [0.4966679208891607, 0.4966679208891607, 0.4966679208891607, 0.4966679208891607, 0.4966679208891607, 0.42383414012071985, 0.42383414012071985, 0.42383414012071985, 0.36965596796912925, 0.3705897423200287]
Trust scores_s2 at iteration 91: [0.44976701534192104, 0.44976701534192104, 0.44976701534192104, 0.44976701534192104, 0.44976701534192104, 0.46000978737145765, 0.46000978737145765, 0.46000978737145765, 0.48388071930536314, 0.49322244610866045]
X.shape (10, 5)
s1 and s2 score at iteration 91
S_1 [1.0, 1.0, 1.0, 1.0, 1.0, 1.0, 1.0, 1.0, 1.0, 1.0]
S_2 [0.1, 0.1, 0.1, 0.1, 0.1, 0.1, 0.1, 0.1, 0.1, 0.1]
Trust scores at iteration 92: [0.0797315394303073, 0.0797315394303073, 0.0797315394303073, 0.0797315394303073, 0.0797315394303073, -0.06149860032625423, -0.06149860032625423, -0.06149860032625423, -0.19418207727159775, -0.2084755964406738]
Trust scores_s1 at iteration 92: [0.4971677327557866, 0.4971677327557866, 0.4971677327557866, 0.4971677327557866, 0.4971677327557866, 0.4352590191026119, 0.4352590191026119, 0.4352590191026119, 0.3892075727737599, 0.3900012809720244]
Trust scores_s2 at iteration 92: [0.45730196304063286, 0.45730196304063286, 0.45730196304063286, 0.45730196304063286, 0.45730196304063286, 0.466008319265739, 0.466008319265739, 0.466008319265739, 0.48629861140955866, 0.4942390791923614]
X.shape (10, 5)
s1 and s2 score at iteration 92
S_1 [1.0, 1.0, 1.0, 1.0, 1.0, 1.0, 1.0, 1.0, 1.0, 1.0]
S_2 [0.1, 0.1, 0.1, 0.1, 0.1, 0.1, 0.1, 0.1, 0.1, 0.1]
Trust scores at iteration 93: [0.0677718085157612, 0.0677718085157612, 0.0677718085157612, 0.0677718085157612, 0.0677718085157612, -0.0522738102773161, -0.0522738102773161, -0.0522738102773161, -0.16505476568085808, -0.1772042569745727]
Trust scores_s1 at iteration 93: [0.4975925728424186, 0.4975925728424186, 0.4975925728424186, 0.4975925728424186, 0.4975925728424186, 0.44497016623722013, 0.44497016623722013, 0.44497016623722013, 0.4058264368576959, 0.40650108882622077]
Trust scores_s2 at iteration 93: [0.46370666858453796, 0.46370666858453796, 0.46370666858453796, 0.46370666858453796, 0.46370666858453796, 0.47110707137587815, 0.47110707137587815, 0.47110707137587815, 0.48835381969812486, 0.49510321731350715]
X.shape (10, 5)
s1 and s2 score at iteration 93
S_1 [1.0, 1.0, 1.0, 1.0, 1.0, 1.0, 1.0, 1.0, 1.0, 1.0]
S_2 [0.1, 0.1, 0.1, 0.1, 0.1, 0.1, 0.1, 0.1, 0.1, 0.1]
Trust scores at iteration 94: [0.057606037238397016, 0.057606037238397016, 0.057606037238397016, 0.057606037238397016, 0.057606037238397016, -0.04443273873571868, -0.04443273873571868, -0.04443273873571868, -0.14029655082872936, -0.15062361842838679]
Trust scores_s1 at iteration 94: [0.4979536869160558, 0.4979536869160558, 0.4979536869160558, 0.4979536869160558, 0.4979536869160558, 0.4532246413016371, 0.4532246413016371, 0.4532246413016371, 0.41995247132904157, 0.4205259255022877]
Trust scores_s2 at iteration 94: [0.46915066829685725, 0.46915066829685725, 0.46915066829685725, 0.46915066829685725, 0.46915066829685725, 0.47544101066949646, 0.47544101066949646, 0.47544101066949646, 0.49010074674340615, 0.49583773471648107]
X.shape (10, 5)
s1 and s2 score at iteration 94
S_1 [1.0, 1.0, 1.0, 1.0, 1.0, 1.0, 1.0, 1.0, 1.0, 1.0]
S_2 [0.1, 0.1, 0.1, 0.1, 0.1, 0.1, 0.1, 0.1, 0.1, 0.1]
Trust scores at iteration 95: [0.04896513165263746, 0.04896513165263746, 0.04896513165263746, 0.04896513165263746, 0.04896513165263746, -0.037767827925360875, -0.037767827925360875, -0.037767827925360875, -0.11925206820441994, -0.12803007566412877]
Trust scores_s1 at iteration 95: [0.49826063387864744, 0.49826063387864744, 0.49826063387864744, 0.49826063387864744, 0.49826063387864744, 0.4602409451063915, 0.4602409451063915, 0.4602409451063915, 0.43195960062968536, 0.4324470366769445]
Trust scores_s2 at iteration 95: [0.4737780680523287, 0.4737780680523287, 0.4737780680523287, 0.4737780680523287, 0.4737780680523287, 0.479124859069072, 0.479124859069072, 0.479124859069072, 0.4915856347318952, 0.4964620745090089]
X.shape (10, 5)
s1 and s2 score at iteration 95
S_1 [1.0, 1.0, 1.0, 1.0, 1.0, 1.0, 1.0, 1.0, 1.0, 1.0]
S_2 [0.1, 0.1, 0.1, 0.1, 0.1, 0.1, 0.1, 0.1, 0.1, 0.1]
Trust scores at iteration 96: [0.04162036190474184, 0.04162036190474184, 0.04162036190474184, 0.04162036190474184, 0.04162036190474184, -0.03210265373655674, -0.03210265373655674, -0.03210265373655674, -0.10136425797375695, -0.10882556431450946]
Trust scores_s1 at iteration 96: [0.49852153879685035, 0.49852153879685035, 0.49852153879685035, 0.49852153879685035, 0.49852153879685035, 0.4662048033404328, 0.4662048033404328, 0.4662048033404328, 0.44216566053523254, 0.4425799811754028]
Trust scores_s2 at iteration 96: [0.4777113578444794, 0.4777113578444794, 0.4777113578444794, 0.4777113578444794, 0.4777113578444794, 0.48225613020871116, 0.48225613020871116, 0.48225613020871116, 0.49284778952211095, 0.49699276333265757]
X.shape (10, 5)
s1 and s2 score at iteration 96
S_1 [1.0, 1.0, 1.0, 1.0, 1.0, 1.0, 1.0, 1.0, 1.0, 1.0]
S_2 [0.1, 0.1, 0.1, 0.1, 0.1, 0.1, 0.1, 0.1, 0.1, 0.1]
Trust scores at iteration 97: [0.03537730761903056, 0.03537730761903056, 0.03537730761903056, 0.03537730761903056, 0.03537730761903056, -0.02728725567607323, -0.02728725567607323, -0.02728725567607323, -0.0861596192776934, -0.09250172966733304]
Trust scores_s1 at iteration 97: [0.4987433079773228, 0.4987433079773228, 0.4987433079773228, 0.4987433079773228, 0.4987433079773228, 0.4712740828393679, 0.4712740828393679, 0.4712740828393679, 0.45084081145494764, 0.4511929839990924]
Trust scores_s2 at iteration 97: [0.48105465416780746, 0.48105465416780746, 0.48105465416780746, 0.48105465416780746, 0.48105465416780746, 0.48491771067740447, 0.48491771067740447, 0.48491771067740447, 0.4939206210937943, 0.49744384883275894]
X.shape (10, 5)
s1 and s2 score at iteration 97
S_1 [1.0, 1.0, 1.0, 1.0, 1.0, 1.0, 1.0, 1.0, 1.0, 1.0]
S_2 [0.1, 0.1, 0.1, 0.1, 0.1, 0.1, 0.1, 0.1, 0.1, 0.1]
Trust scores at iteration 98: [0.030070711476175974, 0.030070711476175974, 0.030070711476175974, 0.030070711476175974, 0.030070711476175974, -0.023194167324662243, -0.023194167324662243, -0.023194167324662243, -0.0732356763860394, -0.07862647021723308]
Trust scores_s1 at iteration 98: [0.4989318117807244, 0.4989318117807244, 0.4989318117807244, 0.4989318117807244, 0.4989318117807244, 0.4755829704134627, 0.4755829704134627, 0.4755829704134627, 0.4582146897367055, 0.45851403639922855]
Trust scores_s2 at iteration 98: [0.48389645604263637, 0.48389645604263637, 0.48389645604263637, 0.48389645604263637, 0.48389645604263637, 0.4871800540757938, 0.4871800540757938, 0.4871800540757938, 0.49483252792972515, 0.4978272715078451]
X.shape (10, 5)
s1 and s2 score at iteration 98
S_1 [1.0, 1.0, 1.0, 1.0, 1.0, 1.0, 1.0, 1.0, 1.0, 1.0]
S_2 [0.1, 0.1, 0.1, 0.1, 0.1, 0.1, 0.1, 0.1, 0.1, 0.1]
Trust scores at iteration 99: [0.025560104754749575, 0.025560104754749575, 0.025560104754749575, 0.025560104754749575, 0.025560104754749575, -0.019715042225962907, -0.019715042225962907, -0.019715042225962907, -0.06225032492813348, -0.06683249968464812]
Trust scores_s1 at iteration 99: [0.49909204001361573, 0.49909204001361573, 0.49909204001361573, 0.49909204001361573, 0.49909204001361573, 0.4792455248514433, 0.4792455248514433, 0.4792455248514433, 0.46448248627619965, 0.46473693093934426]
Trust scores_s2 at iteration 99: [0.4863119876362409, 0.4863119876362409, 0.4863119876362409, 0.4863119876362409, 0.4863119876362409, 0.4891030459644247, 0.4891030459644247, 0.4891030459644247, 0.49560764874026636, 0.49815318078166837]
X.shape (10, 5)
s1 and s2 score at iteration 99
S_1 [1.0, 1.0, 1.0, 1.0, 1.0, 1.0, 1.0, 1.0, 1.0, 1.0]
S_2 [0.1, 0.1, 0.1, 0.1, 0.1, 0.1, 0.1, 0.1, 0.1, 0.1]
Trust scores at iteration 100: [0.02172608904153714, 0.02172608904153714, 0.02172608904153714, 0.02172608904153714, 0.02172608904153714, -0.016757785892068472, -0.016757785892068472, -0.016757785892068472, -0.052912776188913456, -0.0568076247319509]
Trust scores_s1 at iteration 100: [0.4992282340115734, 0.4992282340115734, 0.4992282340115734, 0.4992282340115734, 0.4992282340115734, 0.4823586961237268, 0.4823586961237268, 0.4823586961237268, 0.4698101133347697, 0.47002639129844265]
Trust scores_s2 at iteration 100: [0.48836518949080476, 0.48836518949080476, 0.48836518949080476, 0.48836518949080476, 0.48836518949080476, 0.490737589069761, 0.490737589069761, 0.490737589069761, 0.4962665014292264, 0.4984302036644181]
