chunks.shape 518399
chunks[0].shape 5
Loaded Tower 5 data for Tower 2 without noise: 518399 chunks
chunks.shape 518399
chunks[0].shape 5
Loaded Tower 5 data for Tower 3 without noise: 518399 chunks
chunks.shape 518399
chunks[0].shape 5
Loaded Tower 5 data for Tower 4 without noise: 518399 chunks
chunks.shape 518399
chunks[0].shape 5
Loaded Tower 5 data for Tower 5 without noise: 518399 chunks
chunks.shape 518399
chunks[0].shape 5
Loaded Tower 5 data for Tower 6 without noise: 518399 chunks
chunks.shape 518399
chunks[0].shape 5
Loaded Tower 5 data for Tower 7 with same noise (chunks 60-80): 518399 chunks
chunks.shape 518399
chunks[0].shape 5
Loaded Tower 5 data for Tower 8 with same noise (chunks 60-80): 518399 chunks
chunks.shape 518399
chunks[0].shape 5
Loaded Tower 5 data for Tower 9 with same noise (chunks 60-80): 518399 chunks
chunks.shape 518399
chunks[0].shape 5
Loaded Tower 5 data for Tower 10 with random noise (chunks 60-80): 518399 chunks
chunks.shape 518399
chunks[0].shape 5
Loaded Tower 5 data for Tower 11 with random noise (chunks 60-80): 518399 chunks
X.shape (10, 5)
s1 and s2 score at iteration 0
S_1 [1.0, 1.0, 1.0, 1.0, 1.0, 1.0, 1.0, 1.0, 1.0, 1.0]
S_2 [0.1, 0.1, 0.1, 0.1, 0.1, 0.1, 0.1, 0.1, 0.1, 0.1]
Trust scores at iteration 1: [0.0, 0.0, 0.0, 0.0, 0.0, 0.0, 0.0, 0.0, 0.0, 0.0]
Trust scores_s1 at iteration 1: [0.25, 0.25, 0.25, 0.25, 0.25, 0.25, 0.25, 0.25, 0.25, 0.25]
Trust scores_s2 at iteration 1: [0.25, 0.25, 0.25, 0.25, 0.25, 0.25, 0.25, 0.25, 0.25, 0.25]
X.shape (10, 5)
s1 and s2 score at iteration 1
S_1 [1.0, 1.0, 1.0, 1.0, 1.0, 1.0, 1.0, 1.0, 1.0, 1.0]
S_2 [0.1, 0.1, 0.1, 0.1, 0.1, 0.1, 0.1, 0.1, 0.1, 0.1]
Trust scores at iteration 2: [0.0, 0.0, 0.0, 0.0, 0.0, 0.0, 0.0, 0.0, 0.0, 0.0]
Trust scores_s1 at iteration 2: [0.375, 0.375, 0.375, 0.375, 0.375, 0.375, 0.375, 0.375, 0.375, 0.375]
Trust scores_s2 at iteration 2: [0.375, 0.375, 0.375, 0.375, 0.375, 0.375, 0.375, 0.375, 0.375, 0.375]
X.shape (10, 5)
s1 and s2 score at iteration 2
S_1 [1.0, 1.0, 1.0, 1.0, 1.0, 1.0, 1.0, 1.0, 1.0, 1.0]
S_2 [0.1, 0.1, 0.1, 0.1, 0.1, 0.1, 0.1, 0.1, 0.1, 0.1]
Trust scores at iteration 3: [0.0, 0.0, 0.0, 0.0, 0.0, 0.0, 0.0, 0.0, 0.0, 0.0]
Trust scores_s1 at iteration 3: [0.4375, 0.4375, 0.4375, 0.4375, 0.4375, 0.4375, 0.4375, 0.4375, 0.4375, 0.4375]
Trust scores_s2 at iteration 3: [0.4375, 0.4375, 0.4375, 0.4375, 0.4375, 0.4375, 0.4375, 0.4375, 0.4375, 0.4375]
X.shape (10, 5)
s1 and s2 score at iteration 3
S_1 [1.0, 1.0, 1.0, 1.0, 1.0, 1.0, 1.0, 1.0, 1.0, 1.0]
S_2 [0.1, 0.1, 0.1, 0.1, 0.1, 0.1, 0.1, 0.1, 0.1, 0.1]
Trust scores at iteration 4: [0.0, 0.0, 0.0, 0.0, 0.0, 0.0, 0.0, 0.0, 0.0, 0.0]
Trust scores_s1 at iteration 4: [0.46875, 0.46875, 0.46875, 0.46875, 0.46875, 0.46875, 0.46875, 0.46875, 0.46875, 0.46875]
Trust scores_s2 at iteration 4: [0.46875, 0.46875, 0.46875, 0.46875, 0.46875, 0.46875, 0.46875, 0.46875, 0.46875, 0.46875]
X.shape (10, 5)
s1 and s2 score at iteration 4
S_1 [0.9999999999999998, 0.9999999999999998, 0.9999999999999998, 0.9999999999999998, 0.9999999999999998, 0.9999999999999998, 0.9999999999999998, 0.9999999999999998, 0.9999999999999998, 0.9999999999999998]
S_2 [0.1, 0.1, 0.1, 0.1, 0.1, 0.1, 0.1, 0.1, 0.1, 0.1]
Trust scores at iteration 5: [0.0, 0.0, 0.0, 0.0, 0.0, 0.0, 0.0, 0.0, 0.0, 0.0]
Trust scores_s1 at iteration 5: [0.484375, 0.484375, 0.484375, 0.484375, 0.484375, 0.484375, 0.484375, 0.484375, 0.484375, 0.484375]
Trust scores_s2 at iteration 5: [0.484375, 0.484375, 0.484375, 0.484375, 0.484375, 0.484375, 0.484375, 0.484375, 0.484375, 0.484375]
X.shape (10, 5)
s1 and s2 score at iteration 5
S_1 [1.0, 1.0, 1.0, 1.0, 1.0, 1.0, 1.0, 1.0, 1.0, 1.0]
S_2 [0.1, 0.1, 0.1, 0.1, 0.1, 0.1, 0.1, 0.1, 0.1, 0.1]
Trust scores at iteration 6: [0.0, 0.0, 0.0, 0.0, 0.0, 0.0, 0.0, 0.0, 0.0, 0.0]
Trust scores_s1 at iteration 6: [0.4921875, 0.4921875, 0.4921875, 0.4921875, 0.4921875, 0.4921875, 0.4921875, 0.4921875, 0.4921875, 0.4921875]
Trust scores_s2 at iteration 6: [0.4921875, 0.4921875, 0.4921875, 0.4921875, 0.4921875, 0.4921875, 0.4921875, 0.4921875, 0.4921875, 0.4921875]
X.shape (10, 5)
s1 and s2 score at iteration 6
S_1 [1.0, 1.0, 1.0, 1.0, 1.0, 1.0, 1.0, 1.0, 1.0, 1.0]
S_2 [0.1, 0.1, 0.1, 0.1, 0.1, 0.1, 0.1, 0.1, 0.1, 0.1]
Trust scores at iteration 7: [0.0, 0.0, 0.0, 0.0, 0.0, 0.0, 0.0, 0.0, 0.0, 0.0]
Trust scores_s1 at iteration 7: [0.49609375, 0.49609375, 0.49609375, 0.49609375, 0.49609375, 0.49609375, 0.49609375, 0.49609375, 0.49609375, 0.49609375]
Trust scores_s2 at iteration 7: [0.49609375, 0.49609375, 0.49609375, 0.49609375, 0.49609375, 0.49609375, 0.49609375, 0.49609375, 0.49609375, 0.49609375]
X.shape (10, 5)
s1 and s2 score at iteration 7
S_1 [0.9999999999999998, 0.9999999999999998, 0.9999999999999998, 0.9999999999999998, 0.9999999999999998, 0.9999999999999998, 0.9999999999999998, 0.9999999999999998, 0.9999999999999998, 0.9999999999999998]
S_2 [0.1, 0.1, 0.1, 0.1, 0.1, 0.1, 0.1, 0.1, 0.1, 0.1]
Trust scores at iteration 8: [0.0, 0.0, 0.0, 0.0, 0.0, 0.0, 0.0, 0.0, 0.0, 0.0]
Trust scores_s1 at iteration 8: [0.498046875, 0.498046875, 0.498046875, 0.498046875, 0.498046875, 0.498046875, 0.498046875, 0.498046875, 0.498046875, 0.498046875]
Trust scores_s2 at iteration 8: [0.498046875, 0.498046875, 0.498046875, 0.498046875, 0.498046875, 0.498046875, 0.498046875, 0.498046875, 0.498046875, 0.498046875]
X.shape (10, 5)
s1 and s2 score at iteration 8
S_1 [1.0, 1.0, 1.0, 1.0, 1.0, 1.0, 1.0, 1.0, 1.0, 1.0]
S_2 [0.1, 0.1, 0.1, 0.1, 0.1, 0.1, 0.1, 0.1, 0.1, 0.1]
Trust scores at iteration 9: [0.0, 0.0, 0.0, 0.0, 0.0, 0.0, 0.0, 0.0, 0.0, 0.0]
Trust scores_s1 at iteration 9: [0.4990234375, 0.4990234375, 0.4990234375, 0.4990234375, 0.4990234375, 0.4990234375, 0.4990234375, 0.4990234375, 0.4990234375, 0.4990234375]
Trust scores_s2 at iteration 9: [0.4990234375, 0.4990234375, 0.4990234375, 0.4990234375, 0.4990234375, 0.4990234375, 0.4990234375, 0.4990234375, 0.4990234375, 0.4990234375]
X.shape (10, 5)
s1 and s2 score at iteration 9
S_1 [1.0, 1.0, 1.0, 1.0, 1.0, 1.0, 1.0, 1.0, 1.0, 1.0]
S_2 [0.1, 0.1, 0.1, 0.1, 0.1, 0.1, 0.1, 0.1, 0.1, 0.1]
Trust scores at iteration 10: [0.0, 0.0, 0.0, 0.0, 0.0, 0.0, 0.0, 0.0, 0.0, 0.0]
Trust scores_s1 at iteration 10: [0.49951171875, 0.49951171875, 0.49951171875, 0.49951171875, 0.49951171875, 0.49951171875, 0.49951171875, 0.49951171875, 0.49951171875, 0.49951171875]
Trust scores_s2 at iteration 10: [0.49951171875, 0.49951171875, 0.49951171875, 0.49951171875, 0.49951171875, 0.49951171875, 0.49951171875, 0.49951171875, 0.49951171875, 0.49951171875]
X.shape (10, 5)
s1 and s2 score at iteration 10
S_1 [1.0, 1.0, 1.0, 1.0, 1.0, 1.0, 1.0, 1.0, 1.0, 1.0]
S_2 [0.1, 0.1, 0.1, 0.1, 0.1, 0.1, 0.1, 0.1, 0.1, 0.1]
Trust scores at iteration 11: [0.0, 0.0, 0.0, 0.0, 0.0, 0.0, 0.0, 0.0, 0.0, 0.0]
Trust scores_s1 at iteration 11: [0.499755859375, 0.499755859375, 0.499755859375, 0.499755859375, 0.499755859375, 0.499755859375, 0.499755859375, 0.499755859375, 0.499755859375, 0.499755859375]
Trust scores_s2 at iteration 11: [0.499755859375, 0.499755859375, 0.499755859375, 0.499755859375, 0.499755859375, 0.499755859375, 0.499755859375, 0.499755859375, 0.499755859375, 0.499755859375]
X.shape (10, 5)
s1 and s2 score at iteration 11
S_1 [1.0, 1.0, 1.0, 1.0, 1.0, 1.0, 1.0, 1.0, 1.0, 1.0]
S_2 [0.1, 0.1, 0.1, 0.1, 0.1, 0.1, 0.1, 0.1, 0.1, 0.1]
Trust scores at iteration 12: [0.0, 0.0, 0.0, 0.0, 0.0, 0.0, 0.0, 0.0, 0.0, 0.0]
Trust scores_s1 at iteration 12: [0.4998779296875, 0.4998779296875, 0.4998779296875, 0.4998779296875, 0.4998779296875, 0.4998779296875, 0.4998779296875, 0.4998779296875, 0.4998779296875, 0.4998779296875]
Trust scores_s2 at iteration 12: [0.4998779296875, 0.4998779296875, 0.4998779296875, 0.4998779296875, 0.4998779296875, 0.4998779296875, 0.4998779296875, 0.4998779296875, 0.4998779296875, 0.4998779296875]
X.shape (10, 5)
s1 and s2 score at iteration 12
S_1 [1.0, 1.0, 1.0, 1.0, 1.0, 1.0, 1.0, 1.0, 1.0, 1.0]
S_2 [0.1, 0.1, 0.1, 0.1, 0.1, 0.1, 0.1, 0.1, 0.1, 0.1]
Trust scores at iteration 13: [0.0, 0.0, 0.0, 0.0, 0.0, 0.0, 0.0, 0.0, 0.0, 0.0]
Trust scores_s1 at iteration 13: [0.49993896484375, 0.49993896484375, 0.49993896484375, 0.49993896484375, 0.49993896484375, 0.49993896484375, 0.49993896484375, 0.49993896484375, 0.49993896484375, 0.49993896484375]
Trust scores_s2 at iteration 13: [0.49993896484375, 0.49993896484375, 0.49993896484375, 0.49993896484375, 0.49993896484375, 0.49993896484375, 0.49993896484375, 0.49993896484375, 0.49993896484375, 0.49993896484375]
X.shape (10, 5)
s1 and s2 score at iteration 13
S_1 [1.0, 1.0, 1.0, 1.0, 1.0, 1.0, 1.0, 1.0, 1.0, 1.0]
S_2 [0.1, 0.1, 0.1, 0.1, 0.1, 0.1, 0.1, 0.1, 0.1, 0.1]
Trust scores at iteration 14: [0.0, 0.0, 0.0, 0.0, 0.0, 0.0, 0.0, 0.0, 0.0, 0.0]
Trust scores_s1 at iteration 14: [0.499969482421875, 0.499969482421875, 0.499969482421875, 0.499969482421875, 0.499969482421875, 0.499969482421875, 0.499969482421875, 0.499969482421875, 0.499969482421875, 0.499969482421875]
Trust scores_s2 at iteration 14: [0.499969482421875, 0.499969482421875, 0.499969482421875, 0.499969482421875, 0.499969482421875, 0.499969482421875, 0.499969482421875, 0.499969482421875, 0.499969482421875, 0.499969482421875]
X.shape (10, 5)
s1 and s2 score at iteration 14
S_1 [1.0, 1.0, 1.0, 1.0, 1.0, 1.0, 1.0, 1.0, 1.0, 1.0]
S_2 [0.1, 0.1, 0.1, 0.1, 0.1, 0.1, 0.1, 0.1, 0.1, 0.1]
Trust scores at iteration 15: [0.0, 0.0, 0.0, 0.0, 0.0, 0.0, 0.0, 0.0, 0.0, 0.0]
Trust scores_s1 at iteration 15: [0.4999847412109375, 0.4999847412109375, 0.4999847412109375, 0.4999847412109375, 0.4999847412109375, 0.4999847412109375, 0.4999847412109375, 0.4999847412109375, 0.4999847412109375, 0.4999847412109375]
Trust scores_s2 at iteration 15: [0.4999847412109375, 0.4999847412109375, 0.4999847412109375, 0.4999847412109375, 0.4999847412109375, 0.4999847412109375, 0.4999847412109375, 0.4999847412109375, 0.4999847412109375, 0.4999847412109375]
X.shape (10, 5)
s1 and s2 score at iteration 15
S_1 [0.9999999999999998, 0.9999999999999998, 0.9999999999999998, 0.9999999999999998, 0.9999999999999998, 0.9999999999999998, 0.9999999999999998, 0.9999999999999998, 0.9999999999999998, 0.9999999999999998]
S_2 [0.1, 0.1, 0.1, 0.1, 0.1, 0.1, 0.1, 0.1, 0.1, 0.1]
Trust scores at iteration 16: [0.0, 0.0, 0.0, 0.0, 0.0, 0.0, 0.0, 0.0, 0.0, 0.0]
Trust scores_s1 at iteration 16: [0.49999237060546875, 0.49999237060546875, 0.49999237060546875, 0.49999237060546875, 0.49999237060546875, 0.49999237060546875, 0.49999237060546875, 0.49999237060546875, 0.49999237060546875, 0.49999237060546875]
Trust scores_s2 at iteration 16: [0.49999237060546875, 0.49999237060546875, 0.49999237060546875, 0.49999237060546875, 0.49999237060546875, 0.49999237060546875, 0.49999237060546875, 0.49999237060546875, 0.49999237060546875, 0.49999237060546875]
X.shape (10, 5)
s1 and s2 score at iteration 16
S_1 [1.0, 1.0, 1.0, 1.0, 1.0, 1.0, 1.0, 1.0, 1.0, 1.0]
S_2 [0.1, 0.1, 0.1, 0.1, 0.1, 0.1, 0.1, 0.1, 0.1, 0.1]
Trust scores at iteration 17: [0.0, 0.0, 0.0, 0.0, 0.0, 0.0, 0.0, 0.0, 0.0, 0.0]
Trust scores_s1 at iteration 17: [0.4999961853027344, 0.4999961853027344, 0.4999961853027344, 0.4999961853027344, 0.4999961853027344, 0.4999961853027344, 0.4999961853027344, 0.4999961853027344, 0.4999961853027344, 0.4999961853027344]
Trust scores_s2 at iteration 17: [0.4999961853027344, 0.4999961853027344, 0.4999961853027344, 0.4999961853027344, 0.4999961853027344, 0.4999961853027344, 0.4999961853027344, 0.4999961853027344, 0.4999961853027344, 0.4999961853027344]
X.shape (10, 5)
s1 and s2 score at iteration 17
S_1 [1.0, 1.0, 1.0, 1.0, 1.0, 1.0, 1.0, 1.0, 1.0, 1.0]
S_2 [0.1, 0.1, 0.1, 0.1, 0.1, 0.1, 0.1, 0.1, 0.1, 0.1]
Trust scores at iteration 18: [0.0, 0.0, 0.0, 0.0, 0.0, 0.0, 0.0, 0.0, 0.0, 0.0]
Trust scores_s1 at iteration 18: [0.4999980926513672, 0.4999980926513672, 0.4999980926513672, 0.4999980926513672, 0.4999980926513672, 0.4999980926513672, 0.4999980926513672, 0.4999980926513672, 0.4999980926513672, 0.4999980926513672]
Trust scores_s2 at iteration 18: [0.4999980926513672, 0.4999980926513672, 0.4999980926513672, 0.4999980926513672, 0.4999980926513672, 0.4999980926513672, 0.4999980926513672, 0.4999980926513672, 0.4999980926513672, 0.4999980926513672]
X.shape (10, 5)
s1 and s2 score at iteration 18
S_1 [1.0, 1.0, 1.0, 1.0, 1.0, 1.0, 1.0, 1.0, 1.0, 1.0]
S_2 [0.1, 0.1, 0.1, 0.1, 0.1, 0.1, 0.1, 0.1, 0.1, 0.1]
Trust scores at iteration 19: [0.0, 0.0, 0.0, 0.0, 0.0, 0.0, 0.0, 0.0, 0.0, 0.0]
Trust scores_s1 at iteration 19: [0.4999990463256836, 0.4999990463256836, 0.4999990463256836, 0.4999990463256836, 0.4999990463256836, 0.4999990463256836, 0.4999990463256836, 0.4999990463256836, 0.4999990463256836, 0.4999990463256836]
Trust scores_s2 at iteration 19: [0.4999990463256836, 0.4999990463256836, 0.4999990463256836, 0.4999990463256836, 0.4999990463256836, 0.4999990463256836, 0.4999990463256836, 0.4999990463256836, 0.4999990463256836, 0.4999990463256836]
X.shape (10, 5)
s1 and s2 score at iteration 19
S_1 [1.0, 1.0, 1.0, 1.0, 1.0, 1.0, 1.0, 1.0, 1.0, 1.0]
S_2 [0.1, 0.1, 0.1, 0.1, 0.1, 0.1, 0.1, 0.1, 0.1, 0.1]
Trust scores at iteration 20: [0.0, 0.0, 0.0, 0.0, 0.0, 0.0, 0.0, 0.0, 0.0, 0.0]
Trust scores_s1 at iteration 20: [0.4999995231628418, 0.4999995231628418, 0.4999995231628418, 0.4999995231628418, 0.4999995231628418, 0.4999995231628418, 0.4999995231628418, 0.4999995231628418, 0.4999995231628418, 0.4999995231628418]
Trust scores_s2 at iteration 20: [0.4999995231628418, 0.4999995231628418, 0.4999995231628418, 0.4999995231628418, 0.4999995231628418, 0.4999995231628418, 0.4999995231628418, 0.4999995231628418, 0.4999995231628418, 0.4999995231628418]
X.shape (10, 5)
s1 and s2 score at iteration 20
S_1 [1.0, 1.0, 1.0, 1.0, 1.0, 1.0, 1.0, 1.0, 1.0, 1.0]
S_2 [0.1, 0.1, 0.1, 0.1, 0.1, 0.1, 0.1, 0.1, 0.1, 0.1]
Trust scores at iteration 21: [0.0, 0.0, 0.0, 0.0, 0.0, 0.0, 0.0, 0.0, 0.0, 0.0]
Trust scores_s1 at iteration 21: [0.4999997615814209, 0.4999997615814209, 0.4999997615814209, 0.4999997615814209, 0.4999997615814209, 0.4999997615814209, 0.4999997615814209, 0.4999997615814209, 0.4999997615814209, 0.4999997615814209]
Trust scores_s2 at iteration 21: [0.4999997615814209, 0.4999997615814209, 0.4999997615814209, 0.4999997615814209, 0.4999997615814209, 0.4999997615814209, 0.4999997615814209, 0.4999997615814209, 0.4999997615814209, 0.4999997615814209]
X.shape (10, 5)
s1 and s2 score at iteration 21
S_1 [1.0, 1.0, 1.0, 1.0, 1.0, 1.0, 1.0, 1.0, 1.0, 1.0]
S_2 [0.1, 0.1, 0.1, 0.1, 0.1, 0.1, 0.1, 0.1, 0.1, 0.1]
Trust scores at iteration 22: [0.0, 0.0, 0.0, 0.0, 0.0, 0.0, 0.0, 0.0, 0.0, 0.0]
Trust scores_s1 at iteration 22: [0.49999988079071045, 0.49999988079071045, 0.49999988079071045, 0.49999988079071045, 0.49999988079071045, 0.49999988079071045, 0.49999988079071045, 0.49999988079071045, 0.49999988079071045, 0.49999988079071045]
Trust scores_s2 at iteration 22: [0.49999988079071045, 0.49999988079071045, 0.49999988079071045, 0.49999988079071045, 0.49999988079071045, 0.49999988079071045, 0.49999988079071045, 0.49999988079071045, 0.49999988079071045, 0.49999988079071045]
X.shape (10, 5)
s1 and s2 score at iteration 22
S_1 [1.0, 1.0, 1.0, 1.0, 1.0, 1.0, 1.0, 1.0, 1.0, 1.0]
S_2 [0.1, 0.1, 0.1, 0.1, 0.1, 0.1, 0.1, 0.1, 0.1, 0.1]
Trust scores at iteration 23: [0.0, 0.0, 0.0, 0.0, 0.0, 0.0, 0.0, 0.0, 0.0, 0.0]
Trust scores_s1 at iteration 23: [0.4999999403953552, 0.4999999403953552, 0.4999999403953552, 0.4999999403953552, 0.4999999403953552, 0.4999999403953552, 0.4999999403953552, 0.4999999403953552, 0.4999999403953552, 0.4999999403953552]
Trust scores_s2 at iteration 23: [0.4999999403953552, 0.4999999403953552, 0.4999999403953552, 0.4999999403953552, 0.4999999403953552, 0.4999999403953552, 0.4999999403953552, 0.4999999403953552, 0.4999999403953552, 0.4999999403953552]
X.shape (10, 5)
s1 and s2 score at iteration 23
S_1 [0.9999999999999998, 0.9999999999999998, 0.9999999999999998, 0.9999999999999998, 0.9999999999999998, 0.9999999999999998, 0.9999999999999998, 0.9999999999999998, 0.9999999999999998, 0.9999999999999998]
S_2 [0.1, 0.1, 0.1, 0.1, 0.1, 0.1, 0.1, 0.1, 0.1, 0.1]
Trust scores at iteration 24: [0.0, 0.0, 0.0, 0.0, 0.0, 0.0, 0.0, 0.0, 0.0, 0.0]
Trust scores_s1 at iteration 24: [0.4999999701976776, 0.4999999701976776, 0.4999999701976776, 0.4999999701976776, 0.4999999701976776, 0.4999999701976776, 0.4999999701976776, 0.4999999701976776, 0.4999999701976776, 0.4999999701976776]
Trust scores_s2 at iteration 24: [0.4999999701976776, 0.4999999701976776, 0.4999999701976776, 0.4999999701976776, 0.4999999701976776, 0.4999999701976776, 0.4999999701976776, 0.4999999701976776, 0.4999999701976776, 0.4999999701976776]
X.shape (10, 5)
s1 and s2 score at iteration 24
S_1 [0.9999999999999998, 0.9999999999999998, 0.9999999999999998, 0.9999999999999998, 0.9999999999999998, 0.9999999999999998, 0.9999999999999998, 0.9999999999999998, 0.9999999999999998, 0.9999999999999998]
S_2 [0.1, 0.1, 0.1, 0.1, 0.1, 0.1, 0.1, 0.1, 0.1, 0.1]
Trust scores at iteration 25: [0.0, 0.0, 0.0, 0.0, 0.0, 0.0, 0.0, 0.0, 0.0, 0.0]
Trust scores_s1 at iteration 25: [0.4999999850988388, 0.4999999850988388, 0.4999999850988388, 0.4999999850988388, 0.4999999850988388, 0.4999999850988388, 0.4999999850988388, 0.4999999850988388, 0.4999999850988388, 0.4999999850988388]
Trust scores_s2 at iteration 25: [0.4999999850988388, 0.4999999850988388, 0.4999999850988388, 0.4999999850988388, 0.4999999850988388, 0.4999999850988388, 0.4999999850988388, 0.4999999850988388, 0.4999999850988388, 0.4999999850988388]
X.shape (10, 5)
s1 and s2 score at iteration 25
S_1 [1.0, 1.0, 1.0, 1.0, 1.0, 1.0, 1.0, 1.0, 1.0, 1.0]
S_2 [0.1, 0.1, 0.1, 0.1, 0.1, 0.1, 0.1, 0.1, 0.1, 0.1]
Trust scores at iteration 26: [0.0, 0.0, 0.0, 0.0, 0.0, 0.0, 0.0, 0.0, 0.0, 0.0]
Trust scores_s1 at iteration 26: [0.4999999925494194, 0.4999999925494194, 0.4999999925494194, 0.4999999925494194, 0.4999999925494194, 0.4999999925494194, 0.4999999925494194, 0.4999999925494194, 0.4999999925494194, 0.4999999925494194]
Trust scores_s2 at iteration 26: [0.4999999925494194, 0.4999999925494194, 0.4999999925494194, 0.4999999925494194, 0.4999999925494194, 0.4999999925494194, 0.4999999925494194, 0.4999999925494194, 0.4999999925494194, 0.4999999925494194]
X.shape (10, 5)
s1 and s2 score at iteration 26
S_1 [1.0, 1.0, 1.0, 1.0, 1.0, 1.0, 1.0, 1.0, 1.0, 1.0]
S_2 [0.1, 0.1, 0.1, 0.1, 0.1, 0.1, 0.1, 0.1, 0.1, 0.1]
Trust scores at iteration 27: [0.0, 0.0, 0.0, 0.0, 0.0, 0.0, 0.0, 0.0, 0.0, 0.0]
Trust scores_s1 at iteration 27: [0.4999999962747097, 0.4999999962747097, 0.4999999962747097, 0.4999999962747097, 0.4999999962747097, 0.4999999962747097, 0.4999999962747097, 0.4999999962747097, 0.4999999962747097, 0.4999999962747097]
Trust scores_s2 at iteration 27: [0.4999999962747097, 0.4999999962747097, 0.4999999962747097, 0.4999999962747097, 0.4999999962747097, 0.4999999962747097, 0.4999999962747097, 0.4999999962747097, 0.4999999962747097, 0.4999999962747097]
X.shape (10, 5)
s1 and s2 score at iteration 27
S_1 [1.0, 1.0, 1.0, 1.0, 1.0, 1.0, 1.0, 1.0, 1.0, 1.0]
S_2 [0.1, 0.1, 0.1, 0.1, 0.1, 0.1, 0.1, 0.1, 0.1, 0.1]
Trust scores at iteration 28: [0.0, 0.0, 0.0, 0.0, 0.0, 0.0, 0.0, 0.0, 0.0, 0.0]
Trust scores_s1 at iteration 28: [0.49999999813735485, 0.49999999813735485, 0.49999999813735485, 0.49999999813735485, 0.49999999813735485, 0.49999999813735485, 0.49999999813735485, 0.49999999813735485, 0.49999999813735485, 0.49999999813735485]
Trust scores_s2 at iteration 28: [0.49999999813735485, 0.49999999813735485, 0.49999999813735485, 0.49999999813735485, 0.49999999813735485, 0.49999999813735485, 0.49999999813735485, 0.49999999813735485, 0.49999999813735485, 0.49999999813735485]
X.shape (10, 5)
s1 and s2 score at iteration 28
S_1 [1.0, 1.0, 1.0, 1.0, 1.0, 1.0, 1.0, 1.0, 1.0, 1.0]
S_2 [0.1, 0.1, 0.1, 0.1, 0.1, 0.1, 0.1, 0.1, 0.1, 0.1]
Trust scores at iteration 29: [0.0, 0.0, 0.0, 0.0, 0.0, 0.0, 0.0, 0.0, 0.0, 0.0]
Trust scores_s1 at iteration 29: [0.4999999990686774, 0.4999999990686774, 0.4999999990686774, 0.4999999990686774, 0.4999999990686774, 0.4999999990686774, 0.4999999990686774, 0.4999999990686774, 0.4999999990686774, 0.4999999990686774]
Trust scores_s2 at iteration 29: [0.4999999990686774, 0.4999999990686774, 0.4999999990686774, 0.4999999990686774, 0.4999999990686774, 0.4999999990686774, 0.4999999990686774, 0.4999999990686774, 0.4999999990686774, 0.4999999990686774]
X.shape (10, 5)
s1 and s2 score at iteration 29
S_1 [1.0, 1.0, 1.0, 1.0, 1.0, 1.0, 1.0, 1.0, 1.0, 1.0]
S_2 [0.1, 0.1, 0.1, 0.1, 0.1, 0.1, 0.1, 0.1, 0.1, 0.1]
Trust scores at iteration 30: [0.0, 0.0, 0.0, 0.0, 0.0, 0.0, 0.0, 0.0, 0.0, 0.0]
Trust scores_s1 at iteration 30: [0.4999999995343387, 0.4999999995343387, 0.4999999995343387, 0.4999999995343387, 0.4999999995343387, 0.4999999995343387, 0.4999999995343387, 0.4999999995343387, 0.4999999995343387, 0.4999999995343387]
Trust scores_s2 at iteration 30: [0.4999999995343387, 0.4999999995343387, 0.4999999995343387, 0.4999999995343387, 0.4999999995343387, 0.4999999995343387, 0.4999999995343387, 0.4999999995343387, 0.4999999995343387, 0.4999999995343387]
X.shape (10, 5)
s1 and s2 score at iteration 30
S_1 [1.0, 1.0, 1.0, 1.0, 1.0, 1.0, 1.0, 1.0, 1.0, 1.0]
S_2 [0.1, 0.1, 0.1, 0.1, 0.1, 0.1, 0.1, 0.1, 0.1, 0.1]
Trust scores at iteration 31: [0.0, 0.0, 0.0, 0.0, 0.0, 0.0, 0.0, 0.0, 0.0, 0.0]
Trust scores_s1 at iteration 31: [0.49999999976716936, 0.49999999976716936, 0.49999999976716936, 0.49999999976716936, 0.49999999976716936, 0.49999999976716936, 0.49999999976716936, 0.49999999976716936, 0.49999999976716936, 0.49999999976716936]
Trust scores_s2 at iteration 31: [0.49999999976716936, 0.49999999976716936, 0.49999999976716936, 0.49999999976716936, 0.49999999976716936, 0.49999999976716936, 0.49999999976716936, 0.49999999976716936, 0.49999999976716936, 0.49999999976716936]
X.shape (10, 5)
s1 and s2 score at iteration 31
S_1 [1.0, 1.0, 1.0, 1.0, 1.0, 1.0, 1.0, 1.0, 1.0, 1.0]
S_2 [0.1, 0.1, 0.1, 0.1, 0.1, 0.1, 0.1, 0.1, 0.1, 0.1]
Trust scores at iteration 32: [0.0, 0.0, 0.0, 0.0, 0.0, 0.0, 0.0, 0.0, 0.0, 0.0]
Trust scores_s1 at iteration 32: [0.4999999998835847, 0.4999999998835847, 0.4999999998835847, 0.4999999998835847, 0.4999999998835847, 0.4999999998835847, 0.4999999998835847, 0.4999999998835847, 0.4999999998835847, 0.4999999998835847]
Trust scores_s2 at iteration 32: [0.4999999998835847, 0.4999999998835847, 0.4999999998835847, 0.4999999998835847, 0.4999999998835847, 0.4999999998835847, 0.4999999998835847, 0.4999999998835847, 0.4999999998835847, 0.4999999998835847]
X.shape (10, 5)
s1 and s2 score at iteration 32
S_1 [0.9999999999999998, 0.9999999999999998, 0.9999999999999998, 0.9999999999999998, 0.9999999999999998, 0.9999999999999998, 0.9999999999999998, 0.9999999999999998, 0.9999999999999998, 0.9999999999999998]
S_2 [0.1, 0.1, 0.1, 0.1, 0.1, 0.1, 0.1, 0.1, 0.1, 0.1]
Trust scores at iteration 33: [0.0, 0.0, 0.0, 0.0, 0.0, 0.0, 0.0, 0.0, 0.0, 0.0]
Trust scores_s1 at iteration 33: [0.49999999994179234, 0.49999999994179234, 0.49999999994179234, 0.49999999994179234, 0.49999999994179234, 0.49999999994179234, 0.49999999994179234, 0.49999999994179234, 0.49999999994179234, 0.49999999994179234]
Trust scores_s2 at iteration 33: [0.49999999994179234, 0.49999999994179234, 0.49999999994179234, 0.49999999994179234, 0.49999999994179234, 0.49999999994179234, 0.49999999994179234, 0.49999999994179234, 0.49999999994179234, 0.49999999994179234]
X.shape (10, 5)
s1 and s2 score at iteration 33
S_1 [1.0, 1.0, 1.0, 1.0, 1.0, 1.0, 1.0, 1.0, 1.0, 1.0]
S_2 [0.1, 0.1, 0.1, 0.1, 0.1, 0.1, 0.1, 0.1, 0.1, 0.1]
Trust scores at iteration 34: [0.0, 0.0, 0.0, 0.0, 0.0, 0.0, 0.0, 0.0, 0.0, 0.0]
Trust scores_s1 at iteration 34: [0.49999999997089617, 0.49999999997089617, 0.49999999997089617, 0.49999999997089617, 0.49999999997089617, 0.49999999997089617, 0.49999999997089617, 0.49999999997089617, 0.49999999997089617, 0.49999999997089617]
Trust scores_s2 at iteration 34: [0.49999999997089617, 0.49999999997089617, 0.49999999997089617, 0.49999999997089617, 0.49999999997089617, 0.49999999997089617, 0.49999999997089617, 0.49999999997089617, 0.49999999997089617, 0.49999999997089617]
X.shape (10, 5)
s1 and s2 score at iteration 34
S_1 [1.0, 1.0, 1.0, 1.0, 1.0, 1.0, 1.0, 1.0, 1.0, 1.0]
S_2 [0.1, 0.1, 0.1, 0.1, 0.1, 0.1, 0.1, 0.1, 0.1, 0.1]
Trust scores at iteration 35: [0.0, 0.0, 0.0, 0.0, 0.0, 0.0, 0.0, 0.0, 0.0, 0.0]
Trust scores_s1 at iteration 35: [0.4999999999854481, 0.4999999999854481, 0.4999999999854481, 0.4999999999854481, 0.4999999999854481, 0.4999999999854481, 0.4999999999854481, 0.4999999999854481, 0.4999999999854481, 0.4999999999854481]
Trust scores_s2 at iteration 35: [0.4999999999854481, 0.4999999999854481, 0.4999999999854481, 0.4999999999854481, 0.4999999999854481, 0.4999999999854481, 0.4999999999854481, 0.4999999999854481, 0.4999999999854481, 0.4999999999854481]
X.shape (10, 5)
s1 and s2 score at iteration 35
S_1 [0.9999999999999998, 0.9999999999999998, 0.9999999999999998, 0.9999999999999998, 0.9999999999999998, 0.9999999999999998, 0.9999999999999998, 0.9999999999999998, 0.9999999999999998, 0.9999999999999998]
S_2 [0.1, 0.1, 0.1, 0.1, 0.1, 0.1, 0.1, 0.1, 0.1, 0.1]
Trust scores at iteration 36: [0.0, 0.0, 0.0, 0.0, 0.0, 0.0, 0.0, 0.0, 0.0, 0.0]
Trust scores_s1 at iteration 36: [0.49999999999272404, 0.49999999999272404, 0.49999999999272404, 0.49999999999272404, 0.49999999999272404, 0.49999999999272404, 0.49999999999272404, 0.49999999999272404, 0.49999999999272404, 0.49999999999272404]
Trust scores_s2 at iteration 36: [0.49999999999272404, 0.49999999999272404, 0.49999999999272404, 0.49999999999272404, 0.49999999999272404, 0.49999999999272404, 0.49999999999272404, 0.49999999999272404, 0.49999999999272404, 0.49999999999272404]
X.shape (10, 5)
s1 and s2 score at iteration 36
S_1 [1.0, 1.0, 1.0, 1.0, 1.0, 1.0, 1.0, 1.0, 1.0, 1.0]
S_2 [0.1, 0.1, 0.1, 0.1, 0.1, 0.1, 0.1, 0.1, 0.1, 0.1]
Trust scores at iteration 37: [0.0, 0.0, 0.0, 0.0, 0.0, 0.0, 0.0, 0.0, 0.0, 0.0]
Trust scores_s1 at iteration 37: [0.499999999996362, 0.499999999996362, 0.499999999996362, 0.499999999996362, 0.499999999996362, 0.499999999996362, 0.499999999996362, 0.499999999996362, 0.499999999996362, 0.499999999996362]
Trust scores_s2 at iteration 37: [0.499999999996362, 0.499999999996362, 0.499999999996362, 0.499999999996362, 0.499999999996362, 0.499999999996362, 0.499999999996362, 0.499999999996362, 0.499999999996362, 0.499999999996362]
X.shape (10, 5)
s1 and s2 score at iteration 37
S_1 [1.0, 1.0, 1.0, 1.0, 1.0, 1.0, 1.0, 1.0, 1.0, 1.0]
S_2 [0.1, 0.1, 0.1, 0.1, 0.1, 0.1, 0.1, 0.1, 0.1, 0.1]
Trust scores at iteration 38: [0.0, 0.0, 0.0, 0.0, 0.0, 0.0, 0.0, 0.0, 0.0, 0.0]
Trust scores_s1 at iteration 38: [0.499999999998181, 0.499999999998181, 0.499999999998181, 0.499999999998181, 0.499999999998181, 0.499999999998181, 0.499999999998181, 0.499999999998181, 0.499999999998181, 0.499999999998181]
Trust scores_s2 at iteration 38: [0.499999999998181, 0.499999999998181, 0.499999999998181, 0.499999999998181, 0.499999999998181, 0.499999999998181, 0.499999999998181, 0.499999999998181, 0.499999999998181, 0.499999999998181]
X.shape (10, 5)
s1 and s2 score at iteration 38
S_1 [1.0, 1.0, 1.0, 1.0, 1.0, 1.0, 1.0, 1.0, 1.0, 1.0]
S_2 [0.1, 0.1, 0.1, 0.1, 0.1, 0.1, 0.1, 0.1, 0.1, 0.1]
Trust scores at iteration 39: [0.0, 0.0, 0.0, 0.0, 0.0, 0.0, 0.0, 0.0, 0.0, 0.0]
Trust scores_s1 at iteration 39: [0.4999999999990905, 0.4999999999990905, 0.4999999999990905, 0.4999999999990905, 0.4999999999990905, 0.4999999999990905, 0.4999999999990905, 0.4999999999990905, 0.4999999999990905, 0.4999999999990905]
Trust scores_s2 at iteration 39: [0.4999999999990905, 0.4999999999990905, 0.4999999999990905, 0.4999999999990905, 0.4999999999990905, 0.4999999999990905, 0.4999999999990905, 0.4999999999990905, 0.4999999999990905, 0.4999999999990905]
X.shape (10, 5)
s1 and s2 score at iteration 39
S_1 [1.0, 1.0, 1.0, 1.0, 1.0, 1.0, 1.0, 1.0, 1.0, 1.0]
S_2 [0.1, 0.1, 0.1, 0.1, 0.1, 0.1, 0.1, 0.1, 0.1, 0.1]
Trust scores at iteration 40: [0.0, 0.0, 0.0, 0.0, 0.0, 0.0, 0.0, 0.0, 0.0, 0.0]
Trust scores_s1 at iteration 40: [0.49999999999954525, 0.49999999999954525, 0.49999999999954525, 0.49999999999954525, 0.49999999999954525, 0.49999999999954525, 0.49999999999954525, 0.49999999999954525, 0.49999999999954525, 0.49999999999954525]
Trust scores_s2 at iteration 40: [0.49999999999954525, 0.49999999999954525, 0.49999999999954525, 0.49999999999954525, 0.49999999999954525, 0.49999999999954525, 0.49999999999954525, 0.49999999999954525, 0.49999999999954525, 0.49999999999954525]
X.shape (10, 5)
s1 and s2 score at iteration 40
S_1 [0.9999999999999998, 0.9999999999999998, 0.9999999999999998, 0.9999999999999998, 0.9999999999999998, 0.9999999999999998, 0.9999999999999998, 0.9999999999999998, 0.9999999999999998, 0.9999999999999998]
S_2 [0.1, 0.1, 0.1, 0.1, 0.1, 0.1, 0.1, 0.1, 0.1, 0.1]
Trust scores at iteration 41: [0.0, 0.0, 0.0, 0.0, 0.0, 0.0, 0.0, 0.0, 0.0, 0.0]
Trust scores_s1 at iteration 41: [0.4999999999997726, 0.4999999999997726, 0.4999999999997726, 0.4999999999997726, 0.4999999999997726, 0.4999999999997726, 0.4999999999997726, 0.4999999999997726, 0.4999999999997726, 0.4999999999997726]
Trust scores_s2 at iteration 41: [0.4999999999997726, 0.4999999999997726, 0.4999999999997726, 0.4999999999997726, 0.4999999999997726, 0.4999999999997726, 0.4999999999997726, 0.4999999999997726, 0.4999999999997726, 0.4999999999997726]
X.shape (10, 5)
s1 and s2 score at iteration 41
S_1 [1.0, 1.0, 1.0, 1.0, 1.0, 1.0, 1.0, 1.0, 1.0, 1.0]
S_2 [0.1, 0.1, 0.1, 0.1, 0.1, 0.1, 0.1, 0.1, 0.1, 0.1]
Trust scores at iteration 42: [0.0, 0.0, 0.0, 0.0, 0.0, 0.0, 0.0, 0.0, 0.0, 0.0]
Trust scores_s1 at iteration 42: [0.4999999999998863, 0.4999999999998863, 0.4999999999998863, 0.4999999999998863, 0.4999999999998863, 0.4999999999998863, 0.4999999999998863, 0.4999999999998863, 0.4999999999998863, 0.4999999999998863]
Trust scores_s2 at iteration 42: [0.4999999999998863, 0.4999999999998863, 0.4999999999998863, 0.4999999999998863, 0.4999999999998863, 0.4999999999998863, 0.4999999999998863, 0.4999999999998863, 0.4999999999998863, 0.4999999999998863]
X.shape (10, 5)
s1 and s2 score at iteration 42
S_1 [1.0, 1.0, 1.0, 1.0, 1.0, 1.0, 1.0, 1.0, 1.0, 1.0]
S_2 [0.1, 0.1, 0.1, 0.1, 0.1, 0.1, 0.1, 0.1, 0.1, 0.1]
Trust scores at iteration 43: [0.0, 0.0, 0.0, 0.0, 0.0, 0.0, 0.0, 0.0, 0.0, 0.0]
Trust scores_s1 at iteration 43: [0.49999999999994316, 0.49999999999994316, 0.49999999999994316, 0.49999999999994316, 0.49999999999994316, 0.49999999999994316, 0.49999999999994316, 0.49999999999994316, 0.49999999999994316, 0.49999999999994316]
Trust scores_s2 at iteration 43: [0.49999999999994316, 0.49999999999994316, 0.49999999999994316, 0.49999999999994316, 0.49999999999994316, 0.49999999999994316, 0.49999999999994316, 0.49999999999994316, 0.49999999999994316, 0.49999999999994316]
X.shape (10, 5)
s1 and s2 score at iteration 43
S_1 [1.0, 1.0, 1.0, 1.0, 1.0, 1.0, 1.0, 1.0, 1.0, 1.0]
S_2 [0.1, 0.1, 0.1, 0.1, 0.1, 0.1, 0.1, 0.1, 0.1, 0.1]
Trust scores at iteration 44: [0.0, 0.0, 0.0, 0.0, 0.0, 0.0, 0.0, 0.0, 0.0, 0.0]
Trust scores_s1 at iteration 44: [0.4999999999999716, 0.4999999999999716, 0.4999999999999716, 0.4999999999999716, 0.4999999999999716, 0.4999999999999716, 0.4999999999999716, 0.4999999999999716, 0.4999999999999716, 0.4999999999999716]
Trust scores_s2 at iteration 44: [0.4999999999999716, 0.4999999999999716, 0.4999999999999716, 0.4999999999999716, 0.4999999999999716, 0.4999999999999716, 0.4999999999999716, 0.4999999999999716, 0.4999999999999716, 0.4999999999999716]
X.shape (10, 5)
s1 and s2 score at iteration 44
S_1 [1.0, 1.0, 1.0, 1.0, 1.0, 1.0, 1.0, 1.0, 1.0, 1.0]
S_2 [0.1, 0.1, 0.1, 0.1, 0.1, 0.1, 0.1, 0.1, 0.1, 0.1]
Trust scores at iteration 45: [0.0, 0.0, 0.0, 0.0, 0.0, 0.0, 0.0, 0.0, 0.0, 0.0]
Trust scores_s1 at iteration 45: [0.4999999999999858, 0.4999999999999858, 0.4999999999999858, 0.4999999999999858, 0.4999999999999858, 0.4999999999999858, 0.4999999999999858, 0.4999999999999858, 0.4999999999999858, 0.4999999999999858]
Trust scores_s2 at iteration 45: [0.4999999999999858, 0.4999999999999858, 0.4999999999999858, 0.4999999999999858, 0.4999999999999858, 0.4999999999999858, 0.4999999999999858, 0.4999999999999858, 0.4999999999999858, 0.4999999999999858]
X.shape (10, 5)
s1 and s2 score at iteration 45
S_1 [1.0, 1.0, 1.0, 1.0, 1.0, 1.0, 1.0, 1.0, 1.0, 1.0]
S_2 [0.1, 0.1, 0.1, 0.1, 0.1, 0.1, 0.1, 0.1, 0.1, 0.1]
Trust scores at iteration 46: [0.0, 0.0, 0.0, 0.0, 0.0, 0.0, 0.0, 0.0, 0.0, 0.0]
Trust scores_s1 at iteration 46: [0.4999999999999929, 0.4999999999999929, 0.4999999999999929, 0.4999999999999929, 0.4999999999999929, 0.4999999999999929, 0.4999999999999929, 0.4999999999999929, 0.4999999999999929, 0.4999999999999929]
Trust scores_s2 at iteration 46: [0.4999999999999929, 0.4999999999999929, 0.4999999999999929, 0.4999999999999929, 0.4999999999999929, 0.4999999999999929, 0.4999999999999929, 0.4999999999999929, 0.4999999999999929, 0.4999999999999929]
X.shape (10, 5)
s1 and s2 score at iteration 46
S_1 [1.0, 1.0, 1.0, 1.0, 1.0, 1.0, 1.0, 1.0, 1.0, 1.0]
S_2 [0.1, 0.1, 0.1, 0.1, 0.1, 0.1, 0.1, 0.1, 0.1, 0.1]
Trust scores at iteration 47: [0.0, 0.0, 0.0, 0.0, 0.0, 0.0, 0.0, 0.0, 0.0, 0.0]
Trust scores_s1 at iteration 47: [0.49999999999999645, 0.49999999999999645, 0.49999999999999645, 0.49999999999999645, 0.49999999999999645, 0.49999999999999645, 0.49999999999999645, 0.49999999999999645, 0.49999999999999645, 0.49999999999999645]
Trust scores_s2 at iteration 47: [0.49999999999999645, 0.49999999999999645, 0.49999999999999645, 0.49999999999999645, 0.49999999999999645, 0.49999999999999645, 0.49999999999999645, 0.49999999999999645, 0.49999999999999645, 0.49999999999999645]
X.shape (10, 5)
s1 and s2 score at iteration 47
S_1 [1.0, 1.0, 1.0, 1.0, 1.0, 1.0, 1.0, 1.0, 1.0, 1.0]
S_2 [0.1, 0.1, 0.1, 0.1, 0.1, 0.1, 0.1, 0.1, 0.1, 0.1]
Trust scores at iteration 48: [0.0, 0.0, 0.0, 0.0, 0.0, 0.0, 0.0, 0.0, 0.0, 0.0]
Trust scores_s1 at iteration 48: [0.4999999999999982, 0.4999999999999982, 0.4999999999999982, 0.4999999999999982, 0.4999999999999982, 0.4999999999999982, 0.4999999999999982, 0.4999999999999982, 0.4999999999999982, 0.4999999999999982]
Trust scores_s2 at iteration 48: [0.4999999999999982, 0.4999999999999982, 0.4999999999999982, 0.4999999999999982, 0.4999999999999982, 0.4999999999999982, 0.4999999999999982, 0.4999999999999982, 0.4999999999999982, 0.4999999999999982]
X.shape (10, 5)
s1 and s2 score at iteration 48
S_1 [0.9999999999999998, 0.9999999999999998, 0.9999999999999998, 0.9999999999999998, 0.9999999999999998, 0.9999999999999998, 0.9999999999999998, 0.9999999999999998, 0.9999999999999998, 0.9999999999999998]
S_2 [0.1, 0.1, 0.1, 0.1, 0.1, 0.1, 0.1, 0.1, 0.1, 0.1]
Trust scores at iteration 49: [0.0, 0.0, 0.0, 0.0, 0.0, 0.0, 0.0, 0.0, 0.0, 0.0]
Trust scores_s1 at iteration 49: [0.4999999999999991, 0.4999999999999991, 0.4999999999999991, 0.4999999999999991, 0.4999999999999991, 0.4999999999999991, 0.4999999999999991, 0.4999999999999991, 0.4999999999999991, 0.4999999999999991]
Trust scores_s2 at iteration 49: [0.4999999999999991, 0.4999999999999991, 0.4999999999999991, 0.4999999999999991, 0.4999999999999991, 0.4999999999999991, 0.4999999999999991, 0.4999999999999991, 0.4999999999999991, 0.4999999999999991]
X.shape (10, 5)
s1 and s2 score at iteration 49
S_1 [0.9999999999999998, 0.9999999999999998, 0.9999999999999998, 0.9999999999999998, 0.9999999999999998, 0.9999999999999998, 0.9999999999999998, 0.9999999999999998, 0.9999999999999998, 0.9999999999999998]
S_2 [0.1, 0.1, 0.1, 0.1, 0.1, 0.1, 0.1, 0.1, 0.1, 0.1]
Trust scores at iteration 50: [0.0, 0.0, 0.0, 0.0, 0.0, 0.0, 0.0, 0.0, 0.0, 0.0]
Trust scores_s1 at iteration 50: [0.49999999999999956, 0.49999999999999956, 0.49999999999999956, 0.49999999999999956, 0.49999999999999956, 0.49999999999999956, 0.49999999999999956, 0.49999999999999956, 0.49999999999999956, 0.49999999999999956]
Trust scores_s2 at iteration 50: [0.49999999999999956, 0.49999999999999956, 0.49999999999999956, 0.49999999999999956, 0.49999999999999956, 0.49999999999999956, 0.49999999999999956, 0.49999999999999956, 0.49999999999999956, 0.49999999999999956]
X.shape (10, 5)
s1 and s2 score at iteration 50
S_1 [1.0, 1.0, 1.0, 1.0, 1.0, 1.0, 1.0, 1.0, 1.0, 1.0]
S_2 [0.1, 0.1, 0.1, 0.1, 0.1, 0.1, 0.1, 0.1, 0.1, 0.1]
Trust scores at iteration 51: [0.0, 0.0, 0.0, 0.0, 0.0, 0.0, 0.0, 0.0, 0.0, 0.0]
Trust scores_s1 at iteration 51: [0.4999999999999998, 0.4999999999999998, 0.4999999999999998, 0.4999999999999998, 0.4999999999999998, 0.4999999999999998, 0.4999999999999998, 0.4999999999999998, 0.4999999999999998, 0.4999999999999998]
Trust scores_s2 at iteration 51: [0.4999999999999998, 0.4999999999999998, 0.4999999999999998, 0.4999999999999998, 0.4999999999999998, 0.4999999999999998, 0.4999999999999998, 0.4999999999999998, 0.4999999999999998, 0.4999999999999998]
X.shape (10, 5)
s1 and s2 score at iteration 51
S_1 [1.0, 1.0, 1.0, 1.0, 1.0, 1.0, 1.0, 1.0, 1.0, 1.0]
S_2 [0.1, 0.1, 0.1, 0.1, 0.1, 0.1, 0.1, 0.1, 0.1, 0.1]
Trust scores at iteration 52: [0.0, 0.0, 0.0, 0.0, 0.0, 0.0, 0.0, 0.0, 0.0, 0.0]
Trust scores_s1 at iteration 52: [0.4999999999999999, 0.4999999999999999, 0.4999999999999999, 0.4999999999999999, 0.4999999999999999, 0.4999999999999999, 0.4999999999999999, 0.4999999999999999, 0.4999999999999999, 0.4999999999999999]
Trust scores_s2 at iteration 52: [0.4999999999999999, 0.4999999999999999, 0.4999999999999999, 0.4999999999999999, 0.4999999999999999, 0.4999999999999999, 0.4999999999999999, 0.4999999999999999, 0.4999999999999999, 0.4999999999999999]
X.shape (10, 5)
s1 and s2 score at iteration 52
S_1 [0.9999999999999998, 0.9999999999999998, 0.9999999999999998, 0.9999999999999998, 0.9999999999999998, 0.9999999999999998, 0.9999999999999998, 0.9999999999999998, 0.9999999999999998, 0.9999999999999998]
S_2 [0.1, 0.1, 0.1, 0.1, 0.1, 0.1, 0.1, 0.1, 0.1, 0.1]
Trust scores at iteration 53: [0.0, 0.0, 0.0, 0.0, 0.0, 0.0, 0.0, 0.0, 0.0, 0.0]
Trust scores_s1 at iteration 53: [0.49999999999999994, 0.49999999999999994, 0.49999999999999994, 0.49999999999999994, 0.49999999999999994, 0.49999999999999994, 0.49999999999999994, 0.49999999999999994, 0.49999999999999994, 0.49999999999999994]
Trust scores_s2 at iteration 53: [0.49999999999999994, 0.49999999999999994, 0.49999999999999994, 0.49999999999999994, 0.49999999999999994, 0.49999999999999994, 0.49999999999999994, 0.49999999999999994, 0.49999999999999994, 0.49999999999999994]
X.shape (10, 5)
s1 and s2 score at iteration 53
S_1 [1.0, 1.0, 1.0, 1.0, 1.0, 1.0, 1.0, 1.0, 1.0, 1.0]
S_2 [0.1, 0.1, 0.1, 0.1, 0.1, 0.1, 0.1, 0.1, 0.1, 0.1]
Trust scores at iteration 54: [0.0, 0.0, 0.0, 0.0, 0.0, 0.0, 0.0, 0.0, 0.0, 0.0]
Trust scores_s1 at iteration 54: [0.5, 0.5, 0.5, 0.5, 0.5, 0.5, 0.5, 0.5, 0.5, 0.5]
Trust scores_s2 at iteration 54: [0.5, 0.5, 0.5, 0.5, 0.5, 0.5, 0.5, 0.5, 0.5, 0.5]
X.shape (10, 5)
s1 and s2 score at iteration 54
S_1 [1.0, 1.0, 1.0, 1.0, 1.0, 1.0, 1.0, 1.0, 1.0, 1.0]
S_2 [0.1, 0.1, 0.1, 0.1, 0.1, 0.1, 0.1, 0.1, 0.1, 0.1]
Trust scores at iteration 55: [0.0, 0.0, 0.0, 0.0, 0.0, 0.0, 0.0, 0.0, 0.0, 0.0]
Trust scores_s1 at iteration 55: [0.5, 0.5, 0.5, 0.5, 0.5, 0.5, 0.5, 0.5, 0.5, 0.5]
Trust scores_s2 at iteration 55: [0.5, 0.5, 0.5, 0.5, 0.5, 0.5, 0.5, 0.5, 0.5, 0.5]
X.shape (10, 5)
s1 and s2 score at iteration 55
S_1 [0.9999999999999998, 0.9999999999999998, 0.9999999999999998, 0.9999999999999998, 0.9999999999999998, 0.9999999999999998, 0.9999999999999998, 0.9999999999999998, 0.9999999999999998, 0.9999999999999998]
S_2 [0.1, 0.1, 0.1, 0.1, 0.1, 0.1, 0.1, 0.1, 0.1, 0.1]
Trust scores at iteration 56: [0.0, 0.0, 0.0, 0.0, 0.0, 0.0, 0.0, 0.0, 0.0, 0.0]
Trust scores_s1 at iteration 56: [0.5, 0.5, 0.5, 0.5, 0.5, 0.5, 0.5, 0.5, 0.5, 0.5]
Trust scores_s2 at iteration 56: [0.5, 0.5, 0.5, 0.5, 0.5, 0.5, 0.5, 0.5, 0.5, 0.5]
X.shape (10, 5)
s1 and s2 score at iteration 56
S_1 [1.0, 1.0, 1.0, 1.0, 1.0, 1.0, 1.0, 1.0, 1.0, 1.0]
S_2 [0.1, 0.1, 0.1, 0.1, 0.1, 0.1, 0.1, 0.1, 0.1, 0.1]
Trust scores at iteration 57: [0.0, 0.0, 0.0, 0.0, 0.0, 0.0, 0.0, 0.0, 0.0, 0.0]
Trust scores_s1 at iteration 57: [0.5, 0.5, 0.5, 0.5, 0.5, 0.5, 0.5, 0.5, 0.5, 0.5]
Trust scores_s2 at iteration 57: [0.5, 0.5, 0.5, 0.5, 0.5, 0.5, 0.5, 0.5, 0.5, 0.5]
X.shape (10, 5)
s1 and s2 score at iteration 57
S_1 [0.9999999999999998, 0.9999999999999998, 0.9999999999999998, 0.9999999999999998, 0.9999999999999998, 0.9999999999999998, 0.9999999999999998, 0.9999999999999998, 0.9999999999999998, 0.9999999999999998]
S_2 [0.1, 0.1, 0.1, 0.1, 0.1, 0.1, 0.1, 0.1, 0.1, 0.1]
Trust scores at iteration 58: [0.0, 0.0, 0.0, 0.0, 0.0, 0.0, 0.0, 0.0, 0.0, 0.0]
Trust scores_s1 at iteration 58: [0.5, 0.5, 0.5, 0.5, 0.5, 0.5, 0.5, 0.5, 0.5, 0.5]
Trust scores_s2 at iteration 58: [0.5, 0.5, 0.5, 0.5, 0.5, 0.5, 0.5, 0.5, 0.5, 0.5]
X.shape (10, 5)
s1 and s2 score at iteration 58
S_1 [1.0, 1.0, 1.0, 1.0, 1.0, 1.0, 1.0, 1.0, 1.0, 1.0]
S_2 [0.1, 0.1, 0.1, 0.1, 0.1, 0.1, 0.1, 0.1, 0.1, 0.1]
Trust scores at iteration 59: [0.0, 0.0, 0.0, 0.0, 0.0, 0.0, 0.0, 0.0, 0.0, 0.0]
Trust scores_s1 at iteration 59: [0.5, 0.5, 0.5, 0.5, 0.5, 0.5, 0.5, 0.5, 0.5, 0.5]
Trust scores_s2 at iteration 59: [0.5, 0.5, 0.5, 0.5, 0.5, 0.5, 0.5, 0.5, 0.5, 0.5]
X.shape (10, 5)
s1 and s2 score at iteration 59
S_1 [1.0, 1.0, 1.0, 1.0, 1.0, 1.0, 1.0, 1.0, 1.0, 1.0]
S_2 [0.1, 0.1, 0.1, 0.1, 0.1, 0.1, 0.1, 0.1, 0.1, 0.1]
Trust scores at iteration 60: [0.0, 0.0, 0.0, 0.0, 0.0, 0.0, 0.0, 0.0, 0.0, 0.0]
Trust scores_s1 at iteration 60: [0.5, 0.5, 0.5, 0.5, 0.5, 0.5, 0.5, 0.5, 0.5, 0.5]
Trust scores_s2 at iteration 60: [0.5, 0.5, 0.5, 0.5, 0.5, 0.5, 0.5, 0.5, 0.5, 0.5]
X.shape (10, 5)
s1 and s2 score at iteration 60
S_1 [0.47619522755103993, 0.47619522755103993, 0.47619522755103993, 0.47619522755103993, 0.47619522755103993, 0.3718236781632115, 0.3718236781632115, 0.3718236781632115, 0.23641528938037007, 0.4850269850763927]
S_2 [0.2, 0.2, 0.2, 0.2, 0.2, 0.2, 0.2, 0.2, 0.2, 0.2]
Trust scores at iteration 61: [-0.009104398102676436, -0.009104398102676436, -0.009104398102676436, -0.009104398102676436, -0.009104398102676436, -0.11669794712076842, -0.11669794712076842, -0.11669794712076842, -0.25628645760489577, 0.0]
Trust scores_s1 at iteration 61: [0.4954478009486618, 0.4954478009486618, 0.4954478009486618, 0.4954478009486618, 0.4954478009486618, 0.4416510264396158, 0.4416510264396158, 0.4416510264396158, 0.3718567711975521, 0.5]
Trust scores_s2 at iteration 61: [0.5, 0.5, 0.5, 0.5, 0.5, 0.5, 0.5, 0.5, 0.5, 0.5]
X.shape (10, 5)
s1 and s2 score at iteration 61
S_1 [0.13160985611934095, 0.13160985611934095, 0.13160985611934095, 0.13160985611934095, 0.13160985611934095, -0.06546703552990343, -0.06546703552990343, -0.06546703552990343, -0.16321021828765725, 0.09191701975968308]
S_2 [0.2, 0.2, 0.2, 0.2, 0.2, 0.3333333333333333, 0.3333333333333333, 0.3333333333333333, 0.5, 0.5]
Trust scores at iteration 62: [0.29544780094866174, 0.29544780094866174, 0.29544780094866174, 0.29544780094866174, 0.29544780094866174, -0.6403986168277522, -0.6403986168277522, -0.6403986168277522, -1.248196403770065, -0.1507973548867999]
Trust scores_s1 at iteration 62: [0.4977239004743309, 0.4977239004743309, 0.4977239004743309, 0.4977239004743309, 0.4977239004743309, 0.09646735825279054, 0.09646735825279054, 0.09646735825279054, -0.12409820188503251, 0.42460132255660005]
Trust scores_s2 at iteration 62: [0.35, 0.35, 0.35, 0.35, 0.35, 0.41666666666666663, 0.41666666666666663, 0.41666666666666663, 0.5, 0.5]
X.shape (10, 5)
s1 and s2 score at iteration 62
S_1 [0.29447251399574814, 0.29447251399574814, 0.29447251399574814, 0.29447251399574814, 0.29447251399574814, 0.15171381898991687, 0.15171381898991687, 0.15171381898991687, 0.0660110309898822, 0.36298981266986874]
S_2 [0.2, 0.2, 0.2, 0.2, 0.2, 0.25, 0.25, 0.25, 0.25, 0.5]
Trust scores at iteration 63: [0.3533448073392357, 0.3533448073392357, 0.3533448073392357, 0.3533448073392357, 0.3533448073392357, -0.3612212411314518, -0.3612212411314518, -0.3612212411314518, -0.7831713649796703, -0.07539867744339995]
Trust scores_s1 at iteration 63: [0.45167240366961786, 0.45167240366961786, 0.45167240366961786, 0.45167240366961786, 0.45167240366961786, 0.15272271276760743, 0.15272271276760743, 0.15272271276760743, -0.016585682489835198, 0.46230066127830005]
Trust scores_s2 at iteration 63: [0.275, 0.275, 0.275, 0.275, 0.275, 0.3333333333333333, 0.3333333333333333, 0.3333333333333333, 0.375, 0.5]
X.shape (10, 5)
s1 and s2 score at iteration 63
S_1 [0.44949238308449707, 0.44949238308449707, 0.44949238308449707, 0.44949238308449707, 0.44949238308449707, 0.4454203638277816, 0.4454203638277816, 0.4454203638277816, 0.03367948851943073, 0.5325594799746103]
S_2 [0.2, 0.2, 0.2, 0.2, 0.2, 0.2, 0.2, 0.2, 0.2, 0.2]
Trust scores at iteration 64: [0.09868384087652532, 0.09868384087652532, 0.09868384087652532, 0.09868384087652532, 0.09868384087652532, -0.26242224858423663, -0.26242224858423663, -0.26242224858423663, -0.8599652815901682, -0.037699338721699976]
Trust scores_s1 at iteration 64: [0.43684192043826264, 0.43684192043826264, 0.43684192043826264, 0.43684192043826264, 0.43684192043826264, 0.28545554237454834, 0.28545554237454834, 0.28545554237454834, 0.007517359204915908, 0.48115033063915]
Trust scores_s2 at iteration 64: [0.3875, 0.3875, 0.3875, 0.3875, 0.3875, 0.41666666666666663, 0.41666666666666663, 0.41666666666666663, 0.4375, 0.5]
X.shape (10, 5)
s1 and s2 score at iteration 64
S_1 [0.2946290257076054, 0.2946290257076054, 0.2946290257076054, 0.2946290257076054, 0.2946290257076054, -0.213920639559163, -0.213920639559163, -0.213920639559163, -0.12438603479127638, 0.14568683979575248]
S_2 [0.2, 0.2, 0.2, 0.2, 0.2, 0.3333333333333333, 0.3333333333333333, 0.3333333333333333, 0.5, 0.5]
Trust scores at iteration 65: [0.3493419204382626, 0.3493419204382626, 0.3493419204382626, 0.3493419204382626, 0.3493419204382626, -0.8275783424326146, -0.8275783424326146, -0.8275783424326146, -1.1410718817355185, -0.2716119108849854]
Trust scores_s1 at iteration 65: [0.4684209602191313, 0.4684209602191313, 0.4684209602191313, 0.4684209602191313, 0.4684209602191313, -0.038789171216307344, -0.038789171216307344, -0.038789171216307344, -0.1017859408677593, 0.3641940445575073]
Trust scores_s2 at iteration 65: [0.29375, 0.29375, 0.29375, 0.29375, 0.29375, 0.375, 0.375, 0.375, 0.46875, 0.5]
X.shape (10, 5)
s1 and s2 score at iteration 65
S_1 [0.41243569004051744, 0.41243569004051744, 0.41243569004051744, 0.41243569004051744, 0.41243569004051744, 0.40039919686631137, 0.40039919686631137, 0.40039919686631137, -0.23718646981975422, 0.026708097147414622]
S_2 [0.2, 0.2, 0.2, 0.2, 0.2, 0.3333333333333333, 0.3333333333333333, 0.3333333333333333, 0.5, 0.5]
Trust scores at iteration 66: [0.4746709602191313, 0.4746709602191313, 0.4746709602191313, 0.4746709602191313, 0.4746709602191313, -0.26171446817556204, -0.26171446817556204, -0.26171446817556204, -1.3580795210516823, -0.6034274564517884]
Trust scores_s1 at iteration 66: [0.4842104801095657, 0.4842104801095657, 0.4842104801095657, 0.4842104801095657, 0.4842104801095657, 0.22330943257888564, 0.22330943257888564, 0.22330943257888564, -0.19466476052584114, 0.1982862717741058]
Trust scores_s2 at iteration 66: [0.246875, 0.246875, 0.246875, 0.246875, 0.246875, 0.35416666666666663, 0.35416666666666663, 0.35416666666666663, 0.484375, 0.5]
X.shape (10, 5)
s1 and s2 score at iteration 66
S_1 [0.6398129206853453, 0.6398129206853453, 0.6398129206853453, 0.6398129206853453, 0.6398129206853453, 0.6042439686719164, 0.6042439686719164, 0.6042439686719164, -0.6605247651882614, -0.18260876380204719]
S_2 [0.125, 0.125, 0.125, 0.125, 0.125, 0.125, 0.125, 0.125, 0.5, 0.5]
Trust scores at iteration 67: [0.6123354801095656, 0.6123354801095656, 0.6123354801095656, 0.6123354801095656, 0.6123354801095656, 0.21634639695539273, 0.21634639695539273, 0.21634639695539273, -1.6952256203555631, -0.9444185391934838]
Trust scores_s1 at iteration 67: [0.49210524005478284, 0.49210524005478284, 0.49210524005478284, 0.49210524005478284, 0.49210524005478284, 0.3477565318110297, 0.3477565318110297, 0.3477565318110297, -0.35542531017778156, 0.027790730403258107]
Trust scores_s2 at iteration 67: [0.1859375, 0.1859375, 0.1859375, 0.1859375, 0.1859375, 0.23958333333333331, 0.23958333333333331, 0.23958333333333331, 0.4921875, 0.5]
X.shape (10, 5)
s1 and s2 score at iteration 67
S_1 [0.4518850621379272, 0.4518850621379272, 0.4518850621379272, 0.4518850621379272, 0.4518850621379272, 0.4270270322722255, 0.4270270322722255, 0.4270270322722255, -0.7063650903322359, -0.48532331120610817]
S_2 [0.125, 0.125, 0.125, 0.125, 0.125, 0.125, 0.125, 0.125, 0.5, 0.5]
Trust scores at iteration 68: [0.6811677400547829, 0.6811677400547829, 0.6811677400547829, 0.6811677400547829, 0.6811677400547829, 0.45566838370456014, 0.45566838370456014, 0.45566838370456014, -2.129188867361804, -1.509207891447595]
Trust scores_s1 at iteration 68: [0.4960526200273914, 0.4960526200273914, 0.4960526200273914, 0.4960526200273914, 0.4960526200273914, 0.4101258585189468, 0.4101258585189468, 0.4101258585189468, -0.5685006836809019, -0.2546039457237976]
Trust scores_s2 at iteration 68: [0.15546875, 0.15546875, 0.15546875, 0.15546875, 0.15546875, 0.18229166666666666, 0.18229166666666666, 0.18229166666666666, 0.49609375, 0.5]
X.shape (10, 5)
s1 and s2 score at iteration 68
S_1 [0.6232512249019183, 0.6232512249019183, 0.6232512249019183, 0.6232512249019183, 0.6232512249019183, 0.5243024699672437, 0.5243024699672437, 0.5243024699672437, -0.2185760466876789, 0.31281840350807616]
S_2 [0.125, 0.125, 0.125, 0.125, 0.125, 0.125, 0.125, 0.125, 0.5, 0.5]
Trust scores at iteration 69: [0.7155838700273914, 0.7155838700273914, 0.7155838700273914, 0.7155838700273914, 0.7155838700273914, 0.523453076355679, 0.523453076355679, 0.523453076355679, -1.7399459115075813, -1.0036470354046043]
Trust scores_s1 at iteration 69: [0.4980263100136957, 0.4980263100136957, 0.4980263100136957, 0.4980263100136957, 0.4980263100136957, 0.41537237151117284, 0.41537237151117284, 0.41537237151117284, -0.37192608075379063, -0.0018235177023021576]
Trust scores_s2 at iteration 69: [0.140234375, 0.140234375, 0.140234375, 0.140234375, 0.140234375, 0.15364583333333331, 0.15364583333333331, 0.15364583333333331, 0.498046875, 0.5]
X.shape (10, 5)
s1 and s2 score at iteration 69
S_1 [0.12785249490258052, 0.12785249490258052, 0.12785249490258052, 0.12785249490258052, 0.12785249490258052, 0.028233994830120537, 0.028233994830120537, 0.028233994830120537, -0.3490648867648561, -0.09348400920572361]
S_2 [0.2, 0.2, 0.2, 0.2, 0.2, 0.3333333333333333, 0.3333333333333333, 0.3333333333333333, 0.5, 0.5]
Trust scores at iteration 70: [0.6577919350136957, 0.6577919350136957, 0.6577919350136957, 0.6577919350136957, 0.6577919350136957, 0.038809489061853386, 0.038809489061853386, 0.038809489061853386, -2.7350807975320532, -1.3674167322772521]
Trust scores_s1 at iteration 70: [0.49901315500684784, 0.49901315500684784, 0.49901315500684784, 0.49901315500684784, 0.49901315500684784, 0.26289432786426004, 0.26289432786426004, 0.26289432786426004, -0.8685169612660266, -0.183708366138626]
Trust scores_s2 at iteration 70: [0.1701171875, 0.1701171875, 0.1701171875, 0.1701171875, 0.1701171875, 0.24348958333333331, 0.24348958333333331, 0.24348958333333331, 0.4990234375, 0.5]
X.shape (10, 5)
s1 and s2 score at iteration 70
S_1 [0.09695731981650883, 0.09695731981650883, 0.09695731981650883, 0.09695731981650883, 0.09695731981650883, -0.03656483034541626, -0.03656483034541626, -0.03656483034541626, -0.21891730380941032, 0.078844846387454]
S_2 [0.2, 0.2, 0.2, 0.2, 0.2, 0.25, 0.25, 0.25, 0.25, 0.5]
Trust scores at iteration 71: [0.6288959675068478, 0.6288959675068478, 0.6288959675068478, 0.6288959675068478, 0.6288959675068478, -0.41915672980961294, -0.41915672980961294, -0.41915672980961294, -2.74647684329497, -0.777112729333342]
Trust scores_s1 at iteration 71: [0.4995065775034239, 0.4995065775034239, 0.4995065775034239, 0.4995065775034239, 0.4995065775034239, 0.03716642676186019, 0.03716642676186019, 0.03716642676186019, -0.9987267028974851, 0.11144363533332904]
Trust scores_s2 at iteration 71: [0.18505859375, 0.18505859375, 0.18505859375, 0.18505859375, 0.18505859375, 0.24674479166666666, 0.24674479166666666, 0.24674479166666666, 0.37451171875, 0.5]
X.shape (10, 5)
s1 and s2 score at iteration 71
S_1 [0.38784976053027975, 0.38784976053027975, 0.38784976053027975, 0.38784976053027975, 0.38784976053027975, 0.2551944505483492, 0.2551944505483492, 0.2551944505483492, -0.493695141076223, -0.34029203947450504]
S_2 [0.2, 0.2, 0.2, 0.2, 0.2, 0.3333333333333333, 0.3333333333333333, 0.3333333333333333, 0.5, 0.5]
Trust scores at iteration 72: [0.6144479837534239, 0.6144479837534239, 0.6144479837534239, 0.6144479837534239, 0.6144479837534239, -0.2139254817719497, -0.2139254817719497, -0.2139254817719497, -2.5096899440117486, -1.3272469017050947]
Trust scores_s1 at iteration 72: [0.499753288751712, 0.499753288751712, 0.499753288751712, 0.499753288751712, 0.499753288751712, 0.18307632161402515, 0.18307632161402515, 0.18307632161402515, -0.8175891126308742, -0.16362345085254743]
Trust scores_s2 at iteration 72: [0.192529296875, 0.192529296875, 0.192529296875, 0.192529296875, 0.192529296875, 0.2900390625, 0.2900390625, 0.2900390625, 0.437255859375, 0.5]
X.shape (10, 5)
s1 and s2 score at iteration 72
S_1 [0.07641669517289412, 0.07641669517289412, 0.07641669517289412, 0.07641669517289412, 0.07641669517289412, 0.04797401508449146, 0.04797401508449146, 0.04797401508449146, 0.077674337421732, -0.2408194706728309]
S_2 [0.2, 0.2, 0.2, 0.2, 0.2, 0.2, 0.2, 0.2, 0.2, 0.2]
Trust scores at iteration 73: [0.29912838211302945, 0.29912838211302945, 0.29912838211302945, 0.29912838211302945, 0.29912838211302945, -0.29814765036246615, -0.29814765036246615, -0.29814765036246615, -1.2548449720058743, -2.713810286469207]
Trust scores_s1 at iteration 73: [0.49582883949401474, 0.49582883949401474, 0.49582883949401474, 0.49582883949401474, 0.49582883949401474, 0.24594570606876692, 0.24594570606876692, 0.24594570606876692, -0.1587945563154371, -0.8569051432346037]
Trust scores_s2 at iteration 73: [0.3462646484375, 0.3462646484375, 0.3462646484375, 0.3462646484375, 0.3462646484375, 0.39501953125, 0.39501953125, 0.39501953125, 0.4686279296875, 0.5]
X.shape (10, 5)
s1 and s2 score at iteration 73
S_1 [0.1212458320107516, 0.1212458320107516, 0.1212458320107516, 0.1212458320107516, 0.1212458320107516, -0.09641245464069269, -0.09641245464069269, -0.09641245464069269, -0.3844046587724683, -0.3221044747890334]
S_2 [0.2, 0.2, 0.2, 0.2, 0.2, 0.3333333333333333, 0.3333333333333333, 0.3333333333333333, 0.5, 0.5]
Trust scores at iteration 74: [0.4495641910565147, 0.4495641910565147, 0.4495641910565147, 0.4495641910565147, 0.4495641910565147, -0.8799979583044644, -0.8799979583044644, -0.8799979583044644, -2.712650829103345, -3.1852166795869232]
Trust scores_s1 at iteration 74: [0.49791441974700734, 0.49791441974700734, 0.49791441974700734, 0.49791441974700734, 0.49791441974700734, -0.07582254686056553, -0.07582254686056553, -0.07582254686056553, -0.8720114497079225, -1.0926083397934616]
Trust scores_s2 at iteration 74: [0.27313232421875, 0.27313232421875, 0.27313232421875, 0.27313232421875, 0.27313232421875, 0.36417643229166663, 0.36417643229166663, 0.36417643229166663, 0.48431396484375, 0.5]
X.shape (10, 5)
s1 and s2 score at iteration 74
S_1 [0.5622933672573391, 0.5622933672573391, 0.5622933672573391, 0.5622933672573391, 0.5622933672573391, 0.3399344027827125, 0.3399344027827125, 0.3399344027827125, -0.5039697544017012, -0.007810833976261786]
S_2 [0.2, 0.2, 0.2, 0.2, 0.2, 0.3333333333333333, 0.3333333333333333, 0.3333333333333333, 0.5, 0.5]
Trust scores at iteration 75: [0.5247820955282574, 0.5247820955282574, 0.5247820955282574, 0.5247820955282574, 0.5247820955282574, -0.4710573590739791, -0.4710573590739791, -0.4710573590739791, -2.304463151672671, -2.0995538547426777]
Trust scores_s1 at iteration 75: [0.49895720987350367, 0.49895720987350367, 0.49895720987350367, 0.49895720987350367, 0.49895720987350367, 0.11322620327551043, 0.11322620327551043, 0.11322620327551043, -0.6600745934144606, -0.5497769273713389]
Trust scores_s2 at iteration 75: [0.236566162109375, 0.236566162109375, 0.236566162109375, 0.236566162109375, 0.236566162109375, 0.3487548828125, 0.3487548828125, 0.3487548828125, 0.492156982421875, 0.5]
X.shape (10, 5)
s1 and s2 score at iteration 75
S_1 [0.5588170694856742, 0.5588170694856742, 0.5588170694856742, 0.5588170694856742, 0.5588170694856742, 0.5721639848754678, 0.5721639848754678, 0.5721639848754678, -0.3883878229511588, -0.29790221317376697]
S_2 [0.125, 0.125, 0.125, 0.125, 0.125, 0.125, 0.125, 0.125, 0.5, 0.5]
Trust scores at iteration 76: [0.6257275074657136, 0.6257275074657136, 0.6257275074657136, 0.6257275074657136, 0.6257275074657136, 0.13947132046301045, 0.13947132046301045, 0.13947132046301045, -1.991634118829051, -1.8101063268516344]
Trust scores_s1 at iteration 76: [0.4936468347875443, 0.4936468347875443, 0.4936468347875443, 0.4936468347875443, 0.4936468347875443, 0.30661310163775524, 0.30661310163775524, 0.30661310163775524, -0.4997385682035881, -0.4050531634258172]
Trust scores_s2 at iteration 76: [0.1807830810546875, 0.1807830810546875, 0.1807830810546875, 0.1807830810546875, 0.1807830810546875, 0.23687744140625, 0.23687744140625, 0.23687744140625, 0.4960784912109375, 0.5]
X.shape (10, 5)
s1 and s2 score at iteration 76
S_1 [0.2552325571888743, 0.2552325571888743, 0.2552325571888743, 0.2552325571888743, 0.2552325571888743, -0.17806866565467944, -0.17806866565467944, -0.17806866565467944, 0.07700479659994358, -0.072303527951685]
S_2 [0.2, 0.2, 0.2, 0.2, 0.2, 0.3333333333333333, 0.3333333333333333, 0.3333333333333333, 0.5, 0.5]
Trust scores at iteration 77: [0.6128637537328567, 0.6128637537328567, 0.6128637537328567, 0.6128637537328567, 0.6128637537328567, -0.6124337847952651, -0.6124337847952651, -0.6124337847952651, -1.3449648377229186, -1.546695610510222]
Trust scores_s1 at iteration 77: [0.4968234173937721, 0.4968234173937721, 0.4968234173937721, 0.4968234173937721, 0.4968234173937721, -0.021111505027840927, -0.021111505027840927, -0.021111505027840927, -0.17444317325599062, -0.2733478052551111]
Trust scores_s2 at iteration 77: [0.19039154052734375, 0.19039154052734375, 0.19039154052734375, 0.19039154052734375, 0.19039154052734375, 0.28510538736979163, 0.28510538736979163, 0.28510538736979163, 0.49803924560546875, 0.5]
X.shape (10, 5)
s1 and s2 score at iteration 77
S_1 [0.7580215641545835, 0.7580215641545835, 0.7580215641545835, 0.7580215641545835, 0.7580215641545835, 0.8084046999950601, 0.8084046999950601, 0.8084046999950601, 0.082286949417748, 0.5412353507013177]
S_2 [0.125, 0.125, 0.125, 0.125, 0.125, 0.125, 0.125, 0.125, 0.5, 0.25]
Trust scores at iteration 78: [0.6502698018310009, 0.6502698018310009, 0.6502698018310009, 0.6502698018310009, 0.6502698018310009, 0.06878310760236744, 0.06878310760236744, 0.06878310760236744, -1.1215877683118949, -0.6885926073297248]
Trust scores_s1 at iteration 78: [0.48283067117917233, 0.48283067117917233, 0.48283067117917233, 0.48283067117917233, 0.48283067117917233, 0.23944424748607954, 0.23944424748607954, 0.23944424748607954, -0.061774261353213136, 0.03070369633513756]
Trust scores_s2 at iteration 78: [0.15769577026367188, 0.15769577026367188, 0.15769577026367188, 0.15769577026367188, 0.15769577026367188, 0.20505269368489581, 0.20505269368489581, 0.20505269368489581, 0.4990196228027344, 0.375]
X.shape (10, 5)
s1 and s2 score at iteration 78
S_1 [0.6248361224874043, 0.6248361224874043, 0.6248361224874043, 0.6248361224874043, 0.6248361224874043, 0.6491351195547923, 0.6491351195547923, 0.6491351195547923, -0.06440670940620047, 0.2706454874182303]
S_2 [0.125, 0.125, 0.125, 0.125, 0.125, 0.125, 0.125, 0.125, 0.5, 0.5]
Trust scores at iteration 79: [0.6814184608898449, 0.6814184608898449, 0.6814184608898449, 0.6814184608898449, 0.6814184608898449, 0.40939155380118375, 0.40939155380118375, 0.40939155380118375, -1.1104035166238178, -0.6358300851032694]
Trust scores_s1 at iteration 79: [0.4820571155767584, 0.4820571155767584, 0.4820571155767584, 0.4820571155767584, 0.4820571155767584, 0.36972212374303975, 0.36972212374303975, 0.36972212374303975, -0.055691946910541676, 0.1195849574483653]
Trust scores_s2 at iteration 79: [0.14134788513183594, 0.14134788513183594, 0.14134788513183594, 0.14134788513183594, 0.14134788513183594, 0.1650263468424479, 0.1650263468424479, 0.1650263468424479, 0.4995098114013672, 0.4375]
X.shape (10, 5)
s1 and s2 score at iteration 79
S_1 [0.27677336978688166, 0.27677336978688166, 0.27677336978688166, 0.27677336978688166, 0.27677336978688166, 0.2423356338938015, 0.2423356338938015, 0.2423356338938015, -0.16249401140534486, -0.3133370781018657]
S_2 [0.2, 0.2, 0.2, 0.2, 0.2, 0.25, 0.25, 0.25, 0.25, 0.5]
Trust scores at iteration 80: [0.6407092304449225, 0.6407092304449225, 0.6407092304449225, 0.6407092304449225, 0.6407092304449225, 0.39248289868980596, 0.39248289868980596, 0.39248289868980596, -1.0987524195089506, -1.3839685583633954]
Trust scores_s1 at iteration 80: [0.49102855778837917, 0.49102855778837917, 0.49102855778837917, 0.49102855778837917, 0.49102855778837917, 0.40375462276612695, 0.40375462276612695, 0.40375462276612695, -0.1746213040537917, -0.22323427918169758]
Trust scores_s2 at iteration 80: [0.17067394256591797, 0.17067394256591797, 0.17067394256591797, 0.17067394256591797, 0.17067394256591797, 0.20751317342122394, 0.20751317342122394, 0.20751317342122394, 0.3747549057006836, 0.46875]
X.shape (10, 5)
s1 and s2 score at iteration 80
S_1 [0.19186341134444493, 0.19186341134444493, 0.19186341134444493, 0.19186341134444493, 0.19186341134444493, -0.3447141113011662, -0.3447141113011662, -0.3447141113011662, 0.21924588970859998, 0.008058980430218207]
S_2 [0.2, 0.2, 0.2, 0.2, 0.2, 0.3333333333333333, 0.3333333333333333, 0.3333333333333333, 0.5, 0.5]
Trust scores at iteration 81: [0.5579076557821973, 0.5579076557821973, 0.5579076557821973, 0.5579076557821973, 0.5579076557821973, -0.9232277421322848, -0.9232277421322848, -0.9232277421322848, -0.5493762097544753, -1.173605415977171]
Trust scores_s1 at iteration 81: [0.4642907991740576, 0.4642907991740576, 0.4642907991740576, 0.4642907991740576, 0.4642907991740576, -0.1911906176888637, -0.1911906176888637, -0.1911906176888637, 0.16268934797310414, -0.10242770798858544]
Trust scores_s2 at iteration 81: [0.185336971282959, 0.185336971282959, 0.185336971282959, 0.185336971282959, 0.185336971282959, 0.2704232533772786, 0.2704232533772786, 0.2704232533772786, 0.4373774528503418, 0.484375]
X.shape (10, 5)
s1 and s2 score at iteration 81
S_1 [1.0, 1.0, 1.0, 1.0, 1.0, 1.0, 1.0, 1.0, 1.0, 1.0]
S_2 [0.1, 0.1, 0.1, 0.1, 0.1, 0.1, 0.1, 0.1, 0.1, 0.1]
Trust scores at iteration 82: [0.2789538278910986, 0.2789538278910986, 0.2789538278910986, 0.2789538278910986, 0.2789538278910986, -0.4616138710661424, -0.4616138710661424, -0.4616138710661424, -0.27468810487723766, -0.5868027079885855]
Trust scores_s1 at iteration 82: [0.4821453995870288, 0.4821453995870288, 0.4821453995870288, 0.4821453995870288, 0.4821453995870288, 0.15440469115556815, 0.15440469115556815, 0.15440469115556815, 0.3313446739865521, 0.19878614600570726]
Trust scores_s2 at iteration 82: [0.3426684856414795, 0.3426684856414795, 0.3426684856414795, 0.3426684856414795, 0.3426684856414795, 0.3852116266886393, 0.3852116266886393, 0.3852116266886393, 0.4686887264251709, 0.4921875]
X.shape (10, 5)
s1 and s2 score at iteration 82
S_1 [1.0, 1.0, 1.0, 1.0, 1.0, 1.0, 1.0, 1.0, 1.0, 1.0]
S_2 [0.1, 0.1, 0.1, 0.1, 0.1, 0.1, 0.1, 0.1, 0.1, 0.1]
Trust scores at iteration 83: [0.1394769139455493, 0.1394769139455493, 0.1394769139455493, 0.1394769139455493, 0.1394769139455493, -0.2308069355330712, -0.2308069355330712, -0.2308069355330712, -0.13734405243861883, -0.29340135399429274]
Trust scores_s1 at iteration 83: [0.4910726997935144, 0.4910726997935144, 0.4910726997935144, 0.4910726997935144, 0.4910726997935144, 0.32720234557778405, 0.32720234557778405, 0.32720234557778405, 0.41567233699327605, 0.3493930730028536]
Trust scores_s2 at iteration 83: [0.4213342428207397, 0.4213342428207397, 0.4213342428207397, 0.4213342428207397, 0.4213342428207397, 0.44260581334431964, 0.44260581334431964, 0.44260581334431964, 0.48434436321258545, 0.49609375]
X.shape (10, 5)
s1 and s2 score at iteration 83
S_1 [1.0, 1.0, 1.0, 1.0, 1.0, 1.0, 1.0, 1.0, 1.0, 1.0]
S_2 [0.1, 0.1, 0.1, 0.1, 0.1, 0.1, 0.1, 0.1, 0.1, 0.1]
Trust scores at iteration 84: [0.06973845697277466, 0.06973845697277466, 0.06973845697277466, 0.06973845697277466, 0.06973845697277466, -0.1154034677665356, -0.1154034677665356, -0.1154034677665356, -0.06867202621930941, -0.14670067699714637]
Trust scores_s1 at iteration 84: [0.4955363498967572, 0.4955363498967572, 0.4955363498967572, 0.4955363498967572, 0.4955363498967572, 0.413601172788892, 0.413601172788892, 0.413601172788892, 0.457836168496638, 0.4246965365014268]
Trust scores_s2 at iteration 84: [0.46066712141036986, 0.46066712141036986, 0.46066712141036986, 0.46066712141036986, 0.46066712141036986, 0.4713029066721598, 0.4713029066721598, 0.4713029066721598, 0.4921721816062927, 0.498046875]
X.shape (10, 5)
s1 and s2 score at iteration 84
S_1 [0.9999999999999998, 0.9999999999999998, 0.9999999999999998, 0.9999999999999998, 0.9999999999999998, 0.9999999999999998, 0.9999999999999998, 0.9999999999999998, 0.9999999999999998, 0.9999999999999998]
S_2 [0.1, 0.1, 0.1, 0.1, 0.1, 0.1, 0.1, 0.1, 0.1, 0.1]
Trust scores at iteration 85: [0.03486922848638733, 0.03486922848638733, 0.03486922848638733, 0.03486922848638733, 0.03486922848638733, -0.0577017338832678, -0.0577017338832678, -0.0577017338832678, -0.03433601310965471, -0.07335033849857318]
Trust scores_s1 at iteration 85: [0.4977681749483786, 0.4977681749483786, 0.4977681749483786, 0.4977681749483786, 0.4977681749483786, 0.456800586394446, 0.456800586394446, 0.456800586394446, 0.478918084248319, 0.4623482682507134]
Trust scores_s2 at iteration 85: [0.48033356070518496, 0.48033356070518496, 0.48033356070518496, 0.48033356070518496, 0.48033356070518496, 0.4856514533360799, 0.4856514533360799, 0.4856514533360799, 0.49608609080314636, 0.4990234375]
X.shape (10, 5)
s1 and s2 score at iteration 85
S_1 [1.0, 1.0, 1.0, 1.0, 1.0, 1.0, 1.0, 1.0, 1.0, 1.0]
S_2 [0.1, 0.1, 0.1, 0.1, 0.1, 0.1, 0.1, 0.1, 0.1, 0.1]
Trust scores at iteration 86: [0.017434614243193664, 0.017434614243193664, 0.017434614243193664, 0.017434614243193664, 0.017434614243193664, -0.0288508669416339, -0.0288508669416339, -0.0288508669416339, -0.017168006554827354, -0.03667516924928659]
Trust scores_s1 at iteration 86: [0.49888408747418933, 0.49888408747418933, 0.49888408747418933, 0.49888408747418933, 0.49888408747418933, 0.478400293197223, 0.478400293197223, 0.478400293197223, 0.48945904212415947, 0.4811741341253567]
Trust scores_s2 at iteration 86: [0.4901667803525925, 0.4901667803525925, 0.4901667803525925, 0.4901667803525925, 0.4901667803525925, 0.4928257266680399, 0.4928257266680399, 0.4928257266680399, 0.4980430454015732, 0.49951171875]
X.shape (10, 5)
s1 and s2 score at iteration 86
S_1 [0.9999999999999998, 0.9999999999999998, 0.9999999999999998, 0.9999999999999998, 0.9999999999999998, 0.9999999999999998, 0.9999999999999998, 0.9999999999999998, 0.9999999999999998, 0.9999999999999998]
S_2 [0.1, 0.1, 0.1, 0.1, 0.1, 0.1, 0.1, 0.1, 0.1, 0.1]
Trust scores at iteration 87: [0.008717307121596832, 0.008717307121596832, 0.008717307121596832, 0.008717307121596832, 0.008717307121596832, -0.01442543347081695, -0.01442543347081695, -0.01442543347081695, -0.008584003277413677, -0.018337584624643296]
Trust scores_s1 at iteration 87: [0.49944204373709467, 0.49944204373709467, 0.49944204373709467, 0.49944204373709467, 0.49944204373709467, 0.4892001465986115, 0.4892001465986115, 0.4892001465986115, 0.49472952106207974, 0.49058706706267835]
Trust scores_s2 at iteration 87: [0.4950833901762962, 0.4950833901762962, 0.4950833901762962, 0.4950833901762962, 0.4950833901762962, 0.49641286333401996, 0.49641286333401996, 0.49641286333401996, 0.4990215227007866, 0.499755859375]
X.shape (10, 5)
s1 and s2 score at iteration 87
S_1 [0.9999999999999998, 0.9999999999999998, 0.9999999999999998, 0.9999999999999998, 0.9999999999999998, 0.9999999999999998, 0.9999999999999998, 0.9999999999999998, 0.9999999999999998, 0.9999999999999998]
S_2 [0.1, 0.1, 0.1, 0.1, 0.1, 0.1, 0.1, 0.1, 0.1, 0.1]
Trust scores at iteration 88: [0.004358653560798416, 0.004358653560798416, 0.004358653560798416, 0.004358653560798416, 0.004358653560798416, -0.007212716735408475, -0.007212716735408475, -0.007212716735408475, -0.0042920016387068384, -0.009168792312321648]
Trust scores_s1 at iteration 88: [0.49972102186854733, 0.49972102186854733, 0.49972102186854733, 0.49972102186854733, 0.49972102186854733, 0.4946000732993058, 0.4946000732993058, 0.4946000732993058, 0.49736476053103984, 0.4952935335313392]
Trust scores_s2 at iteration 88: [0.4975416950881481, 0.4975416950881481, 0.4975416950881481, 0.4975416950881481, 0.4975416950881481, 0.49820643166700995, 0.49820643166700995, 0.49820643166700995, 0.4995107613503933, 0.4998779296875]
X.shape (10, 5)
s1 and s2 score at iteration 88
S_1 [1.0, 1.0, 1.0, 1.0, 1.0, 1.0, 1.0, 1.0, 1.0, 1.0]
S_2 [0.1, 0.1, 0.1, 0.1, 0.1, 0.1, 0.1, 0.1, 0.1, 0.1]
Trust scores at iteration 89: [0.002179326780399208, 0.002179326780399208, 0.002179326780399208, 0.002179326780399208, 0.002179326780399208, -0.0036063583677042373, -0.0036063583677042373, -0.0036063583677042373, -0.0021460008193534192, -0.004584396156160824]
Trust scores_s1 at iteration 89: [0.49986051093427364, 0.49986051093427364, 0.49986051093427364, 0.49986051093427364, 0.49986051093427364, 0.4973000366496529, 0.4973000366496529, 0.4973000366496529, 0.4986823802655199, 0.4976467667656696]
Trust scores_s2 at iteration 89: [0.4987708475440741, 0.4987708475440741, 0.4987708475440741, 0.4987708475440741, 0.4987708475440741, 0.499103215833505, 0.499103215833505, 0.499103215833505, 0.49975538067519665, 0.49993896484375]
X.shape (10, 5)
s1 and s2 score at iteration 89
S_1 [0.9999999999999998, 0.9999999999999998, 0.9999999999999998, 0.9999999999999998, 0.9999999999999998, 0.9999999999999998, 0.9999999999999998, 0.9999999999999998, 0.9999999999999998, 0.9999999999999998]
S_2 [0.1, 0.1, 0.1, 0.1, 0.1, 0.1, 0.1, 0.1, 0.1, 0.1]
Trust scores at iteration 90: [0.001089663390199604, 0.001089663390199604, 0.001089663390199604, 0.001089663390199604, 0.001089663390199604, -0.0018031791838521187, -0.0018031791838521187, -0.0018031791838521187, -0.0010730004096767096, -0.002292198078080412]
Trust scores_s1 at iteration 90: [0.4999302554671368, 0.4999302554671368, 0.4999302554671368, 0.4999302554671368, 0.4999302554671368, 0.49865001832482647, 0.49865001832482647, 0.49865001832482647, 0.49934119013275996, 0.49882338338283483]
Trust scores_s2 at iteration 90: [0.49938542377203704, 0.49938542377203704, 0.49938542377203704, 0.49938542377203704, 0.49938542377203704, 0.49955160791675246, 0.49955160791675246, 0.49955160791675246, 0.4998776903375983, 0.499969482421875]
X.shape (10, 5)
s1 and s2 score at iteration 90
S_1 [1.0, 1.0, 1.0, 1.0, 1.0, 1.0, 1.0, 1.0, 1.0, 1.0]
S_2 [0.1, 0.1, 0.1, 0.1, 0.1, 0.1, 0.1, 0.1, 0.1, 0.1]
Trust scores at iteration 91: [0.000544831695099802, 0.000544831695099802, 0.000544831695099802, 0.000544831695099802, 0.000544831695099802, -0.0009015895919260593, -0.0009015895919260593, -0.0009015895919260593, -0.0005365002048383548, -0.001146099039040206]
Trust scores_s1 at iteration 91: [0.4999651277335684, 0.4999651277335684, 0.4999651277335684, 0.4999651277335684, 0.4999651277335684, 0.49932500916241324, 0.49932500916241324, 0.49932500916241324, 0.49967059506638, 0.4994116916914174]
Trust scores_s2 at iteration 91: [0.4996927118860185, 0.4996927118860185, 0.4996927118860185, 0.4996927118860185, 0.4996927118860185, 0.49977580395837623, 0.49977580395837623, 0.49977580395837623, 0.49993884516879916, 0.4999847412109375]
X.shape (10, 5)
s1 and s2 score at iteration 91
S_1 [1.0, 1.0, 1.0, 1.0, 1.0, 1.0, 1.0, 1.0, 1.0, 1.0]
S_2 [0.1, 0.1, 0.1, 0.1, 0.1, 0.1, 0.1, 0.1, 0.1, 0.1]
Trust scores at iteration 92: [0.000272415847549901, 0.000272415847549901, 0.000272415847549901, 0.000272415847549901, 0.000272415847549901, -0.00045079479596302967, -0.00045079479596302967, -0.00045079479596302967, -0.0002682501024191774, -0.000573049519520103]
Trust scores_s1 at iteration 92: [0.4999825638667842, 0.4999825638667842, 0.4999825638667842, 0.4999825638667842, 0.4999825638667842, 0.49966250458120665, 0.49966250458120665, 0.49966250458120665, 0.49983529753319, 0.4997058458457087]
Trust scores_s2 at iteration 92: [0.49984635594300925, 0.49984635594300925, 0.49984635594300925, 0.49984635594300925, 0.49984635594300925, 0.4998879019791881, 0.4998879019791881, 0.4998879019791881, 0.4999694225843996, 0.49999237060546875]
X.shape (10, 5)
s1 and s2 score at iteration 92
S_1 [1.0, 1.0, 1.0, 1.0, 1.0, 1.0, 1.0, 1.0, 1.0, 1.0]
S_2 [0.1, 0.1, 0.1, 0.1, 0.1, 0.1, 0.1, 0.1, 0.1, 0.1]
Trust scores at iteration 93: [0.0001362079237749505, 0.0001362079237749505, 0.0001362079237749505, 0.0001362079237749505, 0.0001362079237749505, -0.00022539739798151483, -0.00022539739798151483, -0.00022539739798151483, -0.0001341250512095887, -0.0002865247597600515]
Trust scores_s1 at iteration 93: [0.4999912819333921, 0.4999912819333921, 0.4999912819333921, 0.4999912819333921, 0.4999912819333921, 0.4998312522906033, 0.4998312522906033, 0.4998312522906033, 0.499917648766595, 0.4998529229228543]
Trust scores_s2 at iteration 93: [0.49992317797150465, 0.49992317797150465, 0.49992317797150465, 0.49992317797150465, 0.49992317797150465, 0.49994395098959404, 0.49994395098959404, 0.49994395098959404, 0.4999847112921998, 0.4999961853027344]
X.shape (10, 5)
s1 and s2 score at iteration 93
S_1 [1.0, 1.0, 1.0, 1.0, 1.0, 1.0, 1.0, 1.0, 1.0, 1.0]
S_2 [0.1, 0.1, 0.1, 0.1, 0.1, 0.1, 0.1, 0.1, 0.1, 0.1]
Trust scores at iteration 94: [6.810396188747525e-05, 6.810396188747525e-05, 6.810396188747525e-05, 6.810396188747525e-05, 6.810396188747525e-05, -0.00011269869899075742, -0.00011269869899075742, -0.00011269869899075742, -6.706252560479435e-05, -0.00014326237988002575]
Trust scores_s1 at iteration 94: [0.499995640966696, 0.499995640966696, 0.499995640966696, 0.499995640966696, 0.499995640966696, 0.49991562614530166, 0.49991562614530166, 0.49991562614530166, 0.49995882438329753, 0.49992646146142716]
Trust scores_s2 at iteration 94: [0.4999615889857523, 0.4999615889857523, 0.4999615889857523, 0.4999615889857523, 0.4999615889857523, 0.499971975494797, 0.499971975494797, 0.499971975494797, 0.4999923556460999, 0.4999980926513672]
X.shape (10, 5)
s1 and s2 score at iteration 94
S_1 [1.0, 1.0, 1.0, 1.0, 1.0, 1.0, 1.0, 1.0, 1.0, 1.0]
S_2 [0.1, 0.1, 0.1, 0.1, 0.1, 0.1, 0.1, 0.1, 0.1, 0.1]
Trust scores at iteration 95: [3.4051980943737625e-05, 3.4051980943737625e-05, 3.4051980943737625e-05, 3.4051980943737625e-05, 3.4051980943737625e-05, -5.634934949537871e-05, -5.634934949537871e-05, -5.634934949537871e-05, -3.3531262802397175e-05, -7.163118994001287e-05]
Trust scores_s1 at iteration 95: [0.499997820483348, 0.499997820483348, 0.499997820483348, 0.499997820483348, 0.499997820483348, 0.49995781307265086, 0.49995781307265086, 0.49995781307265086, 0.49997941219164876, 0.4999632307307136]
Trust scores_s2 at iteration 95: [0.49998079449287613, 0.49998079449287613, 0.49998079449287613, 0.49998079449287613, 0.49998079449287613, 0.4999859877473985, 0.4999859877473985, 0.4999859877473985, 0.49999617782304995, 0.4999990463256836]
X.shape (10, 5)
s1 and s2 score at iteration 95
S_1 [1.0, 1.0, 1.0, 1.0, 1.0, 1.0, 1.0, 1.0, 1.0, 1.0]
S_2 [0.1, 0.1, 0.1, 0.1, 0.1, 0.1, 0.1, 0.1, 0.1, 0.1]
Trust scores at iteration 96: [1.7025990471868813e-05, 1.7025990471868813e-05, 1.7025990471868813e-05, 1.7025990471868813e-05, 1.7025990471868813e-05, -2.8174674747689354e-05, -2.8174674747689354e-05, -2.8174674747689354e-05, -1.6765631401198588e-05, -3.581559497000644e-05]
Trust scores_s1 at iteration 96: [0.499998910241674, 0.499998910241674, 0.499998910241674, 0.499998910241674, 0.499998910241674, 0.49997890653632543, 0.49997890653632543, 0.49997890653632543, 0.4999897060958244, 0.4999816153653568]
Trust scores_s2 at iteration 96: [0.49999039724643807, 0.49999039724643807, 0.49999039724643807, 0.49999039724643807, 0.49999039724643807, 0.4999929938736992, 0.4999929938736992, 0.4999929938736992, 0.499998088911525, 0.4999995231628418]
X.shape (10, 5)
s1 and s2 score at iteration 96
S_1 [1.0, 1.0, 1.0, 1.0, 1.0, 1.0, 1.0, 1.0, 1.0, 1.0]
S_2 [0.1, 0.1, 0.1, 0.1, 0.1, 0.1, 0.1, 0.1, 0.1, 0.1]
Trust scores at iteration 97: [8.512995235934406e-06, 8.512995235934406e-06, 8.512995235934406e-06, 8.512995235934406e-06, 8.512995235934406e-06, -1.4087337373844677e-05, -1.4087337373844677e-05, -1.4087337373844677e-05, -8.382815700599294e-06, -1.790779748500322e-05]
Trust scores_s1 at iteration 97: [0.499999455120837, 0.499999455120837, 0.499999455120837, 0.499999455120837, 0.499999455120837, 0.4999894532681627, 0.4999894532681627, 0.4999894532681627, 0.4999948530479122, 0.4999908076826784]
Trust scores_s2 at iteration 97: [0.49999519862321906, 0.49999519862321906, 0.49999519862321906, 0.49999519862321906, 0.49999519862321906, 0.4999964969368496, 0.4999964969368496, 0.4999964969368496, 0.4999990444557625, 0.4999997615814209]
X.shape (10, 5)
s1 and s2 score at iteration 97
S_1 [1.0, 1.0, 1.0, 1.0, 1.0, 1.0, 1.0, 1.0, 1.0, 1.0]
S_2 [0.1, 0.1, 0.1, 0.1, 0.1, 0.1, 0.1, 0.1, 0.1, 0.1]
Trust scores at iteration 98: [4.256497617967203e-06, 4.256497617967203e-06, 4.256497617967203e-06, 4.256497617967203e-06, 4.256497617967203e-06, -7.0436686869223385e-06, -7.0436686869223385e-06, -7.0436686869223385e-06, -4.191407850299647e-06, -8.95389874250161e-06]
Trust scores_s1 at iteration 98: [0.4999997275604185, 0.4999997275604185, 0.4999997275604185, 0.4999997275604185, 0.4999997275604185, 0.49999472663408134, 0.49999472663408134, 0.49999472663408134, 0.49999742652395607, 0.4999954038413392]
Trust scores_s2 at iteration 98: [0.49999759931160953, 0.49999759931160953, 0.49999759931160953, 0.49999759931160953, 0.49999759931160953, 0.4999982484684248, 0.4999982484684248, 0.4999982484684248, 0.49999952222788124, 0.49999988079071045]
X.shape (10, 5)
s1 and s2 score at iteration 98
S_1 [1.0, 1.0, 1.0, 1.0, 1.0, 1.0, 1.0, 1.0, 1.0, 1.0]
S_2 [0.1, 0.1, 0.1, 0.1, 0.1, 0.1, 0.1, 0.1, 0.1, 0.1]
Trust scores at iteration 99: [2.1282488089836016e-06, 2.1282488089836016e-06, 2.1282488089836016e-06, 2.1282488089836016e-06, 2.1282488089836016e-06, -3.5218343434611693e-06, -3.5218343434611693e-06, -3.5218343434611693e-06, -2.0957039251498235e-06, -4.476949371250805e-06]
Trust scores_s1 at iteration 99: [0.4999998637802092, 0.4999998637802092, 0.4999998637802092, 0.4999998637802092, 0.4999998637802092, 0.4999973633170407, 0.4999973633170407, 0.4999973633170407, 0.49999871326197803, 0.4999977019206696]
Trust scores_s2 at iteration 99: [0.49999879965580474, 0.49999879965580474, 0.49999879965580474, 0.49999879965580474, 0.49999879965580474, 0.4999991242342124, 0.4999991242342124, 0.4999991242342124, 0.4999997611139406, 0.4999999403953552]
X.shape (10, 5)
s1 and s2 score at iteration 99
S_1 [1.0, 1.0, 1.0, 1.0, 1.0, 1.0, 1.0, 1.0, 1.0, 1.0]
S_2 [0.1, 0.1, 0.1, 0.1, 0.1, 0.1, 0.1, 0.1, 0.1, 0.1]
Trust scores at iteration 100: [1.0641244044918008e-06, 1.0641244044918008e-06, 1.0641244044918008e-06, 1.0641244044918008e-06, 1.0641244044918008e-06, -1.7609171717305846e-06, -1.7609171717305846e-06, -1.7609171717305846e-06, -1.0478519625749117e-06, -2.2384746856254023e-06]
Trust scores_s1 at iteration 100: [0.4999999318901046, 0.4999999318901046, 0.4999999318901046, 0.4999999318901046, 0.4999999318901046, 0.49999868165852035, 0.49999868165852035, 0.49999868165852035, 0.49999935663098904, 0.4999988509603348]
Trust scores_s2 at iteration 100: [0.49999939982790237, 0.49999939982790237, 0.49999939982790237, 0.49999939982790237, 0.49999939982790237, 0.49999956211710617, 0.49999956211710617, 0.49999956211710617, 0.4999998805569703, 0.4999999701976776]
