chunks.shape 518399
chunks[0].shape 5
Loaded Tower 5 data for Tower 2 without noise: 518399 chunks
chunks.shape 518399
chunks[0].shape 5
Loaded Tower 5 data for Tower 3 without noise: 518399 chunks
chunks.shape 518399
chunks[0].shape 5
Loaded Tower 5 data for Tower 4 without noise: 518399 chunks
chunks.shape 518399
chunks[0].shape 5
Loaded Tower 5 data for Tower 5 without noise: 518399 chunks
chunks.shape 518399
chunks[0].shape 5
Loaded Tower 5 data for Tower 6 without noise: 518399 chunks
chunks.shape 518399
chunks[0].shape 5
Loaded Tower 5 data for Tower 7 with same noise (chunks 60-80): 518399 chunks
chunks.shape 518399
chunks[0].shape 5
Loaded Tower 5 data for Tower 8 with same noise (chunks 60-80): 518399 chunks
chunks.shape 518399
chunks[0].shape 5
Loaded Tower 5 data for Tower 9 with same noise (chunks 60-80): 518399 chunks
chunks.shape 518399
chunks[0].shape 5
Loaded Tower 5 data for Tower 10 with random noise (chunks 60-80): 518399 chunks
chunks.shape 518399
chunks[0].shape 5
Loaded Tower 5 data for Tower 11 with random noise (chunks 60-80): 518399 chunks
X.shape (10, 5)
s1 and s2 score at iteration 0
S_1 [1.0, 1.0, 1.0, 1.0, 1.0, 1.0, 1.0, 1.0, 1.0, 1.0]
S_2 [0.1, 0.1, 0.1, 0.1, 0.1, 0.1, 0.1, 0.1, 0.1, 0.1]
Trust scores at iteration 1: [0.0, 0.0, 0.0, 0.0, 0.0, 0.0, 0.0, 0.0, 0.0, 0.0]
Trust scores_s1 at iteration 1: [0.04999999999999999, 0.04999999999999999, 0.04999999999999999, 0.04999999999999999, 0.04999999999999999, 0.04999999999999999, 0.04999999999999999, 0.04999999999999999, 0.04999999999999999, 0.04999999999999999]
Trust scores_s2 at iteration 1: [0.04999999999999999, 0.04999999999999999, 0.04999999999999999, 0.04999999999999999, 0.04999999999999999, 0.04999999999999999, 0.04999999999999999, 0.04999999999999999, 0.04999999999999999, 0.04999999999999999]
X.shape (10, 5)
s1 and s2 score at iteration 1
S_1 [1.0, 1.0, 1.0, 1.0, 1.0, 1.0, 1.0, 1.0, 1.0, 1.0]
S_2 [0.1, 0.1, 0.1, 0.1, 0.1, 0.1, 0.1, 0.1, 0.1, 0.1]
Trust scores at iteration 2: [0.0, 0.0, 0.0, 0.0, 0.0, 0.0, 0.0, 0.0, 0.0, 0.0]
Trust scores_s1 at iteration 2: [0.09499999999999997, 0.09499999999999997, 0.09499999999999997, 0.09499999999999997, 0.09499999999999997, 0.09499999999999997, 0.09499999999999997, 0.09499999999999997, 0.09499999999999997, 0.09499999999999997]
Trust scores_s2 at iteration 2: [0.09499999999999997, 0.09499999999999997, 0.09499999999999997, 0.09499999999999997, 0.09499999999999997, 0.09499999999999997, 0.09499999999999997, 0.09499999999999997, 0.09499999999999997, 0.09499999999999997]
X.shape (10, 5)
s1 and s2 score at iteration 2
S_1 [1.0, 1.0, 1.0, 1.0, 1.0, 1.0, 1.0, 1.0, 1.0, 1.0]
S_2 [0.1, 0.1, 0.1, 0.1, 0.1, 0.1, 0.1, 0.1, 0.1, 0.1]
Trust scores at iteration 3: [0.0, 0.0, 0.0, 0.0, 0.0, 0.0, 0.0, 0.0, 0.0, 0.0]
Trust scores_s1 at iteration 3: [0.13549999999999995, 0.13549999999999995, 0.13549999999999995, 0.13549999999999995, 0.13549999999999995, 0.13549999999999995, 0.13549999999999995, 0.13549999999999995, 0.13549999999999995, 0.13549999999999995]
Trust scores_s2 at iteration 3: [0.13549999999999995, 0.13549999999999995, 0.13549999999999995, 0.13549999999999995, 0.13549999999999995, 0.13549999999999995, 0.13549999999999995, 0.13549999999999995, 0.13549999999999995, 0.13549999999999995]
X.shape (10, 5)
s1 and s2 score at iteration 3
S_1 [1.0, 1.0, 1.0, 1.0, 1.0, 1.0, 1.0, 1.0, 1.0, 1.0]
S_2 [0.1, 0.1, 0.1, 0.1, 0.1, 0.1, 0.1, 0.1, 0.1, 0.1]
Trust scores at iteration 4: [0.0, 0.0, 0.0, 0.0, 0.0, 0.0, 0.0, 0.0, 0.0, 0.0]
Trust scores_s1 at iteration 4: [0.17194999999999994, 0.17194999999999994, 0.17194999999999994, 0.17194999999999994, 0.17194999999999994, 0.17194999999999994, 0.17194999999999994, 0.17194999999999994, 0.17194999999999994, 0.17194999999999994]
Trust scores_s2 at iteration 4: [0.17194999999999994, 0.17194999999999994, 0.17194999999999994, 0.17194999999999994, 0.17194999999999994, 0.17194999999999994, 0.17194999999999994, 0.17194999999999994, 0.17194999999999994, 0.17194999999999994]
X.shape (10, 5)
s1 and s2 score at iteration 4
S_1 [0.9999999999999998, 0.9999999999999998, 0.9999999999999998, 0.9999999999999998, 0.9999999999999998, 0.9999999999999998, 0.9999999999999998, 0.9999999999999998, 0.9999999999999998, 0.9999999999999998]
S_2 [0.1, 0.1, 0.1, 0.1, 0.1, 0.1, 0.1, 0.1, 0.1, 0.1]
Trust scores at iteration 5: [0.0, 0.0, 0.0, 0.0, 0.0, 0.0, 0.0, 0.0, 0.0, 0.0]
Trust scores_s1 at iteration 5: [0.20475499999999994, 0.20475499999999994, 0.20475499999999994, 0.20475499999999994, 0.20475499999999994, 0.20475499999999994, 0.20475499999999994, 0.20475499999999994, 0.20475499999999994, 0.20475499999999994]
Trust scores_s2 at iteration 5: [0.20475499999999994, 0.20475499999999994, 0.20475499999999994, 0.20475499999999994, 0.20475499999999994, 0.20475499999999994, 0.20475499999999994, 0.20475499999999994, 0.20475499999999994, 0.20475499999999994]
X.shape (10, 5)
s1 and s2 score at iteration 5
S_1 [1.0, 1.0, 1.0, 1.0, 1.0, 1.0, 1.0, 1.0, 1.0, 1.0]
S_2 [0.1, 0.1, 0.1, 0.1, 0.1, 0.1, 0.1, 0.1, 0.1, 0.1]
Trust scores at iteration 6: [0.0, 0.0, 0.0, 0.0, 0.0, 0.0, 0.0, 0.0, 0.0, 0.0]
Trust scores_s1 at iteration 6: [0.23427949999999995, 0.23427949999999995, 0.23427949999999995, 0.23427949999999995, 0.23427949999999995, 0.23427949999999995, 0.23427949999999995, 0.23427949999999995, 0.23427949999999995, 0.23427949999999995]
Trust scores_s2 at iteration 6: [0.23427949999999995, 0.23427949999999995, 0.23427949999999995, 0.23427949999999995, 0.23427949999999995, 0.23427949999999995, 0.23427949999999995, 0.23427949999999995, 0.23427949999999995, 0.23427949999999995]
X.shape (10, 5)
s1 and s2 score at iteration 6
S_1 [1.0, 1.0, 1.0, 1.0, 1.0, 1.0, 1.0, 1.0, 1.0, 1.0]
S_2 [0.1, 0.1, 0.1, 0.1, 0.1, 0.1, 0.1, 0.1, 0.1, 0.1]
Trust scores at iteration 7: [0.0, 0.0, 0.0, 0.0, 0.0, 0.0, 0.0, 0.0, 0.0, 0.0]
Trust scores_s1 at iteration 7: [0.26085154999999993, 0.26085154999999993, 0.26085154999999993, 0.26085154999999993, 0.26085154999999993, 0.26085154999999993, 0.26085154999999993, 0.26085154999999993, 0.26085154999999993, 0.26085154999999993]
Trust scores_s2 at iteration 7: [0.26085154999999993, 0.26085154999999993, 0.26085154999999993, 0.26085154999999993, 0.26085154999999993, 0.26085154999999993, 0.26085154999999993, 0.26085154999999993, 0.26085154999999993, 0.26085154999999993]
X.shape (10, 5)
s1 and s2 score at iteration 7
S_1 [0.9999999999999998, 0.9999999999999998, 0.9999999999999998, 0.9999999999999998, 0.9999999999999998, 0.9999999999999998, 0.9999999999999998, 0.9999999999999998, 0.9999999999999998, 0.9999999999999998]
S_2 [0.1, 0.1, 0.1, 0.1, 0.1, 0.1, 0.1, 0.1, 0.1, 0.1]
Trust scores at iteration 8: [0.0, 0.0, 0.0, 0.0, 0.0, 0.0, 0.0, 0.0, 0.0, 0.0]
Trust scores_s1 at iteration 8: [0.2847663949999999, 0.2847663949999999, 0.2847663949999999, 0.2847663949999999, 0.2847663949999999, 0.2847663949999999, 0.2847663949999999, 0.2847663949999999, 0.2847663949999999, 0.2847663949999999]
Trust scores_s2 at iteration 8: [0.2847663949999999, 0.2847663949999999, 0.2847663949999999, 0.2847663949999999, 0.2847663949999999, 0.2847663949999999, 0.2847663949999999, 0.2847663949999999, 0.2847663949999999, 0.2847663949999999]
X.shape (10, 5)
s1 and s2 score at iteration 8
S_1 [1.0, 1.0, 1.0, 1.0, 1.0, 1.0, 1.0, 1.0, 1.0, 1.0]
S_2 [0.1, 0.1, 0.1, 0.1, 0.1, 0.1, 0.1, 0.1, 0.1, 0.1]
Trust scores at iteration 9: [0.0, 0.0, 0.0, 0.0, 0.0, 0.0, 0.0, 0.0, 0.0, 0.0]
Trust scores_s1 at iteration 9: [0.3062897554999999, 0.3062897554999999, 0.3062897554999999, 0.3062897554999999, 0.3062897554999999, 0.3062897554999999, 0.3062897554999999, 0.3062897554999999, 0.3062897554999999, 0.3062897554999999]
Trust scores_s2 at iteration 9: [0.3062897554999999, 0.3062897554999999, 0.3062897554999999, 0.3062897554999999, 0.3062897554999999, 0.3062897554999999, 0.3062897554999999, 0.3062897554999999, 0.3062897554999999, 0.3062897554999999]
X.shape (10, 5)
s1 and s2 score at iteration 9
S_1 [1.0, 1.0, 1.0, 1.0, 1.0, 1.0, 1.0, 1.0, 1.0, 1.0]
S_2 [0.1, 0.1, 0.1, 0.1, 0.1, 0.1, 0.1, 0.1, 0.1, 0.1]
Trust scores at iteration 10: [0.0, 0.0, 0.0, 0.0, 0.0, 0.0, 0.0, 0.0, 0.0, 0.0]
Trust scores_s1 at iteration 10: [0.3256607799499999, 0.3256607799499999, 0.3256607799499999, 0.3256607799499999, 0.3256607799499999, 0.3256607799499999, 0.3256607799499999, 0.3256607799499999, 0.3256607799499999, 0.3256607799499999]
Trust scores_s2 at iteration 10: [0.3256607799499999, 0.3256607799499999, 0.3256607799499999, 0.3256607799499999, 0.3256607799499999, 0.3256607799499999, 0.3256607799499999, 0.3256607799499999, 0.3256607799499999, 0.3256607799499999]
X.shape (10, 5)
s1 and s2 score at iteration 10
S_1 [1.0, 1.0, 1.0, 1.0, 1.0, 1.0, 1.0, 1.0, 1.0, 1.0]
S_2 [0.1, 0.1, 0.1, 0.1, 0.1, 0.1, 0.1, 0.1, 0.1, 0.1]
Trust scores at iteration 11: [0.0, 0.0, 0.0, 0.0, 0.0, 0.0, 0.0, 0.0, 0.0, 0.0]
Trust scores_s1 at iteration 11: [0.3430947019549999, 0.3430947019549999, 0.3430947019549999, 0.3430947019549999, 0.3430947019549999, 0.3430947019549999, 0.3430947019549999, 0.3430947019549999, 0.3430947019549999, 0.3430947019549999]
Trust scores_s2 at iteration 11: [0.3430947019549999, 0.3430947019549999, 0.3430947019549999, 0.3430947019549999, 0.3430947019549999, 0.3430947019549999, 0.3430947019549999, 0.3430947019549999, 0.3430947019549999, 0.3430947019549999]
X.shape (10, 5)
s1 and s2 score at iteration 11
S_1 [1.0, 1.0, 1.0, 1.0, 1.0, 1.0, 1.0, 1.0, 1.0, 1.0]
S_2 [0.1, 0.1, 0.1, 0.1, 0.1, 0.1, 0.1, 0.1, 0.1, 0.1]
Trust scores at iteration 12: [0.0, 0.0, 0.0, 0.0, 0.0, 0.0, 0.0, 0.0, 0.0, 0.0]
Trust scores_s1 at iteration 12: [0.35878523175949995, 0.35878523175949995, 0.35878523175949995, 0.35878523175949995, 0.35878523175949995, 0.35878523175949995, 0.35878523175949995, 0.35878523175949995, 0.35878523175949995, 0.35878523175949995]
Trust scores_s2 at iteration 12: [0.35878523175949995, 0.35878523175949995, 0.35878523175949995, 0.35878523175949995, 0.35878523175949995, 0.35878523175949995, 0.35878523175949995, 0.35878523175949995, 0.35878523175949995, 0.35878523175949995]
X.shape (10, 5)
s1 and s2 score at iteration 12
S_1 [1.0, 1.0, 1.0, 1.0, 1.0, 1.0, 1.0, 1.0, 1.0, 1.0]
S_2 [0.1, 0.1, 0.1, 0.1, 0.1, 0.1, 0.1, 0.1, 0.1, 0.1]
Trust scores at iteration 13: [0.0, 0.0, 0.0, 0.0, 0.0, 0.0, 0.0, 0.0, 0.0, 0.0]
Trust scores_s1 at iteration 13: [0.37290670858354996, 0.37290670858354996, 0.37290670858354996, 0.37290670858354996, 0.37290670858354996, 0.37290670858354996, 0.37290670858354996, 0.37290670858354996, 0.37290670858354996, 0.37290670858354996]
Trust scores_s2 at iteration 13: [0.37290670858354996, 0.37290670858354996, 0.37290670858354996, 0.37290670858354996, 0.37290670858354996, 0.37290670858354996, 0.37290670858354996, 0.37290670858354996, 0.37290670858354996, 0.37290670858354996]
X.shape (10, 5)
s1 and s2 score at iteration 13
S_1 [1.0, 1.0, 1.0, 1.0, 1.0, 1.0, 1.0, 1.0, 1.0, 1.0]
S_2 [0.1, 0.1, 0.1, 0.1, 0.1, 0.1, 0.1, 0.1, 0.1, 0.1]
Trust scores at iteration 14: [0.0, 0.0, 0.0, 0.0, 0.0, 0.0, 0.0, 0.0, 0.0, 0.0]
Trust scores_s1 at iteration 14: [0.385616037725195, 0.385616037725195, 0.385616037725195, 0.385616037725195, 0.385616037725195, 0.385616037725195, 0.385616037725195, 0.385616037725195, 0.385616037725195, 0.385616037725195]
Trust scores_s2 at iteration 14: [0.385616037725195, 0.385616037725195, 0.385616037725195, 0.385616037725195, 0.385616037725195, 0.385616037725195, 0.385616037725195, 0.385616037725195, 0.385616037725195, 0.385616037725195]
X.shape (10, 5)
s1 and s2 score at iteration 14
S_1 [1.0, 1.0, 1.0, 1.0, 1.0, 1.0, 1.0, 1.0, 1.0, 1.0]
S_2 [0.1, 0.1, 0.1, 0.1, 0.1, 0.1, 0.1, 0.1, 0.1, 0.1]
Trust scores at iteration 15: [0.0, 0.0, 0.0, 0.0, 0.0, 0.0, 0.0, 0.0, 0.0, 0.0]
Trust scores_s1 at iteration 15: [0.3970544339526755, 0.3970544339526755, 0.3970544339526755, 0.3970544339526755, 0.3970544339526755, 0.3970544339526755, 0.3970544339526755, 0.3970544339526755, 0.3970544339526755, 0.3970544339526755]
Trust scores_s2 at iteration 15: [0.3970544339526755, 0.3970544339526755, 0.3970544339526755, 0.3970544339526755, 0.3970544339526755, 0.3970544339526755, 0.3970544339526755, 0.3970544339526755, 0.3970544339526755, 0.3970544339526755]
X.shape (10, 5)
s1 and s2 score at iteration 15
S_1 [0.9999999999999998, 0.9999999999999998, 0.9999999999999998, 0.9999999999999998, 0.9999999999999998, 0.9999999999999998, 0.9999999999999998, 0.9999999999999998, 0.9999999999999998, 0.9999999999999998]
S_2 [0.1, 0.1, 0.1, 0.1, 0.1, 0.1, 0.1, 0.1, 0.1, 0.1]
Trust scores at iteration 16: [0.0, 0.0, 0.0, 0.0, 0.0, 0.0, 0.0, 0.0, 0.0, 0.0]
Trust scores_s1 at iteration 16: [0.4073489905574079, 0.4073489905574079, 0.4073489905574079, 0.4073489905574079, 0.4073489905574079, 0.4073489905574079, 0.4073489905574079, 0.4073489905574079, 0.4073489905574079, 0.4073489905574079]
Trust scores_s2 at iteration 16: [0.4073489905574079, 0.4073489905574079, 0.4073489905574079, 0.4073489905574079, 0.4073489905574079, 0.4073489905574079, 0.4073489905574079, 0.4073489905574079, 0.4073489905574079, 0.4073489905574079]
X.shape (10, 5)
s1 and s2 score at iteration 16
S_1 [1.0, 1.0, 1.0, 1.0, 1.0, 1.0, 1.0, 1.0, 1.0, 1.0]
S_2 [0.1, 0.1, 0.1, 0.1, 0.1, 0.1, 0.1, 0.1, 0.1, 0.1]
Trust scores at iteration 17: [0.0, 0.0, 0.0, 0.0, 0.0, 0.0, 0.0, 0.0, 0.0, 0.0]
Trust scores_s1 at iteration 17: [0.4166140915016671, 0.4166140915016671, 0.4166140915016671, 0.4166140915016671, 0.4166140915016671, 0.4166140915016671, 0.4166140915016671, 0.4166140915016671, 0.4166140915016671, 0.4166140915016671]
Trust scores_s2 at iteration 17: [0.4166140915016671, 0.4166140915016671, 0.4166140915016671, 0.4166140915016671, 0.4166140915016671, 0.4166140915016671, 0.4166140915016671, 0.4166140915016671, 0.4166140915016671, 0.4166140915016671]
X.shape (10, 5)
s1 and s2 score at iteration 17
S_1 [1.0, 1.0, 1.0, 1.0, 1.0, 1.0, 1.0, 1.0, 1.0, 1.0]
S_2 [0.1, 0.1, 0.1, 0.1, 0.1, 0.1, 0.1, 0.1, 0.1, 0.1]
Trust scores at iteration 18: [0.0, 0.0, 0.0, 0.0, 0.0, 0.0, 0.0, 0.0, 0.0, 0.0]
Trust scores_s1 at iteration 18: [0.4249526823515004, 0.4249526823515004, 0.4249526823515004, 0.4249526823515004, 0.4249526823515004, 0.4249526823515004, 0.4249526823515004, 0.4249526823515004, 0.4249526823515004, 0.4249526823515004]
Trust scores_s2 at iteration 18: [0.4249526823515004, 0.4249526823515004, 0.4249526823515004, 0.4249526823515004, 0.4249526823515004, 0.4249526823515004, 0.4249526823515004, 0.4249526823515004, 0.4249526823515004, 0.4249526823515004]
X.shape (10, 5)
s1 and s2 score at iteration 18
S_1 [1.0, 1.0, 1.0, 1.0, 1.0, 1.0, 1.0, 1.0, 1.0, 1.0]
S_2 [0.1, 0.1, 0.1, 0.1, 0.1, 0.1, 0.1, 0.1, 0.1, 0.1]
Trust scores at iteration 19: [0.0, 0.0, 0.0, 0.0, 0.0, 0.0, 0.0, 0.0, 0.0, 0.0]
Trust scores_s1 at iteration 19: [0.43245741411635036, 0.43245741411635036, 0.43245741411635036, 0.43245741411635036, 0.43245741411635036, 0.43245741411635036, 0.43245741411635036, 0.43245741411635036, 0.43245741411635036, 0.43245741411635036]
Trust scores_s2 at iteration 19: [0.43245741411635036, 0.43245741411635036, 0.43245741411635036, 0.43245741411635036, 0.43245741411635036, 0.43245741411635036, 0.43245741411635036, 0.43245741411635036, 0.43245741411635036, 0.43245741411635036]
X.shape (10, 5)
s1 and s2 score at iteration 19
S_1 [1.0, 1.0, 1.0, 1.0, 1.0, 1.0, 1.0, 1.0, 1.0, 1.0]
S_2 [0.1, 0.1, 0.1, 0.1, 0.1, 0.1, 0.1, 0.1, 0.1, 0.1]
Trust scores at iteration 20: [0.0, 0.0, 0.0, 0.0, 0.0, 0.0, 0.0, 0.0, 0.0, 0.0]
Trust scores_s1 at iteration 20: [0.43921167270471534, 0.43921167270471534, 0.43921167270471534, 0.43921167270471534, 0.43921167270471534, 0.43921167270471534, 0.43921167270471534, 0.43921167270471534, 0.43921167270471534, 0.43921167270471534]
Trust scores_s2 at iteration 20: [0.43921167270471534, 0.43921167270471534, 0.43921167270471534, 0.43921167270471534, 0.43921167270471534, 0.43921167270471534, 0.43921167270471534, 0.43921167270471534, 0.43921167270471534, 0.43921167270471534]
X.shape (10, 5)
s1 and s2 score at iteration 20
S_1 [1.0, 1.0, 1.0, 1.0, 1.0, 1.0, 1.0, 1.0, 1.0, 1.0]
S_2 [0.1, 0.1, 0.1, 0.1, 0.1, 0.1, 0.1, 0.1, 0.1, 0.1]
Trust scores at iteration 21: [0.0, 0.0, 0.0, 0.0, 0.0, 0.0, 0.0, 0.0, 0.0, 0.0]
Trust scores_s1 at iteration 21: [0.4452905054342438, 0.4452905054342438, 0.4452905054342438, 0.4452905054342438, 0.4452905054342438, 0.4452905054342438, 0.4452905054342438, 0.4452905054342438, 0.4452905054342438, 0.4452905054342438]
Trust scores_s2 at iteration 21: [0.4452905054342438, 0.4452905054342438, 0.4452905054342438, 0.4452905054342438, 0.4452905054342438, 0.4452905054342438, 0.4452905054342438, 0.4452905054342438, 0.4452905054342438, 0.4452905054342438]
X.shape (10, 5)
s1 and s2 score at iteration 21
S_1 [1.0, 1.0, 1.0, 1.0, 1.0, 1.0, 1.0, 1.0, 1.0, 1.0]
S_2 [0.1, 0.1, 0.1, 0.1, 0.1, 0.1, 0.1, 0.1, 0.1, 0.1]
Trust scores at iteration 22: [0.0, 0.0, 0.0, 0.0, 0.0, 0.0, 0.0, 0.0, 0.0, 0.0]
Trust scores_s1 at iteration 22: [0.4507614548908194, 0.4507614548908194, 0.4507614548908194, 0.4507614548908194, 0.4507614548908194, 0.4507614548908194, 0.4507614548908194, 0.4507614548908194, 0.4507614548908194, 0.4507614548908194]
Trust scores_s2 at iteration 22: [0.4507614548908194, 0.4507614548908194, 0.4507614548908194, 0.4507614548908194, 0.4507614548908194, 0.4507614548908194, 0.4507614548908194, 0.4507614548908194, 0.4507614548908194, 0.4507614548908194]
X.shape (10, 5)
s1 and s2 score at iteration 22
S_1 [1.0, 1.0, 1.0, 1.0, 1.0, 1.0, 1.0, 1.0, 1.0, 1.0]
S_2 [0.1, 0.1, 0.1, 0.1, 0.1, 0.1, 0.1, 0.1, 0.1, 0.1]
Trust scores at iteration 23: [0.0, 0.0, 0.0, 0.0, 0.0, 0.0, 0.0, 0.0, 0.0, 0.0]
Trust scores_s1 at iteration 23: [0.45568530940173746, 0.45568530940173746, 0.45568530940173746, 0.45568530940173746, 0.45568530940173746, 0.45568530940173746, 0.45568530940173746, 0.45568530940173746, 0.45568530940173746, 0.45568530940173746]
Trust scores_s2 at iteration 23: [0.45568530940173746, 0.45568530940173746, 0.45568530940173746, 0.45568530940173746, 0.45568530940173746, 0.45568530940173746, 0.45568530940173746, 0.45568530940173746, 0.45568530940173746, 0.45568530940173746]
X.shape (10, 5)
s1 and s2 score at iteration 23
S_1 [0.9999999999999998, 0.9999999999999998, 0.9999999999999998, 0.9999999999999998, 0.9999999999999998, 0.9999999999999998, 0.9999999999999998, 0.9999999999999998, 0.9999999999999998, 0.9999999999999998]
S_2 [0.1, 0.1, 0.1, 0.1, 0.1, 0.1, 0.1, 0.1, 0.1, 0.1]
Trust scores at iteration 24: [0.0, 0.0, 0.0, 0.0, 0.0, 0.0, 0.0, 0.0, 0.0, 0.0]
Trust scores_s1 at iteration 24: [0.46011677846156374, 0.46011677846156374, 0.46011677846156374, 0.46011677846156374, 0.46011677846156374, 0.46011677846156374, 0.46011677846156374, 0.46011677846156374, 0.46011677846156374, 0.46011677846156374]
Trust scores_s2 at iteration 24: [0.46011677846156374, 0.46011677846156374, 0.46011677846156374, 0.46011677846156374, 0.46011677846156374, 0.46011677846156374, 0.46011677846156374, 0.46011677846156374, 0.46011677846156374, 0.46011677846156374]
X.shape (10, 5)
s1 and s2 score at iteration 24
S_1 [0.9999999999999998, 0.9999999999999998, 0.9999999999999998, 0.9999999999999998, 0.9999999999999998, 0.9999999999999998, 0.9999999999999998, 0.9999999999999998, 0.9999999999999998, 0.9999999999999998]
S_2 [0.1, 0.1, 0.1, 0.1, 0.1, 0.1, 0.1, 0.1, 0.1, 0.1]
Trust scores at iteration 25: [0.0, 0.0, 0.0, 0.0, 0.0, 0.0, 0.0, 0.0, 0.0, 0.0]
Trust scores_s1 at iteration 25: [0.4641051006154074, 0.4641051006154074, 0.4641051006154074, 0.4641051006154074, 0.4641051006154074, 0.4641051006154074, 0.4641051006154074, 0.4641051006154074, 0.4641051006154074, 0.4641051006154074]
Trust scores_s2 at iteration 25: [0.4641051006154074, 0.4641051006154074, 0.4641051006154074, 0.4641051006154074, 0.4641051006154074, 0.4641051006154074, 0.4641051006154074, 0.4641051006154074, 0.4641051006154074, 0.4641051006154074]
X.shape (10, 5)
s1 and s2 score at iteration 25
S_1 [1.0, 1.0, 1.0, 1.0, 1.0, 1.0, 1.0, 1.0, 1.0, 1.0]
S_2 [0.1, 0.1, 0.1, 0.1, 0.1, 0.1, 0.1, 0.1, 0.1, 0.1]
Trust scores at iteration 26: [0.0, 0.0, 0.0, 0.0, 0.0, 0.0, 0.0, 0.0, 0.0, 0.0]
Trust scores_s1 at iteration 26: [0.46769459055386664, 0.46769459055386664, 0.46769459055386664, 0.46769459055386664, 0.46769459055386664, 0.46769459055386664, 0.46769459055386664, 0.46769459055386664, 0.46769459055386664, 0.46769459055386664]
Trust scores_s2 at iteration 26: [0.46769459055386664, 0.46769459055386664, 0.46769459055386664, 0.46769459055386664, 0.46769459055386664, 0.46769459055386664, 0.46769459055386664, 0.46769459055386664, 0.46769459055386664, 0.46769459055386664]
X.shape (10, 5)
s1 and s2 score at iteration 26
S_1 [1.0, 1.0, 1.0, 1.0, 1.0, 1.0, 1.0, 1.0, 1.0, 1.0]
S_2 [0.1, 0.1, 0.1, 0.1, 0.1, 0.1, 0.1, 0.1, 0.1, 0.1]
Trust scores at iteration 27: [0.0, 0.0, 0.0, 0.0, 0.0, 0.0, 0.0, 0.0, 0.0, 0.0]
Trust scores_s1 at iteration 27: [0.47092513149848, 0.47092513149848, 0.47092513149848, 0.47092513149848, 0.47092513149848, 0.47092513149848, 0.47092513149848, 0.47092513149848, 0.47092513149848, 0.47092513149848]
Trust scores_s2 at iteration 27: [0.47092513149848, 0.47092513149848, 0.47092513149848, 0.47092513149848, 0.47092513149848, 0.47092513149848, 0.47092513149848, 0.47092513149848, 0.47092513149848, 0.47092513149848]
X.shape (10, 5)
s1 and s2 score at iteration 27
S_1 [1.0, 1.0, 1.0, 1.0, 1.0, 1.0, 1.0, 1.0, 1.0, 1.0]
S_2 [0.1, 0.1, 0.1, 0.1, 0.1, 0.1, 0.1, 0.1, 0.1, 0.1]
Trust scores at iteration 28: [0.0, 0.0, 0.0, 0.0, 0.0, 0.0, 0.0, 0.0, 0.0, 0.0]
Trust scores_s1 at iteration 28: [0.473832618348632, 0.473832618348632, 0.473832618348632, 0.473832618348632, 0.473832618348632, 0.473832618348632, 0.473832618348632, 0.473832618348632, 0.473832618348632, 0.473832618348632]
Trust scores_s2 at iteration 28: [0.473832618348632, 0.473832618348632, 0.473832618348632, 0.473832618348632, 0.473832618348632, 0.473832618348632, 0.473832618348632, 0.473832618348632, 0.473832618348632, 0.473832618348632]
X.shape (10, 5)
s1 and s2 score at iteration 28
S_1 [1.0, 1.0, 1.0, 1.0, 1.0, 1.0, 1.0, 1.0, 1.0, 1.0]
S_2 [0.1, 0.1, 0.1, 0.1, 0.1, 0.1, 0.1, 0.1, 0.1, 0.1]
Trust scores at iteration 29: [0.0, 0.0, 0.0, 0.0, 0.0, 0.0, 0.0, 0.0, 0.0, 0.0]
Trust scores_s1 at iteration 29: [0.4764493565137688, 0.4764493565137688, 0.4764493565137688, 0.4764493565137688, 0.4764493565137688, 0.4764493565137688, 0.4764493565137688, 0.4764493565137688, 0.4764493565137688, 0.4764493565137688]
Trust scores_s2 at iteration 29: [0.4764493565137688, 0.4764493565137688, 0.4764493565137688, 0.4764493565137688, 0.4764493565137688, 0.4764493565137688, 0.4764493565137688, 0.4764493565137688, 0.4764493565137688, 0.4764493565137688]
X.shape (10, 5)
s1 and s2 score at iteration 29
S_1 [1.0, 1.0, 1.0, 1.0, 1.0, 1.0, 1.0, 1.0, 1.0, 1.0]
S_2 [0.1, 0.1, 0.1, 0.1, 0.1, 0.1, 0.1, 0.1, 0.1, 0.1]
Trust scores at iteration 30: [0.0, 0.0, 0.0, 0.0, 0.0, 0.0, 0.0, 0.0, 0.0, 0.0]
Trust scores_s1 at iteration 30: [0.4788044208623919, 0.4788044208623919, 0.4788044208623919, 0.4788044208623919, 0.4788044208623919, 0.4788044208623919, 0.4788044208623919, 0.4788044208623919, 0.4788044208623919, 0.4788044208623919]
Trust scores_s2 at iteration 30: [0.4788044208623919, 0.4788044208623919, 0.4788044208623919, 0.4788044208623919, 0.4788044208623919, 0.4788044208623919, 0.4788044208623919, 0.4788044208623919, 0.4788044208623919, 0.4788044208623919]
X.shape (10, 5)
s1 and s2 score at iteration 30
S_1 [1.0, 1.0, 1.0, 1.0, 1.0, 1.0, 1.0, 1.0, 1.0, 1.0]
S_2 [0.1, 0.1, 0.1, 0.1, 0.1, 0.1, 0.1, 0.1, 0.1, 0.1]
Trust scores at iteration 31: [0.0, 0.0, 0.0, 0.0, 0.0, 0.0, 0.0, 0.0, 0.0, 0.0]
Trust scores_s1 at iteration 31: [0.48092397877615267, 0.48092397877615267, 0.48092397877615267, 0.48092397877615267, 0.48092397877615267, 0.48092397877615267, 0.48092397877615267, 0.48092397877615267, 0.48092397877615267, 0.48092397877615267]
Trust scores_s2 at iteration 31: [0.48092397877615267, 0.48092397877615267, 0.48092397877615267, 0.48092397877615267, 0.48092397877615267, 0.48092397877615267, 0.48092397877615267, 0.48092397877615267, 0.48092397877615267, 0.48092397877615267]
X.shape (10, 5)
s1 and s2 score at iteration 31
S_1 [1.0, 1.0, 1.0, 1.0, 1.0, 1.0, 1.0, 1.0, 1.0, 1.0]
S_2 [0.1, 0.1, 0.1, 0.1, 0.1, 0.1, 0.1, 0.1, 0.1, 0.1]
Trust scores at iteration 32: [0.0, 0.0, 0.0, 0.0, 0.0, 0.0, 0.0, 0.0, 0.0, 0.0]
Trust scores_s1 at iteration 32: [0.4828315808985374, 0.4828315808985374, 0.4828315808985374, 0.4828315808985374, 0.4828315808985374, 0.4828315808985374, 0.4828315808985374, 0.4828315808985374, 0.4828315808985374, 0.4828315808985374]
Trust scores_s2 at iteration 32: [0.4828315808985374, 0.4828315808985374, 0.4828315808985374, 0.4828315808985374, 0.4828315808985374, 0.4828315808985374, 0.4828315808985374, 0.4828315808985374, 0.4828315808985374, 0.4828315808985374]
X.shape (10, 5)
s1 and s2 score at iteration 32
S_1 [0.9999999999999998, 0.9999999999999998, 0.9999999999999998, 0.9999999999999998, 0.9999999999999998, 0.9999999999999998, 0.9999999999999998, 0.9999999999999998, 0.9999999999999998, 0.9999999999999998]
S_2 [0.1, 0.1, 0.1, 0.1, 0.1, 0.1, 0.1, 0.1, 0.1, 0.1]
Trust scores at iteration 33: [0.0, 0.0, 0.0, 0.0, 0.0, 0.0, 0.0, 0.0, 0.0, 0.0]
Trust scores_s1 at iteration 33: [0.48454842280868365, 0.48454842280868365, 0.48454842280868365, 0.48454842280868365, 0.48454842280868365, 0.48454842280868365, 0.48454842280868365, 0.48454842280868365, 0.48454842280868365, 0.48454842280868365]
Trust scores_s2 at iteration 33: [0.48454842280868365, 0.48454842280868365, 0.48454842280868365, 0.48454842280868365, 0.48454842280868365, 0.48454842280868365, 0.48454842280868365, 0.48454842280868365, 0.48454842280868365, 0.48454842280868365]
X.shape (10, 5)
s1 and s2 score at iteration 33
S_1 [1.0, 1.0, 1.0, 1.0, 1.0, 1.0, 1.0, 1.0, 1.0, 1.0]
S_2 [0.1, 0.1, 0.1, 0.1, 0.1, 0.1, 0.1, 0.1, 0.1, 0.1]
Trust scores at iteration 34: [0.0, 0.0, 0.0, 0.0, 0.0, 0.0, 0.0, 0.0, 0.0, 0.0]
Trust scores_s1 at iteration 34: [0.48609358052781526, 0.48609358052781526, 0.48609358052781526, 0.48609358052781526, 0.48609358052781526, 0.48609358052781526, 0.48609358052781526, 0.48609358052781526, 0.48609358052781526, 0.48609358052781526]
Trust scores_s2 at iteration 34: [0.48609358052781526, 0.48609358052781526, 0.48609358052781526, 0.48609358052781526, 0.48609358052781526, 0.48609358052781526, 0.48609358052781526, 0.48609358052781526, 0.48609358052781526, 0.48609358052781526]
X.shape (10, 5)
s1 and s2 score at iteration 34
S_1 [1.0, 1.0, 1.0, 1.0, 1.0, 1.0, 1.0, 1.0, 1.0, 1.0]
S_2 [0.1, 0.1, 0.1, 0.1, 0.1, 0.1, 0.1, 0.1, 0.1, 0.1]
Trust scores at iteration 35: [0.0, 0.0, 0.0, 0.0, 0.0, 0.0, 0.0, 0.0, 0.0, 0.0]
Trust scores_s1 at iteration 35: [0.48748422247503376, 0.48748422247503376, 0.48748422247503376, 0.48748422247503376, 0.48748422247503376, 0.48748422247503376, 0.48748422247503376, 0.48748422247503376, 0.48748422247503376, 0.48748422247503376]
Trust scores_s2 at iteration 35: [0.48748422247503376, 0.48748422247503376, 0.48748422247503376, 0.48748422247503376, 0.48748422247503376, 0.48748422247503376, 0.48748422247503376, 0.48748422247503376, 0.48748422247503376, 0.48748422247503376]
X.shape (10, 5)
s1 and s2 score at iteration 35
S_1 [0.9999999999999998, 0.9999999999999998, 0.9999999999999998, 0.9999999999999998, 0.9999999999999998, 0.9999999999999998, 0.9999999999999998, 0.9999999999999998, 0.9999999999999998, 0.9999999999999998]
S_2 [0.1, 0.1, 0.1, 0.1, 0.1, 0.1, 0.1, 0.1, 0.1, 0.1]
Trust scores at iteration 36: [0.0, 0.0, 0.0, 0.0, 0.0, 0.0, 0.0, 0.0, 0.0, 0.0]
Trust scores_s1 at iteration 36: [0.4887358002275304, 0.4887358002275304, 0.4887358002275304, 0.4887358002275304, 0.4887358002275304, 0.4887358002275304, 0.4887358002275304, 0.4887358002275304, 0.4887358002275304, 0.4887358002275304]
Trust scores_s2 at iteration 36: [0.4887358002275304, 0.4887358002275304, 0.4887358002275304, 0.4887358002275304, 0.4887358002275304, 0.4887358002275304, 0.4887358002275304, 0.4887358002275304, 0.4887358002275304, 0.4887358002275304]
X.shape (10, 5)
s1 and s2 score at iteration 36
S_1 [1.0, 1.0, 1.0, 1.0, 1.0, 1.0, 1.0, 1.0, 1.0, 1.0]
S_2 [0.1, 0.1, 0.1, 0.1, 0.1, 0.1, 0.1, 0.1, 0.1, 0.1]
Trust scores at iteration 37: [0.0, 0.0, 0.0, 0.0, 0.0, 0.0, 0.0, 0.0, 0.0, 0.0]
Trust scores_s1 at iteration 37: [0.4898622202047773, 0.4898622202047773, 0.4898622202047773, 0.4898622202047773, 0.4898622202047773, 0.4898622202047773, 0.4898622202047773, 0.4898622202047773, 0.4898622202047773, 0.4898622202047773]
Trust scores_s2 at iteration 37: [0.4898622202047773, 0.4898622202047773, 0.4898622202047773, 0.4898622202047773, 0.4898622202047773, 0.4898622202047773, 0.4898622202047773, 0.4898622202047773, 0.4898622202047773, 0.4898622202047773]
X.shape (10, 5)
s1 and s2 score at iteration 37
S_1 [1.0, 1.0, 1.0, 1.0, 1.0, 1.0, 1.0, 1.0, 1.0, 1.0]
S_2 [0.1, 0.1, 0.1, 0.1, 0.1, 0.1, 0.1, 0.1, 0.1, 0.1]
Trust scores at iteration 38: [0.0, 0.0, 0.0, 0.0, 0.0, 0.0, 0.0, 0.0, 0.0, 0.0]
Trust scores_s1 at iteration 38: [0.4908759981842996, 0.4908759981842996, 0.4908759981842996, 0.4908759981842996, 0.4908759981842996, 0.4908759981842996, 0.4908759981842996, 0.4908759981842996, 0.4908759981842996, 0.4908759981842996]
Trust scores_s2 at iteration 38: [0.4908759981842996, 0.4908759981842996, 0.4908759981842996, 0.4908759981842996, 0.4908759981842996, 0.4908759981842996, 0.4908759981842996, 0.4908759981842996, 0.4908759981842996, 0.4908759981842996]
X.shape (10, 5)
s1 and s2 score at iteration 38
S_1 [1.0, 1.0, 1.0, 1.0, 1.0, 1.0, 1.0, 1.0, 1.0, 1.0]
S_2 [0.1, 0.1, 0.1, 0.1, 0.1, 0.1, 0.1, 0.1, 0.1, 0.1]
Trust scores at iteration 39: [0.0, 0.0, 0.0, 0.0, 0.0, 0.0, 0.0, 0.0, 0.0, 0.0]
Trust scores_s1 at iteration 39: [0.49178839836586963, 0.49178839836586963, 0.49178839836586963, 0.49178839836586963, 0.49178839836586963, 0.49178839836586963, 0.49178839836586963, 0.49178839836586963, 0.49178839836586963, 0.49178839836586963]
Trust scores_s2 at iteration 39: [0.49178839836586963, 0.49178839836586963, 0.49178839836586963, 0.49178839836586963, 0.49178839836586963, 0.49178839836586963, 0.49178839836586963, 0.49178839836586963, 0.49178839836586963, 0.49178839836586963]
X.shape (10, 5)
s1 and s2 score at iteration 39
S_1 [1.0, 1.0, 1.0, 1.0, 1.0, 1.0, 1.0, 1.0, 1.0, 1.0]
S_2 [0.1, 0.1, 0.1, 0.1, 0.1, 0.1, 0.1, 0.1, 0.1, 0.1]
Trust scores at iteration 40: [0.0, 0.0, 0.0, 0.0, 0.0, 0.0, 0.0, 0.0, 0.0, 0.0]
Trust scores_s1 at iteration 40: [0.4926095585292827, 0.4926095585292827, 0.4926095585292827, 0.4926095585292827, 0.4926095585292827, 0.4926095585292827, 0.4926095585292827, 0.4926095585292827, 0.4926095585292827, 0.4926095585292827]
Trust scores_s2 at iteration 40: [0.4926095585292827, 0.4926095585292827, 0.4926095585292827, 0.4926095585292827, 0.4926095585292827, 0.4926095585292827, 0.4926095585292827, 0.4926095585292827, 0.4926095585292827, 0.4926095585292827]
X.shape (10, 5)
s1 and s2 score at iteration 40
S_1 [0.9999999999999998, 0.9999999999999998, 0.9999999999999998, 0.9999999999999998, 0.9999999999999998, 0.9999999999999998, 0.9999999999999998, 0.9999999999999998, 0.9999999999999998, 0.9999999999999998]
S_2 [0.1, 0.1, 0.1, 0.1, 0.1, 0.1, 0.1, 0.1, 0.1, 0.1]
Trust scores at iteration 41: [0.0, 0.0, 0.0, 0.0, 0.0, 0.0, 0.0, 0.0, 0.0, 0.0]
Trust scores_s1 at iteration 41: [0.4933486026763544, 0.4933486026763544, 0.4933486026763544, 0.4933486026763544, 0.4933486026763544, 0.4933486026763544, 0.4933486026763544, 0.4933486026763544, 0.4933486026763544, 0.4933486026763544]
Trust scores_s2 at iteration 41: [0.4933486026763544, 0.4933486026763544, 0.4933486026763544, 0.4933486026763544, 0.4933486026763544, 0.4933486026763544, 0.4933486026763544, 0.4933486026763544, 0.4933486026763544, 0.4933486026763544]
X.shape (10, 5)
s1 and s2 score at iteration 41
S_1 [1.0, 1.0, 1.0, 1.0, 1.0, 1.0, 1.0, 1.0, 1.0, 1.0]
S_2 [0.1, 0.1, 0.1, 0.1, 0.1, 0.1, 0.1, 0.1, 0.1, 0.1]
Trust scores at iteration 42: [0.0, 0.0, 0.0, 0.0, 0.0, 0.0, 0.0, 0.0, 0.0, 0.0]
Trust scores_s1 at iteration 42: [0.4940137424087189, 0.4940137424087189, 0.4940137424087189, 0.4940137424087189, 0.4940137424087189, 0.4940137424087189, 0.4940137424087189, 0.4940137424087189, 0.4940137424087189, 0.4940137424087189]
Trust scores_s2 at iteration 42: [0.4940137424087189, 0.4940137424087189, 0.4940137424087189, 0.4940137424087189, 0.4940137424087189, 0.4940137424087189, 0.4940137424087189, 0.4940137424087189, 0.4940137424087189, 0.4940137424087189]
X.shape (10, 5)
s1 and s2 score at iteration 42
S_1 [1.0, 1.0, 1.0, 1.0, 1.0, 1.0, 1.0, 1.0, 1.0, 1.0]
S_2 [0.1, 0.1, 0.1, 0.1, 0.1, 0.1, 0.1, 0.1, 0.1, 0.1]
Trust scores at iteration 43: [0.0, 0.0, 0.0, 0.0, 0.0, 0.0, 0.0, 0.0, 0.0, 0.0]
Trust scores_s1 at iteration 43: [0.49461236816784704, 0.49461236816784704, 0.49461236816784704, 0.49461236816784704, 0.49461236816784704, 0.49461236816784704, 0.49461236816784704, 0.49461236816784704, 0.49461236816784704, 0.49461236816784704]
Trust scores_s2 at iteration 43: [0.49461236816784704, 0.49461236816784704, 0.49461236816784704, 0.49461236816784704, 0.49461236816784704, 0.49461236816784704, 0.49461236816784704, 0.49461236816784704, 0.49461236816784704, 0.49461236816784704]
X.shape (10, 5)
s1 and s2 score at iteration 43
S_1 [1.0, 1.0, 1.0, 1.0, 1.0, 1.0, 1.0, 1.0, 1.0, 1.0]
S_2 [0.1, 0.1, 0.1, 0.1, 0.1, 0.1, 0.1, 0.1, 0.1, 0.1]
Trust scores at iteration 44: [0.0, 0.0, 0.0, 0.0, 0.0, 0.0, 0.0, 0.0, 0.0, 0.0]
Trust scores_s1 at iteration 44: [0.4951511313510623, 0.4951511313510623, 0.4951511313510623, 0.4951511313510623, 0.4951511313510623, 0.4951511313510623, 0.4951511313510623, 0.4951511313510623, 0.4951511313510623, 0.4951511313510623]
Trust scores_s2 at iteration 44: [0.4951511313510623, 0.4951511313510623, 0.4951511313510623, 0.4951511313510623, 0.4951511313510623, 0.4951511313510623, 0.4951511313510623, 0.4951511313510623, 0.4951511313510623, 0.4951511313510623]
X.shape (10, 5)
s1 and s2 score at iteration 44
S_1 [1.0, 1.0, 1.0, 1.0, 1.0, 1.0, 1.0, 1.0, 1.0, 1.0]
S_2 [0.1, 0.1, 0.1, 0.1, 0.1, 0.1, 0.1, 0.1, 0.1, 0.1]
Trust scores at iteration 45: [0.0, 0.0, 0.0, 0.0, 0.0, 0.0, 0.0, 0.0, 0.0, 0.0]
Trust scores_s1 at iteration 45: [0.4956360182159561, 0.4956360182159561, 0.4956360182159561, 0.4956360182159561, 0.4956360182159561, 0.4956360182159561, 0.4956360182159561, 0.4956360182159561, 0.4956360182159561, 0.4956360182159561]
Trust scores_s2 at iteration 45: [0.4956360182159561, 0.4956360182159561, 0.4956360182159561, 0.4956360182159561, 0.4956360182159561, 0.4956360182159561, 0.4956360182159561, 0.4956360182159561, 0.4956360182159561, 0.4956360182159561]
X.shape (10, 5)
s1 and s2 score at iteration 45
S_1 [1.0, 1.0, 1.0, 1.0, 1.0, 1.0, 1.0, 1.0, 1.0, 1.0]
S_2 [0.1, 0.1, 0.1, 0.1, 0.1, 0.1, 0.1, 0.1, 0.1, 0.1]
Trust scores at iteration 46: [0.0, 0.0, 0.0, 0.0, 0.0, 0.0, 0.0, 0.0, 0.0, 0.0]
Trust scores_s1 at iteration 46: [0.4960724163943605, 0.4960724163943605, 0.4960724163943605, 0.4960724163943605, 0.4960724163943605, 0.4960724163943605, 0.4960724163943605, 0.4960724163943605, 0.4960724163943605, 0.4960724163943605]
Trust scores_s2 at iteration 46: [0.4960724163943605, 0.4960724163943605, 0.4960724163943605, 0.4960724163943605, 0.4960724163943605, 0.4960724163943605, 0.4960724163943605, 0.4960724163943605, 0.4960724163943605, 0.4960724163943605]
X.shape (10, 5)
s1 and s2 score at iteration 46
S_1 [1.0, 1.0, 1.0, 1.0, 1.0, 1.0, 1.0, 1.0, 1.0, 1.0]
S_2 [0.1, 0.1, 0.1, 0.1, 0.1, 0.1, 0.1, 0.1, 0.1, 0.1]
Trust scores at iteration 47: [0.0, 0.0, 0.0, 0.0, 0.0, 0.0, 0.0, 0.0, 0.0, 0.0]
Trust scores_s1 at iteration 47: [0.49646517475492447, 0.49646517475492447, 0.49646517475492447, 0.49646517475492447, 0.49646517475492447, 0.49646517475492447, 0.49646517475492447, 0.49646517475492447, 0.49646517475492447, 0.49646517475492447]
Trust scores_s2 at iteration 47: [0.49646517475492447, 0.49646517475492447, 0.49646517475492447, 0.49646517475492447, 0.49646517475492447, 0.49646517475492447, 0.49646517475492447, 0.49646517475492447, 0.49646517475492447, 0.49646517475492447]
X.shape (10, 5)
s1 and s2 score at iteration 47
S_1 [1.0, 1.0, 1.0, 1.0, 1.0, 1.0, 1.0, 1.0, 1.0, 1.0]
S_2 [0.1, 0.1, 0.1, 0.1, 0.1, 0.1, 0.1, 0.1, 0.1, 0.1]
Trust scores at iteration 48: [0.0, 0.0, 0.0, 0.0, 0.0, 0.0, 0.0, 0.0, 0.0, 0.0]
Trust scores_s1 at iteration 48: [0.49681865727943203, 0.49681865727943203, 0.49681865727943203, 0.49681865727943203, 0.49681865727943203, 0.49681865727943203, 0.49681865727943203, 0.49681865727943203, 0.49681865727943203, 0.49681865727943203]
Trust scores_s2 at iteration 48: [0.49681865727943203, 0.49681865727943203, 0.49681865727943203, 0.49681865727943203, 0.49681865727943203, 0.49681865727943203, 0.49681865727943203, 0.49681865727943203, 0.49681865727943203, 0.49681865727943203]
X.shape (10, 5)
s1 and s2 score at iteration 48
S_1 [0.9999999999999998, 0.9999999999999998, 0.9999999999999998, 0.9999999999999998, 0.9999999999999998, 0.9999999999999998, 0.9999999999999998, 0.9999999999999998, 0.9999999999999998, 0.9999999999999998]
S_2 [0.1, 0.1, 0.1, 0.1, 0.1, 0.1, 0.1, 0.1, 0.1, 0.1]
Trust scores at iteration 49: [0.0, 0.0, 0.0, 0.0, 0.0, 0.0, 0.0, 0.0, 0.0, 0.0]
Trust scores_s1 at iteration 49: [0.4971367915514888, 0.4971367915514888, 0.4971367915514888, 0.4971367915514888, 0.4971367915514888, 0.4971367915514888, 0.4971367915514888, 0.4971367915514888, 0.4971367915514888, 0.4971367915514888]
Trust scores_s2 at iteration 49: [0.4971367915514888, 0.4971367915514888, 0.4971367915514888, 0.4971367915514888, 0.4971367915514888, 0.4971367915514888, 0.4971367915514888, 0.4971367915514888, 0.4971367915514888, 0.4971367915514888]
X.shape (10, 5)
s1 and s2 score at iteration 49
S_1 [0.9999999999999998, 0.9999999999999998, 0.9999999999999998, 0.9999999999999998, 0.9999999999999998, 0.9999999999999998, 0.9999999999999998, 0.9999999999999998, 0.9999999999999998, 0.9999999999999998]
S_2 [0.1, 0.1, 0.1, 0.1, 0.1, 0.1, 0.1, 0.1, 0.1, 0.1]
Trust scores at iteration 50: [0.0, 0.0, 0.0, 0.0, 0.0, 0.0, 0.0, 0.0, 0.0, 0.0]
Trust scores_s1 at iteration 50: [0.49742311239633996, 0.49742311239633996, 0.49742311239633996, 0.49742311239633996, 0.49742311239633996, 0.49742311239633996, 0.49742311239633996, 0.49742311239633996, 0.49742311239633996, 0.49742311239633996]
Trust scores_s2 at iteration 50: [0.49742311239633996, 0.49742311239633996, 0.49742311239633996, 0.49742311239633996, 0.49742311239633996, 0.49742311239633996, 0.49742311239633996, 0.49742311239633996, 0.49742311239633996, 0.49742311239633996]
X.shape (10, 5)
s1 and s2 score at iteration 50
S_1 [1.0, 1.0, 1.0, 1.0, 1.0, 1.0, 1.0, 1.0, 1.0, 1.0]
S_2 [0.1, 0.1, 0.1, 0.1, 0.1, 0.1, 0.1, 0.1, 0.1, 0.1]
Trust scores at iteration 51: [0.0, 0.0, 0.0, 0.0, 0.0, 0.0, 0.0, 0.0, 0.0, 0.0]
Trust scores_s1 at iteration 51: [0.497680801156706, 0.497680801156706, 0.497680801156706, 0.497680801156706, 0.497680801156706, 0.497680801156706, 0.497680801156706, 0.497680801156706, 0.497680801156706, 0.497680801156706]
Trust scores_s2 at iteration 51: [0.497680801156706, 0.497680801156706, 0.497680801156706, 0.497680801156706, 0.497680801156706, 0.497680801156706, 0.497680801156706, 0.497680801156706, 0.497680801156706, 0.497680801156706]
X.shape (10, 5)
s1 and s2 score at iteration 51
S_1 [1.0, 1.0, 1.0, 1.0, 1.0, 1.0, 1.0, 1.0, 1.0, 1.0]
S_2 [0.1, 0.1, 0.1, 0.1, 0.1, 0.1, 0.1, 0.1, 0.1, 0.1]
Trust scores at iteration 52: [0.0, 0.0, 0.0, 0.0, 0.0, 0.0, 0.0, 0.0, 0.0, 0.0]
Trust scores_s1 at iteration 52: [0.4979127210410354, 0.4979127210410354, 0.4979127210410354, 0.4979127210410354, 0.4979127210410354, 0.4979127210410354, 0.4979127210410354, 0.4979127210410354, 0.4979127210410354, 0.4979127210410354]
Trust scores_s2 at iteration 52: [0.4979127210410354, 0.4979127210410354, 0.4979127210410354, 0.4979127210410354, 0.4979127210410354, 0.4979127210410354, 0.4979127210410354, 0.4979127210410354, 0.4979127210410354, 0.4979127210410354]
X.shape (10, 5)
s1 and s2 score at iteration 52
S_1 [0.9999999999999998, 0.9999999999999998, 0.9999999999999998, 0.9999999999999998, 0.9999999999999998, 0.9999999999999998, 0.9999999999999998, 0.9999999999999998, 0.9999999999999998, 0.9999999999999998]
S_2 [0.1, 0.1, 0.1, 0.1, 0.1, 0.1, 0.1, 0.1, 0.1, 0.1]
Trust scores at iteration 53: [0.0, 0.0, 0.0, 0.0, 0.0, 0.0, 0.0, 0.0, 0.0, 0.0]
Trust scores_s1 at iteration 53: [0.49812144893693183, 0.49812144893693183, 0.49812144893693183, 0.49812144893693183, 0.49812144893693183, 0.49812144893693183, 0.49812144893693183, 0.49812144893693183, 0.49812144893693183, 0.49812144893693183]
Trust scores_s2 at iteration 53: [0.49812144893693183, 0.49812144893693183, 0.49812144893693183, 0.49812144893693183, 0.49812144893693183, 0.49812144893693183, 0.49812144893693183, 0.49812144893693183, 0.49812144893693183, 0.49812144893693183]
X.shape (10, 5)
s1 and s2 score at iteration 53
S_1 [1.0, 1.0, 1.0, 1.0, 1.0, 1.0, 1.0, 1.0, 1.0, 1.0]
S_2 [0.1, 0.1, 0.1, 0.1, 0.1, 0.1, 0.1, 0.1, 0.1, 0.1]
Trust scores at iteration 54: [0.0, 0.0, 0.0, 0.0, 0.0, 0.0, 0.0, 0.0, 0.0, 0.0]
Trust scores_s1 at iteration 54: [0.49830930404323864, 0.49830930404323864, 0.49830930404323864, 0.49830930404323864, 0.49830930404323864, 0.49830930404323864, 0.49830930404323864, 0.49830930404323864, 0.49830930404323864, 0.49830930404323864]
Trust scores_s2 at iteration 54: [0.49830930404323864, 0.49830930404323864, 0.49830930404323864, 0.49830930404323864, 0.49830930404323864, 0.49830930404323864, 0.49830930404323864, 0.49830930404323864, 0.49830930404323864, 0.49830930404323864]
X.shape (10, 5)
s1 and s2 score at iteration 54
S_1 [1.0, 1.0, 1.0, 1.0, 1.0, 1.0, 1.0, 1.0, 1.0, 1.0]
S_2 [0.1, 0.1, 0.1, 0.1, 0.1, 0.1, 0.1, 0.1, 0.1, 0.1]
Trust scores at iteration 55: [0.0, 0.0, 0.0, 0.0, 0.0, 0.0, 0.0, 0.0, 0.0, 0.0]
Trust scores_s1 at iteration 55: [0.4984783736389148, 0.4984783736389148, 0.4984783736389148, 0.4984783736389148, 0.4984783736389148, 0.4984783736389148, 0.4984783736389148, 0.4984783736389148, 0.4984783736389148, 0.4984783736389148]
Trust scores_s2 at iteration 55: [0.4984783736389148, 0.4984783736389148, 0.4984783736389148, 0.4984783736389148, 0.4984783736389148, 0.4984783736389148, 0.4984783736389148, 0.4984783736389148, 0.4984783736389148, 0.4984783736389148]
X.shape (10, 5)
s1 and s2 score at iteration 55
S_1 [0.9999999999999998, 0.9999999999999998, 0.9999999999999998, 0.9999999999999998, 0.9999999999999998, 0.9999999999999998, 0.9999999999999998, 0.9999999999999998, 0.9999999999999998, 0.9999999999999998]
S_2 [0.1, 0.1, 0.1, 0.1, 0.1, 0.1, 0.1, 0.1, 0.1, 0.1]
Trust scores at iteration 56: [0.0, 0.0, 0.0, 0.0, 0.0, 0.0, 0.0, 0.0, 0.0, 0.0]
Trust scores_s1 at iteration 56: [0.4986305362750233, 0.4986305362750233, 0.4986305362750233, 0.4986305362750233, 0.4986305362750233, 0.4986305362750233, 0.4986305362750233, 0.4986305362750233, 0.4986305362750233, 0.4986305362750233]
Trust scores_s2 at iteration 56: [0.4986305362750233, 0.4986305362750233, 0.4986305362750233, 0.4986305362750233, 0.4986305362750233, 0.4986305362750233, 0.4986305362750233, 0.4986305362750233, 0.4986305362750233, 0.4986305362750233]
X.shape (10, 5)
s1 and s2 score at iteration 56
S_1 [1.0, 1.0, 1.0, 1.0, 1.0, 1.0, 1.0, 1.0, 1.0, 1.0]
S_2 [0.1, 0.1, 0.1, 0.1, 0.1, 0.1, 0.1, 0.1, 0.1, 0.1]
Trust scores at iteration 57: [0.0, 0.0, 0.0, 0.0, 0.0, 0.0, 0.0, 0.0, 0.0, 0.0]
Trust scores_s1 at iteration 57: [0.49876748264752097, 0.49876748264752097, 0.49876748264752097, 0.49876748264752097, 0.49876748264752097, 0.49876748264752097, 0.49876748264752097, 0.49876748264752097, 0.49876748264752097, 0.49876748264752097]
Trust scores_s2 at iteration 57: [0.49876748264752097, 0.49876748264752097, 0.49876748264752097, 0.49876748264752097, 0.49876748264752097, 0.49876748264752097, 0.49876748264752097, 0.49876748264752097, 0.49876748264752097, 0.49876748264752097]
X.shape (10, 5)
s1 and s2 score at iteration 57
S_1 [0.9999999999999998, 0.9999999999999998, 0.9999999999999998, 0.9999999999999998, 0.9999999999999998, 0.9999999999999998, 0.9999999999999998, 0.9999999999999998, 0.9999999999999998, 0.9999999999999998]
S_2 [0.1, 0.1, 0.1, 0.1, 0.1, 0.1, 0.1, 0.1, 0.1, 0.1]
Trust scores at iteration 58: [0.0, 0.0, 0.0, 0.0, 0.0, 0.0, 0.0, 0.0, 0.0, 0.0]
Trust scores_s1 at iteration 58: [0.4988907343827689, 0.4988907343827689, 0.4988907343827689, 0.4988907343827689, 0.4988907343827689, 0.4988907343827689, 0.4988907343827689, 0.4988907343827689, 0.4988907343827689, 0.4988907343827689]
Trust scores_s2 at iteration 58: [0.4988907343827689, 0.4988907343827689, 0.4988907343827689, 0.4988907343827689, 0.4988907343827689, 0.4988907343827689, 0.4988907343827689, 0.4988907343827689, 0.4988907343827689, 0.4988907343827689]
X.shape (10, 5)
s1 and s2 score at iteration 58
S_1 [1.0, 1.0, 1.0, 1.0, 1.0, 1.0, 1.0, 1.0, 1.0, 1.0]
S_2 [0.1, 0.1, 0.1, 0.1, 0.1, 0.1, 0.1, 0.1, 0.1, 0.1]
Trust scores at iteration 59: [0.0, 0.0, 0.0, 0.0, 0.0, 0.0, 0.0, 0.0, 0.0, 0.0]
Trust scores_s1 at iteration 59: [0.499001660944492, 0.499001660944492, 0.499001660944492, 0.499001660944492, 0.499001660944492, 0.499001660944492, 0.499001660944492, 0.499001660944492, 0.499001660944492, 0.499001660944492]
Trust scores_s2 at iteration 59: [0.499001660944492, 0.499001660944492, 0.499001660944492, 0.499001660944492, 0.499001660944492, 0.499001660944492, 0.499001660944492, 0.499001660944492, 0.499001660944492, 0.499001660944492]
X.shape (10, 5)
s1 and s2 score at iteration 59
S_1 [1.0, 1.0, 1.0, 1.0, 1.0, 1.0, 1.0, 1.0, 1.0, 1.0]
S_2 [0.1, 0.1, 0.1, 0.1, 0.1, 0.1, 0.1, 0.1, 0.1, 0.1]
Trust scores at iteration 60: [0.0, 0.0, 0.0, 0.0, 0.0, 0.0, 0.0, 0.0, 0.0, 0.0]
Trust scores_s1 at iteration 60: [0.4991014948500428, 0.4991014948500428, 0.4991014948500428, 0.4991014948500428, 0.4991014948500428, 0.4991014948500428, 0.4991014948500428, 0.4991014948500428, 0.4991014948500428, 0.4991014948500428]
Trust scores_s2 at iteration 60: [0.4991014948500428, 0.4991014948500428, 0.4991014948500428, 0.4991014948500428, 0.4991014948500428, 0.4991014948500428, 0.4991014948500428, 0.4991014948500428, 0.4991014948500428, 0.4991014948500428]
X.shape (10, 5)
s1 and s2 score at iteration 60
S_1 [0.47619522755103993, 0.47619522755103993, 0.47619522755103993, 0.47619522755103993, 0.47619522755103993, 0.3718236781632115, 0.3718236781632115, 0.3718236781632115, 0.23641528938037007, 0.4850269850763927]
S_2 [0.16666666666666666, 0.16666666666666666, 0.16666666666666666, 0.16666666666666666, 0.16666666666666666, 0.2, 0.2, 0.2, 0.2, 0.16666666666666666]
Trust scores at iteration 61: [0.014845787046131383, 0.014845787046131383, 0.014845787046131383, 0.014845787046131383, 0.014845787046131383, -0.02333958942415368, -0.02333958942415368, -0.02333958942415368, -0.051257291520979145, 0.01666666666666667]
Trust scores_s1 at iteration 61: [0.4982809055547709, 0.4982809055547709, 0.4982809055547709, 0.4982809055547709, 0.4982809055547709, 0.48752155065296165, 0.48752155065296165, 0.48752155065296165, 0.47356269960454894, 0.4991913453650385]
Trust scores_s2 at iteration 61: [0.49085801203170515, 0.49085801203170515, 0.49085801203170515, 0.49085801203170515, 0.49085801203170515, 0.4991913453650385, 0.4991913453650385, 0.4991913453650385, 0.4991913453650385, 0.49085801203170515]
X.shape (10, 5)
s1 and s2 score at iteration 61
S_1 [0.13160985611934095, 0.13160985611934095, 0.13160985611934095, 0.13160985611934095, 0.13160985611934095, -0.06546703552990343, -0.06546703552990343, -0.06546703552990343, -0.16321021828765725, 0.09191701975968308]
S_2 [0.2, 0.2, 0.2, 0.2, 0.2, 0.2, 0.2, 0.2, 0.2, 0.2]
Trust scores at iteration 62: [0.013361208341518245, 0.013361208341518245, 0.013361208341518245, 0.013361208341518245, 0.013361208341518245, -0.17074889246854522, -0.17074889246854522, -0.17074889246854522, -0.27014219736240463, -0.015159470977359972]
Trust scores_s1 at iteration 62: [0.4984528149992938, 0.4984528149992938, 0.4984528149992938, 0.4984528149992938, 0.4984528149992938, 0.41389776459426203, 0.41389776459426203, 0.41389776459426203, 0.36420111214733236, 0.4841924753398547]
Trust scores_s2 at iteration 62: [0.4917722108285346, 0.4917722108285346, 0.4917722108285346, 0.4917722108285346, 0.4917722108285346, 0.4992722108285347, 0.4992722108285347, 0.4992722108285347, 0.4992722108285347, 0.4917722108285346]
X.shape (10, 5)
s1 and s2 score at iteration 62
S_1 [0.29447251399574814, 0.29447251399574814, 0.29447251399574814, 0.29447251399574814, 0.29447251399574814, 0.15171381898991687, 0.15171381898991687, 0.15171381898991687, 0.0660110309898822, 0.36298981266986874]
S_2 [0.16666666666666666, 0.16666666666666666, 0.16666666666666666, 0.16666666666666666, 0.16666666666666666, 0.2, 0.2, 0.2, 0.2, 0.16666666666666666]
Trust scores at iteration 63: [0.00981593554701406, 0.00981593554701406, 0.00981593554701406, 0.00981593554701406, 0.00981593554701406, -0.21187838976520582, -0.21187838976520582, -0.21187838976520582, -0.32494261024509175, 0.0030231427870426944]
Trust scores_s1 at iteration 63: [0.48916962418585486, 0.48916962418585486, 0.48916962418585486, 0.48916962418585486, 0.48916962418585486, 0.39340579486307825, 0.39340579486307825, 0.39340579486307825, 0.3368736846231354, 0.48577322780586923]
Trust scores_s2 at iteration 63: [0.4842616564123478, 0.4842616564123478, 0.4842616564123478, 0.4842616564123478, 0.4842616564123478, 0.4993449897456812, 0.4993449897456812, 0.4993449897456812, 0.4993449897456812, 0.4842616564123478]
X.shape (10, 5)
s1 and s2 score at iteration 63
S_1 [0.44949238308449707, 0.44949238308449707, 0.44949238308449707, 0.44949238308449707, 0.44949238308449707, 0.4454203638277816, 0.4454203638277816, 0.4454203638277816, 0.03367948851943073, 0.5325594799746103]
S_2 [0.16666666666666666, 0.16666666666666666, 0.16666666666666666, 0.16666666666666666, 0.16666666666666666, 0.2, 0.2, 0.2, 0.2, 0.16666666666666666]
Trust scores at iteration 64: [0.009903296100360824, 0.009903296100360824, 0.009903296100360824, 0.009903296100360824, 0.009903296100360824, -0.2070528763923874, -0.2070528763923874, -0.2070528763923874, -0.38612426904064917, 0.019387495175005095]
Trust scores_s1 at iteration 64: [0.48245380548796013, 0.48245380548796013, 0.48245380548796013, 0.48245380548796013, 0.48245380548796013, 0.3958840525749194, 0.3958840525749194, 0.3958840525749194, 0.30634835625078854, 0.4871959050252823]
Trust scores_s2 at iteration 64: [0.4775021574377797, 0.4775021574377797, 0.4775021574377797, 0.4775021574377797, 0.4775021574377797, 0.4994104907711131, 0.4994104907711131, 0.4994104907711131, 0.4994104907711131, 0.4775021574377797]
X.shape (10, 5)
s1 and s2 score at iteration 64
S_1 [0.2946290257076054, 0.2946290257076054, 0.2946290257076054, 0.2946290257076054, 0.2946290257076054, -0.213920639559163, -0.213920639559163, -0.213920639559163, -0.12438603479127638, 0.14568683979575248]
S_2 [0.16666666666666666, 0.16666666666666666, 0.16666666666666666, 0.16666666666666666, 0.16666666666666666, 0.3333333333333333, 0.3333333333333333, 0.3333333333333333, 0.5, 0.16666666666666666]
Trust scores at iteration 65: [0.07557963315699141, 0.07557963315699141, 0.07557963315699141, 0.07557963315699141, 0.07557963315699141, -0.3256210323812479, -0.3256210323812479, -0.3256210323812479, -0.4897296903246712, 0.033562964019344166]
Trust scores_s1 at iteration 65: [0.4842084249391641, 0.4842084249391641, 0.4842084249391641, 0.4842084249391641, 0.4842084249391641, 0.3199922588367112, 0.3199922588367112, 0.3199922588367112, 0.2546045965316662, 0.46320009037034054]
Trust scores_s2 at iteration 65: [0.4464186083606684, 0.4464186083606684, 0.4464186083606684, 0.4464186083606684, 0.4464186083606684, 0.48280277502733515, 0.48280277502733515, 0.48280277502733515, 0.4994694416940018, 0.4464186083606684]
X.shape (10, 5)
s1 and s2 score at iteration 65
S_1 [0.41243569004051744, 0.41243569004051744, 0.41243569004051744, 0.41243569004051744, 0.41243569004051744, 0.40039919686631137, 0.40039919686631137, 0.40039919686631137, -0.23718646981975422, 0.026708097147414622]
S_2 [0.125, 0.125, 0.125, 0.125, 0.125, 0.125, 0.125, 0.125, 0.2, 0.2]
Trust scores at iteration 66: [0.10552166984129227, 0.10552166984129227, 0.10552166984129227, 0.10552166984129227, 0.10552166984129227, -0.2584773218683074, -0.2584773218683074, -0.2584773218683074, -0.5982654373289886, -0.06331763258444938]
Trust scores_s1 at iteration 66: [0.48578758244524767, 0.48578758244524767, 0.48578758244524767, 0.48578758244524767, 0.48578758244524767, 0.33653383659044794, 0.33653383659044794, 0.33653383659044794, 0.2003897788601073, 0.42011793123237695]
Trust scores_s2 at iteration 66: [0.4330267475246016, 0.4330267475246016, 0.4330267475246016, 0.4330267475246016, 0.4330267475246016, 0.46577249752460165, 0.46577249752460165, 0.46577249752460165, 0.49952249752460165, 0.45177674752460156]
X.shape (10, 5)
s1 and s2 score at iteration 66
S_1 [0.6398129206853453, 0.6398129206853453, 0.6398129206853453, 0.6398129206853453, 0.6398129206853453, 0.6042439686719164, 0.6042439686719164, 0.6042439686719164, -0.6605247651882614, -0.18260876380204719]
S_2 [0.125, 0.125, 0.125, 0.125, 0.125, 0.125, 0.125, 0.125, 0.5, 0.5]
Trust scores at iteration 67: [0.16996950285716303, 0.16996950285716303, 0.16996950285716303, 0.16996950285716303, 0.16996950285716303, -0.16318886347284195, -0.16318886347284195, -0.16318886347284195, -0.7416760655620341, -0.18552683151952232]
Trust scores_s1 at iteration 67: [0.4872088242007229, 0.4872088242007229, 0.4872088242007229, 0.4872088242007229, 0.4872088242007229, 0.3501008160357205, 0.3501008160357205, 0.3501008160357205, 0.12873221499112442, 0.36383565701238035]
Trust scores_s2 at iteration 67: [0.40222407277214145, 0.40222407277214145, 0.40222407277214145, 0.40222407277214145, 0.40222407277214145, 0.4316952477721415, 0.4316952477721415, 0.4316952477721415, 0.4995702477721415, 0.4565990727721414]
X.shape (10, 5)
s1 and s2 score at iteration 67
S_1 [0.4518850621379272, 0.4518850621379272, 0.4518850621379272, 0.4518850621379272, 0.4518850621379272, 0.4270270322722255, 0.4270270322722255, 0.4270270322722255, -0.7063650903322359, -0.48532331120610817]
S_2 [0.125, 0.125, 0.125, 0.125, 0.125, 0.125, 0.125, 0.125, 0.5, 0.5]
Trust scores at iteration 68: [0.22797255257144672, 0.22797255257144672, 0.22797255257144672, 0.22797255257144672, 0.22797255257144672, -0.07737094008018502, -0.07737094008018502, -0.07737094008018502, -0.9238236704426352, -0.3743738727377407]
Trust scores_s1 at iteration 68: [0.48848794178065064, 0.48848794178065064, 0.48848794178065064, 0.48848794178065064, 0.48848794178065064, 0.36234025295483485, 0.36234025295483485, 0.36234025295483485, 0.03770138777360979, 0.273752229126057]
Trust scores_s2 at iteration 68: [0.3745016654949273, 0.3745016654949273, 0.3745016654949273, 0.3745016654949273, 0.3745016654949273, 0.4010257229949274, 0.4010257229949274, 0.4010257229949274, 0.49961322299492733, 0.46093916549492725]
X.shape (10, 5)
s1 and s2 score at iteration 68
S_1 [0.6232512249019183, 0.6232512249019183, 0.6232512249019183, 0.6232512249019183, 0.6232512249019183, 0.5243024699672437, 0.5243024699672437, 0.5243024699672437, -0.2185760466876789, 0.31281840350807616]
S_2 [0.1111111111111111, 0.1111111111111111, 0.1111111111111111, 0.1111111111111111, 0.1111111111111111, 0.1111111111111111, 0.1111111111111111, 0.1111111111111111, 0.5, 0.1111111111111111]
Trust scores at iteration 69: [0.28295307509207984, 0.28295307509207984, 0.28295307509207984, 0.28295307509207984, 0.28295307509207984, -0.007732291393708977, -0.007732291393708977, -0.007732291393708977, -0.9665115989637076, -0.30896732562235024]
Trust scores_s1 at iteration 69: [0.4896391476025856, 0.4896391476025856, 0.4896391476025856, 0.4896391476025856, 0.4896391476025856, 0.36816811610969125, 0.36816811610969125, 0.36816811610969125, 0.016396101213580882, 0.27147269724537065]
Trust scores_s2 at iteration 69: [0.3481626100565457, 0.3481626100565457, 0.3481626100565457, 0.3481626100565457, 0.3481626100565457, 0.3720342618065458, 0.3720342618065458, 0.3720342618065458, 0.4996519006954346, 0.42595636005654564]
X.shape (10, 5)
s1 and s2 score at iteration 69
S_1 [0.12785249490258052, 0.12785249490258052, 0.12785249490258052, 0.12785249490258052, 0.12785249490258052, 0.028233994830120537, 0.028233994830120537, 0.028233994830120537, -0.3490648867648561, -0.09348400920572361]
S_2 [0.2, 0.2, 0.2, 0.2, 0.2, 0.2, 0.2, 0.2, 0.2, 0.2]
Trust scores at iteration 70: [0.25465776758287184, 0.25465776758287184, 0.25465776758287184, 0.25465776758287184, 0.25465776758287184, -0.08487580541086862, -0.08487580541086862, -0.08487580541086862, -1.2428820074229894, -0.4511892359751052]
Trust scores_s1 at iteration 70: [0.490675232842327, 0.490675232842327, 0.490675232842327, 0.490675232842327, 0.490675232842327, 0.34239293292045686, 0.34239293292045686, 0.34239293292045686, -0.12175429308560345, 0.20776610606333862]
Trust scores_s2 at iteration 70: [0.36334634905089114, 0.36334634905089114, 0.36334634905089114, 0.36334634905089114, 0.36334634905089114, 0.3848308356258912, 0.3848308356258912, 0.3848308356258912, 0.4996867106258911, 0.43336072405089104]
X.shape (10, 5)
s1 and s2 score at iteration 70
S_1 [0.09695731981650883, 0.09695731981650883, 0.09695731981650883, 0.09695731981650883, 0.09695731981650883, -0.03656483034541626, -0.03656483034541626, -0.03656483034541626, -0.21891730380941032, 0.078844846387454]
S_2 [0.2, 0.2, 0.2, 0.2, 0.2, 0.2, 0.2, 0.2, 0.2, 0.2]
Trust scores at iteration 71: [0.22919199082458466, 0.22919199082458466, 0.22919199082458466, 0.22919199082458466, 0.22919199082458466, -0.21410051973788966, -0.21410051973788966, -0.21410051973788966, -1.444381095586479, -0.42475118501653786]
Trust scores_s1 at iteration 71: [0.4916077095580943, 0.4916077095580943, 0.4916077095580943, 0.4916077095580943, 0.4916077095580943, 0.28929749219435724, 0.28929749219435724, 0.28929749219435724, -0.22247250822993744, 0.22764905913753317]
Trust scores_s2 at iteration 71: [0.37701171414580203, 0.37701171414580203, 0.37701171414580203, 0.37701171414580203, 0.37701171414580203, 0.3963477520633021, 0.3963477520633021, 0.3963477520633021, 0.49971803956330196, 0.44002465164580196]
X.shape (10, 5)
s1 and s2 score at iteration 71
S_1 [0.38784976053027975, 0.38784976053027975, 0.38784976053027975, 0.38784976053027975, 0.38784976053027975, 0.2551944505483492, 0.2551944505483492, 0.2551944505483492, -0.493695141076223, -0.34029203947450504]
S_2 [0.125, 0.125, 0.125, 0.125, 0.125, 0.125, 0.125, 0.125, 0.5, 0.5]
Trust scores at iteration 72: [0.28127279174212616, 0.28127279174212616, 0.28127279174212616, 0.28127279174212616, 0.28127279174212616, -0.1518932244708627, -0.1518932244708627, -0.1518932244708627, -1.527233290500684, -0.5700141739225688]
Trust scores_s1 at iteration 72: [0.4924469386022849, 0.4924469386022849, 0.4924469386022849, 0.4924469386022849, 0.4924469386022849, 0.29326636462154054, 0.29326636462154054, 0.29326636462154054, -0.26387040964337, 0.16101509951993748]
Trust scores_s2 at iteration 72: [0.35181054273122186, 0.35181054273122186, 0.35181054273122186, 0.35181054273122186, 0.35181054273122186, 0.3692129768569719, 0.3692129768569719, 0.3692129768569719, 0.4997462356069718, 0.44602218648122177]
X.shape (10, 5)
s1 and s2 score at iteration 72
S_1 [0.07641669517289412, 0.07641669517289412, 0.07641669517289412, 0.07641669517289412, 0.07641669517289412, 0.04797401508449146, 0.04797401508449146, 0.04797401508449146, 0.077674337421732, -0.2408194706728309]
S_2 [0.2, 0.2, 0.2, 0.2, 0.2, 0.2, 0.2, 0.2, 0.2, 0.2]
Trust scores at iteration 73: [0.25152639061517706, 0.25152639061517706, 0.25152639061517706, 0.25152639061517706, 0.25152639061517706, -0.1749408839190747, -0.1749408839190747, -0.1749408839190747, -1.3745099614506155, -0.9230501236536439]
Trust scores_s1 at iteration 73: [0.4923926837656881, 0.4923926837656881, 0.4923926837656881, 0.4923926837656881, 0.4923926837656881, 0.29482123721173736, 0.29482123721173736, 0.29482123721173736, -0.187483368679033, -0.010105093993722225]
Trust scores_s2 at iteration 73: [0.3666294884580997, 0.3666294884580997, 0.3666294884580997, 0.3666294884580997, 0.3666294884580997, 0.3822916791712747, 0.3822916791712747, 0.3822916791712747, 0.4997716120462746, 0.45141996783309957]
X.shape (10, 5)
s1 and s2 score at iteration 73
S_1 [0.1212458320107516, 0.1212458320107516, 0.1212458320107516, 0.1212458320107516, 0.1212458320107516, -0.09641245464069269, -0.09641245464069269, -0.09641245464069269, -0.3844046587724683, -0.3221044747890334]
S_2 [0.2, 0.2, 0.2, 0.2, 0.2, 0.3333333333333333, 0.3333333333333333, 0.3333333333333333, 0.5, 0.5]
Trust scores at iteration 74: [0.28637375155365935, 0.28637375155365935, 0.28637375155365935, 0.28637375155365935, 0.28637375155365935, -0.30363162215181344, -0.30363162215181344, -0.30363162215181344, -1.6541046339256353, -1.1964074185587434]
Trust scores_s1 at iteration 74: [0.49315341538911933, 0.49315341538911933, 0.49315341538911933, 0.49315341538911933, 0.49315341538911933, 0.22558003351157388, 0.22558003351157388, 0.22558003351157388, -0.32725786612117047, -0.14192573822958193]
Trust scores_s2 at iteration 74: [0.34996653961228974, 0.34996653961228974, 0.34996653961228974, 0.34996653961228974, 0.34996653961228974, 0.3773958445874806, 0.3773958445874806, 0.3773958445874806, 0.49979445084164714, 0.4562779710497896]
X.shape (10, 5)
s1 and s2 score at iteration 74
S_1 [0.5622933672573391, 0.5622933672573391, 0.5622933672573391, 0.5622933672573391, 0.5622933672573391, 0.3399344027827125, 0.3399344027827125, 0.3399344027827125, -0.5039697544017012, -0.007810833976261786]
S_2 [0.125, 0.125, 0.125, 0.125, 0.125, 0.125, 0.125, 0.125, 0.5, 0.16666666666666666]
Trust scores at iteration 75: [0.33273637639829345, 0.33273637639829345, 0.33273637639829345, 0.33273637639829345, 0.33273637639829345, -0.23781346925431485, -0.23781346925431485, -0.23781346925431485, -1.6783217179572716, -1.1114891130260458]
Trust scores_s1 at iteration 75: [0.4938380738502074, 0.4938380738502074, 0.4938380738502074, 0.4938380738502074, 0.4938380738502074, 0.23324952550157513, 0.23324952550157513, 0.23324952550157513, -0.3393458532211533, -0.12842771590154536]
Trust scores_s2 at iteration 75: [0.3274698856510608, 0.3274698856510608, 0.3274698856510608, 0.3274698856510608, 0.3274698856510608, 0.3521562601287326, 0.3521562601287326, 0.3521562601287326, 0.49981500575748244, 0.42731684061147734]
X.shape (10, 5)
s1 and s2 score at iteration 75
S_1 [0.5588170694856742, 0.5588170694856742, 0.5588170694856742, 0.5588170694856742, 0.5588170694856742, 0.5721639848754678, 0.5721639848754678, 0.5721639848754678, -0.3883878229511588, -0.29790221317376697]
S_2 [0.125, 0.125, 0.125, 0.125, 0.125, 0.125, 0.125, 0.125, 0.5, 0.5]
Trust scores at iteration 76: [0.3721300306987811, 0.3721300306987811, 0.3721300306987811, 0.3721300306987811, 0.3721300306987811, -0.13903212232888337, -0.13903212232888337, -0.13903212232888337, -1.6783700547600875, -1.1524060816195003]
Trust scores_s1 at iteration 76: [0.49328791243534514, 0.49328791243534514, 0.49328791243534514, 0.49328791243534514, 0.49328791243534514, 0.2599245729514176, 0.2599245729514176, 0.2599245729514176, -0.33935152219830955, -0.14161788425942037]
Trust scores_s2 at iteration 76: [0.30722289708595474, 0.30722289708595474, 0.30722289708595474, 0.30722289708595474, 0.30722289708595474, 0.32944063411585933, 0.32944063411585933, 0.32944063411585933, 0.4998335051817342, 0.4345851565503296]
X.shape (10, 5)
s1 and s2 score at iteration 76
S_1 [0.2552325571888743, 0.2552325571888743, 0.2552325571888743, 0.2552325571888743, 0.2552325571888743, -0.17806866565467944, -0.17806866565467944, -0.17806866565467944, 0.07700479659994358, -0.072303527951685]
S_2 [0.16666666666666666, 0.16666666666666666, 0.16666666666666666, 0.16666666666666666, 0.16666666666666666, 0.3333333333333333, 0.3333333333333333, 0.3333333333333333, 0.5, 0.16666666666666666]
Trust scores at iteration 77: [0.4015836942955696, 0.4015836942955696, 0.4015836942955696, 0.4015836942955696, 0.4015836942955696, -0.26156279910134905, -0.26156279910134905, -0.26156279910134905, -1.5803626049457573, -1.0988272962077648]
Trust scores_s1 at iteration 77: [0.4939591211918106, 0.4939591211918106, 0.4939591211918106, 0.4939591211918106, 0.4939591211918106, 0.19904850448693212, 0.19904850448693212, 0.19904850448693212, -0.2903311478093179, -0.14162034054191883]
Trust scores_s2 at iteration 77: [0.2931672740440259, 0.2931672740440259, 0.2931672740440259, 0.2931672740440259, 0.2931672740440259, 0.32982990403760676, 0.32982990403760676, 0.32982990403760676, 0.49985015466356075, 0.4077933075619633]
X.shape (10, 5)
s1 and s2 score at iteration 77
S_1 [0.7580215641545835, 0.7580215641545835, 0.7580215641545835, 0.7580215641545835, 0.7580215641545835, 0.8084046999950601, 0.8084046999950601, 0.8084046999950601, 0.082286949417748, 0.5412353507013177]
S_2 [0.1111111111111111, 0.1111111111111111, 0.1111111111111111, 0.1111111111111111, 0.1111111111111111, 0.1111111111111111, 0.1111111111111111, 0.1111111111111111, 0.2, 0.1111111111111111]
Trust scores at iteration 78: [0.3996373543033716, 0.3996373543033716, 0.3996373543033716, 0.3996373543033716, 0.3996373543033716, -0.1909620747467697, -0.1909620747467697, -0.1909620747467697, -1.5121474143412688, -0.9775490825574665]
Trust scores_s1 at iteration 78: [0.4914470015690868, 0.4914470015690868, 0.4914470015690868, 0.4914470015690868, 0.4914470015690868, 0.22914365403823891, 0.22914365403823891, 0.22914365403823891, -0.25620856797342967, -0.09398278669518832]
Trust scores_s2 at iteration 78: [0.2916283244174011, 0.2916283244174011, 0.2916283244174011, 0.2916283244174011, 0.2916283244174011, 0.32462469141162387, 0.32462469141162387, 0.32462469141162387, 0.49986513919720466, 0.39479175458354476]
X.shape (10, 5)
s1 and s2 score at iteration 78
S_1 [0.6248361224874043, 0.6248361224874043, 0.6248361224874043, 0.6248361224874043, 0.6248361224874043, 0.6491351195547923, 0.6491351195547923, 0.6491351195547923, -0.06440670940620047, 0.2706454874182303]
S_2 [0.1111111111111111, 0.1111111111111111, 0.1111111111111111, 0.1111111111111111, 0.1111111111111111, 0.1111111111111111, 0.1111111111111111, 0.1111111111111111, 0.2, 0.1111111111111111]
Trust scores at iteration 79: [0.4003747753123478, 0.4003747753123478, 0.4003747753123478, 0.4003747753123478, 0.4003747753123478, -0.1274214228276483, -0.1274214228276483, -0.1274214228276483, -1.4708545994007158, -0.8936564861449569]
Trust scores_s1 at iteration 79: [0.49043065740961256, 0.49043065740961256, 0.49043065740961256, 0.49043065740961256, 0.49043065740961256, 0.256229288634415, 0.256229288634415, 0.256229288634415, -0.23554867442287372, -0.0637378861695102]
Trust scores_s2 at iteration 79: [0.2902432697534388, 0.2902432697534388, 0.2902432697534388, 0.2902432697534388, 0.2902432697534388, 0.3199400000482393, 0.3199400000482393, 0.3199400000482393, 0.49987862527748417, 0.3830903569029681]
X.shape (10, 5)
s1 and s2 score at iteration 79
S_1 [0.27677336978688166, 0.27677336978688166, 0.27677336978688166, 0.27677336978688166, 0.27677336978688166, 0.2423356338938015, 0.2423356338938015, 0.2423356338938015, -0.16249401140534486, -0.3133370781018657]
S_2 [0.2, 0.2, 0.2, 0.2, 0.2, 0.25, 0.25, 0.25, 0.25, 0.5]
Trust scores at iteration 80: [0.420337297781113, 0.420337297781113, 0.420337297781113, 0.420337297781113, 0.420337297781113, -0.07712185618704065, -0.07712185618704065, -0.07712185618704065, -1.4324792717000527, -1.0175015406928132]
Trust scores_s1 at iteration 80: [0.4913875916686513, 0.4913875916686513, 0.4913875916686513, 0.4913875916686513, 0.4913875916686513, 0.2743850719498949, 0.2743850719498949, 0.2743850719498949, -0.24134887310029052, -0.11396944913373522]
Trust scores_s2 at iteration 80: [0.28121894277809495, 0.28121894277809495, 0.28121894277809495, 0.28121894277809495, 0.28121894277809495, 0.31294600004341533, 0.31294600004341533, 0.31294600004341533, 0.47489076274973574, 0.3947813212126713]
X.shape (10, 5)
s1 and s2 score at iteration 80
S_1 [0.19186341134444493, 0.19186341134444493, 0.19186341134444493, 0.19186341134444493, 0.19186341134444493, -0.3447141113011662, -0.3447141113011662, -0.3447141113011662, 0.21924588970859998, 0.008058980430218207]
S_2 [0.16666666666666666, 0.16666666666666666, 0.16666666666666666, 0.16666666666666666, 0.16666666666666666, 0.3333333333333333, 0.3333333333333333, 0.3333333333333333, 0.16666666666666666, 0.5]
Trust scores at iteration 81: [0.4324808427816155, 0.4324808427816155, 0.4324808427816155, 0.4324808427816155, 0.4324808427816155, -0.2933035088637741, -0.2933035088637741, -0.2933035088637741, -1.2225646778633807, -1.0120756139826266]
Trust scores_s1 at iteration 81: [0.4860041365577598, 0.4860041365577598, 0.4860041365577598, 0.4860041365577598, 0.4860041365577598, 0.16833297894052002, 0.16833297894052002, 0.16833297894052002, -0.16721398579026148, -0.10073461789990903]
Trust scores_s2 at iteration 81: [0.26976371516695213, 0.26976371516695213, 0.26976371516695213, 0.26976371516695213, 0.26976371516695213, 0.3149847333724071, 0.3149847333724071, 0.3149847333724071, 0.44406835314142884, 0.40530318909140417]
X.shape (10, 5)
s1 and s2 score at iteration 81
S_1 [1.0, 1.0, 1.0, 1.0, 1.0, 1.0, 1.0, 1.0, 1.0, 1.0]
S_2 [0.1, 0.1, 0.1, 0.1, 0.1, 0.1, 0.1, 0.1, 0.1, 0.1]
Trust scores at iteration 82: [0.38923275850345396, 0.38923275850345396, 0.38923275850345396, 0.38923275850345396, 0.38923275850345396, -0.2639731579773967, -0.2639731579773967, -0.2639731579773967, -1.1003082100770427, -0.910868052584364]
Trust scores_s1 at iteration 82: [0.4874037229019838, 0.4874037229019838, 0.4874037229019838, 0.4874037229019838, 0.4874037229019838, 0.201499681046468, 0.201499681046468, 0.201499681046468, -0.10049258721123536, -0.04066115610991815]
Trust scores_s2 at iteration 82: [0.29278734365025694, 0.29278734365025694, 0.29278734365025694, 0.29278734365025694, 0.29278734365025694, 0.3334862600351664, 0.3334862600351664, 0.3334862600351664, 0.449661517827286, 0.4147728701822638]
X.shape (10, 5)
s1 and s2 score at iteration 82
S_1 [1.0, 1.0, 1.0, 1.0, 1.0, 1.0, 1.0, 1.0, 1.0, 1.0]
S_2 [0.1, 0.1, 0.1, 0.1, 0.1, 0.1, 0.1, 0.1, 0.1, 0.1]
Trust scores at iteration 83: [0.3503094826531086, 0.3503094826531086, 0.3503094826531086, 0.3503094826531086, 0.3503094826531086, -0.23757584217965702, -0.23757584217965702, -0.23757584217965702, -0.9902773890693385, -0.8197812473259276]
Trust scores_s1 at iteration 83: [0.4886633506117854, 0.4886633506117854, 0.4886633506117854, 0.4886633506117854, 0.4886633506117854, 0.2313497129418212, 0.2313497129418212, 0.2313497129418212, -0.04044332849011184, 0.013404959501073656]
Trust scores_s2 at iteration 83: [0.3135086092852312, 0.3135086092852312, 0.3135086092852312, 0.3135086092852312, 0.3135086092852312, 0.35013763403164977, 0.35013763403164977, 0.35013763403164977, 0.45469536604455735, 0.42329558316403737]
X.shape (10, 5)
s1 and s2 score at iteration 83
S_1 [1.0, 1.0, 1.0, 1.0, 1.0, 1.0, 1.0, 1.0, 1.0, 1.0]
S_2 [0.1, 0.1, 0.1, 0.1, 0.1, 0.1, 0.1, 0.1, 0.1, 0.1]
Trust scores at iteration 84: [0.31527853438779774, 0.31527853438779774, 0.31527853438779774, 0.31527853438779774, 0.31527853438779774, -0.21381825796169132, -0.21381825796169132, -0.21381825796169132, -0.8912496501624046, -0.7378031225933349]
Trust scores_s1 at iteration 84: [0.48979701555060684, 0.48979701555060684, 0.48979701555060684, 0.48979701555060684, 0.48979701555060684, 0.258214741647639, 0.258214741647639, 0.258214741647639, 0.013601004358899334, 0.06206446355096628]
Trust scores_s2 at iteration 84: [0.3321577483567081, 0.3321577483567081, 0.3321577483567081, 0.3321577483567081, 0.3321577483567081, 0.3651238706284848, 0.3651238706284848, 0.3651238706284848, 0.4592258294401016, 0.43096602484763363]
X.shape (10, 5)
s1 and s2 score at iteration 84
S_1 [0.9999999999999998, 0.9999999999999998, 0.9999999999999998, 0.9999999999999998, 0.9999999999999998, 0.9999999999999998, 0.9999999999999998, 0.9999999999999998, 0.9999999999999998, 0.9999999999999998]
S_2 [0.1, 0.1, 0.1, 0.1, 0.1, 0.1, 0.1, 0.1, 0.1, 0.1]
Trust scores at iteration 85: [0.28375068094901795, 0.28375068094901795, 0.28375068094901795, 0.28375068094901795, 0.28375068094901795, -0.1924364321655222, -0.1924364321655222, -0.1924364321655222, -0.8021246851461642, -0.6640228103340015]
Trust scores_s1 at iteration 85: [0.4908173139955462, 0.4908173139955462, 0.4908173139955462, 0.4908173139955462, 0.4908173139955462, 0.2823932674828751, 0.2823932674828751, 0.2823932674828751, 0.06224090392300939, 0.10585801719586964]
Trust scores_s2 at iteration 85: [0.3489419735210373, 0.3489419735210373, 0.3489419735210373, 0.3489419735210373, 0.3489419735210373, 0.3786114835656363, 0.3786114835656363, 0.3786114835656363, 0.46330324649609145, 0.43786942236287024]
X.shape (10, 5)
s1 and s2 score at iteration 85
S_1 [1.0, 1.0, 1.0, 1.0, 1.0, 1.0, 1.0, 1.0, 1.0, 1.0]
S_2 [0.1, 0.1, 0.1, 0.1, 0.1, 0.1, 0.1, 0.1, 0.1, 0.1]
Trust scores at iteration 86: [0.25537561285411614, 0.25537561285411614, 0.25537561285411614, 0.25537561285411614, 0.25537561285411614, -0.17319278894896997, -0.17319278894896997, -0.17319278894896997, -0.7219122166315478, -0.5976205293006013]
Trust scores_s1 at iteration 86: [0.49173558259599154, 0.49173558259599154, 0.49173558259599154, 0.49173558259599154, 0.49173558259599154, 0.30415394073458757, 0.30415394073458757, 0.30415394073458757, 0.10601681353070844, 0.14527221547628266]
Trust scores_s2 at iteration 86: [0.3640477761689336, 0.3640477761689336, 0.3640477761689336, 0.3640477761689336, 0.3640477761689336, 0.39075033520907265, 0.39075033520907265, 0.39075033520907265, 0.4669729218464823, 0.4440824801265832]
X.shape (10, 5)
s1 and s2 score at iteration 86
S_1 [0.9999999999999998, 0.9999999999999998, 0.9999999999999998, 0.9999999999999998, 0.9999999999999998, 0.9999999999999998, 0.9999999999999998, 0.9999999999999998, 0.9999999999999998, 0.9999999999999998]
S_2 [0.1, 0.1, 0.1, 0.1, 0.1, 0.1, 0.1, 0.1, 0.1, 0.1]
Trust scores at iteration 87: [0.22983805156870454, 0.22983805156870454, 0.22983805156870454, 0.22983805156870454, 0.22983805156870454, -0.155873510054073, -0.155873510054073, -0.155873510054073, -0.6497209949683931, -0.5378584763705412]
Trust scores_s1 at iteration 87: [0.4925620243363924, 0.4925620243363924, 0.4925620243363924, 0.4925620243363924, 0.4925620243363924, 0.32373854666112883, 0.32373854666112883, 0.32373854666112883, 0.14541513217763757, 0.1807449939286544]
Trust scores_s2 at iteration 87: [0.3776429985520402, 0.3776429985520402, 0.3776429985520402, 0.3776429985520402, 0.3776429985520402, 0.4016753016881654, 0.4016753016881654, 0.4016753016881654, 0.47027562966183406, 0.4496742321139249]
X.shape (10, 5)
s1 and s2 score at iteration 87
S_1 [0.9999999999999998, 0.9999999999999998, 0.9999999999999998, 0.9999999999999998, 0.9999999999999998, 0.9999999999999998, 0.9999999999999998, 0.9999999999999998, 0.9999999999999998, 0.9999999999999998]
S_2 [0.1, 0.1, 0.1, 0.1, 0.1, 0.1, 0.1, 0.1, 0.1, 0.1]
Trust scores at iteration 88: [0.2068542464118341, 0.2068542464118341, 0.2068542464118341, 0.2068542464118341, 0.2068542464118341, -0.1402861590486657, -0.1402861590486657, -0.1402861590486657, -0.5847488954715538, -0.48407262873348705]
Trust scores_s1 at iteration 88: [0.4933058219027532, 0.4933058219027532, 0.4933058219027532, 0.4933058219027532, 0.4933058219027532, 0.34136469199501596, 0.34136469199501596, 0.34136469199501596, 0.1808736189598738, 0.21267049453578896]
Trust scores_s2 at iteration 88: [0.38987869869683617, 0.38987869869683617, 0.38987869869683617, 0.38987869869683617, 0.38987869869683617, 0.41150777151934886, 0.41150777151934886, 0.41150777151934886, 0.47324806669565067, 0.4547068089025324]
X.shape (10, 5)
s1 and s2 score at iteration 88
S_1 [1.0, 1.0, 1.0, 1.0, 1.0, 1.0, 1.0, 1.0, 1.0, 1.0]
S_2 [0.1, 0.1, 0.1, 0.1, 0.1, 0.1, 0.1, 0.1, 0.1, 0.1]
Trust scores at iteration 89: [0.1861688217706507, 0.1861688217706507, 0.1861688217706507, 0.1861688217706507, 0.1861688217706507, -0.12625754314379914, -0.12625754314379914, -0.12625754314379914, -0.5262740059243984, -0.4356653658601384]
Trust scores_s1 at iteration 89: [0.49397523971247786, 0.49397523971247786, 0.49397523971247786, 0.49397523971247786, 0.49397523971247786, 0.35722822279551436, 0.35722822279551436, 0.35722822279551436, 0.21278625706388643, 0.24140344508221007]
Trust scores_s2 at iteration 89: [0.40089082882715255, 0.40089082882715255, 0.40089082882715255, 0.40089082882715255, 0.40089082882715255, 0.42035699436741397, 0.42035699436741397, 0.42035699436741397, 0.4759232600260856, 0.45923612801227914]
X.shape (10, 5)
s1 and s2 score at iteration 89
S_1 [0.9999999999999998, 0.9999999999999998, 0.9999999999999998, 0.9999999999999998, 0.9999999999999998, 0.9999999999999998, 0.9999999999999998, 0.9999999999999998, 0.9999999999999998, 0.9999999999999998]
S_2 [0.1, 0.1, 0.1, 0.1, 0.1, 0.1, 0.1, 0.1, 0.1, 0.1]
Trust scores at iteration 90: [0.16755193959358564, 0.16755193959358564, 0.16755193959358564, 0.16755193959358564, 0.16755193959358564, -0.11363178882941923, -0.11363178882941923, -0.11363178882941923, -0.4736466053319586, -0.39209882927412454]
Trust scores_s1 at iteration 90: [0.49457771574123005, 0.49457771574123005, 0.49457771574123005, 0.49457771574123005, 0.49457771574123005, 0.3715054005159629, 0.3715054005159629, 0.3715054005159629, 0.24150763135749778, 0.26726310057398905]
Trust scores_s2 at iteration 90: [0.4108017459444373, 0.4108017459444373, 0.4108017459444373, 0.4108017459444373, 0.4108017459444373, 0.42832129493067256, 0.42832129493067256, 0.42832129493067256, 0.47833093402347704, 0.4633125152110512]
X.shape (10, 5)
s1 and s2 score at iteration 90
S_1 [1.0, 1.0, 1.0, 1.0, 1.0, 1.0, 1.0, 1.0, 1.0, 1.0]
S_2 [0.1, 0.1, 0.1, 0.1, 0.1, 0.1, 0.1, 0.1, 0.1, 0.1]
Trust scores at iteration 91: [0.15079674563422707, 0.15079674563422707, 0.15079674563422707, 0.15079674563422707, 0.15079674563422707, -0.10226860994647731, -0.10226860994647731, -0.10226860994647731, -0.42628194479876275, -0.3528889463467121]
Trust scores_s1 at iteration 91: [0.49511994416710703, 0.49511994416710703, 0.49511994416710703, 0.49511994416710703, 0.49511994416710703, 0.3843548604643666, 0.3843548604643666, 0.3843548604643666, 0.267356868221748, 0.29053679051659015]
Trust scores_s2 at iteration 91: [0.41972157134999355, 0.41972157134999355, 0.41972157134999355, 0.41972157134999355, 0.41972157134999355, 0.4354891654376053, 0.4354891654376053, 0.4354891654376053, 0.4804978406211293, 0.4669812636899461]
X.shape (10, 5)
s1 and s2 score at iteration 91
S_1 [1.0, 1.0, 1.0, 1.0, 1.0, 1.0, 1.0, 1.0, 1.0, 1.0]
S_2 [0.1, 0.1, 0.1, 0.1, 0.1, 0.1, 0.1, 0.1, 0.1, 0.1]
Trust scores at iteration 92: [0.13571707107080436, 0.13571707107080436, 0.13571707107080436, 0.13571707107080436, 0.13571707107080436, -0.09204174895182958, -0.09204174895182958, -0.09204174895182958, -0.3836537503188865, -0.31760005171204087]
Trust scores_s1 at iteration 92: [0.49560794975039635, 0.49560794975039635, 0.49560794975039635, 0.49560794975039635, 0.49560794975039635, 0.39591937441792996, 0.39591937441792996, 0.39591937441792996, 0.29062118139957316, 0.31148311146493113]
Trust scores_s2 at iteration 92: [0.4277494142149942, 0.4277494142149942, 0.4277494142149942, 0.4277494142149942, 0.4277494142149942, 0.44194024889384476, 0.44194024889384476, 0.44194024889384476, 0.4824480565590164, 0.47028313732095145]
X.shape (10, 5)
s1 and s2 score at iteration 92
S_1 [1.0, 1.0, 1.0, 1.0, 1.0, 1.0, 1.0, 1.0, 1.0, 1.0]
S_2 [0.1, 0.1, 0.1, 0.1, 0.1, 0.1, 0.1, 0.1, 0.1, 0.1]
Trust scores at iteration 93: [0.12214536396372393, 0.12214536396372393, 0.12214536396372393, 0.12214536396372393, 0.12214536396372393, -0.08283757405664663, -0.08283757405664663, -0.08283757405664663, -0.34528837528699785, -0.2858400465408368]
Trust scores_s1 at iteration 93: [0.4960471547753567, 0.4960471547753567, 0.4960471547753567, 0.4960471547753567, 0.4960471547753567, 0.40632743697613694, 0.40632743697613694, 0.40632743697613694, 0.31155906325961585, 0.33033480031843804]
Trust scores_s2 at iteration 93: [0.43497447279349477, 0.43497447279349477, 0.43497447279349477, 0.43497447279349477, 0.43497447279349477, 0.4477462240044603, 0.4477462240044603, 0.4477462240044603, 0.4842032509031148, 0.4732548235888563]
X.shape (10, 5)
s1 and s2 score at iteration 93
S_1 [1.0, 1.0, 1.0, 1.0, 1.0, 1.0, 1.0, 1.0, 1.0, 1.0]
S_2 [0.1, 0.1, 0.1, 0.1, 0.1, 0.1, 0.1, 0.1, 0.1, 0.1]
Trust scores at iteration 94: [0.10993082756735154, 0.10993082756735154, 0.10993082756735154, 0.10993082756735154, 0.10993082756735154, -0.07455381665098197, -0.07455381665098197, -0.07455381665098197, -0.31075953775829807, -0.2572560418867531]
Trust scores_s1 at iteration 94: [0.49644243929782106, 0.49644243929782106, 0.49644243929782106, 0.49644243929782106, 0.49644243929782106, 0.41569469327852326, 0.41569469327852326, 0.41569469327852326, 0.33040315693365424, 0.3473013202865942]
Trust scores_s2 at iteration 94: [0.4414770255141453, 0.4414770255141453, 0.4414770255141453, 0.4414770255141453, 0.4414770255141453, 0.4529716016040143, 0.4529716016040143, 0.4529716016040143, 0.4857829258128033, 0.47592934122997066]
X.shape (10, 5)
s1 and s2 score at iteration 94
S_1 [1.0, 1.0, 1.0, 1.0, 1.0, 1.0, 1.0, 1.0, 1.0, 1.0]
S_2 [0.1, 0.1, 0.1, 0.1, 0.1, 0.1, 0.1, 0.1, 0.1, 0.1]
Trust scores at iteration 95: [0.09893774481061639, 0.09893774481061639, 0.09893774481061639, 0.09893774481061639, 0.09893774481061639, -0.06709843498588378, -0.06709843498588378, -0.06709843498588378, -0.2796835839824683, -0.2315304376980778]
Trust scores_s1 at iteration 95: [0.49679819536803893, 0.49679819536803893, 0.49679819536803893, 0.49679819536803893, 0.49679819536803893, 0.4241252239506709, 0.4241252239506709, 0.4241252239506709, 0.3473628412402888, 0.3625711882579348]
Trust scores_s2 at iteration 95: [0.44732932296273076, 0.44732932296273076, 0.44732932296273076, 0.44732932296273076, 0.44732932296273076, 0.45767444144361286, 0.45767444144361286, 0.45767444144361286, 0.48720463323152297, 0.4783364071069736]
X.shape (10, 5)
s1 and s2 score at iteration 95
S_1 [1.0, 1.0, 1.0, 1.0, 1.0, 1.0, 1.0, 1.0, 1.0, 1.0]
S_2 [0.1, 0.1, 0.1, 0.1, 0.1, 0.1, 0.1, 0.1, 0.1, 0.1]
Trust scores at iteration 96: [0.08904397032955474, 0.08904397032955474, 0.08904397032955474, 0.08904397032955474, 0.08904397032955474, -0.0603885914872954, -0.0603885914872954, -0.0603885914872954, -0.2517152255842215, -0.20837739392827]
Trust scores_s1 at iteration 96: [0.497118375831235, 0.497118375831235, 0.497118375831235, 0.497118375831235, 0.497118375831235, 0.4317127015556038, 0.4317127015556038, 0.4317127015556038, 0.36262655711625996, 0.3763140694321413]
Trust scores_s2 at iteration 96: [0.4525963906664577, 0.4525963906664577, 0.4525963906664577, 0.4525963906664577, 0.4525963906664577, 0.46190699729925155, 0.46190699729925155, 0.46190699729925155, 0.4884841699083707, 0.48050276639627626]
X.shape (10, 5)
s1 and s2 score at iteration 96
S_1 [1.0, 1.0, 1.0, 1.0, 1.0, 1.0, 1.0, 1.0, 1.0, 1.0]
S_2 [0.1, 0.1, 0.1, 0.1, 0.1, 0.1, 0.1, 0.1, 0.1, 0.1]
Trust scores at iteration 97: [0.08013957329659928, 0.08013957329659928, 0.08013957329659928, 0.08013957329659928, 0.08013957329659928, -0.05434973233856586, -0.05434973233856586, -0.05434973233856586, -0.22654370302579935, -0.18753965453544302]
Trust scores_s1 at iteration 97: [0.49740653824811154, 0.49740653824811154, 0.49740653824811154, 0.49740653824811154, 0.49740653824811154, 0.4385414314000434, 0.4385414314000434, 0.4385414314000434, 0.37636390140463394, 0.3886826624889272]
Trust scores_s2 at iteration 97: [0.4573367515998119, 0.4573367515998119, 0.4573367515998119, 0.4573367515998119, 0.4573367515998119, 0.4657162975693264, 0.4657162975693264, 0.4657162975693264, 0.4896357529175336, 0.4824524897566486]
X.shape (10, 5)
s1 and s2 score at iteration 97
S_1 [1.0, 1.0, 1.0, 1.0, 1.0, 1.0, 1.0, 1.0, 1.0, 1.0]
S_2 [0.1, 0.1, 0.1, 0.1, 0.1, 0.1, 0.1, 0.1, 0.1, 0.1]
Trust scores at iteration 98: [0.07212561596693935, 0.07212561596693935, 0.07212561596693935, 0.07212561596693935, 0.07212561596693935, -0.04891475910470928, -0.04891475910470928, -0.04891475910470928, -0.2038893327232194, -0.16878568908189873]
Trust scores_s1 at iteration 98: [0.4976658844233004, 0.4976658844233004, 0.4976658844233004, 0.4976658844233004, 0.4976658844233004, 0.44468728826003906, 0.44468728826003906, 0.44468728826003906, 0.38872751126417054, 0.39981439624003445]
Trust scores_s2 at iteration 98: [0.46160307643983073, 0.46160307643983073, 0.46160307643983073, 0.46160307643983073, 0.46160307643983073, 0.4691446678123938, 0.4691446678123938, 0.4691446678123938, 0.49067217762578025, 0.48420724078098376]
X.shape (10, 5)
s1 and s2 score at iteration 98
S_1 [1.0, 1.0, 1.0, 1.0, 1.0, 1.0, 1.0, 1.0, 1.0, 1.0]
S_2 [0.1, 0.1, 0.1, 0.1, 0.1, 0.1, 0.1, 0.1, 0.1, 0.1]
Trust scores at iteration 99: [0.06491305437024542, 0.06491305437024542, 0.06491305437024542, 0.06491305437024542, 0.06491305437024542, -0.04402328319423835, -0.04402328319423835, -0.04402328319423835, -0.18350039945089747, -0.15190712017370886]
Trust scores_s1 at iteration 99: [0.4978992959809704, 0.4978992959809704, 0.4978992959809704, 0.4978992959809704, 0.4978992959809704, 0.45021855943403516, 0.45021855943403516, 0.45021855943403516, 0.3998547601377535, 0.40983295661603103]
Trust scores_s2 at iteration 99: [0.4654427687958477, 0.4654427687958477, 0.4654427687958477, 0.4654427687958477, 0.4654427687958477, 0.4722302010311544, 0.4722302010311544, 0.4722302010311544, 0.49160495986320224, 0.48578651670288536]
X.shape (10, 5)
s1 and s2 score at iteration 99
S_1 [1.0, 1.0, 1.0, 1.0, 1.0, 1.0, 1.0, 1.0, 1.0, 1.0]
S_2 [0.1, 0.1, 0.1, 0.1, 0.1, 0.1, 0.1, 0.1, 0.1, 0.1]
Trust scores at iteration 100: [0.05842174893322088, 0.05842174893322088, 0.05842174893322088, 0.05842174893322088, 0.05842174893322088, -0.03962095487481452, -0.03962095487481452, -0.03962095487481452, -0.16515035950580773, -0.13671640815633798]
Trust scores_s1 at iteration 100: [0.49810936638287334, 0.49810936638287334, 0.49810936638287334, 0.49810936638287334, 0.49810936638287334, 0.4551967034906316, 0.4551967034906316, 0.4551967034906316, 0.40986928412397816, 0.41884966095442794]
Trust scores_s2 at iteration 100: [0.4688984919162629, 0.4688984919162629, 0.4688984919162629, 0.4688984919162629, 0.4688984919162629, 0.47500718092803895, 0.47500718092803895, 0.47500718092803895, 0.492444463876882, 0.48720786503259683]
