chunks.shape 518399
chunks[0].shape 5
Loaded Tower 5 data for Tower 2 without noise: 518399 chunks
chunks.shape 518399
chunks[0].shape 5
Loaded Tower 5 data for Tower 3 without noise: 518399 chunks
chunks.shape 518399
chunks[0].shape 5
Loaded Tower 5 data for Tower 4 without noise: 518399 chunks
chunks.shape 518399
chunks[0].shape 5
Loaded Tower 5 data for Tower 5 without noise: 518399 chunks
chunks.shape 518399
chunks[0].shape 5
Loaded Tower 5 data for Tower 6 without noise: 518399 chunks
chunks.shape 518399
chunks[0].shape 5
Loaded Tower 5 data for Tower 7 with same noise (chunks 60-80): 518399 chunks
chunks.shape 518399
chunks[0].shape 5
Loaded Tower 5 data for Tower 8 with same noise (chunks 60-80): 518399 chunks
chunks.shape 518399
chunks[0].shape 5
Loaded Tower 5 data for Tower 9 with same noise (chunks 60-80): 518399 chunks
chunks.shape 518399
chunks[0].shape 5
Loaded Tower 5 data for Tower 10 with random noise (chunks 60-80): 518399 chunks
chunks.shape 518399
chunks[0].shape 5
Loaded Tower 5 data for Tower 11 with random noise (chunks 60-80): 518399 chunks
X.shape (10, 5)
s1 and s2 score at iteration 0
S_1 [1.0, 1.0, 1.0, 1.0, 1.0, 1.0, 1.0, 1.0, 1.0, 1.0]
S_2 [0.1, 0.1, 0.1, 0.1, 0.1, 0.1, 0.1, 0.1, 0.1, 0.1]
Trust scores at iteration 1: [0.0, 0.0, 0.0, 0.0, 0.0, 0.0, 0.0, 0.0, 0.0, 0.0]
Trust scores_s1 at iteration 1: [0.45, 0.45, 0.45, 0.45, 0.45, 0.45, 0.45, 0.45, 0.45, 0.45]
Trust scores_s2 at iteration 1: [0.45, 0.45, 0.45, 0.45, 0.45, 0.45, 0.45, 0.45, 0.45, 0.45]
X.shape (10, 5)
s1 and s2 score at iteration 1
S_1 [1.0, 1.0, 1.0, 1.0, 1.0, 1.0, 1.0, 1.0, 1.0, 1.0]
S_2 [0.1, 0.1, 0.1, 0.1, 0.1, 0.1, 0.1, 0.1, 0.1, 0.1]
Trust scores at iteration 2: [0.0, 0.0, 0.0, 0.0, 0.0, 0.0, 0.0, 0.0, 0.0, 0.0]
Trust scores_s1 at iteration 2: [0.495, 0.495, 0.495, 0.495, 0.495, 0.495, 0.495, 0.495, 0.495, 0.495]
Trust scores_s2 at iteration 2: [0.495, 0.495, 0.495, 0.495, 0.495, 0.495, 0.495, 0.495, 0.495, 0.495]
X.shape (10, 5)
s1 and s2 score at iteration 2
S_1 [1.0, 1.0, 1.0, 1.0, 1.0, 1.0, 1.0, 1.0, 1.0, 1.0]
S_2 [0.1, 0.1, 0.1, 0.1, 0.1, 0.1, 0.1, 0.1, 0.1, 0.1]
Trust scores at iteration 3: [0.0, 0.0, 0.0, 0.0, 0.0, 0.0, 0.0, 0.0, 0.0, 0.0]
Trust scores_s1 at iteration 3: [0.4995, 0.4995, 0.4995, 0.4995, 0.4995, 0.4995, 0.4995, 0.4995, 0.4995, 0.4995]
Trust scores_s2 at iteration 3: [0.4995, 0.4995, 0.4995, 0.4995, 0.4995, 0.4995, 0.4995, 0.4995, 0.4995, 0.4995]
X.shape (10, 5)
s1 and s2 score at iteration 3
S_1 [1.0, 1.0, 1.0, 1.0, 1.0, 1.0, 1.0, 1.0, 1.0, 1.0]
S_2 [0.1, 0.1, 0.1, 0.1, 0.1, 0.1, 0.1, 0.1, 0.1, 0.1]
Trust scores at iteration 4: [0.0, 0.0, 0.0, 0.0, 0.0, 0.0, 0.0, 0.0, 0.0, 0.0]
Trust scores_s1 at iteration 4: [0.49995, 0.49995, 0.49995, 0.49995, 0.49995, 0.49995, 0.49995, 0.49995, 0.49995, 0.49995]
Trust scores_s2 at iteration 4: [0.49995, 0.49995, 0.49995, 0.49995, 0.49995, 0.49995, 0.49995, 0.49995, 0.49995, 0.49995]
X.shape (10, 5)
s1 and s2 score at iteration 4
S_1 [0.9999999999999998, 0.9999999999999998, 0.9999999999999998, 0.9999999999999998, 0.9999999999999998, 0.9999999999999998, 0.9999999999999998, 0.9999999999999998, 0.9999999999999998, 0.9999999999999998]
S_2 [0.1, 0.1, 0.1, 0.1, 0.1, 0.1, 0.1, 0.1, 0.1, 0.1]
Trust scores at iteration 5: [0.0, 0.0, 0.0, 0.0, 0.0, 0.0, 0.0, 0.0, 0.0, 0.0]
Trust scores_s1 at iteration 5: [0.499995, 0.499995, 0.499995, 0.499995, 0.499995, 0.499995, 0.499995, 0.499995, 0.499995, 0.499995]
Trust scores_s2 at iteration 5: [0.499995, 0.499995, 0.499995, 0.499995, 0.499995, 0.499995, 0.499995, 0.499995, 0.499995, 0.499995]
X.shape (10, 5)
s1 and s2 score at iteration 5
S_1 [1.0, 1.0, 1.0, 1.0, 1.0, 1.0, 1.0, 1.0, 1.0, 1.0]
S_2 [0.1, 0.1, 0.1, 0.1, 0.1, 0.1, 0.1, 0.1, 0.1, 0.1]
Trust scores at iteration 6: [0.0, 0.0, 0.0, 0.0, 0.0, 0.0, 0.0, 0.0, 0.0, 0.0]
Trust scores_s1 at iteration 6: [0.49999950000000004, 0.49999950000000004, 0.49999950000000004, 0.49999950000000004, 0.49999950000000004, 0.49999950000000004, 0.49999950000000004, 0.49999950000000004, 0.49999950000000004, 0.49999950000000004]
Trust scores_s2 at iteration 6: [0.49999950000000004, 0.49999950000000004, 0.49999950000000004, 0.49999950000000004, 0.49999950000000004, 0.49999950000000004, 0.49999950000000004, 0.49999950000000004, 0.49999950000000004, 0.49999950000000004]
X.shape (10, 5)
s1 and s2 score at iteration 6
S_1 [1.0, 1.0, 1.0, 1.0, 1.0, 1.0, 1.0, 1.0, 1.0, 1.0]
S_2 [0.1, 0.1, 0.1, 0.1, 0.1, 0.1, 0.1, 0.1, 0.1, 0.1]
Trust scores at iteration 7: [0.0, 0.0, 0.0, 0.0, 0.0, 0.0, 0.0, 0.0, 0.0, 0.0]
Trust scores_s1 at iteration 7: [0.49999995, 0.49999995, 0.49999995, 0.49999995, 0.49999995, 0.49999995, 0.49999995, 0.49999995, 0.49999995, 0.49999995]
Trust scores_s2 at iteration 7: [0.49999995, 0.49999995, 0.49999995, 0.49999995, 0.49999995, 0.49999995, 0.49999995, 0.49999995, 0.49999995, 0.49999995]
X.shape (10, 5)
s1 and s2 score at iteration 7
S_1 [0.9999999999999998, 0.9999999999999998, 0.9999999999999998, 0.9999999999999998, 0.9999999999999998, 0.9999999999999998, 0.9999999999999998, 0.9999999999999998, 0.9999999999999998, 0.9999999999999998]
S_2 [0.1, 0.1, 0.1, 0.1, 0.1, 0.1, 0.1, 0.1, 0.1, 0.1]
Trust scores at iteration 8: [0.0, 0.0, 0.0, 0.0, 0.0, 0.0, 0.0, 0.0, 0.0, 0.0]
Trust scores_s1 at iteration 8: [0.49999999500000003, 0.49999999500000003, 0.49999999500000003, 0.49999999500000003, 0.49999999500000003, 0.49999999500000003, 0.49999999500000003, 0.49999999500000003, 0.49999999500000003, 0.49999999500000003]
Trust scores_s2 at iteration 8: [0.49999999500000003, 0.49999999500000003, 0.49999999500000003, 0.49999999500000003, 0.49999999500000003, 0.49999999500000003, 0.49999999500000003, 0.49999999500000003, 0.49999999500000003, 0.49999999500000003]
X.shape (10, 5)
s1 and s2 score at iteration 8
S_1 [1.0, 1.0, 1.0, 1.0, 1.0, 1.0, 1.0, 1.0, 1.0, 1.0]
S_2 [0.1, 0.1, 0.1, 0.1, 0.1, 0.1, 0.1, 0.1, 0.1, 0.1]
Trust scores at iteration 9: [0.0, 0.0, 0.0, 0.0, 0.0, 0.0, 0.0, 0.0, 0.0, 0.0]
Trust scores_s1 at iteration 9: [0.4999999995, 0.4999999995, 0.4999999995, 0.4999999995, 0.4999999995, 0.4999999995, 0.4999999995, 0.4999999995, 0.4999999995, 0.4999999995]
Trust scores_s2 at iteration 9: [0.4999999995, 0.4999999995, 0.4999999995, 0.4999999995, 0.4999999995, 0.4999999995, 0.4999999995, 0.4999999995, 0.4999999995, 0.4999999995]
X.shape (10, 5)
s1 and s2 score at iteration 9
S_1 [1.0, 1.0, 1.0, 1.0, 1.0, 1.0, 1.0, 1.0, 1.0, 1.0]
S_2 [0.1, 0.1, 0.1, 0.1, 0.1, 0.1, 0.1, 0.1, 0.1, 0.1]
Trust scores at iteration 10: [0.0, 0.0, 0.0, 0.0, 0.0, 0.0, 0.0, 0.0, 0.0, 0.0]
Trust scores_s1 at iteration 10: [0.49999999995, 0.49999999995, 0.49999999995, 0.49999999995, 0.49999999995, 0.49999999995, 0.49999999995, 0.49999999995, 0.49999999995, 0.49999999995]
Trust scores_s2 at iteration 10: [0.49999999995, 0.49999999995, 0.49999999995, 0.49999999995, 0.49999999995, 0.49999999995, 0.49999999995, 0.49999999995, 0.49999999995, 0.49999999995]
X.shape (10, 5)
s1 and s2 score at iteration 10
S_1 [1.0, 1.0, 1.0, 1.0, 1.0, 1.0, 1.0, 1.0, 1.0, 1.0]
S_2 [0.1, 0.1, 0.1, 0.1, 0.1, 0.1, 0.1, 0.1, 0.1, 0.1]
Trust scores at iteration 11: [0.0, 0.0, 0.0, 0.0, 0.0, 0.0, 0.0, 0.0, 0.0, 0.0]
Trust scores_s1 at iteration 11: [0.499999999995, 0.499999999995, 0.499999999995, 0.499999999995, 0.499999999995, 0.499999999995, 0.499999999995, 0.499999999995, 0.499999999995, 0.499999999995]
Trust scores_s2 at iteration 11: [0.499999999995, 0.499999999995, 0.499999999995, 0.499999999995, 0.499999999995, 0.499999999995, 0.499999999995, 0.499999999995, 0.499999999995, 0.499999999995]
X.shape (10, 5)
s1 and s2 score at iteration 11
S_1 [1.0, 1.0, 1.0, 1.0, 1.0, 1.0, 1.0, 1.0, 1.0, 1.0]
S_2 [0.1, 0.1, 0.1, 0.1, 0.1, 0.1, 0.1, 0.1, 0.1, 0.1]
Trust scores at iteration 12: [0.0, 0.0, 0.0, 0.0, 0.0, 0.0, 0.0, 0.0, 0.0, 0.0]
Trust scores_s1 at iteration 12: [0.4999999999995, 0.4999999999995, 0.4999999999995, 0.4999999999995, 0.4999999999995, 0.4999999999995, 0.4999999999995, 0.4999999999995, 0.4999999999995, 0.4999999999995]
Trust scores_s2 at iteration 12: [0.4999999999995, 0.4999999999995, 0.4999999999995, 0.4999999999995, 0.4999999999995, 0.4999999999995, 0.4999999999995, 0.4999999999995, 0.4999999999995, 0.4999999999995]
X.shape (10, 5)
s1 and s2 score at iteration 12
S_1 [1.0, 1.0, 1.0, 1.0, 1.0, 1.0, 1.0, 1.0, 1.0, 1.0]
S_2 [0.1, 0.1, 0.1, 0.1, 0.1, 0.1, 0.1, 0.1, 0.1, 0.1]
Trust scores at iteration 13: [0.0, 0.0, 0.0, 0.0, 0.0, 0.0, 0.0, 0.0, 0.0, 0.0]
Trust scores_s1 at iteration 13: [0.49999999999995004, 0.49999999999995004, 0.49999999999995004, 0.49999999999995004, 0.49999999999995004, 0.49999999999995004, 0.49999999999995004, 0.49999999999995004, 0.49999999999995004, 0.49999999999995004]
Trust scores_s2 at iteration 13: [0.49999999999995004, 0.49999999999995004, 0.49999999999995004, 0.49999999999995004, 0.49999999999995004, 0.49999999999995004, 0.49999999999995004, 0.49999999999995004, 0.49999999999995004, 0.49999999999995004]
X.shape (10, 5)
s1 and s2 score at iteration 13
S_1 [1.0, 1.0, 1.0, 1.0, 1.0, 1.0, 1.0, 1.0, 1.0, 1.0]
S_2 [0.1, 0.1, 0.1, 0.1, 0.1, 0.1, 0.1, 0.1, 0.1, 0.1]
Trust scores at iteration 14: [0.0, 0.0, 0.0, 0.0, 0.0, 0.0, 0.0, 0.0, 0.0, 0.0]
Trust scores_s1 at iteration 14: [0.499999999999995, 0.499999999999995, 0.499999999999995, 0.499999999999995, 0.499999999999995, 0.499999999999995, 0.499999999999995, 0.499999999999995, 0.499999999999995, 0.499999999999995]
Trust scores_s2 at iteration 14: [0.499999999999995, 0.499999999999995, 0.499999999999995, 0.499999999999995, 0.499999999999995, 0.499999999999995, 0.499999999999995, 0.499999999999995, 0.499999999999995, 0.499999999999995]
X.shape (10, 5)
s1 and s2 score at iteration 14
S_1 [1.0, 1.0, 1.0, 1.0, 1.0, 1.0, 1.0, 1.0, 1.0, 1.0]
S_2 [0.1, 0.1, 0.1, 0.1, 0.1, 0.1, 0.1, 0.1, 0.1, 0.1]
Trust scores at iteration 15: [0.0, 0.0, 0.0, 0.0, 0.0, 0.0, 0.0, 0.0, 0.0, 0.0]
Trust scores_s1 at iteration 15: [0.4999999999999995, 0.4999999999999995, 0.4999999999999995, 0.4999999999999995, 0.4999999999999995, 0.4999999999999995, 0.4999999999999995, 0.4999999999999995, 0.4999999999999995, 0.4999999999999995]
Trust scores_s2 at iteration 15: [0.4999999999999995, 0.4999999999999995, 0.4999999999999995, 0.4999999999999995, 0.4999999999999995, 0.4999999999999995, 0.4999999999999995, 0.4999999999999995, 0.4999999999999995, 0.4999999999999995]
X.shape (10, 5)
s1 and s2 score at iteration 15
S_1 [0.9999999999999998, 0.9999999999999998, 0.9999999999999998, 0.9999999999999998, 0.9999999999999998, 0.9999999999999998, 0.9999999999999998, 0.9999999999999998, 0.9999999999999998, 0.9999999999999998]
S_2 [0.1, 0.1, 0.1, 0.1, 0.1, 0.1, 0.1, 0.1, 0.1, 0.1]
Trust scores at iteration 16: [0.0, 0.0, 0.0, 0.0, 0.0, 0.0, 0.0, 0.0, 0.0, 0.0]
Trust scores_s1 at iteration 16: [0.49999999999999994, 0.49999999999999994, 0.49999999999999994, 0.49999999999999994, 0.49999999999999994, 0.49999999999999994, 0.49999999999999994, 0.49999999999999994, 0.49999999999999994, 0.49999999999999994]
Trust scores_s2 at iteration 16: [0.49999999999999994, 0.49999999999999994, 0.49999999999999994, 0.49999999999999994, 0.49999999999999994, 0.49999999999999994, 0.49999999999999994, 0.49999999999999994, 0.49999999999999994, 0.49999999999999994]
X.shape (10, 5)
s1 and s2 score at iteration 16
S_1 [1.0, 1.0, 1.0, 1.0, 1.0, 1.0, 1.0, 1.0, 1.0, 1.0]
S_2 [0.1, 0.1, 0.1, 0.1, 0.1, 0.1, 0.1, 0.1, 0.1, 0.1]
Trust scores at iteration 17: [0.0, 0.0, 0.0, 0.0, 0.0, 0.0, 0.0, 0.0, 0.0, 0.0]
Trust scores_s1 at iteration 17: [0.5, 0.5, 0.5, 0.5, 0.5, 0.5, 0.5, 0.5, 0.5, 0.5]
Trust scores_s2 at iteration 17: [0.5, 0.5, 0.5, 0.5, 0.5, 0.5, 0.5, 0.5, 0.5, 0.5]
X.shape (10, 5)
s1 and s2 score at iteration 17
S_1 [1.0, 1.0, 1.0, 1.0, 1.0, 1.0, 1.0, 1.0, 1.0, 1.0]
S_2 [0.1, 0.1, 0.1, 0.1, 0.1, 0.1, 0.1, 0.1, 0.1, 0.1]
Trust scores at iteration 18: [0.0, 0.0, 0.0, 0.0, 0.0, 0.0, 0.0, 0.0, 0.0, 0.0]
Trust scores_s1 at iteration 18: [0.5, 0.5, 0.5, 0.5, 0.5, 0.5, 0.5, 0.5, 0.5, 0.5]
Trust scores_s2 at iteration 18: [0.5, 0.5, 0.5, 0.5, 0.5, 0.5, 0.5, 0.5, 0.5, 0.5]
X.shape (10, 5)
s1 and s2 score at iteration 18
S_1 [1.0, 1.0, 1.0, 1.0, 1.0, 1.0, 1.0, 1.0, 1.0, 1.0]
S_2 [0.1, 0.1, 0.1, 0.1, 0.1, 0.1, 0.1, 0.1, 0.1, 0.1]
Trust scores at iteration 19: [0.0, 0.0, 0.0, 0.0, 0.0, 0.0, 0.0, 0.0, 0.0, 0.0]
Trust scores_s1 at iteration 19: [0.5, 0.5, 0.5, 0.5, 0.5, 0.5, 0.5, 0.5, 0.5, 0.5]
Trust scores_s2 at iteration 19: [0.5, 0.5, 0.5, 0.5, 0.5, 0.5, 0.5, 0.5, 0.5, 0.5]
X.shape (10, 5)
s1 and s2 score at iteration 19
S_1 [1.0, 1.0, 1.0, 1.0, 1.0, 1.0, 1.0, 1.0, 1.0, 1.0]
S_2 [0.1, 0.1, 0.1, 0.1, 0.1, 0.1, 0.1, 0.1, 0.1, 0.1]
Trust scores at iteration 20: [0.0, 0.0, 0.0, 0.0, 0.0, 0.0, 0.0, 0.0, 0.0, 0.0]
Trust scores_s1 at iteration 20: [0.5, 0.5, 0.5, 0.5, 0.5, 0.5, 0.5, 0.5, 0.5, 0.5]
Trust scores_s2 at iteration 20: [0.5, 0.5, 0.5, 0.5, 0.5, 0.5, 0.5, 0.5, 0.5, 0.5]
X.shape (10, 5)
s1 and s2 score at iteration 20
S_1 [1.0, 1.0, 1.0, 1.0, 1.0, 1.0, 1.0, 1.0, 1.0, 1.0]
S_2 [0.1, 0.1, 0.1, 0.1, 0.1, 0.1, 0.1, 0.1, 0.1, 0.1]
Trust scores at iteration 21: [0.0, 0.0, 0.0, 0.0, 0.0, 0.0, 0.0, 0.0, 0.0, 0.0]
Trust scores_s1 at iteration 21: [0.5, 0.5, 0.5, 0.5, 0.5, 0.5, 0.5, 0.5, 0.5, 0.5]
Trust scores_s2 at iteration 21: [0.5, 0.5, 0.5, 0.5, 0.5, 0.5, 0.5, 0.5, 0.5, 0.5]
X.shape (10, 5)
s1 and s2 score at iteration 21
S_1 [1.0, 1.0, 1.0, 1.0, 1.0, 1.0, 1.0, 1.0, 1.0, 1.0]
S_2 [0.1, 0.1, 0.1, 0.1, 0.1, 0.1, 0.1, 0.1, 0.1, 0.1]
Trust scores at iteration 22: [0.0, 0.0, 0.0, 0.0, 0.0, 0.0, 0.0, 0.0, 0.0, 0.0]
Trust scores_s1 at iteration 22: [0.5, 0.5, 0.5, 0.5, 0.5, 0.5, 0.5, 0.5, 0.5, 0.5]
Trust scores_s2 at iteration 22: [0.5, 0.5, 0.5, 0.5, 0.5, 0.5, 0.5, 0.5, 0.5, 0.5]
X.shape (10, 5)
s1 and s2 score at iteration 22
S_1 [1.0, 1.0, 1.0, 1.0, 1.0, 1.0, 1.0, 1.0, 1.0, 1.0]
S_2 [0.1, 0.1, 0.1, 0.1, 0.1, 0.1, 0.1, 0.1, 0.1, 0.1]
Trust scores at iteration 23: [0.0, 0.0, 0.0, 0.0, 0.0, 0.0, 0.0, 0.0, 0.0, 0.0]
Trust scores_s1 at iteration 23: [0.5, 0.5, 0.5, 0.5, 0.5, 0.5, 0.5, 0.5, 0.5, 0.5]
Trust scores_s2 at iteration 23: [0.5, 0.5, 0.5, 0.5, 0.5, 0.5, 0.5, 0.5, 0.5, 0.5]
X.shape (10, 5)
s1 and s2 score at iteration 23
S_1 [0.9999999999999998, 0.9999999999999998, 0.9999999999999998, 0.9999999999999998, 0.9999999999999998, 0.9999999999999998, 0.9999999999999998, 0.9999999999999998, 0.9999999999999998, 0.9999999999999998]
S_2 [0.1, 0.1, 0.1, 0.1, 0.1, 0.1, 0.1, 0.1, 0.1, 0.1]
Trust scores at iteration 24: [0.0, 0.0, 0.0, 0.0, 0.0, 0.0, 0.0, 0.0, 0.0, 0.0]
Trust scores_s1 at iteration 24: [0.5, 0.5, 0.5, 0.5, 0.5, 0.5, 0.5, 0.5, 0.5, 0.5]
Trust scores_s2 at iteration 24: [0.5, 0.5, 0.5, 0.5, 0.5, 0.5, 0.5, 0.5, 0.5, 0.5]
X.shape (10, 5)
s1 and s2 score at iteration 24
S_1 [0.9999999999999998, 0.9999999999999998, 0.9999999999999998, 0.9999999999999998, 0.9999999999999998, 0.9999999999999998, 0.9999999999999998, 0.9999999999999998, 0.9999999999999998, 0.9999999999999998]
S_2 [0.1, 0.1, 0.1, 0.1, 0.1, 0.1, 0.1, 0.1, 0.1, 0.1]
Trust scores at iteration 25: [0.0, 0.0, 0.0, 0.0, 0.0, 0.0, 0.0, 0.0, 0.0, 0.0]
Trust scores_s1 at iteration 25: [0.5, 0.5, 0.5, 0.5, 0.5, 0.5, 0.5, 0.5, 0.5, 0.5]
Trust scores_s2 at iteration 25: [0.5, 0.5, 0.5, 0.5, 0.5, 0.5, 0.5, 0.5, 0.5, 0.5]
X.shape (10, 5)
s1 and s2 score at iteration 25
S_1 [1.0, 1.0, 1.0, 1.0, 1.0, 1.0, 1.0, 1.0, 1.0, 1.0]
S_2 [0.1, 0.1, 0.1, 0.1, 0.1, 0.1, 0.1, 0.1, 0.1, 0.1]
Trust scores at iteration 26: [0.0, 0.0, 0.0, 0.0, 0.0, 0.0, 0.0, 0.0, 0.0, 0.0]
Trust scores_s1 at iteration 26: [0.5, 0.5, 0.5, 0.5, 0.5, 0.5, 0.5, 0.5, 0.5, 0.5]
Trust scores_s2 at iteration 26: [0.5, 0.5, 0.5, 0.5, 0.5, 0.5, 0.5, 0.5, 0.5, 0.5]
X.shape (10, 5)
s1 and s2 score at iteration 26
S_1 [1.0, 1.0, 1.0, 1.0, 1.0, 1.0, 1.0, 1.0, 1.0, 1.0]
S_2 [0.1, 0.1, 0.1, 0.1, 0.1, 0.1, 0.1, 0.1, 0.1, 0.1]
Trust scores at iteration 27: [0.0, 0.0, 0.0, 0.0, 0.0, 0.0, 0.0, 0.0, 0.0, 0.0]
Trust scores_s1 at iteration 27: [0.5, 0.5, 0.5, 0.5, 0.5, 0.5, 0.5, 0.5, 0.5, 0.5]
Trust scores_s2 at iteration 27: [0.5, 0.5, 0.5, 0.5, 0.5, 0.5, 0.5, 0.5, 0.5, 0.5]
X.shape (10, 5)
s1 and s2 score at iteration 27
S_1 [1.0, 1.0, 1.0, 1.0, 1.0, 1.0, 1.0, 1.0, 1.0, 1.0]
S_2 [0.1, 0.1, 0.1, 0.1, 0.1, 0.1, 0.1, 0.1, 0.1, 0.1]
Trust scores at iteration 28: [0.0, 0.0, 0.0, 0.0, 0.0, 0.0, 0.0, 0.0, 0.0, 0.0]
Trust scores_s1 at iteration 28: [0.5, 0.5, 0.5, 0.5, 0.5, 0.5, 0.5, 0.5, 0.5, 0.5]
Trust scores_s2 at iteration 28: [0.5, 0.5, 0.5, 0.5, 0.5, 0.5, 0.5, 0.5, 0.5, 0.5]
X.shape (10, 5)
s1 and s2 score at iteration 28
S_1 [1.0, 1.0, 1.0, 1.0, 1.0, 1.0, 1.0, 1.0, 1.0, 1.0]
S_2 [0.1, 0.1, 0.1, 0.1, 0.1, 0.1, 0.1, 0.1, 0.1, 0.1]
Trust scores at iteration 29: [0.0, 0.0, 0.0, 0.0, 0.0, 0.0, 0.0, 0.0, 0.0, 0.0]
Trust scores_s1 at iteration 29: [0.5, 0.5, 0.5, 0.5, 0.5, 0.5, 0.5, 0.5, 0.5, 0.5]
Trust scores_s2 at iteration 29: [0.5, 0.5, 0.5, 0.5, 0.5, 0.5, 0.5, 0.5, 0.5, 0.5]
X.shape (10, 5)
s1 and s2 score at iteration 29
S_1 [1.0, 1.0, 1.0, 1.0, 1.0, 1.0, 1.0, 1.0, 1.0, 1.0]
S_2 [0.1, 0.1, 0.1, 0.1, 0.1, 0.1, 0.1, 0.1, 0.1, 0.1]
Trust scores at iteration 30: [0.0, 0.0, 0.0, 0.0, 0.0, 0.0, 0.0, 0.0, 0.0, 0.0]
Trust scores_s1 at iteration 30: [0.5, 0.5, 0.5, 0.5, 0.5, 0.5, 0.5, 0.5, 0.5, 0.5]
Trust scores_s2 at iteration 30: [0.5, 0.5, 0.5, 0.5, 0.5, 0.5, 0.5, 0.5, 0.5, 0.5]
X.shape (10, 5)
s1 and s2 score at iteration 30
S_1 [1.0, 1.0, 1.0, 1.0, 1.0, 1.0, 1.0, 1.0, 1.0, 1.0]
S_2 [0.1, 0.1, 0.1, 0.1, 0.1, 0.1, 0.1, 0.1, 0.1, 0.1]
Trust scores at iteration 31: [0.0, 0.0, 0.0, 0.0, 0.0, 0.0, 0.0, 0.0, 0.0, 0.0]
Trust scores_s1 at iteration 31: [0.5, 0.5, 0.5, 0.5, 0.5, 0.5, 0.5, 0.5, 0.5, 0.5]
Trust scores_s2 at iteration 31: [0.5, 0.5, 0.5, 0.5, 0.5, 0.5, 0.5, 0.5, 0.5, 0.5]
X.shape (10, 5)
s1 and s2 score at iteration 31
S_1 [1.0, 1.0, 1.0, 1.0, 1.0, 1.0, 1.0, 1.0, 1.0, 1.0]
S_2 [0.1, 0.1, 0.1, 0.1, 0.1, 0.1, 0.1, 0.1, 0.1, 0.1]
Trust scores at iteration 32: [0.0, 0.0, 0.0, 0.0, 0.0, 0.0, 0.0, 0.0, 0.0, 0.0]
Trust scores_s1 at iteration 32: [0.5, 0.5, 0.5, 0.5, 0.5, 0.5, 0.5, 0.5, 0.5, 0.5]
Trust scores_s2 at iteration 32: [0.5, 0.5, 0.5, 0.5, 0.5, 0.5, 0.5, 0.5, 0.5, 0.5]
X.shape (10, 5)
s1 and s2 score at iteration 32
S_1 [0.9999999999999998, 0.9999999999999998, 0.9999999999999998, 0.9999999999999998, 0.9999999999999998, 0.9999999999999998, 0.9999999999999998, 0.9999999999999998, 0.9999999999999998, 0.9999999999999998]
S_2 [0.1, 0.1, 0.1, 0.1, 0.1, 0.1, 0.1, 0.1, 0.1, 0.1]
Trust scores at iteration 33: [0.0, 0.0, 0.0, 0.0, 0.0, 0.0, 0.0, 0.0, 0.0, 0.0]
Trust scores_s1 at iteration 33: [0.5, 0.5, 0.5, 0.5, 0.5, 0.5, 0.5, 0.5, 0.5, 0.5]
Trust scores_s2 at iteration 33: [0.5, 0.5, 0.5, 0.5, 0.5, 0.5, 0.5, 0.5, 0.5, 0.5]
X.shape (10, 5)
s1 and s2 score at iteration 33
S_1 [1.0, 1.0, 1.0, 1.0, 1.0, 1.0, 1.0, 1.0, 1.0, 1.0]
S_2 [0.1, 0.1, 0.1, 0.1, 0.1, 0.1, 0.1, 0.1, 0.1, 0.1]
Trust scores at iteration 34: [0.0, 0.0, 0.0, 0.0, 0.0, 0.0, 0.0, 0.0, 0.0, 0.0]
Trust scores_s1 at iteration 34: [0.5, 0.5, 0.5, 0.5, 0.5, 0.5, 0.5, 0.5, 0.5, 0.5]
Trust scores_s2 at iteration 34: [0.5, 0.5, 0.5, 0.5, 0.5, 0.5, 0.5, 0.5, 0.5, 0.5]
X.shape (10, 5)
s1 and s2 score at iteration 34
S_1 [1.0, 1.0, 1.0, 1.0, 1.0, 1.0, 1.0, 1.0, 1.0, 1.0]
S_2 [0.1, 0.1, 0.1, 0.1, 0.1, 0.1, 0.1, 0.1, 0.1, 0.1]
Trust scores at iteration 35: [0.0, 0.0, 0.0, 0.0, 0.0, 0.0, 0.0, 0.0, 0.0, 0.0]
Trust scores_s1 at iteration 35: [0.5, 0.5, 0.5, 0.5, 0.5, 0.5, 0.5, 0.5, 0.5, 0.5]
Trust scores_s2 at iteration 35: [0.5, 0.5, 0.5, 0.5, 0.5, 0.5, 0.5, 0.5, 0.5, 0.5]
X.shape (10, 5)
s1 and s2 score at iteration 35
S_1 [0.9999999999999998, 0.9999999999999998, 0.9999999999999998, 0.9999999999999998, 0.9999999999999998, 0.9999999999999998, 0.9999999999999998, 0.9999999999999998, 0.9999999999999998, 0.9999999999999998]
S_2 [0.1, 0.1, 0.1, 0.1, 0.1, 0.1, 0.1, 0.1, 0.1, 0.1]
Trust scores at iteration 36: [0.0, 0.0, 0.0, 0.0, 0.0, 0.0, 0.0, 0.0, 0.0, 0.0]
Trust scores_s1 at iteration 36: [0.5, 0.5, 0.5, 0.5, 0.5, 0.5, 0.5, 0.5, 0.5, 0.5]
Trust scores_s2 at iteration 36: [0.5, 0.5, 0.5, 0.5, 0.5, 0.5, 0.5, 0.5, 0.5, 0.5]
X.shape (10, 5)
s1 and s2 score at iteration 36
S_1 [1.0, 1.0, 1.0, 1.0, 1.0, 1.0, 1.0, 1.0, 1.0, 1.0]
S_2 [0.1, 0.1, 0.1, 0.1, 0.1, 0.1, 0.1, 0.1, 0.1, 0.1]
Trust scores at iteration 37: [0.0, 0.0, 0.0, 0.0, 0.0, 0.0, 0.0, 0.0, 0.0, 0.0]
Trust scores_s1 at iteration 37: [0.5, 0.5, 0.5, 0.5, 0.5, 0.5, 0.5, 0.5, 0.5, 0.5]
Trust scores_s2 at iteration 37: [0.5, 0.5, 0.5, 0.5, 0.5, 0.5, 0.5, 0.5, 0.5, 0.5]
X.shape (10, 5)
s1 and s2 score at iteration 37
S_1 [1.0, 1.0, 1.0, 1.0, 1.0, 1.0, 1.0, 1.0, 1.0, 1.0]
S_2 [0.1, 0.1, 0.1, 0.1, 0.1, 0.1, 0.1, 0.1, 0.1, 0.1]
Trust scores at iteration 38: [0.0, 0.0, 0.0, 0.0, 0.0, 0.0, 0.0, 0.0, 0.0, 0.0]
Trust scores_s1 at iteration 38: [0.5, 0.5, 0.5, 0.5, 0.5, 0.5, 0.5, 0.5, 0.5, 0.5]
Trust scores_s2 at iteration 38: [0.5, 0.5, 0.5, 0.5, 0.5, 0.5, 0.5, 0.5, 0.5, 0.5]
X.shape (10, 5)
s1 and s2 score at iteration 38
S_1 [1.0, 1.0, 1.0, 1.0, 1.0, 1.0, 1.0, 1.0, 1.0, 1.0]
S_2 [0.1, 0.1, 0.1, 0.1, 0.1, 0.1, 0.1, 0.1, 0.1, 0.1]
Trust scores at iteration 39: [0.0, 0.0, 0.0, 0.0, 0.0, 0.0, 0.0, 0.0, 0.0, 0.0]
Trust scores_s1 at iteration 39: [0.5, 0.5, 0.5, 0.5, 0.5, 0.5, 0.5, 0.5, 0.5, 0.5]
Trust scores_s2 at iteration 39: [0.5, 0.5, 0.5, 0.5, 0.5, 0.5, 0.5, 0.5, 0.5, 0.5]
X.shape (10, 5)
s1 and s2 score at iteration 39
S_1 [1.0, 1.0, 1.0, 1.0, 1.0, 1.0, 1.0, 1.0, 1.0, 1.0]
S_2 [0.1, 0.1, 0.1, 0.1, 0.1, 0.1, 0.1, 0.1, 0.1, 0.1]
Trust scores at iteration 40: [0.0, 0.0, 0.0, 0.0, 0.0, 0.0, 0.0, 0.0, 0.0, 0.0]
Trust scores_s1 at iteration 40: [0.5, 0.5, 0.5, 0.5, 0.5, 0.5, 0.5, 0.5, 0.5, 0.5]
Trust scores_s2 at iteration 40: [0.5, 0.5, 0.5, 0.5, 0.5, 0.5, 0.5, 0.5, 0.5, 0.5]
X.shape (10, 5)
s1 and s2 score at iteration 40
S_1 [0.9999999999999998, 0.9999999999999998, 0.9999999999999998, 0.9999999999999998, 0.9999999999999998, 0.9999999999999998, 0.9999999999999998, 0.9999999999999998, 0.9999999999999998, 0.9999999999999998]
S_2 [0.1, 0.1, 0.1, 0.1, 0.1, 0.1, 0.1, 0.1, 0.1, 0.1]
Trust scores at iteration 41: [0.0, 0.0, 0.0, 0.0, 0.0, 0.0, 0.0, 0.0, 0.0, 0.0]
Trust scores_s1 at iteration 41: [0.5, 0.5, 0.5, 0.5, 0.5, 0.5, 0.5, 0.5, 0.5, 0.5]
Trust scores_s2 at iteration 41: [0.5, 0.5, 0.5, 0.5, 0.5, 0.5, 0.5, 0.5, 0.5, 0.5]
X.shape (10, 5)
s1 and s2 score at iteration 41
S_1 [1.0, 1.0, 1.0, 1.0, 1.0, 1.0, 1.0, 1.0, 1.0, 1.0]
S_2 [0.1, 0.1, 0.1, 0.1, 0.1, 0.1, 0.1, 0.1, 0.1, 0.1]
Trust scores at iteration 42: [0.0, 0.0, 0.0, 0.0, 0.0, 0.0, 0.0, 0.0, 0.0, 0.0]
Trust scores_s1 at iteration 42: [0.5, 0.5, 0.5, 0.5, 0.5, 0.5, 0.5, 0.5, 0.5, 0.5]
Trust scores_s2 at iteration 42: [0.5, 0.5, 0.5, 0.5, 0.5, 0.5, 0.5, 0.5, 0.5, 0.5]
X.shape (10, 5)
s1 and s2 score at iteration 42
S_1 [1.0, 1.0, 1.0, 1.0, 1.0, 1.0, 1.0, 1.0, 1.0, 1.0]
S_2 [0.1, 0.1, 0.1, 0.1, 0.1, 0.1, 0.1, 0.1, 0.1, 0.1]
Trust scores at iteration 43: [0.0, 0.0, 0.0, 0.0, 0.0, 0.0, 0.0, 0.0, 0.0, 0.0]
Trust scores_s1 at iteration 43: [0.5, 0.5, 0.5, 0.5, 0.5, 0.5, 0.5, 0.5, 0.5, 0.5]
Trust scores_s2 at iteration 43: [0.5, 0.5, 0.5, 0.5, 0.5, 0.5, 0.5, 0.5, 0.5, 0.5]
X.shape (10, 5)
s1 and s2 score at iteration 43
S_1 [1.0, 1.0, 1.0, 1.0, 1.0, 1.0, 1.0, 1.0, 1.0, 1.0]
S_2 [0.1, 0.1, 0.1, 0.1, 0.1, 0.1, 0.1, 0.1, 0.1, 0.1]
Trust scores at iteration 44: [0.0, 0.0, 0.0, 0.0, 0.0, 0.0, 0.0, 0.0, 0.0, 0.0]
Trust scores_s1 at iteration 44: [0.5, 0.5, 0.5, 0.5, 0.5, 0.5, 0.5, 0.5, 0.5, 0.5]
Trust scores_s2 at iteration 44: [0.5, 0.5, 0.5, 0.5, 0.5, 0.5, 0.5, 0.5, 0.5, 0.5]
X.shape (10, 5)
s1 and s2 score at iteration 44
S_1 [1.0, 1.0, 1.0, 1.0, 1.0, 1.0, 1.0, 1.0, 1.0, 1.0]
S_2 [0.1, 0.1, 0.1, 0.1, 0.1, 0.1, 0.1, 0.1, 0.1, 0.1]
Trust scores at iteration 45: [0.0, 0.0, 0.0, 0.0, 0.0, 0.0, 0.0, 0.0, 0.0, 0.0]
Trust scores_s1 at iteration 45: [0.5, 0.5, 0.5, 0.5, 0.5, 0.5, 0.5, 0.5, 0.5, 0.5]
Trust scores_s2 at iteration 45: [0.5, 0.5, 0.5, 0.5, 0.5, 0.5, 0.5, 0.5, 0.5, 0.5]
X.shape (10, 5)
s1 and s2 score at iteration 45
S_1 [1.0, 1.0, 1.0, 1.0, 1.0, 1.0, 1.0, 1.0, 1.0, 1.0]
S_2 [0.1, 0.1, 0.1, 0.1, 0.1, 0.1, 0.1, 0.1, 0.1, 0.1]
Trust scores at iteration 46: [0.0, 0.0, 0.0, 0.0, 0.0, 0.0, 0.0, 0.0, 0.0, 0.0]
Trust scores_s1 at iteration 46: [0.5, 0.5, 0.5, 0.5, 0.5, 0.5, 0.5, 0.5, 0.5, 0.5]
Trust scores_s2 at iteration 46: [0.5, 0.5, 0.5, 0.5, 0.5, 0.5, 0.5, 0.5, 0.5, 0.5]
X.shape (10, 5)
s1 and s2 score at iteration 46
S_1 [1.0, 1.0, 1.0, 1.0, 1.0, 1.0, 1.0, 1.0, 1.0, 1.0]
S_2 [0.1, 0.1, 0.1, 0.1, 0.1, 0.1, 0.1, 0.1, 0.1, 0.1]
Trust scores at iteration 47: [0.0, 0.0, 0.0, 0.0, 0.0, 0.0, 0.0, 0.0, 0.0, 0.0]
Trust scores_s1 at iteration 47: [0.5, 0.5, 0.5, 0.5, 0.5, 0.5, 0.5, 0.5, 0.5, 0.5]
Trust scores_s2 at iteration 47: [0.5, 0.5, 0.5, 0.5, 0.5, 0.5, 0.5, 0.5, 0.5, 0.5]
X.shape (10, 5)
s1 and s2 score at iteration 47
S_1 [1.0, 1.0, 1.0, 1.0, 1.0, 1.0, 1.0, 1.0, 1.0, 1.0]
S_2 [0.1, 0.1, 0.1, 0.1, 0.1, 0.1, 0.1, 0.1, 0.1, 0.1]
Trust scores at iteration 48: [0.0, 0.0, 0.0, 0.0, 0.0, 0.0, 0.0, 0.0, 0.0, 0.0]
Trust scores_s1 at iteration 48: [0.5, 0.5, 0.5, 0.5, 0.5, 0.5, 0.5, 0.5, 0.5, 0.5]
Trust scores_s2 at iteration 48: [0.5, 0.5, 0.5, 0.5, 0.5, 0.5, 0.5, 0.5, 0.5, 0.5]
X.shape (10, 5)
s1 and s2 score at iteration 48
S_1 [0.9999999999999998, 0.9999999999999998, 0.9999999999999998, 0.9999999999999998, 0.9999999999999998, 0.9999999999999998, 0.9999999999999998, 0.9999999999999998, 0.9999999999999998, 0.9999999999999998]
S_2 [0.1, 0.1, 0.1, 0.1, 0.1, 0.1, 0.1, 0.1, 0.1, 0.1]
Trust scores at iteration 49: [0.0, 0.0, 0.0, 0.0, 0.0, 0.0, 0.0, 0.0, 0.0, 0.0]
Trust scores_s1 at iteration 49: [0.5, 0.5, 0.5, 0.5, 0.5, 0.5, 0.5, 0.5, 0.5, 0.5]
Trust scores_s2 at iteration 49: [0.5, 0.5, 0.5, 0.5, 0.5, 0.5, 0.5, 0.5, 0.5, 0.5]
X.shape (10, 5)
s1 and s2 score at iteration 49
S_1 [0.9999999999999998, 0.9999999999999998, 0.9999999999999998, 0.9999999999999998, 0.9999999999999998, 0.9999999999999998, 0.9999999999999998, 0.9999999999999998, 0.9999999999999998, 0.9999999999999998]
S_2 [0.1, 0.1, 0.1, 0.1, 0.1, 0.1, 0.1, 0.1, 0.1, 0.1]
Trust scores at iteration 50: [0.0, 0.0, 0.0, 0.0, 0.0, 0.0, 0.0, 0.0, 0.0, 0.0]
Trust scores_s1 at iteration 50: [0.5, 0.5, 0.5, 0.5, 0.5, 0.5, 0.5, 0.5, 0.5, 0.5]
Trust scores_s2 at iteration 50: [0.5, 0.5, 0.5, 0.5, 0.5, 0.5, 0.5, 0.5, 0.5, 0.5]
X.shape (10, 5)
s1 and s2 score at iteration 50
S_1 [1.0, 1.0, 1.0, 1.0, 1.0, 1.0, 1.0, 1.0, 1.0, 1.0]
S_2 [0.1, 0.1, 0.1, 0.1, 0.1, 0.1, 0.1, 0.1, 0.1, 0.1]
Trust scores at iteration 51: [0.0, 0.0, 0.0, 0.0, 0.0, 0.0, 0.0, 0.0, 0.0, 0.0]
Trust scores_s1 at iteration 51: [0.5, 0.5, 0.5, 0.5, 0.5, 0.5, 0.5, 0.5, 0.5, 0.5]
Trust scores_s2 at iteration 51: [0.5, 0.5, 0.5, 0.5, 0.5, 0.5, 0.5, 0.5, 0.5, 0.5]
X.shape (10, 5)
s1 and s2 score at iteration 51
S_1 [1.0, 1.0, 1.0, 1.0, 1.0, 1.0, 1.0, 1.0, 1.0, 1.0]
S_2 [0.1, 0.1, 0.1, 0.1, 0.1, 0.1, 0.1, 0.1, 0.1, 0.1]
Trust scores at iteration 52: [0.0, 0.0, 0.0, 0.0, 0.0, 0.0, 0.0, 0.0, 0.0, 0.0]
Trust scores_s1 at iteration 52: [0.5, 0.5, 0.5, 0.5, 0.5, 0.5, 0.5, 0.5, 0.5, 0.5]
Trust scores_s2 at iteration 52: [0.5, 0.5, 0.5, 0.5, 0.5, 0.5, 0.5, 0.5, 0.5, 0.5]
X.shape (10, 5)
s1 and s2 score at iteration 52
S_1 [0.9999999999999998, 0.9999999999999998, 0.9999999999999998, 0.9999999999999998, 0.9999999999999998, 0.9999999999999998, 0.9999999999999998, 0.9999999999999998, 0.9999999999999998, 0.9999999999999998]
S_2 [0.1, 0.1, 0.1, 0.1, 0.1, 0.1, 0.1, 0.1, 0.1, 0.1]
Trust scores at iteration 53: [0.0, 0.0, 0.0, 0.0, 0.0, 0.0, 0.0, 0.0, 0.0, 0.0]
Trust scores_s1 at iteration 53: [0.5, 0.5, 0.5, 0.5, 0.5, 0.5, 0.5, 0.5, 0.5, 0.5]
Trust scores_s2 at iteration 53: [0.5, 0.5, 0.5, 0.5, 0.5, 0.5, 0.5, 0.5, 0.5, 0.5]
X.shape (10, 5)
s1 and s2 score at iteration 53
S_1 [1.0, 1.0, 1.0, 1.0, 1.0, 1.0, 1.0, 1.0, 1.0, 1.0]
S_2 [0.1, 0.1, 0.1, 0.1, 0.1, 0.1, 0.1, 0.1, 0.1, 0.1]
Trust scores at iteration 54: [0.0, 0.0, 0.0, 0.0, 0.0, 0.0, 0.0, 0.0, 0.0, 0.0]
Trust scores_s1 at iteration 54: [0.5, 0.5, 0.5, 0.5, 0.5, 0.5, 0.5, 0.5, 0.5, 0.5]
Trust scores_s2 at iteration 54: [0.5, 0.5, 0.5, 0.5, 0.5, 0.5, 0.5, 0.5, 0.5, 0.5]
X.shape (10, 5)
s1 and s2 score at iteration 54
S_1 [1.0, 1.0, 1.0, 1.0, 1.0, 1.0, 1.0, 1.0, 1.0, 1.0]
S_2 [0.1, 0.1, 0.1, 0.1, 0.1, 0.1, 0.1, 0.1, 0.1, 0.1]
Trust scores at iteration 55: [0.0, 0.0, 0.0, 0.0, 0.0, 0.0, 0.0, 0.0, 0.0, 0.0]
Trust scores_s1 at iteration 55: [0.5, 0.5, 0.5, 0.5, 0.5, 0.5, 0.5, 0.5, 0.5, 0.5]
Trust scores_s2 at iteration 55: [0.5, 0.5, 0.5, 0.5, 0.5, 0.5, 0.5, 0.5, 0.5, 0.5]
X.shape (10, 5)
s1 and s2 score at iteration 55
S_1 [0.9999999999999998, 0.9999999999999998, 0.9999999999999998, 0.9999999999999998, 0.9999999999999998, 0.9999999999999998, 0.9999999999999998, 0.9999999999999998, 0.9999999999999998, 0.9999999999999998]
S_2 [0.1, 0.1, 0.1, 0.1, 0.1, 0.1, 0.1, 0.1, 0.1, 0.1]
Trust scores at iteration 56: [0.0, 0.0, 0.0, 0.0, 0.0, 0.0, 0.0, 0.0, 0.0, 0.0]
Trust scores_s1 at iteration 56: [0.5, 0.5, 0.5, 0.5, 0.5, 0.5, 0.5, 0.5, 0.5, 0.5]
Trust scores_s2 at iteration 56: [0.5, 0.5, 0.5, 0.5, 0.5, 0.5, 0.5, 0.5, 0.5, 0.5]
X.shape (10, 5)
s1 and s2 score at iteration 56
S_1 [1.0, 1.0, 1.0, 1.0, 1.0, 1.0, 1.0, 1.0, 1.0, 1.0]
S_2 [0.1, 0.1, 0.1, 0.1, 0.1, 0.1, 0.1, 0.1, 0.1, 0.1]
Trust scores at iteration 57: [0.0, 0.0, 0.0, 0.0, 0.0, 0.0, 0.0, 0.0, 0.0, 0.0]
Trust scores_s1 at iteration 57: [0.5, 0.5, 0.5, 0.5, 0.5, 0.5, 0.5, 0.5, 0.5, 0.5]
Trust scores_s2 at iteration 57: [0.5, 0.5, 0.5, 0.5, 0.5, 0.5, 0.5, 0.5, 0.5, 0.5]
X.shape (10, 5)
s1 and s2 score at iteration 57
S_1 [0.9999999999999998, 0.9999999999999998, 0.9999999999999998, 0.9999999999999998, 0.9999999999999998, 0.9999999999999998, 0.9999999999999998, 0.9999999999999998, 0.9999999999999998, 0.9999999999999998]
S_2 [0.1, 0.1, 0.1, 0.1, 0.1, 0.1, 0.1, 0.1, 0.1, 0.1]
Trust scores at iteration 58: [0.0, 0.0, 0.0, 0.0, 0.0, 0.0, 0.0, 0.0, 0.0, 0.0]
Trust scores_s1 at iteration 58: [0.5, 0.5, 0.5, 0.5, 0.5, 0.5, 0.5, 0.5, 0.5, 0.5]
Trust scores_s2 at iteration 58: [0.5, 0.5, 0.5, 0.5, 0.5, 0.5, 0.5, 0.5, 0.5, 0.5]
X.shape (10, 5)
s1 and s2 score at iteration 58
S_1 [1.0, 1.0, 1.0, 1.0, 1.0, 1.0, 1.0, 1.0, 1.0, 1.0]
S_2 [0.1, 0.1, 0.1, 0.1, 0.1, 0.1, 0.1, 0.1, 0.1, 0.1]
Trust scores at iteration 59: [0.0, 0.0, 0.0, 0.0, 0.0, 0.0, 0.0, 0.0, 0.0, 0.0]
Trust scores_s1 at iteration 59: [0.5, 0.5, 0.5, 0.5, 0.5, 0.5, 0.5, 0.5, 0.5, 0.5]
Trust scores_s2 at iteration 59: [0.5, 0.5, 0.5, 0.5, 0.5, 0.5, 0.5, 0.5, 0.5, 0.5]
X.shape (10, 5)
s1 and s2 score at iteration 59
S_1 [1.0, 1.0, 1.0, 1.0, 1.0, 1.0, 1.0, 1.0, 1.0, 1.0]
S_2 [0.1, 0.1, 0.1, 0.1, 0.1, 0.1, 0.1, 0.1, 0.1, 0.1]
Trust scores at iteration 60: [0.0, 0.0, 0.0, 0.0, 0.0, 0.0, 0.0, 0.0, 0.0, 0.0]
Trust scores_s1 at iteration 60: [0.5, 0.5, 0.5, 0.5, 0.5, 0.5, 0.5, 0.5, 0.5, 0.5]
Trust scores_s2 at iteration 60: [0.5, 0.5, 0.5, 0.5, 0.5, 0.5, 0.5, 0.5, 0.5, 0.5]
X.shape (10, 5)
s1 and s2 score at iteration 60
S_1 [0.47619522755103993, 0.47619522755103993, 0.47619522755103993, 0.47619522755103993, 0.47619522755103993, 0.3718236781632115, 0.3718236781632115, 0.3718236781632115, 0.23641528938037007, 0.4850269850763927]
S_2 [0.2, 0.2, 0.2, 0.2, 0.2, 0.2, 0.2, 0.2, 0.2, 0.2]
Trust scores at iteration 61: [-0.016387916584817586, -0.016387916584817586, -0.016387916584817586, -0.016387916584817586, -0.016387916584817586, -0.21005630481738316, -0.21005630481738316, -0.21005630481738316, -0.4613156236888124, 0.0]
Trust scores_s1 at iteration 61: [0.4918060417075912, 0.4918060417075912, 0.4918060417075912, 0.4918060417075912, 0.4918060417075912, 0.39497184759130843, 0.39497184759130843, 0.39497184759130843, 0.26934218815559385, 0.5]
Trust scores_s2 at iteration 61: [0.5, 0.5, 0.5, 0.5, 0.5, 0.5, 0.5, 0.5, 0.5, 0.5]
X.shape (10, 5)
s1 and s2 score at iteration 61
S_1 [0.13160985611934095, 0.13160985611934095, 0.13160985611934095, 0.13160985611934095, 0.13160985611934095, -0.06546703552990343, -0.06546703552990343, -0.06546703552990343, -0.16321021828765725, 0.09191701975968308]
S_2 [0.2, 0.2, 0.2, 0.2, 0.2, 0.3333333333333333, 0.3333333333333333, 0.3333333333333333, 0.5, 0.5]
Trust scores at iteration 62: [0.5383612083415182, 0.5383612083415182, 0.5383612083415182, 0.5383612083415182, 0.5383612083415182, -1.0686949883630008, -1.0686949883630008, -1.0686949883630008, -2.0622272773105923, -0.2714352387962398]
Trust scores_s1 at iteration 62: [0.49918060417075916, 0.49918060417075916, 0.49918060417075916, 0.49918060417075916, 0.49918060417075916, -0.18434749418150037, -0.18434749418150037, -0.18434749418150037, -0.531113638655296, 0.36428238060188006]
Trust scores_s2 at iteration 62: [0.23000000000000004, 0.23000000000000004, 0.23000000000000004, 0.23000000000000004, 0.23000000000000004, 0.35, 0.35, 0.35, 0.5, 0.5]
X.shape (10, 5)
s1 and s2 score at iteration 62
S_1 [0.29447251399574814, 0.29447251399574814, 0.29447251399574814, 0.29447251399574814, 0.29447251399574814, 0.15171381898991687, 0.15171381898991687, 0.15171381898991687, 0.0660110309898822, 0.36298981266986874]
S_2 [0.2, 0.2, 0.2, 0.2, 0.2, 0.25, 0.25, 0.25, 0.25, 0.5]
Trust scores at iteration 63: [0.4239537531909805, 0.4239537531909805, 0.4239537531909805, 0.4239537531909805, 0.4239537531909805, -0.18070897772793632, -0.18070897772793632, -0.18070897772793632, -0.49255442130140736, -0.027143523879623984]
Trust scores_s1 at iteration 63: [0.41497687659549026, 0.41497687659549026, 0.41497687659549026, 0.41497687659549026, 0.41497687659549026, 0.16964551113603185, 0.16964551113603185, 0.16964551113603185, 0.028722789349296292, 0.48642823806018803]
Trust scores_s2 at iteration 63: [0.203, 0.203, 0.203, 0.203, 0.203, 0.26, 0.26, 0.26, 0.275, 0.5]
X.shape (10, 5)
s1 and s2 score at iteration 63
S_1 [0.44949238308449707, 0.44949238308449707, 0.44949238308449707, 0.44949238308449707, 0.44949238308449707, 0.4454203638277816, 0.4454203638277816, 0.4454203638277816, 0.03367948851943073, 0.5325594799746103]
S_2 [0.2, 0.2, 0.2, 0.2, 0.2, 0.2, 0.2, 0.2, 0.2, 0.2]
Trust scores at iteration 64: [-0.09798403770846849, -0.09798403770846849, -0.09798403770846849, -0.09798403770846849, -0.09798403770846849, -0.16533182820611295, -0.16533182820611295, -0.16533182820611295, -0.8923387205107401, -0.0027143523879623985]
Trust scores_s1 at iteration 64: [0.4213079811457658, 0.4213079811457658, 0.4213079811457658, 0.4213079811457658, 0.4213079811457658, 0.3933340858969435, 0.3933340858969435, 0.3933340858969435, 0.03133063974462994, 0.4986428238060188]
Trust scores_s2 at iteration 64: [0.4703, 0.4703, 0.4703, 0.4703, 0.4703, 0.47600000000000003, 0.47600000000000003, 0.47600000000000003, 0.47750000000000004, 0.5]
X.shape (10, 5)
s1 and s2 score at iteration 64
S_1 [0.2946290257076054, 0.2946290257076054, 0.2946290257076054, 0.2946290257076054, 0.2946290257076054, -0.213920639559163, -0.213920639559163, -0.213920639559163, -0.12438603479127638, 0.14568683979575248]
S_2 [0.2, 0.2, 0.2, 0.2, 0.2, 0.3333333333333333, 0.3333333333333333, 0.3333333333333333, 0.5, 0.5]
Trust scores at iteration 65: [0.5302015962291532, 0.5302015962291532, 0.5302015962291532, 0.5302015962291532, 0.5302015962291532, -1.2699941754735047, -1.2699941754735047, -1.2699941754735047, -1.3691945057438564, -0.45524346998223997]
Trust scores_s1 at iteration 65: [0.4921307981145766, 0.4921307981145766, 0.4921307981145766, 0.4921307981145766, 0.4921307981145766, -0.2873970877367524, -0.2873970877367524, -0.2873970877367524, -0.18684725287192808, 0.27237826500888]
Trust scores_s2 at iteration 65: [0.22703, 0.22703, 0.22703, 0.22703, 0.22703, 0.3476, 0.3476, 0.3476, 0.49775, 0.5]
X.shape (10, 5)
s1 and s2 score at iteration 65
S_1 [0.41243569004051744, 0.41243569004051744, 0.41243569004051744, 0.41243569004051744, 0.41243569004051744, 0.40039919686631137, 0.40039919686631137, 0.40039919686631137, -0.23718646981975422, 0.026708097147414622]
S_2 [0.2, 0.2, 0.2, 0.2, 0.2, 0.3333333333333333, 0.3333333333333333, 0.3333333333333333, 0.5, 0.5]
Trust scores at iteration 66: [0.5930201596229153, 0.5930201596229153, 0.5930201596229153, 0.5930201596229153, 0.5930201596229153, 0.14673504792599104, 0.14673504792599104, 0.14673504792599104, -1.554497894905447, -0.8872430488149563]
Trust scores_s1 at iteration 66: [0.4992130798114577, 0.4992130798114577, 0.4992130798114577, 0.4992130798114577, 0.4992130798114577, 0.40812752396299545, 0.40812752396299545, 0.40812752396299545, -0.27747394745272347, 0.05637847559252185]
Trust scores_s2 at iteration 66: [0.20270300000000002, 0.20270300000000002, 0.20270300000000002, 0.20270300000000002, 0.20270300000000002, 0.33476, 0.33476, 0.33476, 0.499775, 0.5]
X.shape (10, 5)
s1 and s2 score at iteration 66
S_1 [0.6398129206853453, 0.6398129206853453, 0.6398129206853453, 0.6398129206853453, 0.6398129206853453, 0.6042439686719164, 0.6042439686719164, 0.6042439686719164, -0.6605247651882614, -0.18260876380204719]
S_2 [0.125, 0.125, 0.125, 0.125, 0.125, 0.125, 0.125, 0.125, 0.5, 0.5]
Trust scores at iteration 67: [0.7343020159622916, 0.7343020159622916, 0.7343020159622916, 0.7343020159622916, 0.7343020159622916, 0.6396400406703119, 0.6396400406703119, 0.6396400406703119, -1.9845843371840444, -1.245592964623157]
Trust scores_s1 at iteration 67: [0.49992130798114576, 0.49992130798114576, 0.49992130798114576, 0.49992130798114576, 0.49992130798114576, 0.46579602033515594, 0.46579602033515594, 0.46579602033515594, -0.4923146685920221, -0.12279648231157843]
Trust scores_s2 at iteration 67: [0.1327703, 0.1327703, 0.1327703, 0.1327703, 0.1327703, 0.145976, 0.145976, 0.145976, 0.4999775, 0.5]
X.shape (10, 5)
s1 and s2 score at iteration 67
S_1 [0.4518850621379272, 0.4518850621379272, 0.4518850621379272, 0.4518850621379272, 0.4518850621379272, 0.4270270322722255, 0.4270270322722255, 0.4270270322722255, -0.7063650903322359, -0.48532331120610817]
S_2 [0.125, 0.125, 0.125, 0.125, 0.125, 0.125, 0.125, 0.125, 0.5, 0.5]
Trust scores at iteration 68: [0.7484302015962292, 0.7484302015962292, 0.7484302015962292, 0.7484302015962292, 0.7484302015962292, 0.689455337475386, 0.689455337475386, 0.689455337475386, -2.5052953366496444, -1.9911568157938513]
Trust scores_s1 at iteration 68: [0.4999921307981146, 0.4999921307981146, 0.4999921307981146, 0.4999921307981146, 0.4999921307981146, 0.471825268737693, 0.471825268737693, 0.471825268737693, -0.7526499183248221, -0.49557840789692575]
Trust scores_s2 at iteration 68: [0.12577703, 0.12577703, 0.12577703, 0.12577703, 0.12577703, 0.1270976, 0.1270976, 0.1270976, 0.49999775, 0.5]
X.shape (10, 5)
s1 and s2 score at iteration 68
S_1 [0.6232512249019183, 0.6232512249019183, 0.6232512249019183, 0.6232512249019183, 0.6232512249019183, 0.5243024699672437, 0.5243024699672437, 0.5243024699672437, -0.2185760466876789, 0.31281840350807616]
S_2 [0.125, 0.125, 0.125, 0.125, 0.125, 0.125, 0.125, 0.125, 0.5, 0.5]
Trust scores at iteration 69: [0.749843020159623, 0.749843020159623, 0.749843020159623, 0.749843020159623, 0.749843020159623, 0.6010595258536567, 0.6010595258536567, 0.6010595258536567, -1.4661621937529874, -0.6473932430048372]
Trust scores_s1 at iteration 69: [0.4999992130798115, 0.4999992130798115, 0.4999992130798115, 0.4999992130798115, 0.4999992130798115, 0.4257395229268283, 0.4257395229268283, 0.4257395229268283, -0.2330813218764936, 0.17630337849758135]
Trust scores_s2 at iteration 69: [0.125077703, 0.125077703, 0.125077703, 0.125077703, 0.125077703, 0.12520976, 0.12520976, 0.12520976, 0.49999977500000004, 0.5]
X.shape (10, 5)
s1 and s2 score at iteration 69
S_1 [0.12785249490258052, 0.12785249490258052, 0.12785249490258052, 0.12785249490258052, 0.12785249490258052, 0.028233994830120537, 0.028233994830120537, 0.028233994830120537, -0.3490648867648561, -0.09348400920572361]
S_2 [0.2, 0.2, 0.2, 0.2, 0.2, 0.3333333333333333, 0.3333333333333333, 0.3333333333333333, 0.5, 0.5]
Trust scores at iteration 70: [0.6149843020159623, 0.6149843020159623, 0.6149843020159623, 0.6149843020159623, 0.6149843020159623, -0.3411447358234093, -0.3411447358234093, -0.3411447358234093, -3.5038103345761717, -1.6228071105353934]
Trust scores_s1 at iteration 70: [0.49999992130798115, 0.49999992130798115, 0.49999992130798115, 0.49999992130798115, 0.49999992130798115, 0.14194860808829535, 0.14194860808829535, 0.14194860808829535, -1.251905189788086, -0.31140355526769675]
Trust scores_s2 at iteration 70: [0.19250777030000002, 0.19250777030000002, 0.19250777030000002, 0.19250777030000002, 0.19250777030000002, 0.312520976, 0.312520976, 0.312520976, 0.4999999775, 0.5]
X.shape (10, 5)
s1 and s2 score at iteration 70
S_1 [0.09695731981650883, 0.09695731981650883, 0.09695731981650883, 0.09695731981650883, 0.09695731981650883, -0.03656483034541626, -0.03656483034541626, -0.03656483034541626, -0.21891730380941032, 0.078844846387454]
S_2 [0.2, 0.2, 0.2, 0.2, 0.2, 0.25, 0.25, 0.25, 0.25, 0.5]
Trust scores at iteration 71: [0.6014984302015962, 0.6014984302015962, 0.6014984302015962, 0.6014984302015962, 0.6014984302015962, -0.8235251273953124, -0.8235251273953124, -0.8235251273953124, -2.8324666336097155, -0.330408564804028]
Trust scores_s1 at iteration 71: [0.49999999213079815, 0.49999999213079815, 0.49999999213079815, 0.49999999213079815, 0.49999999213079815, -0.15551046609765617, -0.15551046609765617, -0.15551046609765617, -1.1412333190548578, 0.334795717597986]
Trust scores_s2 at iteration 71: [0.19925077703000002, 0.19925077703000002, 0.19925077703000002, 0.19925077703000002, 0.19925077703000002, 0.2562520976, 0.2562520976, 0.2562520976, 0.27499999775, 0.5]
X.shape (10, 5)
s1 and s2 score at iteration 71
S_1 [0.38784976053027975, 0.38784976053027975, 0.38784976053027975, 0.38784976053027975, 0.38784976053027975, 0.2551944505483492, 0.2551944505483492, 0.2551944505483492, -0.493695141076223, -0.34029203947450504]
S_2 [0.2, 0.2, 0.2, 0.2, 0.2, 0.3333333333333333, 0.3333333333333333, 0.3333333333333333, 0.5, 0.5]
Trust scores at iteration 72: [0.6001498430201596, 0.6001498430201596, 0.6001498430201596, 0.6001498430201596, 0.6001498430201596, -0.09017732310038906, -0.09017732310038906, -0.09017732310038906, -2.3288594036166455, -1.7226838231495658]
Trust scores_s1 at iteration 72: [0.4999999992130798, 0.4999999992130798, 0.4999999992130798, 0.4999999992130798, 0.4999999992130798, 0.28053654820980545, 0.28053654820980545, 0.28053654820980545, -0.6869297020333227, -0.3613419115747829]
Trust scores_s2 at iteration 72: [0.19992507770300003, 0.19992507770300003, 0.19992507770300003, 0.19992507770300003, 0.19992507770300003, 0.32562520976, 0.32562520976, 0.32562520976, 0.477499999775, 0.5]
X.shape (10, 5)
s1 and s2 score at iteration 72
S_1 [0.07641669517289412, 0.07641669517289412, 0.07641669517289412, 0.07641669517289412, 0.07641669517289412, 0.04797401508449146, 0.04797401508449146, 0.04797401508449146, 0.077674337421732, -0.2408194706728309]
S_2 [0.2, 0.2, 0.2, 0.2, 0.2, 0.2, 0.2, 0.2, 0.2, 0.2]
Trust scores at iteration 73: [0.045442886727387444, 0.045442886727387444, 0.045442886727387444, 0.045442886727387444, 0.045442886727387444, -0.35315056936772327, -0.35315056936772327, -0.35315056936772327, -0.23288594036166455, -3.8626046864249446]
Trust scores_s1 at iteration 73: [0.49271395113399374, 0.49271395113399374, 0.49271395113399374, 0.49271395113399374, 0.49271395113399374, 0.30598723629213836, 0.30598723629213836, 0.30598723629213836, 0.38130702979666775, -1.4313023432124723]
Trust scores_s2 at iteration 73: [0.4699925077703, 0.4699925077703, 0.4699925077703, 0.4699925077703, 0.4699925077703, 0.482562520976, 0.482562520976, 0.482562520976, 0.4977499999775, 0.5]
X.shape (10, 5)
s1 and s2 score at iteration 73
S_1 [0.1212458320107516, 0.1212458320107516, 0.1212458320107516, 0.1212458320107516, 0.1212458320107516, -0.09641245464069269, -0.09641245464069269, -0.09641245464069269, -0.3844046587724683, -0.3221044747890334]
S_2 [0.2, 0.2, 0.2, 0.2, 0.2, 0.3333333333333333, 0.3333333333333333, 0.3333333333333333, 0.5, 0.5]
Trust scores at iteration 74: [0.5445442886727387, 0.5445442886727387, 0.5445442886727387, 0.5445442886727387, 0.5445442886727387, -1.3509784965585887, -1.3509784965585887, -1.3509784965585887, -3.776699611616901, -3.67722123407667]
Trust scores_s1 at iteration 74: [0.4992713951133994, 0.4992713951133994, 0.4992713951133994, 0.4992713951133994, 0.4992713951133994, -0.3272329961816943, -0.3272329961816943, -0.3272329961816943, -1.3885748058107006, -1.3386106170383347]
Trust scores_s2 at iteration 74: [0.22699925077703004, 0.22699925077703004, 0.22699925077703004, 0.22699925077703004, 0.22699925077703004, 0.34825625209759997, 0.34825625209759997, 0.34825625209759997, 0.49977499999775, 0.5]
X.shape (10, 5)
s1 and s2 score at iteration 74
S_1 [0.5622933672573391, 0.5622933672573391, 0.5622933672573391, 0.5622933672573391, 0.5622933672573391, 0.3399344027827125, 0.3399344027827125, 0.3399344027827125, -0.5039697544017012, -0.007810833976261786]
S_2 [0.2, 0.2, 0.2, 0.2, 0.2, 0.3333333333333333, 0.3333333333333333, 0.3333333333333333, 0.5, 0.5]
Trust scores at iteration 75: [0.594454428867274, 0.594454428867274, 0.594454428867274, 0.594454428867274, 0.594454428867274, -0.19100293351500336, -0.19100293351500336, -0.19100293351500336, -2.0843178879794877, -1.2802240503162559]
Trust scores_s1 at iteration 75: [0.49992713951133994, 0.49992713951133994, 0.49992713951133994, 0.49992713951133994, 0.49992713951133994, 0.2393241584522583, 0.2393241584522583, 0.2393241584522583, -0.5421814439899688, -0.14011202515812793]
Trust scores_s2 at iteration 75: [0.202699925077703, 0.202699925077703, 0.202699925077703, 0.202699925077703, 0.202699925077703, 0.33482562520976, 0.33482562520976, 0.33482562520976, 0.49997749999977503, 0.5]
X.shape (10, 5)
s1 and s2 score at iteration 75
S_1 [0.5588170694856742, 0.5588170694856742, 0.5588170694856742, 0.5588170694856742, 0.5588170694856742, 0.5721639848754678, 0.5721639848754678, 0.5721639848754678, -0.3883878229511588, -0.29790221317376697]
S_2 [0.125, 0.125, 0.125, 0.125, 0.125, 0.125, 0.125, 0.125, 0.5, 0.5]
Trust scores at iteration 76: [0.7134510703495802, 0.7134510703495802, 0.7134510703495802, 0.7134510703495802, 0.7134510703495802, 0.6558997066484997, 0.6558997066484997, 0.6558997066484997, -1.7193563661848368, -1.4966153240961577]
Trust scores_s1 at iteration 76: [0.48949552768256044, 0.48949552768256044, 0.48949552768256044, 0.48949552768256044, 0.48949552768256044, 0.47393241584522583, 0.47393241584522583, 0.47393241584522583, -0.3596804330924409, -0.24830766204807883]
Trust scores_s2 at iteration 76: [0.1327699925077703, 0.1327699925077703, 0.1327699925077703, 0.1327699925077703, 0.1327699925077703, 0.145982562520976, 0.145982562520976, 0.145982562520976, 0.49999774999997754, 0.5]
X.shape (10, 5)
s1 and s2 score at iteration 76
S_1 [0.2552325571888743, 0.2552325571888743, 0.2552325571888743, 0.2552325571888743, 0.2552325571888743, -0.17806866565467944, -0.17806866565467944, -0.17806866565467944, 0.07700479659994358, -0.072303527951685]
S_2 [0.2, 0.2, 0.2, 0.2, 0.2, 0.3333333333333333, 0.3333333333333333, 0.3333333333333333, 0.5, 0.5]
Trust scores at iteration 77: [0.611345107034958, 0.611345107034958, 0.611345107034958, 0.611345107034958, 0.611345107034958, -1.1623150303833367, -1.1623150303833367, -1.1623150303833367, -0.8004016375735914, -1.3046179371615447]
Trust scores_s1 at iteration 77: [0.49894955276825603, 0.49894955276825603, 0.49894955276825603, 0.49894955276825603, 0.49894955276825603, -0.26655925893957083, -0.26655925893957083, -0.26655925893957083, 0.09979895621320208, -0.15230896858077242]
Trust scores_s2 at iteration 77: [0.19327699925077704, 0.19327699925077704, 0.19327699925077704, 0.19327699925077704, 0.19327699925077704, 0.3145982562520976, 0.3145982562520976, 0.3145982562520976, 0.49999977499999776, 0.5]
X.shape (10, 5)
s1 and s2 score at iteration 77
S_1 [0.7580215641545835, 0.7580215641545835, 0.7580215641545835, 0.7580215641545835, 0.7580215641545835, 0.8084046999950601, 0.8084046999950601, 0.8084046999950601, 0.082286949417748, 0.5412353507013177]
S_2 [0.125, 0.125, 0.125, 0.125, 0.125, 0.125, 0.125, 0.125, 0.5, 0.25]
Trust scores at iteration 78: [0.6800427756397265, 0.6800427756397265, 0.6800427756397265, 0.6800427756397265, 0.6800427756397265, 0.5587684969616664, 0.5587684969616664, 0.5587684969616664, -0.8884297927681433, 0.022097562549540706]
Trust scores_s1 at iteration 78: [0.47184908774494094, 0.47184908774494094, 0.47184908774494094, 0.47184908774494094, 0.47184908774494094, 0.4233440741060429, 0.4233440741060429, 0.4233440741060429, 0.05578508111592813, 0.2860487812747704]
Trust scores_s2 at iteration 78: [0.1318276999250777, 0.1318276999250777, 0.1318276999250777, 0.1318276999250777, 0.1318276999250777, 0.14395982562520976, 0.14395982562520976, 0.14395982562520976, 0.4999999774999998, 0.275]
X.shape (10, 5)
s1 and s2 score at iteration 78
S_1 [0.6248361224874043, 0.6248361224874043, 0.6248361224874043, 0.6248361224874043, 0.6248361224874043, 0.6491351195547923, 0.6491351195547923, 0.6491351195547923, -0.06440670940620047, 0.2706454874182303]
S_2 [0.125, 0.125, 0.125, 0.125, 0.125, 0.125, 0.125, 0.125, 0.5, 0.5]
Trust scores at iteration 79: [0.7093146855177928, 0.7093146855177928, 0.7093146855177928, 0.7093146855177928, 0.7093146855177928, 0.7308768496961667, 0.7308768496961667, 0.7308768496961667, -1.0781403177189808, -0.5225510503341785]
Trust scores_s1 at iteration 79: [0.48034011275140415, 0.48034011275140415, 0.48034011275140415, 0.48034011275140415, 0.48034011275140415, 0.4923344074106043, 0.4923344074106043, 0.4923344074106043, -0.039070161109490374, 0.2162244748329108]
Trust scores_s2 at iteration 79: [0.12568276999250777, 0.12568276999250777, 0.12568276999250777, 0.12568276999250777, 0.12568276999250777, 0.126895982562521, 0.126895982562521, 0.126895982562521, 0.49999999775, 0.47750000000000004]
X.shape (10, 5)
s1 and s2 score at iteration 79
S_1 [0.27677336978688166, 0.27677336978688166, 0.27677336978688166, 0.27677336978688166, 0.27677336978688166, 0.2423356338938015, 0.2423356338938015, 0.2423356338938015, -0.16249401140534486, -0.3133370781018657]
S_2 [0.2, 0.2, 0.2, 0.2, 0.2, 0.25, 0.25, 0.25, 0.25, 0.5]
Trust scores at iteration 80: [0.6109314685517793, 0.6109314685517793, 0.6109314685517793, 0.6109314685517793, 0.6109314685517793, 0.41110450419020206, 0.41110450419020206, 0.41110450419020206, -1.0862052219265732, -1.971151433494587]
Trust scores_s1 at iteration 80: [0.4980340112751404, 0.4980340112751404, 0.4980340112751404, 0.4980340112751404, 0.4980340112751404, 0.44324185035135316, 0.44324185035135316, 0.44324185035135316, -0.26810261118828654, -0.4878257167472933]
Trust scores_s2 at iteration 80: [0.1925682769992508, 0.1925682769992508, 0.1925682769992508, 0.1925682769992508, 0.1925682769992508, 0.2376895982562521, 0.2376895982562521, 0.2376895982562521, 0.274999999775, 0.49775]
X.shape (10, 5)
s1 and s2 score at iteration 80
S_1 [0.19186341134444493, 0.19186341134444493, 0.19186341134444493, 0.19186341134444493, 0.19186341134444493, -0.3447141113011662, -0.3447141113011662, -0.3447141113011662, 0.21924588970859998, 0.008058980430218207]
S_2 [0.2, 0.2, 0.2, 0.2, 0.2, 0.3333333333333333, 0.3333333333333333, 0.3333333333333333, 0.5, 0.5]
Trust scores at iteration 81: [0.4886886198627028, 0.4886886198627028, 0.4886886198627028, 0.4886886198627028, 0.4886886198627028, -1.9739340942399177, -1.9739340942399177, -1.9739340942399177, -0.10862052219265733, -1.0640331895813107]
Trust scores_s1 at iteration 81: [0.44360113763127645, 0.44360113763127645, 0.44360113763127645, 0.44360113763127645, 0.44360113763127645, -0.6631980872943336, -0.6631980872943336, -0.6631980872943336, 0.42318973888117134, -0.03224159479065532]
Trust scores_s2 at iteration 81: [0.1992568276999251, 0.1992568276999251, 0.1992568276999251, 0.1992568276999251, 0.1992568276999251, 0.3237689598256252, 0.3237689598256252, 0.3237689598256252, 0.47749999997750003, 0.499775]
X.shape (10, 5)
s1 and s2 score at iteration 81
S_1 [1.0, 1.0, 1.0, 1.0, 1.0, 1.0, 1.0, 1.0, 1.0, 1.0]
S_2 [0.1, 0.1, 0.1, 0.1, 0.1, 0.1, 0.1, 0.1, 0.1, 0.1]
Trust scores at iteration 82: [0.04886886198627028, 0.04886886198627028, 0.04886886198627028, 0.04886886198627028, 0.04886886198627028, -0.19739340942399178, -0.19739340942399178, -0.19739340942399178, -0.010862052219265735, -0.10640331895813107]
Trust scores_s1 at iteration 82: [0.49436011376312766, 0.49436011376312766, 0.49436011376312766, 0.49436011376312766, 0.49436011376312766, 0.38368019127056663, 0.38368019127056663, 0.38368019127056663, 0.49231897388811713, 0.4467758405209345]
Trust scores_s2 at iteration 82: [0.4699256827699925, 0.4699256827699925, 0.4699256827699925, 0.4699256827699925, 0.4699256827699925, 0.4823768959825625, 0.4823768959825625, 0.4823768959825625, 0.49774999999775005, 0.4999775]
X.shape (10, 5)
s1 and s2 score at iteration 82
S_1 [1.0, 1.0, 1.0, 1.0, 1.0, 1.0, 1.0, 1.0, 1.0, 1.0]
S_2 [0.1, 0.1, 0.1, 0.1, 0.1, 0.1, 0.1, 0.1, 0.1, 0.1]
Trust scores at iteration 83: [0.004886886198627028, 0.004886886198627028, 0.004886886198627028, 0.004886886198627028, 0.004886886198627028, -0.01973934094239918, -0.01973934094239918, -0.01973934094239918, -0.0010862052219265735, -0.010640331895813107]
Trust scores_s1 at iteration 83: [0.49943601137631277, 0.49943601137631277, 0.49943601137631277, 0.49943601137631277, 0.49943601137631277, 0.4883680191270567, 0.4883680191270567, 0.4883680191270567, 0.49923189738881174, 0.49467758405209344]
Trust scores_s2 at iteration 83: [0.4969925682769993, 0.4969925682769993, 0.4969925682769993, 0.4969925682769993, 0.4969925682769993, 0.49823768959825626, 0.49823768959825626, 0.49823768959825626, 0.49977499999977504, 0.49999775]
X.shape (10, 5)
s1 and s2 score at iteration 83
S_1 [1.0, 1.0, 1.0, 1.0, 1.0, 1.0, 1.0, 1.0, 1.0, 1.0]
S_2 [0.1, 0.1, 0.1, 0.1, 0.1, 0.1, 0.1, 0.1, 0.1, 0.1]
Trust scores at iteration 84: [0.0004886886198627029, 0.0004886886198627029, 0.0004886886198627029, 0.0004886886198627029, 0.0004886886198627029, -0.001973934094239918, -0.001973934094239918, -0.001973934094239918, -0.00010862052219265736, -0.0010640331895813108]
Trust scores_s1 at iteration 84: [0.4999436011376313, 0.4999436011376313, 0.4999436011376313, 0.4999436011376313, 0.4999436011376313, 0.4988368019127057, 0.4988368019127057, 0.4988368019127057, 0.49992318973888117, 0.49946775840520935]
Trust scores_s2 at iteration 84: [0.49969925682769994, 0.49969925682769994, 0.49969925682769994, 0.49969925682769994, 0.49969925682769994, 0.4998237689598256, 0.4998237689598256, 0.4998237689598256, 0.49997749999997754, 0.49999977500000004]
X.shape (10, 5)
s1 and s2 score at iteration 84
S_1 [0.9999999999999998, 0.9999999999999998, 0.9999999999999998, 0.9999999999999998, 0.9999999999999998, 0.9999999999999998, 0.9999999999999998, 0.9999999999999998, 0.9999999999999998, 0.9999999999999998]
S_2 [0.1, 0.1, 0.1, 0.1, 0.1, 0.1, 0.1, 0.1, 0.1, 0.1]
Trust scores at iteration 85: [4.886886198627029e-05, 4.886886198627029e-05, 4.886886198627029e-05, 4.886886198627029e-05, 4.886886198627029e-05, -0.0001973934094239918, -0.0001973934094239918, -0.0001973934094239918, -1.0862052219265736e-05, -0.00010640331895813108]
Trust scores_s1 at iteration 85: [0.49999436011376314, 0.49999436011376314, 0.49999436011376314, 0.49999436011376314, 0.49999436011376314, 0.4998836801912706, 0.4998836801912706, 0.4998836801912706, 0.49999231897388813, 0.49994677584052094]
Trust scores_s2 at iteration 85: [0.49996992568277, 0.49996992568277, 0.49996992568277, 0.49996992568277, 0.49996992568277, 0.49998237689598257, 0.49998237689598257, 0.49998237689598257, 0.4999977499999978, 0.4999999775]
X.shape (10, 5)
s1 and s2 score at iteration 85
S_1 [1.0, 1.0, 1.0, 1.0, 1.0, 1.0, 1.0, 1.0, 1.0, 1.0]
S_2 [0.1, 0.1, 0.1, 0.1, 0.1, 0.1, 0.1, 0.1, 0.1, 0.1]
Trust scores at iteration 86: [4.8868861986270296e-06, 4.8868861986270296e-06, 4.8868861986270296e-06, 4.8868861986270296e-06, 4.8868861986270296e-06, -1.9739340942399183e-05, -1.9739340942399183e-05, -1.9739340942399183e-05, -1.0862052219265736e-06, -1.0640331895813109e-05]
Trust scores_s1 at iteration 86: [0.4999994360113763, 0.4999994360113763, 0.4999994360113763, 0.4999994360113763, 0.4999994360113763, 0.49998836801912705, 0.49998836801912705, 0.49998836801912705, 0.4999992318973888, 0.49999467758405214]
Trust scores_s2 at iteration 86: [0.499996992568277, 0.499996992568277, 0.499996992568277, 0.499996992568277, 0.499996992568277, 0.4999982376895983, 0.4999982376895983, 0.4999982376895983, 0.4999997749999998, 0.49999999775000004]
X.shape (10, 5)
s1 and s2 score at iteration 86
S_1 [0.9999999999999998, 0.9999999999999998, 0.9999999999999998, 0.9999999999999998, 0.9999999999999998, 0.9999999999999998, 0.9999999999999998, 0.9999999999999998, 0.9999999999999998, 0.9999999999999998]
S_2 [0.1, 0.1, 0.1, 0.1, 0.1, 0.1, 0.1, 0.1, 0.1, 0.1]
Trust scores at iteration 87: [4.886886198627029e-07, 4.886886198627029e-07, 4.886886198627029e-07, 4.886886198627029e-07, 4.886886198627029e-07, -1.9739340942399183e-06, -1.9739340942399183e-06, -1.9739340942399183e-06, -1.0862052219265737e-07, -1.064033189581311e-06]
Trust scores_s1 at iteration 87: [0.49999994360113764, 0.49999994360113764, 0.49999994360113764, 0.49999994360113764, 0.49999994360113764, 0.4999988368019127, 0.4999988368019127, 0.4999988368019127, 0.4999999231897389, 0.4999994677584052]
Trust scores_s2 at iteration 87: [0.49999969925682775, 0.49999969925682775, 0.49999969925682775, 0.49999969925682775, 0.49999969925682775, 0.49999982376895985, 0.49999982376895985, 0.49999982376895985, 0.4999999775, 0.49999999977500004]
X.shape (10, 5)
s1 and s2 score at iteration 87
S_1 [0.9999999999999998, 0.9999999999999998, 0.9999999999999998, 0.9999999999999998, 0.9999999999999998, 0.9999999999999998, 0.9999999999999998, 0.9999999999999998, 0.9999999999999998, 0.9999999999999998]
S_2 [0.1, 0.1, 0.1, 0.1, 0.1, 0.1, 0.1, 0.1, 0.1, 0.1]
Trust scores at iteration 88: [4.88688619862703e-08, 4.88688619862703e-08, 4.88688619862703e-08, 4.88688619862703e-08, 4.88688619862703e-08, -1.9739340942399185e-07, -1.9739340942399185e-07, -1.9739340942399185e-07, -1.0862052219265738e-08, -1.064033189581311e-07]
Trust scores_s1 at iteration 88: [0.4999999943601138, 0.4999999943601138, 0.4999999943601138, 0.4999999943601138, 0.4999999943601138, 0.49999988368019127, 0.49999988368019127, 0.49999988368019127, 0.4999999923189739, 0.49999994677584053]
Trust scores_s2 at iteration 88: [0.4999999699256828, 0.4999999699256828, 0.4999999699256828, 0.4999999699256828, 0.4999999699256828, 0.499999982376896, 0.499999982376896, 0.499999982376896, 0.49999999775000004, 0.4999999999775]
X.shape (10, 5)
s1 and s2 score at iteration 88
S_1 [1.0, 1.0, 1.0, 1.0, 1.0, 1.0, 1.0, 1.0, 1.0, 1.0]
S_2 [0.1, 0.1, 0.1, 0.1, 0.1, 0.1, 0.1, 0.1, 0.1, 0.1]
Trust scores at iteration 89: [4.88688619862703e-09, 4.88688619862703e-09, 4.88688619862703e-09, 4.88688619862703e-09, 4.88688619862703e-09, -1.9739340942399187e-08, -1.9739340942399187e-08, -1.9739340942399187e-08, -1.0862052219265739e-09, -1.064033189581311e-08]
Trust scores_s1 at iteration 89: [0.49999999943601137, 0.49999999943601137, 0.49999999943601137, 0.49999999943601137, 0.49999999943601137, 0.4999999883680191, 0.4999999883680191, 0.4999999883680191, 0.4999999992318974, 0.49999999467758405]
Trust scores_s2 at iteration 89: [0.4999999969925683, 0.4999999969925683, 0.4999999969925683, 0.4999999969925683, 0.4999999969925683, 0.4999999982376896, 0.4999999982376896, 0.4999999982376896, 0.49999999977500004, 0.49999999999775]
X.shape (10, 5)
s1 and s2 score at iteration 89
S_1 [0.9999999999999998, 0.9999999999999998, 0.9999999999999998, 0.9999999999999998, 0.9999999999999998, 0.9999999999999998, 0.9999999999999998, 0.9999999999999998, 0.9999999999999998, 0.9999999999999998]
S_2 [0.1, 0.1, 0.1, 0.1, 0.1, 0.1, 0.1, 0.1, 0.1, 0.1]
Trust scores at iteration 90: [4.886886198627031e-10, 4.886886198627031e-10, 4.886886198627031e-10, 4.886886198627031e-10, 4.886886198627031e-10, -1.973934094239919e-09, -1.973934094239919e-09, -1.973934094239919e-09, -1.086205221926574e-10, -1.0640331895813112e-09]
Trust scores_s1 at iteration 90: [0.49999999994360117, 0.49999999994360117, 0.49999999994360117, 0.49999999994360117, 0.49999999994360117, 0.4999999988368019, 0.4999999988368019, 0.4999999988368019, 0.4999999999231898, 0.4999999994677584]
Trust scores_s2 at iteration 90: [0.49999999969925685, 0.49999999969925685, 0.49999999969925685, 0.49999999969925685, 0.49999999969925685, 0.49999999982376897, 0.49999999982376897, 0.49999999982376897, 0.4999999999775, 0.499999999999775]
X.shape (10, 5)
s1 and s2 score at iteration 90
S_1 [1.0, 1.0, 1.0, 1.0, 1.0, 1.0, 1.0, 1.0, 1.0, 1.0]
S_2 [0.1, 0.1, 0.1, 0.1, 0.1, 0.1, 0.1, 0.1, 0.1, 0.1]
Trust scores at iteration 91: [4.886886198627031e-11, 4.886886198627031e-11, 4.886886198627031e-11, 4.886886198627031e-11, 4.886886198627031e-11, -1.973934094239919e-10, -1.973934094239919e-10, -1.973934094239919e-10, -1.086205221926574e-11, -1.0640331895813113e-10]
Trust scores_s1 at iteration 91: [0.4999999999943601, 0.4999999999943601, 0.4999999999943601, 0.4999999999943601, 0.4999999999943601, 0.4999999998836802, 0.4999999998836802, 0.4999999998836802, 0.499999999992319, 0.49999999994677585]
Trust scores_s2 at iteration 91: [0.4999999999699257, 0.4999999999699257, 0.4999999999699257, 0.4999999999699257, 0.4999999999699257, 0.49999999998237693, 0.49999999998237693, 0.49999999998237693, 0.49999999999775, 0.4999999999999775]
X.shape (10, 5)
s1 and s2 score at iteration 91
S_1 [1.0, 1.0, 1.0, 1.0, 1.0, 1.0, 1.0, 1.0, 1.0, 1.0]
S_2 [0.1, 0.1, 0.1, 0.1, 0.1, 0.1, 0.1, 0.1, 0.1, 0.1]
Trust scores at iteration 92: [4.8868861986270315e-12, 4.8868861986270315e-12, 4.8868861986270315e-12, 4.8868861986270315e-12, 4.8868861986270315e-12, -1.973934094239919e-11, -1.973934094239919e-11, -1.973934094239919e-11, -1.086205221926574e-12, -1.0640331895813113e-11]
Trust scores_s1 at iteration 92: [0.499999999999436, 0.499999999999436, 0.499999999999436, 0.499999999999436, 0.499999999999436, 0.499999999988368, 0.499999999988368, 0.499999999988368, 0.4999999999992319, 0.4999999999946776]
Trust scores_s2 at iteration 92: [0.4999999999969926, 0.4999999999969926, 0.4999999999969926, 0.4999999999969926, 0.4999999999969926, 0.4999999999982377, 0.4999999999982377, 0.4999999999982377, 0.499999999999775, 0.4999999999999978]
X.shape (10, 5)
s1 and s2 score at iteration 92
S_1 [1.0, 1.0, 1.0, 1.0, 1.0, 1.0, 1.0, 1.0, 1.0, 1.0]
S_2 [0.1, 0.1, 0.1, 0.1, 0.1, 0.1, 0.1, 0.1, 0.1, 0.1]
Trust scores at iteration 93: [4.886886198627031e-13, 4.886886198627031e-13, 4.886886198627031e-13, 4.886886198627031e-13, 4.886886198627031e-13, -1.973934094239919e-12, -1.973934094239919e-12, -1.973934094239919e-12, -1.086205221926574e-13, -1.0640331895813113e-12]
Trust scores_s1 at iteration 93: [0.4999999999999436, 0.4999999999999436, 0.4999999999999436, 0.4999999999999436, 0.4999999999999436, 0.4999999999988368, 0.4999999999988368, 0.4999999999988368, 0.4999999999999232, 0.49999999999946776]
Trust scores_s2 at iteration 93: [0.49999999999969924, 0.49999999999969924, 0.49999999999969924, 0.49999999999969924, 0.49999999999969924, 0.4999999999998238, 0.4999999999998238, 0.4999999999998238, 0.4999999999999775, 0.4999999999999998]
X.shape (10, 5)
s1 and s2 score at iteration 93
S_1 [1.0, 1.0, 1.0, 1.0, 1.0, 1.0, 1.0, 1.0, 1.0, 1.0]
S_2 [0.1, 0.1, 0.1, 0.1, 0.1, 0.1, 0.1, 0.1, 0.1, 0.1]
Trust scores at iteration 94: [4.886886198627032e-14, 4.886886198627032e-14, 4.886886198627032e-14, 4.886886198627032e-14, 4.886886198627032e-14, -1.9739340942399193e-13, -1.9739340942399193e-13, -1.9739340942399193e-13, -1.0862052219265741e-14, -1.0640331895813113e-13]
Trust scores_s1 at iteration 94: [0.4999999999999944, 0.4999999999999944, 0.4999999999999944, 0.4999999999999944, 0.4999999999999944, 0.4999999999998837, 0.4999999999998837, 0.4999999999998837, 0.49999999999999234, 0.4999999999999468]
Trust scores_s2 at iteration 94: [0.4999999999999699, 0.4999999999999699, 0.4999999999999699, 0.4999999999999699, 0.4999999999999699, 0.4999999999999824, 0.4999999999999824, 0.4999999999999824, 0.4999999999999978, 0.5]
X.shape (10, 5)
s1 and s2 score at iteration 94
S_1 [1.0, 1.0, 1.0, 1.0, 1.0, 1.0, 1.0, 1.0, 1.0, 1.0]
S_2 [0.1, 0.1, 0.1, 0.1, 0.1, 0.1, 0.1, 0.1, 0.1, 0.1]
Trust scores at iteration 95: [4.8868861986270325e-15, 4.8868861986270325e-15, 4.8868861986270325e-15, 4.8868861986270325e-15, 4.8868861986270325e-15, -1.9739340942399193e-14, -1.9739340942399193e-14, -1.9739340942399193e-14, -1.0862052219265743e-15, -1.0640331895813114e-14]
Trust scores_s1 at iteration 95: [0.49999999999999944, 0.49999999999999944, 0.49999999999999944, 0.49999999999999944, 0.49999999999999944, 0.4999999999999884, 0.4999999999999884, 0.4999999999999884, 0.4999999999999992, 0.49999999999999467]
Trust scores_s2 at iteration 95: [0.499999999999997, 0.499999999999997, 0.499999999999997, 0.499999999999997, 0.499999999999997, 0.4999999999999982, 0.4999999999999982, 0.4999999999999982, 0.4999999999999998, 0.5]
X.shape (10, 5)
s1 and s2 score at iteration 95
S_1 [1.0, 1.0, 1.0, 1.0, 1.0, 1.0, 1.0, 1.0, 1.0, 1.0]
S_2 [0.1, 0.1, 0.1, 0.1, 0.1, 0.1, 0.1, 0.1, 0.1, 0.1]
Trust scores at iteration 96: [4.886886198627033e-16, 4.886886198627033e-16, 4.886886198627033e-16, 4.886886198627033e-16, 4.886886198627033e-16, -1.9739340942399193e-15, -1.9739340942399193e-15, -1.9739340942399193e-15, -1.0862052219265743e-16, -1.0640331895813114e-15]
Trust scores_s1 at iteration 96: [0.49999999999999994, 0.49999999999999994, 0.49999999999999994, 0.49999999999999994, 0.49999999999999994, 0.49999999999999883, 0.49999999999999883, 0.49999999999999883, 0.49999999999999994, 0.4999999999999995]
Trust scores_s2 at iteration 96: [0.4999999999999997, 0.4999999999999997, 0.4999999999999997, 0.4999999999999997, 0.4999999999999997, 0.49999999999999983, 0.49999999999999983, 0.49999999999999983, 0.5, 0.5]
X.shape (10, 5)
s1 and s2 score at iteration 96
S_1 [1.0, 1.0, 1.0, 1.0, 1.0, 1.0, 1.0, 1.0, 1.0, 1.0]
S_2 [0.1, 0.1, 0.1, 0.1, 0.1, 0.1, 0.1, 0.1, 0.1, 0.1]
Trust scores at iteration 97: [4.8868861986270336e-17, 4.8868861986270336e-17, 4.8868861986270336e-17, 4.8868861986270336e-17, 4.8868861986270336e-17, -1.9739340942399193e-16, -1.9739340942399193e-16, -1.9739340942399193e-16, -1.0862052219265744e-17, -1.0640331895813115e-16]
Trust scores_s1 at iteration 97: [0.5, 0.5, 0.5, 0.5, 0.5, 0.4999999999999999, 0.4999999999999999, 0.4999999999999999, 0.5, 0.49999999999999994]
Trust scores_s2 at iteration 97: [0.5, 0.5, 0.5, 0.5, 0.5, 0.5, 0.5, 0.5, 0.5, 0.5]
X.shape (10, 5)
s1 and s2 score at iteration 97
S_1 [1.0, 1.0, 1.0, 1.0, 1.0, 1.0, 1.0, 1.0, 1.0, 1.0]
S_2 [0.1, 0.1, 0.1, 0.1, 0.1, 0.1, 0.1, 0.1, 0.1, 0.1]
Trust scores at iteration 98: [4.8868861986270336e-18, 4.8868861986270336e-18, 4.8868861986270336e-18, 4.8868861986270336e-18, 4.8868861986270336e-18, -1.9739340942399193e-17, -1.9739340942399193e-17, -1.9739340942399193e-17, -1.0862052219265745e-18, -1.0640331895813116e-17]
Trust scores_s1 at iteration 98: [0.5, 0.5, 0.5, 0.5, 0.5, 0.5, 0.5, 0.5, 0.5, 0.5]
Trust scores_s2 at iteration 98: [0.5, 0.5, 0.5, 0.5, 0.5, 0.5, 0.5, 0.5, 0.5, 0.5]
X.shape (10, 5)
s1 and s2 score at iteration 98
S_1 [1.0, 1.0, 1.0, 1.0, 1.0, 1.0, 1.0, 1.0, 1.0, 1.0]
S_2 [0.1, 0.1, 0.1, 0.1, 0.1, 0.1, 0.1, 0.1, 0.1, 0.1]
Trust scores at iteration 99: [4.886886198627034e-19, 4.886886198627034e-19, 4.886886198627034e-19, 4.886886198627034e-19, 4.886886198627034e-19, -1.9739340942399194e-18, -1.9739340942399194e-18, -1.9739340942399194e-18, -1.0862052219265746e-19, -1.0640331895813116e-18]
Trust scores_s1 at iteration 99: [0.5, 0.5, 0.5, 0.5, 0.5, 0.5, 0.5, 0.5, 0.5, 0.5]
Trust scores_s2 at iteration 99: [0.5, 0.5, 0.5, 0.5, 0.5, 0.5, 0.5, 0.5, 0.5, 0.5]
X.shape (10, 5)
s1 and s2 score at iteration 99
S_1 [1.0, 1.0, 1.0, 1.0, 1.0, 1.0, 1.0, 1.0, 1.0, 1.0]
S_2 [0.1, 0.1, 0.1, 0.1, 0.1, 0.1, 0.1, 0.1, 0.1, 0.1]
Trust scores at iteration 100: [4.8868861986270344e-20, 4.8868861986270344e-20, 4.8868861986270344e-20, 4.8868861986270344e-20, 4.8868861986270344e-20, -1.9739340942399196e-19, -1.9739340942399196e-19, -1.9739340942399196e-19, -1.0862052219265747e-20, -1.0640331895813117e-19]
Trust scores_s1 at iteration 100: [0.5, 0.5, 0.5, 0.5, 0.5, 0.5, 0.5, 0.5, 0.5, 0.5]
Trust scores_s2 at iteration 100: [0.5, 0.5, 0.5, 0.5, 0.5, 0.5, 0.5, 0.5, 0.5, 0.5]
