chunks.shape 518399
chunks[0].shape 5
Loaded Tower 5 data for Tower 2 without noise: 518399 chunks
chunks.shape 518399
chunks[0].shape 5
Loaded Tower 5 data for Tower 3 without noise: 518399 chunks
chunks.shape 518399
chunks[0].shape 5
Loaded Tower 5 data for Tower 4 without noise: 518399 chunks
chunks.shape 518399
chunks[0].shape 5
Loaded Tower 5 data for Tower 5 without noise: 518399 chunks
chunks.shape 518399
chunks[0].shape 5
Loaded Tower 5 data for Tower 6 without noise: 518399 chunks
chunks.shape 518399
chunks[0].shape 5
Loaded Tower 5 data for Tower 7 with same noise (chunks 60-80): 518399 chunks
chunks.shape 518399
chunks[0].shape 5
Loaded Tower 5 data for Tower 8 with same noise (chunks 60-80): 518399 chunks
chunks.shape 518399
chunks[0].shape 5
Loaded Tower 5 data for Tower 9 with same noise (chunks 60-80): 518399 chunks
chunks.shape 518399
chunks[0].shape 5
Loaded Tower 5 data for Tower 10 with random noise (chunks 60-80): 518399 chunks
chunks.shape 518399
chunks[0].shape 5
Loaded Tower 5 data for Tower 11 with random noise (chunks 60-80): 518399 chunks
X.shape (10, 5)
s1 and s2 score at iteration 0
S_1 [1.0, 1.0, 1.0, 1.0, 1.0, 1.0, 1.0, 1.0, 1.0, 1.0]
S_2 [0.1, 0.1, 0.1, 0.1, 0.1, 0.1, 0.1, 0.1, 0.1, 0.1]
Trust scores at iteration 1: [0.0, 0.0, 0.0, 0.0, 0.0, 0.0, 0.0, 0.0, 0.0, 0.0]
Trust scores_s1 at iteration 1: [0.07500000000000001, 0.07500000000000001, 0.07500000000000001, 0.07500000000000001, 0.07500000000000001, 0.07500000000000001, 0.07500000000000001, 0.07500000000000001, 0.07500000000000001, 0.07500000000000001]
Trust scores_s2 at iteration 1: [0.07500000000000001, 0.07500000000000001, 0.07500000000000001, 0.07500000000000001, 0.07500000000000001, 0.07500000000000001, 0.07500000000000001, 0.07500000000000001, 0.07500000000000001, 0.07500000000000001]
X.shape (10, 5)
s1 and s2 score at iteration 1
S_1 [1.0, 1.0, 1.0, 1.0, 1.0, 1.0, 1.0, 1.0, 1.0, 1.0]
S_2 [0.1, 0.1, 0.1, 0.1, 0.1, 0.1, 0.1, 0.1, 0.1, 0.1]
Trust scores at iteration 2: [0.0, 0.0, 0.0, 0.0, 0.0, 0.0, 0.0, 0.0, 0.0, 0.0]
Trust scores_s1 at iteration 2: [0.13875, 0.13875, 0.13875, 0.13875, 0.13875, 0.13875, 0.13875, 0.13875, 0.13875, 0.13875]
Trust scores_s2 at iteration 2: [0.13875, 0.13875, 0.13875, 0.13875, 0.13875, 0.13875, 0.13875, 0.13875, 0.13875, 0.13875]
X.shape (10, 5)
s1 and s2 score at iteration 2
S_1 [1.0, 1.0, 1.0, 1.0, 1.0, 1.0, 1.0, 1.0, 1.0, 1.0]
S_2 [0.1, 0.1, 0.1, 0.1, 0.1, 0.1, 0.1, 0.1, 0.1, 0.1]
Trust scores at iteration 3: [0.0, 0.0, 0.0, 0.0, 0.0, 0.0, 0.0, 0.0, 0.0, 0.0]
Trust scores_s1 at iteration 3: [0.1929375, 0.1929375, 0.1929375, 0.1929375, 0.1929375, 0.1929375, 0.1929375, 0.1929375, 0.1929375, 0.1929375]
Trust scores_s2 at iteration 3: [0.1929375, 0.1929375, 0.1929375, 0.1929375, 0.1929375, 0.1929375, 0.1929375, 0.1929375, 0.1929375, 0.1929375]
X.shape (10, 5)
s1 and s2 score at iteration 3
S_1 [1.0, 1.0, 1.0, 1.0, 1.0, 1.0, 1.0, 1.0, 1.0, 1.0]
S_2 [0.1, 0.1, 0.1, 0.1, 0.1, 0.1, 0.1, 0.1, 0.1, 0.1]
Trust scores at iteration 4: [0.0, 0.0, 0.0, 0.0, 0.0, 0.0, 0.0, 0.0, 0.0, 0.0]
Trust scores_s1 at iteration 4: [0.23899687500000003, 0.23899687500000003, 0.23899687500000003, 0.23899687500000003, 0.23899687500000003, 0.23899687500000003, 0.23899687500000003, 0.23899687500000003, 0.23899687500000003, 0.23899687500000003]
Trust scores_s2 at iteration 4: [0.23899687500000003, 0.23899687500000003, 0.23899687500000003, 0.23899687500000003, 0.23899687500000003, 0.23899687500000003, 0.23899687500000003, 0.23899687500000003, 0.23899687500000003, 0.23899687500000003]
X.shape (10, 5)
s1 and s2 score at iteration 4
S_1 [0.9999999999999998, 0.9999999999999998, 0.9999999999999998, 0.9999999999999998, 0.9999999999999998, 0.9999999999999998, 0.9999999999999998, 0.9999999999999998, 0.9999999999999998, 0.9999999999999998]
S_2 [0.1, 0.1, 0.1, 0.1, 0.1, 0.1, 0.1, 0.1, 0.1, 0.1]
Trust scores at iteration 5: [0.0, 0.0, 0.0, 0.0, 0.0, 0.0, 0.0, 0.0, 0.0, 0.0]
Trust scores_s1 at iteration 5: [0.27814734375000005, 0.27814734375000005, 0.27814734375000005, 0.27814734375000005, 0.27814734375000005, 0.27814734375000005, 0.27814734375000005, 0.27814734375000005, 0.27814734375000005, 0.27814734375000005]
Trust scores_s2 at iteration 5: [0.27814734375000005, 0.27814734375000005, 0.27814734375000005, 0.27814734375000005, 0.27814734375000005, 0.27814734375000005, 0.27814734375000005, 0.27814734375000005, 0.27814734375000005, 0.27814734375000005]
X.shape (10, 5)
s1 and s2 score at iteration 5
S_1 [1.0, 1.0, 1.0, 1.0, 1.0, 1.0, 1.0, 1.0, 1.0, 1.0]
S_2 [0.1, 0.1, 0.1, 0.1, 0.1, 0.1, 0.1, 0.1, 0.1, 0.1]
Trust scores at iteration 6: [0.0, 0.0, 0.0, 0.0, 0.0, 0.0, 0.0, 0.0, 0.0, 0.0]
Trust scores_s1 at iteration 6: [0.31142524218750006, 0.31142524218750006, 0.31142524218750006, 0.31142524218750006, 0.31142524218750006, 0.31142524218750006, 0.31142524218750006, 0.31142524218750006, 0.31142524218750006, 0.31142524218750006]
Trust scores_s2 at iteration 6: [0.31142524218750006, 0.31142524218750006, 0.31142524218750006, 0.31142524218750006, 0.31142524218750006, 0.31142524218750006, 0.31142524218750006, 0.31142524218750006, 0.31142524218750006, 0.31142524218750006]
X.shape (10, 5)
s1 and s2 score at iteration 6
S_1 [1.0, 1.0, 1.0, 1.0, 1.0, 1.0, 1.0, 1.0, 1.0, 1.0]
S_2 [0.1, 0.1, 0.1, 0.1, 0.1, 0.1, 0.1, 0.1, 0.1, 0.1]
Trust scores at iteration 7: [0.0, 0.0, 0.0, 0.0, 0.0, 0.0, 0.0, 0.0, 0.0, 0.0]
Trust scores_s1 at iteration 7: [0.33971145585937507, 0.33971145585937507, 0.33971145585937507, 0.33971145585937507, 0.33971145585937507, 0.33971145585937507, 0.33971145585937507, 0.33971145585937507, 0.33971145585937507, 0.33971145585937507]
Trust scores_s2 at iteration 7: [0.33971145585937507, 0.33971145585937507, 0.33971145585937507, 0.33971145585937507, 0.33971145585937507, 0.33971145585937507, 0.33971145585937507, 0.33971145585937507, 0.33971145585937507, 0.33971145585937507]
X.shape (10, 5)
s1 and s2 score at iteration 7
S_1 [0.9999999999999998, 0.9999999999999998, 0.9999999999999998, 0.9999999999999998, 0.9999999999999998, 0.9999999999999998, 0.9999999999999998, 0.9999999999999998, 0.9999999999999998, 0.9999999999999998]
S_2 [0.1, 0.1, 0.1, 0.1, 0.1, 0.1, 0.1, 0.1, 0.1, 0.1]
Trust scores at iteration 8: [0.0, 0.0, 0.0, 0.0, 0.0, 0.0, 0.0, 0.0, 0.0, 0.0]
Trust scores_s1 at iteration 8: [0.3637547374804688, 0.3637547374804688, 0.3637547374804688, 0.3637547374804688, 0.3637547374804688, 0.3637547374804688, 0.3637547374804688, 0.3637547374804688, 0.3637547374804688, 0.3637547374804688]
Trust scores_s2 at iteration 8: [0.3637547374804688, 0.3637547374804688, 0.3637547374804688, 0.3637547374804688, 0.3637547374804688, 0.3637547374804688, 0.3637547374804688, 0.3637547374804688, 0.3637547374804688, 0.3637547374804688]
X.shape (10, 5)
s1 and s2 score at iteration 8
S_1 [1.0, 1.0, 1.0, 1.0, 1.0, 1.0, 1.0, 1.0, 1.0, 1.0]
S_2 [0.1, 0.1, 0.1, 0.1, 0.1, 0.1, 0.1, 0.1, 0.1, 0.1]
Trust scores at iteration 9: [0.0, 0.0, 0.0, 0.0, 0.0, 0.0, 0.0, 0.0, 0.0, 0.0]
Trust scores_s1 at iteration 9: [0.3841915268583985, 0.3841915268583985, 0.3841915268583985, 0.3841915268583985, 0.3841915268583985, 0.3841915268583985, 0.3841915268583985, 0.3841915268583985, 0.3841915268583985, 0.3841915268583985]
Trust scores_s2 at iteration 9: [0.3841915268583985, 0.3841915268583985, 0.3841915268583985, 0.3841915268583985, 0.3841915268583985, 0.3841915268583985, 0.3841915268583985, 0.3841915268583985, 0.3841915268583985, 0.3841915268583985]
X.shape (10, 5)
s1 and s2 score at iteration 9
S_1 [1.0, 1.0, 1.0, 1.0, 1.0, 1.0, 1.0, 1.0, 1.0, 1.0]
S_2 [0.1, 0.1, 0.1, 0.1, 0.1, 0.1, 0.1, 0.1, 0.1, 0.1]
Trust scores at iteration 10: [0.0, 0.0, 0.0, 0.0, 0.0, 0.0, 0.0, 0.0, 0.0, 0.0]
Trust scores_s1 at iteration 10: [0.4015627978296388, 0.4015627978296388, 0.4015627978296388, 0.4015627978296388, 0.4015627978296388, 0.4015627978296388, 0.4015627978296388, 0.4015627978296388, 0.4015627978296388, 0.4015627978296388]
Trust scores_s2 at iteration 10: [0.4015627978296388, 0.4015627978296388, 0.4015627978296388, 0.4015627978296388, 0.4015627978296388, 0.4015627978296388, 0.4015627978296388, 0.4015627978296388, 0.4015627978296388, 0.4015627978296388]
X.shape (10, 5)
s1 and s2 score at iteration 10
S_1 [1.0, 1.0, 1.0, 1.0, 1.0, 1.0, 1.0, 1.0, 1.0, 1.0]
S_2 [0.1, 0.1, 0.1, 0.1, 0.1, 0.1, 0.1, 0.1, 0.1, 0.1]
Trust scores at iteration 11: [0.0, 0.0, 0.0, 0.0, 0.0, 0.0, 0.0, 0.0, 0.0, 0.0]
Trust scores_s1 at iteration 11: [0.41632837815519297, 0.41632837815519297, 0.41632837815519297, 0.41632837815519297, 0.41632837815519297, 0.41632837815519297, 0.41632837815519297, 0.41632837815519297, 0.41632837815519297, 0.41632837815519297]
Trust scores_s2 at iteration 11: [0.41632837815519297, 0.41632837815519297, 0.41632837815519297, 0.41632837815519297, 0.41632837815519297, 0.41632837815519297, 0.41632837815519297, 0.41632837815519297, 0.41632837815519297, 0.41632837815519297]
X.shape (10, 5)
s1 and s2 score at iteration 11
S_1 [1.0, 1.0, 1.0, 1.0, 1.0, 1.0, 1.0, 1.0, 1.0, 1.0]
S_2 [0.1, 0.1, 0.1, 0.1, 0.1, 0.1, 0.1, 0.1, 0.1, 0.1]
Trust scores at iteration 12: [0.0, 0.0, 0.0, 0.0, 0.0, 0.0, 0.0, 0.0, 0.0, 0.0]
Trust scores_s1 at iteration 12: [0.42887912143191403, 0.42887912143191403, 0.42887912143191403, 0.42887912143191403, 0.42887912143191403, 0.42887912143191403, 0.42887912143191403, 0.42887912143191403, 0.42887912143191403, 0.42887912143191403]
Trust scores_s2 at iteration 12: [0.42887912143191403, 0.42887912143191403, 0.42887912143191403, 0.42887912143191403, 0.42887912143191403, 0.42887912143191403, 0.42887912143191403, 0.42887912143191403, 0.42887912143191403, 0.42887912143191403]
X.shape (10, 5)
s1 and s2 score at iteration 12
S_1 [1.0, 1.0, 1.0, 1.0, 1.0, 1.0, 1.0, 1.0, 1.0, 1.0]
S_2 [0.1, 0.1, 0.1, 0.1, 0.1, 0.1, 0.1, 0.1, 0.1, 0.1]
Trust scores at iteration 13: [0.0, 0.0, 0.0, 0.0, 0.0, 0.0, 0.0, 0.0, 0.0, 0.0]
Trust scores_s1 at iteration 13: [0.43954725321712695, 0.43954725321712695, 0.43954725321712695, 0.43954725321712695, 0.43954725321712695, 0.43954725321712695, 0.43954725321712695, 0.43954725321712695, 0.43954725321712695, 0.43954725321712695]
Trust scores_s2 at iteration 13: [0.43954725321712695, 0.43954725321712695, 0.43954725321712695, 0.43954725321712695, 0.43954725321712695, 0.43954725321712695, 0.43954725321712695, 0.43954725321712695, 0.43954725321712695, 0.43954725321712695]
X.shape (10, 5)
s1 and s2 score at iteration 13
S_1 [1.0, 1.0, 1.0, 1.0, 1.0, 1.0, 1.0, 1.0, 1.0, 1.0]
S_2 [0.1, 0.1, 0.1, 0.1, 0.1, 0.1, 0.1, 0.1, 0.1, 0.1]
Trust scores at iteration 14: [0.0, 0.0, 0.0, 0.0, 0.0, 0.0, 0.0, 0.0, 0.0, 0.0]
Trust scores_s1 at iteration 14: [0.4486151652345579, 0.4486151652345579, 0.4486151652345579, 0.4486151652345579, 0.4486151652345579, 0.4486151652345579, 0.4486151652345579, 0.4486151652345579, 0.4486151652345579, 0.4486151652345579]
Trust scores_s2 at iteration 14: [0.4486151652345579, 0.4486151652345579, 0.4486151652345579, 0.4486151652345579, 0.4486151652345579, 0.4486151652345579, 0.4486151652345579, 0.4486151652345579, 0.4486151652345579, 0.4486151652345579]
X.shape (10, 5)
s1 and s2 score at iteration 14
S_1 [1.0, 1.0, 1.0, 1.0, 1.0, 1.0, 1.0, 1.0, 1.0, 1.0]
S_2 [0.1, 0.1, 0.1, 0.1, 0.1, 0.1, 0.1, 0.1, 0.1, 0.1]
Trust scores at iteration 15: [0.0, 0.0, 0.0, 0.0, 0.0, 0.0, 0.0, 0.0, 0.0, 0.0]
Trust scores_s1 at iteration 15: [0.45632289044937424, 0.45632289044937424, 0.45632289044937424, 0.45632289044937424, 0.45632289044937424, 0.45632289044937424, 0.45632289044937424, 0.45632289044937424, 0.45632289044937424, 0.45632289044937424]
Trust scores_s2 at iteration 15: [0.45632289044937424, 0.45632289044937424, 0.45632289044937424, 0.45632289044937424, 0.45632289044937424, 0.45632289044937424, 0.45632289044937424, 0.45632289044937424, 0.45632289044937424, 0.45632289044937424]
X.shape (10, 5)
s1 and s2 score at iteration 15
S_1 [0.9999999999999998, 0.9999999999999998, 0.9999999999999998, 0.9999999999999998, 0.9999999999999998, 0.9999999999999998, 0.9999999999999998, 0.9999999999999998, 0.9999999999999998, 0.9999999999999998]
S_2 [0.1, 0.1, 0.1, 0.1, 0.1, 0.1, 0.1, 0.1, 0.1, 0.1]
Trust scores at iteration 16: [0.0, 0.0, 0.0, 0.0, 0.0, 0.0, 0.0, 0.0, 0.0, 0.0]
Trust scores_s1 at iteration 16: [0.4628744568819681, 0.4628744568819681, 0.4628744568819681, 0.4628744568819681, 0.4628744568819681, 0.4628744568819681, 0.4628744568819681, 0.4628744568819681, 0.4628744568819681, 0.4628744568819681]
Trust scores_s2 at iteration 16: [0.4628744568819681, 0.4628744568819681, 0.4628744568819681, 0.4628744568819681, 0.4628744568819681, 0.4628744568819681, 0.4628744568819681, 0.4628744568819681, 0.4628744568819681, 0.4628744568819681]
X.shape (10, 5)
s1 and s2 score at iteration 16
S_1 [1.0, 1.0, 1.0, 1.0, 1.0, 1.0, 1.0, 1.0, 1.0, 1.0]
S_2 [0.1, 0.1, 0.1, 0.1, 0.1, 0.1, 0.1, 0.1, 0.1, 0.1]
Trust scores at iteration 17: [0.0, 0.0, 0.0, 0.0, 0.0, 0.0, 0.0, 0.0, 0.0, 0.0]
Trust scores_s1 at iteration 17: [0.46844328834967286, 0.46844328834967286, 0.46844328834967286, 0.46844328834967286, 0.46844328834967286, 0.46844328834967286, 0.46844328834967286, 0.46844328834967286, 0.46844328834967286, 0.46844328834967286]
Trust scores_s2 at iteration 17: [0.46844328834967286, 0.46844328834967286, 0.46844328834967286, 0.46844328834967286, 0.46844328834967286, 0.46844328834967286, 0.46844328834967286, 0.46844328834967286, 0.46844328834967286, 0.46844328834967286]
X.shape (10, 5)
s1 and s2 score at iteration 17
S_1 [1.0, 1.0, 1.0, 1.0, 1.0, 1.0, 1.0, 1.0, 1.0, 1.0]
S_2 [0.1, 0.1, 0.1, 0.1, 0.1, 0.1, 0.1, 0.1, 0.1, 0.1]
Trust scores at iteration 18: [0.0, 0.0, 0.0, 0.0, 0.0, 0.0, 0.0, 0.0, 0.0, 0.0]
Trust scores_s1 at iteration 18: [0.47317679509722194, 0.47317679509722194, 0.47317679509722194, 0.47317679509722194, 0.47317679509722194, 0.47317679509722194, 0.47317679509722194, 0.47317679509722194, 0.47317679509722194, 0.47317679509722194]
Trust scores_s2 at iteration 18: [0.47317679509722194, 0.47317679509722194, 0.47317679509722194, 0.47317679509722194, 0.47317679509722194, 0.47317679509722194, 0.47317679509722194, 0.47317679509722194, 0.47317679509722194, 0.47317679509722194]
X.shape (10, 5)
s1 and s2 score at iteration 18
S_1 [1.0, 1.0, 1.0, 1.0, 1.0, 1.0, 1.0, 1.0, 1.0, 1.0]
S_2 [0.1, 0.1, 0.1, 0.1, 0.1, 0.1, 0.1, 0.1, 0.1, 0.1]
Trust scores at iteration 19: [0.0, 0.0, 0.0, 0.0, 0.0, 0.0, 0.0, 0.0, 0.0, 0.0]
Trust scores_s1 at iteration 19: [0.47720027583263863, 0.47720027583263863, 0.47720027583263863, 0.47720027583263863, 0.47720027583263863, 0.47720027583263863, 0.47720027583263863, 0.47720027583263863, 0.47720027583263863, 0.47720027583263863]
Trust scores_s2 at iteration 19: [0.47720027583263863, 0.47720027583263863, 0.47720027583263863, 0.47720027583263863, 0.47720027583263863, 0.47720027583263863, 0.47720027583263863, 0.47720027583263863, 0.47720027583263863, 0.47720027583263863]
X.shape (10, 5)
s1 and s2 score at iteration 19
S_1 [1.0, 1.0, 1.0, 1.0, 1.0, 1.0, 1.0, 1.0, 1.0, 1.0]
S_2 [0.1, 0.1, 0.1, 0.1, 0.1, 0.1, 0.1, 0.1, 0.1, 0.1]
Trust scores at iteration 20: [0.0, 0.0, 0.0, 0.0, 0.0, 0.0, 0.0, 0.0, 0.0, 0.0]
Trust scores_s1 at iteration 20: [0.4806202344577428, 0.4806202344577428, 0.4806202344577428, 0.4806202344577428, 0.4806202344577428, 0.4806202344577428, 0.4806202344577428, 0.4806202344577428, 0.4806202344577428, 0.4806202344577428]
Trust scores_s2 at iteration 20: [0.4806202344577428, 0.4806202344577428, 0.4806202344577428, 0.4806202344577428, 0.4806202344577428, 0.4806202344577428, 0.4806202344577428, 0.4806202344577428, 0.4806202344577428, 0.4806202344577428]
X.shape (10, 5)
s1 and s2 score at iteration 20
S_1 [1.0, 1.0, 1.0, 1.0, 1.0, 1.0, 1.0, 1.0, 1.0, 1.0]
S_2 [0.1, 0.1, 0.1, 0.1, 0.1, 0.1, 0.1, 0.1, 0.1, 0.1]
Trust scores at iteration 21: [0.0, 0.0, 0.0, 0.0, 0.0, 0.0, 0.0, 0.0, 0.0, 0.0]
Trust scores_s1 at iteration 21: [0.4835271992890814, 0.4835271992890814, 0.4835271992890814, 0.4835271992890814, 0.4835271992890814, 0.4835271992890814, 0.4835271992890814, 0.4835271992890814, 0.4835271992890814, 0.4835271992890814]
Trust scores_s2 at iteration 21: [0.4835271992890814, 0.4835271992890814, 0.4835271992890814, 0.4835271992890814, 0.4835271992890814, 0.4835271992890814, 0.4835271992890814, 0.4835271992890814, 0.4835271992890814, 0.4835271992890814]
X.shape (10, 5)
s1 and s2 score at iteration 21
S_1 [1.0, 1.0, 1.0, 1.0, 1.0, 1.0, 1.0, 1.0, 1.0, 1.0]
S_2 [0.1, 0.1, 0.1, 0.1, 0.1, 0.1, 0.1, 0.1, 0.1, 0.1]
Trust scores at iteration 22: [0.0, 0.0, 0.0, 0.0, 0.0, 0.0, 0.0, 0.0, 0.0, 0.0]
Trust scores_s1 at iteration 22: [0.4859981193957192, 0.4859981193957192, 0.4859981193957192, 0.4859981193957192, 0.4859981193957192, 0.4859981193957192, 0.4859981193957192, 0.4859981193957192, 0.4859981193957192, 0.4859981193957192]
Trust scores_s2 at iteration 22: [0.4859981193957192, 0.4859981193957192, 0.4859981193957192, 0.4859981193957192, 0.4859981193957192, 0.4859981193957192, 0.4859981193957192, 0.4859981193957192, 0.4859981193957192, 0.4859981193957192]
X.shape (10, 5)
s1 and s2 score at iteration 22
S_1 [1.0, 1.0, 1.0, 1.0, 1.0, 1.0, 1.0, 1.0, 1.0, 1.0]
S_2 [0.1, 0.1, 0.1, 0.1, 0.1, 0.1, 0.1, 0.1, 0.1, 0.1]
Trust scores at iteration 23: [0.0, 0.0, 0.0, 0.0, 0.0, 0.0, 0.0, 0.0, 0.0, 0.0]
Trust scores_s1 at iteration 23: [0.4880984014863613, 0.4880984014863613, 0.4880984014863613, 0.4880984014863613, 0.4880984014863613, 0.4880984014863613, 0.4880984014863613, 0.4880984014863613, 0.4880984014863613, 0.4880984014863613]
Trust scores_s2 at iteration 23: [0.4880984014863613, 0.4880984014863613, 0.4880984014863613, 0.4880984014863613, 0.4880984014863613, 0.4880984014863613, 0.4880984014863613, 0.4880984014863613, 0.4880984014863613, 0.4880984014863613]
X.shape (10, 5)
s1 and s2 score at iteration 23
S_1 [0.9999999999999998, 0.9999999999999998, 0.9999999999999998, 0.9999999999999998, 0.9999999999999998, 0.9999999999999998, 0.9999999999999998, 0.9999999999999998, 0.9999999999999998, 0.9999999999999998]
S_2 [0.1, 0.1, 0.1, 0.1, 0.1, 0.1, 0.1, 0.1, 0.1, 0.1]
Trust scores at iteration 24: [0.0, 0.0, 0.0, 0.0, 0.0, 0.0, 0.0, 0.0, 0.0, 0.0]
Trust scores_s1 at iteration 24: [0.4898836412634071, 0.4898836412634071, 0.4898836412634071, 0.4898836412634071, 0.4898836412634071, 0.4898836412634071, 0.4898836412634071, 0.4898836412634071, 0.4898836412634071, 0.4898836412634071]
Trust scores_s2 at iteration 24: [0.4898836412634071, 0.4898836412634071, 0.4898836412634071, 0.4898836412634071, 0.4898836412634071, 0.4898836412634071, 0.4898836412634071, 0.4898836412634071, 0.4898836412634071, 0.4898836412634071]
X.shape (10, 5)
s1 and s2 score at iteration 24
S_1 [0.9999999999999998, 0.9999999999999998, 0.9999999999999998, 0.9999999999999998, 0.9999999999999998, 0.9999999999999998, 0.9999999999999998, 0.9999999999999998, 0.9999999999999998, 0.9999999999999998]
S_2 [0.1, 0.1, 0.1, 0.1, 0.1, 0.1, 0.1, 0.1, 0.1, 0.1]
Trust scores at iteration 25: [0.0, 0.0, 0.0, 0.0, 0.0, 0.0, 0.0, 0.0, 0.0, 0.0]
Trust scores_s1 at iteration 25: [0.49140109507389607, 0.49140109507389607, 0.49140109507389607, 0.49140109507389607, 0.49140109507389607, 0.49140109507389607, 0.49140109507389607, 0.49140109507389607, 0.49140109507389607, 0.49140109507389607]
Trust scores_s2 at iteration 25: [0.49140109507389607, 0.49140109507389607, 0.49140109507389607, 0.49140109507389607, 0.49140109507389607, 0.49140109507389607, 0.49140109507389607, 0.49140109507389607, 0.49140109507389607, 0.49140109507389607]
X.shape (10, 5)
s1 and s2 score at iteration 25
S_1 [1.0, 1.0, 1.0, 1.0, 1.0, 1.0, 1.0, 1.0, 1.0, 1.0]
S_2 [0.1, 0.1, 0.1, 0.1, 0.1, 0.1, 0.1, 0.1, 0.1, 0.1]
Trust scores at iteration 26: [0.0, 0.0, 0.0, 0.0, 0.0, 0.0, 0.0, 0.0, 0.0, 0.0]
Trust scores_s1 at iteration 26: [0.4926909308128117, 0.4926909308128117, 0.4926909308128117, 0.4926909308128117, 0.4926909308128117, 0.4926909308128117, 0.4926909308128117, 0.4926909308128117, 0.4926909308128117, 0.4926909308128117]
Trust scores_s2 at iteration 26: [0.4926909308128117, 0.4926909308128117, 0.4926909308128117, 0.4926909308128117, 0.4926909308128117, 0.4926909308128117, 0.4926909308128117, 0.4926909308128117, 0.4926909308128117, 0.4926909308128117]
X.shape (10, 5)
s1 and s2 score at iteration 26
S_1 [1.0, 1.0, 1.0, 1.0, 1.0, 1.0, 1.0, 1.0, 1.0, 1.0]
S_2 [0.1, 0.1, 0.1, 0.1, 0.1, 0.1, 0.1, 0.1, 0.1, 0.1]
Trust scores at iteration 27: [0.0, 0.0, 0.0, 0.0, 0.0, 0.0, 0.0, 0.0, 0.0, 0.0]
Trust scores_s1 at iteration 27: [0.49378729119088993, 0.49378729119088993, 0.49378729119088993, 0.49378729119088993, 0.49378729119088993, 0.49378729119088993, 0.49378729119088993, 0.49378729119088993, 0.49378729119088993, 0.49378729119088993]
Trust scores_s2 at iteration 27: [0.49378729119088993, 0.49378729119088993, 0.49378729119088993, 0.49378729119088993, 0.49378729119088993, 0.49378729119088993, 0.49378729119088993, 0.49378729119088993, 0.49378729119088993, 0.49378729119088993]
X.shape (10, 5)
s1 and s2 score at iteration 27
S_1 [1.0, 1.0, 1.0, 1.0, 1.0, 1.0, 1.0, 1.0, 1.0, 1.0]
S_2 [0.1, 0.1, 0.1, 0.1, 0.1, 0.1, 0.1, 0.1, 0.1, 0.1]
Trust scores at iteration 28: [0.0, 0.0, 0.0, 0.0, 0.0, 0.0, 0.0, 0.0, 0.0, 0.0]
Trust scores_s1 at iteration 28: [0.49471919751225646, 0.49471919751225646, 0.49471919751225646, 0.49471919751225646, 0.49471919751225646, 0.49471919751225646, 0.49471919751225646, 0.49471919751225646, 0.49471919751225646, 0.49471919751225646]
Trust scores_s2 at iteration 28: [0.49471919751225646, 0.49471919751225646, 0.49471919751225646, 0.49471919751225646, 0.49471919751225646, 0.49471919751225646, 0.49471919751225646, 0.49471919751225646, 0.49471919751225646, 0.49471919751225646]
X.shape (10, 5)
s1 and s2 score at iteration 28
S_1 [1.0, 1.0, 1.0, 1.0, 1.0, 1.0, 1.0, 1.0, 1.0, 1.0]
S_2 [0.1, 0.1, 0.1, 0.1, 0.1, 0.1, 0.1, 0.1, 0.1, 0.1]
Trust scores at iteration 29: [0.0, 0.0, 0.0, 0.0, 0.0, 0.0, 0.0, 0.0, 0.0, 0.0]
Trust scores_s1 at iteration 29: [0.49551131788541797, 0.49551131788541797, 0.49551131788541797, 0.49551131788541797, 0.49551131788541797, 0.49551131788541797, 0.49551131788541797, 0.49551131788541797, 0.49551131788541797, 0.49551131788541797]
Trust scores_s2 at iteration 29: [0.49551131788541797, 0.49551131788541797, 0.49551131788541797, 0.49551131788541797, 0.49551131788541797, 0.49551131788541797, 0.49551131788541797, 0.49551131788541797, 0.49551131788541797, 0.49551131788541797]
X.shape (10, 5)
s1 and s2 score at iteration 29
S_1 [1.0, 1.0, 1.0, 1.0, 1.0, 1.0, 1.0, 1.0, 1.0, 1.0]
S_2 [0.1, 0.1, 0.1, 0.1, 0.1, 0.1, 0.1, 0.1, 0.1, 0.1]
Trust scores at iteration 30: [0.0, 0.0, 0.0, 0.0, 0.0, 0.0, 0.0, 0.0, 0.0, 0.0]
Trust scores_s1 at iteration 30: [0.4961846202026053, 0.4961846202026053, 0.4961846202026053, 0.4961846202026053, 0.4961846202026053, 0.4961846202026053, 0.4961846202026053, 0.4961846202026053, 0.4961846202026053, 0.4961846202026053]
Trust scores_s2 at iteration 30: [0.4961846202026053, 0.4961846202026053, 0.4961846202026053, 0.4961846202026053, 0.4961846202026053, 0.4961846202026053, 0.4961846202026053, 0.4961846202026053, 0.4961846202026053, 0.4961846202026053]
X.shape (10, 5)
s1 and s2 score at iteration 30
S_1 [1.0, 1.0, 1.0, 1.0, 1.0, 1.0, 1.0, 1.0, 1.0, 1.0]
S_2 [0.1, 0.1, 0.1, 0.1, 0.1, 0.1, 0.1, 0.1, 0.1, 0.1]
Trust scores at iteration 31: [0.0, 0.0, 0.0, 0.0, 0.0, 0.0, 0.0, 0.0, 0.0, 0.0]
Trust scores_s1 at iteration 31: [0.4967569271722145, 0.4967569271722145, 0.4967569271722145, 0.4967569271722145, 0.4967569271722145, 0.4967569271722145, 0.4967569271722145, 0.4967569271722145, 0.4967569271722145, 0.4967569271722145]
Trust scores_s2 at iteration 31: [0.4967569271722145, 0.4967569271722145, 0.4967569271722145, 0.4967569271722145, 0.4967569271722145, 0.4967569271722145, 0.4967569271722145, 0.4967569271722145, 0.4967569271722145, 0.4967569271722145]
X.shape (10, 5)
s1 and s2 score at iteration 31
S_1 [1.0, 1.0, 1.0, 1.0, 1.0, 1.0, 1.0, 1.0, 1.0, 1.0]
S_2 [0.1, 0.1, 0.1, 0.1, 0.1, 0.1, 0.1, 0.1, 0.1, 0.1]
Trust scores at iteration 32: [0.0, 0.0, 0.0, 0.0, 0.0, 0.0, 0.0, 0.0, 0.0, 0.0]
Trust scores_s1 at iteration 32: [0.4972433880963823, 0.4972433880963823, 0.4972433880963823, 0.4972433880963823, 0.4972433880963823, 0.4972433880963823, 0.4972433880963823, 0.4972433880963823, 0.4972433880963823, 0.4972433880963823]
Trust scores_s2 at iteration 32: [0.4972433880963823, 0.4972433880963823, 0.4972433880963823, 0.4972433880963823, 0.4972433880963823, 0.4972433880963823, 0.4972433880963823, 0.4972433880963823, 0.4972433880963823, 0.4972433880963823]
X.shape (10, 5)
s1 and s2 score at iteration 32
S_1 [0.9999999999999998, 0.9999999999999998, 0.9999999999999998, 0.9999999999999998, 0.9999999999999998, 0.9999999999999998, 0.9999999999999998, 0.9999999999999998, 0.9999999999999998, 0.9999999999999998]
S_2 [0.1, 0.1, 0.1, 0.1, 0.1, 0.1, 0.1, 0.1, 0.1, 0.1]
Trust scores at iteration 33: [0.0, 0.0, 0.0, 0.0, 0.0, 0.0, 0.0, 0.0, 0.0, 0.0]
Trust scores_s1 at iteration 33: [0.497656879881925, 0.497656879881925, 0.497656879881925, 0.497656879881925, 0.497656879881925, 0.497656879881925, 0.497656879881925, 0.497656879881925, 0.497656879881925, 0.497656879881925]
Trust scores_s2 at iteration 33: [0.497656879881925, 0.497656879881925, 0.497656879881925, 0.497656879881925, 0.497656879881925, 0.497656879881925, 0.497656879881925, 0.497656879881925, 0.497656879881925, 0.497656879881925]
X.shape (10, 5)
s1 and s2 score at iteration 33
S_1 [1.0, 1.0, 1.0, 1.0, 1.0, 1.0, 1.0, 1.0, 1.0, 1.0]
S_2 [0.1, 0.1, 0.1, 0.1, 0.1, 0.1, 0.1, 0.1, 0.1, 0.1]
Trust scores at iteration 34: [0.0, 0.0, 0.0, 0.0, 0.0, 0.0, 0.0, 0.0, 0.0, 0.0]
Trust scores_s1 at iteration 34: [0.4980083478996362, 0.4980083478996362, 0.4980083478996362, 0.4980083478996362, 0.4980083478996362, 0.4980083478996362, 0.4980083478996362, 0.4980083478996362, 0.4980083478996362, 0.4980083478996362]
Trust scores_s2 at iteration 34: [0.4980083478996362, 0.4980083478996362, 0.4980083478996362, 0.4980083478996362, 0.4980083478996362, 0.4980083478996362, 0.4980083478996362, 0.4980083478996362, 0.4980083478996362, 0.4980083478996362]
X.shape (10, 5)
s1 and s2 score at iteration 34
S_1 [1.0, 1.0, 1.0, 1.0, 1.0, 1.0, 1.0, 1.0, 1.0, 1.0]
S_2 [0.1, 0.1, 0.1, 0.1, 0.1, 0.1, 0.1, 0.1, 0.1, 0.1]
Trust scores at iteration 35: [0.0, 0.0, 0.0, 0.0, 0.0, 0.0, 0.0, 0.0, 0.0, 0.0]
Trust scores_s1 at iteration 35: [0.4983070957146908, 0.4983070957146908, 0.4983070957146908, 0.4983070957146908, 0.4983070957146908, 0.4983070957146908, 0.4983070957146908, 0.4983070957146908, 0.4983070957146908, 0.4983070957146908]
Trust scores_s2 at iteration 35: [0.4983070957146908, 0.4983070957146908, 0.4983070957146908, 0.4983070957146908, 0.4983070957146908, 0.4983070957146908, 0.4983070957146908, 0.4983070957146908, 0.4983070957146908, 0.4983070957146908]
X.shape (10, 5)
s1 and s2 score at iteration 35
S_1 [0.9999999999999998, 0.9999999999999998, 0.9999999999999998, 0.9999999999999998, 0.9999999999999998, 0.9999999999999998, 0.9999999999999998, 0.9999999999999998, 0.9999999999999998, 0.9999999999999998]
S_2 [0.1, 0.1, 0.1, 0.1, 0.1, 0.1, 0.1, 0.1, 0.1, 0.1]
Trust scores at iteration 36: [0.0, 0.0, 0.0, 0.0, 0.0, 0.0, 0.0, 0.0, 0.0, 0.0]
Trust scores_s1 at iteration 36: [0.4985610313574872, 0.4985610313574872, 0.4985610313574872, 0.4985610313574872, 0.4985610313574872, 0.4985610313574872, 0.4985610313574872, 0.4985610313574872, 0.4985610313574872, 0.4985610313574872]
Trust scores_s2 at iteration 36: [0.4985610313574872, 0.4985610313574872, 0.4985610313574872, 0.4985610313574872, 0.4985610313574872, 0.4985610313574872, 0.4985610313574872, 0.4985610313574872, 0.4985610313574872, 0.4985610313574872]
X.shape (10, 5)
s1 and s2 score at iteration 36
S_1 [1.0, 1.0, 1.0, 1.0, 1.0, 1.0, 1.0, 1.0, 1.0, 1.0]
S_2 [0.1, 0.1, 0.1, 0.1, 0.1, 0.1, 0.1, 0.1, 0.1, 0.1]
Trust scores at iteration 37: [0.0, 0.0, 0.0, 0.0, 0.0, 0.0, 0.0, 0.0, 0.0, 0.0]
Trust scores_s1 at iteration 37: [0.4987768766538641, 0.4987768766538641, 0.4987768766538641, 0.4987768766538641, 0.4987768766538641, 0.4987768766538641, 0.4987768766538641, 0.4987768766538641, 0.4987768766538641, 0.4987768766538641]
Trust scores_s2 at iteration 37: [0.4987768766538641, 0.4987768766538641, 0.4987768766538641, 0.4987768766538641, 0.4987768766538641, 0.4987768766538641, 0.4987768766538641, 0.4987768766538641, 0.4987768766538641, 0.4987768766538641]
X.shape (10, 5)
s1 and s2 score at iteration 37
S_1 [1.0, 1.0, 1.0, 1.0, 1.0, 1.0, 1.0, 1.0, 1.0, 1.0]
S_2 [0.1, 0.1, 0.1, 0.1, 0.1, 0.1, 0.1, 0.1, 0.1, 0.1]
Trust scores at iteration 38: [0.0, 0.0, 0.0, 0.0, 0.0, 0.0, 0.0, 0.0, 0.0, 0.0]
Trust scores_s1 at iteration 38: [0.49896034515578447, 0.49896034515578447, 0.49896034515578447, 0.49896034515578447, 0.49896034515578447, 0.49896034515578447, 0.49896034515578447, 0.49896034515578447, 0.49896034515578447, 0.49896034515578447]
Trust scores_s2 at iteration 38: [0.49896034515578447, 0.49896034515578447, 0.49896034515578447, 0.49896034515578447, 0.49896034515578447, 0.49896034515578447, 0.49896034515578447, 0.49896034515578447, 0.49896034515578447, 0.49896034515578447]
X.shape (10, 5)
s1 and s2 score at iteration 38
S_1 [1.0, 1.0, 1.0, 1.0, 1.0, 1.0, 1.0, 1.0, 1.0, 1.0]
S_2 [0.1, 0.1, 0.1, 0.1, 0.1, 0.1, 0.1, 0.1, 0.1, 0.1]
Trust scores at iteration 39: [0.0, 0.0, 0.0, 0.0, 0.0, 0.0, 0.0, 0.0, 0.0, 0.0]
Trust scores_s1 at iteration 39: [0.4991162933824168, 0.4991162933824168, 0.4991162933824168, 0.4991162933824168, 0.4991162933824168, 0.4991162933824168, 0.4991162933824168, 0.4991162933824168, 0.4991162933824168, 0.4991162933824168]
Trust scores_s2 at iteration 39: [0.4991162933824168, 0.4991162933824168, 0.4991162933824168, 0.4991162933824168, 0.4991162933824168, 0.4991162933824168, 0.4991162933824168, 0.4991162933824168, 0.4991162933824168, 0.4991162933824168]
X.shape (10, 5)
s1 and s2 score at iteration 39
S_1 [1.0, 1.0, 1.0, 1.0, 1.0, 1.0, 1.0, 1.0, 1.0, 1.0]
S_2 [0.1, 0.1, 0.1, 0.1, 0.1, 0.1, 0.1, 0.1, 0.1, 0.1]
Trust scores at iteration 40: [0.0, 0.0, 0.0, 0.0, 0.0, 0.0, 0.0, 0.0, 0.0, 0.0]
Trust scores_s1 at iteration 40: [0.4992488493750543, 0.4992488493750543, 0.4992488493750543, 0.4992488493750543, 0.4992488493750543, 0.4992488493750543, 0.4992488493750543, 0.4992488493750543, 0.4992488493750543, 0.4992488493750543]
Trust scores_s2 at iteration 40: [0.4992488493750543, 0.4992488493750543, 0.4992488493750543, 0.4992488493750543, 0.4992488493750543, 0.4992488493750543, 0.4992488493750543, 0.4992488493750543, 0.4992488493750543, 0.4992488493750543]
X.shape (10, 5)
s1 and s2 score at iteration 40
S_1 [0.9999999999999998, 0.9999999999999998, 0.9999999999999998, 0.9999999999999998, 0.9999999999999998, 0.9999999999999998, 0.9999999999999998, 0.9999999999999998, 0.9999999999999998, 0.9999999999999998]
S_2 [0.1, 0.1, 0.1, 0.1, 0.1, 0.1, 0.1, 0.1, 0.1, 0.1]
Trust scores at iteration 41: [0.0, 0.0, 0.0, 0.0, 0.0, 0.0, 0.0, 0.0, 0.0, 0.0]
Trust scores_s1 at iteration 41: [0.4993615219687962, 0.4993615219687962, 0.4993615219687962, 0.4993615219687962, 0.4993615219687962, 0.4993615219687962, 0.4993615219687962, 0.4993615219687962, 0.4993615219687962, 0.4993615219687962]
Trust scores_s2 at iteration 41: [0.4993615219687962, 0.4993615219687962, 0.4993615219687962, 0.4993615219687962, 0.4993615219687962, 0.4993615219687962, 0.4993615219687962, 0.4993615219687962, 0.4993615219687962, 0.4993615219687962]
X.shape (10, 5)
s1 and s2 score at iteration 41
S_1 [1.0, 1.0, 1.0, 1.0, 1.0, 1.0, 1.0, 1.0, 1.0, 1.0]
S_2 [0.1, 0.1, 0.1, 0.1, 0.1, 0.1, 0.1, 0.1, 0.1, 0.1]
Trust scores at iteration 42: [0.0, 0.0, 0.0, 0.0, 0.0, 0.0, 0.0, 0.0, 0.0, 0.0]
Trust scores_s1 at iteration 42: [0.49945729367347674, 0.49945729367347674, 0.49945729367347674, 0.49945729367347674, 0.49945729367347674, 0.49945729367347674, 0.49945729367347674, 0.49945729367347674, 0.49945729367347674, 0.49945729367347674]
Trust scores_s2 at iteration 42: [0.49945729367347674, 0.49945729367347674, 0.49945729367347674, 0.49945729367347674, 0.49945729367347674, 0.49945729367347674, 0.49945729367347674, 0.49945729367347674, 0.49945729367347674, 0.49945729367347674]
X.shape (10, 5)
s1 and s2 score at iteration 42
S_1 [1.0, 1.0, 1.0, 1.0, 1.0, 1.0, 1.0, 1.0, 1.0, 1.0]
S_2 [0.1, 0.1, 0.1, 0.1, 0.1, 0.1, 0.1, 0.1, 0.1, 0.1]
Trust scores at iteration 43: [0.0, 0.0, 0.0, 0.0, 0.0, 0.0, 0.0, 0.0, 0.0, 0.0]
Trust scores_s1 at iteration 43: [0.49953869962245523, 0.49953869962245523, 0.49953869962245523, 0.49953869962245523, 0.49953869962245523, 0.49953869962245523, 0.49953869962245523, 0.49953869962245523, 0.49953869962245523, 0.49953869962245523]
Trust scores_s2 at iteration 43: [0.49953869962245523, 0.49953869962245523, 0.49953869962245523, 0.49953869962245523, 0.49953869962245523, 0.49953869962245523, 0.49953869962245523, 0.49953869962245523, 0.49953869962245523, 0.49953869962245523]
X.shape (10, 5)
s1 and s2 score at iteration 43
S_1 [1.0, 1.0, 1.0, 1.0, 1.0, 1.0, 1.0, 1.0, 1.0, 1.0]
S_2 [0.1, 0.1, 0.1, 0.1, 0.1, 0.1, 0.1, 0.1, 0.1, 0.1]
Trust scores at iteration 44: [0.0, 0.0, 0.0, 0.0, 0.0, 0.0, 0.0, 0.0, 0.0, 0.0]
Trust scores_s1 at iteration 44: [0.49960789467908695, 0.49960789467908695, 0.49960789467908695, 0.49960789467908695, 0.49960789467908695, 0.49960789467908695, 0.49960789467908695, 0.49960789467908695, 0.49960789467908695, 0.49960789467908695]
Trust scores_s2 at iteration 44: [0.49960789467908695, 0.49960789467908695, 0.49960789467908695, 0.49960789467908695, 0.49960789467908695, 0.49960789467908695, 0.49960789467908695, 0.49960789467908695, 0.49960789467908695, 0.49960789467908695]
X.shape (10, 5)
s1 and s2 score at iteration 44
S_1 [1.0, 1.0, 1.0, 1.0, 1.0, 1.0, 1.0, 1.0, 1.0, 1.0]
S_2 [0.1, 0.1, 0.1, 0.1, 0.1, 0.1, 0.1, 0.1, 0.1, 0.1]
Trust scores at iteration 45: [0.0, 0.0, 0.0, 0.0, 0.0, 0.0, 0.0, 0.0, 0.0, 0.0]
Trust scores_s1 at iteration 45: [0.4996667104772239, 0.4996667104772239, 0.4996667104772239, 0.4996667104772239, 0.4996667104772239, 0.4996667104772239, 0.4996667104772239, 0.4996667104772239, 0.4996667104772239, 0.4996667104772239]
Trust scores_s2 at iteration 45: [0.4996667104772239, 0.4996667104772239, 0.4996667104772239, 0.4996667104772239, 0.4996667104772239, 0.4996667104772239, 0.4996667104772239, 0.4996667104772239, 0.4996667104772239, 0.4996667104772239]
X.shape (10, 5)
s1 and s2 score at iteration 45
S_1 [1.0, 1.0, 1.0, 1.0, 1.0, 1.0, 1.0, 1.0, 1.0, 1.0]
S_2 [0.1, 0.1, 0.1, 0.1, 0.1, 0.1, 0.1, 0.1, 0.1, 0.1]
Trust scores at iteration 46: [0.0, 0.0, 0.0, 0.0, 0.0, 0.0, 0.0, 0.0, 0.0, 0.0]
Trust scores_s1 at iteration 46: [0.4997167039056403, 0.4997167039056403, 0.4997167039056403, 0.4997167039056403, 0.4997167039056403, 0.4997167039056403, 0.4997167039056403, 0.4997167039056403, 0.4997167039056403, 0.4997167039056403]
Trust scores_s2 at iteration 46: [0.4997167039056403, 0.4997167039056403, 0.4997167039056403, 0.4997167039056403, 0.4997167039056403, 0.4997167039056403, 0.4997167039056403, 0.4997167039056403, 0.4997167039056403, 0.4997167039056403]
X.shape (10, 5)
s1 and s2 score at iteration 46
S_1 [1.0, 1.0, 1.0, 1.0, 1.0, 1.0, 1.0, 1.0, 1.0, 1.0]
S_2 [0.1, 0.1, 0.1, 0.1, 0.1, 0.1, 0.1, 0.1, 0.1, 0.1]
Trust scores at iteration 47: [0.0, 0.0, 0.0, 0.0, 0.0, 0.0, 0.0, 0.0, 0.0, 0.0]
Trust scores_s1 at iteration 47: [0.49975919831979426, 0.49975919831979426, 0.49975919831979426, 0.49975919831979426, 0.49975919831979426, 0.49975919831979426, 0.49975919831979426, 0.49975919831979426, 0.49975919831979426, 0.49975919831979426]
Trust scores_s2 at iteration 47: [0.49975919831979426, 0.49975919831979426, 0.49975919831979426, 0.49975919831979426, 0.49975919831979426, 0.49975919831979426, 0.49975919831979426, 0.49975919831979426, 0.49975919831979426, 0.49975919831979426]
X.shape (10, 5)
s1 and s2 score at iteration 47
S_1 [1.0, 1.0, 1.0, 1.0, 1.0, 1.0, 1.0, 1.0, 1.0, 1.0]
S_2 [0.1, 0.1, 0.1, 0.1, 0.1, 0.1, 0.1, 0.1, 0.1, 0.1]
Trust scores at iteration 48: [0.0, 0.0, 0.0, 0.0, 0.0, 0.0, 0.0, 0.0, 0.0, 0.0]
Trust scores_s1 at iteration 48: [0.49979531857182513, 0.49979531857182513, 0.49979531857182513, 0.49979531857182513, 0.49979531857182513, 0.49979531857182513, 0.49979531857182513, 0.49979531857182513, 0.49979531857182513, 0.49979531857182513]
Trust scores_s2 at iteration 48: [0.49979531857182513, 0.49979531857182513, 0.49979531857182513, 0.49979531857182513, 0.49979531857182513, 0.49979531857182513, 0.49979531857182513, 0.49979531857182513, 0.49979531857182513, 0.49979531857182513]
X.shape (10, 5)
s1 and s2 score at iteration 48
S_1 [0.9999999999999998, 0.9999999999999998, 0.9999999999999998, 0.9999999999999998, 0.9999999999999998, 0.9999999999999998, 0.9999999999999998, 0.9999999999999998, 0.9999999999999998, 0.9999999999999998]
S_2 [0.1, 0.1, 0.1, 0.1, 0.1, 0.1, 0.1, 0.1, 0.1, 0.1]
Trust scores at iteration 49: [0.0, 0.0, 0.0, 0.0, 0.0, 0.0, 0.0, 0.0, 0.0, 0.0]
Trust scores_s1 at iteration 49: [0.4998260207860514, 0.4998260207860514, 0.4998260207860514, 0.4998260207860514, 0.4998260207860514, 0.4998260207860514, 0.4998260207860514, 0.4998260207860514, 0.4998260207860514, 0.4998260207860514]
Trust scores_s2 at iteration 49: [0.4998260207860514, 0.4998260207860514, 0.4998260207860514, 0.4998260207860514, 0.4998260207860514, 0.4998260207860514, 0.4998260207860514, 0.4998260207860514, 0.4998260207860514, 0.4998260207860514]
X.shape (10, 5)
s1 and s2 score at iteration 49
S_1 [0.9999999999999998, 0.9999999999999998, 0.9999999999999998, 0.9999999999999998, 0.9999999999999998, 0.9999999999999998, 0.9999999999999998, 0.9999999999999998, 0.9999999999999998, 0.9999999999999998]
S_2 [0.1, 0.1, 0.1, 0.1, 0.1, 0.1, 0.1, 0.1, 0.1, 0.1]
Trust scores at iteration 50: [0.0, 0.0, 0.0, 0.0, 0.0, 0.0, 0.0, 0.0, 0.0, 0.0]
Trust scores_s1 at iteration 50: [0.4998521176681437, 0.4998521176681437, 0.4998521176681437, 0.4998521176681437, 0.4998521176681437, 0.4998521176681437, 0.4998521176681437, 0.4998521176681437, 0.4998521176681437, 0.4998521176681437]
Trust scores_s2 at iteration 50: [0.4998521176681437, 0.4998521176681437, 0.4998521176681437, 0.4998521176681437, 0.4998521176681437, 0.4998521176681437, 0.4998521176681437, 0.4998521176681437, 0.4998521176681437, 0.4998521176681437]
X.shape (10, 5)
s1 and s2 score at iteration 50
S_1 [1.0, 1.0, 1.0, 1.0, 1.0, 1.0, 1.0, 1.0, 1.0, 1.0]
S_2 [0.1, 0.1, 0.1, 0.1, 0.1, 0.1, 0.1, 0.1, 0.1, 0.1]
Trust scores at iteration 51: [0.0, 0.0, 0.0, 0.0, 0.0, 0.0, 0.0, 0.0, 0.0, 0.0]
Trust scores_s1 at iteration 51: [0.49987430001792216, 0.49987430001792216, 0.49987430001792216, 0.49987430001792216, 0.49987430001792216, 0.49987430001792216, 0.49987430001792216, 0.49987430001792216, 0.49987430001792216, 0.49987430001792216]
Trust scores_s2 at iteration 51: [0.49987430001792216, 0.49987430001792216, 0.49987430001792216, 0.49987430001792216, 0.49987430001792216, 0.49987430001792216, 0.49987430001792216, 0.49987430001792216, 0.49987430001792216, 0.49987430001792216]
X.shape (10, 5)
s1 and s2 score at iteration 51
S_1 [1.0, 1.0, 1.0, 1.0, 1.0, 1.0, 1.0, 1.0, 1.0, 1.0]
S_2 [0.1, 0.1, 0.1, 0.1, 0.1, 0.1, 0.1, 0.1, 0.1, 0.1]
Trust scores at iteration 52: [0.0, 0.0, 0.0, 0.0, 0.0, 0.0, 0.0, 0.0, 0.0, 0.0]
Trust scores_s1 at iteration 52: [0.49989315501523385, 0.49989315501523385, 0.49989315501523385, 0.49989315501523385, 0.49989315501523385, 0.49989315501523385, 0.49989315501523385, 0.49989315501523385, 0.49989315501523385, 0.49989315501523385]
Trust scores_s2 at iteration 52: [0.49989315501523385, 0.49989315501523385, 0.49989315501523385, 0.49989315501523385, 0.49989315501523385, 0.49989315501523385, 0.49989315501523385, 0.49989315501523385, 0.49989315501523385, 0.49989315501523385]
X.shape (10, 5)
s1 and s2 score at iteration 52
S_1 [0.9999999999999998, 0.9999999999999998, 0.9999999999999998, 0.9999999999999998, 0.9999999999999998, 0.9999999999999998, 0.9999999999999998, 0.9999999999999998, 0.9999999999999998, 0.9999999999999998]
S_2 [0.1, 0.1, 0.1, 0.1, 0.1, 0.1, 0.1, 0.1, 0.1, 0.1]
Trust scores at iteration 53: [0.0, 0.0, 0.0, 0.0, 0.0, 0.0, 0.0, 0.0, 0.0, 0.0]
Trust scores_s1 at iteration 53: [0.4999091817629488, 0.4999091817629488, 0.4999091817629488, 0.4999091817629488, 0.4999091817629488, 0.4999091817629488, 0.4999091817629488, 0.4999091817629488, 0.4999091817629488, 0.4999091817629488]
Trust scores_s2 at iteration 53: [0.4999091817629488, 0.4999091817629488, 0.4999091817629488, 0.4999091817629488, 0.4999091817629488, 0.4999091817629488, 0.4999091817629488, 0.4999091817629488, 0.4999091817629488, 0.4999091817629488]
X.shape (10, 5)
s1 and s2 score at iteration 53
S_1 [1.0, 1.0, 1.0, 1.0, 1.0, 1.0, 1.0, 1.0, 1.0, 1.0]
S_2 [0.1, 0.1, 0.1, 0.1, 0.1, 0.1, 0.1, 0.1, 0.1, 0.1]
Trust scores at iteration 54: [0.0, 0.0, 0.0, 0.0, 0.0, 0.0, 0.0, 0.0, 0.0, 0.0]
Trust scores_s1 at iteration 54: [0.49992280449850646, 0.49992280449850646, 0.49992280449850646, 0.49992280449850646, 0.49992280449850646, 0.49992280449850646, 0.49992280449850646, 0.49992280449850646, 0.49992280449850646, 0.49992280449850646]
Trust scores_s2 at iteration 54: [0.49992280449850646, 0.49992280449850646, 0.49992280449850646, 0.49992280449850646, 0.49992280449850646, 0.49992280449850646, 0.49992280449850646, 0.49992280449850646, 0.49992280449850646, 0.49992280449850646]
X.shape (10, 5)
s1 and s2 score at iteration 54
S_1 [1.0, 1.0, 1.0, 1.0, 1.0, 1.0, 1.0, 1.0, 1.0, 1.0]
S_2 [0.1, 0.1, 0.1, 0.1, 0.1, 0.1, 0.1, 0.1, 0.1, 0.1]
Trust scores at iteration 55: [0.0, 0.0, 0.0, 0.0, 0.0, 0.0, 0.0, 0.0, 0.0, 0.0]
Trust scores_s1 at iteration 55: [0.4999343838237305, 0.4999343838237305, 0.4999343838237305, 0.4999343838237305, 0.4999343838237305, 0.4999343838237305, 0.4999343838237305, 0.4999343838237305, 0.4999343838237305, 0.4999343838237305]
Trust scores_s2 at iteration 55: [0.4999343838237305, 0.4999343838237305, 0.4999343838237305, 0.4999343838237305, 0.4999343838237305, 0.4999343838237305, 0.4999343838237305, 0.4999343838237305, 0.4999343838237305, 0.4999343838237305]
X.shape (10, 5)
s1 and s2 score at iteration 55
S_1 [0.9999999999999998, 0.9999999999999998, 0.9999999999999998, 0.9999999999999998, 0.9999999999999998, 0.9999999999999998, 0.9999999999999998, 0.9999999999999998, 0.9999999999999998, 0.9999999999999998]
S_2 [0.1, 0.1, 0.1, 0.1, 0.1, 0.1, 0.1, 0.1, 0.1, 0.1]
Trust scores at iteration 56: [0.0, 0.0, 0.0, 0.0, 0.0, 0.0, 0.0, 0.0, 0.0, 0.0]
Trust scores_s1 at iteration 56: [0.49994422625017093, 0.49994422625017093, 0.49994422625017093, 0.49994422625017093, 0.49994422625017093, 0.49994422625017093, 0.49994422625017093, 0.49994422625017093, 0.49994422625017093, 0.49994422625017093]
Trust scores_s2 at iteration 56: [0.49994422625017093, 0.49994422625017093, 0.49994422625017093, 0.49994422625017093, 0.49994422625017093, 0.49994422625017093, 0.49994422625017093, 0.49994422625017093, 0.49994422625017093, 0.49994422625017093]
X.shape (10, 5)
s1 and s2 score at iteration 56
S_1 [1.0, 1.0, 1.0, 1.0, 1.0, 1.0, 1.0, 1.0, 1.0, 1.0]
S_2 [0.1, 0.1, 0.1, 0.1, 0.1, 0.1, 0.1, 0.1, 0.1, 0.1]
Trust scores at iteration 57: [0.0, 0.0, 0.0, 0.0, 0.0, 0.0, 0.0, 0.0, 0.0, 0.0]
Trust scores_s1 at iteration 57: [0.49995259231264527, 0.49995259231264527, 0.49995259231264527, 0.49995259231264527, 0.49995259231264527, 0.49995259231264527, 0.49995259231264527, 0.49995259231264527, 0.49995259231264527, 0.49995259231264527]
Trust scores_s2 at iteration 57: [0.49995259231264527, 0.49995259231264527, 0.49995259231264527, 0.49995259231264527, 0.49995259231264527, 0.49995259231264527, 0.49995259231264527, 0.49995259231264527, 0.49995259231264527, 0.49995259231264527]
X.shape (10, 5)
s1 and s2 score at iteration 57
S_1 [0.9999999999999998, 0.9999999999999998, 0.9999999999999998, 0.9999999999999998, 0.9999999999999998, 0.9999999999999998, 0.9999999999999998, 0.9999999999999998, 0.9999999999999998, 0.9999999999999998]
S_2 [0.1, 0.1, 0.1, 0.1, 0.1, 0.1, 0.1, 0.1, 0.1, 0.1]
Trust scores at iteration 58: [0.0, 0.0, 0.0, 0.0, 0.0, 0.0, 0.0, 0.0, 0.0, 0.0]
Trust scores_s1 at iteration 58: [0.4999597034657485, 0.4999597034657485, 0.4999597034657485, 0.4999597034657485, 0.4999597034657485, 0.4999597034657485, 0.4999597034657485, 0.4999597034657485, 0.4999597034657485, 0.4999597034657485]
Trust scores_s2 at iteration 58: [0.4999597034657485, 0.4999597034657485, 0.4999597034657485, 0.4999597034657485, 0.4999597034657485, 0.4999597034657485, 0.4999597034657485, 0.4999597034657485, 0.4999597034657485, 0.4999597034657485]
X.shape (10, 5)
s1 and s2 score at iteration 58
S_1 [1.0, 1.0, 1.0, 1.0, 1.0, 1.0, 1.0, 1.0, 1.0, 1.0]
S_2 [0.1, 0.1, 0.1, 0.1, 0.1, 0.1, 0.1, 0.1, 0.1, 0.1]
Trust scores at iteration 59: [0.0, 0.0, 0.0, 0.0, 0.0, 0.0, 0.0, 0.0, 0.0, 0.0]
Trust scores_s1 at iteration 59: [0.4999657479458862, 0.4999657479458862, 0.4999657479458862, 0.4999657479458862, 0.4999657479458862, 0.4999657479458862, 0.4999657479458862, 0.4999657479458862, 0.4999657479458862, 0.4999657479458862]
Trust scores_s2 at iteration 59: [0.4999657479458862, 0.4999657479458862, 0.4999657479458862, 0.4999657479458862, 0.4999657479458862, 0.4999657479458862, 0.4999657479458862, 0.4999657479458862, 0.4999657479458862, 0.4999657479458862]
X.shape (10, 5)
s1 and s2 score at iteration 59
S_1 [1.0, 1.0, 1.0, 1.0, 1.0, 1.0, 1.0, 1.0, 1.0, 1.0]
S_2 [0.1, 0.1, 0.1, 0.1, 0.1, 0.1, 0.1, 0.1, 0.1, 0.1]
Trust scores at iteration 60: [0.0, 0.0, 0.0, 0.0, 0.0, 0.0, 0.0, 0.0, 0.0, 0.0]
Trust scores_s1 at iteration 60: [0.4999708857540033, 0.4999708857540033, 0.4999708857540033, 0.4999708857540033, 0.4999708857540033, 0.4999708857540033, 0.4999708857540033, 0.4999708857540033, 0.4999708857540033, 0.4999708857540033]
Trust scores_s2 at iteration 60: [0.4999708857540033, 0.4999708857540033, 0.4999708857540033, 0.4999708857540033, 0.4999708857540033, 0.4999708857540033, 0.4999708857540033, 0.4999708857540033, 0.4999708857540033, 0.4999708857540033]
X.shape (10, 5)
s1 and s2 score at iteration 60
S_1 [0.47619522755103993, 0.47619522755103993, 0.47619522755103993, 0.47619522755103993, 0.47619522755103993, 0.3718236781632115, 0.3718236781632115, 0.3718236781632115, 0.23641528938037007, 0.4850269850763927]
S_2 [0.2, 0.2, 0.2, 0.2, 0.2, 0.2, 0.2, 0.2, 0.2, 0.2]
Trust scores at iteration 61: [-0.0027313194308029314, -0.0027313194308029314, -0.0027313194308029314, -0.0027313194308029314, -0.0027313194308029314, -0.03500938413623053, -0.03500938413623053, -0.03500938413623053, -0.07688593728146874, 0.0]
Trust scores_s1 at iteration 61: [0.4986095931755013, 0.4986095931755013, 0.4986095931755013, 0.4986095931755013, 0.4986095931755013, 0.4824705608227875, 0.4824705608227875, 0.4824705608227875, 0.4615322842501684, 0.4999752528909028]
Trust scores_s2 at iteration 61: [0.4999752528909028, 0.4999752528909028, 0.4999752528909028, 0.4999752528909028, 0.4999752528909028, 0.4999752528909028, 0.4999752528909028, 0.4999752528909028, 0.4999752528909028, 0.4999752528909028]
X.shape (10, 5)
s1 and s2 score at iteration 61
S_1 [0.13160985611934095, 0.13160985611934095, 0.13160985611934095, 0.13160985611934095, 0.13160985611934095, -0.06546703552990343, -0.06546703552990343, -0.06546703552990343, -0.16321021828765725, 0.09191701975968308]
S_2 [0.2, 0.2, 0.2, 0.2, 0.2, 0.3333333333333333, 0.3333333333333333, 0.3333333333333333, 0.5, 0.5]
Trust scores at iteration 62: [0.08767837848381752, 0.08767837848381752, 0.08767837848381752, 0.08767837848381752, 0.08767837848381752, -0.20437286949600642, -0.20437286949600642, -0.20437286949600642, -0.4013689991795336, -0.04523920646603998]
Trust scores_s1 at iteration 62: [0.4988181541991761, 0.4988181541991761, 0.4988181541991761, 0.4988181541991761, 0.4988181541991761, 0.3727925302092642, 0.3727925302092642, 0.3727925302092642, 0.29929446536750054, 0.47735936172424737]
Trust scores_s2 at iteration 62: [0.45497896495726736, 0.45497896495726736, 0.45497896495726736, 0.45497896495726736, 0.45497896495726736, 0.4749789649572673, 0.4749789649572673, 0.4749789649572673, 0.49997896495726735, 0.49997896495726735]
X.shape (10, 5)
s1 and s2 score at iteration 62
S_1 [0.29447251399574814, 0.29447251399574814, 0.29447251399574814, 0.29447251399574814, 0.29447251399574814, 0.15171381898991687, 0.15171381898991687, 0.15171381898991687, 0.0660110309898822, 0.36298981266986874]
S_2 [0.2, 0.2, 0.2, 0.2, 0.2, 0.25, 0.25, 0.25, 0.25, 0.5]
Trust scores at iteration 63: [0.13621289377071633, 0.13621289377071633, 0.13621289377071633, 0.13621289377071633, 0.13621289377071633, -0.18602351888687815, -0.18602351888687815, -0.18602351888687815, -0.38888559823099494, -0.038453325496133985]
Trust scores_s1 at iteration 63: [0.4848385670990354, 0.4848385670990354, 0.4848385670990354, 0.4848385670990354, 0.4848385670990354, 0.3482203607702382, 0.3482203607702382, 0.3482203607702382, 0.2680393210981798, 0.48075545746561027]
Trust scores_s2 at iteration 63: [0.4167321202136773, 0.4167321202136773, 0.4167321202136773, 0.4167321202136773, 0.4167321202136773, 0.4412321202136772, 0.4412321202136772, 0.4412321202136772, 0.4624821202136773, 0.4999821202136773]
X.shape (10, 5)
s1 and s2 score at iteration 63
S_1 [0.44949238308449707, 0.44949238308449707, 0.44949238308449707, 0.44949238308449707, 0.44949238308449707, 0.4454203638277816, 0.4454203638277816, 0.4454203638277816, 0.03367948851943073, 0.5325594799746103]
S_2 [0.2, 0.2, 0.2, 0.2, 0.2, 0.2, 0.2, 0.2, 0.2, 0.2]
Trust scores at iteration 64: [0.09238439086718112, 0.09238439086718112, 0.09238439086718112, 0.09238439086718112, 0.09238439086718112, -0.18266347945939965, -0.18266347945939965, -0.18266347945939965, -0.4710666382264456, -0.03268532667171389]
Trust scores_s1 at iteration 64: [0.4754144976152162, 0.4754144976152162, 0.4754144976152162, 0.4754144976152162, 0.4754144976152162, 0.3587155624519259, 0.3587155624519259, 0.3587155624519259, 0.23257648306840287, 0.48364213884576873]
Trust scores_s2 at iteration 64: [0.4292223021816257, 0.4292223021816257, 0.4292223021816257, 0.4292223021816257, 0.4292223021816257, 0.45004730218162564, 0.45004730218162564, 0.45004730218162564, 0.4681098021816257, 0.49998480218162566]
X.shape (10, 5)
s1 and s2 score at iteration 64
S_1 [0.2946290257076054, 0.2946290257076054, 0.2946290257076054, 0.2946290257076054, 0.2946290257076054, -0.213920639559163, -0.213920639559163, -0.213920639559163, -0.12438603479127638, 0.14568683979575248]
S_2 [0.2, 0.2, 0.2, 0.2, 0.2, 0.3333333333333333, 0.3333333333333333, 0.3333333333333333, 0.5, 0.5]
Trust scores at iteration 65: [0.16852673223710396, 0.16852673223710396, 0.16852673223710396, 0.16852673223710396, 0.16852673223710396, -0.3641741229826386, -0.3641741229826386, -0.3641741229826386, -0.6137334147746092, -0.10361120012819744]
Trust scores_s1 at iteration 65: [0.47910232297293376, 0.47910232297293376, 0.47910232297293376, 0.47910232297293376, 0.47910232297293376, 0.2504531453630625, 0.2504531453630625, 0.2504531453630625, 0.16602662446707725, 0.4481814817902831]
Trust scores_s2 at iteration 65: [0.39483895685438186, 0.39483895685438186, 0.39483895685438186, 0.39483895685438186, 0.39483895685438186, 0.43254020685438177, 0.43254020685438177, 0.43254020685438177, 0.4728933318543818, 0.49998708185438184]
X.shape (10, 5)
s1 and s2 score at iteration 65
S_1 [0.41243569004051744, 0.41243569004051744, 0.41243569004051744, 0.41243569004051744, 0.41243569004051744, 0.40039919686631137, 0.40039919686631137, 0.40039919686631137, -0.23718646981975422, 0.026708097147414622]
S_2 [0.2, 0.2, 0.2, 0.2, 0.2, 0.3333333333333333, 0.3333333333333333, 0.3333333333333333, 0.5, 0.5]
Trust scores at iteration 66: [0.23324772240153835, 0.23324772240153835, 0.23324772240153835, 0.23324772240153835, 0.23324772240153835, -0.26392559362301926, -0.26392559362301926, -0.26392559362301926, -0.7579364766135948, -0.22835597041175656]
Trust scores_s1 at iteration 66: [0.4822369745269937, 0.4822369745269937, 0.4822369745269937, 0.4822369745269937, 0.4822369745269937, 0.2856963790147149, 0.2856963790147149, 0.2856963790147149, 0.09799109376942719, 0.38581103437034625]
Trust scores_s2 at iteration 66: [0.3656131133262246, 0.3656131133262246, 0.3656131133262246, 0.3656131133262246, 0.3656131133262246, 0.41765917582622447, 0.41765917582622447, 0.41765917582622447, 0.47695933207622454, 0.49998901957622455]
X.shape (10, 5)
s1 and s2 score at iteration 66
S_1 [0.6398129206853453, 0.6398129206853453, 0.6398129206853453, 0.6398129206853453, 0.6398129206853453, 0.6042439686719164, 0.6042439686719164, 0.6042439686719164, -0.6605247651882614, -0.18260876380204719]
S_2 [0.125, 0.125, 0.125, 0.125, 0.125, 0.125, 0.125, 0.125, 0.5, 0.5]
Trust scores at iteration 67: [0.3107605640413076, 0.3107605640413076, 0.3107605640413076, 0.3107605640413076, 0.3107605640413076, -0.12017566526661422, -0.12017566526661422, -0.12017566526661422, -0.9491017630704721, -0.38691401814027]
Trust scores_s1 at iteration 67: [0.48490142834794464, 0.48490142834794464, 0.48490142834794464, 0.48490142834794464, 0.48490142834794464, 0.31367246681898375, 0.31367246681898375, 0.31367246681898375, 0.005864550729554802, 0.3065336575696559]
Trust scores_s2 at iteration 67: [0.3295211463272909, 0.3295211463272909, 0.3295211463272909, 0.3295211463272909, 0.3295211463272909, 0.3737602994522908, 0.3737602994522908, 0.3737602994522908, 0.4804154322647909, 0.49999066663979086]
X.shape (10, 5)
s1 and s2 score at iteration 67
S_1 [0.4518850621379272, 0.4518850621379272, 0.4518850621379272, 0.4518850621379272, 0.4518850621379272, 0.4270270322722255, 0.4270270322722255, 0.4270270322722255, -0.7063650903322359, -0.48532331120610817]
S_2 [0.125, 0.125, 0.125, 0.125, 0.125, 0.125, 0.125, 0.125, 0.5, 0.5]
Trust scores at iteration 68: [0.3766464794351114, 0.3766464794351114, 0.3766464794351114, 0.3766464794351114, 0.3766464794351114, 0.0020992400914370685, 0.0020992400914370685, 0.0020992400914370685, -1.191209315765108, -0.6399765019744854]
Trust scores_s1 at iteration 68: [0.48716621409575295, 0.48716621409575295, 0.48716621409575295, 0.48716621409575295, 0.48716621409575295, 0.3374958745801657, 0.3374958745801657, 0.3374958745801657, -0.11225154045748176, 0.18000381565657947]
Trust scores_s2 at iteration 68: [0.29884297437819723, 0.29884297437819723, 0.29884297437819723, 0.29884297437819723, 0.29884297437819723, 0.33644625453444715, 0.33644625453444715, 0.33644625453444715, 0.48335311742507225, 0.49999206664382223]
X.shape (10, 5)
s1 and s2 score at iteration 68
S_1 [0.6232512249019183, 0.6232512249019183, 0.6232512249019183, 0.6232512249019183, 0.6232512249019183, 0.5243024699672437, 0.5243024699672437, 0.5243024699672437, -0.2185760466876789, 0.31281840350807616]
S_2 [0.125, 0.125, 0.125, 0.125, 0.125, 0.125, 0.125, 0.125, 0.5, 0.5]
Trust scores at iteration 69: [0.43264950751984477, 0.43264950751984477, 0.43264950751984477, 0.43264950751984477, 0.43264950751984477, 0.0904700194287412, 0.0904700194287412, 0.0904700194287412, -1.2151333617483455, -0.6186929535825546]
Trust scores_s1 at iteration 69: [0.48909128198139, 0.48909128198139, 0.48909128198139, 0.48909128198139, 0.48909128198139, 0.3499643260686507, 0.3499643260686507, 0.3499643260686507, -0.12171653106286139, 0.19064677985597153]
Trust scores_s2 at iteration 69: [0.27276652822146763, 0.27276652822146763, 0.27276652822146763, 0.27276652822146763, 0.27276652822146763, 0.3047293163542801, 0.3047293163542801, 0.3047293163542801, 0.4858501498113114, 0.4999932566472489]
X.shape (10, 5)
s1 and s2 score at iteration 69
S_1 [0.12785249490258052, 0.12785249490258052, 0.12785249490258052, 0.12785249490258052, 0.12785249490258052, 0.028233994830120537, 0.028233994830120537, 0.028233994830120537, -0.3490648867648561, -0.09348400920572361]
S_2 [0.2, 0.2, 0.2, 0.2, 0.2, 0.3333333333333333, 0.3333333333333333, 0.3333333333333333, 0.5, 0.5]
Trust scores at iteration 70: [0.45775208139186807, 0.45775208139186807, 0.45775208139186807, 0.45775208139186807, 0.45775208139186807, 0.010024401779634179, 0.010024401779634179, 0.010024401779634179, -1.5923957100195727, -0.7855669749176564]
Trust scores_s1 at iteration 70: [0.4907275896841815, 0.4907275896841815, 0.4907275896841815, 0.4907275896841815, 0.4907275896841815, 0.3140321197909552, 0.3140321197909552, 0.3140321197909552, -0.3082252276701716, 0.10721078069133332]
Trust scores_s2 at iteration 70: [0.2618515489882475, 0.2618515489882475, 0.2618515489882475, 0.2618515489882475, 0.2618515489882475, 0.30901991890113806, 0.30901991890113806, 0.30901991890113806, 0.4879726273396147, 0.49999426815016157]
X.shape (10, 5)
s1 and s2 score at iteration 70
S_1 [0.09695731981650883, 0.09695731981650883, 0.09695731981650883, 0.09695731981650883, 0.09695731981650883, -0.03656483034541626, -0.03656483034541626, -0.03656483034541626, -0.21891730380941032, 0.078844846387454]
S_2 [0.2, 0.2, 0.2, 0.2, 0.2, 0.25, 0.25, 0.25, 0.25, 0.5]
Trust scores at iteration 71: [0.47908926918308786, 0.47908926918308786, 0.47908926918308786, 0.47908926918308786, 0.47908926918308786, -0.12304770078947286, -0.12304770078947286, -0.12304770078947286, -1.76721728687532, -0.6957532376384227]
Trust scores_s1 at iteration 71: [0.4921184512315543, 0.4921184512315543, 0.4921184512315543, 0.4921184512315543, 0.4921184512315543, 0.23864308067123094, 0.23864308067123094, 0.23864308067123094, -0.4313319101989874, 0.15211850910842595]
Trust scores_s2 at iteration 71: [0.2525738166400104, 0.2525738166400104, 0.2525738166400104, 0.2525738166400104, 0.2525738166400104, 0.30016693106596737, 0.30016693106596737, 0.30016693106596737, 0.45227673323867246, 0.49999512792763734]
X.shape (10, 5)
s1 and s2 score at iteration 71
S_1 [0.38784976053027975, 0.38784976053027975, 0.38784976053027975, 0.38784976053027975, 0.38784976053027975, 0.2551944505483492, 0.2551944505483492, 0.2551944505483492, -0.493695141076223, -0.34029203947450504]
S_2 [0.2, 0.2, 0.2, 0.2, 0.2, 0.3333333333333333, 0.3333333333333333, 0.3333333333333333, 0.5, 0.5]
Trust scores at iteration 72: [0.4972258788056247, 0.4972258788056247, 0.4972258788056247, 0.4972258788056247, 0.4972258788056247, -0.1058946807311949, -0.1058946807311949, -0.1058946807311949, -1.843070150553301, -0.8729974131041864]
Trust scores_s1 at iteration 72: [0.49330068354682116, 0.49330068354682116, 0.49330068354682116, 0.49330068354682116, 0.49330068354682116, 0.2521945510404748, 0.2521945510404748, 0.2521945510404748, -0.4620998520237788, 0.06349715218639847]
Trust scores_s2 at iteration 72: [0.24468774414400882, 0.24468774414400882, 0.24468774414400882, 0.24468774414400882, 0.24468774414400882, 0.30514189140607223, 0.30514189140607223, 0.30514189140607223, 0.4594352232528716, 0.4999958587384917]
X.shape (10, 5)
s1 and s2 score at iteration 72
S_1 [0.07641669517289412, 0.07641669517289412, 0.07641669517289412, 0.07641669517289412, 0.07641669517289412, 0.04797401508449146, 0.04797401508449146, 0.04797401508449146, 0.077674337421732, -0.2408194706728309]
S_2 [0.2, 0.2, 0.2, 0.2, 0.2, 0.2, 0.2, 0.2, 0.2, 0.2]
Trust scores at iteration 73: [0.42021331405567625, 0.42021331405567625, 0.42021331405567625, 0.42021331405567625, 0.42021331405567625, -0.14736595146446307, -0.14736595146446307, -0.14736595146446307, -1.5666096279703057, -1.3571038518235565]
Trust scores_s1 at iteration 73: [0.4930912395502456, 0.4930912395502456, 0.4930912395502456, 0.4930912395502456, 0.4930912395502456, 0.2606876319629299, 0.2606876319629299, 0.2606876319629299, -0.31778487422021195, -0.17855544598406034]
Trust scores_s2 at iteration 73: [0.2829845825224075, 0.2829845825224075, 0.2829845825224075, 0.2829845825224075, 0.2829845825224075, 0.3343706076951614, 0.3343706076951614, 0.3343706076951614, 0.4655199397649409, 0.49999647992771795]
X.shape (10, 5)
s1 and s2 score at iteration 73
S_1 [0.1212458320107516, 0.1212458320107516, 0.1212458320107516, 0.1212458320107516, 0.1212458320107516, -0.09641245464069269, -0.09641245464069269, -0.09641245464069269, -0.3844046587724683, -0.3221044747890334]
S_2 [0.2, 0.2, 0.2, 0.2, 0.2, 0.3333333333333333, 0.3333333333333333, 0.3333333333333333, 0.5, 0.5]
Trust scores at iteration 74: [0.4471813169473248, 0.4471813169473248, 0.4471813169473248, 0.4471813169473248, 0.4471813169473248, -0.344538298681763, -0.344538298681763, -0.344538298681763, -1.9571866867048824, -1.702031734955719]
Trust scores_s1 at iteration 74: [0.49412755361770877, 0.49412755361770877, 0.49412755361770877, 0.49412755361770877, 0.49412755361770877, 0.16194586720000567, 0.16194586720000567, 0.16194586720000567, -0.5079013945522414, -0.35101885953929923]
Trust scores_s2 at iteration 74: [0.2705368951440464, 0.2705368951440464, 0.2705368951440464, 0.2705368951440464, 0.2705368951440464, 0.3342150165408872, 0.3342150165408872, 0.3342150165408872, 0.47069194880019977, 0.4999970079385603]
X.shape (10, 5)
s1 and s2 score at iteration 74
S_1 [0.5622933672573391, 0.5622933672573391, 0.5622933672573391, 0.5622933672573391, 0.5622933672573391, 0.3399344027827125, 0.3399344027827125, 0.3399344027827125, -0.5039697544017012, -0.007810833976261786]
S_2 [0.2, 0.2, 0.2, 0.2, 0.2, 0.3333333333333333, 0.3333333333333333, 0.3333333333333333, 0.5, 0.5]
Trust scores at iteration 75: [0.4701041194052261, 0.4701041194052261, 0.4701041194052261, 0.4701041194052261, 0.4701041194052261, -0.3021750678560226, -0.3021750678560226, -0.3021750678560226, -1.9480500048354497, -1.598810629197126]
Trust scores_s1 at iteration 75: [0.49500842057505245, 0.49500842057505245, 0.49500842057505245, 0.49500842057505245, 0.49500842057505245, 0.1829952301317428, 0.1829952301317428, 0.1829952301317428, -0.49893684593755494, -0.2994078578507867]
Trust scores_s2 at iteration 75: [0.25995636087243945, 0.25995636087243945, 0.25995636087243945, 0.25995636087243945, 0.25995636087243945, 0.3340827640597541, 0.3340827640597541, 0.3340827640597541, 0.4750881564801698, 0.49999745674777624]
X.shape (10, 5)
s1 and s2 score at iteration 75
S_1 [0.5588170694856742, 0.5588170694856742, 0.5588170694856742, 0.5588170694856742, 0.5588170694856742, 0.5721639848754678, 0.5721639848754678, 0.5721639848754678, -0.3883878229511588, -0.29790221317376697]
S_2 [0.125, 0.125, 0.125, 0.125, 0.125, 0.125, 0.125, 0.125, 0.5, 0.5]
Trust scores at iteration 76: [0.5085894394049177, 0.5085894394049177, 0.5085894394049177, 0.5085894394049177, 0.5085894394049177, -0.14434880767761918, -0.14434880767761918, -0.14434880767761918, -1.9076632670079468, -1.5870878546616458]
Trust scores_s1 at iteration 76: [0.4940076264440323, 0.4940076264440323, 0.4940076264440323, 0.4940076264440323, 0.4940076264440323, 0.23054594561198138, 0.23054594561198138, 0.23054594561198138, -0.47500670049582905, -0.29354608909521307]
Trust scores_s2 at iteration 76: [0.23971290674157353, 0.23971290674157353, 0.23971290674157353, 0.23971290674157353, 0.23971290674157353, 0.30272034945079096, 0.30272034945079096, 0.30272034945079096, 0.4788249330081443, 0.4999978382356098]
X.shape (10, 5)
s1 and s2 score at iteration 76
S_1 [0.2552325571888743, 0.2552325571888743, 0.2552325571888743, 0.2552325571888743, 0.2552325571888743, -0.17806866565467944, -0.17806866565467944, -0.17806866565467944, 0.07700479659994358, -0.072303527951685]
S_2 [0.2, 0.2, 0.2, 0.2, 0.2, 0.3333333333333333, 0.3333333333333333, 0.3333333333333333, 0.5, 0.5]
Trust scores at iteration 77: [0.5223010234941801, 0.5223010234941801, 0.5223010234941801, 0.5223010234941801, 0.5223010234941801, -0.3273473200340074, -0.3273473200340074, -0.3273473200340074, -1.7262581104492727, -1.5415174105877205]
Trust scores_s1 at iteration 77: [0.49490648247742747, 0.49490648247742747, 0.49490648247742747, 0.49490648247742747, 0.49490648247742747, 0.14363863701616858, 0.14363863701616858, 0.14363863701616858, -0.38112786216771366, -0.27076054279359185]
Trust scores_s2 at iteration 77: [0.2337559707303375, 0.2337559707303375, 0.2337559707303375, 0.2337559707303375, 0.2337559707303375, 0.3073122970331723, 0.3073122970331723, 0.3073122970331723, 0.4820011930569227, 0.4999981625002683]
X.shape (10, 5)
s1 and s2 score at iteration 77
S_1 [0.7580215641545835, 0.7580215641545835, 0.7580215641545835, 0.7580215641545835, 0.7580215641545835, 0.8084046999950601, 0.8084046999950601, 0.8084046999950601, 0.082286949417748, 0.5412353507013177]
S_2 [0.125, 0.125, 0.125, 0.125, 0.125, 0.125, 0.125, 0.125, 0.5, 0.25]
Trust scores at iteration 78: [0.5471072474594249, 0.5471072474594249, 0.5471072474594249, 0.5471072474594249, 0.5471072474594249, -0.16574522202890626, -0.16574522202890626, -0.16574522202890626, -1.6020509987170126, -1.2848632396219464]
Trust scores_s1 at iteration 78: [0.4909961988504993, 0.4909961988504993, 0.4909961988504993, 0.4909961988504993, 0.4909961988504993, 0.19709284146374328, 0.19709284146374328, 0.19709284146374328, -0.3163244852601219, -0.17993318168574512]
Trust scores_s2 at iteration 78: [0.21744257512078685, 0.21744257512078685, 0.21744257512078685, 0.21744257512078685, 0.21744257512078685, 0.27996545247819643, 0.27996545247819643, 0.27996545247819643, 0.4847010140983843, 0.46249843812522806]
X.shape (10, 5)
s1 and s2 score at iteration 78
S_1 [0.6248361224874043, 0.6248361224874043, 0.6248361224874043, 0.6248361224874043, 0.6248361224874043, 0.6491351195547923, 0.6491351195547923, 0.6491351195547923, -0.06440670940620047, 0.2706454874182303]
S_2 [0.125, 0.125, 0.125, 0.125, 0.125, 0.125, 0.125, 0.125, 0.5, 0.5]
Trust scores at iteration 79: [0.5719262283328145, 0.5719262283328145, 0.5719262283328145, 0.5719262283328145, 0.5719262283328145, -0.028383438724570303, -0.028383438724570303, -0.028383438724570303, -1.5266262386498217, -1.1795938881101764]
Trust scores_s1 at iteration 79: [0.48953930301907606, 0.48953930301907606, 0.48953930301907606, 0.48953930301907606, 0.48953930301907606, 0.2425289152441818, 0.2425289152441818, 0.2425289152441818, -0.27631725734128415, -0.12167327164864439]
Trust scores_s2 at iteration 79: [0.20357618885266882, 0.20357618885266882, 0.20357618885266882, 0.20357618885266882, 0.20357618885266882, 0.25672063460646694, 0.25672063460646694, 0.25672063460646694, 0.48699586198362665, 0.46812367240644387]
X.shape (10, 5)
s1 and s2 score at iteration 79
S_1 [0.27677336978688166, 0.27677336978688166, 0.27677336978688166, 0.27677336978688166, 0.27677336978688166, 0.2423356338938015, 0.2423356338938015, 0.2423356338938015, -0.16249401140534486, -0.3133370781018657]
S_2 [0.2, 0.2, 0.2, 0.2, 0.2, 0.25, 0.25, 0.25, 0.25, 0.5]
Trust scores at iteration 80: [0.5761372940828923, 0.5761372940828923, 0.5761372940828923, 0.5761372940828923, 0.5761372940828923, 0.032210213620879474, 0.032210213620879474, 0.032210213620879474, -1.460697501211461, -1.3224708596371781]
Trust scores_s1 at iteration 80: [0.49110840756621466, 0.49110840756621466, 0.49110840756621466, 0.49110840756621466, 0.49110840756621466, 0.2718176462259366, 0.2718176462259366, 0.2718176462259366, -0.2789022679196478, -0.1883303082731118]
Trust scores_s2 at iteration 80: [0.2030397605247685, 0.2030397605247685, 0.2030397605247685, 0.2030397605247685, 0.2030397605247685, 0.2557125394154969, 0.2557125394154969, 0.2557125394154969, 0.4514464826860827, 0.4729051215454773]
X.shape (10, 5)
s1 and s2 score at iteration 80
S_1 [0.19186341134444493, 0.19186341134444493, 0.19186341134444493, 0.19186341134444493, 0.19186341134444493, -0.3447141113011662, -0.3447141113011662, -0.3447141113011662, 0.21924588970859998, 0.008058980430218207]
S_2 [0.2, 0.2, 0.2, 0.2, 0.2, 0.3333333333333333, 0.3333333333333333, 0.3333333333333333, 0.5, 0.5]
Trust scores at iteration 81: [0.5609826121383792, 0.5609826121383792, 0.5609826121383792, 0.5609826121383792, 0.5609826121383792, -0.3084620758654088, -0.3084620758654088, -0.3084620758654088, -1.2415928760297417, -1.2685865717302436]
Trust scores_s1 at iteration 81: [0.4830751025152429, 0.4830751025152429, 0.4830751025152429, 0.4830751025152429, 0.4830751025152429, 0.11312462057046797, 0.11312462057046797, 0.11312462057046797, -0.1620669277317006, -0.157323932551466]
Trust scores_s2 at iteration 81: [0.2025837964460532, 0.2025837964460532, 0.2025837964460532, 0.2025837964460532, 0.2025837964460532, 0.26735565850317233, 0.26735565850317233, 0.26735565850317233, 0.45872951028317027, 0.4769693533136557]
X.shape (10, 5)
s1 and s2 score at iteration 81
S_1 [1.0, 1.0, 1.0, 1.0, 1.0, 1.0, 1.0, 1.0, 1.0, 1.0]
S_2 [0.1, 0.1, 0.1, 0.1, 0.1, 0.1, 0.1, 0.1, 0.1, 0.1]
Trust scores at iteration 82: [0.4768352203176223, 0.4768352203176223, 0.4768352203176223, 0.4768352203176223, 0.4768352203176223, -0.2621927644855975, -0.2621927644855975, -0.2621927644855975, -1.0553539446252804, -1.078298585970707]
Trust scores_s1 at iteration 82: [0.48561383713795647, 0.48561383713795647, 0.48561383713795647, 0.48561383713795647, 0.48561383713795647, 0.17115592748489777, 0.17115592748489777, 0.17115592748489777, -0.06275688857194547, -0.0587253426687461]
Trust scores_s2 at iteration 82: [0.24719622697914523, 0.24719622697914523, 0.24719622697914523, 0.24719622697914523, 0.24719622697914523, 0.30225230972769646, 0.30225230972769646, 0.30225230972769646, 0.4649200837406947, 0.48042395031660734]
X.shape (10, 5)
s1 and s2 score at iteration 82
S_1 [1.0, 1.0, 1.0, 1.0, 1.0, 1.0, 1.0, 1.0, 1.0, 1.0]
S_2 [0.1, 0.1, 0.1, 0.1, 0.1, 0.1, 0.1, 0.1, 0.1, 0.1]
Trust scores at iteration 83: [0.40530993726997894, 0.40530993726997894, 0.40530993726997894, 0.40530993726997894, 0.40530993726997894, -0.22286384981275784, -0.22286384981275784, -0.22286384981275784, -0.8970508529314883, -0.916553798075101]
Trust scores_s1 at iteration 83: [0.487771761567263, 0.487771761567263, 0.487771761567263, 0.487771761567263, 0.487771761567263, 0.2204825383621631, 0.2204825383621631, 0.2204825383621631, 0.02165664471384636, 0.025083458731565825]
Trust scores_s2 at iteration 83: [0.28511679293227343, 0.28511679293227343, 0.28511679293227343, 0.28511679293227343, 0.28511679293227343, 0.331914463268542, 0.331914463268542, 0.331914463268542, 0.4701820711795905, 0.48336035776911623]
X.shape (10, 5)
s1 and s2 score at iteration 83
S_1 [1.0, 1.0, 1.0, 1.0, 1.0, 1.0, 1.0, 1.0, 1.0, 1.0]
S_2 [0.1, 0.1, 0.1, 0.1, 0.1, 0.1, 0.1, 0.1, 0.1, 0.1]
Trust scores at iteration 84: [0.3445134466794821, 0.3445134466794821, 0.3445134466794821, 0.3445134466794821, 0.3445134466794821, -0.18943427234084415, -0.18943427234084415, -0.18943427234084415, -0.7624932249917651, -0.7790707283638358]
Trust scores_s1 at iteration 84: [0.4896059973321735, 0.4896059973321735, 0.4896059973321735, 0.4896059973321735, 0.4896059973321735, 0.26241015760783865, 0.26241015760783865, 0.26241015760783865, 0.09340814800676941, 0.09632093992183097]
Trust scores_s2 at iteration 84: [0.3173492739924324, 0.3173492739924324, 0.3173492739924324, 0.3173492739924324, 0.3173492739924324, 0.3571272937782607, 0.3571272937782607, 0.3571272937782607, 0.47465476050265193, 0.4858563041037488]
X.shape (10, 5)
s1 and s2 score at iteration 84
S_1 [0.9999999999999998, 0.9999999999999998, 0.9999999999999998, 0.9999999999999998, 0.9999999999999998, 0.9999999999999998, 0.9999999999999998, 0.9999999999999998, 0.9999999999999998, 0.9999999999999998]
S_2 [0.1, 0.1, 0.1, 0.1, 0.1, 0.1, 0.1, 0.1, 0.1, 0.1]
Trust scores at iteration 85: [0.29283642967755974, 0.29283642967755974, 0.29283642967755974, 0.29283642967755974, 0.29283642967755974, -0.16101913148971753, -0.16101913148971753, -0.16101913148971753, -0.6481192412430004, -0.6622101191092604]
Trust scores_s1 at iteration 85: [0.4911650977323475, 0.4911650977323475, 0.4911650977323475, 0.4911650977323475, 0.4911650977323475, 0.2980486339666628, 0.2980486339666628, 0.2980486339666628, 0.154396925805754, 0.15687279893355632]
Trust scores_s2 at iteration 85: [0.34474688289356753, 0.34474688289356753, 0.34474688289356753, 0.34474688289356753, 0.34474688289356753, 0.3785581997115216, 0.3785581997115216, 0.3785581997115216, 0.47845654642725416, 0.4879778584881865]
X.shape (10, 5)
s1 and s2 score at iteration 85
S_1 [1.0, 1.0, 1.0, 1.0, 1.0, 1.0, 1.0, 1.0, 1.0, 1.0]
S_2 [0.1, 0.1, 0.1, 0.1, 0.1, 0.1, 0.1, 0.1, 0.1, 0.1]
Trust scores at iteration 86: [0.24891096522592576, 0.24891096522592576, 0.24891096522592576, 0.24891096522592576, 0.24891096522592576, -0.1368662617662599, -0.1368662617662599, -0.1368662617662599, -0.5509013550565502, -0.5628786012428714]
Trust scores_s1 at iteration 86: [0.4924903330724954, 0.4924903330724954, 0.4924903330724954, 0.4924903330724954, 0.4924903330724954, 0.3283413388716634, 0.3283413388716634, 0.3283413388716634, 0.2062373869348909, 0.2083418790935229]
Trust scores_s2 at iteration 86: [0.3680348504595324, 0.3680348504595324, 0.3680348504595324, 0.3680348504595324, 0.3680348504595324, 0.39677446975479336, 0.39677446975479336, 0.39677446975479336, 0.48168806446316603, 0.4897811797149585]
X.shape (10, 5)
s1 and s2 score at iteration 86
S_1 [0.9999999999999998, 0.9999999999999998, 0.9999999999999998, 0.9999999999999998, 0.9999999999999998, 0.9999999999999998, 0.9999999999999998, 0.9999999999999998, 0.9999999999999998, 0.9999999999999998]
S_2 [0.1, 0.1, 0.1, 0.1, 0.1, 0.1, 0.1, 0.1, 0.1, 0.1]
Trust scores at iteration 87: [0.2115743204420369, 0.2115743204420369, 0.2115743204420369, 0.2115743204420369, 0.2115743204420369, -0.11633632250132092, -0.11633632250132092, -0.11633632250132092, -0.4682661517980677, -0.47844681105644066]
Trust scores_s1 at iteration 87: [0.4936167831116211, 0.4936167831116211, 0.4936167831116211, 0.4936167831116211, 0.4936167831116211, 0.3540901380409139, 0.3540901380409139, 0.3540901380409139, 0.25030177889465727, 0.25209059722949445]
Trust scores_s2 at iteration 87: [0.3878296228906025, 0.3878296228906025, 0.3878296228906025, 0.3878296228906025, 0.3878296228906025, 0.41225829929157437, 0.41225829929157437, 0.41225829929157437, 0.48443485479369114, 0.4913140027577147]
X.shape (10, 5)
s1 and s2 score at iteration 87
S_1 [0.9999999999999998, 0.9999999999999998, 0.9999999999999998, 0.9999999999999998, 0.9999999999999998, 0.9999999999999998, 0.9999999999999998, 0.9999999999999998, 0.9999999999999998, 0.9999999999999998]
S_2 [0.1, 0.1, 0.1, 0.1, 0.1, 0.1, 0.1, 0.1, 0.1, 0.1]
Trust scores at iteration 88: [0.17983817237573135, 0.17983817237573135, 0.17983817237573135, 0.17983817237573135, 0.17983817237573135, -0.09888587412612278, -0.09888587412612278, -0.09888587412612278, -0.39802622902835755, -0.40667978939797456]
Trust scores_s1 at iteration 88: [0.49457426564487794, 0.49457426564487794, 0.49457426564487794, 0.49457426564487794, 0.49457426564487794, 0.37597661733477683, 0.37597661733477683, 0.37597661733477683, 0.2877565120604587, 0.28927700764507025]
Trust scores_s2 at iteration 88: [0.4046551794570121, 0.4046551794570121, 0.4046551794570121, 0.4046551794570121, 0.4046551794570121, 0.42541955439783824, 0.42541955439783824, 0.42541955439783824, 0.48676962657463746, 0.4926169023440575]
X.shape (10, 5)
s1 and s2 score at iteration 88
S_1 [1.0, 1.0, 1.0, 1.0, 1.0, 1.0, 1.0, 1.0, 1.0, 1.0]
S_2 [0.1, 0.1, 0.1, 0.1, 0.1, 0.1, 0.1, 0.1, 0.1, 0.1]
Trust scores at iteration 89: [0.15286244651937164, 0.15286244651937164, 0.15286244651937164, 0.15286244651937164, 0.15286244651937164, -0.08405299300720435, -0.08405299300720435, -0.08405299300720435, -0.3383222946741039, -0.3456778209882784]
Trust scores_s1 at iteration 89: [0.49538812579814623, 0.49538812579814623, 0.49538812579814623, 0.49538812579814623, 0.49538812579814623, 0.39458012473456033, 0.39458012473456033, 0.39458012473456033, 0.31959303525138993, 0.3208854564983097]
Trust scores_s2 at iteration 89: [0.4189569025384603, 0.4189569025384603, 0.4189569025384603, 0.4189569025384603, 0.4189569025384603, 0.4366066212381625, 0.4366066212381625, 0.4366066212381625, 0.48875418258844183, 0.49372436699244887]
X.shape (10, 5)
s1 and s2 score at iteration 89
S_1 [0.9999999999999998, 0.9999999999999998, 0.9999999999999998, 0.9999999999999998, 0.9999999999999998, 0.9999999999999998, 0.9999999999999998, 0.9999999999999998, 0.9999999999999998, 0.9999999999999998]
S_2 [0.1, 0.1, 0.1, 0.1, 0.1, 0.1, 0.1, 0.1, 0.1, 0.1]
Trust scores at iteration 90: [0.12993307954146588, 0.12993307954146588, 0.12993307954146588, 0.12993307954146588, 0.12993307954146588, -0.0714450440561237, -0.0714450440561237, -0.0714450440561237, -0.28757395047298834, -0.29382614784003663]
Trust scores_s1 at iteration 90: [0.4960799069284243, 0.4960799069284243, 0.4960799069284243, 0.4960799069284243, 0.4960799069284243, 0.4103931060243763, 0.4103931060243763, 0.4103931060243763, 0.34665407996368147, 0.3477526380235632]
Trust scores_s2 at iteration 90: [0.4311133671576913, 0.4311133671576913, 0.4311133671576913, 0.4311133671576913, 0.4311133671576913, 0.44611562805243815, 0.44611562805243815, 0.44611562805243815, 0.49044105520017556, 0.49466571194358155]
X.shape (10, 5)
s1 and s2 score at iteration 90
S_1 [1.0, 1.0, 1.0, 1.0, 1.0, 1.0, 1.0, 1.0, 1.0, 1.0]
S_2 [0.1, 0.1, 0.1, 0.1, 0.1, 0.1, 0.1, 0.1, 0.1, 0.1]
Trust scores at iteration 91: [0.110443117610246, 0.110443117610246, 0.110443117610246, 0.110443117610246, 0.110443117610246, -0.06072828744770514, -0.06072828744770514, -0.06072828744770514, -0.2444378579020401, -0.24975222566403113]
Trust scores_s1 at iteration 91: [0.4966679208891607, 0.4966679208891607, 0.4966679208891607, 0.4966679208891607, 0.4966679208891607, 0.42383414012071985, 0.42383414012071985, 0.42383414012071985, 0.36965596796912925, 0.3705897423200287]
Trust scores_s2 at iteration 91: [0.4414463620840376, 0.4414463620840376, 0.4414463620840376, 0.4414463620840376, 0.4414463620840376, 0.45419828384457245, 0.45419828384457245, 0.45419828384457245, 0.49187489692014924, 0.49546585515204433]
X.shape (10, 5)
s1 and s2 score at iteration 91
S_1 [1.0, 1.0, 1.0, 1.0, 1.0, 1.0, 1.0, 1.0, 1.0, 1.0]
S_2 [0.1, 0.1, 0.1, 0.1, 0.1, 0.1, 0.1, 0.1, 0.1, 0.1]
Trust scores at iteration 92: [0.09387664996870909, 0.09387664996870909, 0.09387664996870909, 0.09387664996870909, 0.09387664996870909, -0.05161904433054937, -0.05161904433054937, -0.05161904433054937, -0.20777217921673408, -0.21228939181442646]
Trust scores_s1 at iteration 92: [0.4971677327557866, 0.4971677327557866, 0.4971677327557866, 0.4971677327557866, 0.4971677327557866, 0.4352590191026119, 0.4352590191026119, 0.4352590191026119, 0.3892075727737599, 0.3900012809720244]
Trust scores_s2 at iteration 92: [0.45022940777143194, 0.45022940777143194, 0.45022940777143194, 0.45022940777143194, 0.45022940777143194, 0.4610685412678866, 0.4610685412678866, 0.4610685412678866, 0.4930936623821269, 0.49614597687923767]
X.shape (10, 5)
s1 and s2 score at iteration 92
S_1 [1.0, 1.0, 1.0, 1.0, 1.0, 1.0, 1.0, 1.0, 1.0, 1.0]
S_2 [0.1, 0.1, 0.1, 0.1, 0.1, 0.1, 0.1, 0.1, 0.1, 0.1]
Trust scores at iteration 93: [0.07979515247340273, 0.07979515247340273, 0.07979515247340273, 0.07979515247340273, 0.07979515247340273, -0.04387618768096696, -0.04387618768096696, -0.04387618768096696, -0.17660635233422395, -0.1804459830422625]
Trust scores_s1 at iteration 93: [0.4975925728424186, 0.4975925728424186, 0.4975925728424186, 0.4975925728424186, 0.4975925728424186, 0.44497016623722013, 0.44497016623722013, 0.44497016623722013, 0.4058264368576959, 0.40650108882622077]
Trust scores_s2 at iteration 93: [0.45769499660571716, 0.45769499660571716, 0.45769499660571716, 0.45769499660571716, 0.45769499660571716, 0.4669082600777036, 0.4669082600777036, 0.4669082600777036, 0.49412961302480785, 0.49672408034735205]
X.shape (10, 5)
s1 and s2 score at iteration 93
S_1 [1.0, 1.0, 1.0, 1.0, 1.0, 1.0, 1.0, 1.0, 1.0, 1.0]
S_2 [0.1, 0.1, 0.1, 0.1, 0.1, 0.1, 0.1, 0.1, 0.1, 0.1]
Trust scores at iteration 94: [0.06782587960239232, 0.06782587960239232, 0.06782587960239232, 0.06782587960239232, 0.06782587960239232, -0.037294759528821914, -0.037294759528821914, -0.037294759528821914, -0.15011539948409036, -0.15337908558592311]
Trust scores_s1 at iteration 94: [0.4979536869160558, 0.4979536869160558, 0.4979536869160558, 0.4979536869160558, 0.4979536869160558, 0.4532246413016371, 0.4532246413016371, 0.4532246413016371, 0.41995247132904157, 0.4205259255022877]
Trust scores_s2 at iteration 94: [0.4640407471148596, 0.4640407471148596, 0.4640407471148596, 0.4640407471148596, 0.4640407471148596, 0.47187202106604803, 0.47187202106604803, 0.47187202106604803, 0.4950101710710867, 0.49721546829524926]
X.shape (10, 5)
s1 and s2 score at iteration 94
S_1 [1.0, 1.0, 1.0, 1.0, 1.0, 1.0, 1.0, 1.0, 1.0, 1.0]
S_2 [0.1, 0.1, 0.1, 0.1, 0.1, 0.1, 0.1, 0.1, 0.1, 0.1]
Trust scores at iteration 95: [0.05765199766203347, 0.05765199766203347, 0.05765199766203347, 0.05765199766203347, 0.05765199766203347, -0.03170054559949863, -0.03170054559949863, -0.03170054559949863, -0.1275980895614768, -0.13037222274803464]
Trust scores_s1 at iteration 95: [0.49826063387864744, 0.49826063387864744, 0.49826063387864744, 0.49826063387864744, 0.49826063387864744, 0.4602409451063915, 0.4602409451063915, 0.4602409451063915, 0.43195960062968536, 0.4324470366769445]
Trust scores_s2 at iteration 95: [0.46943463504763067, 0.46943463504763067, 0.46943463504763067, 0.46943463504763067, 0.46943463504763067, 0.47609121790614084, 0.47609121790614084, 0.47609121790614084, 0.4957586454104237, 0.49763314805096187]
X.shape (10, 5)
s1 and s2 score at iteration 95
S_1 [1.0, 1.0, 1.0, 1.0, 1.0, 1.0, 1.0, 1.0, 1.0, 1.0]
S_2 [0.1, 0.1, 0.1, 0.1, 0.1, 0.1, 0.1, 0.1, 0.1, 0.1]
Trust scores at iteration 96: [0.04900419801272845, 0.04900419801272845, 0.04900419801272845, 0.04900419801272845, 0.04900419801272845, -0.026945463759573834, -0.026945463759573834, -0.026945463759573834, -0.10845837612725528, -0.11081638933582945]
Trust scores_s1 at iteration 96: [0.49852153879685035, 0.49852153879685035, 0.49852153879685035, 0.49852153879685035, 0.49852153879685035, 0.4662048033404328, 0.4662048033404328, 0.4662048033404328, 0.44216566053523254, 0.4425799811754028]
Trust scores_s2 at iteration 96: [0.47401943979048605, 0.47401943979048605, 0.47401943979048605, 0.47401943979048605, 0.47401943979048605, 0.4796775352202197, 0.4796775352202197, 0.4796775352202197, 0.49639484859886013, 0.4979881758433176]
X.shape (10, 5)
s1 and s2 score at iteration 96
S_1 [1.0, 1.0, 1.0, 1.0, 1.0, 1.0, 1.0, 1.0, 1.0, 1.0]
S_2 [0.1, 0.1, 0.1, 0.1, 0.1, 0.1, 0.1, 0.1, 0.1, 0.1]
Trust scores at iteration 97: [0.04165356831081918, 0.04165356831081918, 0.04165356831081918, 0.04165356831081918, 0.04165356831081918, -0.022903644195637757, -0.022903644195637757, -0.022903644195637757, -0.09218961970816698, -0.09419393093545503]
Trust scores_s1 at iteration 97: [0.4987433079773228, 0.4987433079773228, 0.4987433079773228, 0.4987433079773228, 0.4987433079773228, 0.4712740828393679, 0.4712740828393679, 0.4712740828393679, 0.45084081145494764, 0.4511929839990924]
Trust scores_s2 at iteration 97: [0.47791652382191313, 0.47791652382191313, 0.47791652382191313, 0.47791652382191313, 0.47791652382191313, 0.48272590493718676, 0.48272590493718676, 0.48272590493718676, 0.49693562130903113, 0.49828994946682]
X.shape (10, 5)
s1 and s2 score at iteration 97
S_1 [1.0, 1.0, 1.0, 1.0, 1.0, 1.0, 1.0, 1.0, 1.0, 1.0]
S_2 [0.1, 0.1, 0.1, 0.1, 0.1, 0.1, 0.1, 0.1, 0.1, 0.1]
Trust scores at iteration 98: [0.0354055330641963, 0.0354055330641963, 0.0354055330641963, 0.0354055330641963, 0.0354055330641963, -0.019468097566292093, -0.019468097566292093, -0.019468097566292093, -0.07836117675194193, -0.08006484129513677]
Trust scores_s1 at iteration 98: [0.4989318117807244, 0.4989318117807244, 0.4989318117807244, 0.4989318117807244, 0.4989318117807244, 0.4755829704134627, 0.4755829704134627, 0.4755829704134627, 0.4582146897367055, 0.45851403639922855]
Trust scores_s2 at iteration 98: [0.48122904524862614, 0.48122904524862614, 0.48122904524862614, 0.48122904524862614, 0.48122904524862614, 0.48531701919660875, 0.48531701919660875, 0.48531701919660875, 0.4973952781126765, 0.498546457046797]
X.shape (10, 5)
s1 and s2 score at iteration 98
S_1 [1.0, 1.0, 1.0, 1.0, 1.0, 1.0, 1.0, 1.0, 1.0, 1.0]
S_2 [0.1, 0.1, 0.1, 0.1, 0.1, 0.1, 0.1, 0.1, 0.1, 0.1]
Trust scores at iteration 99: [0.030094703104566852, 0.030094703104566852, 0.030094703104566852, 0.030094703104566852, 0.030094703104566852, -0.01654788293134828, -0.01654788293134828, -0.01654788293134828, -0.06660700023915064, -0.06805511510086626]
Trust scores_s1 at iteration 99: [0.49909204001361573, 0.49909204001361573, 0.49909204001361573, 0.49909204001361573, 0.49909204001361573, 0.4792455248514433, 0.4792455248514433, 0.4792455248514433, 0.46448248627619965, 0.46473693093934426]
Trust scores_s2 at iteration 99: [0.4840446884613322, 0.4840446884613322, 0.4840446884613322, 0.4840446884613322, 0.4840446884613322, 0.48751946631711746, 0.48751946631711746, 0.48751946631711746, 0.497785986395775, 0.49876448848977745]
X.shape (10, 5)
s1 and s2 score at iteration 99
S_1 [1.0, 1.0, 1.0, 1.0, 1.0, 1.0, 1.0, 1.0, 1.0, 1.0]
S_2 [0.1, 0.1, 0.1, 0.1, 0.1, 0.1, 0.1, 0.1, 0.1, 0.1]
Trust scores at iteration 100: [0.025580497638881823, 0.025580497638881823, 0.025580497638881823, 0.025580497638881823, 0.025580497638881823, -0.014065700491646037, -0.014065700491646037, -0.014065700491646037, -0.056615950203278045, -0.05784684783573632]
Trust scores_s1 at iteration 100: [0.4992282340115734, 0.4992282340115734, 0.4992282340115734, 0.4992282340115734, 0.4992282340115734, 0.4823586961237268, 0.4823586961237268, 0.4823586961237268, 0.4698101133347697, 0.47002639129844265]
Trust scores_s2 at iteration 100: [0.4864379851921324, 0.4864379851921324, 0.4864379851921324, 0.4864379851921324, 0.4864379851921324, 0.48939154636954985, 0.48939154636954985, 0.48939154636954985, 0.49811808843640876, 0.4989498152163108]
