chunks.shape 518399
chunks[0].shape 5
Loaded Tower 5 data for Tower 2 without noise: 518399 chunks
chunks.shape 518399
chunks[0].shape 5
Loaded Tower 5 data for Tower 3 without noise: 518399 chunks
chunks.shape 518399
chunks[0].shape 5
Loaded Tower 5 data for Tower 4 without noise: 518399 chunks
chunks.shape 518399
chunks[0].shape 5
Loaded Tower 5 data for Tower 5 without noise: 518399 chunks
chunks.shape 518399
chunks[0].shape 5
Loaded Tower 5 data for Tower 6 without noise: 518399 chunks
chunks.shape 518399
chunks[0].shape 5
Loaded Tower 5 data for Tower 7 with same noise (chunks 60-80): 518399 chunks
chunks.shape 518399
chunks[0].shape 5
Loaded Tower 5 data for Tower 8 with same noise (chunks 60-80): 518399 chunks
chunks.shape 518399
chunks[0].shape 5
Loaded Tower 5 data for Tower 9 with same noise (chunks 60-80): 518399 chunks
chunks.shape 518399
chunks[0].shape 5
Loaded Tower 5 data for Tower 10 with random noise (chunks 60-80): 518399 chunks
chunks.shape 518399
chunks[0].shape 5
Loaded Tower 5 data for Tower 11 with random noise (chunks 60-80): 518399 chunks
X.shape (10, 5)
s1 and s2 score at iteration 0
S_1 [1.0, 1.0, 1.0, 1.0, 1.0, 1.0, 1.0, 1.0, 1.0, 1.0]
S_2 [0.1, 0.1, 0.1, 0.1, 0.1, 0.1, 0.1, 0.1, 0.1, 0.1]
Trust scores at iteration 1: [0.0, 0.0, 0.0, 0.0, 0.0, 0.0, 0.0, 0.0, 0.0, 0.0]
Trust scores_s1 at iteration 1: [0.45, 0.45, 0.45, 0.45, 0.45, 0.45, 0.45, 0.45, 0.45, 0.45]
Trust scores_s2 at iteration 1: [0.45, 0.45, 0.45, 0.45, 0.45, 0.45, 0.45, 0.45, 0.45, 0.45]
X.shape (10, 5)
s1 and s2 score at iteration 1
S_1 [1.0, 1.0, 1.0, 1.0, 1.0, 1.0, 1.0, 1.0, 1.0, 1.0]
S_2 [0.1, 0.1, 0.1, 0.1, 0.1, 0.1, 0.1, 0.1, 0.1, 0.1]
Trust scores at iteration 2: [0.0, 0.0, 0.0, 0.0, 0.0, 0.0, 0.0, 0.0, 0.0, 0.0]
Trust scores_s1 at iteration 2: [0.495, 0.495, 0.495, 0.495, 0.495, 0.495, 0.495, 0.495, 0.495, 0.495]
Trust scores_s2 at iteration 2: [0.495, 0.495, 0.495, 0.495, 0.495, 0.495, 0.495, 0.495, 0.495, 0.495]
X.shape (10, 5)
s1 and s2 score at iteration 2
S_1 [1.0, 1.0, 1.0, 1.0, 1.0, 1.0, 1.0, 1.0, 1.0, 1.0]
S_2 [0.1, 0.1, 0.1, 0.1, 0.1, 0.1, 0.1, 0.1, 0.1, 0.1]
Trust scores at iteration 3: [0.0, 0.0, 0.0, 0.0, 0.0, 0.0, 0.0, 0.0, 0.0, 0.0]
Trust scores_s1 at iteration 3: [0.4995, 0.4995, 0.4995, 0.4995, 0.4995, 0.4995, 0.4995, 0.4995, 0.4995, 0.4995]
Trust scores_s2 at iteration 3: [0.4995, 0.4995, 0.4995, 0.4995, 0.4995, 0.4995, 0.4995, 0.4995, 0.4995, 0.4995]
X.shape (10, 5)
s1 and s2 score at iteration 3
S_1 [1.0, 1.0, 1.0, 1.0, 1.0, 1.0, 1.0, 1.0, 1.0, 1.0]
S_2 [0.1, 0.1, 0.1, 0.1, 0.1, 0.1, 0.1, 0.1, 0.1, 0.1]
Trust scores at iteration 4: [0.0, 0.0, 0.0, 0.0, 0.0, 0.0, 0.0, 0.0, 0.0, 0.0]
Trust scores_s1 at iteration 4: [0.49995, 0.49995, 0.49995, 0.49995, 0.49995, 0.49995, 0.49995, 0.49995, 0.49995, 0.49995]
Trust scores_s2 at iteration 4: [0.49995, 0.49995, 0.49995, 0.49995, 0.49995, 0.49995, 0.49995, 0.49995, 0.49995, 0.49995]
X.shape (10, 5)
s1 and s2 score at iteration 4
S_1 [0.9999999999999998, 0.9999999999999998, 0.9999999999999998, 0.9999999999999998, 0.9999999999999998, 0.9999999999999998, 0.9999999999999998, 0.9999999999999998, 0.9999999999999998, 0.9999999999999998]
S_2 [0.1, 0.1, 0.1, 0.1, 0.1, 0.1, 0.1, 0.1, 0.1, 0.1]
Trust scores at iteration 5: [0.0, 0.0, 0.0, 0.0, 0.0, 0.0, 0.0, 0.0, 0.0, 0.0]
Trust scores_s1 at iteration 5: [0.499995, 0.499995, 0.499995, 0.499995, 0.499995, 0.499995, 0.499995, 0.499995, 0.499995, 0.499995]
Trust scores_s2 at iteration 5: [0.499995, 0.499995, 0.499995, 0.499995, 0.499995, 0.499995, 0.499995, 0.499995, 0.499995, 0.499995]
X.shape (10, 5)
s1 and s2 score at iteration 5
S_1 [1.0, 1.0, 1.0, 1.0, 1.0, 1.0, 1.0, 1.0, 1.0, 1.0]
S_2 [0.1, 0.1, 0.1, 0.1, 0.1, 0.1, 0.1, 0.1, 0.1, 0.1]
Trust scores at iteration 6: [0.0, 0.0, 0.0, 0.0, 0.0, 0.0, 0.0, 0.0, 0.0, 0.0]
Trust scores_s1 at iteration 6: [0.49999950000000004, 0.49999950000000004, 0.49999950000000004, 0.49999950000000004, 0.49999950000000004, 0.49999950000000004, 0.49999950000000004, 0.49999950000000004, 0.49999950000000004, 0.49999950000000004]
Trust scores_s2 at iteration 6: [0.49999950000000004, 0.49999950000000004, 0.49999950000000004, 0.49999950000000004, 0.49999950000000004, 0.49999950000000004, 0.49999950000000004, 0.49999950000000004, 0.49999950000000004, 0.49999950000000004]
X.shape (10, 5)
s1 and s2 score at iteration 6
S_1 [1.0, 1.0, 1.0, 1.0, 1.0, 1.0, 1.0, 1.0, 1.0, 1.0]
S_2 [0.1, 0.1, 0.1, 0.1, 0.1, 0.1, 0.1, 0.1, 0.1, 0.1]
Trust scores at iteration 7: [0.0, 0.0, 0.0, 0.0, 0.0, 0.0, 0.0, 0.0, 0.0, 0.0]
Trust scores_s1 at iteration 7: [0.49999995, 0.49999995, 0.49999995, 0.49999995, 0.49999995, 0.49999995, 0.49999995, 0.49999995, 0.49999995, 0.49999995]
Trust scores_s2 at iteration 7: [0.49999995, 0.49999995, 0.49999995, 0.49999995, 0.49999995, 0.49999995, 0.49999995, 0.49999995, 0.49999995, 0.49999995]
X.shape (10, 5)
s1 and s2 score at iteration 7
S_1 [0.9999999999999998, 0.9999999999999998, 0.9999999999999998, 0.9999999999999998, 0.9999999999999998, 0.9999999999999998, 0.9999999999999998, 0.9999999999999998, 0.9999999999999998, 0.9999999999999998]
S_2 [0.1, 0.1, 0.1, 0.1, 0.1, 0.1, 0.1, 0.1, 0.1, 0.1]
Trust scores at iteration 8: [0.0, 0.0, 0.0, 0.0, 0.0, 0.0, 0.0, 0.0, 0.0, 0.0]
Trust scores_s1 at iteration 8: [0.49999999500000003, 0.49999999500000003, 0.49999999500000003, 0.49999999500000003, 0.49999999500000003, 0.49999999500000003, 0.49999999500000003, 0.49999999500000003, 0.49999999500000003, 0.49999999500000003]
Trust scores_s2 at iteration 8: [0.49999999500000003, 0.49999999500000003, 0.49999999500000003, 0.49999999500000003, 0.49999999500000003, 0.49999999500000003, 0.49999999500000003, 0.49999999500000003, 0.49999999500000003, 0.49999999500000003]
X.shape (10, 5)
s1 and s2 score at iteration 8
S_1 [1.0, 1.0, 1.0, 1.0, 1.0, 1.0, 1.0, 1.0, 1.0, 1.0]
S_2 [0.1, 0.1, 0.1, 0.1, 0.1, 0.1, 0.1, 0.1, 0.1, 0.1]
Trust scores at iteration 9: [0.0, 0.0, 0.0, 0.0, 0.0, 0.0, 0.0, 0.0, 0.0, 0.0]
Trust scores_s1 at iteration 9: [0.4999999995, 0.4999999995, 0.4999999995, 0.4999999995, 0.4999999995, 0.4999999995, 0.4999999995, 0.4999999995, 0.4999999995, 0.4999999995]
Trust scores_s2 at iteration 9: [0.4999999995, 0.4999999995, 0.4999999995, 0.4999999995, 0.4999999995, 0.4999999995, 0.4999999995, 0.4999999995, 0.4999999995, 0.4999999995]
X.shape (10, 5)
s1 and s2 score at iteration 9
S_1 [1.0, 1.0, 1.0, 1.0, 1.0, 1.0, 1.0, 1.0, 1.0, 1.0]
S_2 [0.1, 0.1, 0.1, 0.1, 0.1, 0.1, 0.1, 0.1, 0.1, 0.1]
Trust scores at iteration 10: [0.0, 0.0, 0.0, 0.0, 0.0, 0.0, 0.0, 0.0, 0.0, 0.0]
Trust scores_s1 at iteration 10: [0.49999999995, 0.49999999995, 0.49999999995, 0.49999999995, 0.49999999995, 0.49999999995, 0.49999999995, 0.49999999995, 0.49999999995, 0.49999999995]
Trust scores_s2 at iteration 10: [0.49999999995, 0.49999999995, 0.49999999995, 0.49999999995, 0.49999999995, 0.49999999995, 0.49999999995, 0.49999999995, 0.49999999995, 0.49999999995]
X.shape (10, 5)
s1 and s2 score at iteration 10
S_1 [1.0, 1.0, 1.0, 1.0, 1.0, 1.0, 1.0, 1.0, 1.0, 1.0]
S_2 [0.1, 0.1, 0.1, 0.1, 0.1, 0.1, 0.1, 0.1, 0.1, 0.1]
Trust scores at iteration 11: [0.0, 0.0, 0.0, 0.0, 0.0, 0.0, 0.0, 0.0, 0.0, 0.0]
Trust scores_s1 at iteration 11: [0.499999999995, 0.499999999995, 0.499999999995, 0.499999999995, 0.499999999995, 0.499999999995, 0.499999999995, 0.499999999995, 0.499999999995, 0.499999999995]
Trust scores_s2 at iteration 11: [0.499999999995, 0.499999999995, 0.499999999995, 0.499999999995, 0.499999999995, 0.499999999995, 0.499999999995, 0.499999999995, 0.499999999995, 0.499999999995]
X.shape (10, 5)
s1 and s2 score at iteration 11
S_1 [1.0, 1.0, 1.0, 1.0, 1.0, 1.0, 1.0, 1.0, 1.0, 1.0]
S_2 [0.1, 0.1, 0.1, 0.1, 0.1, 0.1, 0.1, 0.1, 0.1, 0.1]
Trust scores at iteration 12: [0.0, 0.0, 0.0, 0.0, 0.0, 0.0, 0.0, 0.0, 0.0, 0.0]
Trust scores_s1 at iteration 12: [0.4999999999995, 0.4999999999995, 0.4999999999995, 0.4999999999995, 0.4999999999995, 0.4999999999995, 0.4999999999995, 0.4999999999995, 0.4999999999995, 0.4999999999995]
Trust scores_s2 at iteration 12: [0.4999999999995, 0.4999999999995, 0.4999999999995, 0.4999999999995, 0.4999999999995, 0.4999999999995, 0.4999999999995, 0.4999999999995, 0.4999999999995, 0.4999999999995]
X.shape (10, 5)
s1 and s2 score at iteration 12
S_1 [1.0, 1.0, 1.0, 1.0, 1.0, 1.0, 1.0, 1.0, 1.0, 1.0]
S_2 [0.1, 0.1, 0.1, 0.1, 0.1, 0.1, 0.1, 0.1, 0.1, 0.1]
Trust scores at iteration 13: [0.0, 0.0, 0.0, 0.0, 0.0, 0.0, 0.0, 0.0, 0.0, 0.0]
Trust scores_s1 at iteration 13: [0.49999999999995004, 0.49999999999995004, 0.49999999999995004, 0.49999999999995004, 0.49999999999995004, 0.49999999999995004, 0.49999999999995004, 0.49999999999995004, 0.49999999999995004, 0.49999999999995004]
Trust scores_s2 at iteration 13: [0.49999999999995004, 0.49999999999995004, 0.49999999999995004, 0.49999999999995004, 0.49999999999995004, 0.49999999999995004, 0.49999999999995004, 0.49999999999995004, 0.49999999999995004, 0.49999999999995004]
X.shape (10, 5)
s1 and s2 score at iteration 13
S_1 [1.0, 1.0, 1.0, 1.0, 1.0, 1.0, 1.0, 1.0, 1.0, 1.0]
S_2 [0.1, 0.1, 0.1, 0.1, 0.1, 0.1, 0.1, 0.1, 0.1, 0.1]
Trust scores at iteration 14: [0.0, 0.0, 0.0, 0.0, 0.0, 0.0, 0.0, 0.0, 0.0, 0.0]
Trust scores_s1 at iteration 14: [0.499999999999995, 0.499999999999995, 0.499999999999995, 0.499999999999995, 0.499999999999995, 0.499999999999995, 0.499999999999995, 0.499999999999995, 0.499999999999995, 0.499999999999995]
Trust scores_s2 at iteration 14: [0.499999999999995, 0.499999999999995, 0.499999999999995, 0.499999999999995, 0.499999999999995, 0.499999999999995, 0.499999999999995, 0.499999999999995, 0.499999999999995, 0.499999999999995]
X.shape (10, 5)
s1 and s2 score at iteration 14
S_1 [1.0, 1.0, 1.0, 1.0, 1.0, 1.0, 1.0, 1.0, 1.0, 1.0]
S_2 [0.1, 0.1, 0.1, 0.1, 0.1, 0.1, 0.1, 0.1, 0.1, 0.1]
Trust scores at iteration 15: [0.0, 0.0, 0.0, 0.0, 0.0, 0.0, 0.0, 0.0, 0.0, 0.0]
Trust scores_s1 at iteration 15: [0.4999999999999995, 0.4999999999999995, 0.4999999999999995, 0.4999999999999995, 0.4999999999999995, 0.4999999999999995, 0.4999999999999995, 0.4999999999999995, 0.4999999999999995, 0.4999999999999995]
Trust scores_s2 at iteration 15: [0.4999999999999995, 0.4999999999999995, 0.4999999999999995, 0.4999999999999995, 0.4999999999999995, 0.4999999999999995, 0.4999999999999995, 0.4999999999999995, 0.4999999999999995, 0.4999999999999995]
X.shape (10, 5)
s1 and s2 score at iteration 15
S_1 [0.9999999999999998, 0.9999999999999998, 0.9999999999999998, 0.9999999999999998, 0.9999999999999998, 0.9999999999999998, 0.9999999999999998, 0.9999999999999998, 0.9999999999999998, 0.9999999999999998]
S_2 [0.1, 0.1, 0.1, 0.1, 0.1, 0.1, 0.1, 0.1, 0.1, 0.1]
Trust scores at iteration 16: [0.0, 0.0, 0.0, 0.0, 0.0, 0.0, 0.0, 0.0, 0.0, 0.0]
Trust scores_s1 at iteration 16: [0.49999999999999994, 0.49999999999999994, 0.49999999999999994, 0.49999999999999994, 0.49999999999999994, 0.49999999999999994, 0.49999999999999994, 0.49999999999999994, 0.49999999999999994, 0.49999999999999994]
Trust scores_s2 at iteration 16: [0.49999999999999994, 0.49999999999999994, 0.49999999999999994, 0.49999999999999994, 0.49999999999999994, 0.49999999999999994, 0.49999999999999994, 0.49999999999999994, 0.49999999999999994, 0.49999999999999994]
X.shape (10, 5)
s1 and s2 score at iteration 16
S_1 [1.0, 1.0, 1.0, 1.0, 1.0, 1.0, 1.0, 1.0, 1.0, 1.0]
S_2 [0.1, 0.1, 0.1, 0.1, 0.1, 0.1, 0.1, 0.1, 0.1, 0.1]
Trust scores at iteration 17: [0.0, 0.0, 0.0, 0.0, 0.0, 0.0, 0.0, 0.0, 0.0, 0.0]
Trust scores_s1 at iteration 17: [0.5, 0.5, 0.5, 0.5, 0.5, 0.5, 0.5, 0.5, 0.5, 0.5]
Trust scores_s2 at iteration 17: [0.5, 0.5, 0.5, 0.5, 0.5, 0.5, 0.5, 0.5, 0.5, 0.5]
X.shape (10, 5)
s1 and s2 score at iteration 17
S_1 [1.0, 1.0, 1.0, 1.0, 1.0, 1.0, 1.0, 1.0, 1.0, 1.0]
S_2 [0.1, 0.1, 0.1, 0.1, 0.1, 0.1, 0.1, 0.1, 0.1, 0.1]
Trust scores at iteration 18: [0.0, 0.0, 0.0, 0.0, 0.0, 0.0, 0.0, 0.0, 0.0, 0.0]
Trust scores_s1 at iteration 18: [0.5, 0.5, 0.5, 0.5, 0.5, 0.5, 0.5, 0.5, 0.5, 0.5]
Trust scores_s2 at iteration 18: [0.5, 0.5, 0.5, 0.5, 0.5, 0.5, 0.5, 0.5, 0.5, 0.5]
X.shape (10, 5)
s1 and s2 score at iteration 18
S_1 [1.0, 1.0, 1.0, 1.0, 1.0, 1.0, 1.0, 1.0, 1.0, 1.0]
S_2 [0.1, 0.1, 0.1, 0.1, 0.1, 0.1, 0.1, 0.1, 0.1, 0.1]
Trust scores at iteration 19: [0.0, 0.0, 0.0, 0.0, 0.0, 0.0, 0.0, 0.0, 0.0, 0.0]
Trust scores_s1 at iteration 19: [0.5, 0.5, 0.5, 0.5, 0.5, 0.5, 0.5, 0.5, 0.5, 0.5]
Trust scores_s2 at iteration 19: [0.5, 0.5, 0.5, 0.5, 0.5, 0.5, 0.5, 0.5, 0.5, 0.5]
X.shape (10, 5)
s1 and s2 score at iteration 19
S_1 [1.0, 1.0, 1.0, 1.0, 1.0, 1.0, 1.0, 1.0, 1.0, 1.0]
S_2 [0.1, 0.1, 0.1, 0.1, 0.1, 0.1, 0.1, 0.1, 0.1, 0.1]
Trust scores at iteration 20: [0.0, 0.0, 0.0, 0.0, 0.0, 0.0, 0.0, 0.0, 0.0, 0.0]
Trust scores_s1 at iteration 20: [0.5, 0.5, 0.5, 0.5, 0.5, 0.5, 0.5, 0.5, 0.5, 0.5]
Trust scores_s2 at iteration 20: [0.5, 0.5, 0.5, 0.5, 0.5, 0.5, 0.5, 0.5, 0.5, 0.5]
X.shape (10, 5)
s1 and s2 score at iteration 20
S_1 [1.0, 1.0, 1.0, 1.0, 1.0, 1.0, 1.0, 1.0, 1.0, 1.0]
S_2 [0.1, 0.1, 0.1, 0.1, 0.1, 0.1, 0.1, 0.1, 0.1, 0.1]
Trust scores at iteration 21: [0.0, 0.0, 0.0, 0.0, 0.0, 0.0, 0.0, 0.0, 0.0, 0.0]
Trust scores_s1 at iteration 21: [0.5, 0.5, 0.5, 0.5, 0.5, 0.5, 0.5, 0.5, 0.5, 0.5]
Trust scores_s2 at iteration 21: [0.5, 0.5, 0.5, 0.5, 0.5, 0.5, 0.5, 0.5, 0.5, 0.5]
X.shape (10, 5)
s1 and s2 score at iteration 21
S_1 [1.0, 1.0, 1.0, 1.0, 1.0, 1.0, 1.0, 1.0, 1.0, 1.0]
S_2 [0.1, 0.1, 0.1, 0.1, 0.1, 0.1, 0.1, 0.1, 0.1, 0.1]
Trust scores at iteration 22: [0.0, 0.0, 0.0, 0.0, 0.0, 0.0, 0.0, 0.0, 0.0, 0.0]
Trust scores_s1 at iteration 22: [0.5, 0.5, 0.5, 0.5, 0.5, 0.5, 0.5, 0.5, 0.5, 0.5]
Trust scores_s2 at iteration 22: [0.5, 0.5, 0.5, 0.5, 0.5, 0.5, 0.5, 0.5, 0.5, 0.5]
X.shape (10, 5)
s1 and s2 score at iteration 22
S_1 [1.0, 1.0, 1.0, 1.0, 1.0, 1.0, 1.0, 1.0, 1.0, 1.0]
S_2 [0.1, 0.1, 0.1, 0.1, 0.1, 0.1, 0.1, 0.1, 0.1, 0.1]
Trust scores at iteration 23: [0.0, 0.0, 0.0, 0.0, 0.0, 0.0, 0.0, 0.0, 0.0, 0.0]
Trust scores_s1 at iteration 23: [0.5, 0.5, 0.5, 0.5, 0.5, 0.5, 0.5, 0.5, 0.5, 0.5]
Trust scores_s2 at iteration 23: [0.5, 0.5, 0.5, 0.5, 0.5, 0.5, 0.5, 0.5, 0.5, 0.5]
X.shape (10, 5)
s1 and s2 score at iteration 23
S_1 [0.9999999999999998, 0.9999999999999998, 0.9999999999999998, 0.9999999999999998, 0.9999999999999998, 0.9999999999999998, 0.9999999999999998, 0.9999999999999998, 0.9999999999999998, 0.9999999999999998]
S_2 [0.1, 0.1, 0.1, 0.1, 0.1, 0.1, 0.1, 0.1, 0.1, 0.1]
Trust scores at iteration 24: [0.0, 0.0, 0.0, 0.0, 0.0, 0.0, 0.0, 0.0, 0.0, 0.0]
Trust scores_s1 at iteration 24: [0.5, 0.5, 0.5, 0.5, 0.5, 0.5, 0.5, 0.5, 0.5, 0.5]
Trust scores_s2 at iteration 24: [0.5, 0.5, 0.5, 0.5, 0.5, 0.5, 0.5, 0.5, 0.5, 0.5]
X.shape (10, 5)
s1 and s2 score at iteration 24
S_1 [0.9999999999999998, 0.9999999999999998, 0.9999999999999998, 0.9999999999999998, 0.9999999999999998, 0.9999999999999998, 0.9999999999999998, 0.9999999999999998, 0.9999999999999998, 0.9999999999999998]
S_2 [0.1, 0.1, 0.1, 0.1, 0.1, 0.1, 0.1, 0.1, 0.1, 0.1]
Trust scores at iteration 25: [0.0, 0.0, 0.0, 0.0, 0.0, 0.0, 0.0, 0.0, 0.0, 0.0]
Trust scores_s1 at iteration 25: [0.5, 0.5, 0.5, 0.5, 0.5, 0.5, 0.5, 0.5, 0.5, 0.5]
Trust scores_s2 at iteration 25: [0.5, 0.5, 0.5, 0.5, 0.5, 0.5, 0.5, 0.5, 0.5, 0.5]
X.shape (10, 5)
s1 and s2 score at iteration 25
S_1 [1.0, 1.0, 1.0, 1.0, 1.0, 1.0, 1.0, 1.0, 1.0, 1.0]
S_2 [0.1, 0.1, 0.1, 0.1, 0.1, 0.1, 0.1, 0.1, 0.1, 0.1]
Trust scores at iteration 26: [0.0, 0.0, 0.0, 0.0, 0.0, 0.0, 0.0, 0.0, 0.0, 0.0]
Trust scores_s1 at iteration 26: [0.5, 0.5, 0.5, 0.5, 0.5, 0.5, 0.5, 0.5, 0.5, 0.5]
Trust scores_s2 at iteration 26: [0.5, 0.5, 0.5, 0.5, 0.5, 0.5, 0.5, 0.5, 0.5, 0.5]
X.shape (10, 5)
s1 and s2 score at iteration 26
S_1 [1.0, 1.0, 1.0, 1.0, 1.0, 1.0, 1.0, 1.0, 1.0, 1.0]
S_2 [0.1, 0.1, 0.1, 0.1, 0.1, 0.1, 0.1, 0.1, 0.1, 0.1]
Trust scores at iteration 27: [0.0, 0.0, 0.0, 0.0, 0.0, 0.0, 0.0, 0.0, 0.0, 0.0]
Trust scores_s1 at iteration 27: [0.5, 0.5, 0.5, 0.5, 0.5, 0.5, 0.5, 0.5, 0.5, 0.5]
Trust scores_s2 at iteration 27: [0.5, 0.5, 0.5, 0.5, 0.5, 0.5, 0.5, 0.5, 0.5, 0.5]
X.shape (10, 5)
s1 and s2 score at iteration 27
S_1 [1.0, 1.0, 1.0, 1.0, 1.0, 1.0, 1.0, 1.0, 1.0, 1.0]
S_2 [0.1, 0.1, 0.1, 0.1, 0.1, 0.1, 0.1, 0.1, 0.1, 0.1]
Trust scores at iteration 28: [0.0, 0.0, 0.0, 0.0, 0.0, 0.0, 0.0, 0.0, 0.0, 0.0]
Trust scores_s1 at iteration 28: [0.5, 0.5, 0.5, 0.5, 0.5, 0.5, 0.5, 0.5, 0.5, 0.5]
Trust scores_s2 at iteration 28: [0.5, 0.5, 0.5, 0.5, 0.5, 0.5, 0.5, 0.5, 0.5, 0.5]
X.shape (10, 5)
s1 and s2 score at iteration 28
S_1 [1.0, 1.0, 1.0, 1.0, 1.0, 1.0, 1.0, 1.0, 1.0, 1.0]
S_2 [0.1, 0.1, 0.1, 0.1, 0.1, 0.1, 0.1, 0.1, 0.1, 0.1]
Trust scores at iteration 29: [0.0, 0.0, 0.0, 0.0, 0.0, 0.0, 0.0, 0.0, 0.0, 0.0]
Trust scores_s1 at iteration 29: [0.5, 0.5, 0.5, 0.5, 0.5, 0.5, 0.5, 0.5, 0.5, 0.5]
Trust scores_s2 at iteration 29: [0.5, 0.5, 0.5, 0.5, 0.5, 0.5, 0.5, 0.5, 0.5, 0.5]
X.shape (10, 5)
s1 and s2 score at iteration 29
S_1 [1.0, 1.0, 1.0, 1.0, 1.0, 1.0, 1.0, 1.0, 1.0, 1.0]
S_2 [0.1, 0.1, 0.1, 0.1, 0.1, 0.1, 0.1, 0.1, 0.1, 0.1]
Trust scores at iteration 30: [0.0, 0.0, 0.0, 0.0, 0.0, 0.0, 0.0, 0.0, 0.0, 0.0]
Trust scores_s1 at iteration 30: [0.5, 0.5, 0.5, 0.5, 0.5, 0.5, 0.5, 0.5, 0.5, 0.5]
Trust scores_s2 at iteration 30: [0.5, 0.5, 0.5, 0.5, 0.5, 0.5, 0.5, 0.5, 0.5, 0.5]
X.shape (10, 5)
s1 and s2 score at iteration 30
S_1 [1.0, 1.0, 1.0, 1.0, 1.0, 1.0, 1.0, 1.0, 1.0, 1.0]
S_2 [0.1, 0.1, 0.1, 0.1, 0.1, 0.1, 0.1, 0.1, 0.1, 0.1]
Trust scores at iteration 31: [0.0, 0.0, 0.0, 0.0, 0.0, 0.0, 0.0, 0.0, 0.0, 0.0]
Trust scores_s1 at iteration 31: [0.5, 0.5, 0.5, 0.5, 0.5, 0.5, 0.5, 0.5, 0.5, 0.5]
Trust scores_s2 at iteration 31: [0.5, 0.5, 0.5, 0.5, 0.5, 0.5, 0.5, 0.5, 0.5, 0.5]
X.shape (10, 5)
s1 and s2 score at iteration 31
S_1 [1.0, 1.0, 1.0, 1.0, 1.0, 1.0, 1.0, 1.0, 1.0, 1.0]
S_2 [0.1, 0.1, 0.1, 0.1, 0.1, 0.1, 0.1, 0.1, 0.1, 0.1]
Trust scores at iteration 32: [0.0, 0.0, 0.0, 0.0, 0.0, 0.0, 0.0, 0.0, 0.0, 0.0]
Trust scores_s1 at iteration 32: [0.5, 0.5, 0.5, 0.5, 0.5, 0.5, 0.5, 0.5, 0.5, 0.5]
Trust scores_s2 at iteration 32: [0.5, 0.5, 0.5, 0.5, 0.5, 0.5, 0.5, 0.5, 0.5, 0.5]
X.shape (10, 5)
s1 and s2 score at iteration 32
S_1 [0.9999999999999998, 0.9999999999999998, 0.9999999999999998, 0.9999999999999998, 0.9999999999999998, 0.9999999999999998, 0.9999999999999998, 0.9999999999999998, 0.9999999999999998, 0.9999999999999998]
S_2 [0.1, 0.1, 0.1, 0.1, 0.1, 0.1, 0.1, 0.1, 0.1, 0.1]
Trust scores at iteration 33: [0.0, 0.0, 0.0, 0.0, 0.0, 0.0, 0.0, 0.0, 0.0, 0.0]
Trust scores_s1 at iteration 33: [0.5, 0.5, 0.5, 0.5, 0.5, 0.5, 0.5, 0.5, 0.5, 0.5]
Trust scores_s2 at iteration 33: [0.5, 0.5, 0.5, 0.5, 0.5, 0.5, 0.5, 0.5, 0.5, 0.5]
X.shape (10, 5)
s1 and s2 score at iteration 33
S_1 [1.0, 1.0, 1.0, 1.0, 1.0, 1.0, 1.0, 1.0, 1.0, 1.0]
S_2 [0.1, 0.1, 0.1, 0.1, 0.1, 0.1, 0.1, 0.1, 0.1, 0.1]
Trust scores at iteration 34: [0.0, 0.0, 0.0, 0.0, 0.0, 0.0, 0.0, 0.0, 0.0, 0.0]
Trust scores_s1 at iteration 34: [0.5, 0.5, 0.5, 0.5, 0.5, 0.5, 0.5, 0.5, 0.5, 0.5]
Trust scores_s2 at iteration 34: [0.5, 0.5, 0.5, 0.5, 0.5, 0.5, 0.5, 0.5, 0.5, 0.5]
X.shape (10, 5)
s1 and s2 score at iteration 34
S_1 [1.0, 1.0, 1.0, 1.0, 1.0, 1.0, 1.0, 1.0, 1.0, 1.0]
S_2 [0.1, 0.1, 0.1, 0.1, 0.1, 0.1, 0.1, 0.1, 0.1, 0.1]
Trust scores at iteration 35: [0.0, 0.0, 0.0, 0.0, 0.0, 0.0, 0.0, 0.0, 0.0, 0.0]
Trust scores_s1 at iteration 35: [0.5, 0.5, 0.5, 0.5, 0.5, 0.5, 0.5, 0.5, 0.5, 0.5]
Trust scores_s2 at iteration 35: [0.5, 0.5, 0.5, 0.5, 0.5, 0.5, 0.5, 0.5, 0.5, 0.5]
X.shape (10, 5)
s1 and s2 score at iteration 35
S_1 [0.9999999999999998, 0.9999999999999998, 0.9999999999999998, 0.9999999999999998, 0.9999999999999998, 0.9999999999999998, 0.9999999999999998, 0.9999999999999998, 0.9999999999999998, 0.9999999999999998]
S_2 [0.1, 0.1, 0.1, 0.1, 0.1, 0.1, 0.1, 0.1, 0.1, 0.1]
Trust scores at iteration 36: [0.0, 0.0, 0.0, 0.0, 0.0, 0.0, 0.0, 0.0, 0.0, 0.0]
Trust scores_s1 at iteration 36: [0.5, 0.5, 0.5, 0.5, 0.5, 0.5, 0.5, 0.5, 0.5, 0.5]
Trust scores_s2 at iteration 36: [0.5, 0.5, 0.5, 0.5, 0.5, 0.5, 0.5, 0.5, 0.5, 0.5]
X.shape (10, 5)
s1 and s2 score at iteration 36
S_1 [1.0, 1.0, 1.0, 1.0, 1.0, 1.0, 1.0, 1.0, 1.0, 1.0]
S_2 [0.1, 0.1, 0.1, 0.1, 0.1, 0.1, 0.1, 0.1, 0.1, 0.1]
Trust scores at iteration 37: [0.0, 0.0, 0.0, 0.0, 0.0, 0.0, 0.0, 0.0, 0.0, 0.0]
Trust scores_s1 at iteration 37: [0.5, 0.5, 0.5, 0.5, 0.5, 0.5, 0.5, 0.5, 0.5, 0.5]
Trust scores_s2 at iteration 37: [0.5, 0.5, 0.5, 0.5, 0.5, 0.5, 0.5, 0.5, 0.5, 0.5]
X.shape (10, 5)
s1 and s2 score at iteration 37
S_1 [1.0, 1.0, 1.0, 1.0, 1.0, 1.0, 1.0, 1.0, 1.0, 1.0]
S_2 [0.1, 0.1, 0.1, 0.1, 0.1, 0.1, 0.1, 0.1, 0.1, 0.1]
Trust scores at iteration 38: [0.0, 0.0, 0.0, 0.0, 0.0, 0.0, 0.0, 0.0, 0.0, 0.0]
Trust scores_s1 at iteration 38: [0.5, 0.5, 0.5, 0.5, 0.5, 0.5, 0.5, 0.5, 0.5, 0.5]
Trust scores_s2 at iteration 38: [0.5, 0.5, 0.5, 0.5, 0.5, 0.5, 0.5, 0.5, 0.5, 0.5]
X.shape (10, 5)
s1 and s2 score at iteration 38
S_1 [1.0, 1.0, 1.0, 1.0, 1.0, 1.0, 1.0, 1.0, 1.0, 1.0]
S_2 [0.1, 0.1, 0.1, 0.1, 0.1, 0.1, 0.1, 0.1, 0.1, 0.1]
Trust scores at iteration 39: [0.0, 0.0, 0.0, 0.0, 0.0, 0.0, 0.0, 0.0, 0.0, 0.0]
Trust scores_s1 at iteration 39: [0.5, 0.5, 0.5, 0.5, 0.5, 0.5, 0.5, 0.5, 0.5, 0.5]
Trust scores_s2 at iteration 39: [0.5, 0.5, 0.5, 0.5, 0.5, 0.5, 0.5, 0.5, 0.5, 0.5]
X.shape (10, 5)
s1 and s2 score at iteration 39
S_1 [1.0, 1.0, 1.0, 1.0, 1.0, 1.0, 1.0, 1.0, 1.0, 1.0]
S_2 [0.1, 0.1, 0.1, 0.1, 0.1, 0.1, 0.1, 0.1, 0.1, 0.1]
Trust scores at iteration 40: [0.0, 0.0, 0.0, 0.0, 0.0, 0.0, 0.0, 0.0, 0.0, 0.0]
Trust scores_s1 at iteration 40: [0.5, 0.5, 0.5, 0.5, 0.5, 0.5, 0.5, 0.5, 0.5, 0.5]
Trust scores_s2 at iteration 40: [0.5, 0.5, 0.5, 0.5, 0.5, 0.5, 0.5, 0.5, 0.5, 0.5]
X.shape (10, 5)
s1 and s2 score at iteration 40
S_1 [0.9999999999999998, 0.9999999999999998, 0.9999999999999998, 0.9999999999999998, 0.9999999999999998, 0.9999999999999998, 0.9999999999999998, 0.9999999999999998, 0.9999999999999998, 0.9999999999999998]
S_2 [0.1, 0.1, 0.1, 0.1, 0.1, 0.1, 0.1, 0.1, 0.1, 0.1]
Trust scores at iteration 41: [0.0, 0.0, 0.0, 0.0, 0.0, 0.0, 0.0, 0.0, 0.0, 0.0]
Trust scores_s1 at iteration 41: [0.5, 0.5, 0.5, 0.5, 0.5, 0.5, 0.5, 0.5, 0.5, 0.5]
Trust scores_s2 at iteration 41: [0.5, 0.5, 0.5, 0.5, 0.5, 0.5, 0.5, 0.5, 0.5, 0.5]
X.shape (10, 5)
s1 and s2 score at iteration 41
S_1 [1.0, 1.0, 1.0, 1.0, 1.0, 1.0, 1.0, 1.0, 1.0, 1.0]
S_2 [0.1, 0.1, 0.1, 0.1, 0.1, 0.1, 0.1, 0.1, 0.1, 0.1]
Trust scores at iteration 42: [0.0, 0.0, 0.0, 0.0, 0.0, 0.0, 0.0, 0.0, 0.0, 0.0]
Trust scores_s1 at iteration 42: [0.5, 0.5, 0.5, 0.5, 0.5, 0.5, 0.5, 0.5, 0.5, 0.5]
Trust scores_s2 at iteration 42: [0.5, 0.5, 0.5, 0.5, 0.5, 0.5, 0.5, 0.5, 0.5, 0.5]
X.shape (10, 5)
s1 and s2 score at iteration 42
S_1 [1.0, 1.0, 1.0, 1.0, 1.0, 1.0, 1.0, 1.0, 1.0, 1.0]
S_2 [0.1, 0.1, 0.1, 0.1, 0.1, 0.1, 0.1, 0.1, 0.1, 0.1]
Trust scores at iteration 43: [0.0, 0.0, 0.0, 0.0, 0.0, 0.0, 0.0, 0.0, 0.0, 0.0]
Trust scores_s1 at iteration 43: [0.5, 0.5, 0.5, 0.5, 0.5, 0.5, 0.5, 0.5, 0.5, 0.5]
Trust scores_s2 at iteration 43: [0.5, 0.5, 0.5, 0.5, 0.5, 0.5, 0.5, 0.5, 0.5, 0.5]
X.shape (10, 5)
s1 and s2 score at iteration 43
S_1 [1.0, 1.0, 1.0, 1.0, 1.0, 1.0, 1.0, 1.0, 1.0, 1.0]
S_2 [0.1, 0.1, 0.1, 0.1, 0.1, 0.1, 0.1, 0.1, 0.1, 0.1]
Trust scores at iteration 44: [0.0, 0.0, 0.0, 0.0, 0.0, 0.0, 0.0, 0.0, 0.0, 0.0]
Trust scores_s1 at iteration 44: [0.5, 0.5, 0.5, 0.5, 0.5, 0.5, 0.5, 0.5, 0.5, 0.5]
Trust scores_s2 at iteration 44: [0.5, 0.5, 0.5, 0.5, 0.5, 0.5, 0.5, 0.5, 0.5, 0.5]
X.shape (10, 5)
s1 and s2 score at iteration 44
S_1 [1.0, 1.0, 1.0, 1.0, 1.0, 1.0, 1.0, 1.0, 1.0, 1.0]
S_2 [0.1, 0.1, 0.1, 0.1, 0.1, 0.1, 0.1, 0.1, 0.1, 0.1]
Trust scores at iteration 45: [0.0, 0.0, 0.0, 0.0, 0.0, 0.0, 0.0, 0.0, 0.0, 0.0]
Trust scores_s1 at iteration 45: [0.5, 0.5, 0.5, 0.5, 0.5, 0.5, 0.5, 0.5, 0.5, 0.5]
Trust scores_s2 at iteration 45: [0.5, 0.5, 0.5, 0.5, 0.5, 0.5, 0.5, 0.5, 0.5, 0.5]
X.shape (10, 5)
s1 and s2 score at iteration 45
S_1 [1.0, 1.0, 1.0, 1.0, 1.0, 1.0, 1.0, 1.0, 1.0, 1.0]
S_2 [0.1, 0.1, 0.1, 0.1, 0.1, 0.1, 0.1, 0.1, 0.1, 0.1]
Trust scores at iteration 46: [0.0, 0.0, 0.0, 0.0, 0.0, 0.0, 0.0, 0.0, 0.0, 0.0]
Trust scores_s1 at iteration 46: [0.5, 0.5, 0.5, 0.5, 0.5, 0.5, 0.5, 0.5, 0.5, 0.5]
Trust scores_s2 at iteration 46: [0.5, 0.5, 0.5, 0.5, 0.5, 0.5, 0.5, 0.5, 0.5, 0.5]
X.shape (10, 5)
s1 and s2 score at iteration 46
S_1 [1.0, 1.0, 1.0, 1.0, 1.0, 1.0, 1.0, 1.0, 1.0, 1.0]
S_2 [0.1, 0.1, 0.1, 0.1, 0.1, 0.1, 0.1, 0.1, 0.1, 0.1]
Trust scores at iteration 47: [0.0, 0.0, 0.0, 0.0, 0.0, 0.0, 0.0, 0.0, 0.0, 0.0]
Trust scores_s1 at iteration 47: [0.5, 0.5, 0.5, 0.5, 0.5, 0.5, 0.5, 0.5, 0.5, 0.5]
Trust scores_s2 at iteration 47: [0.5, 0.5, 0.5, 0.5, 0.5, 0.5, 0.5, 0.5, 0.5, 0.5]
X.shape (10, 5)
s1 and s2 score at iteration 47
S_1 [1.0, 1.0, 1.0, 1.0, 1.0, 1.0, 1.0, 1.0, 1.0, 1.0]
S_2 [0.1, 0.1, 0.1, 0.1, 0.1, 0.1, 0.1, 0.1, 0.1, 0.1]
Trust scores at iteration 48: [0.0, 0.0, 0.0, 0.0, 0.0, 0.0, 0.0, 0.0, 0.0, 0.0]
Trust scores_s1 at iteration 48: [0.5, 0.5, 0.5, 0.5, 0.5, 0.5, 0.5, 0.5, 0.5, 0.5]
Trust scores_s2 at iteration 48: [0.5, 0.5, 0.5, 0.5, 0.5, 0.5, 0.5, 0.5, 0.5, 0.5]
X.shape (10, 5)
s1 and s2 score at iteration 48
S_1 [0.9999999999999998, 0.9999999999999998, 0.9999999999999998, 0.9999999999999998, 0.9999999999999998, 0.9999999999999998, 0.9999999999999998, 0.9999999999999998, 0.9999999999999998, 0.9999999999999998]
S_2 [0.1, 0.1, 0.1, 0.1, 0.1, 0.1, 0.1, 0.1, 0.1, 0.1]
Trust scores at iteration 49: [0.0, 0.0, 0.0, 0.0, 0.0, 0.0, 0.0, 0.0, 0.0, 0.0]
Trust scores_s1 at iteration 49: [0.5, 0.5, 0.5, 0.5, 0.5, 0.5, 0.5, 0.5, 0.5, 0.5]
Trust scores_s2 at iteration 49: [0.5, 0.5, 0.5, 0.5, 0.5, 0.5, 0.5, 0.5, 0.5, 0.5]
X.shape (10, 5)
s1 and s2 score at iteration 49
S_1 [0.9999999999999998, 0.9999999999999998, 0.9999999999999998, 0.9999999999999998, 0.9999999999999998, 0.9999999999999998, 0.9999999999999998, 0.9999999999999998, 0.9999999999999998, 0.9999999999999998]
S_2 [0.1, 0.1, 0.1, 0.1, 0.1, 0.1, 0.1, 0.1, 0.1, 0.1]
Trust scores at iteration 50: [0.0, 0.0, 0.0, 0.0, 0.0, 0.0, 0.0, 0.0, 0.0, 0.0]
Trust scores_s1 at iteration 50: [0.5, 0.5, 0.5, 0.5, 0.5, 0.5, 0.5, 0.5, 0.5, 0.5]
Trust scores_s2 at iteration 50: [0.5, 0.5, 0.5, 0.5, 0.5, 0.5, 0.5, 0.5, 0.5, 0.5]
X.shape (10, 5)
s1 and s2 score at iteration 50
S_1 [1.0, 1.0, 1.0, 1.0, 1.0, 1.0, 1.0, 1.0, 1.0, 1.0]
S_2 [0.1, 0.1, 0.1, 0.1, 0.1, 0.1, 0.1, 0.1, 0.1, 0.1]
Trust scores at iteration 51: [0.0, 0.0, 0.0, 0.0, 0.0, 0.0, 0.0, 0.0, 0.0, 0.0]
Trust scores_s1 at iteration 51: [0.5, 0.5, 0.5, 0.5, 0.5, 0.5, 0.5, 0.5, 0.5, 0.5]
Trust scores_s2 at iteration 51: [0.5, 0.5, 0.5, 0.5, 0.5, 0.5, 0.5, 0.5, 0.5, 0.5]
X.shape (10, 5)
s1 and s2 score at iteration 51
S_1 [1.0, 1.0, 1.0, 1.0, 1.0, 1.0, 1.0, 1.0, 1.0, 1.0]
S_2 [0.1, 0.1, 0.1, 0.1, 0.1, 0.1, 0.1, 0.1, 0.1, 0.1]
Trust scores at iteration 52: [0.0, 0.0, 0.0, 0.0, 0.0, 0.0, 0.0, 0.0, 0.0, 0.0]
Trust scores_s1 at iteration 52: [0.5, 0.5, 0.5, 0.5, 0.5, 0.5, 0.5, 0.5, 0.5, 0.5]
Trust scores_s2 at iteration 52: [0.5, 0.5, 0.5, 0.5, 0.5, 0.5, 0.5, 0.5, 0.5, 0.5]
X.shape (10, 5)
s1 and s2 score at iteration 52
S_1 [0.9999999999999998, 0.9999999999999998, 0.9999999999999998, 0.9999999999999998, 0.9999999999999998, 0.9999999999999998, 0.9999999999999998, 0.9999999999999998, 0.9999999999999998, 0.9999999999999998]
S_2 [0.1, 0.1, 0.1, 0.1, 0.1, 0.1, 0.1, 0.1, 0.1, 0.1]
Trust scores at iteration 53: [0.0, 0.0, 0.0, 0.0, 0.0, 0.0, 0.0, 0.0, 0.0, 0.0]
Trust scores_s1 at iteration 53: [0.5, 0.5, 0.5, 0.5, 0.5, 0.5, 0.5, 0.5, 0.5, 0.5]
Trust scores_s2 at iteration 53: [0.5, 0.5, 0.5, 0.5, 0.5, 0.5, 0.5, 0.5, 0.5, 0.5]
X.shape (10, 5)
s1 and s2 score at iteration 53
S_1 [1.0, 1.0, 1.0, 1.0, 1.0, 1.0, 1.0, 1.0, 1.0, 1.0]
S_2 [0.1, 0.1, 0.1, 0.1, 0.1, 0.1, 0.1, 0.1, 0.1, 0.1]
Trust scores at iteration 54: [0.0, 0.0, 0.0, 0.0, 0.0, 0.0, 0.0, 0.0, 0.0, 0.0]
Trust scores_s1 at iteration 54: [0.5, 0.5, 0.5, 0.5, 0.5, 0.5, 0.5, 0.5, 0.5, 0.5]
Trust scores_s2 at iteration 54: [0.5, 0.5, 0.5, 0.5, 0.5, 0.5, 0.5, 0.5, 0.5, 0.5]
X.shape (10, 5)
s1 and s2 score at iteration 54
S_1 [1.0, 1.0, 1.0, 1.0, 1.0, 1.0, 1.0, 1.0, 1.0, 1.0]
S_2 [0.1, 0.1, 0.1, 0.1, 0.1, 0.1, 0.1, 0.1, 0.1, 0.1]
Trust scores at iteration 55: [0.0, 0.0, 0.0, 0.0, 0.0, 0.0, 0.0, 0.0, 0.0, 0.0]
Trust scores_s1 at iteration 55: [0.5, 0.5, 0.5, 0.5, 0.5, 0.5, 0.5, 0.5, 0.5, 0.5]
Trust scores_s2 at iteration 55: [0.5, 0.5, 0.5, 0.5, 0.5, 0.5, 0.5, 0.5, 0.5, 0.5]
X.shape (10, 5)
s1 and s2 score at iteration 55
S_1 [0.9999999999999998, 0.9999999999999998, 0.9999999999999998, 0.9999999999999998, 0.9999999999999998, 0.9999999999999998, 0.9999999999999998, 0.9999999999999998, 0.9999999999999998, 0.9999999999999998]
S_2 [0.1, 0.1, 0.1, 0.1, 0.1, 0.1, 0.1, 0.1, 0.1, 0.1]
Trust scores at iteration 56: [0.0, 0.0, 0.0, 0.0, 0.0, 0.0, 0.0, 0.0, 0.0, 0.0]
Trust scores_s1 at iteration 56: [0.5, 0.5, 0.5, 0.5, 0.5, 0.5, 0.5, 0.5, 0.5, 0.5]
Trust scores_s2 at iteration 56: [0.5, 0.5, 0.5, 0.5, 0.5, 0.5, 0.5, 0.5, 0.5, 0.5]
X.shape (10, 5)
s1 and s2 score at iteration 56
S_1 [1.0, 1.0, 1.0, 1.0, 1.0, 1.0, 1.0, 1.0, 1.0, 1.0]
S_2 [0.1, 0.1, 0.1, 0.1, 0.1, 0.1, 0.1, 0.1, 0.1, 0.1]
Trust scores at iteration 57: [0.0, 0.0, 0.0, 0.0, 0.0, 0.0, 0.0, 0.0, 0.0, 0.0]
Trust scores_s1 at iteration 57: [0.5, 0.5, 0.5, 0.5, 0.5, 0.5, 0.5, 0.5, 0.5, 0.5]
Trust scores_s2 at iteration 57: [0.5, 0.5, 0.5, 0.5, 0.5, 0.5, 0.5, 0.5, 0.5, 0.5]
X.shape (10, 5)
s1 and s2 score at iteration 57
S_1 [0.9999999999999998, 0.9999999999999998, 0.9999999999999998, 0.9999999999999998, 0.9999999999999998, 0.9999999999999998, 0.9999999999999998, 0.9999999999999998, 0.9999999999999998, 0.9999999999999998]
S_2 [0.1, 0.1, 0.1, 0.1, 0.1, 0.1, 0.1, 0.1, 0.1, 0.1]
Trust scores at iteration 58: [0.0, 0.0, 0.0, 0.0, 0.0, 0.0, 0.0, 0.0, 0.0, 0.0]
Trust scores_s1 at iteration 58: [0.5, 0.5, 0.5, 0.5, 0.5, 0.5, 0.5, 0.5, 0.5, 0.5]
Trust scores_s2 at iteration 58: [0.5, 0.5, 0.5, 0.5, 0.5, 0.5, 0.5, 0.5, 0.5, 0.5]
X.shape (10, 5)
s1 and s2 score at iteration 58
S_1 [1.0, 1.0, 1.0, 1.0, 1.0, 1.0, 1.0, 1.0, 1.0, 1.0]
S_2 [0.1, 0.1, 0.1, 0.1, 0.1, 0.1, 0.1, 0.1, 0.1, 0.1]
Trust scores at iteration 59: [0.0, 0.0, 0.0, 0.0, 0.0, 0.0, 0.0, 0.0, 0.0, 0.0]
Trust scores_s1 at iteration 59: [0.5, 0.5, 0.5, 0.5, 0.5, 0.5, 0.5, 0.5, 0.5, 0.5]
Trust scores_s2 at iteration 59: [0.5, 0.5, 0.5, 0.5, 0.5, 0.5, 0.5, 0.5, 0.5, 0.5]
X.shape (10, 5)
s1 and s2 score at iteration 59
S_1 [1.0, 1.0, 1.0, 1.0, 1.0, 1.0, 1.0, 1.0, 1.0, 1.0]
S_2 [0.1, 0.1, 0.1, 0.1, 0.1, 0.1, 0.1, 0.1, 0.1, 0.1]
Trust scores at iteration 60: [0.0, 0.0, 0.0, 0.0, 0.0, 0.0, 0.0, 0.0, 0.0, 0.0]
Trust scores_s1 at iteration 60: [0.5, 0.5, 0.5, 0.5, 0.5, 0.5, 0.5, 0.5, 0.5, 0.5]
Trust scores_s2 at iteration 60: [0.5, 0.5, 0.5, 0.5, 0.5, 0.5, 0.5, 0.5, 0.5, 0.5]
X.shape (10, 5)
s1 and s2 score at iteration 60
S_1 [0.47619522755103993, 0.47619522755103993, 0.47619522755103993, 0.47619522755103993, 0.47619522755103993, 0.3718236781632115, 0.3718236781632115, 0.3718236781632115, 0.23641528938037007, 0.4850269850763927]
S_2 [0.16666666666666666, 0.16666666666666666, 0.16666666666666666, 0.16666666666666666, 0.16666666666666666, 0.2, 0.2, 0.2, 0.2, 0.16666666666666666]
Trust scores at iteration 61: [0.1336120834151825, 0.1336120834151825, 0.1336120834151825, 0.1336120834151825, 0.1336120834151825, -0.21005630481738316, -0.21005630481738316, -0.21005630481738316, -0.4613156236888124, 0.15000000000000008]
Trust scores_s1 at iteration 61: [0.4918060417075912, 0.4918060417075912, 0.4918060417075912, 0.4918060417075912, 0.4918060417075912, 0.39497184759130843, 0.39497184759130843, 0.39497184759130843, 0.26934218815559385, 0.5]
Trust scores_s2 at iteration 61: [0.425, 0.425, 0.425, 0.425, 0.425, 0.5, 0.5, 0.5, 0.5, 0.425]
X.shape (10, 5)
s1 and s2 score at iteration 61
S_1 [0.13160985611934095, 0.13160985611934095, 0.13160985611934095, 0.13160985611934095, 0.13160985611934095, -0.06546703552990343, -0.06546703552990343, -0.06546703552990343, -0.16321021828765725, 0.09191701975968308]
S_2 [0.2, 0.2, 0.2, 0.2, 0.2, 0.2, 0.2, 0.2, 0.2, 0.2]
Trust scores at iteration 62: [0.01336120834151825, 0.01336120834151825, 0.01336120834151825, 0.01336120834151825, 0.01336120834151825, -1.3686949883630009, -1.3686949883630009, -1.3686949883630009, -2.0622272773105923, -0.2564352387962398]
Trust scores_s1 at iteration 62: [0.49918060417075916, 0.49918060417075916, 0.49918060417075916, 0.49918060417075916, 0.49918060417075916, -0.18434749418150037, -0.18434749418150037, -0.18434749418150037, -0.531113638655296, 0.36428238060188006]
Trust scores_s2 at iteration 62: [0.4925, 0.4925, 0.4925, 0.4925, 0.4925, 0.5, 0.5, 0.5, 0.5, 0.4925]
X.shape (10, 5)
s1 and s2 score at iteration 62
S_1 [0.29447251399574814, 0.29447251399574814, 0.29447251399574814, 0.29447251399574814, 0.29447251399574814, 0.15171381898991687, 0.15171381898991687, 0.15171381898991687, 0.0660110309898822, 0.36298981266986874]
S_2 [0.16666666666666666, 0.16666666666666666, 0.16666666666666666, 0.16666666666666666, 0.16666666666666666, 0.2, 0.2, 0.2, 0.2, 0.16666666666666666]
Trust scores at iteration 63: [-0.018546246809019437, -0.018546246809019437, -0.018546246809019437, -0.018546246809019437, -0.018546246809019437, -0.6607089777279364, -0.6607089777279364, -0.6607089777279364, -0.9425544213014074, 0.12435647612037609]
Trust scores_s1 at iteration 63: [0.41497687659549026, 0.41497687659549026, 0.41497687659549026, 0.41497687659549026, 0.41497687659549026, 0.16964551113603185, 0.16964551113603185, 0.16964551113603185, 0.028722789349296292, 0.48642823806018803]
Trust scores_s2 at iteration 63: [0.42425, 0.42425, 0.42425, 0.42425, 0.42425, 0.5, 0.5, 0.5, 0.5, 0.42425]
X.shape (10, 5)
s1 and s2 score at iteration 63
S_1 [0.44949238308449707, 0.44949238308449707, 0.44949238308449707, 0.44949238308449707, 0.44949238308449707, 0.4454203638277816, 0.4454203638277816, 0.4454203638277816, 0.03367948851943073, 0.5325594799746103]
S_2 [0.16666666666666666, 0.16666666666666666, 0.16666666666666666, 0.16666666666666666, 0.16666666666666666, 0.2, 0.2, 0.2, 0.2, 0.16666666666666666]
Trust scores at iteration 64: [0.007765962291531588, 0.007765962291531588, 0.007765962291531588, 0.007765962291531588, 0.007765962291531588, -0.21333182820611296, -0.21333182820611296, -0.21333182820611296, -0.9373387205107402, 0.1624356476120377]
Trust scores_s1 at iteration 64: [0.4213079811457658, 0.4213079811457658, 0.4213079811457658, 0.4213079811457658, 0.4213079811457658, 0.3933340858969435, 0.3933340858969435, 0.3933340858969435, 0.03133063974462994, 0.4986428238060188]
Trust scores_s2 at iteration 64: [0.417425, 0.417425, 0.417425, 0.417425, 0.417425, 0.5, 0.5, 0.5, 0.5, 0.417425]
X.shape (10, 5)
s1 and s2 score at iteration 64
S_1 [0.2946290257076054, 0.2946290257076054, 0.2946290257076054, 0.2946290257076054, 0.2946290257076054, -0.213920639559163, -0.213920639559163, -0.213920639559163, -0.12438603479127638, 0.14568683979575248]
S_2 [0.16666666666666666, 0.16666666666666666, 0.16666666666666666, 0.16666666666666666, 0.16666666666666666, 0.3333333333333333, 0.3333333333333333, 0.3333333333333333, 0.5, 0.16666666666666666]
Trust scores at iteration 65: [0.6007765962291532, 0.6007765962291532, 0.6007765962291532, 0.6007765962291532, 0.6007765962291532, -1.2747941754735048, -1.2747941754735048, -1.2747941754735048, -1.3736945057438563, 0.16127153001776]
Trust scores_s1 at iteration 65: [0.4921307981145766, 0.4921307981145766, 0.4921307981145766, 0.4921307981145766, 0.4921307981145766, -0.2873970877367524, -0.2873970877367524, -0.2873970877367524, -0.18684725287192808, 0.27237826500888]
Trust scores_s2 at iteration 65: [0.19174249999999998, 0.19174249999999998, 0.19174249999999998, 0.19174249999999998, 0.19174249999999998, 0.35, 0.35, 0.35, 0.5, 0.19174249999999998]
X.shape (10, 5)
s1 and s2 score at iteration 65
S_1 [0.41243569004051744, 0.41243569004051744, 0.41243569004051744, 0.41243569004051744, 0.41243569004051744, 0.40039919686631137, 0.40039919686631137, 0.40039919686631137, -0.23718646981975422, 0.026708097147414622]
S_2 [0.125, 0.125, 0.125, 0.125, 0.125, 0.125, 0.125, 0.125, 0.2, 0.2]
Trust scores at iteration 66: [0.39757765962291536, 0.39757765962291536, 0.39757765962291536, 0.39757765962291536, 0.39757765962291536, 0.183755047925991, 0.183755047925991, 0.183755047925991, -1.5549478949054472, -0.8255915488149563]
Trust scores_s1 at iteration 66: [0.4992130798114577, 0.4992130798114577, 0.4992130798114577, 0.4992130798114577, 0.4992130798114577, 0.40812752396299545, 0.40812752396299545, 0.40812752396299545, -0.27747394745272347, 0.05637847559252185]
Trust scores_s2 at iteration 66: [0.30042425, 0.30042425, 0.30042425, 0.30042425, 0.30042425, 0.31625, 0.31625, 0.31625, 0.5, 0.46917425]
X.shape (10, 5)
s1 and s2 score at iteration 66
S_1 [0.6398129206853453, 0.6398129206853453, 0.6398129206853453, 0.6398129206853453, 0.6398129206853453, 0.6042439686719164, 0.6042439686719164, 0.6042439686719164, -0.6605247651882614, -0.18260876380204719]
S_2 [0.125, 0.125, 0.125, 0.125, 0.125, 0.125, 0.125, 0.125, 0.5, 0.5]
Trust scores at iteration 67: [0.7147577659622916, 0.7147577659622916, 0.7147577659622916, 0.7147577659622916, 0.7147577659622916, 0.6433420406703119, 0.6433420406703119, 0.6433420406703119, -1.9846293371840444, -1.239427814623157]
Trust scores_s1 at iteration 67: [0.49992130798114576, 0.49992130798114576, 0.49992130798114576, 0.49992130798114576, 0.49992130798114576, 0.46579602033515594, 0.46579602033515594, 0.46579602033515594, -0.4923146685920221, -0.12279648231157843]
Trust scores_s2 at iteration 67: [0.142542425, 0.142542425, 0.142542425, 0.142542425, 0.142542425, 0.144125, 0.144125, 0.144125, 0.5, 0.496917425]
X.shape (10, 5)
s1 and s2 score at iteration 67
S_1 [0.4518850621379272, 0.4518850621379272, 0.4518850621379272, 0.4518850621379272, 0.4518850621379272, 0.4270270322722255, 0.4270270322722255, 0.4270270322722255, -0.7063650903322359, -0.48532331120610817]
S_2 [0.125, 0.125, 0.125, 0.125, 0.125, 0.125, 0.125, 0.125, 0.5, 0.5]
Trust scores at iteration 68: [0.7464757765962292, 0.7464757765962292, 0.7464757765962292, 0.7464757765962292, 0.7464757765962292, 0.689825537475386, 0.689825537475386, 0.689825537475386, -2.5052998366496446, -1.9905403007938514]
Trust scores_s1 at iteration 68: [0.4999921307981146, 0.4999921307981146, 0.4999921307981146, 0.4999921307981146, 0.4999921307981146, 0.471825268737693, 0.471825268737693, 0.471825268737693, -0.7526499183248221, -0.49557840789692575]
Trust scores_s2 at iteration 68: [0.1267542425, 0.1267542425, 0.1267542425, 0.1267542425, 0.1267542425, 0.1269125, 0.1269125, 0.1269125, 0.5, 0.49969174250000004]
X.shape (10, 5)
s1 and s2 score at iteration 68
S_1 [0.6232512249019183, 0.6232512249019183, 0.6232512249019183, 0.6232512249019183, 0.6232512249019183, 0.5243024699672437, 0.5243024699672437, 0.5243024699672437, -0.2185760466876789, 0.31281840350807616]
S_2 [0.1111111111111111, 0.1111111111111111, 0.1111111111111111, 0.1111111111111111, 0.1111111111111111, 0.1111111111111111, 0.1111111111111111, 0.1111111111111111, 0.5, 0.1111111111111111]
Trust scores at iteration 69: [0.774647577659623, 0.774647577659623, 0.774647577659623, 0.774647577659623, 0.774647577659623, 0.6260965458536566, 0.6260965458536566, 0.6260965458536566, -1.4661626437529875, 0.052668408495162744]
Trust scores_s1 at iteration 69: [0.4999992130798115, 0.4999992130798115, 0.4999992130798115, 0.4999992130798115, 0.4999992130798115, 0.4257395229268283, 0.4257395229268283, 0.4257395229268283, -0.2330813218764936, 0.17630337849758135]
Trust scores_s2 at iteration 69: [0.11267542424999999, 0.11267542424999999, 0.11267542424999999, 0.11267542424999999, 0.11267542424999999, 0.11269124999999999, 0.11269124999999999, 0.11269124999999999, 0.5, 0.14996917425]
X.shape (10, 5)
s1 and s2 score at iteration 69
S_1 [0.12785249490258052, 0.12785249490258052, 0.12785249490258052, 0.12785249490258052, 0.12785249490258052, 0.028233994830120537, 0.028233994830120537, 0.028233994830120537, -0.3490648867648561, -0.09348400920572361]
S_2 [0.2, 0.2, 0.2, 0.2, 0.2, 0.2, 0.2, 0.2, 0.2, 0.2]
Trust scores at iteration 70: [0.0774647577659623, 0.0774647577659623, 0.0774647577659623, 0.0774647577659623, 0.0774647577659623, -0.6386410338234094, -0.6386410338234094, -0.6386410338234094, -3.503810379576172, -1.5528009453853935]
Trust scores_s1 at iteration 70: [0.49999992130798115, 0.49999992130798115, 0.49999992130798115, 0.49999992130798115, 0.49999992130798115, 0.14194860808829535, 0.14194860808829535, 0.14194860808829535, -1.251905189788086, -0.31140355526769675]
Trust scores_s2 at iteration 70: [0.461267542425, 0.461267542425, 0.461267542425, 0.461267542425, 0.461267542425, 0.461269125, 0.461269125, 0.461269125, 0.5, 0.464996917425]
X.shape (10, 5)
s1 and s2 score at iteration 70
S_1 [0.09695731981650883, 0.09695731981650883, 0.09695731981650883, 0.09695731981650883, 0.09695731981650883, -0.03656483034541626, -0.03656483034541626, -0.03656483034541626, -0.21891730380941032, 0.078844846387454]
S_2 [0.2, 0.2, 0.2, 0.2, 0.2, 0.2, 0.2, 0.2, 0.2, 0.2]
Trust scores at iteration 71: [0.007746475776596231, 0.007746475776596231, 0.007746475776596231, 0.007746475776596231, 0.007746475776596231, -1.3032747571953123, -1.3032747571953123, -1.3032747571953123, -3.2824666381097156, -0.32340794828902797]
Trust scores_s1 at iteration 71: [0.49999999213079815, 0.49999999213079815, 0.49999999213079815, 0.49999999213079815, 0.49999999213079815, -0.15551046609765617, -0.15551046609765617, -0.15551046609765617, -1.1412333190548578, 0.334795717597986]
Trust scores_s2 at iteration 71: [0.4961267542425, 0.4961267542425, 0.4961267542425, 0.4961267542425, 0.4961267542425, 0.4961269125, 0.4961269125, 0.4961269125, 0.5, 0.4964996917425]
X.shape (10, 5)
s1 and s2 score at iteration 71
S_1 [0.38784976053027975, 0.38784976053027975, 0.38784976053027975, 0.38784976053027975, 0.38784976053027975, 0.2551944505483492, 0.2551944505483492, 0.2551944505483492, -0.493695141076223, -0.34029203947450504]
S_2 [0.125, 0.125, 0.125, 0.125, 0.125, 0.125, 0.125, 0.125, 0.5, 0.5]
Trust scores at iteration 72: [0.6757746475776597, 0.6757746475776597, 0.6757746475776597, 0.6757746475776597, 0.6757746475776597, 0.2368477139196109, 0.2368477139196109, 0.2368477139196109, -2.3738594040666454, -1.7219837614980658]
Trust scores_s1 at iteration 72: [0.4999999992130798, 0.4999999992130798, 0.4999999992130798, 0.4999999992130798, 0.4999999992130798, 0.28053654820980545, 0.28053654820980545, 0.28053654820980545, -0.6869297020333227, -0.3613419115747829]
Trust scores_s2 at iteration 72: [0.16211267542425, 0.16211267542425, 0.16211267542425, 0.16211267542425, 0.16211267542425, 0.16211269125, 0.16211269125, 0.16211269125, 0.5, 0.49964996917425003]
X.shape (10, 5)
s1 and s2 score at iteration 72
S_1 [0.07641669517289412, 0.07641669517289412, 0.07641669517289412, 0.07641669517289412, 0.07641669517289412, 0.04797401508449146, 0.04797401508449146, 0.04797401508449146, 0.077674337421732, -0.2408194706728309]
S_2 [0.2, 0.2, 0.2, 0.2, 0.2, 0.2, 0.2, 0.2, 0.2, 0.2]
Trust scores at iteration 73: [0.05300536718313746, 0.05300536718313746, 0.05300536718313746, 0.05300536718313746, 0.05300536718313746, -0.3204480656657233, -0.3204480656657233, -0.3204480656657233, -0.23738594040666455, -3.862534680259795]
Trust scores_s1 at iteration 73: [0.49271395113399374, 0.49271395113399374, 0.49271395113399374, 0.49271395113399374, 0.49271395113399374, 0.30598723629213836, 0.30598723629213836, 0.30598723629213836, 0.38130702979666775, -1.4313023432124723]
Trust scores_s2 at iteration 73: [0.46621126754242503, 0.46621126754242503, 0.46621126754242503, 0.46621126754242503, 0.46621126754242503, 0.466211269125, 0.466211269125, 0.466211269125, 0.5, 0.499964996917425]
X.shape (10, 5)
s1 and s2 score at iteration 73
S_1 [0.1212458320107516, 0.1212458320107516, 0.1212458320107516, 0.1212458320107516, 0.1212458320107516, -0.09641245464069269, -0.09641245464069269, -0.09641245464069269, -0.3844046587724683, -0.3221044747890334]
S_2 [0.2, 0.2, 0.2, 0.2, 0.2, 0.3333333333333333, 0.3333333333333333, 0.3333333333333333, 0.5, 0.5]
Trust scores at iteration 74: [0.5453005367183138, 0.5453005367183138, 0.5453005367183138, 0.5453005367183138, 0.5453005367183138, -1.3477082461883887, -1.3477082461883887, -1.3477082461883887, -3.7771496116214007, -3.6772142334601545]
Trust scores_s1 at iteration 74: [0.4992713951133994, 0.4992713951133994, 0.4992713951133994, 0.4992713951133994, 0.4992713951133994, -0.3272329961816943, -0.3272329961816943, -0.3272329961816943, -1.3885748058107006, -1.3386106170383347]
Trust scores_s2 at iteration 74: [0.22662112675424254, 0.22662112675424254, 0.22662112675424254, 0.22662112675424254, 0.22662112675424254, 0.3466211269125, 0.3466211269125, 0.3466211269125, 0.5, 0.49999649969174254]
X.shape (10, 5)
s1 and s2 score at iteration 74
S_1 [0.5622933672573391, 0.5622933672573391, 0.5622933672573391, 0.5622933672573391, 0.5622933672573391, 0.3399344027827125, 0.3399344027827125, 0.3399344027827125, -0.5039697544017012, -0.007810833976261786]
S_2 [0.125, 0.125, 0.125, 0.125, 0.125, 0.125, 0.125, 0.125, 0.5, 0.5]
Trust scores at iteration 75: [0.7295300536718314, 0.7295300536718314, 0.7295300536718314, 0.7295300536718314, 0.7295300536718314, 0.18432409152201662, 0.18432409152201662, 0.18432409152201662, -2.0843628879799376, -1.2802233502546043]
Trust scores_s1 at iteration 75: [0.49992713951133994, 0.49992713951133994, 0.49992713951133994, 0.49992713951133994, 0.49992713951133994, 0.2393241584522583, 0.2393241584522583, 0.2393241584522583, -0.5421814439899688, -0.14011202515812793]
Trust scores_s2 at iteration 75: [0.13516211267542427, 0.13516211267542427, 0.13516211267542427, 0.13516211267542427, 0.13516211267542427, 0.14716211269125, 0.14716211269125, 0.14716211269125, 0.5, 0.4999996499691743]
X.shape (10, 5)
s1 and s2 score at iteration 75
S_1 [0.5588170694856742, 0.5588170694856742, 0.5588170694856742, 0.5588170694856742, 0.5588170694856742, 0.5721639848754678, 0.5721639848754678, 0.5721639848754678, -0.3883878229511588, -0.29790221317376697]
S_2 [0.125, 0.125, 0.125, 0.125, 0.125, 0.125, 0.125, 0.125, 0.5, 0.5]
Trust scores at iteration 76: [0.726958632830036, 0.726958632830036, 0.726958632830036, 0.726958632830036, 0.726958632830036, 0.6934324091522017, 0.6934324091522017, 0.6934324091522017, -1.7193608661848818, -1.4966152540899924]
Trust scores_s1 at iteration 76: [0.48949552768256044, 0.48949552768256044, 0.48949552768256044, 0.48949552768256044, 0.48949552768256044, 0.47393241584522583, 0.47393241584522583, 0.47393241584522583, -0.3596804330924409, -0.24830766204807883]
Trust scores_s2 at iteration 76: [0.12601621126754242, 0.12601621126754242, 0.12601621126754242, 0.12601621126754242, 0.12601621126754242, 0.127216211269125, 0.127216211269125, 0.127216211269125, 0.5, 0.49999996499691746]
X.shape (10, 5)
s1 and s2 score at iteration 76
S_1 [0.2552325571888743, 0.2552325571888743, 0.2552325571888743, 0.2552325571888743, 0.2552325571888743, -0.17806866565467944, -0.17806866565467944, -0.17806866565467944, 0.07700479659994358, -0.072303527951685]
S_2 [0.2, 0.2, 0.2, 0.2, 0.2, 0.3333333333333333, 0.3333333333333333, 0.3333333333333333, 0.5, 0.5]
Trust scores at iteration 77: [0.6126958632830036, 0.6126958632830036, 0.6126958632830036, 0.6126958632830036, 0.6126958632830036, -1.1585617601329665, -1.1585617601329665, -1.1585617601329665, -0.800402087573596, -1.3046179301609282]
Trust scores_s1 at iteration 77: [0.49894955276825603, 0.49894955276825603, 0.49894955276825603, 0.49894955276825603, 0.49894955276825603, -0.26655925893957083, -0.26655925893957083, -0.26655925893957083, 0.09979895621320208, -0.15230896858077242]
Trust scores_s2 at iteration 77: [0.19260162112675427, 0.19260162112675427, 0.19260162112675427, 0.19260162112675427, 0.19260162112675427, 0.3127216211269125, 0.3127216211269125, 0.3127216211269125, 0.5, 0.49999999649969173]
X.shape (10, 5)
s1 and s2 score at iteration 77
S_1 [0.7580215641545835, 0.7580215641545835, 0.7580215641545835, 0.7580215641545835, 0.7580215641545835, 0.8084046999950601, 0.8084046999950601, 0.8084046999950601, 0.082286949417748, 0.5412353507013177]
S_2 [0.1111111111111111, 0.1111111111111111, 0.1111111111111111, 0.1111111111111111, 0.1111111111111111, 0.1111111111111111, 0.1111111111111111, 0.1111111111111111, 0.2, 0.1111111111111111]
Trust scores at iteration 78: [0.40517785126453104, 0.40517785126453104, 0.40517785126453104, 0.40517785126453104, 0.40517785126453104, 0.2841438239867034, 0.2841438239867034, 0.2841438239867034, -0.8884298377681438, -0.02790243675039754]
Trust scores_s1 at iteration 78: [0.47184908774494094, 0.47184908774494094, 0.47184908774494094, 0.47184908774494094, 0.47184908774494094, 0.4233440741060429, 0.4233440741060429, 0.4233440741060429, 0.05578508111592813, 0.2860487812747704]
Trust scores_s2 at iteration 78: [0.2692601621126754, 0.2692601621126754, 0.2692601621126754, 0.2692601621126754, 0.2692601621126754, 0.28127216211269124, 0.28127216211269124, 0.28127216211269124, 0.5, 0.29999999964996915]
X.shape (10, 5)
s1 and s2 score at iteration 78
S_1 [0.6248361224874043, 0.6248361224874043, 0.6248361224874043, 0.6248361224874043, 0.6248361224874043, 0.6491351195547923, 0.6491351195547923, 0.6491351195547923, -0.06440670940620047, 0.2706454874182303]
S_2 [0.125, 0.125, 0.125, 0.125, 0.125, 0.125, 0.125, 0.125, 0.2, 0.2]
Trust scores at iteration 79: [0.3443281930802731, 0.3443281930802731, 0.3443281930802731, 0.3443281930802731, 0.3443281930802731, 0.36591438239867036, 0.36591438239867036, 0.36591438239867036, -1.0781403222189807, -0.5275510502641724]
Trust scores_s1 at iteration 79: [0.48034011275140415, 0.48034011275140415, 0.48034011275140415, 0.48034011275140415, 0.48034011275140415, 0.4923344074106043, 0.4923344074106043, 0.4923344074106043, -0.039070161109490374, 0.2162244748329108]
Trust scores_s2 at iteration 79: [0.30817601621126756, 0.30817601621126756, 0.30817601621126756, 0.30817601621126756, 0.30817601621126756, 0.3093772162112691, 0.3093772162112691, 0.3093772162112691, 0.5, 0.4799999999649969]
X.shape (10, 5)
s1 and s2 score at iteration 79
S_1 [0.27677336978688166, 0.27677336978688166, 0.27677336978688166, 0.27677336978688166, 0.27677336978688166, 0.2423356338938015, 0.2423356338938015, 0.2423356338938015, -0.16249401140534486, -0.3133370781018657]
S_2 [0.2, 0.2, 0.2, 0.2, 0.2, 0.25, 0.25, 0.25, 0.25, 0.5]
Trust scores at iteration 80: [0.5744328193080274, 0.5744328193080274, 0.5744328193080274, 0.5744328193080274, 0.5744328193080274, 0.3746082574604524, 0.3746082574604524, 0.3746082574604524, -1.0862052223765732, -1.9716514334875863]
Trust scores_s1 at iteration 80: [0.4980340112751404, 0.4980340112751404, 0.4980340112751404, 0.4980340112751404, 0.4980340112751404, 0.44324185035135316, 0.44324185035135316, 0.44324185035135316, -0.26810261118828654, -0.4878257167472933]
Trust scores_s2 at iteration 80: [0.21081760162112678, 0.21081760162112678, 0.21081760162112678, 0.21081760162112678, 0.21081760162112678, 0.25593772162112693, 0.25593772162112693, 0.25593772162112693, 0.275, 0.4979999999964997]
X.shape (10, 5)
s1 and s2 score at iteration 80
S_1 [0.19186341134444493, 0.19186341134444493, 0.19186341134444493, 0.19186341134444493, 0.19186341134444493, -0.3447141113011662, -0.3447141113011662, -0.3447141113011662, 0.21924588970859998, 0.008058980430218207]
S_2 [0.16666666666666666, 0.16666666666666666, 0.16666666666666666, 0.16666666666666666, 0.16666666666666666, 0.3333333333333333, 0.3333333333333333, 0.3333333333333333, 0.16666666666666666, 0.5]
Trust scores at iteration 81: [0.5450387549383277, 0.5450387549383277, 0.5450387549383277, 0.5450387549383277, 0.5450387549383277, -1.9775837189128929, -1.9775837189128929, -1.9775837189128929, 0.49137947776234275, -1.0640831895806107]
Trust scores_s1 at iteration 81: [0.44360113763127645, 0.44360113763127645, 0.44360113763127645, 0.44360113763127645, 0.44360113763127645, -0.6631980872943336, -0.6631980872943336, -0.6631980872943336, 0.42318973888117134, -0.03224159479065532]
Trust scores_s2 at iteration 81: [0.17108176016211268, 0.17108176016211268, 0.17108176016211268, 0.17108176016211268, 0.17108176016211268, 0.32559377216211266, 0.32559377216211266, 0.32559377216211266, 0.1775, 0.49979999999964997]
X.shape (10, 5)
s1 and s2 score at iteration 81
S_1 [1.0, 1.0, 1.0, 1.0, 1.0, 1.0, 1.0, 1.0, 1.0, 1.0]
S_2 [0.1, 0.1, 0.1, 0.1, 0.1, 0.1, 0.1, 0.1, 0.1, 0.1]
Trust scores at iteration 82: [0.05450387549383277, 0.05450387549383277, 0.05450387549383277, 0.05450387549383277, 0.05450387549383277, -0.1977583718912893, -0.1977583718912893, -0.1977583718912893, 0.04913794777623428, -0.10640831895806108]
Trust scores_s1 at iteration 82: [0.49436011376312766, 0.49436011376312766, 0.49436011376312766, 0.49436011376312766, 0.49436011376312766, 0.38368019127056663, 0.38368019127056663, 0.38368019127056663, 0.49231897388811713, 0.4467758405209345]
Trust scores_s2 at iteration 82: [0.4671081760162113, 0.4671081760162113, 0.4671081760162113, 0.4671081760162113, 0.4671081760162113, 0.4825593772162113, 0.4825593772162113, 0.4825593772162113, 0.46775, 0.499979999999965]
X.shape (10, 5)
s1 and s2 score at iteration 82
S_1 [1.0, 1.0, 1.0, 1.0, 1.0, 1.0, 1.0, 1.0, 1.0, 1.0]
S_2 [0.1, 0.1, 0.1, 0.1, 0.1, 0.1, 0.1, 0.1, 0.1, 0.1]
Trust scores at iteration 83: [0.005450387549383277, 0.005450387549383277, 0.005450387549383277, 0.005450387549383277, 0.005450387549383277, -0.019775837189128932, -0.019775837189128932, -0.019775837189128932, 0.004913794777623428, -0.010640831895806108]
Trust scores_s1 at iteration 83: [0.49943601137631277, 0.49943601137631277, 0.49943601137631277, 0.49943601137631277, 0.49943601137631277, 0.4883680191270567, 0.4883680191270567, 0.4883680191270567, 0.49923189738881174, 0.49467758405209344]
Trust scores_s2 at iteration 83: [0.49671081760162117, 0.49671081760162117, 0.49671081760162117, 0.49671081760162117, 0.49671081760162117, 0.49825593772162113, 0.49825593772162113, 0.49825593772162113, 0.496775, 0.4999979999999965]
X.shape (10, 5)
s1 and s2 score at iteration 83
S_1 [1.0, 1.0, 1.0, 1.0, 1.0, 1.0, 1.0, 1.0, 1.0, 1.0]
S_2 [0.1, 0.1, 0.1, 0.1, 0.1, 0.1, 0.1, 0.1, 0.1, 0.1]
Trust scores at iteration 84: [0.0005450387549383277, 0.0005450387549383277, 0.0005450387549383277, 0.0005450387549383277, 0.0005450387549383277, -0.0019775837189128934, -0.0019775837189128934, -0.0019775837189128934, 0.0004913794777623428, -0.001064083189580611]
Trust scores_s1 at iteration 84: [0.4999436011376313, 0.4999436011376313, 0.4999436011376313, 0.4999436011376313, 0.4999436011376313, 0.4988368019127057, 0.4988368019127057, 0.4988368019127057, 0.49992318973888117, 0.49946775840520935]
Trust scores_s2 at iteration 84: [0.4996710817601621, 0.4996710817601621, 0.4996710817601621, 0.4996710817601621, 0.4996710817601621, 0.4998255937721621, 0.4998255937721621, 0.4998255937721621, 0.4996775, 0.49999979999999966]
X.shape (10, 5)
s1 and s2 score at iteration 84
S_1 [0.9999999999999998, 0.9999999999999998, 0.9999999999999998, 0.9999999999999998, 0.9999999999999998, 0.9999999999999998, 0.9999999999999998, 0.9999999999999998, 0.9999999999999998, 0.9999999999999998]
S_2 [0.1, 0.1, 0.1, 0.1, 0.1, 0.1, 0.1, 0.1, 0.1, 0.1]
Trust scores at iteration 85: [5.4503875493832775e-05, 5.4503875493832775e-05, 5.4503875493832775e-05, 5.4503875493832775e-05, 5.4503875493832775e-05, -0.00019775837189128936, -0.00019775837189128936, -0.00019775837189128936, 4.9137947776234286e-05, -0.0001064083189580611]
Trust scores_s1 at iteration 85: [0.49999436011376314, 0.49999436011376314, 0.49999436011376314, 0.49999436011376314, 0.49999436011376314, 0.4998836801912706, 0.4998836801912706, 0.4998836801912706, 0.49999231897388813, 0.49994677584052094]
Trust scores_s2 at iteration 85: [0.4999671081760162, 0.4999671081760162, 0.4999671081760162, 0.4999671081760162, 0.4999671081760162, 0.49998255937721625, 0.49998255937721625, 0.49998255937721625, 0.49996775000000004, 0.49999998]
X.shape (10, 5)
s1 and s2 score at iteration 85
S_1 [1.0, 1.0, 1.0, 1.0, 1.0, 1.0, 1.0, 1.0, 1.0, 1.0]
S_2 [0.1, 0.1, 0.1, 0.1, 0.1, 0.1, 0.1, 0.1, 0.1, 0.1]
Trust scores at iteration 86: [5.450387549383278e-06, 5.450387549383278e-06, 5.450387549383278e-06, 5.450387549383278e-06, 5.450387549383278e-06, -1.9775837189128938e-05, -1.9775837189128938e-05, -1.9775837189128938e-05, 4.913794777623429e-06, -1.064083189580611e-05]
Trust scores_s1 at iteration 86: [0.4999994360113763, 0.4999994360113763, 0.4999994360113763, 0.4999994360113763, 0.4999994360113763, 0.49998836801912705, 0.49998836801912705, 0.49998836801912705, 0.4999992318973888, 0.49999467758405214]
Trust scores_s2 at iteration 86: [0.49999671081760166, 0.49999671081760166, 0.49999671081760166, 0.49999671081760166, 0.49999671081760166, 0.4999982559377216, 0.4999982559377216, 0.4999982559377216, 0.499996775, 0.499999998]
X.shape (10, 5)
s1 and s2 score at iteration 86
S_1 [0.9999999999999998, 0.9999999999999998, 0.9999999999999998, 0.9999999999999998, 0.9999999999999998, 0.9999999999999998, 0.9999999999999998, 0.9999999999999998, 0.9999999999999998, 0.9999999999999998]
S_2 [0.1, 0.1, 0.1, 0.1, 0.1, 0.1, 0.1, 0.1, 0.1, 0.1]
Trust scores at iteration 87: [5.450387549383278e-07, 5.450387549383278e-07, 5.450387549383278e-07, 5.450387549383278e-07, 5.450387549383278e-07, -1.977583718912894e-06, -1.977583718912894e-06, -1.977583718912894e-06, 4.913794777623429e-07, -1.064083189580611e-06]
Trust scores_s1 at iteration 87: [0.49999994360113764, 0.49999994360113764, 0.49999994360113764, 0.49999994360113764, 0.49999994360113764, 0.4999988368019127, 0.4999988368019127, 0.4999988368019127, 0.4999999231897389, 0.4999994677584052]
Trust scores_s2 at iteration 87: [0.4999996710817602, 0.4999996710817602, 0.4999996710817602, 0.4999996710817602, 0.4999996710817602, 0.4999998255937722, 0.4999998255937722, 0.4999998255937722, 0.4999996775, 0.4999999998]
X.shape (10, 5)
s1 and s2 score at iteration 87
S_1 [0.9999999999999998, 0.9999999999999998, 0.9999999999999998, 0.9999999999999998, 0.9999999999999998, 0.9999999999999998, 0.9999999999999998, 0.9999999999999998, 0.9999999999999998, 0.9999999999999998]
S_2 [0.1, 0.1, 0.1, 0.1, 0.1, 0.1, 0.1, 0.1, 0.1, 0.1]
Trust scores at iteration 88: [5.450387549383278e-08, 5.450387549383278e-08, 5.450387549383278e-08, 5.450387549383278e-08, 5.450387549383278e-08, -1.977583718912894e-07, -1.977583718912894e-07, -1.977583718912894e-07, 4.91379477762343e-08, -1.0640831895806111e-07]
Trust scores_s1 at iteration 88: [0.4999999943601138, 0.4999999943601138, 0.4999999943601138, 0.4999999943601138, 0.4999999943601138, 0.49999988368019127, 0.49999988368019127, 0.49999988368019127, 0.4999999923189739, 0.49999994677584053]
Trust scores_s2 at iteration 88: [0.499999967108176, 0.499999967108176, 0.499999967108176, 0.499999967108176, 0.499999967108176, 0.4999999825593772, 0.4999999825593772, 0.4999999825593772, 0.49999996775, 0.49999999998]
X.shape (10, 5)
s1 and s2 score at iteration 88
S_1 [1.0, 1.0, 1.0, 1.0, 1.0, 1.0, 1.0, 1.0, 1.0, 1.0]
S_2 [0.1, 0.1, 0.1, 0.1, 0.1, 0.1, 0.1, 0.1, 0.1, 0.1]
Trust scores at iteration 89: [5.450387549383278e-09, 5.450387549383278e-09, 5.450387549383278e-09, 5.450387549383278e-09, 5.450387549383278e-09, -1.977583718912894e-08, -1.977583718912894e-08, -1.977583718912894e-08, 4.91379477762343e-09, -1.0640831895806112e-08]
Trust scores_s1 at iteration 89: [0.49999999943601137, 0.49999999943601137, 0.49999999943601137, 0.49999999943601137, 0.49999999943601137, 0.4999999883680191, 0.4999999883680191, 0.4999999883680191, 0.4999999992318974, 0.49999999467758405]
Trust scores_s2 at iteration 89: [0.49999999671081763, 0.49999999671081763, 0.49999999671081763, 0.49999999671081763, 0.49999999671081763, 0.4999999982559377, 0.4999999982559377, 0.4999999982559377, 0.499999996775, 0.49999999999800004]
X.shape (10, 5)
s1 and s2 score at iteration 89
S_1 [0.9999999999999998, 0.9999999999999998, 0.9999999999999998, 0.9999999999999998, 0.9999999999999998, 0.9999999999999998, 0.9999999999999998, 0.9999999999999998, 0.9999999999999998, 0.9999999999999998]
S_2 [0.1, 0.1, 0.1, 0.1, 0.1, 0.1, 0.1, 0.1, 0.1, 0.1]
Trust scores at iteration 90: [5.450387549383278e-10, 5.450387549383278e-10, 5.450387549383278e-10, 5.450387549383278e-10, 5.450387549383278e-10, -1.977583718912894e-09, -1.977583718912894e-09, -1.977583718912894e-09, 4.91379477762343e-10, -1.0640831895806112e-09]
Trust scores_s1 at iteration 90: [0.49999999994360117, 0.49999999994360117, 0.49999999994360117, 0.49999999994360117, 0.49999999994360117, 0.4999999988368019, 0.4999999988368019, 0.4999999988368019, 0.4999999999231898, 0.4999999994677584]
Trust scores_s2 at iteration 90: [0.4999999996710818, 0.4999999996710818, 0.4999999996710818, 0.4999999996710818, 0.4999999996710818, 0.4999999998255938, 0.4999999998255938, 0.4999999998255938, 0.49999999967750003, 0.49999999999980005]
X.shape (10, 5)
s1 and s2 score at iteration 90
S_1 [1.0, 1.0, 1.0, 1.0, 1.0, 1.0, 1.0, 1.0, 1.0, 1.0]
S_2 [0.1, 0.1, 0.1, 0.1, 0.1, 0.1, 0.1, 0.1, 0.1, 0.1]
Trust scores at iteration 91: [5.4503875493832784e-11, 5.4503875493832784e-11, 5.4503875493832784e-11, 5.4503875493832784e-11, 5.4503875493832784e-11, -1.9775837189128943e-10, -1.9775837189128943e-10, -1.9775837189128943e-10, 4.913794777623431e-11, -1.0640831895806113e-10]
Trust scores_s1 at iteration 91: [0.4999999999943601, 0.4999999999943601, 0.4999999999943601, 0.4999999999943601, 0.4999999999943601, 0.4999999998836802, 0.4999999998836802, 0.4999999998836802, 0.499999999992319, 0.49999999994677585]
Trust scores_s2 at iteration 91: [0.4999999999671082, 0.4999999999671082, 0.4999999999671082, 0.4999999999671082, 0.4999999999671082, 0.4999999999825594, 0.4999999999825594, 0.4999999999825594, 0.49999999996775, 0.49999999999998]
X.shape (10, 5)
s1 and s2 score at iteration 91
S_1 [1.0, 1.0, 1.0, 1.0, 1.0, 1.0, 1.0, 1.0, 1.0, 1.0]
S_2 [0.1, 0.1, 0.1, 0.1, 0.1, 0.1, 0.1, 0.1, 0.1, 0.1]
Trust scores at iteration 92: [5.450387549383279e-12, 5.450387549383279e-12, 5.450387549383279e-12, 5.450387549383279e-12, 5.450387549383279e-12, -1.9775837189128943e-11, -1.9775837189128943e-11, -1.9775837189128943e-11, 4.913794777623431e-12, -1.0640831895806114e-11]
Trust scores_s1 at iteration 92: [0.499999999999436, 0.499999999999436, 0.499999999999436, 0.499999999999436, 0.499999999999436, 0.499999999988368, 0.499999999988368, 0.499999999988368, 0.4999999999992319, 0.4999999999946776]
Trust scores_s2 at iteration 92: [0.49999999999671085, 0.49999999999671085, 0.49999999999671085, 0.49999999999671085, 0.49999999999671085, 0.49999999999825595, 0.49999999999825595, 0.49999999999825595, 0.499999999996775, 0.499999999999998]
X.shape (10, 5)
s1 and s2 score at iteration 92
S_1 [1.0, 1.0, 1.0, 1.0, 1.0, 1.0, 1.0, 1.0, 1.0, 1.0]
S_2 [0.1, 0.1, 0.1, 0.1, 0.1, 0.1, 0.1, 0.1, 0.1, 0.1]
Trust scores at iteration 93: [5.450387549383279e-13, 5.450387549383279e-13, 5.450387549383279e-13, 5.450387549383279e-13, 5.450387549383279e-13, -1.9775837189128945e-12, -1.9775837189128945e-12, -1.9775837189128945e-12, 4.913794777623432e-13, -1.0640831895806113e-12]
Trust scores_s1 at iteration 93: [0.4999999999999436, 0.4999999999999436, 0.4999999999999436, 0.4999999999999436, 0.4999999999999436, 0.4999999999988368, 0.4999999999988368, 0.4999999999988368, 0.4999999999999232, 0.49999999999946776]
Trust scores_s2 at iteration 93: [0.4999999999996711, 0.4999999999996711, 0.4999999999996711, 0.4999999999996711, 0.4999999999996711, 0.4999999999998256, 0.4999999999998256, 0.4999999999998256, 0.49999999999967754, 0.49999999999999983]
X.shape (10, 5)
s1 and s2 score at iteration 93
S_1 [1.0, 1.0, 1.0, 1.0, 1.0, 1.0, 1.0, 1.0, 1.0, 1.0]
S_2 [0.1, 0.1, 0.1, 0.1, 0.1, 0.1, 0.1, 0.1, 0.1, 0.1]
Trust scores at iteration 94: [5.4503875493832794e-14, 5.4503875493832794e-14, 5.4503875493832794e-14, 5.4503875493832794e-14, 5.4503875493832794e-14, -1.9775837189128946e-13, -1.9775837189128946e-13, -1.9775837189128946e-13, 4.913794777623432e-14, -1.0640831895806114e-13]
Trust scores_s1 at iteration 94: [0.4999999999999944, 0.4999999999999944, 0.4999999999999944, 0.4999999999999944, 0.4999999999999944, 0.4999999999998837, 0.4999999999998837, 0.4999999999998837, 0.49999999999999234, 0.4999999999999468]
Trust scores_s2 at iteration 94: [0.49999999999996714, 0.49999999999996714, 0.49999999999996714, 0.49999999999996714, 0.49999999999996714, 0.49999999999998257, 0.49999999999998257, 0.49999999999998257, 0.49999999999996775, 0.5]
X.shape (10, 5)
s1 and s2 score at iteration 94
S_1 [1.0, 1.0, 1.0, 1.0, 1.0, 1.0, 1.0, 1.0, 1.0, 1.0]
S_2 [0.1, 0.1, 0.1, 0.1, 0.1, 0.1, 0.1, 0.1, 0.1, 0.1]
Trust scores at iteration 95: [5.45038754938328e-15, 5.45038754938328e-15, 5.45038754938328e-15, 5.45038754938328e-15, 5.45038754938328e-15, -1.9775837189128948e-14, -1.9775837189128948e-14, -1.9775837189128948e-14, 4.913794777623432e-15, -1.0640831895806115e-14]
Trust scores_s1 at iteration 95: [0.49999999999999944, 0.49999999999999944, 0.49999999999999944, 0.49999999999999944, 0.49999999999999944, 0.4999999999999884, 0.4999999999999884, 0.4999999999999884, 0.4999999999999992, 0.49999999999999467]
Trust scores_s2 at iteration 95: [0.4999999999999967, 0.4999999999999967, 0.4999999999999967, 0.4999999999999967, 0.4999999999999967, 0.4999999999999983, 0.4999999999999983, 0.4999999999999983, 0.4999999999999968, 0.5]
X.shape (10, 5)
s1 and s2 score at iteration 95
S_1 [1.0, 1.0, 1.0, 1.0, 1.0, 1.0, 1.0, 1.0, 1.0, 1.0]
S_2 [0.1, 0.1, 0.1, 0.1, 0.1, 0.1, 0.1, 0.1, 0.1, 0.1]
Trust scores at iteration 96: [5.45038754938328e-16, 5.45038754938328e-16, 5.45038754938328e-16, 5.45038754938328e-16, 5.45038754938328e-16, -1.977583718912895e-15, -1.977583718912895e-15, -1.977583718912895e-15, 4.913794777623433e-16, -1.0640831895806115e-15]
Trust scores_s1 at iteration 96: [0.49999999999999994, 0.49999999999999994, 0.49999999999999994, 0.49999999999999994, 0.49999999999999994, 0.49999999999999883, 0.49999999999999883, 0.49999999999999883, 0.49999999999999994, 0.4999999999999995]
Trust scores_s2 at iteration 96: [0.49999999999999967, 0.49999999999999967, 0.49999999999999967, 0.49999999999999967, 0.49999999999999967, 0.49999999999999983, 0.49999999999999983, 0.49999999999999983, 0.49999999999999967, 0.5]
X.shape (10, 5)
s1 and s2 score at iteration 96
S_1 [1.0, 1.0, 1.0, 1.0, 1.0, 1.0, 1.0, 1.0, 1.0, 1.0]
S_2 [0.1, 0.1, 0.1, 0.1, 0.1, 0.1, 0.1, 0.1, 0.1, 0.1]
Trust scores at iteration 97: [5.450387549383281e-17, 5.450387549383281e-17, 5.450387549383281e-17, 5.450387549383281e-17, 5.450387549383281e-17, -1.9775837189128951e-16, -1.9775837189128951e-16, -1.9775837189128951e-16, 4.9137947776234334e-17, -1.0640831895806116e-16]
Trust scores_s1 at iteration 97: [0.5, 0.5, 0.5, 0.5, 0.5, 0.4999999999999999, 0.4999999999999999, 0.4999999999999999, 0.5, 0.49999999999999994]
Trust scores_s2 at iteration 97: [0.5, 0.5, 0.5, 0.5, 0.5, 0.5, 0.5, 0.5, 0.5, 0.5]
X.shape (10, 5)
s1 and s2 score at iteration 97
S_1 [1.0, 1.0, 1.0, 1.0, 1.0, 1.0, 1.0, 1.0, 1.0, 1.0]
S_2 [0.1, 0.1, 0.1, 0.1, 0.1, 0.1, 0.1, 0.1, 0.1, 0.1]
Trust scores at iteration 98: [5.450387549383281e-18, 5.450387549383281e-18, 5.450387549383281e-18, 5.450387549383281e-18, 5.450387549383281e-18, -1.9775837189128953e-17, -1.9775837189128953e-17, -1.9775837189128953e-17, 4.9137947776234336e-18, -1.0640831895806117e-17]
Trust scores_s1 at iteration 98: [0.5, 0.5, 0.5, 0.5, 0.5, 0.5, 0.5, 0.5, 0.5, 0.5]
Trust scores_s2 at iteration 98: [0.5, 0.5, 0.5, 0.5, 0.5, 0.5, 0.5, 0.5, 0.5, 0.5]
X.shape (10, 5)
s1 and s2 score at iteration 98
S_1 [1.0, 1.0, 1.0, 1.0, 1.0, 1.0, 1.0, 1.0, 1.0, 1.0]
S_2 [0.1, 0.1, 0.1, 0.1, 0.1, 0.1, 0.1, 0.1, 0.1, 0.1]
Trust scores at iteration 99: [5.450387549383281e-19, 5.450387549383281e-19, 5.450387549383281e-19, 5.450387549383281e-19, 5.450387549383281e-19, -1.9775837189128953e-18, -1.9775837189128953e-18, -1.9775837189128953e-18, 4.913794777623433e-19, -1.0640831895806118e-18]
Trust scores_s1 at iteration 99: [0.5, 0.5, 0.5, 0.5, 0.5, 0.5, 0.5, 0.5, 0.5, 0.5]
Trust scores_s2 at iteration 99: [0.5, 0.5, 0.5, 0.5, 0.5, 0.5, 0.5, 0.5, 0.5, 0.5]
X.shape (10, 5)
s1 and s2 score at iteration 99
S_1 [1.0, 1.0, 1.0, 1.0, 1.0, 1.0, 1.0, 1.0, 1.0, 1.0]
S_2 [0.1, 0.1, 0.1, 0.1, 0.1, 0.1, 0.1, 0.1, 0.1, 0.1]
Trust scores at iteration 100: [5.450387549383281e-20, 5.450387549383281e-20, 5.450387549383281e-20, 5.450387549383281e-20, 5.450387549383281e-20, -1.9775837189128955e-19, -1.9775837189128955e-19, -1.9775837189128955e-19, 4.913794777623434e-20, -1.0640831895806118e-19]
Trust scores_s1 at iteration 100: [0.5, 0.5, 0.5, 0.5, 0.5, 0.5, 0.5, 0.5, 0.5, 0.5]
Trust scores_s2 at iteration 100: [0.5, 0.5, 0.5, 0.5, 0.5, 0.5, 0.5, 0.5, 0.5, 0.5]
