chunks.shape 518399
chunks[0].shape 5
Loaded Tower 5 data for Tower 2 without noise: 518399 chunks
chunks.shape 518399
chunks[0].shape 5
Loaded Tower 5 data for Tower 3 without noise: 518399 chunks
chunks.shape 518399
chunks[0].shape 5
Loaded Tower 5 data for Tower 4 without noise: 518399 chunks
chunks.shape 518399
chunks[0].shape 5
Loaded Tower 5 data for Tower 5 without noise: 518399 chunks
chunks.shape 518399
chunks[0].shape 5
Loaded Tower 5 data for Tower 6 without noise: 518399 chunks
chunks.shape 518399
chunks[0].shape 5
Loaded Tower 5 data for Tower 7 with same noise (chunks 60-80): 518399 chunks
chunks.shape 518399
chunks[0].shape 5
Loaded Tower 5 data for Tower 8 with same noise (chunks 60-80): 518399 chunks
chunks.shape 518399
chunks[0].shape 5
Loaded Tower 5 data for Tower 9 with same noise (chunks 60-80): 518399 chunks
chunks.shape 518399
chunks[0].shape 5
Loaded Tower 5 data for Tower 10 with random noise (chunks 60-80): 518399 chunks
chunks.shape 518399
chunks[0].shape 5
Loaded Tower 5 data for Tower 11 with random noise (chunks 60-80): 518399 chunks
X.shape (10, 5)
s1 and s2 score at iteration 0
S_1 [1.0, 1.0, 1.0, 1.0, 1.0, 1.0, 1.0, 1.0, 1.0, 1.0]
S_2 [0.1, 0.1, 0.1, 0.1, 0.1, 0.1, 0.1, 0.1, 0.1, 0.1]
Trust scores at iteration 1: [0.0, 0.0, 0.0, 0.0, 0.0, 0.0, 0.0, 0.0, 0.0, 0.0]
Trust scores_s1 at iteration 1: [0.07500000000000001, 0.07500000000000001, 0.07500000000000001, 0.07500000000000001, 0.07500000000000001, 0.07500000000000001, 0.07500000000000001, 0.07500000000000001, 0.07500000000000001, 0.07500000000000001]
Trust scores_s2 at iteration 1: [0.07500000000000001, 0.07500000000000001, 0.07500000000000001, 0.07500000000000001, 0.07500000000000001, 0.07500000000000001, 0.07500000000000001, 0.07500000000000001, 0.07500000000000001, 0.07500000000000001]
X.shape (10, 5)
s1 and s2 score at iteration 1
S_1 [1.0, 1.0, 1.0, 1.0, 1.0, 1.0, 1.0, 1.0, 1.0, 1.0]
S_2 [0.1, 0.1, 0.1, 0.1, 0.1, 0.1, 0.1, 0.1, 0.1, 0.1]
Trust scores at iteration 2: [0.0, 0.0, 0.0, 0.0, 0.0, 0.0, 0.0, 0.0, 0.0, 0.0]
Trust scores_s1 at iteration 2: [0.13875, 0.13875, 0.13875, 0.13875, 0.13875, 0.13875, 0.13875, 0.13875, 0.13875, 0.13875]
Trust scores_s2 at iteration 2: [0.13875, 0.13875, 0.13875, 0.13875, 0.13875, 0.13875, 0.13875, 0.13875, 0.13875, 0.13875]
X.shape (10, 5)
s1 and s2 score at iteration 2
S_1 [1.0, 1.0, 1.0, 1.0, 1.0, 1.0, 1.0, 1.0, 1.0, 1.0]
S_2 [0.1, 0.1, 0.1, 0.1, 0.1, 0.1, 0.1, 0.1, 0.1, 0.1]
Trust scores at iteration 3: [0.0, 0.0, 0.0, 0.0, 0.0, 0.0, 0.0, 0.0, 0.0, 0.0]
Trust scores_s1 at iteration 3: [0.1929375, 0.1929375, 0.1929375, 0.1929375, 0.1929375, 0.1929375, 0.1929375, 0.1929375, 0.1929375, 0.1929375]
Trust scores_s2 at iteration 3: [0.1929375, 0.1929375, 0.1929375, 0.1929375, 0.1929375, 0.1929375, 0.1929375, 0.1929375, 0.1929375, 0.1929375]
X.shape (10, 5)
s1 and s2 score at iteration 3
S_1 [1.0, 1.0, 1.0, 1.0, 1.0, 1.0, 1.0, 1.0, 1.0, 1.0]
S_2 [0.1, 0.1, 0.1, 0.1, 0.1, 0.1, 0.1, 0.1, 0.1, 0.1]
Trust scores at iteration 4: [0.0, 0.0, 0.0, 0.0, 0.0, 0.0, 0.0, 0.0, 0.0, 0.0]
Trust scores_s1 at iteration 4: [0.23899687500000003, 0.23899687500000003, 0.23899687500000003, 0.23899687500000003, 0.23899687500000003, 0.23899687500000003, 0.23899687500000003, 0.23899687500000003, 0.23899687500000003, 0.23899687500000003]
Trust scores_s2 at iteration 4: [0.23899687500000003, 0.23899687500000003, 0.23899687500000003, 0.23899687500000003, 0.23899687500000003, 0.23899687500000003, 0.23899687500000003, 0.23899687500000003, 0.23899687500000003, 0.23899687500000003]
X.shape (10, 5)
s1 and s2 score at iteration 4
S_1 [0.9999999999999998, 0.9999999999999998, 0.9999999999999998, 0.9999999999999998, 0.9999999999999998, 0.9999999999999998, 0.9999999999999998, 0.9999999999999998, 0.9999999999999998, 0.9999999999999998]
S_2 [0.1, 0.1, 0.1, 0.1, 0.1, 0.1, 0.1, 0.1, 0.1, 0.1]
Trust scores at iteration 5: [0.0, 0.0, 0.0, 0.0, 0.0, 0.0, 0.0, 0.0, 0.0, 0.0]
Trust scores_s1 at iteration 5: [0.27814734375000005, 0.27814734375000005, 0.27814734375000005, 0.27814734375000005, 0.27814734375000005, 0.27814734375000005, 0.27814734375000005, 0.27814734375000005, 0.27814734375000005, 0.27814734375000005]
Trust scores_s2 at iteration 5: [0.27814734375000005, 0.27814734375000005, 0.27814734375000005, 0.27814734375000005, 0.27814734375000005, 0.27814734375000005, 0.27814734375000005, 0.27814734375000005, 0.27814734375000005, 0.27814734375000005]
X.shape (10, 5)
s1 and s2 score at iteration 5
S_1 [1.0, 1.0, 1.0, 1.0, 1.0, 1.0, 1.0, 1.0, 1.0, 1.0]
S_2 [0.1, 0.1, 0.1, 0.1, 0.1, 0.1, 0.1, 0.1, 0.1, 0.1]
Trust scores at iteration 6: [0.0, 0.0, 0.0, 0.0, 0.0, 0.0, 0.0, 0.0, 0.0, 0.0]
Trust scores_s1 at iteration 6: [0.31142524218750006, 0.31142524218750006, 0.31142524218750006, 0.31142524218750006, 0.31142524218750006, 0.31142524218750006, 0.31142524218750006, 0.31142524218750006, 0.31142524218750006, 0.31142524218750006]
Trust scores_s2 at iteration 6: [0.31142524218750006, 0.31142524218750006, 0.31142524218750006, 0.31142524218750006, 0.31142524218750006, 0.31142524218750006, 0.31142524218750006, 0.31142524218750006, 0.31142524218750006, 0.31142524218750006]
X.shape (10, 5)
s1 and s2 score at iteration 6
S_1 [1.0, 1.0, 1.0, 1.0, 1.0, 1.0, 1.0, 1.0, 1.0, 1.0]
S_2 [0.1, 0.1, 0.1, 0.1, 0.1, 0.1, 0.1, 0.1, 0.1, 0.1]
Trust scores at iteration 7: [0.0, 0.0, 0.0, 0.0, 0.0, 0.0, 0.0, 0.0, 0.0, 0.0]
Trust scores_s1 at iteration 7: [0.33971145585937507, 0.33971145585937507, 0.33971145585937507, 0.33971145585937507, 0.33971145585937507, 0.33971145585937507, 0.33971145585937507, 0.33971145585937507, 0.33971145585937507, 0.33971145585937507]
Trust scores_s2 at iteration 7: [0.33971145585937507, 0.33971145585937507, 0.33971145585937507, 0.33971145585937507, 0.33971145585937507, 0.33971145585937507, 0.33971145585937507, 0.33971145585937507, 0.33971145585937507, 0.33971145585937507]
X.shape (10, 5)
s1 and s2 score at iteration 7
S_1 [0.9999999999999998, 0.9999999999999998, 0.9999999999999998, 0.9999999999999998, 0.9999999999999998, 0.9999999999999998, 0.9999999999999998, 0.9999999999999998, 0.9999999999999998, 0.9999999999999998]
S_2 [0.1, 0.1, 0.1, 0.1, 0.1, 0.1, 0.1, 0.1, 0.1, 0.1]
Trust scores at iteration 8: [0.0, 0.0, 0.0, 0.0, 0.0, 0.0, 0.0, 0.0, 0.0, 0.0]
Trust scores_s1 at iteration 8: [0.3637547374804688, 0.3637547374804688, 0.3637547374804688, 0.3637547374804688, 0.3637547374804688, 0.3637547374804688, 0.3637547374804688, 0.3637547374804688, 0.3637547374804688, 0.3637547374804688]
Trust scores_s2 at iteration 8: [0.3637547374804688, 0.3637547374804688, 0.3637547374804688, 0.3637547374804688, 0.3637547374804688, 0.3637547374804688, 0.3637547374804688, 0.3637547374804688, 0.3637547374804688, 0.3637547374804688]
X.shape (10, 5)
s1 and s2 score at iteration 8
S_1 [1.0, 1.0, 1.0, 1.0, 1.0, 1.0, 1.0, 1.0, 1.0, 1.0]
S_2 [0.1, 0.1, 0.1, 0.1, 0.1, 0.1, 0.1, 0.1, 0.1, 0.1]
Trust scores at iteration 9: [0.0, 0.0, 0.0, 0.0, 0.0, 0.0, 0.0, 0.0, 0.0, 0.0]
Trust scores_s1 at iteration 9: [0.3841915268583985, 0.3841915268583985, 0.3841915268583985, 0.3841915268583985, 0.3841915268583985, 0.3841915268583985, 0.3841915268583985, 0.3841915268583985, 0.3841915268583985, 0.3841915268583985]
Trust scores_s2 at iteration 9: [0.3841915268583985, 0.3841915268583985, 0.3841915268583985, 0.3841915268583985, 0.3841915268583985, 0.3841915268583985, 0.3841915268583985, 0.3841915268583985, 0.3841915268583985, 0.3841915268583985]
X.shape (10, 5)
s1 and s2 score at iteration 9
S_1 [1.0, 1.0, 1.0, 1.0, 1.0, 1.0, 1.0, 1.0, 1.0, 1.0]
S_2 [0.1, 0.1, 0.1, 0.1, 0.1, 0.1, 0.1, 0.1, 0.1, 0.1]
Trust scores at iteration 10: [0.0, 0.0, 0.0, 0.0, 0.0, 0.0, 0.0, 0.0, 0.0, 0.0]
Trust scores_s1 at iteration 10: [0.4015627978296388, 0.4015627978296388, 0.4015627978296388, 0.4015627978296388, 0.4015627978296388, 0.4015627978296388, 0.4015627978296388, 0.4015627978296388, 0.4015627978296388, 0.4015627978296388]
Trust scores_s2 at iteration 10: [0.4015627978296388, 0.4015627978296388, 0.4015627978296388, 0.4015627978296388, 0.4015627978296388, 0.4015627978296388, 0.4015627978296388, 0.4015627978296388, 0.4015627978296388, 0.4015627978296388]
X.shape (10, 5)
s1 and s2 score at iteration 10
S_1 [1.0, 1.0, 1.0, 1.0, 1.0, 1.0, 1.0, 1.0, 1.0, 1.0]
S_2 [0.1, 0.1, 0.1, 0.1, 0.1, 0.1, 0.1, 0.1, 0.1, 0.1]
Trust scores at iteration 11: [0.0, 0.0, 0.0, 0.0, 0.0, 0.0, 0.0, 0.0, 0.0, 0.0]
Trust scores_s1 at iteration 11: [0.41632837815519297, 0.41632837815519297, 0.41632837815519297, 0.41632837815519297, 0.41632837815519297, 0.41632837815519297, 0.41632837815519297, 0.41632837815519297, 0.41632837815519297, 0.41632837815519297]
Trust scores_s2 at iteration 11: [0.41632837815519297, 0.41632837815519297, 0.41632837815519297, 0.41632837815519297, 0.41632837815519297, 0.41632837815519297, 0.41632837815519297, 0.41632837815519297, 0.41632837815519297, 0.41632837815519297]
X.shape (10, 5)
s1 and s2 score at iteration 11
S_1 [1.0, 1.0, 1.0, 1.0, 1.0, 1.0, 1.0, 1.0, 1.0, 1.0]
S_2 [0.1, 0.1, 0.1, 0.1, 0.1, 0.1, 0.1, 0.1, 0.1, 0.1]
Trust scores at iteration 12: [0.0, 0.0, 0.0, 0.0, 0.0, 0.0, 0.0, 0.0, 0.0, 0.0]
Trust scores_s1 at iteration 12: [0.42887912143191403, 0.42887912143191403, 0.42887912143191403, 0.42887912143191403, 0.42887912143191403, 0.42887912143191403, 0.42887912143191403, 0.42887912143191403, 0.42887912143191403, 0.42887912143191403]
Trust scores_s2 at iteration 12: [0.42887912143191403, 0.42887912143191403, 0.42887912143191403, 0.42887912143191403, 0.42887912143191403, 0.42887912143191403, 0.42887912143191403, 0.42887912143191403, 0.42887912143191403, 0.42887912143191403]
X.shape (10, 5)
s1 and s2 score at iteration 12
S_1 [1.0, 1.0, 1.0, 1.0, 1.0, 1.0, 1.0, 1.0, 1.0, 1.0]
S_2 [0.1, 0.1, 0.1, 0.1, 0.1, 0.1, 0.1, 0.1, 0.1, 0.1]
Trust scores at iteration 13: [0.0, 0.0, 0.0, 0.0, 0.0, 0.0, 0.0, 0.0, 0.0, 0.0]
Trust scores_s1 at iteration 13: [0.43954725321712695, 0.43954725321712695, 0.43954725321712695, 0.43954725321712695, 0.43954725321712695, 0.43954725321712695, 0.43954725321712695, 0.43954725321712695, 0.43954725321712695, 0.43954725321712695]
Trust scores_s2 at iteration 13: [0.43954725321712695, 0.43954725321712695, 0.43954725321712695, 0.43954725321712695, 0.43954725321712695, 0.43954725321712695, 0.43954725321712695, 0.43954725321712695, 0.43954725321712695, 0.43954725321712695]
X.shape (10, 5)
s1 and s2 score at iteration 13
S_1 [1.0, 1.0, 1.0, 1.0, 1.0, 1.0, 1.0, 1.0, 1.0, 1.0]
S_2 [0.1, 0.1, 0.1, 0.1, 0.1, 0.1, 0.1, 0.1, 0.1, 0.1]
Trust scores at iteration 14: [0.0, 0.0, 0.0, 0.0, 0.0, 0.0, 0.0, 0.0, 0.0, 0.0]
Trust scores_s1 at iteration 14: [0.4486151652345579, 0.4486151652345579, 0.4486151652345579, 0.4486151652345579, 0.4486151652345579, 0.4486151652345579, 0.4486151652345579, 0.4486151652345579, 0.4486151652345579, 0.4486151652345579]
Trust scores_s2 at iteration 14: [0.4486151652345579, 0.4486151652345579, 0.4486151652345579, 0.4486151652345579, 0.4486151652345579, 0.4486151652345579, 0.4486151652345579, 0.4486151652345579, 0.4486151652345579, 0.4486151652345579]
X.shape (10, 5)
s1 and s2 score at iteration 14
S_1 [1.0, 1.0, 1.0, 1.0, 1.0, 1.0, 1.0, 1.0, 1.0, 1.0]
S_2 [0.1, 0.1, 0.1, 0.1, 0.1, 0.1, 0.1, 0.1, 0.1, 0.1]
Trust scores at iteration 15: [0.0, 0.0, 0.0, 0.0, 0.0, 0.0, 0.0, 0.0, 0.0, 0.0]
Trust scores_s1 at iteration 15: [0.45632289044937424, 0.45632289044937424, 0.45632289044937424, 0.45632289044937424, 0.45632289044937424, 0.45632289044937424, 0.45632289044937424, 0.45632289044937424, 0.45632289044937424, 0.45632289044937424]
Trust scores_s2 at iteration 15: [0.45632289044937424, 0.45632289044937424, 0.45632289044937424, 0.45632289044937424, 0.45632289044937424, 0.45632289044937424, 0.45632289044937424, 0.45632289044937424, 0.45632289044937424, 0.45632289044937424]
X.shape (10, 5)
s1 and s2 score at iteration 15
S_1 [0.9999999999999998, 0.9999999999999998, 0.9999999999999998, 0.9999999999999998, 0.9999999999999998, 0.9999999999999998, 0.9999999999999998, 0.9999999999999998, 0.9999999999999998, 0.9999999999999998]
S_2 [0.1, 0.1, 0.1, 0.1, 0.1, 0.1, 0.1, 0.1, 0.1, 0.1]
Trust scores at iteration 16: [0.0, 0.0, 0.0, 0.0, 0.0, 0.0, 0.0, 0.0, 0.0, 0.0]
Trust scores_s1 at iteration 16: [0.4628744568819681, 0.4628744568819681, 0.4628744568819681, 0.4628744568819681, 0.4628744568819681, 0.4628744568819681, 0.4628744568819681, 0.4628744568819681, 0.4628744568819681, 0.4628744568819681]
Trust scores_s2 at iteration 16: [0.4628744568819681, 0.4628744568819681, 0.4628744568819681, 0.4628744568819681, 0.4628744568819681, 0.4628744568819681, 0.4628744568819681, 0.4628744568819681, 0.4628744568819681, 0.4628744568819681]
X.shape (10, 5)
s1 and s2 score at iteration 16
S_1 [1.0, 1.0, 1.0, 1.0, 1.0, 1.0, 1.0, 1.0, 1.0, 1.0]
S_2 [0.1, 0.1, 0.1, 0.1, 0.1, 0.1, 0.1, 0.1, 0.1, 0.1]
Trust scores at iteration 17: [0.0, 0.0, 0.0, 0.0, 0.0, 0.0, 0.0, 0.0, 0.0, 0.0]
Trust scores_s1 at iteration 17: [0.46844328834967286, 0.46844328834967286, 0.46844328834967286, 0.46844328834967286, 0.46844328834967286, 0.46844328834967286, 0.46844328834967286, 0.46844328834967286, 0.46844328834967286, 0.46844328834967286]
Trust scores_s2 at iteration 17: [0.46844328834967286, 0.46844328834967286, 0.46844328834967286, 0.46844328834967286, 0.46844328834967286, 0.46844328834967286, 0.46844328834967286, 0.46844328834967286, 0.46844328834967286, 0.46844328834967286]
X.shape (10, 5)
s1 and s2 score at iteration 17
S_1 [1.0, 1.0, 1.0, 1.0, 1.0, 1.0, 1.0, 1.0, 1.0, 1.0]
S_2 [0.1, 0.1, 0.1, 0.1, 0.1, 0.1, 0.1, 0.1, 0.1, 0.1]
Trust scores at iteration 18: [0.0, 0.0, 0.0, 0.0, 0.0, 0.0, 0.0, 0.0, 0.0, 0.0]
Trust scores_s1 at iteration 18: [0.47317679509722194, 0.47317679509722194, 0.47317679509722194, 0.47317679509722194, 0.47317679509722194, 0.47317679509722194, 0.47317679509722194, 0.47317679509722194, 0.47317679509722194, 0.47317679509722194]
Trust scores_s2 at iteration 18: [0.47317679509722194, 0.47317679509722194, 0.47317679509722194, 0.47317679509722194, 0.47317679509722194, 0.47317679509722194, 0.47317679509722194, 0.47317679509722194, 0.47317679509722194, 0.47317679509722194]
X.shape (10, 5)
s1 and s2 score at iteration 18
S_1 [1.0, 1.0, 1.0, 1.0, 1.0, 1.0, 1.0, 1.0, 1.0, 1.0]
S_2 [0.1, 0.1, 0.1, 0.1, 0.1, 0.1, 0.1, 0.1, 0.1, 0.1]
Trust scores at iteration 19: [0.0, 0.0, 0.0, 0.0, 0.0, 0.0, 0.0, 0.0, 0.0, 0.0]
Trust scores_s1 at iteration 19: [0.47720027583263863, 0.47720027583263863, 0.47720027583263863, 0.47720027583263863, 0.47720027583263863, 0.47720027583263863, 0.47720027583263863, 0.47720027583263863, 0.47720027583263863, 0.47720027583263863]
Trust scores_s2 at iteration 19: [0.47720027583263863, 0.47720027583263863, 0.47720027583263863, 0.47720027583263863, 0.47720027583263863, 0.47720027583263863, 0.47720027583263863, 0.47720027583263863, 0.47720027583263863, 0.47720027583263863]
X.shape (10, 5)
s1 and s2 score at iteration 19
S_1 [1.0, 1.0, 1.0, 1.0, 1.0, 1.0, 1.0, 1.0, 1.0, 1.0]
S_2 [0.1, 0.1, 0.1, 0.1, 0.1, 0.1, 0.1, 0.1, 0.1, 0.1]
Trust scores at iteration 20: [0.0, 0.0, 0.0, 0.0, 0.0, 0.0, 0.0, 0.0, 0.0, 0.0]
Trust scores_s1 at iteration 20: [0.4806202344577428, 0.4806202344577428, 0.4806202344577428, 0.4806202344577428, 0.4806202344577428, 0.4806202344577428, 0.4806202344577428, 0.4806202344577428, 0.4806202344577428, 0.4806202344577428]
Trust scores_s2 at iteration 20: [0.4806202344577428, 0.4806202344577428, 0.4806202344577428, 0.4806202344577428, 0.4806202344577428, 0.4806202344577428, 0.4806202344577428, 0.4806202344577428, 0.4806202344577428, 0.4806202344577428]
X.shape (10, 5)
s1 and s2 score at iteration 20
S_1 [1.0, 1.0, 1.0, 1.0, 1.0, 1.0, 1.0, 1.0, 1.0, 1.0]
S_2 [0.1, 0.1, 0.1, 0.1, 0.1, 0.1, 0.1, 0.1, 0.1, 0.1]
Trust scores at iteration 21: [0.0, 0.0, 0.0, 0.0, 0.0, 0.0, 0.0, 0.0, 0.0, 0.0]
Trust scores_s1 at iteration 21: [0.4835271992890814, 0.4835271992890814, 0.4835271992890814, 0.4835271992890814, 0.4835271992890814, 0.4835271992890814, 0.4835271992890814, 0.4835271992890814, 0.4835271992890814, 0.4835271992890814]
Trust scores_s2 at iteration 21: [0.4835271992890814, 0.4835271992890814, 0.4835271992890814, 0.4835271992890814, 0.4835271992890814, 0.4835271992890814, 0.4835271992890814, 0.4835271992890814, 0.4835271992890814, 0.4835271992890814]
X.shape (10, 5)
s1 and s2 score at iteration 21
S_1 [1.0, 1.0, 1.0, 1.0, 1.0, 1.0, 1.0, 1.0, 1.0, 1.0]
S_2 [0.1, 0.1, 0.1, 0.1, 0.1, 0.1, 0.1, 0.1, 0.1, 0.1]
Trust scores at iteration 22: [0.0, 0.0, 0.0, 0.0, 0.0, 0.0, 0.0, 0.0, 0.0, 0.0]
Trust scores_s1 at iteration 22: [0.4859981193957192, 0.4859981193957192, 0.4859981193957192, 0.4859981193957192, 0.4859981193957192, 0.4859981193957192, 0.4859981193957192, 0.4859981193957192, 0.4859981193957192, 0.4859981193957192]
Trust scores_s2 at iteration 22: [0.4859981193957192, 0.4859981193957192, 0.4859981193957192, 0.4859981193957192, 0.4859981193957192, 0.4859981193957192, 0.4859981193957192, 0.4859981193957192, 0.4859981193957192, 0.4859981193957192]
X.shape (10, 5)
s1 and s2 score at iteration 22
S_1 [1.0, 1.0, 1.0, 1.0, 1.0, 1.0, 1.0, 1.0, 1.0, 1.0]
S_2 [0.1, 0.1, 0.1, 0.1, 0.1, 0.1, 0.1, 0.1, 0.1, 0.1]
Trust scores at iteration 23: [0.0, 0.0, 0.0, 0.0, 0.0, 0.0, 0.0, 0.0, 0.0, 0.0]
Trust scores_s1 at iteration 23: [0.4880984014863613, 0.4880984014863613, 0.4880984014863613, 0.4880984014863613, 0.4880984014863613, 0.4880984014863613, 0.4880984014863613, 0.4880984014863613, 0.4880984014863613, 0.4880984014863613]
Trust scores_s2 at iteration 23: [0.4880984014863613, 0.4880984014863613, 0.4880984014863613, 0.4880984014863613, 0.4880984014863613, 0.4880984014863613, 0.4880984014863613, 0.4880984014863613, 0.4880984014863613, 0.4880984014863613]
X.shape (10, 5)
s1 and s2 score at iteration 23
S_1 [0.9999999999999998, 0.9999999999999998, 0.9999999999999998, 0.9999999999999998, 0.9999999999999998, 0.9999999999999998, 0.9999999999999998, 0.9999999999999998, 0.9999999999999998, 0.9999999999999998]
S_2 [0.1, 0.1, 0.1, 0.1, 0.1, 0.1, 0.1, 0.1, 0.1, 0.1]
Trust scores at iteration 24: [0.0, 0.0, 0.0, 0.0, 0.0, 0.0, 0.0, 0.0, 0.0, 0.0]
Trust scores_s1 at iteration 24: [0.4898836412634071, 0.4898836412634071, 0.4898836412634071, 0.4898836412634071, 0.4898836412634071, 0.4898836412634071, 0.4898836412634071, 0.4898836412634071, 0.4898836412634071, 0.4898836412634071]
Trust scores_s2 at iteration 24: [0.4898836412634071, 0.4898836412634071, 0.4898836412634071, 0.4898836412634071, 0.4898836412634071, 0.4898836412634071, 0.4898836412634071, 0.4898836412634071, 0.4898836412634071, 0.4898836412634071]
X.shape (10, 5)
s1 and s2 score at iteration 24
S_1 [0.9999999999999998, 0.9999999999999998, 0.9999999999999998, 0.9999999999999998, 0.9999999999999998, 0.9999999999999998, 0.9999999999999998, 0.9999999999999998, 0.9999999999999998, 0.9999999999999998]
S_2 [0.1, 0.1, 0.1, 0.1, 0.1, 0.1, 0.1, 0.1, 0.1, 0.1]
Trust scores at iteration 25: [0.0, 0.0, 0.0, 0.0, 0.0, 0.0, 0.0, 0.0, 0.0, 0.0]
Trust scores_s1 at iteration 25: [0.49140109507389607, 0.49140109507389607, 0.49140109507389607, 0.49140109507389607, 0.49140109507389607, 0.49140109507389607, 0.49140109507389607, 0.49140109507389607, 0.49140109507389607, 0.49140109507389607]
Trust scores_s2 at iteration 25: [0.49140109507389607, 0.49140109507389607, 0.49140109507389607, 0.49140109507389607, 0.49140109507389607, 0.49140109507389607, 0.49140109507389607, 0.49140109507389607, 0.49140109507389607, 0.49140109507389607]
X.shape (10, 5)
s1 and s2 score at iteration 25
S_1 [1.0, 1.0, 1.0, 1.0, 1.0, 1.0, 1.0, 1.0, 1.0, 1.0]
S_2 [0.1, 0.1, 0.1, 0.1, 0.1, 0.1, 0.1, 0.1, 0.1, 0.1]
Trust scores at iteration 26: [0.0, 0.0, 0.0, 0.0, 0.0, 0.0, 0.0, 0.0, 0.0, 0.0]
Trust scores_s1 at iteration 26: [0.4926909308128117, 0.4926909308128117, 0.4926909308128117, 0.4926909308128117, 0.4926909308128117, 0.4926909308128117, 0.4926909308128117, 0.4926909308128117, 0.4926909308128117, 0.4926909308128117]
Trust scores_s2 at iteration 26: [0.4926909308128117, 0.4926909308128117, 0.4926909308128117, 0.4926909308128117, 0.4926909308128117, 0.4926909308128117, 0.4926909308128117, 0.4926909308128117, 0.4926909308128117, 0.4926909308128117]
X.shape (10, 5)
s1 and s2 score at iteration 26
S_1 [1.0, 1.0, 1.0, 1.0, 1.0, 1.0, 1.0, 1.0, 1.0, 1.0]
S_2 [0.1, 0.1, 0.1, 0.1, 0.1, 0.1, 0.1, 0.1, 0.1, 0.1]
Trust scores at iteration 27: [0.0, 0.0, 0.0, 0.0, 0.0, 0.0, 0.0, 0.0, 0.0, 0.0]
Trust scores_s1 at iteration 27: [0.49378729119088993, 0.49378729119088993, 0.49378729119088993, 0.49378729119088993, 0.49378729119088993, 0.49378729119088993, 0.49378729119088993, 0.49378729119088993, 0.49378729119088993, 0.49378729119088993]
Trust scores_s2 at iteration 27: [0.49378729119088993, 0.49378729119088993, 0.49378729119088993, 0.49378729119088993, 0.49378729119088993, 0.49378729119088993, 0.49378729119088993, 0.49378729119088993, 0.49378729119088993, 0.49378729119088993]
X.shape (10, 5)
s1 and s2 score at iteration 27
S_1 [1.0, 1.0, 1.0, 1.0, 1.0, 1.0, 1.0, 1.0, 1.0, 1.0]
S_2 [0.1, 0.1, 0.1, 0.1, 0.1, 0.1, 0.1, 0.1, 0.1, 0.1]
Trust scores at iteration 28: [0.0, 0.0, 0.0, 0.0, 0.0, 0.0, 0.0, 0.0, 0.0, 0.0]
Trust scores_s1 at iteration 28: [0.49471919751225646, 0.49471919751225646, 0.49471919751225646, 0.49471919751225646, 0.49471919751225646, 0.49471919751225646, 0.49471919751225646, 0.49471919751225646, 0.49471919751225646, 0.49471919751225646]
Trust scores_s2 at iteration 28: [0.49471919751225646, 0.49471919751225646, 0.49471919751225646, 0.49471919751225646, 0.49471919751225646, 0.49471919751225646, 0.49471919751225646, 0.49471919751225646, 0.49471919751225646, 0.49471919751225646]
X.shape (10, 5)
s1 and s2 score at iteration 28
S_1 [1.0, 1.0, 1.0, 1.0, 1.0, 1.0, 1.0, 1.0, 1.0, 1.0]
S_2 [0.1, 0.1, 0.1, 0.1, 0.1, 0.1, 0.1, 0.1, 0.1, 0.1]
Trust scores at iteration 29: [0.0, 0.0, 0.0, 0.0, 0.0, 0.0, 0.0, 0.0, 0.0, 0.0]
Trust scores_s1 at iteration 29: [0.49551131788541797, 0.49551131788541797, 0.49551131788541797, 0.49551131788541797, 0.49551131788541797, 0.49551131788541797, 0.49551131788541797, 0.49551131788541797, 0.49551131788541797, 0.49551131788541797]
Trust scores_s2 at iteration 29: [0.49551131788541797, 0.49551131788541797, 0.49551131788541797, 0.49551131788541797, 0.49551131788541797, 0.49551131788541797, 0.49551131788541797, 0.49551131788541797, 0.49551131788541797, 0.49551131788541797]
X.shape (10, 5)
s1 and s2 score at iteration 29
S_1 [1.0, 1.0, 1.0, 1.0, 1.0, 1.0, 1.0, 1.0, 1.0, 1.0]
S_2 [0.1, 0.1, 0.1, 0.1, 0.1, 0.1, 0.1, 0.1, 0.1, 0.1]
Trust scores at iteration 30: [0.0, 0.0, 0.0, 0.0, 0.0, 0.0, 0.0, 0.0, 0.0, 0.0]
Trust scores_s1 at iteration 30: [0.4961846202026053, 0.4961846202026053, 0.4961846202026053, 0.4961846202026053, 0.4961846202026053, 0.4961846202026053, 0.4961846202026053, 0.4961846202026053, 0.4961846202026053, 0.4961846202026053]
Trust scores_s2 at iteration 30: [0.4961846202026053, 0.4961846202026053, 0.4961846202026053, 0.4961846202026053, 0.4961846202026053, 0.4961846202026053, 0.4961846202026053, 0.4961846202026053, 0.4961846202026053, 0.4961846202026053]
X.shape (10, 5)
s1 and s2 score at iteration 30
S_1 [1.0, 1.0, 1.0, 1.0, 1.0, 1.0, 1.0, 1.0, 1.0, 1.0]
S_2 [0.1, 0.1, 0.1, 0.1, 0.1, 0.1, 0.1, 0.1, 0.1, 0.1]
Trust scores at iteration 31: [0.0, 0.0, 0.0, 0.0, 0.0, 0.0, 0.0, 0.0, 0.0, 0.0]
Trust scores_s1 at iteration 31: [0.4967569271722145, 0.4967569271722145, 0.4967569271722145, 0.4967569271722145, 0.4967569271722145, 0.4967569271722145, 0.4967569271722145, 0.4967569271722145, 0.4967569271722145, 0.4967569271722145]
Trust scores_s2 at iteration 31: [0.4967569271722145, 0.4967569271722145, 0.4967569271722145, 0.4967569271722145, 0.4967569271722145, 0.4967569271722145, 0.4967569271722145, 0.4967569271722145, 0.4967569271722145, 0.4967569271722145]
X.shape (10, 5)
s1 and s2 score at iteration 31
S_1 [1.0, 1.0, 1.0, 1.0, 1.0, 1.0, 1.0, 1.0, 1.0, 1.0]
S_2 [0.1, 0.1, 0.1, 0.1, 0.1, 0.1, 0.1, 0.1, 0.1, 0.1]
Trust scores at iteration 32: [0.0, 0.0, 0.0, 0.0, 0.0, 0.0, 0.0, 0.0, 0.0, 0.0]
Trust scores_s1 at iteration 32: [0.4972433880963823, 0.4972433880963823, 0.4972433880963823, 0.4972433880963823, 0.4972433880963823, 0.4972433880963823, 0.4972433880963823, 0.4972433880963823, 0.4972433880963823, 0.4972433880963823]
Trust scores_s2 at iteration 32: [0.4972433880963823, 0.4972433880963823, 0.4972433880963823, 0.4972433880963823, 0.4972433880963823, 0.4972433880963823, 0.4972433880963823, 0.4972433880963823, 0.4972433880963823, 0.4972433880963823]
X.shape (10, 5)
s1 and s2 score at iteration 32
S_1 [0.9999999999999998, 0.9999999999999998, 0.9999999999999998, 0.9999999999999998, 0.9999999999999998, 0.9999999999999998, 0.9999999999999998, 0.9999999999999998, 0.9999999999999998, 0.9999999999999998]
S_2 [0.1, 0.1, 0.1, 0.1, 0.1, 0.1, 0.1, 0.1, 0.1, 0.1]
Trust scores at iteration 33: [0.0, 0.0, 0.0, 0.0, 0.0, 0.0, 0.0, 0.0, 0.0, 0.0]
Trust scores_s1 at iteration 33: [0.497656879881925, 0.497656879881925, 0.497656879881925, 0.497656879881925, 0.497656879881925, 0.497656879881925, 0.497656879881925, 0.497656879881925, 0.497656879881925, 0.497656879881925]
Trust scores_s2 at iteration 33: [0.497656879881925, 0.497656879881925, 0.497656879881925, 0.497656879881925, 0.497656879881925, 0.497656879881925, 0.497656879881925, 0.497656879881925, 0.497656879881925, 0.497656879881925]
X.shape (10, 5)
s1 and s2 score at iteration 33
S_1 [1.0, 1.0, 1.0, 1.0, 1.0, 1.0, 1.0, 1.0, 1.0, 1.0]
S_2 [0.1, 0.1, 0.1, 0.1, 0.1, 0.1, 0.1, 0.1, 0.1, 0.1]
Trust scores at iteration 34: [0.0, 0.0, 0.0, 0.0, 0.0, 0.0, 0.0, 0.0, 0.0, 0.0]
Trust scores_s1 at iteration 34: [0.4980083478996362, 0.4980083478996362, 0.4980083478996362, 0.4980083478996362, 0.4980083478996362, 0.4980083478996362, 0.4980083478996362, 0.4980083478996362, 0.4980083478996362, 0.4980083478996362]
Trust scores_s2 at iteration 34: [0.4980083478996362, 0.4980083478996362, 0.4980083478996362, 0.4980083478996362, 0.4980083478996362, 0.4980083478996362, 0.4980083478996362, 0.4980083478996362, 0.4980083478996362, 0.4980083478996362]
X.shape (10, 5)
s1 and s2 score at iteration 34
S_1 [1.0, 1.0, 1.0, 1.0, 1.0, 1.0, 1.0, 1.0, 1.0, 1.0]
S_2 [0.1, 0.1, 0.1, 0.1, 0.1, 0.1, 0.1, 0.1, 0.1, 0.1]
Trust scores at iteration 35: [0.0, 0.0, 0.0, 0.0, 0.0, 0.0, 0.0, 0.0, 0.0, 0.0]
Trust scores_s1 at iteration 35: [0.4983070957146908, 0.4983070957146908, 0.4983070957146908, 0.4983070957146908, 0.4983070957146908, 0.4983070957146908, 0.4983070957146908, 0.4983070957146908, 0.4983070957146908, 0.4983070957146908]
Trust scores_s2 at iteration 35: [0.4983070957146908, 0.4983070957146908, 0.4983070957146908, 0.4983070957146908, 0.4983070957146908, 0.4983070957146908, 0.4983070957146908, 0.4983070957146908, 0.4983070957146908, 0.4983070957146908]
X.shape (10, 5)
s1 and s2 score at iteration 35
S_1 [0.9999999999999998, 0.9999999999999998, 0.9999999999999998, 0.9999999999999998, 0.9999999999999998, 0.9999999999999998, 0.9999999999999998, 0.9999999999999998, 0.9999999999999998, 0.9999999999999998]
S_2 [0.1, 0.1, 0.1, 0.1, 0.1, 0.1, 0.1, 0.1, 0.1, 0.1]
Trust scores at iteration 36: [0.0, 0.0, 0.0, 0.0, 0.0, 0.0, 0.0, 0.0, 0.0, 0.0]
Trust scores_s1 at iteration 36: [0.4985610313574872, 0.4985610313574872, 0.4985610313574872, 0.4985610313574872, 0.4985610313574872, 0.4985610313574872, 0.4985610313574872, 0.4985610313574872, 0.4985610313574872, 0.4985610313574872]
Trust scores_s2 at iteration 36: [0.4985610313574872, 0.4985610313574872, 0.4985610313574872, 0.4985610313574872, 0.4985610313574872, 0.4985610313574872, 0.4985610313574872, 0.4985610313574872, 0.4985610313574872, 0.4985610313574872]
X.shape (10, 5)
s1 and s2 score at iteration 36
S_1 [1.0, 1.0, 1.0, 1.0, 1.0, 1.0, 1.0, 1.0, 1.0, 1.0]
S_2 [0.1, 0.1, 0.1, 0.1, 0.1, 0.1, 0.1, 0.1, 0.1, 0.1]
Trust scores at iteration 37: [0.0, 0.0, 0.0, 0.0, 0.0, 0.0, 0.0, 0.0, 0.0, 0.0]
Trust scores_s1 at iteration 37: [0.4987768766538641, 0.4987768766538641, 0.4987768766538641, 0.4987768766538641, 0.4987768766538641, 0.4987768766538641, 0.4987768766538641, 0.4987768766538641, 0.4987768766538641, 0.4987768766538641]
Trust scores_s2 at iteration 37: [0.4987768766538641, 0.4987768766538641, 0.4987768766538641, 0.4987768766538641, 0.4987768766538641, 0.4987768766538641, 0.4987768766538641, 0.4987768766538641, 0.4987768766538641, 0.4987768766538641]
X.shape (10, 5)
s1 and s2 score at iteration 37
S_1 [1.0, 1.0, 1.0, 1.0, 1.0, 1.0, 1.0, 1.0, 1.0, 1.0]
S_2 [0.1, 0.1, 0.1, 0.1, 0.1, 0.1, 0.1, 0.1, 0.1, 0.1]
Trust scores at iteration 38: [0.0, 0.0, 0.0, 0.0, 0.0, 0.0, 0.0, 0.0, 0.0, 0.0]
Trust scores_s1 at iteration 38: [0.49896034515578447, 0.49896034515578447, 0.49896034515578447, 0.49896034515578447, 0.49896034515578447, 0.49896034515578447, 0.49896034515578447, 0.49896034515578447, 0.49896034515578447, 0.49896034515578447]
Trust scores_s2 at iteration 38: [0.49896034515578447, 0.49896034515578447, 0.49896034515578447, 0.49896034515578447, 0.49896034515578447, 0.49896034515578447, 0.49896034515578447, 0.49896034515578447, 0.49896034515578447, 0.49896034515578447]
X.shape (10, 5)
s1 and s2 score at iteration 38
S_1 [1.0, 1.0, 1.0, 1.0, 1.0, 1.0, 1.0, 1.0, 1.0, 1.0]
S_2 [0.1, 0.1, 0.1, 0.1, 0.1, 0.1, 0.1, 0.1, 0.1, 0.1]
Trust scores at iteration 39: [0.0, 0.0, 0.0, 0.0, 0.0, 0.0, 0.0, 0.0, 0.0, 0.0]
Trust scores_s1 at iteration 39: [0.4991162933824168, 0.4991162933824168, 0.4991162933824168, 0.4991162933824168, 0.4991162933824168, 0.4991162933824168, 0.4991162933824168, 0.4991162933824168, 0.4991162933824168, 0.4991162933824168]
Trust scores_s2 at iteration 39: [0.4991162933824168, 0.4991162933824168, 0.4991162933824168, 0.4991162933824168, 0.4991162933824168, 0.4991162933824168, 0.4991162933824168, 0.4991162933824168, 0.4991162933824168, 0.4991162933824168]
X.shape (10, 5)
s1 and s2 score at iteration 39
S_1 [1.0, 1.0, 1.0, 1.0, 1.0, 1.0, 1.0, 1.0, 1.0, 1.0]
S_2 [0.1, 0.1, 0.1, 0.1, 0.1, 0.1, 0.1, 0.1, 0.1, 0.1]
Trust scores at iteration 40: [0.0, 0.0, 0.0, 0.0, 0.0, 0.0, 0.0, 0.0, 0.0, 0.0]
Trust scores_s1 at iteration 40: [0.4992488493750543, 0.4992488493750543, 0.4992488493750543, 0.4992488493750543, 0.4992488493750543, 0.4992488493750543, 0.4992488493750543, 0.4992488493750543, 0.4992488493750543, 0.4992488493750543]
Trust scores_s2 at iteration 40: [0.4992488493750543, 0.4992488493750543, 0.4992488493750543, 0.4992488493750543, 0.4992488493750543, 0.4992488493750543, 0.4992488493750543, 0.4992488493750543, 0.4992488493750543, 0.4992488493750543]
X.shape (10, 5)
s1 and s2 score at iteration 40
S_1 [0.9999999999999998, 0.9999999999999998, 0.9999999999999998, 0.9999999999999998, 0.9999999999999998, 0.9999999999999998, 0.9999999999999998, 0.9999999999999998, 0.9999999999999998, 0.9999999999999998]
S_2 [0.1, 0.1, 0.1, 0.1, 0.1, 0.1, 0.1, 0.1, 0.1, 0.1]
Trust scores at iteration 41: [0.0, 0.0, 0.0, 0.0, 0.0, 0.0, 0.0, 0.0, 0.0, 0.0]
Trust scores_s1 at iteration 41: [0.4993615219687962, 0.4993615219687962, 0.4993615219687962, 0.4993615219687962, 0.4993615219687962, 0.4993615219687962, 0.4993615219687962, 0.4993615219687962, 0.4993615219687962, 0.4993615219687962]
Trust scores_s2 at iteration 41: [0.4993615219687962, 0.4993615219687962, 0.4993615219687962, 0.4993615219687962, 0.4993615219687962, 0.4993615219687962, 0.4993615219687962, 0.4993615219687962, 0.4993615219687962, 0.4993615219687962]
X.shape (10, 5)
s1 and s2 score at iteration 41
S_1 [1.0, 1.0, 1.0, 1.0, 1.0, 1.0, 1.0, 1.0, 1.0, 1.0]
S_2 [0.1, 0.1, 0.1, 0.1, 0.1, 0.1, 0.1, 0.1, 0.1, 0.1]
Trust scores at iteration 42: [0.0, 0.0, 0.0, 0.0, 0.0, 0.0, 0.0, 0.0, 0.0, 0.0]
Trust scores_s1 at iteration 42: [0.49945729367347674, 0.49945729367347674, 0.49945729367347674, 0.49945729367347674, 0.49945729367347674, 0.49945729367347674, 0.49945729367347674, 0.49945729367347674, 0.49945729367347674, 0.49945729367347674]
Trust scores_s2 at iteration 42: [0.49945729367347674, 0.49945729367347674, 0.49945729367347674, 0.49945729367347674, 0.49945729367347674, 0.49945729367347674, 0.49945729367347674, 0.49945729367347674, 0.49945729367347674, 0.49945729367347674]
X.shape (10, 5)
s1 and s2 score at iteration 42
S_1 [1.0, 1.0, 1.0, 1.0, 1.0, 1.0, 1.0, 1.0, 1.0, 1.0]
S_2 [0.1, 0.1, 0.1, 0.1, 0.1, 0.1, 0.1, 0.1, 0.1, 0.1]
Trust scores at iteration 43: [0.0, 0.0, 0.0, 0.0, 0.0, 0.0, 0.0, 0.0, 0.0, 0.0]
Trust scores_s1 at iteration 43: [0.49953869962245523, 0.49953869962245523, 0.49953869962245523, 0.49953869962245523, 0.49953869962245523, 0.49953869962245523, 0.49953869962245523, 0.49953869962245523, 0.49953869962245523, 0.49953869962245523]
Trust scores_s2 at iteration 43: [0.49953869962245523, 0.49953869962245523, 0.49953869962245523, 0.49953869962245523, 0.49953869962245523, 0.49953869962245523, 0.49953869962245523, 0.49953869962245523, 0.49953869962245523, 0.49953869962245523]
X.shape (10, 5)
s1 and s2 score at iteration 43
S_1 [1.0, 1.0, 1.0, 1.0, 1.0, 1.0, 1.0, 1.0, 1.0, 1.0]
S_2 [0.1, 0.1, 0.1, 0.1, 0.1, 0.1, 0.1, 0.1, 0.1, 0.1]
Trust scores at iteration 44: [0.0, 0.0, 0.0, 0.0, 0.0, 0.0, 0.0, 0.0, 0.0, 0.0]
Trust scores_s1 at iteration 44: [0.49960789467908695, 0.49960789467908695, 0.49960789467908695, 0.49960789467908695, 0.49960789467908695, 0.49960789467908695, 0.49960789467908695, 0.49960789467908695, 0.49960789467908695, 0.49960789467908695]
Trust scores_s2 at iteration 44: [0.49960789467908695, 0.49960789467908695, 0.49960789467908695, 0.49960789467908695, 0.49960789467908695, 0.49960789467908695, 0.49960789467908695, 0.49960789467908695, 0.49960789467908695, 0.49960789467908695]
X.shape (10, 5)
s1 and s2 score at iteration 44
S_1 [1.0, 1.0, 1.0, 1.0, 1.0, 1.0, 1.0, 1.0, 1.0, 1.0]
S_2 [0.1, 0.1, 0.1, 0.1, 0.1, 0.1, 0.1, 0.1, 0.1, 0.1]
Trust scores at iteration 45: [0.0, 0.0, 0.0, 0.0, 0.0, 0.0, 0.0, 0.0, 0.0, 0.0]
Trust scores_s1 at iteration 45: [0.4996667104772239, 0.4996667104772239, 0.4996667104772239, 0.4996667104772239, 0.4996667104772239, 0.4996667104772239, 0.4996667104772239, 0.4996667104772239, 0.4996667104772239, 0.4996667104772239]
Trust scores_s2 at iteration 45: [0.4996667104772239, 0.4996667104772239, 0.4996667104772239, 0.4996667104772239, 0.4996667104772239, 0.4996667104772239, 0.4996667104772239, 0.4996667104772239, 0.4996667104772239, 0.4996667104772239]
X.shape (10, 5)
s1 and s2 score at iteration 45
S_1 [1.0, 1.0, 1.0, 1.0, 1.0, 1.0, 1.0, 1.0, 1.0, 1.0]
S_2 [0.1, 0.1, 0.1, 0.1, 0.1, 0.1, 0.1, 0.1, 0.1, 0.1]
Trust scores at iteration 46: [0.0, 0.0, 0.0, 0.0, 0.0, 0.0, 0.0, 0.0, 0.0, 0.0]
Trust scores_s1 at iteration 46: [0.4997167039056403, 0.4997167039056403, 0.4997167039056403, 0.4997167039056403, 0.4997167039056403, 0.4997167039056403, 0.4997167039056403, 0.4997167039056403, 0.4997167039056403, 0.4997167039056403]
Trust scores_s2 at iteration 46: [0.4997167039056403, 0.4997167039056403, 0.4997167039056403, 0.4997167039056403, 0.4997167039056403, 0.4997167039056403, 0.4997167039056403, 0.4997167039056403, 0.4997167039056403, 0.4997167039056403]
X.shape (10, 5)
s1 and s2 score at iteration 46
S_1 [1.0, 1.0, 1.0, 1.0, 1.0, 1.0, 1.0, 1.0, 1.0, 1.0]
S_2 [0.1, 0.1, 0.1, 0.1, 0.1, 0.1, 0.1, 0.1, 0.1, 0.1]
Trust scores at iteration 47: [0.0, 0.0, 0.0, 0.0, 0.0, 0.0, 0.0, 0.0, 0.0, 0.0]
Trust scores_s1 at iteration 47: [0.49975919831979426, 0.49975919831979426, 0.49975919831979426, 0.49975919831979426, 0.49975919831979426, 0.49975919831979426, 0.49975919831979426, 0.49975919831979426, 0.49975919831979426, 0.49975919831979426]
Trust scores_s2 at iteration 47: [0.49975919831979426, 0.49975919831979426, 0.49975919831979426, 0.49975919831979426, 0.49975919831979426, 0.49975919831979426, 0.49975919831979426, 0.49975919831979426, 0.49975919831979426, 0.49975919831979426]
X.shape (10, 5)
s1 and s2 score at iteration 47
S_1 [1.0, 1.0, 1.0, 1.0, 1.0, 1.0, 1.0, 1.0, 1.0, 1.0]
S_2 [0.1, 0.1, 0.1, 0.1, 0.1, 0.1, 0.1, 0.1, 0.1, 0.1]
Trust scores at iteration 48: [0.0, 0.0, 0.0, 0.0, 0.0, 0.0, 0.0, 0.0, 0.0, 0.0]
Trust scores_s1 at iteration 48: [0.49979531857182513, 0.49979531857182513, 0.49979531857182513, 0.49979531857182513, 0.49979531857182513, 0.49979531857182513, 0.49979531857182513, 0.49979531857182513, 0.49979531857182513, 0.49979531857182513]
Trust scores_s2 at iteration 48: [0.49979531857182513, 0.49979531857182513, 0.49979531857182513, 0.49979531857182513, 0.49979531857182513, 0.49979531857182513, 0.49979531857182513, 0.49979531857182513, 0.49979531857182513, 0.49979531857182513]
X.shape (10, 5)
s1 and s2 score at iteration 48
S_1 [0.9999999999999998, 0.9999999999999998, 0.9999999999999998, 0.9999999999999998, 0.9999999999999998, 0.9999999999999998, 0.9999999999999998, 0.9999999999999998, 0.9999999999999998, 0.9999999999999998]
S_2 [0.1, 0.1, 0.1, 0.1, 0.1, 0.1, 0.1, 0.1, 0.1, 0.1]
Trust scores at iteration 49: [0.0, 0.0, 0.0, 0.0, 0.0, 0.0, 0.0, 0.0, 0.0, 0.0]
Trust scores_s1 at iteration 49: [0.4998260207860514, 0.4998260207860514, 0.4998260207860514, 0.4998260207860514, 0.4998260207860514, 0.4998260207860514, 0.4998260207860514, 0.4998260207860514, 0.4998260207860514, 0.4998260207860514]
Trust scores_s2 at iteration 49: [0.4998260207860514, 0.4998260207860514, 0.4998260207860514, 0.4998260207860514, 0.4998260207860514, 0.4998260207860514, 0.4998260207860514, 0.4998260207860514, 0.4998260207860514, 0.4998260207860514]
X.shape (10, 5)
s1 and s2 score at iteration 49
S_1 [0.9999999999999998, 0.9999999999999998, 0.9999999999999998, 0.9999999999999998, 0.9999999999999998, 0.9999999999999998, 0.9999999999999998, 0.9999999999999998, 0.9999999999999998, 0.9999999999999998]
S_2 [0.1, 0.1, 0.1, 0.1, 0.1, 0.1, 0.1, 0.1, 0.1, 0.1]
Trust scores at iteration 50: [0.0, 0.0, 0.0, 0.0, 0.0, 0.0, 0.0, 0.0, 0.0, 0.0]
Trust scores_s1 at iteration 50: [0.4998521176681437, 0.4998521176681437, 0.4998521176681437, 0.4998521176681437, 0.4998521176681437, 0.4998521176681437, 0.4998521176681437, 0.4998521176681437, 0.4998521176681437, 0.4998521176681437]
Trust scores_s2 at iteration 50: [0.4998521176681437, 0.4998521176681437, 0.4998521176681437, 0.4998521176681437, 0.4998521176681437, 0.4998521176681437, 0.4998521176681437, 0.4998521176681437, 0.4998521176681437, 0.4998521176681437]
X.shape (10, 5)
s1 and s2 score at iteration 50
S_1 [1.0, 1.0, 1.0, 1.0, 1.0, 1.0, 1.0, 1.0, 1.0, 1.0]
S_2 [0.1, 0.1, 0.1, 0.1, 0.1, 0.1, 0.1, 0.1, 0.1, 0.1]
Trust scores at iteration 51: [0.0, 0.0, 0.0, 0.0, 0.0, 0.0, 0.0, 0.0, 0.0, 0.0]
Trust scores_s1 at iteration 51: [0.49987430001792216, 0.49987430001792216, 0.49987430001792216, 0.49987430001792216, 0.49987430001792216, 0.49987430001792216, 0.49987430001792216, 0.49987430001792216, 0.49987430001792216, 0.49987430001792216]
Trust scores_s2 at iteration 51: [0.49987430001792216, 0.49987430001792216, 0.49987430001792216, 0.49987430001792216, 0.49987430001792216, 0.49987430001792216, 0.49987430001792216, 0.49987430001792216, 0.49987430001792216, 0.49987430001792216]
X.shape (10, 5)
s1 and s2 score at iteration 51
S_1 [1.0, 1.0, 1.0, 1.0, 1.0, 1.0, 1.0, 1.0, 1.0, 1.0]
S_2 [0.1, 0.1, 0.1, 0.1, 0.1, 0.1, 0.1, 0.1, 0.1, 0.1]
Trust scores at iteration 52: [0.0, 0.0, 0.0, 0.0, 0.0, 0.0, 0.0, 0.0, 0.0, 0.0]
Trust scores_s1 at iteration 52: [0.49989315501523385, 0.49989315501523385, 0.49989315501523385, 0.49989315501523385, 0.49989315501523385, 0.49989315501523385, 0.49989315501523385, 0.49989315501523385, 0.49989315501523385, 0.49989315501523385]
Trust scores_s2 at iteration 52: [0.49989315501523385, 0.49989315501523385, 0.49989315501523385, 0.49989315501523385, 0.49989315501523385, 0.49989315501523385, 0.49989315501523385, 0.49989315501523385, 0.49989315501523385, 0.49989315501523385]
X.shape (10, 5)
s1 and s2 score at iteration 52
S_1 [0.9999999999999998, 0.9999999999999998, 0.9999999999999998, 0.9999999999999998, 0.9999999999999998, 0.9999999999999998, 0.9999999999999998, 0.9999999999999998, 0.9999999999999998, 0.9999999999999998]
S_2 [0.1, 0.1, 0.1, 0.1, 0.1, 0.1, 0.1, 0.1, 0.1, 0.1]
Trust scores at iteration 53: [0.0, 0.0, 0.0, 0.0, 0.0, 0.0, 0.0, 0.0, 0.0, 0.0]
Trust scores_s1 at iteration 53: [0.4999091817629488, 0.4999091817629488, 0.4999091817629488, 0.4999091817629488, 0.4999091817629488, 0.4999091817629488, 0.4999091817629488, 0.4999091817629488, 0.4999091817629488, 0.4999091817629488]
Trust scores_s2 at iteration 53: [0.4999091817629488, 0.4999091817629488, 0.4999091817629488, 0.4999091817629488, 0.4999091817629488, 0.4999091817629488, 0.4999091817629488, 0.4999091817629488, 0.4999091817629488, 0.4999091817629488]
X.shape (10, 5)
s1 and s2 score at iteration 53
S_1 [1.0, 1.0, 1.0, 1.0, 1.0, 1.0, 1.0, 1.0, 1.0, 1.0]
S_2 [0.1, 0.1, 0.1, 0.1, 0.1, 0.1, 0.1, 0.1, 0.1, 0.1]
Trust scores at iteration 54: [0.0, 0.0, 0.0, 0.0, 0.0, 0.0, 0.0, 0.0, 0.0, 0.0]
Trust scores_s1 at iteration 54: [0.49992280449850646, 0.49992280449850646, 0.49992280449850646, 0.49992280449850646, 0.49992280449850646, 0.49992280449850646, 0.49992280449850646, 0.49992280449850646, 0.49992280449850646, 0.49992280449850646]
Trust scores_s2 at iteration 54: [0.49992280449850646, 0.49992280449850646, 0.49992280449850646, 0.49992280449850646, 0.49992280449850646, 0.49992280449850646, 0.49992280449850646, 0.49992280449850646, 0.49992280449850646, 0.49992280449850646]
X.shape (10, 5)
s1 and s2 score at iteration 54
S_1 [1.0, 1.0, 1.0, 1.0, 1.0, 1.0, 1.0, 1.0, 1.0, 1.0]
S_2 [0.1, 0.1, 0.1, 0.1, 0.1, 0.1, 0.1, 0.1, 0.1, 0.1]
Trust scores at iteration 55: [0.0, 0.0, 0.0, 0.0, 0.0, 0.0, 0.0, 0.0, 0.0, 0.0]
Trust scores_s1 at iteration 55: [0.4999343838237305, 0.4999343838237305, 0.4999343838237305, 0.4999343838237305, 0.4999343838237305, 0.4999343838237305, 0.4999343838237305, 0.4999343838237305, 0.4999343838237305, 0.4999343838237305]
Trust scores_s2 at iteration 55: [0.4999343838237305, 0.4999343838237305, 0.4999343838237305, 0.4999343838237305, 0.4999343838237305, 0.4999343838237305, 0.4999343838237305, 0.4999343838237305, 0.4999343838237305, 0.4999343838237305]
X.shape (10, 5)
s1 and s2 score at iteration 55
S_1 [0.9999999999999998, 0.9999999999999998, 0.9999999999999998, 0.9999999999999998, 0.9999999999999998, 0.9999999999999998, 0.9999999999999998, 0.9999999999999998, 0.9999999999999998, 0.9999999999999998]
S_2 [0.1, 0.1, 0.1, 0.1, 0.1, 0.1, 0.1, 0.1, 0.1, 0.1]
Trust scores at iteration 56: [0.0, 0.0, 0.0, 0.0, 0.0, 0.0, 0.0, 0.0, 0.0, 0.0]
Trust scores_s1 at iteration 56: [0.49994422625017093, 0.49994422625017093, 0.49994422625017093, 0.49994422625017093, 0.49994422625017093, 0.49994422625017093, 0.49994422625017093, 0.49994422625017093, 0.49994422625017093, 0.49994422625017093]
Trust scores_s2 at iteration 56: [0.49994422625017093, 0.49994422625017093, 0.49994422625017093, 0.49994422625017093, 0.49994422625017093, 0.49994422625017093, 0.49994422625017093, 0.49994422625017093, 0.49994422625017093, 0.49994422625017093]
X.shape (10, 5)
s1 and s2 score at iteration 56
S_1 [1.0, 1.0, 1.0, 1.0, 1.0, 1.0, 1.0, 1.0, 1.0, 1.0]
S_2 [0.1, 0.1, 0.1, 0.1, 0.1, 0.1, 0.1, 0.1, 0.1, 0.1]
Trust scores at iteration 57: [0.0, 0.0, 0.0, 0.0, 0.0, 0.0, 0.0, 0.0, 0.0, 0.0]
Trust scores_s1 at iteration 57: [0.49995259231264527, 0.49995259231264527, 0.49995259231264527, 0.49995259231264527, 0.49995259231264527, 0.49995259231264527, 0.49995259231264527, 0.49995259231264527, 0.49995259231264527, 0.49995259231264527]
Trust scores_s2 at iteration 57: [0.49995259231264527, 0.49995259231264527, 0.49995259231264527, 0.49995259231264527, 0.49995259231264527, 0.49995259231264527, 0.49995259231264527, 0.49995259231264527, 0.49995259231264527, 0.49995259231264527]
X.shape (10, 5)
s1 and s2 score at iteration 57
S_1 [0.9999999999999998, 0.9999999999999998, 0.9999999999999998, 0.9999999999999998, 0.9999999999999998, 0.9999999999999998, 0.9999999999999998, 0.9999999999999998, 0.9999999999999998, 0.9999999999999998]
S_2 [0.1, 0.1, 0.1, 0.1, 0.1, 0.1, 0.1, 0.1, 0.1, 0.1]
Trust scores at iteration 58: [0.0, 0.0, 0.0, 0.0, 0.0, 0.0, 0.0, 0.0, 0.0, 0.0]
Trust scores_s1 at iteration 58: [0.4999597034657485, 0.4999597034657485, 0.4999597034657485, 0.4999597034657485, 0.4999597034657485, 0.4999597034657485, 0.4999597034657485, 0.4999597034657485, 0.4999597034657485, 0.4999597034657485]
Trust scores_s2 at iteration 58: [0.4999597034657485, 0.4999597034657485, 0.4999597034657485, 0.4999597034657485, 0.4999597034657485, 0.4999597034657485, 0.4999597034657485, 0.4999597034657485, 0.4999597034657485, 0.4999597034657485]
X.shape (10, 5)
s1 and s2 score at iteration 58
S_1 [1.0, 1.0, 1.0, 1.0, 1.0, 1.0, 1.0, 1.0, 1.0, 1.0]
S_2 [0.1, 0.1, 0.1, 0.1, 0.1, 0.1, 0.1, 0.1, 0.1, 0.1]
Trust scores at iteration 59: [0.0, 0.0, 0.0, 0.0, 0.0, 0.0, 0.0, 0.0, 0.0, 0.0]
Trust scores_s1 at iteration 59: [0.4999657479458862, 0.4999657479458862, 0.4999657479458862, 0.4999657479458862, 0.4999657479458862, 0.4999657479458862, 0.4999657479458862, 0.4999657479458862, 0.4999657479458862, 0.4999657479458862]
Trust scores_s2 at iteration 59: [0.4999657479458862, 0.4999657479458862, 0.4999657479458862, 0.4999657479458862, 0.4999657479458862, 0.4999657479458862, 0.4999657479458862, 0.4999657479458862, 0.4999657479458862, 0.4999657479458862]
X.shape (10, 5)
s1 and s2 score at iteration 59
S_1 [1.0, 1.0, 1.0, 1.0, 1.0, 1.0, 1.0, 1.0, 1.0, 1.0]
S_2 [0.1, 0.1, 0.1, 0.1, 0.1, 0.1, 0.1, 0.1, 0.1, 0.1]
Trust scores at iteration 60: [0.0, 0.0, 0.0, 0.0, 0.0, 0.0, 0.0, 0.0, 0.0, 0.0]
Trust scores_s1 at iteration 60: [0.4999708857540033, 0.4999708857540033, 0.4999708857540033, 0.4999708857540033, 0.4999708857540033, 0.4999708857540033, 0.4999708857540033, 0.4999708857540033, 0.4999708857540033, 0.4999708857540033]
Trust scores_s2 at iteration 60: [0.4999708857540033, 0.4999708857540033, 0.4999708857540033, 0.4999708857540033, 0.4999708857540033, 0.4999708857540033, 0.4999708857540033, 0.4999708857540033, 0.4999708857540033, 0.4999708857540033]
X.shape (10, 5)
s1 and s2 score at iteration 60
S_1 [0.47619522755103993, 0.47619522755103993, 0.47619522755103993, 0.47619522755103993, 0.47619522755103993, 0.3718236781632115, 0.3718236781632115, 0.3718236781632115, 0.23641528938037007, 0.4850269850763927]
S_2 [0.2, 0.2, 0.2, 0.2, 0.2, 0.2, 0.2, 0.2, 0.2, 0.2]
Trust scores at iteration 61: [-0.0027313194308029314, -0.0027313194308029314, -0.0027313194308029314, -0.0027313194308029314, -0.0027313194308029314, -0.03500938413623053, -0.03500938413623053, -0.03500938413623053, -0.07688593728146874, 0.0]
Trust scores_s1 at iteration 61: [0.4986095931755013, 0.4986095931755013, 0.4986095931755013, 0.4986095931755013, 0.4986095931755013, 0.4824705608227875, 0.4824705608227875, 0.4824705608227875, 0.4615322842501684, 0.4999752528909028]
Trust scores_s2 at iteration 61: [0.4999752528909028, 0.4999752528909028, 0.4999752528909028, 0.4999752528909028, 0.4999752528909028, 0.4999752528909028, 0.4999752528909028, 0.4999752528909028, 0.4999752528909028, 0.4999752528909028]
X.shape (10, 5)
s1 and s2 score at iteration 61
S_1 [0.13160985611934095, 0.13160985611934095, 0.13160985611934095, 0.13160985611934095, 0.13160985611934095, -0.06546703552990343, -0.06546703552990343, -0.06546703552990343, -0.16321021828765725, 0.09191701975968308]
S_2 [0.2, 0.2, 0.2, 0.2, 0.2, 0.25, 0.25, 0.25, 0.5, 0.25]
Trust scores at iteration 62: [0.08767837848381752, 0.08767837848381752, 0.08767837848381752, 0.08767837848381752, 0.08767837848381752, -0.1793728694960064, -0.1793728694960064, -0.1793728694960064, -0.4013689991795336, 0.029760793533960033]
Trust scores_s1 at iteration 62: [0.4988181541991761, 0.4988181541991761, 0.4988181541991761, 0.4988181541991761, 0.4988181541991761, 0.3727925302092642, 0.3727925302092642, 0.3727925302092642, 0.29929446536750054, 0.47735936172424737]
Trust scores_s2 at iteration 62: [0.45497896495726736, 0.45497896495726736, 0.45497896495726736, 0.45497896495726736, 0.45497896495726736, 0.46247896495726737, 0.46247896495726737, 0.46247896495726737, 0.49997896495726735, 0.46247896495726737]
X.shape (10, 5)
s1 and s2 score at iteration 62
S_1 [0.29447251399574814, 0.29447251399574814, 0.29447251399574814, 0.29447251399574814, 0.29447251399574814, 0.15171381898991687, 0.15171381898991687, 0.15171381898991687, 0.0660110309898822, 0.36298981266986874]
S_2 [0.2, 0.2, 0.2, 0.2, 0.2, 0.2, 0.2, 0.2, 0.2, 0.2]
Trust scores at iteration 63: [0.04621289377071633, 0.04621289377071633, 0.04621289377071633, 0.04621289377071633, 0.04621289377071633, -0.23977351888687815, -0.23977351888687815, -0.23977351888687815, -0.46388559823099496, 0.025296674503866027]
Trust scores_s1 at iteration 63: [0.4848385670990354, 0.4848385670990354, 0.4848385670990354, 0.4848385670990354, 0.4848385670990354, 0.3482203607702382, 0.3482203607702382, 0.3482203607702382, 0.2680393210981798, 0.48075545746561027]
Trust scores_s2 at iteration 63: [0.46173212021367727, 0.46173212021367727, 0.46173212021367727, 0.46173212021367727, 0.46173212021367727, 0.4681071202136773, 0.4681071202136773, 0.4681071202136773, 0.4999821202136773, 0.4681071202136773]
X.shape (10, 5)
s1 and s2 score at iteration 63
S_1 [0.44949238308449707, 0.44949238308449707, 0.44949238308449707, 0.44949238308449707, 0.44949238308449707, 0.4454203638277816, 0.4454203638277816, 0.4454203638277816, 0.03367948851943073, 0.5325594799746103]
S_2 [0.2, 0.2, 0.2, 0.2, 0.2, 0.2, 0.2, 0.2, 0.2, 0.2]
Trust scores at iteration 64: [0.01588439086718112, 0.01588439086718112, 0.01588439086718112, 0.01588439086718112, 0.01588439086718112, -0.22835097945939964, -0.22835097945939964, -0.22835097945939964, -0.5348166382264457, 0.021502173328286123]
Trust scores_s1 at iteration 64: [0.4754144976152162, 0.4754144976152162, 0.4754144976152162, 0.4754144976152162, 0.4754144976152162, 0.3587155624519259, 0.3587155624519259, 0.3587155624519259, 0.23257648306840287, 0.48364213884576873]
Trust scores_s2 at iteration 64: [0.46747230218162567, 0.46747230218162567, 0.46747230218162567, 0.46747230218162567, 0.46747230218162567, 0.4728910521816257, 0.4728910521816257, 0.4728910521816257, 0.49998480218162566, 0.4728910521816257]
X.shape (10, 5)
s1 and s2 score at iteration 64
S_1 [0.2946290257076054, 0.2946290257076054, 0.2946290257076054, 0.2946290257076054, 0.2946290257076054, -0.213920639559163, -0.213920639559163, -0.213920639559163, -0.12438603479127638, 0.14568683979575248]
S_2 [0.16666666666666666, 0.16666666666666666, 0.16666666666666666, 0.16666666666666666, 0.16666666666666666, 0.3333333333333333, 0.3333333333333333, 0.3333333333333333, 0.5, 0.16666666666666666]
Trust scores at iteration 65: [0.11350173223710397, 0.11350173223710397, 0.11350173223710397, 0.11350173223710397, 0.11350173223710397, -0.4030084979826386, -0.4030084979826386, -0.4030084979826386, -0.6679209147746092, 0.04244817487180258]
Trust scores_s1 at iteration 65: [0.47910232297293376, 0.47910232297293376, 0.47910232297293376, 0.47910232297293376, 0.47910232297293376, 0.2504531453630625, 0.2504531453630625, 0.2504531453630625, 0.16602662446707725, 0.4481814817902831]
Trust scores_s2 at iteration 65: [0.4223514568543818, 0.4223514568543818, 0.4223514568543818, 0.4223514568543818, 0.4223514568543818, 0.4519573943543818, 0.4519573943543818, 0.4519573943543818, 0.49998708185438184, 0.42695739435438185]
X.shape (10, 5)
s1 and s2 score at iteration 65
S_1 [0.41243569004051744, 0.41243569004051744, 0.41243569004051744, 0.41243569004051744, 0.41243569004051744, 0.40039919686631137, 0.40039919686631137, 0.40039919686631137, -0.23718646981975422, 0.026708097147414622]
S_2 [0.2, 0.2, 0.2, 0.2, 0.2, 0.3333333333333333, 0.3333333333333333, 0.3333333333333333, 0.5, 0.5]
Trust scores at iteration 66: [0.18647647240153836, 0.18647647240153836, 0.18647647240153836, 0.18647647240153836, 0.18647647240153836, -0.2969348123730192, -0.2969348123730192, -0.2969348123730192, -0.8039958516135948, -0.10420550166175654]
Trust scores_s1 at iteration 66: [0.4822369745269937, 0.4822369745269937, 0.4822369745269937, 0.4822369745269937, 0.4822369745269937, 0.2856963790147149, 0.2856963790147149, 0.2856963790147149, 0.09799109376942719, 0.38581103437034625]
Trust scores_s2 at iteration 66: [0.38899873832622456, 0.38899873832622456, 0.38899873832622456, 0.38899873832622456, 0.38899873832622456, 0.4341637852012245, 0.4341637852012245, 0.4341637852012245, 0.49998901957622455, 0.4379137852012246]
X.shape (10, 5)
s1 and s2 score at iteration 66
S_1 [0.6398129206853453, 0.6398129206853453, 0.6398129206853453, 0.6398129206853453, 0.6398129206853453, 0.6042439686719164, 0.6042439686719164, 0.6042439686719164, -0.6605247651882614, -0.18260876380204719]
S_2 [0.125, 0.125, 0.125, 0.125, 0.125, 0.125, 0.125, 0.125, 0.5, 0.5]
Trust scores at iteration 67: [0.27100500154130763, 0.27100500154130763, 0.27100500154130763, 0.27100500154130763, 0.27100500154130763, -0.14823350120411416, -0.14823350120411416, -0.14823350120411416, -0.9882522318204722, -0.28138611970276994]
Trust scores_s1 at iteration 67: [0.48490142834794464, 0.48490142834794464, 0.48490142834794464, 0.48490142834794464, 0.48490142834794464, 0.31367246681898375, 0.31367246681898375, 0.31367246681898375, 0.005864550729554802, 0.3065336575696559]
Trust scores_s2 at iteration 67: [0.34939892757729085, 0.34939892757729085, 0.34939892757729085, 0.34939892757729085, 0.34939892757729085, 0.38778921742104083, 0.38778921742104083, 0.38778921742104083, 0.49999066663979086, 0.4472267174210409]
X.shape (10, 5)
s1 and s2 score at iteration 67
S_1 [0.4518850621379272, 0.4518850621379272, 0.4518850621379272, 0.4518850621379272, 0.4518850621379272, 0.4270270322722255, 0.4270270322722255, 0.4270270322722255, -0.7063650903322359, -0.48532331120610817]
S_2 [0.125, 0.125, 0.125, 0.125, 0.125, 0.125, 0.125, 0.125, 0.5, 0.5]
Trust scores at iteration 68: [0.3428542513101115, 0.3428542513101115, 0.3428542513101115, 0.3428542513101115, 0.3428542513101115, -0.021749920455437888, -0.021749920455437888, -0.021749920455437888, -1.224487214202608, -0.5502777883026104]
Trust scores_s1 at iteration 68: [0.48716621409575295, 0.48716621409575295, 0.48716621409575295, 0.48716621409575295, 0.48716621409575295, 0.3374958745801657, 0.3374958745801657, 0.3374958745801657, -0.11225154045748176, 0.18000381565657947]
Trust scores_s2 at iteration 68: [0.3157390884406972, 0.3157390884406972, 0.3157390884406972, 0.3157390884406972, 0.3157390884406972, 0.34837083480788467, 0.34837083480788467, 0.34837083480788467, 0.49999206664382223, 0.4551427098078848]
X.shape (10, 5)
s1 and s2 score at iteration 68
S_1 [0.6232512249019183, 0.6232512249019183, 0.6232512249019183, 0.6232512249019183, 0.6232512249019183, 0.5243024699672437, 0.5243024699672437, 0.5243024699672437, -0.2185760466876789, 0.31281840350807616]
S_2 [0.125, 0.125, 0.125, 0.125, 0.125, 0.125, 0.125, 0.125, 0.5, 0.5]
Trust scores at iteration 69: [0.40392611361359476, 0.40392611361359476, 0.40392611361359476, 0.40392611361359476, 0.40392611361359476, 0.07019823296389748, 0.07019823296389748, 0.07019823296389748, -1.2434195754202206, -0.5424490469614609]
Trust scores_s1 at iteration 69: [0.48909128198139, 0.48909128198139, 0.48909128198139, 0.48909128198139, 0.48909128198139, 0.3499643260686507, 0.3499643260686507, 0.3499643260686507, -0.12171653106286139, 0.19064677985597153]
Trust scores_s2 at iteration 69: [0.2871282251745926, 0.2871282251745926, 0.2871282251745926, 0.2871282251745926, 0.2871282251745926, 0.31486520958670194, 0.31486520958670194, 0.31486520958670194, 0.4999932566472489, 0.46187130333670207]
X.shape (10, 5)
s1 and s2 score at iteration 69
S_1 [0.12785249490258052, 0.12785249490258052, 0.12785249490258052, 0.12785249490258052, 0.12785249490258052, 0.028233994830120537, 0.028233994830120537, 0.028233994830120537, -0.3490648867648561, -0.09348400920572361]
S_2 [0.2, 0.2, 0.2, 0.2, 0.2, 0.3333333333333333, 0.3333333333333333, 0.3333333333333333, 0.5, 0.5]
Trust scores at iteration 70: [0.43333719657155556, 0.43333719657155556, 0.43333719657155556, 0.43333719657155556, 0.43333719657155556, -0.007206616715482984, -0.007206616715482984, -0.007206616715482984, -1.6164389916406665, -0.7207596542897268]
Trust scores_s1 at iteration 70: [0.4907275896841815, 0.4907275896841815, 0.4907275896841815, 0.4907275896841815, 0.4907275896841815, 0.3140321197909552, 0.3140321197909552, 0.3140321197909552, -0.3082252276701716, 0.10721078069133332]
Trust scores_s2 at iteration 70: [0.2740589913984037, 0.2740589913984037, 0.2740589913984037, 0.2740589913984037, 0.2740589913984037, 0.3176354281486966, 0.3176354281486966, 0.3176354281486966, 0.49999426815016157, 0.46759060783619677]
X.shape (10, 5)
s1 and s2 score at iteration 70
S_1 [0.09695731981650883, 0.09695731981650883, 0.09695731981650883, 0.09695731981650883, 0.09695731981650883, -0.03656483034541626, -0.03656483034541626, -0.03656483034541626, -0.21891730380941032, 0.078844846387454]
S_2 [0.2, 0.2, 0.2, 0.2, 0.2, 0.2, 0.2, 0.2, 0.2, 0.2]
Trust scores at iteration 71: [0.3683366170858222, 0.3683366170858222, 0.3683366170858222, 0.3683366170858222, 0.3683366170858222, -0.2126940665103225, -0.2126940665103225, -0.2126940665103225, -1.8626540762532497, -0.6406670151046826]
Trust scores_s1 at iteration 71: [0.4921184512315543, 0.4921184512315543, 0.4921184512315543, 0.4921184512315543, 0.4921184512315543, 0.23864308067123094, 0.23864308067123094, 0.23864308067123094, -0.4313319101989874, 0.15211850910842595]
Trust scores_s2 at iteration 71: [0.3079501426886431, 0.3079501426886431, 0.3079501426886431, 0.3079501426886431, 0.3079501426886431, 0.3449901139263921, 0.3449901139263921, 0.3449901139263921, 0.49999512792763734, 0.47245201666076725]
X.shape (10, 5)
s1 and s2 score at iteration 71
S_1 [0.38784976053027975, 0.38784976053027975, 0.38784976053027975, 0.38784976053027975, 0.38784976053027975, 0.2551944505483492, 0.2551944505483492, 0.2551944505483492, -0.493695141076223, -0.34029203947450504]
S_2 [0.2, 0.2, 0.2, 0.2, 0.2, 0.3333333333333333, 0.3333333333333333, 0.3333333333333333, 0.5, 0.5]
Trust scores at iteration 72: [0.4030861245229489, 0.4030861245229489, 0.4030861245229489, 0.4030861245229489, 0.4030861245229489, -0.18209409159391707, -0.18209409159391707, -0.18209409159391707, -1.9241914215245413, -0.8261741239505074]
Trust scores_s1 at iteration 72: [0.49330068354682116, 0.49330068354682116, 0.49330068354682116, 0.49330068354682116, 0.49330068354682116, 0.2521945510404748, 0.2521945510404748, 0.2521945510404748, -0.4620998520237788, 0.06349715218639847]
Trust scores_s2 at iteration 72: [0.29175762128534666, 0.29175762128534666, 0.29175762128534666, 0.29175762128534666, 0.29175762128534666, 0.34324159683743327, 0.34324159683743327, 0.34324159683743327, 0.4999958587384917, 0.47658421416165214]
X.shape (10, 5)
s1 and s2 score at iteration 72
S_1 [0.07641669517289412, 0.07641669517289412, 0.07641669517289412, 0.07641669517289412, 0.07641669517289412, 0.04797401508449146, 0.04797401508449146, 0.04797401508449146, 0.077674337421732, -0.2408194706728309]
S_2 [0.2, 0.2, 0.2, 0.2, 0.2, 0.2, 0.2, 0.2, 0.2, 0.2]
Trust scores at iteration 73: [0.3401945229154018, 0.3401945229154018, 0.3401945229154018, 0.3401945229154018, 0.3401945229154018, -0.2121354506977769, -0.2121354506977769, -0.2121354506977769, -1.63556270829586, -1.3173040560429294]
Trust scores_s1 at iteration 73: [0.4930912395502456, 0.4930912395502456, 0.4930912395502456, 0.4930912395502456, 0.4930912395502456, 0.2606876319629299, 0.2606876319629299, 0.2606876319629299, -0.31778487422021195, -0.17855544598406034]
Trust scores_s2 at iteration 73: [0.32299397809254465, 0.32299397809254465, 0.32299397809254465, 0.32299397809254465, 0.32299397809254465, 0.3667553573118183, 0.3667553573118183, 0.3667553573118183, 0.49999647992771795, 0.4800965820374043]
X.shape (10, 5)
s1 and s2 score at iteration 73
S_1 [0.1212458320107516, 0.1212458320107516, 0.1212458320107516, 0.1212458320107516, 0.1212458320107516, -0.09641245464069269, -0.09641245464069269, -0.09641245464069269, -0.3844046587724683, -0.3221044747890334]
S_2 [0.2, 0.2, 0.2, 0.2, 0.2, 0.3333333333333333, 0.3333333333333333, 0.3333333333333333, 0.5, 0.5]
Trust scores at iteration 74: [0.3791653444780916, 0.3791653444780916, 0.3791653444780916, 0.3791653444780916, 0.3791653444780916, -0.3995923730300798, -0.3995923730300798, -0.3995923730300798, -2.0157968049816035, -1.668201908542186]
Trust scores_s1 at iteration 74: [0.49412755361770877, 0.49412755361770877, 0.49412755361770877, 0.49412755361770877, 0.49412755361770877, 0.16194586720000567, 0.16194586720000567, 0.16194586720000567, -0.5079013945522414, -0.35101885953929923]
Trust scores_s2 at iteration 74: [0.304544881378663, 0.304544881378663, 0.304544881378663, 0.304544881378663, 0.304544881378663, 0.36174205371504553, 0.36174205371504553, 0.36174205371504553, 0.4999970079385603, 0.48308209473179364]
X.shape (10, 5)
s1 and s2 score at iteration 74
S_1 [0.5622933672573391, 0.5622933672573391, 0.5622933672573391, 0.5622933672573391, 0.5622933672573391, 0.3399344027827125, 0.3399344027827125, 0.3399344027827125, -0.5039697544017012, -0.007810833976261786]
S_2 [0.125, 0.125, 0.125, 0.125, 0.125, 0.125, 0.125, 0.125, 0.5, 0.5]
Trust scores at iteration 75: [0.43479054280637786, 0.43479054280637786, 0.43479054280637786, 0.43479054280637786, 0.43479054280637786, -0.2864710310520919, -0.2864710310520919, -0.2864710310520919, -1.9978686053706627, -1.5700552767456228]
Trust scores_s1 at iteration 75: [0.49500842057505245, 0.49500842057505245, 0.49500842057505245, 0.49500842057505245, 0.49500842057505245, 0.1829952301317428, 0.1829952301317428, 0.1829952301317428, -0.49893684593755494, -0.2994078578507867]
Trust scores_s2 at iteration 75: [0.2776131491718635, 0.2776131491718635, 0.2776131491718635, 0.2776131491718635, 0.2776131491718635, 0.3262307456577887, 0.3262307456577887, 0.3262307456577887, 0.49999745674777624, 0.4856197805220246]
X.shape (10, 5)
s1 and s2 score at iteration 75
S_1 [0.5588170694856742, 0.5588170694856742, 0.5588170694856742, 0.5588170694856742, 0.5588170694856742, 0.5721639848754678, 0.5721639848754678, 0.5721639848754678, -0.3883878229511588, -0.29790221317376697]
S_2 [0.125, 0.125, 0.125, 0.125, 0.125, 0.125, 0.125, 0.125, 0.5, 0.5]
Trust scores at iteration 76: [0.47857289929589664, 0.47857289929589664, 0.47857289929589664, 0.47857289929589664, 0.47857289929589664, -0.13100037639427806, -0.13100037639427806, -0.13100037639427806, -1.9500090774628778, -1.5626458050778682]
Trust scores_s1 at iteration 76: [0.4940076264440323, 0.4940076264440323, 0.4940076264440323, 0.4940076264440323, 0.4940076264440323, 0.23054594561198138, 0.23054594561198138, 0.23054594561198138, -0.47500670049582905, -0.29354608909521307]
Trust scores_s2 at iteration 76: [0.25472117679608397, 0.25472117679608397, 0.25472117679608397, 0.25472117679608397, 0.25472117679608397, 0.29604613380912037, 0.29604613380912037, 0.29604613380912037, 0.4999978382356098, 0.4877768134437209]
X.shape (10, 5)
s1 and s2 score at iteration 76
S_1 [0.2552325571888743, 0.2552325571888743, 0.2552325571888743, 0.2552325571888743, 0.2552325571888743, -0.17806866565467944, -0.17806866565467944, -0.17806866565467944, 0.07700479659994358, -0.072303527951685]
S_2 [0.2, 0.2, 0.2, 0.2, 0.2, 0.3333333333333333, 0.3333333333333333, 0.3333333333333333, 0.5, 0.5]
Trust scores at iteration 77: [0.49678696440151215, 0.49678696440151215, 0.49678696440151215, 0.49678696440151215, 0.49678696440151215, -0.3160011534431675, -0.3160011534431675, -0.3160011534431675, -1.7622520493359641, -1.5207416684415094]
Trust scores_s1 at iteration 77: [0.49490648247742747, 0.49490648247742747, 0.49490648247742747, 0.49490648247742747, 0.49490648247742747, 0.14363863701616858, 0.14363863701616858, 0.14363863701616858, -0.38112786216771366, -0.27076054279359185]
Trust scores_s2 at iteration 77: [0.24651300027667136, 0.24651300027667136, 0.24651300027667136, 0.24651300027667136, 0.24651300027667136, 0.3016392137377523, 0.3016392137377523, 0.3016392137377523, 0.4999981625002683, 0.4896102914271628]
X.shape (10, 5)
s1 and s2 score at iteration 77
S_1 [0.7580215641545835, 0.7580215641545835, 0.7580215641545835, 0.7580215641545835, 0.7580215641545835, 0.8084046999950601, 0.8084046999950601, 0.8084046999950601, 0.082286949417748, 0.5412353507013177]
S_2 [0.125, 0.125, 0.125, 0.125, 0.125, 0.125, 0.125, 0.125, 0.5, 0.25]
Trust scores at iteration 78: [0.5254202972306571, 0.5254202972306571, 0.5254202972306571, 0.5254202972306571, 0.5254202972306571, -0.15610098042669232, -0.15610098042669232, -0.15610098042669232, -1.6326458467707003, -1.267203858797667]
Trust scores_s1 at iteration 78: [0.4909961988504993, 0.4909961988504993, 0.4909961988504993, 0.4909961988504993, 0.4909961988504993, 0.19709284146374328, 0.19709284146374328, 0.19709284146374328, -0.3163244852601219, -0.17993318168574512]
Trust scores_s2 at iteration 78: [0.22828605023517068, 0.22828605023517068, 0.22828605023517068, 0.22828605023517068, 0.22828605023517068, 0.27514333167708943, 0.27514333167708943, 0.27514333167708943, 0.49999843812522804, 0.4536687477130884]
X.shape (10, 5)
s1 and s2 score at iteration 78
S_1 [0.6248361224874043, 0.6248361224874043, 0.6248361224874043, 0.6248361224874043, 0.6248361224874043, 0.6491351195547923, 0.6491351195547923, 0.6491351195547923, -0.06440670940620047, 0.2706454874182303]
S_2 [0.125, 0.125, 0.125, 0.125, 0.125, 0.125, 0.125, 0.125, 0.5, 0.5]
Trust scores at iteration 79: [0.5534923206383618, 0.5534923206383618, 0.5534923206383618, 0.5534923206383618, 0.5534923206383618, -0.02018583336268845, -0.02018583336268845, -0.02018583336268845, -1.5526318594954565, -1.164583414409539]
Trust scores_s1 at iteration 79: [0.48953930301907606, 0.48953930301907606, 0.48953930301907606, 0.48953930301907606, 0.48953930301907606, 0.2425289152441818, 0.2425289152441818, 0.2425289152441818, -0.27631725734128415, -0.12167327164864439]
Trust scores_s2 at iteration 79: [0.21279314269989508, 0.21279314269989508, 0.21279314269989508, 0.21279314269989508, 0.21279314269989508, 0.252621831925526, 0.252621831925526, 0.252621831925526, 0.49999867240644386, 0.46061843555612514]
X.shape (10, 5)
s1 and s2 score at iteration 79
S_1 [0.27677336978688166, 0.27677336978688166, 0.27677336978688166, 0.27677336978688166, 0.27677336978688166, 0.2423356338938015, 0.2423356338938015, 0.2423356338938015, -0.16249401140534486, -0.3133370781018657]
S_2 [0.2, 0.2, 0.2, 0.2, 0.2, 0.25, 0.25, 0.25, 0.25, 0.5]
Trust scores at iteration 80: [0.5604684725426076, 0.5604684725426076, 0.5604684725426076, 0.5604684725426076, 0.5604684725426076, 0.03917817817847905, 0.03917817817847905, 0.03917817817847905, -1.4828022789302504, -1.3097119569916365]
Trust scores_s1 at iteration 80: [0.49110840756621466, 0.49110840756621466, 0.49110840756621466, 0.49110840756621466, 0.49110840756621466, 0.2718176462259366, 0.2718176462259366, 0.2718176462259366, -0.2789022679196478, -0.1883303082731118]
Trust scores_s2 at iteration 80: [0.21087417129491082, 0.21087417129491082, 0.21087417129491082, 0.21087417129491082, 0.21087417129491082, 0.2522285571366971, 0.2522285571366971, 0.2522285571366971, 0.4624988715454773, 0.46652567022270636]
X.shape (10, 5)
s1 and s2 score at iteration 80
S_1 [0.19186341134444493, 0.19186341134444493, 0.19186341134444493, 0.19186341134444493, 0.19186341134444493, -0.3447141113011662, -0.3447141113011662, -0.3447141113011662, 0.21924588970859998, 0.008058980430218207]
S_2 [0.16666666666666666, 0.16666666666666666, 0.16666666666666666, 0.16666666666666666, 0.16666666666666666, 0.3333333333333333, 0.3333333333333333, 0.3333333333333333, 0.16666666666666666, 0.5]
Trust scores at iteration 81: [0.5576641138291373, 0.5576641138291373, 0.5576641138291373, 0.5576641138291373, 0.5576641138291373, -0.3025393059914491, -0.3025393059914491, -0.3025393059914491, -1.1603819370907127, -1.257741504481533]
Trust scores_s1 at iteration 81: [0.4830751025152429, 0.4830751025152429, 0.4830751025152429, 0.4830751025152429, 0.4830751025152429, 0.11312462057046797, 0.11312462057046797, 0.11312462057046797, -0.1620669277317006, -0.157323932551466]
Trust scores_s2 at iteration 81: [0.2042430456006742, 0.2042430456006742, 0.2042430456006742, 0.2042430456006742, 0.2042430456006742, 0.26439427356619255, 0.26439427356619255, 0.26439427356619255, 0.41812404081365573, 0.4715468196893004]
X.shape (10, 5)
s1 and s2 score at iteration 81
S_1 [1.0, 1.0, 1.0, 1.0, 1.0, 1.0, 1.0, 1.0, 1.0, 1.0]
S_2 [0.1, 0.1, 0.1, 0.1, 0.1, 0.1, 0.1, 0.1, 0.1, 0.1]
Trust scores at iteration 82: [0.47401449675476665, 0.47401449675476665, 0.47401449675476665, 0.47401449675476665, 0.47401449675476665, -0.25715841009273177, -0.25715841009273177, -0.25715841009273177, -0.9863246465271057, -1.069080278809303]
Trust scores_s1 at iteration 82: [0.48561383713795647, 0.48561383713795647, 0.48561383713795647, 0.48561383713795647, 0.48561383713795647, 0.17115592748489777, 0.17115592748489777, 0.17115592748489777, -0.06275688857194547, -0.0587253426687461]
Trust scores_s2 at iteration 82: [0.24860658876057307, 0.24860658876057307, 0.24860658876057307, 0.24860658876057307, 0.24860658876057307, 0.29973513253126366, 0.29973513253126366, 0.29973513253126366, 0.43040543469160736, 0.4758147967359053]
X.shape (10, 5)
s1 and s2 score at iteration 82
S_1 [1.0, 1.0, 1.0, 1.0, 1.0, 1.0, 1.0, 1.0, 1.0, 1.0]
S_2 [0.1, 0.1, 0.1, 0.1, 0.1, 0.1, 0.1, 0.1, 0.1, 0.1]
Trust scores at iteration 83: [0.40291232224155166, 0.40291232224155166, 0.40291232224155166, 0.40291232224155166, 0.40291232224155166, -0.218584648578822, -0.218584648578822, -0.218584648578822, -0.8383759495480398, -0.9087182369879075]
Trust scores_s1 at iteration 83: [0.487771761567263, 0.487771761567263, 0.487771761567263, 0.487771761567263, 0.487771761567263, 0.2204825383621631, 0.2204825383621631, 0.2204825383621631, 0.02165664471384636, 0.025083458731565825]
Trust scores_s2 at iteration 83: [0.2863156004464871, 0.2863156004464871, 0.2863156004464871, 0.2863156004464871, 0.2863156004464871, 0.32977486265157413, 0.32977486265157413, 0.32977486265157413, 0.44084461948786624, 0.47944257722551953]
X.shape (10, 5)
s1 and s2 score at iteration 83
S_1 [1.0, 1.0, 1.0, 1.0, 1.0, 1.0, 1.0, 1.0, 1.0, 1.0]
S_2 [0.1, 0.1, 0.1, 0.1, 0.1, 0.1, 0.1, 0.1, 0.1, 0.1]
Trust scores at iteration 84: [0.3424754739053189, 0.3424754739053189, 0.3424754739053189, 0.3424754739053189, 0.3424754739053189, -0.1857969512919987, -0.1857969512919987, -0.1857969512919987, -0.7126195571158338, -0.7724105014397213]
Trust scores_s1 at iteration 84: [0.4896059973321735, 0.4896059973321735, 0.4896059973321735, 0.4896059973321735, 0.4896059973321735, 0.26241015760783865, 0.26241015760783865, 0.26241015760783865, 0.09340814800676941, 0.09632093992183097]
Trust scores_s2 at iteration 84: [0.31836826037951405, 0.31836826037951405, 0.31836826037951405, 0.31836826037951405, 0.31836826037951405, 0.355308633253838, 0.355308633253838, 0.355308633253838, 0.4497179265646863, 0.4825261906416916]
X.shape (10, 5)
s1 and s2 score at iteration 84
S_1 [0.9999999999999998, 0.9999999999999998, 0.9999999999999998, 0.9999999999999998, 0.9999999999999998, 0.9999999999999998, 0.9999999999999998, 0.9999999999999998, 0.9999999999999998, 0.9999999999999998]
S_2 [0.1, 0.1, 0.1, 0.1, 0.1, 0.1, 0.1, 0.1, 0.1, 0.1]
Trust scores at iteration 85: [0.29110415281952107, 0.29110415281952107, 0.29110415281952107, 0.29110415281952107, 0.29110415281952107, -0.15792740859819887, -0.15792740859819887, -0.15792740859819887, -0.6057266235484587, -0.6565489262237632]
Trust scores_s1 at iteration 85: [0.4911650977323475, 0.4911650977323475, 0.4911650977323475, 0.4911650977323475, 0.4911650977323475, 0.2980486339666628, 0.2980486339666628, 0.2980486339666628, 0.154396925805754, 0.15687279893355632]
Trust scores_s2 at iteration 85: [0.3456130213225869, 0.3456130213225869, 0.3456130213225869, 0.3456130213225869, 0.3456130213225869, 0.3770123382657623, 0.3770123382657623, 0.3770123382657623, 0.45726023757998335, 0.48514726204543784]
X.shape (10, 5)
s1 and s2 score at iteration 85
S_1 [1.0, 1.0, 1.0, 1.0, 1.0, 1.0, 1.0, 1.0, 1.0, 1.0]
S_2 [0.1, 0.1, 0.1, 0.1, 0.1, 0.1, 0.1, 0.1, 0.1, 0.1]
Trust scores at iteration 86: [0.2474385298965929, 0.2474385298965929, 0.2474385298965929, 0.2474385298965929, 0.2474385298965929, -0.13423829730846903, -0.13423829730846903, -0.13423829730846903, -0.51486763001619, -0.5580665872901986]
Trust scores_s1 at iteration 86: [0.4924903330724954, 0.4924903330724954, 0.4924903330724954, 0.4924903330724954, 0.4924903330724954, 0.3283413388716634, 0.3283413388716634, 0.3283413388716634, 0.2062373869348909, 0.2083418790935229]
Trust scores_s2 at iteration 86: [0.3687710681241989, 0.3687710681241989, 0.3687710681241989, 0.3687710681241989, 0.3687710681241989, 0.39546048752589796, 0.39546048752589796, 0.39546048752589796, 0.46367120194298583, 0.4873751727386222]
X.shape (10, 5)
s1 and s2 score at iteration 86
S_1 [0.9999999999999998, 0.9999999999999998, 0.9999999999999998, 0.9999999999999998, 0.9999999999999998, 0.9999999999999998, 0.9999999999999998, 0.9999999999999998, 0.9999999999999998, 0.9999999999999998]
S_2 [0.1, 0.1, 0.1, 0.1, 0.1, 0.1, 0.1, 0.1, 0.1, 0.1]
Trust scores at iteration 87: [0.21032275041210396, 0.21032275041210396, 0.21032275041210396, 0.21032275041210396, 0.21032275041210396, -0.11410255271219867, -0.11410255271219867, -0.11410255271219867, -0.43763748551376147, -0.47435659919666884]
Trust scores_s1 at iteration 87: [0.4936167831116211, 0.4936167831116211, 0.4936167831116211, 0.4936167831116211, 0.4936167831116211, 0.3540901380409139, 0.3540901380409139, 0.3540901380409139, 0.25030177889465727, 0.25209059722949445]
Trust scores_s2 at iteration 87: [0.3884554079055691, 0.3884554079055691, 0.3884554079055691, 0.3884554079055691, 0.3884554079055691, 0.4111414143970133, 0.4111414143970133, 0.4111414143970133, 0.46912052165153795, 0.48926889682782887]
X.shape (10, 5)
s1 and s2 score at iteration 87
S_1 [0.9999999999999998, 0.9999999999999998, 0.9999999999999998, 0.9999999999999998, 0.9999999999999998, 0.9999999999999998, 0.9999999999999998, 0.9999999999999998, 0.9999999999999998, 0.9999999999999998]
S_2 [0.1, 0.1, 0.1, 0.1, 0.1, 0.1, 0.1, 0.1, 0.1, 0.1]
Trust scores at iteration 88: [0.17877433785028837, 0.17877433785028837, 0.17877433785028837, 0.17877433785028837, 0.17877433785028837, -0.09698716980536887, -0.09698716980536887, -0.09698716980536887, -0.37199186268669726, -0.4032031093171685]
Trust scores_s1 at iteration 88: [0.49457426564487794, 0.49457426564487794, 0.49457426564487794, 0.49457426564487794, 0.49457426564487794, 0.37597661733477683, 0.37597661733477683, 0.37597661733477683, 0.2877565120604587, 0.28927700764507025]
Trust scores_s2 at iteration 88: [0.40518709671973374, 0.40518709671973374, 0.40518709671973374, 0.40518709671973374, 0.40518709671973374, 0.4244702022374613, 0.4244702022374613, 0.4244702022374613, 0.47375244340380723, 0.49087856230365456]
X.shape (10, 5)
s1 and s2 score at iteration 88
S_1 [1.0, 1.0, 1.0, 1.0, 1.0, 1.0, 1.0, 1.0, 1.0, 1.0]
S_2 [0.1, 0.1, 0.1, 0.1, 0.1, 0.1, 0.1, 0.1, 0.1, 0.1]
Trust scores at iteration 89: [0.15195818717274512, 0.15195818717274512, 0.15195818717274512, 0.15195818717274512, 0.15195818717274512, -0.08243909433456353, -0.08243909433456353, -0.08243909433456353, -0.31619308328369267, -0.34272264291959326]
Trust scores_s1 at iteration 89: [0.49538812579814623, 0.49538812579814623, 0.49538812579814623, 0.49538812579814623, 0.49538812579814623, 0.39458012473456033, 0.39458012473456033, 0.39458012473456033, 0.31959303525138993, 0.3208854564983097]
Trust scores_s2 at iteration 89: [0.41940903221177367, 0.41940903221177367, 0.41940903221177367, 0.41940903221177367, 0.41940903221177367, 0.4357996719018421, 0.4357996719018421, 0.4357996719018421, 0.47768957689323616, 0.4922467779581064]
X.shape (10, 5)
s1 and s2 score at iteration 89
S_1 [0.9999999999999998, 0.9999999999999998, 0.9999999999999998, 0.9999999999999998, 0.9999999999999998, 0.9999999999999998, 0.9999999999999998, 0.9999999999999998, 0.9999999999999998, 0.9999999999999998]
S_2 [0.1, 0.1, 0.1, 0.1, 0.1, 0.1, 0.1, 0.1, 0.1, 0.1]
Trust scores at iteration 90: [0.12916445909683336, 0.12916445909683336, 0.12916445909683336, 0.12916445909683336, 0.12916445909683336, -0.070073230184379, -0.070073230184379, -0.070073230184379, -0.26876412079113876, -0.29131424648165427]
Trust scores_s1 at iteration 90: [0.4960799069284243, 0.4960799069284243, 0.4960799069284243, 0.4960799069284243, 0.4960799069284243, 0.4103931060243763, 0.4103931060243763, 0.4103931060243763, 0.34665407996368147, 0.3477526380235632]
Trust scores_s2 at iteration 90: [0.4314976773800076, 0.4314976773800076, 0.4314976773800076, 0.4314976773800076, 0.4314976773800076, 0.4454297211165658, 0.4454297211165658, 0.4454297211165658, 0.48103614035925074, 0.49340976126439046]
X.shape (10, 5)
s1 and s2 score at iteration 90
S_1 [1.0, 1.0, 1.0, 1.0, 1.0, 1.0, 1.0, 1.0, 1.0, 1.0]
S_2 [0.1, 0.1, 0.1, 0.1, 0.1, 0.1, 0.1, 0.1, 0.1, 0.1]
Trust scores at iteration 91: [0.10978979023230835, 0.10978979023230835, 0.10978979023230835, 0.10978979023230835, 0.10978979023230835, -0.05956224565672215, -0.05956224565672215, -0.05956224565672215, -0.22844950267246794, -0.24761710950940613]
Trust scores_s1 at iteration 91: [0.4966679208891607, 0.4966679208891607, 0.4966679208891607, 0.4966679208891607, 0.4966679208891607, 0.42383414012071985, 0.42383414012071985, 0.42383414012071985, 0.36965596796912925, 0.3705897423200287]
Trust scores_s2 at iteration 91: [0.4417730257730065, 0.4417730257730065, 0.4417730257730065, 0.4417730257730065, 0.4417730257730065, 0.45361526294908094, 0.45361526294908094, 0.45361526294908094, 0.48388071930536314, 0.4943982970747319]
X.shape (10, 5)
s1 and s2 score at iteration 91
S_1 [1.0, 1.0, 1.0, 1.0, 1.0, 1.0, 1.0, 1.0, 1.0, 1.0]
S_2 [0.1, 0.1, 0.1, 0.1, 0.1, 0.1, 0.1, 0.1, 0.1, 0.1]
Trust scores at iteration 92: [0.0933213216974621, 0.0933213216974621, 0.0933213216974621, 0.0933213216974621, 0.0933213216974621, -0.05062790880821383, -0.05062790880821383, -0.05062790880821383, -0.19418207727159775, -0.2104745430829952]
Trust scores_s1 at iteration 92: [0.4971677327557866, 0.4971677327557866, 0.4971677327557866, 0.4971677327557866, 0.4971677327557866, 0.4352590191026119, 0.4352590191026119, 0.4352590191026119, 0.3892075727737599, 0.3900012809720244]
Trust scores_s2 at iteration 92: [0.4505070719070555, 0.4505070719070555, 0.4505070719070555, 0.4505070719070555, 0.4505070719070555, 0.46057297350671883, 0.46057297350671883, 0.46057297350671883, 0.48629861140955866, 0.4952385525135221]
X.shape (10, 5)
s1 and s2 score at iteration 92
S_1 [1.0, 1.0, 1.0, 1.0, 1.0, 1.0, 1.0, 1.0, 1.0, 1.0]
S_2 [0.1, 0.1, 0.1, 0.1, 0.1, 0.1, 0.1, 0.1, 0.1, 0.1]
Trust scores at iteration 93: [0.07932312344284279, 0.07932312344284279, 0.07932312344284279, 0.07932312344284279, 0.07932312344284279, -0.04303372248698175, -0.04303372248698175, -0.04303372248698175, -0.16505476568085808, -0.17890336162054593]
Trust scores_s1 at iteration 93: [0.4975925728424186, 0.4975925728424186, 0.4975925728424186, 0.4975925728424186, 0.4975925728424186, 0.44497016623722013, 0.44497016623722013, 0.44497016623722013, 0.4058264368576959, 0.40650108882622077]
Trust scores_s2 at iteration 93: [0.4579310111209972, 0.4579310111209972, 0.4579310111209972, 0.4579310111209972, 0.4579310111209972, 0.466487027480711, 0.466487027480711, 0.466487027480711, 0.48835381969812486, 0.4959527696364938]
X.shape (10, 5)
s1 and s2 score at iteration 93
S_1 [1.0, 1.0, 1.0, 1.0, 1.0, 1.0, 1.0, 1.0, 1.0, 1.0]
S_2 [0.1, 0.1, 0.1, 0.1, 0.1, 0.1, 0.1, 0.1, 0.1, 0.1]
Trust scores at iteration 94: [0.06742465492641636, 0.06742465492641636, 0.06742465492641636, 0.06742465492641636, 0.06742465492641636, -0.036578664113934484, -0.036578664113934484, -0.036578664113934484, -0.14029655082872936, -0.15206785737746403]
Trust scores_s1 at iteration 94: [0.4979536869160558, 0.4979536869160558, 0.4979536869160558, 0.4979536869160558, 0.4979536869160558, 0.4532246413016371, 0.4532246413016371, 0.4532246413016371, 0.41995247132904157, 0.4205259255022877]
Trust scores_s2 at iteration 94: [0.4642413594528476, 0.4642413594528476, 0.4642413594528476, 0.4642413594528476, 0.4642413594528476, 0.4715139733586044, 0.4715139733586044, 0.4715139733586044, 0.49010074674340615, 0.4965598541910197]
X.shape (10, 5)
s1 and s2 score at iteration 94
S_1 [1.0, 1.0, 1.0, 1.0, 1.0, 1.0, 1.0, 1.0, 1.0, 1.0]
S_2 [0.1, 0.1, 0.1, 0.1, 0.1, 0.1, 0.1, 0.1, 0.1, 0.1]
Trust scores at iteration 95: [0.0573109566874539, 0.0573109566874539, 0.0573109566874539, 0.0573109566874539, 0.0573109566874539, -0.03109186449684431, -0.03109186449684431, -0.03109186449684431, -0.11925206820441994, -0.12925767877084443]
Trust scores_s1 at iteration 95: [0.49826063387864744, 0.49826063387864744, 0.49826063387864744, 0.49826063387864744, 0.49826063387864744, 0.4602409451063915, 0.4602409451063915, 0.4602409451063915, 0.43195960062968536, 0.4324470366769445]
Trust scores_s2 at iteration 95: [0.4696051555349205, 0.4696051555349205, 0.4696051555349205, 0.4696051555349205, 0.4696051555349205, 0.47578687735481373, 0.47578687735481373, 0.47578687735481373, 0.4915856347318952, 0.49707587606236675]
X.shape (10, 5)
s1 and s2 score at iteration 95
S_1 [1.0, 1.0, 1.0, 1.0, 1.0, 1.0, 1.0, 1.0, 1.0, 1.0]
S_2 [0.1, 0.1, 0.1, 0.1, 0.1, 0.1, 0.1, 0.1, 0.1, 0.1]
Trust scores at iteration 96: [0.04871431318433581, 0.04871431318433581, 0.04871431318433581, 0.04871431318433581, 0.04871431318433581, -0.026428084822317663, -0.026428084822317663, -0.026428084822317663, -0.10136425797375695, -0.10986902695521776]
Trust scores_s1 at iteration 96: [0.49852153879685035, 0.49852153879685035, 0.49852153879685035, 0.49852153879685035, 0.49852153879685035, 0.4662048033404328, 0.4662048033404328, 0.4662048033404328, 0.44216566053523254, 0.4425799811754028]
Trust scores_s2 at iteration 96: [0.47416438220468243, 0.47416438220468243, 0.47416438220468243, 0.47416438220468243, 0.47416438220468243, 0.47941884575159166, 0.47941884575159166, 0.47941884575159166, 0.49284778952211095, 0.49751449465301173]
X.shape (10, 5)
s1 and s2 score at iteration 96
S_1 [1.0, 1.0, 1.0, 1.0, 1.0, 1.0, 1.0, 1.0, 1.0, 1.0]
S_2 [0.1, 0.1, 0.1, 0.1, 0.1, 0.1, 0.1, 0.1, 0.1, 0.1]
Trust scores at iteration 97: [0.04140716620668544, 0.04140716620668544, 0.04140716620668544, 0.04140716620668544, 0.04140716620668544, -0.022463872098970012, -0.022463872098970012, -0.022463872098970012, -0.0861596192776934, -0.09338867291193509]
Trust scores_s1 at iteration 97: [0.4987433079773228, 0.4987433079773228, 0.4987433079773228, 0.4987433079773228, 0.4987433079773228, 0.4712740828393679, 0.4712740828393679, 0.4712740828393679, 0.45084081145494764, 0.4511929839990924]
Trust scores_s2 at iteration 97: [0.47803972487398005, 0.47803972487398005, 0.47803972487398005, 0.47803972487398005, 0.47803972487398005, 0.4825060188888529, 0.4825060188888529, 0.4825060188888529, 0.4939206210937943, 0.49788732045505996]
X.shape (10, 5)
s1 and s2 score at iteration 97
S_1 [1.0, 1.0, 1.0, 1.0, 1.0, 1.0, 1.0, 1.0, 1.0, 1.0]
S_2 [0.1, 0.1, 0.1, 0.1, 0.1, 0.1, 0.1, 0.1, 0.1, 0.1]
Trust scores at iteration 98: [0.03519609127568262, 0.03519609127568262, 0.03519609127568262, 0.03519609127568262, 0.03519609127568262, -0.01909429128412451, -0.01909429128412451, -0.01909429128412451, -0.0732356763860394, -0.07938037197514482]
Trust scores_s1 at iteration 98: [0.4989318117807244, 0.4989318117807244, 0.4989318117807244, 0.4989318117807244, 0.4989318117807244, 0.4755829704134627, 0.4755829704134627, 0.4755829704134627, 0.4582146897367055, 0.45851403639922855]
Trust scores_s2 at iteration 98: [0.48133376614288303, 0.48133376614288303, 0.48133376614288303, 0.48133376614288303, 0.48133376614288303, 0.485130116055525, 0.485130116055525, 0.485130116055525, 0.49483252792972515, 0.49820422238680095]
X.shape (10, 5)
s1 and s2 score at iteration 98
S_1 [1.0, 1.0, 1.0, 1.0, 1.0, 1.0, 1.0, 1.0, 1.0, 1.0]
S_2 [0.1, 0.1, 0.1, 0.1, 0.1, 0.1, 0.1, 0.1, 0.1, 0.1]
Trust scores at iteration 99: [0.029916677584330226, 0.029916677584330226, 0.029916677584330226, 0.029916677584330226, 0.029916677584330226, -0.016230147591505834, -0.016230147591505834, -0.016230147591505834, -0.06225032492813348, -0.06747331617887309]
Trust scores_s1 at iteration 99: [0.49909204001361573, 0.49909204001361573, 0.49909204001361573, 0.49909204001361573, 0.49909204001361573, 0.4792455248514433, 0.4792455248514433, 0.4792455248514433, 0.46448248627619965, 0.46473693093934426]
Trust scores_s2 at iteration 99: [0.4841337012214506, 0.4841337012214506, 0.4841337012214506, 0.4841337012214506, 0.4841337012214506, 0.4873605986471962, 0.4873605986471962, 0.4873605986471962, 0.49560764874026636, 0.4984735890287808]
X.shape (10, 5)
s1 and s2 score at iteration 99
S_1 [1.0, 1.0, 1.0, 1.0, 1.0, 1.0, 1.0, 1.0, 1.0, 1.0]
S_2 [0.1, 0.1, 0.1, 0.1, 0.1, 0.1, 0.1, 0.1, 0.1, 0.1]
Trust scores at iteration 100: [0.02542917594668069, 0.02542917594668069, 0.02542917594668069, 0.02542917594668069, 0.02542917594668069, -0.013795625452779958, -0.013795625452779958, -0.013795625452779958, -0.052912776188913456, -0.05735231875204212]
Trust scores_s1 at iteration 100: [0.4992282340115734, 0.4992282340115734, 0.4992282340115734, 0.4992282340115734, 0.4992282340115734, 0.4823586961237268, 0.4823586961237268, 0.4823586961237268, 0.4698101133347697, 0.47002639129844265]
Trust scores_s2 at iteration 100: [0.486513646038233, 0.486513646038233, 0.486513646038233, 0.486513646038233, 0.486513646038233, 0.4892565088501168, 0.4892565088501168, 0.4892565088501168, 0.4962665014292264, 0.4987025506744637]
