chunks.shape 518399
chunks[0].shape 5
Loaded Tower 5 data for Tower 2 without noise: 518399 chunks
chunks.shape 518399
chunks[0].shape 5
Loaded Tower 5 data for Tower 3 without noise: 518399 chunks
chunks.shape 518399
chunks[0].shape 5
Loaded Tower 5 data for Tower 4 without noise: 518399 chunks
chunks.shape 518399
chunks[0].shape 5
Loaded Tower 5 data for Tower 5 without noise: 518399 chunks
chunks.shape 518399
chunks[0].shape 5
Loaded Tower 5 data for Tower 6 without noise: 518399 chunks
chunks.shape 518399
chunks[0].shape 5
Loaded Tower 5 data for Tower 7 with same noise (chunks 60-80): 518399 chunks
chunks.shape 518399
chunks[0].shape 5
Loaded Tower 5 data for Tower 8 with same noise (chunks 60-80): 518399 chunks
chunks.shape 518399
chunks[0].shape 5
Loaded Tower 5 data for Tower 9 with same noise (chunks 60-80): 518399 chunks
chunks.shape 518399
chunks[0].shape 5
Loaded Tower 5 data for Tower 10 with random noise (chunks 60-80): 518399 chunks
chunks.shape 518399
chunks[0].shape 5
Loaded Tower 5 data for Tower 11 with random noise (chunks 60-80): 518399 chunks
X.shape (10, 5)
s1 and s2 score at iteration 0
S_1 [1.0, 1.0, 1.0, 1.0, 1.0, 1.0, 1.0, 1.0, 1.0, 1.0]
S_2 [0.1, 0.1, 0.1, 0.1, 0.1, 0.1, 0.1, 0.1, 0.1, 0.1]
Trust scores at iteration 1: [0.0, 0.0, 0.0, 0.0, 0.0, 0.0, 0.0, 0.0, 0.0, 0.0]
Trust scores_s1 at iteration 1: [0.25, 0.25, 0.25, 0.25, 0.25, 0.25, 0.25, 0.25, 0.25, 0.25]
Trust scores_s2 at iteration 1: [0.25, 0.25, 0.25, 0.25, 0.25, 0.25, 0.25, 0.25, 0.25, 0.25]
X.shape (10, 5)
s1 and s2 score at iteration 1
S_1 [1.0, 1.0, 1.0, 1.0, 1.0, 1.0, 1.0, 1.0, 1.0, 1.0]
S_2 [0.1, 0.1, 0.1, 0.1, 0.1, 0.1, 0.1, 0.1, 0.1, 0.1]
Trust scores at iteration 2: [0.0, 0.0, 0.0, 0.0, 0.0, 0.0, 0.0, 0.0, 0.0, 0.0]
Trust scores_s1 at iteration 2: [0.375, 0.375, 0.375, 0.375, 0.375, 0.375, 0.375, 0.375, 0.375, 0.375]
Trust scores_s2 at iteration 2: [0.375, 0.375, 0.375, 0.375, 0.375, 0.375, 0.375, 0.375, 0.375, 0.375]
X.shape (10, 5)
s1 and s2 score at iteration 2
S_1 [1.0, 1.0, 1.0, 1.0, 1.0, 1.0, 1.0, 1.0, 1.0, 1.0]
S_2 [0.1, 0.1, 0.1, 0.1, 0.1, 0.1, 0.1, 0.1, 0.1, 0.1]
Trust scores at iteration 3: [0.0, 0.0, 0.0, 0.0, 0.0, 0.0, 0.0, 0.0, 0.0, 0.0]
Trust scores_s1 at iteration 3: [0.4375, 0.4375, 0.4375, 0.4375, 0.4375, 0.4375, 0.4375, 0.4375, 0.4375, 0.4375]
Trust scores_s2 at iteration 3: [0.4375, 0.4375, 0.4375, 0.4375, 0.4375, 0.4375, 0.4375, 0.4375, 0.4375, 0.4375]
X.shape (10, 5)
s1 and s2 score at iteration 3
S_1 [1.0, 1.0, 1.0, 1.0, 1.0, 1.0, 1.0, 1.0, 1.0, 1.0]
S_2 [0.1, 0.1, 0.1, 0.1, 0.1, 0.1, 0.1, 0.1, 0.1, 0.1]
Trust scores at iteration 4: [0.0, 0.0, 0.0, 0.0, 0.0, 0.0, 0.0, 0.0, 0.0, 0.0]
Trust scores_s1 at iteration 4: [0.46875, 0.46875, 0.46875, 0.46875, 0.46875, 0.46875, 0.46875, 0.46875, 0.46875, 0.46875]
Trust scores_s2 at iteration 4: [0.46875, 0.46875, 0.46875, 0.46875, 0.46875, 0.46875, 0.46875, 0.46875, 0.46875, 0.46875]
X.shape (10, 5)
s1 and s2 score at iteration 4
S_1 [0.9999999999999998, 0.9999999999999998, 0.9999999999999998, 0.9999999999999998, 0.9999999999999998, 0.9999999999999998, 0.9999999999999998, 0.9999999999999998, 0.9999999999999998, 0.9999999999999998]
S_2 [0.1, 0.1, 0.1, 0.1, 0.1, 0.1, 0.1, 0.1, 0.1, 0.1]
Trust scores at iteration 5: [0.0, 0.0, 0.0, 0.0, 0.0, 0.0, 0.0, 0.0, 0.0, 0.0]
Trust scores_s1 at iteration 5: [0.484375, 0.484375, 0.484375, 0.484375, 0.484375, 0.484375, 0.484375, 0.484375, 0.484375, 0.484375]
Trust scores_s2 at iteration 5: [0.484375, 0.484375, 0.484375, 0.484375, 0.484375, 0.484375, 0.484375, 0.484375, 0.484375, 0.484375]
X.shape (10, 5)
s1 and s2 score at iteration 5
S_1 [1.0, 1.0, 1.0, 1.0, 1.0, 1.0, 1.0, 1.0, 1.0, 1.0]
S_2 [0.1, 0.1, 0.1, 0.1, 0.1, 0.1, 0.1, 0.1, 0.1, 0.1]
Trust scores at iteration 6: [0.0, 0.0, 0.0, 0.0, 0.0, 0.0, 0.0, 0.0, 0.0, 0.0]
Trust scores_s1 at iteration 6: [0.4921875, 0.4921875, 0.4921875, 0.4921875, 0.4921875, 0.4921875, 0.4921875, 0.4921875, 0.4921875, 0.4921875]
Trust scores_s2 at iteration 6: [0.4921875, 0.4921875, 0.4921875, 0.4921875, 0.4921875, 0.4921875, 0.4921875, 0.4921875, 0.4921875, 0.4921875]
X.shape (10, 5)
s1 and s2 score at iteration 6
S_1 [1.0, 1.0, 1.0, 1.0, 1.0, 1.0, 1.0, 1.0, 1.0, 1.0]
S_2 [0.1, 0.1, 0.1, 0.1, 0.1, 0.1, 0.1, 0.1, 0.1, 0.1]
Trust scores at iteration 7: [0.0, 0.0, 0.0, 0.0, 0.0, 0.0, 0.0, 0.0, 0.0, 0.0]
Trust scores_s1 at iteration 7: [0.49609375, 0.49609375, 0.49609375, 0.49609375, 0.49609375, 0.49609375, 0.49609375, 0.49609375, 0.49609375, 0.49609375]
Trust scores_s2 at iteration 7: [0.49609375, 0.49609375, 0.49609375, 0.49609375, 0.49609375, 0.49609375, 0.49609375, 0.49609375, 0.49609375, 0.49609375]
X.shape (10, 5)
s1 and s2 score at iteration 7
S_1 [0.9999999999999998, 0.9999999999999998, 0.9999999999999998, 0.9999999999999998, 0.9999999999999998, 0.9999999999999998, 0.9999999999999998, 0.9999999999999998, 0.9999999999999998, 0.9999999999999998]
S_2 [0.1, 0.1, 0.1, 0.1, 0.1, 0.1, 0.1, 0.1, 0.1, 0.1]
Trust scores at iteration 8: [0.0, 0.0, 0.0, 0.0, 0.0, 0.0, 0.0, 0.0, 0.0, 0.0]
Trust scores_s1 at iteration 8: [0.498046875, 0.498046875, 0.498046875, 0.498046875, 0.498046875, 0.498046875, 0.498046875, 0.498046875, 0.498046875, 0.498046875]
Trust scores_s2 at iteration 8: [0.498046875, 0.498046875, 0.498046875, 0.498046875, 0.498046875, 0.498046875, 0.498046875, 0.498046875, 0.498046875, 0.498046875]
X.shape (10, 5)
s1 and s2 score at iteration 8
S_1 [1.0, 1.0, 1.0, 1.0, 1.0, 1.0, 1.0, 1.0, 1.0, 1.0]
S_2 [0.1, 0.1, 0.1, 0.1, 0.1, 0.1, 0.1, 0.1, 0.1, 0.1]
Trust scores at iteration 9: [0.0, 0.0, 0.0, 0.0, 0.0, 0.0, 0.0, 0.0, 0.0, 0.0]
Trust scores_s1 at iteration 9: [0.4990234375, 0.4990234375, 0.4990234375, 0.4990234375, 0.4990234375, 0.4990234375, 0.4990234375, 0.4990234375, 0.4990234375, 0.4990234375]
Trust scores_s2 at iteration 9: [0.4990234375, 0.4990234375, 0.4990234375, 0.4990234375, 0.4990234375, 0.4990234375, 0.4990234375, 0.4990234375, 0.4990234375, 0.4990234375]
X.shape (10, 5)
s1 and s2 score at iteration 9
S_1 [1.0, 1.0, 1.0, 1.0, 1.0, 1.0, 1.0, 1.0, 1.0, 1.0]
S_2 [0.1, 0.1, 0.1, 0.1, 0.1, 0.1, 0.1, 0.1, 0.1, 0.1]
Trust scores at iteration 10: [0.0, 0.0, 0.0, 0.0, 0.0, 0.0, 0.0, 0.0, 0.0, 0.0]
Trust scores_s1 at iteration 10: [0.49951171875, 0.49951171875, 0.49951171875, 0.49951171875, 0.49951171875, 0.49951171875, 0.49951171875, 0.49951171875, 0.49951171875, 0.49951171875]
Trust scores_s2 at iteration 10: [0.49951171875, 0.49951171875, 0.49951171875, 0.49951171875, 0.49951171875, 0.49951171875, 0.49951171875, 0.49951171875, 0.49951171875, 0.49951171875]
X.shape (10, 5)
s1 and s2 score at iteration 10
S_1 [1.0, 1.0, 1.0, 1.0, 1.0, 1.0, 1.0, 1.0, 1.0, 1.0]
S_2 [0.1, 0.1, 0.1, 0.1, 0.1, 0.1, 0.1, 0.1, 0.1, 0.1]
Trust scores at iteration 11: [0.0, 0.0, 0.0, 0.0, 0.0, 0.0, 0.0, 0.0, 0.0, 0.0]
Trust scores_s1 at iteration 11: [0.499755859375, 0.499755859375, 0.499755859375, 0.499755859375, 0.499755859375, 0.499755859375, 0.499755859375, 0.499755859375, 0.499755859375, 0.499755859375]
Trust scores_s2 at iteration 11: [0.499755859375, 0.499755859375, 0.499755859375, 0.499755859375, 0.499755859375, 0.499755859375, 0.499755859375, 0.499755859375, 0.499755859375, 0.499755859375]
X.shape (10, 5)
s1 and s2 score at iteration 11
S_1 [1.0, 1.0, 1.0, 1.0, 1.0, 1.0, 1.0, 1.0, 1.0, 1.0]
S_2 [0.1, 0.1, 0.1, 0.1, 0.1, 0.1, 0.1, 0.1, 0.1, 0.1]
Trust scores at iteration 12: [0.0, 0.0, 0.0, 0.0, 0.0, 0.0, 0.0, 0.0, 0.0, 0.0]
Trust scores_s1 at iteration 12: [0.4998779296875, 0.4998779296875, 0.4998779296875, 0.4998779296875, 0.4998779296875, 0.4998779296875, 0.4998779296875, 0.4998779296875, 0.4998779296875, 0.4998779296875]
Trust scores_s2 at iteration 12: [0.4998779296875, 0.4998779296875, 0.4998779296875, 0.4998779296875, 0.4998779296875, 0.4998779296875, 0.4998779296875, 0.4998779296875, 0.4998779296875, 0.4998779296875]
X.shape (10, 5)
s1 and s2 score at iteration 12
S_1 [1.0, 1.0, 1.0, 1.0, 1.0, 1.0, 1.0, 1.0, 1.0, 1.0]
S_2 [0.1, 0.1, 0.1, 0.1, 0.1, 0.1, 0.1, 0.1, 0.1, 0.1]
Trust scores at iteration 13: [0.0, 0.0, 0.0, 0.0, 0.0, 0.0, 0.0, 0.0, 0.0, 0.0]
Trust scores_s1 at iteration 13: [0.49993896484375, 0.49993896484375, 0.49993896484375, 0.49993896484375, 0.49993896484375, 0.49993896484375, 0.49993896484375, 0.49993896484375, 0.49993896484375, 0.49993896484375]
Trust scores_s2 at iteration 13: [0.49993896484375, 0.49993896484375, 0.49993896484375, 0.49993896484375, 0.49993896484375, 0.49993896484375, 0.49993896484375, 0.49993896484375, 0.49993896484375, 0.49993896484375]
X.shape (10, 5)
s1 and s2 score at iteration 13
S_1 [1.0, 1.0, 1.0, 1.0, 1.0, 1.0, 1.0, 1.0, 1.0, 1.0]
S_2 [0.1, 0.1, 0.1, 0.1, 0.1, 0.1, 0.1, 0.1, 0.1, 0.1]
Trust scores at iteration 14: [0.0, 0.0, 0.0, 0.0, 0.0, 0.0, 0.0, 0.0, 0.0, 0.0]
Trust scores_s1 at iteration 14: [0.499969482421875, 0.499969482421875, 0.499969482421875, 0.499969482421875, 0.499969482421875, 0.499969482421875, 0.499969482421875, 0.499969482421875, 0.499969482421875, 0.499969482421875]
Trust scores_s2 at iteration 14: [0.499969482421875, 0.499969482421875, 0.499969482421875, 0.499969482421875, 0.499969482421875, 0.499969482421875, 0.499969482421875, 0.499969482421875, 0.499969482421875, 0.499969482421875]
X.shape (10, 5)
s1 and s2 score at iteration 14
S_1 [1.0, 1.0, 1.0, 1.0, 1.0, 1.0, 1.0, 1.0, 1.0, 1.0]
S_2 [0.1, 0.1, 0.1, 0.1, 0.1, 0.1, 0.1, 0.1, 0.1, 0.1]
Trust scores at iteration 15: [0.0, 0.0, 0.0, 0.0, 0.0, 0.0, 0.0, 0.0, 0.0, 0.0]
Trust scores_s1 at iteration 15: [0.4999847412109375, 0.4999847412109375, 0.4999847412109375, 0.4999847412109375, 0.4999847412109375, 0.4999847412109375, 0.4999847412109375, 0.4999847412109375, 0.4999847412109375, 0.4999847412109375]
Trust scores_s2 at iteration 15: [0.4999847412109375, 0.4999847412109375, 0.4999847412109375, 0.4999847412109375, 0.4999847412109375, 0.4999847412109375, 0.4999847412109375, 0.4999847412109375, 0.4999847412109375, 0.4999847412109375]
X.shape (10, 5)
s1 and s2 score at iteration 15
S_1 [0.9999999999999998, 0.9999999999999998, 0.9999999999999998, 0.9999999999999998, 0.9999999999999998, 0.9999999999999998, 0.9999999999999998, 0.9999999999999998, 0.9999999999999998, 0.9999999999999998]
S_2 [0.1, 0.1, 0.1, 0.1, 0.1, 0.1, 0.1, 0.1, 0.1, 0.1]
Trust scores at iteration 16: [0.0, 0.0, 0.0, 0.0, 0.0, 0.0, 0.0, 0.0, 0.0, 0.0]
Trust scores_s1 at iteration 16: [0.49999237060546875, 0.49999237060546875, 0.49999237060546875, 0.49999237060546875, 0.49999237060546875, 0.49999237060546875, 0.49999237060546875, 0.49999237060546875, 0.49999237060546875, 0.49999237060546875]
Trust scores_s2 at iteration 16: [0.49999237060546875, 0.49999237060546875, 0.49999237060546875, 0.49999237060546875, 0.49999237060546875, 0.49999237060546875, 0.49999237060546875, 0.49999237060546875, 0.49999237060546875, 0.49999237060546875]
X.shape (10, 5)
s1 and s2 score at iteration 16
S_1 [1.0, 1.0, 1.0, 1.0, 1.0, 1.0, 1.0, 1.0, 1.0, 1.0]
S_2 [0.1, 0.1, 0.1, 0.1, 0.1, 0.1, 0.1, 0.1, 0.1, 0.1]
Trust scores at iteration 17: [0.0, 0.0, 0.0, 0.0, 0.0, 0.0, 0.0, 0.0, 0.0, 0.0]
Trust scores_s1 at iteration 17: [0.4999961853027344, 0.4999961853027344, 0.4999961853027344, 0.4999961853027344, 0.4999961853027344, 0.4999961853027344, 0.4999961853027344, 0.4999961853027344, 0.4999961853027344, 0.4999961853027344]
Trust scores_s2 at iteration 17: [0.4999961853027344, 0.4999961853027344, 0.4999961853027344, 0.4999961853027344, 0.4999961853027344, 0.4999961853027344, 0.4999961853027344, 0.4999961853027344, 0.4999961853027344, 0.4999961853027344]
X.shape (10, 5)
s1 and s2 score at iteration 17
S_1 [1.0, 1.0, 1.0, 1.0, 1.0, 1.0, 1.0, 1.0, 1.0, 1.0]
S_2 [0.1, 0.1, 0.1, 0.1, 0.1, 0.1, 0.1, 0.1, 0.1, 0.1]
Trust scores at iteration 18: [0.0, 0.0, 0.0, 0.0, 0.0, 0.0, 0.0, 0.0, 0.0, 0.0]
Trust scores_s1 at iteration 18: [0.4999980926513672, 0.4999980926513672, 0.4999980926513672, 0.4999980926513672, 0.4999980926513672, 0.4999980926513672, 0.4999980926513672, 0.4999980926513672, 0.4999980926513672, 0.4999980926513672]
Trust scores_s2 at iteration 18: [0.4999980926513672, 0.4999980926513672, 0.4999980926513672, 0.4999980926513672, 0.4999980926513672, 0.4999980926513672, 0.4999980926513672, 0.4999980926513672, 0.4999980926513672, 0.4999980926513672]
X.shape (10, 5)
s1 and s2 score at iteration 18
S_1 [1.0, 1.0, 1.0, 1.0, 1.0, 1.0, 1.0, 1.0, 1.0, 1.0]
S_2 [0.1, 0.1, 0.1, 0.1, 0.1, 0.1, 0.1, 0.1, 0.1, 0.1]
Trust scores at iteration 19: [0.0, 0.0, 0.0, 0.0, 0.0, 0.0, 0.0, 0.0, 0.0, 0.0]
Trust scores_s1 at iteration 19: [0.4999990463256836, 0.4999990463256836, 0.4999990463256836, 0.4999990463256836, 0.4999990463256836, 0.4999990463256836, 0.4999990463256836, 0.4999990463256836, 0.4999990463256836, 0.4999990463256836]
Trust scores_s2 at iteration 19: [0.4999990463256836, 0.4999990463256836, 0.4999990463256836, 0.4999990463256836, 0.4999990463256836, 0.4999990463256836, 0.4999990463256836, 0.4999990463256836, 0.4999990463256836, 0.4999990463256836]
X.shape (10, 5)
s1 and s2 score at iteration 19
S_1 [1.0, 1.0, 1.0, 1.0, 1.0, 1.0, 1.0, 1.0, 1.0, 1.0]
S_2 [0.1, 0.1, 0.1, 0.1, 0.1, 0.1, 0.1, 0.1, 0.1, 0.1]
Trust scores at iteration 20: [0.0, 0.0, 0.0, 0.0, 0.0, 0.0, 0.0, 0.0, 0.0, 0.0]
Trust scores_s1 at iteration 20: [0.4999995231628418, 0.4999995231628418, 0.4999995231628418, 0.4999995231628418, 0.4999995231628418, 0.4999995231628418, 0.4999995231628418, 0.4999995231628418, 0.4999995231628418, 0.4999995231628418]
Trust scores_s2 at iteration 20: [0.4999995231628418, 0.4999995231628418, 0.4999995231628418, 0.4999995231628418, 0.4999995231628418, 0.4999995231628418, 0.4999995231628418, 0.4999995231628418, 0.4999995231628418, 0.4999995231628418]
X.shape (10, 5)
s1 and s2 score at iteration 20
S_1 [1.0, 1.0, 1.0, 1.0, 1.0, 1.0, 1.0, 1.0, 1.0, 1.0]
S_2 [0.1, 0.1, 0.1, 0.1, 0.1, 0.1, 0.1, 0.1, 0.1, 0.1]
Trust scores at iteration 21: [0.0, 0.0, 0.0, 0.0, 0.0, 0.0, 0.0, 0.0, 0.0, 0.0]
Trust scores_s1 at iteration 21: [0.4999997615814209, 0.4999997615814209, 0.4999997615814209, 0.4999997615814209, 0.4999997615814209, 0.4999997615814209, 0.4999997615814209, 0.4999997615814209, 0.4999997615814209, 0.4999997615814209]
Trust scores_s2 at iteration 21: [0.4999997615814209, 0.4999997615814209, 0.4999997615814209, 0.4999997615814209, 0.4999997615814209, 0.4999997615814209, 0.4999997615814209, 0.4999997615814209, 0.4999997615814209, 0.4999997615814209]
X.shape (10, 5)
s1 and s2 score at iteration 21
S_1 [1.0, 1.0, 1.0, 1.0, 1.0, 1.0, 1.0, 1.0, 1.0, 1.0]
S_2 [0.1, 0.1, 0.1, 0.1, 0.1, 0.1, 0.1, 0.1, 0.1, 0.1]
Trust scores at iteration 22: [0.0, 0.0, 0.0, 0.0, 0.0, 0.0, 0.0, 0.0, 0.0, 0.0]
Trust scores_s1 at iteration 22: [0.49999988079071045, 0.49999988079071045, 0.49999988079071045, 0.49999988079071045, 0.49999988079071045, 0.49999988079071045, 0.49999988079071045, 0.49999988079071045, 0.49999988079071045, 0.49999988079071045]
Trust scores_s2 at iteration 22: [0.49999988079071045, 0.49999988079071045, 0.49999988079071045, 0.49999988079071045, 0.49999988079071045, 0.49999988079071045, 0.49999988079071045, 0.49999988079071045, 0.49999988079071045, 0.49999988079071045]
X.shape (10, 5)
s1 and s2 score at iteration 22
S_1 [1.0, 1.0, 1.0, 1.0, 1.0, 1.0, 1.0, 1.0, 1.0, 1.0]
S_2 [0.1, 0.1, 0.1, 0.1, 0.1, 0.1, 0.1, 0.1, 0.1, 0.1]
Trust scores at iteration 23: [0.0, 0.0, 0.0, 0.0, 0.0, 0.0, 0.0, 0.0, 0.0, 0.0]
Trust scores_s1 at iteration 23: [0.4999999403953552, 0.4999999403953552, 0.4999999403953552, 0.4999999403953552, 0.4999999403953552, 0.4999999403953552, 0.4999999403953552, 0.4999999403953552, 0.4999999403953552, 0.4999999403953552]
Trust scores_s2 at iteration 23: [0.4999999403953552, 0.4999999403953552, 0.4999999403953552, 0.4999999403953552, 0.4999999403953552, 0.4999999403953552, 0.4999999403953552, 0.4999999403953552, 0.4999999403953552, 0.4999999403953552]
X.shape (10, 5)
s1 and s2 score at iteration 23
S_1 [0.9999999999999998, 0.9999999999999998, 0.9999999999999998, 0.9999999999999998, 0.9999999999999998, 0.9999999999999998, 0.9999999999999998, 0.9999999999999998, 0.9999999999999998, 0.9999999999999998]
S_2 [0.1, 0.1, 0.1, 0.1, 0.1, 0.1, 0.1, 0.1, 0.1, 0.1]
Trust scores at iteration 24: [0.0, 0.0, 0.0, 0.0, 0.0, 0.0, 0.0, 0.0, 0.0, 0.0]
Trust scores_s1 at iteration 24: [0.4999999701976776, 0.4999999701976776, 0.4999999701976776, 0.4999999701976776, 0.4999999701976776, 0.4999999701976776, 0.4999999701976776, 0.4999999701976776, 0.4999999701976776, 0.4999999701976776]
Trust scores_s2 at iteration 24: [0.4999999701976776, 0.4999999701976776, 0.4999999701976776, 0.4999999701976776, 0.4999999701976776, 0.4999999701976776, 0.4999999701976776, 0.4999999701976776, 0.4999999701976776, 0.4999999701976776]
X.shape (10, 5)
s1 and s2 score at iteration 24
S_1 [0.9999999999999998, 0.9999999999999998, 0.9999999999999998, 0.9999999999999998, 0.9999999999999998, 0.9999999999999998, 0.9999999999999998, 0.9999999999999998, 0.9999999999999998, 0.9999999999999998]
S_2 [0.1, 0.1, 0.1, 0.1, 0.1, 0.1, 0.1, 0.1, 0.1, 0.1]
Trust scores at iteration 25: [0.0, 0.0, 0.0, 0.0, 0.0, 0.0, 0.0, 0.0, 0.0, 0.0]
Trust scores_s1 at iteration 25: [0.4999999850988388, 0.4999999850988388, 0.4999999850988388, 0.4999999850988388, 0.4999999850988388, 0.4999999850988388, 0.4999999850988388, 0.4999999850988388, 0.4999999850988388, 0.4999999850988388]
Trust scores_s2 at iteration 25: [0.4999999850988388, 0.4999999850988388, 0.4999999850988388, 0.4999999850988388, 0.4999999850988388, 0.4999999850988388, 0.4999999850988388, 0.4999999850988388, 0.4999999850988388, 0.4999999850988388]
X.shape (10, 5)
s1 and s2 score at iteration 25
S_1 [1.0, 1.0, 1.0, 1.0, 1.0, 1.0, 1.0, 1.0, 1.0, 1.0]
S_2 [0.1, 0.1, 0.1, 0.1, 0.1, 0.1, 0.1, 0.1, 0.1, 0.1]
Trust scores at iteration 26: [0.0, 0.0, 0.0, 0.0, 0.0, 0.0, 0.0, 0.0, 0.0, 0.0]
Trust scores_s1 at iteration 26: [0.4999999925494194, 0.4999999925494194, 0.4999999925494194, 0.4999999925494194, 0.4999999925494194, 0.4999999925494194, 0.4999999925494194, 0.4999999925494194, 0.4999999925494194, 0.4999999925494194]
Trust scores_s2 at iteration 26: [0.4999999925494194, 0.4999999925494194, 0.4999999925494194, 0.4999999925494194, 0.4999999925494194, 0.4999999925494194, 0.4999999925494194, 0.4999999925494194, 0.4999999925494194, 0.4999999925494194]
X.shape (10, 5)
s1 and s2 score at iteration 26
S_1 [1.0, 1.0, 1.0, 1.0, 1.0, 1.0, 1.0, 1.0, 1.0, 1.0]
S_2 [0.1, 0.1, 0.1, 0.1, 0.1, 0.1, 0.1, 0.1, 0.1, 0.1]
Trust scores at iteration 27: [0.0, 0.0, 0.0, 0.0, 0.0, 0.0, 0.0, 0.0, 0.0, 0.0]
Trust scores_s1 at iteration 27: [0.4999999962747097, 0.4999999962747097, 0.4999999962747097, 0.4999999962747097, 0.4999999962747097, 0.4999999962747097, 0.4999999962747097, 0.4999999962747097, 0.4999999962747097, 0.4999999962747097]
Trust scores_s2 at iteration 27: [0.4999999962747097, 0.4999999962747097, 0.4999999962747097, 0.4999999962747097, 0.4999999962747097, 0.4999999962747097, 0.4999999962747097, 0.4999999962747097, 0.4999999962747097, 0.4999999962747097]
X.shape (10, 5)
s1 and s2 score at iteration 27
S_1 [1.0, 1.0, 1.0, 1.0, 1.0, 1.0, 1.0, 1.0, 1.0, 1.0]
S_2 [0.1, 0.1, 0.1, 0.1, 0.1, 0.1, 0.1, 0.1, 0.1, 0.1]
Trust scores at iteration 28: [0.0, 0.0, 0.0, 0.0, 0.0, 0.0, 0.0, 0.0, 0.0, 0.0]
Trust scores_s1 at iteration 28: [0.49999999813735485, 0.49999999813735485, 0.49999999813735485, 0.49999999813735485, 0.49999999813735485, 0.49999999813735485, 0.49999999813735485, 0.49999999813735485, 0.49999999813735485, 0.49999999813735485]
Trust scores_s2 at iteration 28: [0.49999999813735485, 0.49999999813735485, 0.49999999813735485, 0.49999999813735485, 0.49999999813735485, 0.49999999813735485, 0.49999999813735485, 0.49999999813735485, 0.49999999813735485, 0.49999999813735485]
X.shape (10, 5)
s1 and s2 score at iteration 28
S_1 [1.0, 1.0, 1.0, 1.0, 1.0, 1.0, 1.0, 1.0, 1.0, 1.0]
S_2 [0.1, 0.1, 0.1, 0.1, 0.1, 0.1, 0.1, 0.1, 0.1, 0.1]
Trust scores at iteration 29: [0.0, 0.0, 0.0, 0.0, 0.0, 0.0, 0.0, 0.0, 0.0, 0.0]
Trust scores_s1 at iteration 29: [0.4999999990686774, 0.4999999990686774, 0.4999999990686774, 0.4999999990686774, 0.4999999990686774, 0.4999999990686774, 0.4999999990686774, 0.4999999990686774, 0.4999999990686774, 0.4999999990686774]
Trust scores_s2 at iteration 29: [0.4999999990686774, 0.4999999990686774, 0.4999999990686774, 0.4999999990686774, 0.4999999990686774, 0.4999999990686774, 0.4999999990686774, 0.4999999990686774, 0.4999999990686774, 0.4999999990686774]
X.shape (10, 5)
s1 and s2 score at iteration 29
S_1 [1.0, 1.0, 1.0, 1.0, 1.0, 1.0, 1.0, 1.0, 1.0, 1.0]
S_2 [0.1, 0.1, 0.1, 0.1, 0.1, 0.1, 0.1, 0.1, 0.1, 0.1]
Trust scores at iteration 30: [0.0, 0.0, 0.0, 0.0, 0.0, 0.0, 0.0, 0.0, 0.0, 0.0]
Trust scores_s1 at iteration 30: [0.4999999995343387, 0.4999999995343387, 0.4999999995343387, 0.4999999995343387, 0.4999999995343387, 0.4999999995343387, 0.4999999995343387, 0.4999999995343387, 0.4999999995343387, 0.4999999995343387]
Trust scores_s2 at iteration 30: [0.4999999995343387, 0.4999999995343387, 0.4999999995343387, 0.4999999995343387, 0.4999999995343387, 0.4999999995343387, 0.4999999995343387, 0.4999999995343387, 0.4999999995343387, 0.4999999995343387]
X.shape (10, 5)
s1 and s2 score at iteration 30
S_1 [1.0, 1.0, 1.0, 1.0, 1.0, 1.0, 1.0, 1.0, 1.0, 1.0]
S_2 [0.1, 0.1, 0.1, 0.1, 0.1, 0.1, 0.1, 0.1, 0.1, 0.1]
Trust scores at iteration 31: [0.0, 0.0, 0.0, 0.0, 0.0, 0.0, 0.0, 0.0, 0.0, 0.0]
Trust scores_s1 at iteration 31: [0.49999999976716936, 0.49999999976716936, 0.49999999976716936, 0.49999999976716936, 0.49999999976716936, 0.49999999976716936, 0.49999999976716936, 0.49999999976716936, 0.49999999976716936, 0.49999999976716936]
Trust scores_s2 at iteration 31: [0.49999999976716936, 0.49999999976716936, 0.49999999976716936, 0.49999999976716936, 0.49999999976716936, 0.49999999976716936, 0.49999999976716936, 0.49999999976716936, 0.49999999976716936, 0.49999999976716936]
X.shape (10, 5)
s1 and s2 score at iteration 31
S_1 [1.0, 1.0, 1.0, 1.0, 1.0, 1.0, 1.0, 1.0, 1.0, 1.0]
S_2 [0.1, 0.1, 0.1, 0.1, 0.1, 0.1, 0.1, 0.1, 0.1, 0.1]
Trust scores at iteration 32: [0.0, 0.0, 0.0, 0.0, 0.0, 0.0, 0.0, 0.0, 0.0, 0.0]
Trust scores_s1 at iteration 32: [0.4999999998835847, 0.4999999998835847, 0.4999999998835847, 0.4999999998835847, 0.4999999998835847, 0.4999999998835847, 0.4999999998835847, 0.4999999998835847, 0.4999999998835847, 0.4999999998835847]
Trust scores_s2 at iteration 32: [0.4999999998835847, 0.4999999998835847, 0.4999999998835847, 0.4999999998835847, 0.4999999998835847, 0.4999999998835847, 0.4999999998835847, 0.4999999998835847, 0.4999999998835847, 0.4999999998835847]
X.shape (10, 5)
s1 and s2 score at iteration 32
S_1 [0.9999999999999998, 0.9999999999999998, 0.9999999999999998, 0.9999999999999998, 0.9999999999999998, 0.9999999999999998, 0.9999999999999998, 0.9999999999999998, 0.9999999999999998, 0.9999999999999998]
S_2 [0.1, 0.1, 0.1, 0.1, 0.1, 0.1, 0.1, 0.1, 0.1, 0.1]
Trust scores at iteration 33: [0.0, 0.0, 0.0, 0.0, 0.0, 0.0, 0.0, 0.0, 0.0, 0.0]
Trust scores_s1 at iteration 33: [0.49999999994179234, 0.49999999994179234, 0.49999999994179234, 0.49999999994179234, 0.49999999994179234, 0.49999999994179234, 0.49999999994179234, 0.49999999994179234, 0.49999999994179234, 0.49999999994179234]
Trust scores_s2 at iteration 33: [0.49999999994179234, 0.49999999994179234, 0.49999999994179234, 0.49999999994179234, 0.49999999994179234, 0.49999999994179234, 0.49999999994179234, 0.49999999994179234, 0.49999999994179234, 0.49999999994179234]
X.shape (10, 5)
s1 and s2 score at iteration 33
S_1 [1.0, 1.0, 1.0, 1.0, 1.0, 1.0, 1.0, 1.0, 1.0, 1.0]
S_2 [0.1, 0.1, 0.1, 0.1, 0.1, 0.1, 0.1, 0.1, 0.1, 0.1]
Trust scores at iteration 34: [0.0, 0.0, 0.0, 0.0, 0.0, 0.0, 0.0, 0.0, 0.0, 0.0]
Trust scores_s1 at iteration 34: [0.49999999997089617, 0.49999999997089617, 0.49999999997089617, 0.49999999997089617, 0.49999999997089617, 0.49999999997089617, 0.49999999997089617, 0.49999999997089617, 0.49999999997089617, 0.49999999997089617]
Trust scores_s2 at iteration 34: [0.49999999997089617, 0.49999999997089617, 0.49999999997089617, 0.49999999997089617, 0.49999999997089617, 0.49999999997089617, 0.49999999997089617, 0.49999999997089617, 0.49999999997089617, 0.49999999997089617]
X.shape (10, 5)
s1 and s2 score at iteration 34
S_1 [1.0, 1.0, 1.0, 1.0, 1.0, 1.0, 1.0, 1.0, 1.0, 1.0]
S_2 [0.1, 0.1, 0.1, 0.1, 0.1, 0.1, 0.1, 0.1, 0.1, 0.1]
Trust scores at iteration 35: [0.0, 0.0, 0.0, 0.0, 0.0, 0.0, 0.0, 0.0, 0.0, 0.0]
Trust scores_s1 at iteration 35: [0.4999999999854481, 0.4999999999854481, 0.4999999999854481, 0.4999999999854481, 0.4999999999854481, 0.4999999999854481, 0.4999999999854481, 0.4999999999854481, 0.4999999999854481, 0.4999999999854481]
Trust scores_s2 at iteration 35: [0.4999999999854481, 0.4999999999854481, 0.4999999999854481, 0.4999999999854481, 0.4999999999854481, 0.4999999999854481, 0.4999999999854481, 0.4999999999854481, 0.4999999999854481, 0.4999999999854481]
X.shape (10, 5)
s1 and s2 score at iteration 35
S_1 [0.9999999999999998, 0.9999999999999998, 0.9999999999999998, 0.9999999999999998, 0.9999999999999998, 0.9999999999999998, 0.9999999999999998, 0.9999999999999998, 0.9999999999999998, 0.9999999999999998]
S_2 [0.1, 0.1, 0.1, 0.1, 0.1, 0.1, 0.1, 0.1, 0.1, 0.1]
Trust scores at iteration 36: [0.0, 0.0, 0.0, 0.0, 0.0, 0.0, 0.0, 0.0, 0.0, 0.0]
Trust scores_s1 at iteration 36: [0.49999999999272404, 0.49999999999272404, 0.49999999999272404, 0.49999999999272404, 0.49999999999272404, 0.49999999999272404, 0.49999999999272404, 0.49999999999272404, 0.49999999999272404, 0.49999999999272404]
Trust scores_s2 at iteration 36: [0.49999999999272404, 0.49999999999272404, 0.49999999999272404, 0.49999999999272404, 0.49999999999272404, 0.49999999999272404, 0.49999999999272404, 0.49999999999272404, 0.49999999999272404, 0.49999999999272404]
X.shape (10, 5)
s1 and s2 score at iteration 36
S_1 [1.0, 1.0, 1.0, 1.0, 1.0, 1.0, 1.0, 1.0, 1.0, 1.0]
S_2 [0.1, 0.1, 0.1, 0.1, 0.1, 0.1, 0.1, 0.1, 0.1, 0.1]
Trust scores at iteration 37: [0.0, 0.0, 0.0, 0.0, 0.0, 0.0, 0.0, 0.0, 0.0, 0.0]
Trust scores_s1 at iteration 37: [0.499999999996362, 0.499999999996362, 0.499999999996362, 0.499999999996362, 0.499999999996362, 0.499999999996362, 0.499999999996362, 0.499999999996362, 0.499999999996362, 0.499999999996362]
Trust scores_s2 at iteration 37: [0.499999999996362, 0.499999999996362, 0.499999999996362, 0.499999999996362, 0.499999999996362, 0.499999999996362, 0.499999999996362, 0.499999999996362, 0.499999999996362, 0.499999999996362]
X.shape (10, 5)
s1 and s2 score at iteration 37
S_1 [1.0, 1.0, 1.0, 1.0, 1.0, 1.0, 1.0, 1.0, 1.0, 1.0]
S_2 [0.1, 0.1, 0.1, 0.1, 0.1, 0.1, 0.1, 0.1, 0.1, 0.1]
Trust scores at iteration 38: [0.0, 0.0, 0.0, 0.0, 0.0, 0.0, 0.0, 0.0, 0.0, 0.0]
Trust scores_s1 at iteration 38: [0.499999999998181, 0.499999999998181, 0.499999999998181, 0.499999999998181, 0.499999999998181, 0.499999999998181, 0.499999999998181, 0.499999999998181, 0.499999999998181, 0.499999999998181]
Trust scores_s2 at iteration 38: [0.499999999998181, 0.499999999998181, 0.499999999998181, 0.499999999998181, 0.499999999998181, 0.499999999998181, 0.499999999998181, 0.499999999998181, 0.499999999998181, 0.499999999998181]
X.shape (10, 5)
s1 and s2 score at iteration 38
S_1 [1.0, 1.0, 1.0, 1.0, 1.0, 1.0, 1.0, 1.0, 1.0, 1.0]
S_2 [0.1, 0.1, 0.1, 0.1, 0.1, 0.1, 0.1, 0.1, 0.1, 0.1]
Trust scores at iteration 39: [0.0, 0.0, 0.0, 0.0, 0.0, 0.0, 0.0, 0.0, 0.0, 0.0]
Trust scores_s1 at iteration 39: [0.4999999999990905, 0.4999999999990905, 0.4999999999990905, 0.4999999999990905, 0.4999999999990905, 0.4999999999990905, 0.4999999999990905, 0.4999999999990905, 0.4999999999990905, 0.4999999999990905]
Trust scores_s2 at iteration 39: [0.4999999999990905, 0.4999999999990905, 0.4999999999990905, 0.4999999999990905, 0.4999999999990905, 0.4999999999990905, 0.4999999999990905, 0.4999999999990905, 0.4999999999990905, 0.4999999999990905]
X.shape (10, 5)
s1 and s2 score at iteration 39
S_1 [1.0, 1.0, 1.0, 1.0, 1.0, 1.0, 1.0, 1.0, 1.0, 1.0]
S_2 [0.1, 0.1, 0.1, 0.1, 0.1, 0.1, 0.1, 0.1, 0.1, 0.1]
Trust scores at iteration 40: [0.0, 0.0, 0.0, 0.0, 0.0, 0.0, 0.0, 0.0, 0.0, 0.0]
Trust scores_s1 at iteration 40: [0.49999999999954525, 0.49999999999954525, 0.49999999999954525, 0.49999999999954525, 0.49999999999954525, 0.49999999999954525, 0.49999999999954525, 0.49999999999954525, 0.49999999999954525, 0.49999999999954525]
Trust scores_s2 at iteration 40: [0.49999999999954525, 0.49999999999954525, 0.49999999999954525, 0.49999999999954525, 0.49999999999954525, 0.49999999999954525, 0.49999999999954525, 0.49999999999954525, 0.49999999999954525, 0.49999999999954525]
X.shape (10, 5)
s1 and s2 score at iteration 40
S_1 [0.9999999999999998, 0.9999999999999998, 0.9999999999999998, 0.9999999999999998, 0.9999999999999998, 0.9999999999999998, 0.9999999999999998, 0.9999999999999998, 0.9999999999999998, 0.9999999999999998]
S_2 [0.1, 0.1, 0.1, 0.1, 0.1, 0.1, 0.1, 0.1, 0.1, 0.1]
Trust scores at iteration 41: [0.0, 0.0, 0.0, 0.0, 0.0, 0.0, 0.0, 0.0, 0.0, 0.0]
Trust scores_s1 at iteration 41: [0.4999999999997726, 0.4999999999997726, 0.4999999999997726, 0.4999999999997726, 0.4999999999997726, 0.4999999999997726, 0.4999999999997726, 0.4999999999997726, 0.4999999999997726, 0.4999999999997726]
Trust scores_s2 at iteration 41: [0.4999999999997726, 0.4999999999997726, 0.4999999999997726, 0.4999999999997726, 0.4999999999997726, 0.4999999999997726, 0.4999999999997726, 0.4999999999997726, 0.4999999999997726, 0.4999999999997726]
X.shape (10, 5)
s1 and s2 score at iteration 41
S_1 [1.0, 1.0, 1.0, 1.0, 1.0, 1.0, 1.0, 1.0, 1.0, 1.0]
S_2 [0.1, 0.1, 0.1, 0.1, 0.1, 0.1, 0.1, 0.1, 0.1, 0.1]
Trust scores at iteration 42: [0.0, 0.0, 0.0, 0.0, 0.0, 0.0, 0.0, 0.0, 0.0, 0.0]
Trust scores_s1 at iteration 42: [0.4999999999998863, 0.4999999999998863, 0.4999999999998863, 0.4999999999998863, 0.4999999999998863, 0.4999999999998863, 0.4999999999998863, 0.4999999999998863, 0.4999999999998863, 0.4999999999998863]
Trust scores_s2 at iteration 42: [0.4999999999998863, 0.4999999999998863, 0.4999999999998863, 0.4999999999998863, 0.4999999999998863, 0.4999999999998863, 0.4999999999998863, 0.4999999999998863, 0.4999999999998863, 0.4999999999998863]
X.shape (10, 5)
s1 and s2 score at iteration 42
S_1 [1.0, 1.0, 1.0, 1.0, 1.0, 1.0, 1.0, 1.0, 1.0, 1.0]
S_2 [0.1, 0.1, 0.1, 0.1, 0.1, 0.1, 0.1, 0.1, 0.1, 0.1]
Trust scores at iteration 43: [0.0, 0.0, 0.0, 0.0, 0.0, 0.0, 0.0, 0.0, 0.0, 0.0]
Trust scores_s1 at iteration 43: [0.49999999999994316, 0.49999999999994316, 0.49999999999994316, 0.49999999999994316, 0.49999999999994316, 0.49999999999994316, 0.49999999999994316, 0.49999999999994316, 0.49999999999994316, 0.49999999999994316]
Trust scores_s2 at iteration 43: [0.49999999999994316, 0.49999999999994316, 0.49999999999994316, 0.49999999999994316, 0.49999999999994316, 0.49999999999994316, 0.49999999999994316, 0.49999999999994316, 0.49999999999994316, 0.49999999999994316]
X.shape (10, 5)
s1 and s2 score at iteration 43
S_1 [1.0, 1.0, 1.0, 1.0, 1.0, 1.0, 1.0, 1.0, 1.0, 1.0]
S_2 [0.1, 0.1, 0.1, 0.1, 0.1, 0.1, 0.1, 0.1, 0.1, 0.1]
Trust scores at iteration 44: [0.0, 0.0, 0.0, 0.0, 0.0, 0.0, 0.0, 0.0, 0.0, 0.0]
Trust scores_s1 at iteration 44: [0.4999999999999716, 0.4999999999999716, 0.4999999999999716, 0.4999999999999716, 0.4999999999999716, 0.4999999999999716, 0.4999999999999716, 0.4999999999999716, 0.4999999999999716, 0.4999999999999716]
Trust scores_s2 at iteration 44: [0.4999999999999716, 0.4999999999999716, 0.4999999999999716, 0.4999999999999716, 0.4999999999999716, 0.4999999999999716, 0.4999999999999716, 0.4999999999999716, 0.4999999999999716, 0.4999999999999716]
X.shape (10, 5)
s1 and s2 score at iteration 44
S_1 [1.0, 1.0, 1.0, 1.0, 1.0, 1.0, 1.0, 1.0, 1.0, 1.0]
S_2 [0.1, 0.1, 0.1, 0.1, 0.1, 0.1, 0.1, 0.1, 0.1, 0.1]
Trust scores at iteration 45: [0.0, 0.0, 0.0, 0.0, 0.0, 0.0, 0.0, 0.0, 0.0, 0.0]
Trust scores_s1 at iteration 45: [0.4999999999999858, 0.4999999999999858, 0.4999999999999858, 0.4999999999999858, 0.4999999999999858, 0.4999999999999858, 0.4999999999999858, 0.4999999999999858, 0.4999999999999858, 0.4999999999999858]
Trust scores_s2 at iteration 45: [0.4999999999999858, 0.4999999999999858, 0.4999999999999858, 0.4999999999999858, 0.4999999999999858, 0.4999999999999858, 0.4999999999999858, 0.4999999999999858, 0.4999999999999858, 0.4999999999999858]
X.shape (10, 5)
s1 and s2 score at iteration 45
S_1 [1.0, 1.0, 1.0, 1.0, 1.0, 1.0, 1.0, 1.0, 1.0, 1.0]
S_2 [0.1, 0.1, 0.1, 0.1, 0.1, 0.1, 0.1, 0.1, 0.1, 0.1]
Trust scores at iteration 46: [0.0, 0.0, 0.0, 0.0, 0.0, 0.0, 0.0, 0.0, 0.0, 0.0]
Trust scores_s1 at iteration 46: [0.4999999999999929, 0.4999999999999929, 0.4999999999999929, 0.4999999999999929, 0.4999999999999929, 0.4999999999999929, 0.4999999999999929, 0.4999999999999929, 0.4999999999999929, 0.4999999999999929]
Trust scores_s2 at iteration 46: [0.4999999999999929, 0.4999999999999929, 0.4999999999999929, 0.4999999999999929, 0.4999999999999929, 0.4999999999999929, 0.4999999999999929, 0.4999999999999929, 0.4999999999999929, 0.4999999999999929]
X.shape (10, 5)
s1 and s2 score at iteration 46
S_1 [1.0, 1.0, 1.0, 1.0, 1.0, 1.0, 1.0, 1.0, 1.0, 1.0]
S_2 [0.1, 0.1, 0.1, 0.1, 0.1, 0.1, 0.1, 0.1, 0.1, 0.1]
Trust scores at iteration 47: [0.0, 0.0, 0.0, 0.0, 0.0, 0.0, 0.0, 0.0, 0.0, 0.0]
Trust scores_s1 at iteration 47: [0.49999999999999645, 0.49999999999999645, 0.49999999999999645, 0.49999999999999645, 0.49999999999999645, 0.49999999999999645, 0.49999999999999645, 0.49999999999999645, 0.49999999999999645, 0.49999999999999645]
Trust scores_s2 at iteration 47: [0.49999999999999645, 0.49999999999999645, 0.49999999999999645, 0.49999999999999645, 0.49999999999999645, 0.49999999999999645, 0.49999999999999645, 0.49999999999999645, 0.49999999999999645, 0.49999999999999645]
X.shape (10, 5)
s1 and s2 score at iteration 47
S_1 [1.0, 1.0, 1.0, 1.0, 1.0, 1.0, 1.0, 1.0, 1.0, 1.0]
S_2 [0.1, 0.1, 0.1, 0.1, 0.1, 0.1, 0.1, 0.1, 0.1, 0.1]
Trust scores at iteration 48: [0.0, 0.0, 0.0, 0.0, 0.0, 0.0, 0.0, 0.0, 0.0, 0.0]
Trust scores_s1 at iteration 48: [0.4999999999999982, 0.4999999999999982, 0.4999999999999982, 0.4999999999999982, 0.4999999999999982, 0.4999999999999982, 0.4999999999999982, 0.4999999999999982, 0.4999999999999982, 0.4999999999999982]
Trust scores_s2 at iteration 48: [0.4999999999999982, 0.4999999999999982, 0.4999999999999982, 0.4999999999999982, 0.4999999999999982, 0.4999999999999982, 0.4999999999999982, 0.4999999999999982, 0.4999999999999982, 0.4999999999999982]
X.shape (10, 5)
s1 and s2 score at iteration 48
S_1 [0.9999999999999998, 0.9999999999999998, 0.9999999999999998, 0.9999999999999998, 0.9999999999999998, 0.9999999999999998, 0.9999999999999998, 0.9999999999999998, 0.9999999999999998, 0.9999999999999998]
S_2 [0.1, 0.1, 0.1, 0.1, 0.1, 0.1, 0.1, 0.1, 0.1, 0.1]
Trust scores at iteration 49: [0.0, 0.0, 0.0, 0.0, 0.0, 0.0, 0.0, 0.0, 0.0, 0.0]
Trust scores_s1 at iteration 49: [0.4999999999999991, 0.4999999999999991, 0.4999999999999991, 0.4999999999999991, 0.4999999999999991, 0.4999999999999991, 0.4999999999999991, 0.4999999999999991, 0.4999999999999991, 0.4999999999999991]
Trust scores_s2 at iteration 49: [0.4999999999999991, 0.4999999999999991, 0.4999999999999991, 0.4999999999999991, 0.4999999999999991, 0.4999999999999991, 0.4999999999999991, 0.4999999999999991, 0.4999999999999991, 0.4999999999999991]
X.shape (10, 5)
s1 and s2 score at iteration 49
S_1 [0.9999999999999998, 0.9999999999999998, 0.9999999999999998, 0.9999999999999998, 0.9999999999999998, 0.9999999999999998, 0.9999999999999998, 0.9999999999999998, 0.9999999999999998, 0.9999999999999998]
S_2 [0.1, 0.1, 0.1, 0.1, 0.1, 0.1, 0.1, 0.1, 0.1, 0.1]
Trust scores at iteration 50: [0.0, 0.0, 0.0, 0.0, 0.0, 0.0, 0.0, 0.0, 0.0, 0.0]
Trust scores_s1 at iteration 50: [0.49999999999999956, 0.49999999999999956, 0.49999999999999956, 0.49999999999999956, 0.49999999999999956, 0.49999999999999956, 0.49999999999999956, 0.49999999999999956, 0.49999999999999956, 0.49999999999999956]
Trust scores_s2 at iteration 50: [0.49999999999999956, 0.49999999999999956, 0.49999999999999956, 0.49999999999999956, 0.49999999999999956, 0.49999999999999956, 0.49999999999999956, 0.49999999999999956, 0.49999999999999956, 0.49999999999999956]
X.shape (10, 5)
s1 and s2 score at iteration 50
S_1 [1.0, 1.0, 1.0, 1.0, 1.0, 1.0, 1.0, 1.0, 1.0, 1.0]
S_2 [0.1, 0.1, 0.1, 0.1, 0.1, 0.1, 0.1, 0.1, 0.1, 0.1]
Trust scores at iteration 51: [0.0, 0.0, 0.0, 0.0, 0.0, 0.0, 0.0, 0.0, 0.0, 0.0]
Trust scores_s1 at iteration 51: [0.4999999999999998, 0.4999999999999998, 0.4999999999999998, 0.4999999999999998, 0.4999999999999998, 0.4999999999999998, 0.4999999999999998, 0.4999999999999998, 0.4999999999999998, 0.4999999999999998]
Trust scores_s2 at iteration 51: [0.4999999999999998, 0.4999999999999998, 0.4999999999999998, 0.4999999999999998, 0.4999999999999998, 0.4999999999999998, 0.4999999999999998, 0.4999999999999998, 0.4999999999999998, 0.4999999999999998]
X.shape (10, 5)
s1 and s2 score at iteration 51
S_1 [1.0, 1.0, 1.0, 1.0, 1.0, 1.0, 1.0, 1.0, 1.0, 1.0]
S_2 [0.1, 0.1, 0.1, 0.1, 0.1, 0.1, 0.1, 0.1, 0.1, 0.1]
Trust scores at iteration 52: [0.0, 0.0, 0.0, 0.0, 0.0, 0.0, 0.0, 0.0, 0.0, 0.0]
Trust scores_s1 at iteration 52: [0.4999999999999999, 0.4999999999999999, 0.4999999999999999, 0.4999999999999999, 0.4999999999999999, 0.4999999999999999, 0.4999999999999999, 0.4999999999999999, 0.4999999999999999, 0.4999999999999999]
Trust scores_s2 at iteration 52: [0.4999999999999999, 0.4999999999999999, 0.4999999999999999, 0.4999999999999999, 0.4999999999999999, 0.4999999999999999, 0.4999999999999999, 0.4999999999999999, 0.4999999999999999, 0.4999999999999999]
X.shape (10, 5)
s1 and s2 score at iteration 52
S_1 [0.9999999999999998, 0.9999999999999998, 0.9999999999999998, 0.9999999999999998, 0.9999999999999998, 0.9999999999999998, 0.9999999999999998, 0.9999999999999998, 0.9999999999999998, 0.9999999999999998]
S_2 [0.1, 0.1, 0.1, 0.1, 0.1, 0.1, 0.1, 0.1, 0.1, 0.1]
Trust scores at iteration 53: [0.0, 0.0, 0.0, 0.0, 0.0, 0.0, 0.0, 0.0, 0.0, 0.0]
Trust scores_s1 at iteration 53: [0.49999999999999994, 0.49999999999999994, 0.49999999999999994, 0.49999999999999994, 0.49999999999999994, 0.49999999999999994, 0.49999999999999994, 0.49999999999999994, 0.49999999999999994, 0.49999999999999994]
Trust scores_s2 at iteration 53: [0.49999999999999994, 0.49999999999999994, 0.49999999999999994, 0.49999999999999994, 0.49999999999999994, 0.49999999999999994, 0.49999999999999994, 0.49999999999999994, 0.49999999999999994, 0.49999999999999994]
X.shape (10, 5)
s1 and s2 score at iteration 53
S_1 [1.0, 1.0, 1.0, 1.0, 1.0, 1.0, 1.0, 1.0, 1.0, 1.0]
S_2 [0.1, 0.1, 0.1, 0.1, 0.1, 0.1, 0.1, 0.1, 0.1, 0.1]
Trust scores at iteration 54: [0.0, 0.0, 0.0, 0.0, 0.0, 0.0, 0.0, 0.0, 0.0, 0.0]
Trust scores_s1 at iteration 54: [0.5, 0.5, 0.5, 0.5, 0.5, 0.5, 0.5, 0.5, 0.5, 0.5]
Trust scores_s2 at iteration 54: [0.5, 0.5, 0.5, 0.5, 0.5, 0.5, 0.5, 0.5, 0.5, 0.5]
X.shape (10, 5)
s1 and s2 score at iteration 54
S_1 [1.0, 1.0, 1.0, 1.0, 1.0, 1.0, 1.0, 1.0, 1.0, 1.0]
S_2 [0.1, 0.1, 0.1, 0.1, 0.1, 0.1, 0.1, 0.1, 0.1, 0.1]
Trust scores at iteration 55: [0.0, 0.0, 0.0, 0.0, 0.0, 0.0, 0.0, 0.0, 0.0, 0.0]
Trust scores_s1 at iteration 55: [0.5, 0.5, 0.5, 0.5, 0.5, 0.5, 0.5, 0.5, 0.5, 0.5]
Trust scores_s2 at iteration 55: [0.5, 0.5, 0.5, 0.5, 0.5, 0.5, 0.5, 0.5, 0.5, 0.5]
X.shape (10, 5)
s1 and s2 score at iteration 55
S_1 [0.9999999999999998, 0.9999999999999998, 0.9999999999999998, 0.9999999999999998, 0.9999999999999998, 0.9999999999999998, 0.9999999999999998, 0.9999999999999998, 0.9999999999999998, 0.9999999999999998]
S_2 [0.1, 0.1, 0.1, 0.1, 0.1, 0.1, 0.1, 0.1, 0.1, 0.1]
Trust scores at iteration 56: [0.0, 0.0, 0.0, 0.0, 0.0, 0.0, 0.0, 0.0, 0.0, 0.0]
Trust scores_s1 at iteration 56: [0.5, 0.5, 0.5, 0.5, 0.5, 0.5, 0.5, 0.5, 0.5, 0.5]
Trust scores_s2 at iteration 56: [0.5, 0.5, 0.5, 0.5, 0.5, 0.5, 0.5, 0.5, 0.5, 0.5]
X.shape (10, 5)
s1 and s2 score at iteration 56
S_1 [1.0, 1.0, 1.0, 1.0, 1.0, 1.0, 1.0, 1.0, 1.0, 1.0]
S_2 [0.1, 0.1, 0.1, 0.1, 0.1, 0.1, 0.1, 0.1, 0.1, 0.1]
Trust scores at iteration 57: [0.0, 0.0, 0.0, 0.0, 0.0, 0.0, 0.0, 0.0, 0.0, 0.0]
Trust scores_s1 at iteration 57: [0.5, 0.5, 0.5, 0.5, 0.5, 0.5, 0.5, 0.5, 0.5, 0.5]
Trust scores_s2 at iteration 57: [0.5, 0.5, 0.5, 0.5, 0.5, 0.5, 0.5, 0.5, 0.5, 0.5]
X.shape (10, 5)
s1 and s2 score at iteration 57
S_1 [0.9999999999999998, 0.9999999999999998, 0.9999999999999998, 0.9999999999999998, 0.9999999999999998, 0.9999999999999998, 0.9999999999999998, 0.9999999999999998, 0.9999999999999998, 0.9999999999999998]
S_2 [0.1, 0.1, 0.1, 0.1, 0.1, 0.1, 0.1, 0.1, 0.1, 0.1]
Trust scores at iteration 58: [0.0, 0.0, 0.0, 0.0, 0.0, 0.0, 0.0, 0.0, 0.0, 0.0]
Trust scores_s1 at iteration 58: [0.5, 0.5, 0.5, 0.5, 0.5, 0.5, 0.5, 0.5, 0.5, 0.5]
Trust scores_s2 at iteration 58: [0.5, 0.5, 0.5, 0.5, 0.5, 0.5, 0.5, 0.5, 0.5, 0.5]
X.shape (10, 5)
s1 and s2 score at iteration 58
S_1 [1.0, 1.0, 1.0, 1.0, 1.0, 1.0, 1.0, 1.0, 1.0, 1.0]
S_2 [0.1, 0.1, 0.1, 0.1, 0.1, 0.1, 0.1, 0.1, 0.1, 0.1]
Trust scores at iteration 59: [0.0, 0.0, 0.0, 0.0, 0.0, 0.0, 0.0, 0.0, 0.0, 0.0]
Trust scores_s1 at iteration 59: [0.5, 0.5, 0.5, 0.5, 0.5, 0.5, 0.5, 0.5, 0.5, 0.5]
Trust scores_s2 at iteration 59: [0.5, 0.5, 0.5, 0.5, 0.5, 0.5, 0.5, 0.5, 0.5, 0.5]
X.shape (10, 5)
s1 and s2 score at iteration 59
S_1 [1.0, 1.0, 1.0, 1.0, 1.0, 1.0, 1.0, 1.0, 1.0, 1.0]
S_2 [0.1, 0.1, 0.1, 0.1, 0.1, 0.1, 0.1, 0.1, 0.1, 0.1]
Trust scores at iteration 60: [0.0, 0.0, 0.0, 0.0, 0.0, 0.0, 0.0, 0.0, 0.0, 0.0]
Trust scores_s1 at iteration 60: [0.5, 0.5, 0.5, 0.5, 0.5, 0.5, 0.5, 0.5, 0.5, 0.5]
Trust scores_s2 at iteration 60: [0.5, 0.5, 0.5, 0.5, 0.5, 0.5, 0.5, 0.5, 0.5, 0.5]
X.shape (10, 5)
s1 and s2 score at iteration 60
S_1 [0.47619522755103993, 0.47619522755103993, 0.47619522755103993, 0.47619522755103993, 0.47619522755103993, 0.3718236781632115, 0.3718236781632115, 0.3718236781632115, 0.23641528938037007, 0.4850269850763927]
S_2 [0.16666666666666666, 0.16666666666666666, 0.16666666666666666, 0.16666666666666666, 0.16666666666666666, 0.2, 0.2, 0.2, 0.2, 0.16666666666666666]
Trust scores at iteration 61: [0.07422893523065693, 0.07422893523065693, 0.07422893523065693, 0.07422893523065693, 0.07422893523065693, -0.11669794712076842, -0.11669794712076842, -0.11669794712076842, -0.25628645760489577, 0.08333333333333337]
Trust scores_s1 at iteration 61: [0.4954478009486618, 0.4954478009486618, 0.4954478009486618, 0.4954478009486618, 0.4954478009486618, 0.4416510264396158, 0.4416510264396158, 0.4416510264396158, 0.3718567711975521, 0.5]
Trust scores_s2 at iteration 61: [0.4583333333333333, 0.4583333333333333, 0.4583333333333333, 0.4583333333333333, 0.4583333333333333, 0.5, 0.5, 0.5, 0.5, 0.4583333333333333]
X.shape (10, 5)
s1 and s2 score at iteration 61
S_1 [0.13160985611934095, 0.13160985611934095, 0.13160985611934095, 0.13160985611934095, 0.13160985611934095, -0.06546703552990343, -0.06546703552990343, -0.06546703552990343, -0.16321021828765725, 0.09191701975968308]
S_2 [0.2, 0.2, 0.2, 0.2, 0.2, 0.2, 0.2, 0.2, 0.2, 0.2]
Trust scores at iteration 62: [0.03711446761532847, 0.03711446761532847, 0.03711446761532847, 0.03711446761532847, 0.03711446761532847, -0.807065283494419, -0.807065283494419, -0.807065283494419, -1.248196403770065, -0.10913068822013322]
Trust scores_s1 at iteration 62: [0.4977239004743309, 0.4977239004743309, 0.4977239004743309, 0.4977239004743309, 0.4977239004743309, 0.09646735825279054, 0.09646735825279054, 0.09646735825279054, -0.12409820188503251, 0.42460132255660005]
Trust scores_s2 at iteration 62: [0.47916666666666663, 0.47916666666666663, 0.47916666666666663, 0.47916666666666663, 0.47916666666666663, 0.5, 0.5, 0.5, 0.5, 0.47916666666666663]
X.shape (10, 5)
s1 and s2 score at iteration 62
S_1 [0.29447251399574814, 0.29447251399574814, 0.29447251399574814, 0.29447251399574814, 0.29447251399574814, 0.15171381898991687, 0.15171381898991687, 0.15171381898991687, 0.0660110309898822, 0.36298981266986874]
S_2 [0.16666666666666666, 0.16666666666666666, 0.16666666666666666, 0.16666666666666666, 0.16666666666666666, 0.2, 0.2, 0.2, 0.2, 0.16666666666666666]
Trust scores at iteration 63: [0.0075114740059024215, 0.0075114740059024215, 0.0075114740059024215, 0.0075114740059024215, 0.0075114740059024215, -0.6945545744647852, -0.6945545744647852, -0.6945545744647852, -1.0331713649796703, 0.02876798922326676]
Trust scores_s1 at iteration 63: [0.45167240366961786, 0.45167240366961786, 0.45167240366961786, 0.45167240366961786, 0.45167240366961786, 0.15272271276760743, 0.15272271276760743, 0.15272271276760743, -0.016585682489835198, 0.46230066127830005]
Trust scores_s2 at iteration 63: [0.44791666666666663, 0.44791666666666663, 0.44791666666666663, 0.44791666666666663, 0.44791666666666663, 0.5, 0.5, 0.5, 0.5, 0.44791666666666663]
X.shape (10, 5)
s1 and s2 score at iteration 63
S_1 [0.44949238308449707, 0.44949238308449707, 0.44949238308449707, 0.44949238308449707, 0.44949238308449707, 0.4454203638277816, 0.4454203638277816, 0.4454203638277816, 0.03367948851943073, 0.5325594799746103]
S_2 [0.16666666666666666, 0.16666666666666666, 0.16666666666666666, 0.16666666666666666, 0.16666666666666666, 0.2, 0.2, 0.2, 0.2, 0.16666666666666666]
Trust scores at iteration 64: [0.009100507543192062, 0.009100507543192062, 0.009100507543192062, 0.009100507543192062, 0.009100507543192062, -0.4290889152509033, -0.4290889152509033, -0.4290889152509033, -0.9849652815901682, 0.09771732794496675]
Trust scores_s1 at iteration 64: [0.43684192043826264, 0.43684192043826264, 0.43684192043826264, 0.43684192043826264, 0.43684192043826264, 0.28545554237454834, 0.28545554237454834, 0.28545554237454834, 0.007517359204915908, 0.48115033063915]
Trust scores_s2 at iteration 64: [0.43229166666666663, 0.43229166666666663, 0.43229166666666663, 0.43229166666666663, 0.43229166666666663, 0.5, 0.5, 0.5, 0.5, 0.43229166666666663]
X.shape (10, 5)
s1 and s2 score at iteration 64
S_1 [0.2946290257076054, 0.2946290257076054, 0.2946290257076054, 0.2946290257076054, 0.2946290257076054, -0.213920639559163, -0.213920639559163, -0.213920639559163, -0.12438603479127638, 0.14568683979575248]
S_2 [0.16666666666666666, 0.16666666666666666, 0.16666666666666666, 0.16666666666666666, 0.16666666666666666, 0.3333333333333333, 0.3333333333333333, 0.3333333333333333, 0.5, 0.16666666666666666]
Trust scores at iteration 65: [0.3378835871049294, 0.3378835871049294, 0.3378835871049294, 0.3378835871049294, 0.3378835871049294, -0.9109116757659479, -0.9109116757659479, -0.9109116757659479, -1.2035718817355185, 0.12942975578168128]
Trust scores_s1 at iteration 65: [0.4684209602191313, 0.4684209602191313, 0.4684209602191313, 0.4684209602191313, 0.4684209602191313, -0.038789171216307344, -0.038789171216307344, -0.038789171216307344, -0.1017859408677593, 0.3641940445575073]
Trust scores_s2 at iteration 65: [0.29947916666666663, 0.29947916666666663, 0.29947916666666663, 0.29947916666666663, 0.29947916666666663, 0.41666666666666663, 0.41666666666666663, 0.41666666666666663, 0.5, 0.29947916666666663]
X.shape (10, 5)
s1 and s2 score at iteration 65
S_1 [0.41243569004051744, 0.41243569004051744, 0.41243569004051744, 0.41243569004051744, 0.41243569004051744, 0.40039919686631137, 0.40039919686631137, 0.40039919686631137, -0.23718646981975422, 0.026708097147414622]
S_2 [0.125, 0.125, 0.125, 0.125, 0.125, 0.125, 0.125, 0.125, 0.2, 0.2]
Trust scores at iteration 66: [0.3564417935524647, 0.3564417935524647, 0.3564417935524647, 0.3564417935524647, 0.3564417935524647, -0.28254780150889536, -0.28254780150889536, -0.28254780150889536, -1.3893295210516823, -0.4029066231184551]
Trust scores_s1 at iteration 66: [0.4842104801095657, 0.4842104801095657, 0.4842104801095657, 0.4842104801095657, 0.4842104801095657, 0.22330943257888564, 0.22330943257888564, 0.22330943257888564, -0.19466476052584114, 0.1982862717741058]
Trust scores_s2 at iteration 66: [0.3059895833333333, 0.3059895833333333, 0.3059895833333333, 0.3059895833333333, 0.3059895833333333, 0.3645833333333333, 0.3645833333333333, 0.3645833333333333, 0.5, 0.3997395833333333]
X.shape (10, 5)
s1 and s2 score at iteration 66
S_1 [0.6398129206853453, 0.6398129206853453, 0.6398129206853453, 0.6398129206853453, 0.6398129206853453, 0.6042439686719164, 0.6042439686719164, 0.6042439686719164, -0.6605247651882614, -0.18260876380204719]
S_2 [0.125, 0.125, 0.125, 0.125, 0.125, 0.125, 0.125, 0.125, 0.5, 0.5]
Trust scores at iteration 67: [0.5532208967762323, 0.5532208967762323, 0.5532208967762323, 0.5532208967762323, 0.5532208967762323, 0.20592973028872608, 0.20592973028872608, 0.20592973028872608, -1.7108506203555631, -0.8441581225268171]
Trust scores_s1 at iteration 67: [0.49210524005478284, 0.49210524005478284, 0.49210524005478284, 0.49210524005478284, 0.49210524005478284, 0.3477565318110297, 0.3477565318110297, 0.3477565318110297, -0.35542531017778156, 0.027790730403258107]
Trust scores_s2 at iteration 67: [0.21549479166666666, 0.21549479166666666, 0.21549479166666666, 0.21549479166666666, 0.21549479166666666, 0.24479166666666666, 0.24479166666666666, 0.24479166666666666, 0.5, 0.44986979166666663]
X.shape (10, 5)
s1 and s2 score at iteration 67
S_1 [0.4518850621379272, 0.4518850621379272, 0.4518850621379272, 0.4518850621379272, 0.4518850621379272, 0.4270270322722255, 0.4270270322722255, 0.4270270322722255, -0.7063650903322359, -0.48532331120610817]
S_2 [0.125, 0.125, 0.125, 0.125, 0.125, 0.125, 0.125, 0.125, 0.5, 0.5]
Trust scores at iteration 68: [0.6516104483881162, 0.6516104483881162, 0.6516104483881162, 0.6516104483881162, 0.6516104483881162, 0.45046005037122683, 0.45046005037122683, 0.45046005037122683, -2.137001367361804, -1.4590776831142618]
Trust scores_s1 at iteration 68: [0.4960526200273914, 0.4960526200273914, 0.4960526200273914, 0.4960526200273914, 0.4960526200273914, 0.4101258585189468, 0.4101258585189468, 0.4101258585189468, -0.5685006836809019, -0.2546039457237976]
Trust scores_s2 at iteration 68: [0.17024739583333331, 0.17024739583333331, 0.17024739583333331, 0.17024739583333331, 0.17024739583333331, 0.18489583333333331, 0.18489583333333331, 0.18489583333333331, 0.5, 0.4749348958333333]
X.shape (10, 5)
s1 and s2 score at iteration 68
S_1 [0.6232512249019183, 0.6232512249019183, 0.6232512249019183, 0.6232512249019183, 0.6232512249019183, 0.5243024699672437, 0.5243024699672437, 0.5243024699672437, -0.2185760466876789, 0.31281840350807616]
S_2 [0.1111111111111111, 0.1111111111111111, 0.1111111111111111, 0.1111111111111111, 0.1111111111111111, 0.1111111111111111, 0.1111111111111111, 0.1111111111111111, 0.5, 0.1111111111111111]
Trust scores at iteration 69: [0.714694113082947, 0.714694113082947, 0.714694113082947, 0.714694113082947, 0.714694113082947, 0.5347377985779012, 0.5347377985779012, 0.5347377985779012, -1.7438521615075813, -0.5896930423490487]
Trust scores_s1 at iteration 69: [0.4980263100136957, 0.4980263100136957, 0.4980263100136957, 0.4980263100136957, 0.4980263100136957, 0.41537237151117284, 0.41537237151117284, 0.41537237151117284, -0.37192608075379063, -0.0018235177023021576]
Trust scores_s2 at iteration 69: [0.1406792534722222, 0.1406792534722222, 0.1406792534722222, 0.1406792534722222, 0.1406792534722222, 0.1480034722222222, 0.1480034722222222, 0.1480034722222222, 0.5, 0.2930230034722222]
X.shape (10, 5)
s1 and s2 score at iteration 69
S_1 [0.12785249490258052, 0.12785249490258052, 0.12785249490258052, 0.12785249490258052, 0.12785249490258052, 0.028233994830120537, 0.028233994830120537, 0.028233994830120537, -0.3490648867648561, -0.09348400920572361]
S_2 [0.2, 0.2, 0.2, 0.2, 0.2, 0.2, 0.2, 0.2, 0.2, 0.2]
Trust scores at iteration 70: [0.3573470565414735, 0.3573470565414735, 0.3573470565414735, 0.3573470565414735, 0.3573470565414735, -0.1222148164937022, -0.1222148164937022, -0.1222148164937022, -2.7370339225320532, -1.1604397357494742]
Trust scores_s1 at iteration 70: [0.49901315500684784, 0.49901315500684784, 0.49901315500684784, 0.49901315500684784, 0.49901315500684784, 0.26289432786426004, 0.26289432786426004, 0.26289432786426004, -0.8685169612660266, -0.183708366138626]
Trust scores_s2 at iteration 70: [0.3203396267361111, 0.3203396267361111, 0.3203396267361111, 0.3203396267361111, 0.3203396267361111, 0.3240017361111111, 0.3240017361111111, 0.3240017361111111, 0.5, 0.3965115017361111]
X.shape (10, 5)
s1 and s2 score at iteration 70
S_1 [0.09695731981650883, 0.09695731981650883, 0.09695731981650883, 0.09695731981650883, 0.09695731981650883, -0.03656483034541626, -0.03656483034541626, -0.03656483034541626, -0.21891730380941032, 0.078844846387454]
S_2 [0.2, 0.2, 0.2, 0.2, 0.2, 0.2, 0.2, 0.2, 0.2, 0.2]
Trust scores at iteration 71: [0.17867352827073674, 0.17867352827073674, 0.17867352827073674, 0.17867352827073674, 0.17867352827073674, -0.7496688825873908, -0.7496688825873908, -0.7496688825873908, -2.99745340579497, -0.673624231069453]
Trust scores_s1 at iteration 71: [0.4995065775034239, 0.4995065775034239, 0.4995065775034239, 0.4995065775034239, 0.4995065775034239, 0.03716642676186019, 0.03716642676186019, 0.03716642676186019, -0.9987267028974851, 0.11144363533332904]
Trust scores_s2 at iteration 71: [0.4101698133680556, 0.4101698133680556, 0.4101698133680556, 0.4101698133680556, 0.4101698133680556, 0.4120008680555556, 0.4120008680555556, 0.4120008680555556, 0.5, 0.4482557508680556]
X.shape (10, 5)
s1 and s2 score at iteration 71
S_1 [0.38784976053027975, 0.38784976053027975, 0.38784976053027975, 0.38784976053027975, 0.38784976053027975, 0.2551944505483492, 0.2551944505483492, 0.2551944505483492, -0.493695141076223, -0.34029203947450504]
S_2 [0.125, 0.125, 0.125, 0.125, 0.125, 0.125, 0.125, 0.125, 0.5, 0.5]
Trust scores at iteration 72: [0.4643367641353684, 0.4643367641353684, 0.4643367641353684, 0.4643367641353684, 0.4643367641353684, -0.17084822482750534, -0.17084822482750534, -0.17084822482750534, -2.6351782252617486, -1.2755026525731503]
Trust scores_s1 at iteration 72: [0.499753288751712, 0.499753288751712, 0.499753288751712, 0.499753288751712, 0.499753288751712, 0.18307632161402515, 0.18307632161402515, 0.18307632161402515, -0.8175891126308742, -0.16362345085254743]
Trust scores_s2 at iteration 72: [0.2675849066840278, 0.2675849066840278, 0.2675849066840278, 0.2675849066840278, 0.2675849066840278, 0.2685004340277778, 0.2685004340277778, 0.2685004340277778, 0.5, 0.4741278754340278]
X.shape (10, 5)
s1 and s2 score at iteration 72
S_1 [0.07641669517289412, 0.07641669517289412, 0.07641669517289412, 0.07641669517289412, 0.07641669517289412, 0.04797401508449146, 0.04797401508449146, 0.04797401508449146, 0.077674337421732, -0.2408194706728309]
S_2 [0.2, 0.2, 0.2, 0.2, 0.2, 0.2, 0.2, 0.2, 0.2, 0.2]
Trust scores at iteration 73: [0.2240727723040017, 0.2240727723040017, 0.2240727723040017, 0.2240727723040017, 0.2240727723040017, -0.27660902189024394, -0.27660902189024394, -0.27660902189024394, -1.3175891126308743, -2.687938161903235]
Trust scores_s1 at iteration 73: [0.49582883949401474, 0.49582883949401474, 0.49582883949401474, 0.49582883949401474, 0.49582883949401474, 0.24594570606876692, 0.24594570606876692, 0.24594570606876692, -0.1587945563154371, -0.8569051432346037]
Trust scores_s2 at iteration 73: [0.3837924533420139, 0.3837924533420139, 0.3837924533420139, 0.3837924533420139, 0.3837924533420139, 0.3842502170138889, 0.3842502170138889, 0.3842502170138889, 0.5, 0.4870639377170139]
X.shape (10, 5)
s1 and s2 score at iteration 73
S_1 [0.1212458320107516, 0.1212458320107516, 0.1212458320107516, 0.1212458320107516, 0.1212458320107516, -0.09641245464069269, -0.09641245464069269, -0.09641245464069269, -0.3844046587724683, -0.3221044747890334]
S_2 [0.2, 0.2, 0.2, 0.2, 0.2, 0.3333333333333333, 0.3333333333333333, 0.3333333333333333, 0.5, 0.5]
Trust scores at iteration 74: [0.41203638615200083, 0.41203638615200083, 0.41203638615200083, 0.41203638615200083, 0.41203638615200083, -0.8692286440683532, -0.8692286440683532, -0.8692286440683532, -2.744022899415845, -3.172280617303937]
Trust scores_s1 at iteration 74: [0.49791441974700734, 0.49791441974700734, 0.49791441974700734, 0.49791441974700734, 0.49791441974700734, -0.07582254686056553, -0.07582254686056553, -0.07582254686056553, -0.8720114497079225, -1.0926083397934616]
Trust scores_s2 at iteration 74: [0.29189622667100695, 0.29189622667100695, 0.29189622667100695, 0.29189622667100695, 0.29189622667100695, 0.3587917751736111, 0.3587917751736111, 0.3587917751736111, 0.5, 0.4935319688585069]
X.shape (10, 5)
s1 and s2 score at iteration 74
S_1 [0.5622933672573391, 0.5622933672573391, 0.5622933672573391, 0.5622933672573391, 0.5622933672573391, 0.3399344027827125, 0.3399344027827125, 0.3399344027827125, -0.5039697544017012, -0.007810833976261786]
S_2 [0.125, 0.125, 0.125, 0.125, 0.125, 0.125, 0.125, 0.125, 0.5, 0.16666666666666666]
Trust scores at iteration 75: [0.5810181930760004, 0.5810181930760004, 0.5810181930760004, 0.5810181930760004, 0.5810181930760004, -0.2573393686225902, -0.2573393686225902, -0.2573393686225902, -2.320149186828921, -1.7597524902678512]
Trust scores_s1 at iteration 75: [0.49895720987350367, 0.49895720987350367, 0.49895720987350367, 0.49895720987350367, 0.49895720987350367, 0.11322620327551043, 0.11322620327551043, 0.11322620327551043, -0.6600745934144606, -0.5497769273713389]
Trust scores_s2 at iteration 75: [0.20844811333550348, 0.20844811333550348, 0.20844811333550348, 0.20844811333550348, 0.20844811333550348, 0.24189588758680555, 0.24189588758680555, 0.24189588758680555, 0.5, 0.3300993177625868]
X.shape (10, 5)
s1 and s2 score at iteration 75
S_1 [0.5588170694856742, 0.5588170694856742, 0.5588170694856742, 0.5588170694856742, 0.5588170694856742, 0.5721639848754678, 0.5721639848754678, 0.5721639848754678, -0.3883878229511588, -0.29790221317376697]
S_2 [0.125, 0.125, 0.125, 0.125, 0.125, 0.125, 0.125, 0.125, 0.5, 0.5]
Trust scores at iteration 76: [0.6538455562395851, 0.6538455562395851, 0.6538455562395851, 0.6538455562395851, 0.6538455562395851, 0.2463303156887049, 0.2463303156887049, 0.2463303156887049, -1.999477136407176, -1.640205644614221]
Trust scores_s1 at iteration 76: [0.4936468347875443, 0.4936468347875443, 0.4936468347875443, 0.4936468347875443, 0.4936468347875443, 0.30661310163775524, 0.30661310163775524, 0.30661310163775524, -0.4997385682035881, -0.4050531634258172]
Trust scores_s2 at iteration 76: [0.16672405666775175, 0.16672405666775175, 0.16672405666775175, 0.16672405666775175, 0.16672405666775175, 0.1834479437934028, 0.1834479437934028, 0.1834479437934028, 0.5, 0.4150496588812934]
X.shape (10, 5)
s1 and s2 score at iteration 76
S_1 [0.2552325571888743, 0.2552325571888743, 0.2552325571888743, 0.2552325571888743, 0.2552325571888743, -0.17806866565467944, -0.17806866565467944, -0.17806866565467944, 0.07700479659994358, -0.072303527951685]
S_2 [0.16666666666666666, 0.16666666666666666, 0.16666666666666666, 0.16666666666666666, 0.16666666666666666, 0.3333333333333333, 0.3333333333333333, 0.3333333333333333, 0.5, 0.16666666666666666]
Trust scores at iteration 77: [0.6602561114531259, 0.6602561114531259, 0.6602561114531259, 0.6602561114531259, 0.6602561114531259, -0.5590042871824179, -0.5590042871824179, -0.5590042871824179, -1.3488863465119811, -1.1284119360581821]
Trust scores_s1 at iteration 77: [0.4968234173937721, 0.4968234173937721, 0.4968234173937721, 0.4968234173937721, 0.4968234173937721, -0.021111505027840927, -0.021111505027840927, -0.021111505027840927, -0.17444317325599062, -0.2733478052551111]
Trust scores_s2 at iteration 77: [0.16669536166720922, 0.16669536166720922, 0.16669536166720922, 0.16669536166720922, 0.16669536166720922, 0.2583906385633681, 0.2583906385633681, 0.2583906385633681, 0.5, 0.29085816277398]
X.shape (10, 5)
s1 and s2 score at iteration 77
S_1 [0.7580215641545835, 0.7580215641545835, 0.7580215641545835, 0.7580215641545835, 0.7580215641545835, 0.8084046999950601, 0.8084046999950601, 0.8084046999950601, 0.082286949417748, 0.5412353507013177]
S_2 [0.1111111111111111, 0.1111111111111111, 0.1111111111111111, 0.1111111111111111, 0.1111111111111111, 0.1111111111111111, 0.1111111111111111, 0.1111111111111111, 0.2, 0.1111111111111111]
Trust scores at iteration 78: [0.5211882029133578, 0.5211882029133578, 0.5211882029133578, 0.5211882029133578, 0.5211882029133578, -0.057279921368986686, -0.057279921368986686, -0.057279921368986686, -1.1235485227064261, -0.5072285478814826]
Trust scores_s1 at iteration 78: [0.48283067117917233, 0.48283067117917233, 0.48283067117917233, 0.48283067117917233, 0.48283067117917233, 0.23944424748607954, 0.23944424748607954, 0.23944424748607954, -0.061774261353213136, 0.03070369633513756]
Trust scores_s2 at iteration 78: [0.22223656972249348, 0.22223656972249348, 0.22223656972249348, 0.22223656972249348, 0.22223656972249348, 0.2680842081705729, 0.2680842081705729, 0.2680842081705729, 0.5, 0.2843179702758789]
X.shape (10, 5)
s1 and s2 score at iteration 78
S_1 [0.6248361224874043, 0.6248361224874043, 0.6248361224874043, 0.6248361224874043, 0.6248361224874043, 0.6491351195547923, 0.6491351195547923, 0.6491351195547923, -0.06440670940620047, 0.2706454874182303]
S_2 [0.1111111111111111, 0.1111111111111111, 0.1111111111111111, 0.1111111111111111, 0.1111111111111111, 0.1111111111111111, 0.1111111111111111, 0.1111111111111111, 0.2, 0.1111111111111111]
Trust scores at iteration 79: [0.4640998836532456, 0.4640998836532456, 0.4640998836532456, 0.4640998836532456, 0.4640998836532456, 0.19358226153772892, 0.19358226153772892, 0.19358226153772892, -1.1113838938210834, -0.322925833156926]
Trust scores_s1 at iteration 79: [0.4820571155767584, 0.4820571155767584, 0.4820571155767584, 0.4820571155767584, 0.4820571155767584, 0.36972212374303975, 0.36972212374303975, 0.36972212374303975, -0.055691946910541676, 0.1195849574483653]
Trust scores_s2 at iteration 79: [0.2500071737501356, 0.2500071737501356, 0.2500071737501356, 0.2500071737501356, 0.2500071737501356, 0.27293099297417533, 0.27293099297417533, 0.27293099297417533, 0.5, 0.2810478740268283]
X.shape (10, 5)
s1 and s2 score at iteration 79
S_1 [0.27677336978688166, 0.27677336978688166, 0.27677336978688166, 0.27677336978688166, 0.27677336978688166, 0.2423356338938015, 0.2423356338938015, 0.2423356338938015, -0.16249401140534486, -0.3133370781018657]
S_2 [0.2, 0.2, 0.2, 0.2, 0.2, 0.25, 0.25, 0.25, 0.25, 0.5]
Trust scores at iteration 80: [0.5320499418266228, 0.5320499418266228, 0.5320499418266228, 0.5320499418266228, 0.5320499418266228, 0.28457825255807856, 0.28457825255807856, 0.28457825255807856, -1.0992426081075835, -1.2275164323902237]
Trust scores_s1 at iteration 80: [0.49102855778837917, 0.49102855778837917, 0.49102855778837917, 0.49102855778837917, 0.49102855778837917, 0.40375462276612695, 0.40375462276612695, 0.40375462276612695, -0.1746213040537917, -0.22323427918169758]
Trust scores_s2 at iteration 80: [0.2250035868750678, 0.2250035868750678, 0.2250035868750678, 0.2250035868750678, 0.2250035868750678, 0.26146549648708767, 0.26146549648708767, 0.26146549648708767, 0.375, 0.39052393701341415]
X.shape (10, 5)
s1 and s2 score at iteration 80
S_1 [0.19186341134444493, 0.19186341134444493, 0.19186341134444493, 0.19186341134444493, 0.19186341134444493, -0.3447141113011662, -0.3447141113011662, -0.3447141113011662, 0.21924588970859998, 0.008058980430218207]
S_2 [0.16666666666666666, 0.16666666666666666, 0.16666666666666666, 0.16666666666666666, 0.16666666666666666, 0.3333333333333333, 0.3333333333333333, 0.3333333333333333, 0.16666666666666666, 0.5]
Trust scores at iteration 81: [0.5369113448063807, 0.5369113448063807, 0.5369113448063807, 0.5369113448063807, 0.5369113448063807, -0.9771800651981484, -0.9771800651981484, -0.9771800651981484, -0.21628797072045836, -1.095379352990585]
Trust scores_s1 at iteration 81: [0.4642907991740576, 0.4642907991740576, 0.4642907991740576, 0.4642907991740576, 0.4642907991740576, -0.1911906176888637, -0.1911906176888637, -0.1911906176888637, 0.16268934797310414, -0.10242770798858544]
Trust scores_s2 at iteration 81: [0.19583512677086723, 0.19583512677086723, 0.19583512677086723, 0.19583512677086723, 0.19583512677086723, 0.2973994149102105, 0.2973994149102105, 0.2973994149102105, 0.2708333333333333, 0.4452619685067071]
X.shape (10, 5)
s1 and s2 score at iteration 81
S_1 [1.0, 1.0, 1.0, 1.0, 1.0, 1.0, 1.0, 1.0, 1.0, 1.0]
S_2 [0.1, 0.1, 0.1, 0.1, 0.1, 0.1, 0.1, 0.1, 0.1, 0.1]
Trust scores at iteration 82: [0.26845567240319035, 0.26845567240319035, 0.26845567240319035, 0.26845567240319035, 0.26845567240319035, -0.4885900325990742, -0.4885900325990742, -0.4885900325990742, -0.10814398536022918, -0.5476896764952925]
Trust scores_s1 at iteration 82: [0.4821453995870288, 0.4821453995870288, 0.4821453995870288, 0.4821453995870288, 0.4821453995870288, 0.15440469115556815, 0.15440469115556815, 0.15440469115556815, 0.3313446739865521, 0.19878614600570726]
Trust scores_s2 at iteration 82: [0.3479175633854336, 0.3479175633854336, 0.3479175633854336, 0.3479175633854336, 0.3479175633854336, 0.39869970745510525, 0.39869970745510525, 0.39869970745510525, 0.38541666666666663, 0.47263098425335354]
X.shape (10, 5)
s1 and s2 score at iteration 82
S_1 [1.0, 1.0, 1.0, 1.0, 1.0, 1.0, 1.0, 1.0, 1.0, 1.0]
S_2 [0.1, 0.1, 0.1, 0.1, 0.1, 0.1, 0.1, 0.1, 0.1, 0.1]
Trust scores at iteration 83: [0.13422783620159517, 0.13422783620159517, 0.13422783620159517, 0.13422783620159517, 0.13422783620159517, -0.2442950162995371, -0.2442950162995371, -0.2442950162995371, -0.05407199268011459, -0.27384483824764627]
Trust scores_s1 at iteration 83: [0.4910726997935144, 0.4910726997935144, 0.4910726997935144, 0.4910726997935144, 0.4910726997935144, 0.32720234557778405, 0.32720234557778405, 0.32720234557778405, 0.41567233699327605, 0.3493930730028536]
Trust scores_s2 at iteration 83: [0.42395878169271684, 0.42395878169271684, 0.42395878169271684, 0.42395878169271684, 0.42395878169271684, 0.44934985372755265, 0.44934985372755265, 0.44934985372755265, 0.4427083333333333, 0.4863154921266768]
X.shape (10, 5)
s1 and s2 score at iteration 83
S_1 [1.0, 1.0, 1.0, 1.0, 1.0, 1.0, 1.0, 1.0, 1.0, 1.0]
S_2 [0.1, 0.1, 0.1, 0.1, 0.1, 0.1, 0.1, 0.1, 0.1, 0.1]
Trust scores at iteration 84: [0.06711391810079759, 0.06711391810079759, 0.06711391810079759, 0.06711391810079759, 0.06711391810079759, -0.12214750814976855, -0.12214750814976855, -0.12214750814976855, -0.027035996340057294, -0.13692241912382314]
Trust scores_s1 at iteration 84: [0.4955363498967572, 0.4955363498967572, 0.4955363498967572, 0.4955363498967572, 0.4955363498967572, 0.413601172788892, 0.413601172788892, 0.413601172788892, 0.457836168496638, 0.4246965365014268]
Trust scores_s2 at iteration 84: [0.4619793908463584, 0.4619793908463584, 0.4619793908463584, 0.4619793908463584, 0.4619793908463584, 0.4746749268637763, 0.4746749268637763, 0.4746749268637763, 0.47135416666666663, 0.4931577460633384]
X.shape (10, 5)
s1 and s2 score at iteration 84
S_1 [0.9999999999999998, 0.9999999999999998, 0.9999999999999998, 0.9999999999999998, 0.9999999999999998, 0.9999999999999998, 0.9999999999999998, 0.9999999999999998, 0.9999999999999998, 0.9999999999999998]
S_2 [0.1, 0.1, 0.1, 0.1, 0.1, 0.1, 0.1, 0.1, 0.1, 0.1]
Trust scores at iteration 85: [0.033556959050398794, 0.033556959050398794, 0.033556959050398794, 0.033556959050398794, 0.033556959050398794, -0.06107375407488427, -0.06107375407488427, -0.06107375407488427, -0.013517998170028647, -0.06846120956191157]
Trust scores_s1 at iteration 85: [0.4977681749483786, 0.4977681749483786, 0.4977681749483786, 0.4977681749483786, 0.4977681749483786, 0.456800586394446, 0.456800586394446, 0.456800586394446, 0.478918084248319, 0.4623482682507134]
Trust scores_s2 at iteration 85: [0.4809896954231792, 0.4809896954231792, 0.4809896954231792, 0.4809896954231792, 0.4809896954231792, 0.48733746343188816, 0.48733746343188816, 0.48733746343188816, 0.4856770833333333, 0.4965788730316692]
X.shape (10, 5)
s1 and s2 score at iteration 85
S_1 [1.0, 1.0, 1.0, 1.0, 1.0, 1.0, 1.0, 1.0, 1.0, 1.0]
S_2 [0.1, 0.1, 0.1, 0.1, 0.1, 0.1, 0.1, 0.1, 0.1, 0.1]
Trust scores at iteration 86: [0.016778479525199397, 0.016778479525199397, 0.016778479525199397, 0.016778479525199397, 0.016778479525199397, -0.030536877037442137, -0.030536877037442137, -0.030536877037442137, -0.006758999085014324, -0.034230604780955784]
Trust scores_s1 at iteration 86: [0.49888408747418933, 0.49888408747418933, 0.49888408747418933, 0.49888408747418933, 0.49888408747418933, 0.478400293197223, 0.478400293197223, 0.478400293197223, 0.48945904212415947, 0.4811741341253567]
Trust scores_s2 at iteration 86: [0.4904948477115896, 0.4904948477115896, 0.4904948477115896, 0.4904948477115896, 0.4904948477115896, 0.49366873171594405, 0.49366873171594405, 0.49366873171594405, 0.49283854166666663, 0.49828943651583457]
X.shape (10, 5)
s1 and s2 score at iteration 86
S_1 [0.9999999999999998, 0.9999999999999998, 0.9999999999999998, 0.9999999999999998, 0.9999999999999998, 0.9999999999999998, 0.9999999999999998, 0.9999999999999998, 0.9999999999999998, 0.9999999999999998]
S_2 [0.1, 0.1, 0.1, 0.1, 0.1, 0.1, 0.1, 0.1, 0.1, 0.1]
Trust scores at iteration 87: [0.008389239762599698, 0.008389239762599698, 0.008389239762599698, 0.008389239762599698, 0.008389239762599698, -0.015268438518721068, -0.015268438518721068, -0.015268438518721068, -0.003379499542507162, -0.017115302390477892]
Trust scores_s1 at iteration 87: [0.49944204373709467, 0.49944204373709467, 0.49944204373709467, 0.49944204373709467, 0.49944204373709467, 0.4892001465986115, 0.4892001465986115, 0.4892001465986115, 0.49472952106207974, 0.49058706706267835]
Trust scores_s2 at iteration 87: [0.4952474238557948, 0.4952474238557948, 0.4952474238557948, 0.4952474238557948, 0.4952474238557948, 0.496834365857972, 0.496834365857972, 0.496834365857972, 0.4964192708333333, 0.4991447182579173]
X.shape (10, 5)
s1 and s2 score at iteration 87
S_1 [0.9999999999999998, 0.9999999999999998, 0.9999999999999998, 0.9999999999999998, 0.9999999999999998, 0.9999999999999998, 0.9999999999999998, 0.9999999999999998, 0.9999999999999998, 0.9999999999999998]
S_2 [0.1, 0.1, 0.1, 0.1, 0.1, 0.1, 0.1, 0.1, 0.1, 0.1]
Trust scores at iteration 88: [0.004194619881299849, 0.004194619881299849, 0.004194619881299849, 0.004194619881299849, 0.004194619881299849, -0.007634219259360534, -0.007634219259360534, -0.007634219259360534, -0.001689749771253581, -0.008557651195238946]
Trust scores_s1 at iteration 88: [0.49972102186854733, 0.49972102186854733, 0.49972102186854733, 0.49972102186854733, 0.49972102186854733, 0.4946000732993058, 0.4946000732993058, 0.4946000732993058, 0.49736476053103984, 0.4952935335313392]
Trust scores_s2 at iteration 88: [0.4976237119278974, 0.4976237119278974, 0.4976237119278974, 0.4976237119278974, 0.4976237119278974, 0.498417182928986, 0.498417182928986, 0.498417182928986, 0.49820963541666663, 0.49957235912895864]
X.shape (10, 5)
s1 and s2 score at iteration 88
S_1 [1.0, 1.0, 1.0, 1.0, 1.0, 1.0, 1.0, 1.0, 1.0, 1.0]
S_2 [0.1, 0.1, 0.1, 0.1, 0.1, 0.1, 0.1, 0.1, 0.1, 0.1]
Trust scores at iteration 89: [0.0020973099406499246, 0.0020973099406499246, 0.0020973099406499246, 0.0020973099406499246, 0.0020973099406499246, -0.003817109629680267, -0.003817109629680267, -0.003817109629680267, -0.0008448748856267905, -0.004278825597619473]
Trust scores_s1 at iteration 89: [0.49986051093427364, 0.49986051093427364, 0.49986051093427364, 0.49986051093427364, 0.49986051093427364, 0.4973000366496529, 0.4973000366496529, 0.4973000366496529, 0.4986823802655199, 0.4976467667656696]
Trust scores_s2 at iteration 89: [0.4988118559639487, 0.4988118559639487, 0.4988118559639487, 0.4988118559639487, 0.4988118559639487, 0.49920859146449303, 0.49920859146449303, 0.49920859146449303, 0.4991048177083333, 0.49978617956447935]
X.shape (10, 5)
s1 and s2 score at iteration 89
S_1 [0.9999999999999998, 0.9999999999999998, 0.9999999999999998, 0.9999999999999998, 0.9999999999999998, 0.9999999999999998, 0.9999999999999998, 0.9999999999999998, 0.9999999999999998, 0.9999999999999998]
S_2 [0.1, 0.1, 0.1, 0.1, 0.1, 0.1, 0.1, 0.1, 0.1, 0.1]
Trust scores at iteration 90: [0.0010486549703249623, 0.0010486549703249623, 0.0010486549703249623, 0.0010486549703249623, 0.0010486549703249623, -0.0019085548148401335, -0.0019085548148401335, -0.0019085548148401335, -0.0004224374428133952, -0.0021394127988097365]
Trust scores_s1 at iteration 90: [0.4999302554671368, 0.4999302554671368, 0.4999302554671368, 0.4999302554671368, 0.4999302554671368, 0.49865001832482647, 0.49865001832482647, 0.49865001832482647, 0.49934119013275996, 0.49882338338283483]
Trust scores_s2 at iteration 90: [0.49940592798197436, 0.49940592798197436, 0.49940592798197436, 0.49940592798197436, 0.49940592798197436, 0.4996042957322465, 0.4996042957322465, 0.4996042957322465, 0.49955240885416663, 0.4998930897822397]
X.shape (10, 5)
s1 and s2 score at iteration 90
S_1 [1.0, 1.0, 1.0, 1.0, 1.0, 1.0, 1.0, 1.0, 1.0, 1.0]
S_2 [0.1, 0.1, 0.1, 0.1, 0.1, 0.1, 0.1, 0.1, 0.1, 0.1]
Trust scores at iteration 91: [0.0005243274851624811, 0.0005243274851624811, 0.0005243274851624811, 0.0005243274851624811, 0.0005243274851624811, -0.0009542774074200668, -0.0009542774074200668, -0.0009542774074200668, -0.0002112187214066976, -0.0010697063994048682]
Trust scores_s1 at iteration 91: [0.4999651277335684, 0.4999651277335684, 0.4999651277335684, 0.4999651277335684, 0.4999651277335684, 0.49932500916241324, 0.49932500916241324, 0.49932500916241324, 0.49967059506638, 0.4994116916914174]
Trust scores_s2 at iteration 91: [0.4997029639909872, 0.4997029639909872, 0.4997029639909872, 0.4997029639909872, 0.4997029639909872, 0.49980214786612326, 0.49980214786612326, 0.49980214786612326, 0.4997762044270833, 0.49994654489111984]
X.shape (10, 5)
s1 and s2 score at iteration 91
S_1 [1.0, 1.0, 1.0, 1.0, 1.0, 1.0, 1.0, 1.0, 1.0, 1.0]
S_2 [0.1, 0.1, 0.1, 0.1, 0.1, 0.1, 0.1, 0.1, 0.1, 0.1]
Trust scores at iteration 92: [0.0002621637425812406, 0.0002621637425812406, 0.0002621637425812406, 0.0002621637425812406, 0.0002621637425812406, -0.0004771387037100334, -0.0004771387037100334, -0.0004771387037100334, -0.0001056093607033488, -0.0005348531997024341]
Trust scores_s1 at iteration 92: [0.4999825638667842, 0.4999825638667842, 0.4999825638667842, 0.4999825638667842, 0.4999825638667842, 0.49966250458120665, 0.49966250458120665, 0.49966250458120665, 0.49983529753319, 0.4997058458457087]
Trust scores_s2 at iteration 92: [0.49985148199549356, 0.49985148199549356, 0.49985148199549356, 0.49985148199549356, 0.49985148199549356, 0.4999010739330616, 0.4999010739330616, 0.4999010739330616, 0.49988810221354163, 0.4999732724455599]
X.shape (10, 5)
s1 and s2 score at iteration 92
S_1 [1.0, 1.0, 1.0, 1.0, 1.0, 1.0, 1.0, 1.0, 1.0, 1.0]
S_2 [0.1, 0.1, 0.1, 0.1, 0.1, 0.1, 0.1, 0.1, 0.1, 0.1]
Trust scores at iteration 93: [0.0001310818712906203, 0.0001310818712906203, 0.0001310818712906203, 0.0001310818712906203, 0.0001310818712906203, -0.0002385693518550167, -0.0002385693518550167, -0.0002385693518550167, -5.28046803516744e-05, -0.00026742659985121706]
Trust scores_s1 at iteration 93: [0.4999912819333921, 0.4999912819333921, 0.4999912819333921, 0.4999912819333921, 0.4999912819333921, 0.4998312522906033, 0.4998312522906033, 0.4998312522906033, 0.499917648766595, 0.4998529229228543]
Trust scores_s2 at iteration 93: [0.4999257409977468, 0.4999257409977468, 0.4999257409977468, 0.4999257409977468, 0.4999257409977468, 0.4999505369665308, 0.4999505369665308, 0.4999505369665308, 0.4999440511067708, 0.49998663622277995]
X.shape (10, 5)
s1 and s2 score at iteration 93
S_1 [1.0, 1.0, 1.0, 1.0, 1.0, 1.0, 1.0, 1.0, 1.0, 1.0]
S_2 [0.1, 0.1, 0.1, 0.1, 0.1, 0.1, 0.1, 0.1, 0.1, 0.1]
Trust scores at iteration 94: [6.554093564531014e-05, 6.554093564531014e-05, 6.554093564531014e-05, 6.554093564531014e-05, 6.554093564531014e-05, -0.00011928467592750835, -0.00011928467592750835, -0.00011928467592750835, -2.64023401758372e-05, -0.00013371329992560853]
Trust scores_s1 at iteration 94: [0.499995640966696, 0.499995640966696, 0.499995640966696, 0.499995640966696, 0.499995640966696, 0.49991562614530166, 0.49991562614530166, 0.49991562614530166, 0.49995882438329753, 0.49992646146142716]
Trust scores_s2 at iteration 94: [0.4999628704988734, 0.4999628704988734, 0.4999628704988734, 0.4999628704988734, 0.4999628704988734, 0.4999752684832654, 0.4999752684832654, 0.4999752684832654, 0.4999720255533854, 0.49999331811139]
X.shape (10, 5)
s1 and s2 score at iteration 94
S_1 [1.0, 1.0, 1.0, 1.0, 1.0, 1.0, 1.0, 1.0, 1.0, 1.0]
S_2 [0.1, 0.1, 0.1, 0.1, 0.1, 0.1, 0.1, 0.1, 0.1, 0.1]
Trust scores at iteration 95: [3.277046782265507e-05, 3.277046782265507e-05, 3.277046782265507e-05, 3.277046782265507e-05, 3.277046782265507e-05, -5.964233796375417e-05, -5.964233796375417e-05, -5.964233796375417e-05, -1.32011700879186e-05, -6.685664996280427e-05]
Trust scores_s1 at iteration 95: [0.499997820483348, 0.499997820483348, 0.499997820483348, 0.499997820483348, 0.499997820483348, 0.49995781307265086, 0.49995781307265086, 0.49995781307265086, 0.49997941219164876, 0.4999632307307136]
Trust scores_s2 at iteration 95: [0.4999814352494367, 0.4999814352494367, 0.4999814352494367, 0.4999814352494367, 0.4999814352494367, 0.49998763424163273, 0.49998763424163273, 0.49998763424163273, 0.4999860127766927, 0.499996659055695]
X.shape (10, 5)
s1 and s2 score at iteration 95
S_1 [1.0, 1.0, 1.0, 1.0, 1.0, 1.0, 1.0, 1.0, 1.0, 1.0]
S_2 [0.1, 0.1, 0.1, 0.1, 0.1, 0.1, 0.1, 0.1, 0.1, 0.1]
Trust scores at iteration 96: [1.6385233911327536e-05, 1.6385233911327536e-05, 1.6385233911327536e-05, 1.6385233911327536e-05, 1.6385233911327536e-05, -2.9821168981877087e-05, -2.9821168981877087e-05, -2.9821168981877087e-05, -6.6005850439593e-06, -3.342832498140213e-05]
Trust scores_s1 at iteration 96: [0.499998910241674, 0.499998910241674, 0.499998910241674, 0.499998910241674, 0.499998910241674, 0.49997890653632543, 0.49997890653632543, 0.49997890653632543, 0.4999897060958244, 0.4999816153653568]
Trust scores_s2 at iteration 96: [0.49999071762471836, 0.49999071762471836, 0.49999071762471836, 0.49999071762471836, 0.49999071762471836, 0.49999381712081636, 0.49999381712081636, 0.49999381712081636, 0.4999930063883463, 0.4999983295278475]
X.shape (10, 5)
s1 and s2 score at iteration 96
S_1 [1.0, 1.0, 1.0, 1.0, 1.0, 1.0, 1.0, 1.0, 1.0, 1.0]
S_2 [0.1, 0.1, 0.1, 0.1, 0.1, 0.1, 0.1, 0.1, 0.1, 0.1]
Trust scores at iteration 97: [8.192616955663768e-06, 8.192616955663768e-06, 8.192616955663768e-06, 8.192616955663768e-06, 8.192616955663768e-06, -1.4910584490938543e-05, -1.4910584490938543e-05, -1.4910584490938543e-05, -3.30029252197965e-06, -1.6714162490701066e-05]
Trust scores_s1 at iteration 97: [0.499999455120837, 0.499999455120837, 0.499999455120837, 0.499999455120837, 0.499999455120837, 0.4999894532681627, 0.4999894532681627, 0.4999894532681627, 0.4999948530479122, 0.4999908076826784]
Trust scores_s2 at iteration 97: [0.4999953588123592, 0.4999953588123592, 0.4999953588123592, 0.4999953588123592, 0.4999953588123592, 0.4999969085604082, 0.4999969085604082, 0.4999969085604082, 0.49999650319417316, 0.49999916476392375]
X.shape (10, 5)
s1 and s2 score at iteration 97
S_1 [1.0, 1.0, 1.0, 1.0, 1.0, 1.0, 1.0, 1.0, 1.0, 1.0]
S_2 [0.1, 0.1, 0.1, 0.1, 0.1, 0.1, 0.1, 0.1, 0.1, 0.1]
Trust scores at iteration 98: [4.096308477831884e-06, 4.096308477831884e-06, 4.096308477831884e-06, 4.096308477831884e-06, 4.096308477831884e-06, -7.455292245469272e-06, -7.455292245469272e-06, -7.455292245469272e-06, -1.650146260989825e-06, -8.357081245350533e-06]
Trust scores_s1 at iteration 98: [0.4999997275604185, 0.4999997275604185, 0.4999997275604185, 0.4999997275604185, 0.4999997275604185, 0.49999472663408134, 0.49999472663408134, 0.49999472663408134, 0.49999742652395607, 0.4999954038413392]
Trust scores_s2 at iteration 98: [0.49999767940617956, 0.49999767940617956, 0.49999767940617956, 0.49999767940617956, 0.49999767940617956, 0.49999845428020406, 0.49999845428020406, 0.49999845428020406, 0.49999825159708655, 0.49999958238196185]
X.shape (10, 5)
s1 and s2 score at iteration 98
S_1 [1.0, 1.0, 1.0, 1.0, 1.0, 1.0, 1.0, 1.0, 1.0, 1.0]
S_2 [0.1, 0.1, 0.1, 0.1, 0.1, 0.1, 0.1, 0.1, 0.1, 0.1]
Trust scores at iteration 99: [2.048154238915942e-06, 2.048154238915942e-06, 2.048154238915942e-06, 2.048154238915942e-06, 2.048154238915942e-06, -3.727646122734636e-06, -3.727646122734636e-06, -3.727646122734636e-06, -8.250731304949126e-07, -4.178540622675267e-06]
Trust scores_s1 at iteration 99: [0.4999998637802092, 0.4999998637802092, 0.4999998637802092, 0.4999998637802092, 0.4999998637802092, 0.4999973633170407, 0.4999973633170407, 0.4999973633170407, 0.49999871326197803, 0.4999977019206696]
Trust scores_s2 at iteration 99: [0.4999988397030898, 0.4999988397030898, 0.4999988397030898, 0.4999988397030898, 0.4999988397030898, 0.49999922714010203, 0.49999922714010203, 0.49999922714010203, 0.4999991257985433, 0.4999997911909809]
X.shape (10, 5)
s1 and s2 score at iteration 99
S_1 [1.0, 1.0, 1.0, 1.0, 1.0, 1.0, 1.0, 1.0, 1.0, 1.0]
S_2 [0.1, 0.1, 0.1, 0.1, 0.1, 0.1, 0.1, 0.1, 0.1, 0.1]
Trust scores at iteration 100: [1.024077119457971e-06, 1.024077119457971e-06, 1.024077119457971e-06, 1.024077119457971e-06, 1.024077119457971e-06, -1.863823061367318e-06, -1.863823061367318e-06, -1.863823061367318e-06, -4.125365652474563e-07, -2.0892703113376333e-06]
Trust scores_s1 at iteration 100: [0.4999999318901046, 0.4999999318901046, 0.4999999318901046, 0.4999999318901046, 0.4999999318901046, 0.49999868165852035, 0.49999868165852035, 0.49999868165852035, 0.49999935663098904, 0.4999988509603348]
Trust scores_s2 at iteration 100: [0.4999994198515449, 0.4999994198515449, 0.4999994198515449, 0.4999994198515449, 0.4999994198515449, 0.499999613570051, 0.499999613570051, 0.499999613570051, 0.4999995628992716, 0.49999989559549046]
