chunks.shape 518399
chunks[0].shape 5
Loaded Tower 5 data for Tower 2 without noise: 518399 chunks
chunks.shape 518399
chunks[0].shape 5
Loaded Tower 5 data for Tower 3 without noise: 518399 chunks
chunks.shape 518399
chunks[0].shape 5
Loaded Tower 5 data for Tower 4 without noise: 518399 chunks
chunks.shape 518399
chunks[0].shape 5
Loaded Tower 5 data for Tower 5 without noise: 518399 chunks
chunks.shape 518399
chunks[0].shape 5
Loaded Tower 5 data for Tower 6 without noise: 518399 chunks
chunks.shape 518399
chunks[0].shape 5
Loaded Tower 5 data for Tower 7 with same noise (chunks 60-80): 518399 chunks
chunks.shape 518399
chunks[0].shape 5
Loaded Tower 5 data for Tower 8 with same noise (chunks 60-80): 518399 chunks
chunks.shape 518399
chunks[0].shape 5
Loaded Tower 5 data for Tower 9 with same noise (chunks 60-80): 518399 chunks
chunks.shape 518399
chunks[0].shape 5
Loaded Tower 5 data for Tower 10 with random noise (chunks 60-80): 518399 chunks
chunks.shape 518399
chunks[0].shape 5
Loaded Tower 5 data for Tower 11 with random noise (chunks 60-80): 518399 chunks
X.shape (10, 5)
s1 and s2 score at iteration 0
S_1 [1.0, 1.0, 1.0, 1.0, 1.0, 1.0, 1.0, 1.0, 1.0, 1.0]
S_2 [0.1, 0.1, 0.1, 0.1, 0.1, 0.1, 0.1, 0.1, 0.1, 0.1]
Trust scores at iteration 1: [0.0, 0.0, 0.0, 0.0, 0.0, 0.0, 0.0, 0.0, 0.0, 0.0]
Trust scores_s1 at iteration 1: [0.25, 0.25, 0.25, 0.25, 0.25, 0.25, 0.25, 0.25, 0.25, 0.25]
Trust scores_s2 at iteration 1: [0.25, 0.25, 0.25, 0.25, 0.25, 0.25, 0.25, 0.25, 0.25, 0.25]
X.shape (10, 5)
s1 and s2 score at iteration 1
S_1 [1.0, 1.0, 1.0, 1.0, 1.0, 1.0, 1.0, 1.0, 1.0, 1.0]
S_2 [0.1, 0.1, 0.1, 0.1, 0.1, 0.1, 0.1, 0.1, 0.1, 0.1]
Trust scores at iteration 2: [0.0, 0.0, 0.0, 0.0, 0.0, 0.0, 0.0, 0.0, 0.0, 0.0]
Trust scores_s1 at iteration 2: [0.375, 0.375, 0.375, 0.375, 0.375, 0.375, 0.375, 0.375, 0.375, 0.375]
Trust scores_s2 at iteration 2: [0.375, 0.375, 0.375, 0.375, 0.375, 0.375, 0.375, 0.375, 0.375, 0.375]
X.shape (10, 5)
s1 and s2 score at iteration 2
S_1 [1.0, 1.0, 1.0, 1.0, 1.0, 1.0, 1.0, 1.0, 1.0, 1.0]
S_2 [0.1, 0.1, 0.1, 0.1, 0.1, 0.1, 0.1, 0.1, 0.1, 0.1]
Trust scores at iteration 3: [0.0, 0.0, 0.0, 0.0, 0.0, 0.0, 0.0, 0.0, 0.0, 0.0]
Trust scores_s1 at iteration 3: [0.4375, 0.4375, 0.4375, 0.4375, 0.4375, 0.4375, 0.4375, 0.4375, 0.4375, 0.4375]
Trust scores_s2 at iteration 3: [0.4375, 0.4375, 0.4375, 0.4375, 0.4375, 0.4375, 0.4375, 0.4375, 0.4375, 0.4375]
X.shape (10, 5)
s1 and s2 score at iteration 3
S_1 [1.0, 1.0, 1.0, 1.0, 1.0, 1.0, 1.0, 1.0, 1.0, 1.0]
S_2 [0.1, 0.1, 0.1, 0.1, 0.1, 0.1, 0.1, 0.1, 0.1, 0.1]
Trust scores at iteration 4: [0.0, 0.0, 0.0, 0.0, 0.0, 0.0, 0.0, 0.0, 0.0, 0.0]
Trust scores_s1 at iteration 4: [0.46875, 0.46875, 0.46875, 0.46875, 0.46875, 0.46875, 0.46875, 0.46875, 0.46875, 0.46875]
Trust scores_s2 at iteration 4: [0.46875, 0.46875, 0.46875, 0.46875, 0.46875, 0.46875, 0.46875, 0.46875, 0.46875, 0.46875]
X.shape (10, 5)
s1 and s2 score at iteration 4
S_1 [0.9999999999999998, 0.9999999999999998, 0.9999999999999998, 0.9999999999999998, 0.9999999999999998, 0.9999999999999998, 0.9999999999999998, 0.9999999999999998, 0.9999999999999998, 0.9999999999999998]
S_2 [0.1, 0.1, 0.1, 0.1, 0.1, 0.1, 0.1, 0.1, 0.1, 0.1]
Trust scores at iteration 5: [0.0, 0.0, 0.0, 0.0, 0.0, 0.0, 0.0, 0.0, 0.0, 0.0]
Trust scores_s1 at iteration 5: [0.484375, 0.484375, 0.484375, 0.484375, 0.484375, 0.484375, 0.484375, 0.484375, 0.484375, 0.484375]
Trust scores_s2 at iteration 5: [0.484375, 0.484375, 0.484375, 0.484375, 0.484375, 0.484375, 0.484375, 0.484375, 0.484375, 0.484375]
X.shape (10, 5)
s1 and s2 score at iteration 5
S_1 [1.0, 1.0, 1.0, 1.0, 1.0, 1.0, 1.0, 1.0, 1.0, 1.0]
S_2 [0.1, 0.1, 0.1, 0.1, 0.1, 0.1, 0.1, 0.1, 0.1, 0.1]
Trust scores at iteration 6: [0.0, 0.0, 0.0, 0.0, 0.0, 0.0, 0.0, 0.0, 0.0, 0.0]
Trust scores_s1 at iteration 6: [0.4921875, 0.4921875, 0.4921875, 0.4921875, 0.4921875, 0.4921875, 0.4921875, 0.4921875, 0.4921875, 0.4921875]
Trust scores_s2 at iteration 6: [0.4921875, 0.4921875, 0.4921875, 0.4921875, 0.4921875, 0.4921875, 0.4921875, 0.4921875, 0.4921875, 0.4921875]
X.shape (10, 5)
s1 and s2 score at iteration 6
S_1 [1.0, 1.0, 1.0, 1.0, 1.0, 1.0, 1.0, 1.0, 1.0, 1.0]
S_2 [0.1, 0.1, 0.1, 0.1, 0.1, 0.1, 0.1, 0.1, 0.1, 0.1]
Trust scores at iteration 7: [0.0, 0.0, 0.0, 0.0, 0.0, 0.0, 0.0, 0.0, 0.0, 0.0]
Trust scores_s1 at iteration 7: [0.49609375, 0.49609375, 0.49609375, 0.49609375, 0.49609375, 0.49609375, 0.49609375, 0.49609375, 0.49609375, 0.49609375]
Trust scores_s2 at iteration 7: [0.49609375, 0.49609375, 0.49609375, 0.49609375, 0.49609375, 0.49609375, 0.49609375, 0.49609375, 0.49609375, 0.49609375]
X.shape (10, 5)
s1 and s2 score at iteration 7
S_1 [0.9999999999999998, 0.9999999999999998, 0.9999999999999998, 0.9999999999999998, 0.9999999999999998, 0.9999999999999998, 0.9999999999999998, 0.9999999999999998, 0.9999999999999998, 0.9999999999999998]
S_2 [0.1, 0.1, 0.1, 0.1, 0.1, 0.1, 0.1, 0.1, 0.1, 0.1]
Trust scores at iteration 8: [0.0, 0.0, 0.0, 0.0, 0.0, 0.0, 0.0, 0.0, 0.0, 0.0]
Trust scores_s1 at iteration 8: [0.498046875, 0.498046875, 0.498046875, 0.498046875, 0.498046875, 0.498046875, 0.498046875, 0.498046875, 0.498046875, 0.498046875]
Trust scores_s2 at iteration 8: [0.498046875, 0.498046875, 0.498046875, 0.498046875, 0.498046875, 0.498046875, 0.498046875, 0.498046875, 0.498046875, 0.498046875]
X.shape (10, 5)
s1 and s2 score at iteration 8
S_1 [1.0, 1.0, 1.0, 1.0, 1.0, 1.0, 1.0, 1.0, 1.0, 1.0]
S_2 [0.1, 0.1, 0.1, 0.1, 0.1, 0.1, 0.1, 0.1, 0.1, 0.1]
Trust scores at iteration 9: [0.0, 0.0, 0.0, 0.0, 0.0, 0.0, 0.0, 0.0, 0.0, 0.0]
Trust scores_s1 at iteration 9: [0.4990234375, 0.4990234375, 0.4990234375, 0.4990234375, 0.4990234375, 0.4990234375, 0.4990234375, 0.4990234375, 0.4990234375, 0.4990234375]
Trust scores_s2 at iteration 9: [0.4990234375, 0.4990234375, 0.4990234375, 0.4990234375, 0.4990234375, 0.4990234375, 0.4990234375, 0.4990234375, 0.4990234375, 0.4990234375]
X.shape (10, 5)
s1 and s2 score at iteration 9
S_1 [1.0, 1.0, 1.0, 1.0, 1.0, 1.0, 1.0, 1.0, 1.0, 1.0]
S_2 [0.1, 0.1, 0.1, 0.1, 0.1, 0.1, 0.1, 0.1, 0.1, 0.1]
Trust scores at iteration 10: [0.0, 0.0, 0.0, 0.0, 0.0, 0.0, 0.0, 0.0, 0.0, 0.0]
Trust scores_s1 at iteration 10: [0.49951171875, 0.49951171875, 0.49951171875, 0.49951171875, 0.49951171875, 0.49951171875, 0.49951171875, 0.49951171875, 0.49951171875, 0.49951171875]
Trust scores_s2 at iteration 10: [0.49951171875, 0.49951171875, 0.49951171875, 0.49951171875, 0.49951171875, 0.49951171875, 0.49951171875, 0.49951171875, 0.49951171875, 0.49951171875]
X.shape (10, 5)
s1 and s2 score at iteration 10
S_1 [1.0, 1.0, 1.0, 1.0, 1.0, 1.0, 1.0, 1.0, 1.0, 1.0]
S_2 [0.1, 0.1, 0.1, 0.1, 0.1, 0.1, 0.1, 0.1, 0.1, 0.1]
Trust scores at iteration 11: [0.0, 0.0, 0.0, 0.0, 0.0, 0.0, 0.0, 0.0, 0.0, 0.0]
Trust scores_s1 at iteration 11: [0.499755859375, 0.499755859375, 0.499755859375, 0.499755859375, 0.499755859375, 0.499755859375, 0.499755859375, 0.499755859375, 0.499755859375, 0.499755859375]
Trust scores_s2 at iteration 11: [0.499755859375, 0.499755859375, 0.499755859375, 0.499755859375, 0.499755859375, 0.499755859375, 0.499755859375, 0.499755859375, 0.499755859375, 0.499755859375]
X.shape (10, 5)
s1 and s2 score at iteration 11
S_1 [1.0, 1.0, 1.0, 1.0, 1.0, 1.0, 1.0, 1.0, 1.0, 1.0]
S_2 [0.1, 0.1, 0.1, 0.1, 0.1, 0.1, 0.1, 0.1, 0.1, 0.1]
Trust scores at iteration 12: [0.0, 0.0, 0.0, 0.0, 0.0, 0.0, 0.0, 0.0, 0.0, 0.0]
Trust scores_s1 at iteration 12: [0.4998779296875, 0.4998779296875, 0.4998779296875, 0.4998779296875, 0.4998779296875, 0.4998779296875, 0.4998779296875, 0.4998779296875, 0.4998779296875, 0.4998779296875]
Trust scores_s2 at iteration 12: [0.4998779296875, 0.4998779296875, 0.4998779296875, 0.4998779296875, 0.4998779296875, 0.4998779296875, 0.4998779296875, 0.4998779296875, 0.4998779296875, 0.4998779296875]
X.shape (10, 5)
s1 and s2 score at iteration 12
S_1 [1.0, 1.0, 1.0, 1.0, 1.0, 1.0, 1.0, 1.0, 1.0, 1.0]
S_2 [0.1, 0.1, 0.1, 0.1, 0.1, 0.1, 0.1, 0.1, 0.1, 0.1]
Trust scores at iteration 13: [0.0, 0.0, 0.0, 0.0, 0.0, 0.0, 0.0, 0.0, 0.0, 0.0]
Trust scores_s1 at iteration 13: [0.49993896484375, 0.49993896484375, 0.49993896484375, 0.49993896484375, 0.49993896484375, 0.49993896484375, 0.49993896484375, 0.49993896484375, 0.49993896484375, 0.49993896484375]
Trust scores_s2 at iteration 13: [0.49993896484375, 0.49993896484375, 0.49993896484375, 0.49993896484375, 0.49993896484375, 0.49993896484375, 0.49993896484375, 0.49993896484375, 0.49993896484375, 0.49993896484375]
X.shape (10, 5)
s1 and s2 score at iteration 13
S_1 [1.0, 1.0, 1.0, 1.0, 1.0, 1.0, 1.0, 1.0, 1.0, 1.0]
S_2 [0.1, 0.1, 0.1, 0.1, 0.1, 0.1, 0.1, 0.1, 0.1, 0.1]
Trust scores at iteration 14: [0.0, 0.0, 0.0, 0.0, 0.0, 0.0, 0.0, 0.0, 0.0, 0.0]
Trust scores_s1 at iteration 14: [0.499969482421875, 0.499969482421875, 0.499969482421875, 0.499969482421875, 0.499969482421875, 0.499969482421875, 0.499969482421875, 0.499969482421875, 0.499969482421875, 0.499969482421875]
Trust scores_s2 at iteration 14: [0.499969482421875, 0.499969482421875, 0.499969482421875, 0.499969482421875, 0.499969482421875, 0.499969482421875, 0.499969482421875, 0.499969482421875, 0.499969482421875, 0.499969482421875]
X.shape (10, 5)
s1 and s2 score at iteration 14
S_1 [1.0, 1.0, 1.0, 1.0, 1.0, 1.0, 1.0, 1.0, 1.0, 1.0]
S_2 [0.1, 0.1, 0.1, 0.1, 0.1, 0.1, 0.1, 0.1, 0.1, 0.1]
Trust scores at iteration 15: [0.0, 0.0, 0.0, 0.0, 0.0, 0.0, 0.0, 0.0, 0.0, 0.0]
Trust scores_s1 at iteration 15: [0.4999847412109375, 0.4999847412109375, 0.4999847412109375, 0.4999847412109375, 0.4999847412109375, 0.4999847412109375, 0.4999847412109375, 0.4999847412109375, 0.4999847412109375, 0.4999847412109375]
Trust scores_s2 at iteration 15: [0.4999847412109375, 0.4999847412109375, 0.4999847412109375, 0.4999847412109375, 0.4999847412109375, 0.4999847412109375, 0.4999847412109375, 0.4999847412109375, 0.4999847412109375, 0.4999847412109375]
X.shape (10, 5)
s1 and s2 score at iteration 15
S_1 [0.9999999999999998, 0.9999999999999998, 0.9999999999999998, 0.9999999999999998, 0.9999999999999998, 0.9999999999999998, 0.9999999999999998, 0.9999999999999998, 0.9999999999999998, 0.9999999999999998]
S_2 [0.1, 0.1, 0.1, 0.1, 0.1, 0.1, 0.1, 0.1, 0.1, 0.1]
Trust scores at iteration 16: [0.0, 0.0, 0.0, 0.0, 0.0, 0.0, 0.0, 0.0, 0.0, 0.0]
Trust scores_s1 at iteration 16: [0.49999237060546875, 0.49999237060546875, 0.49999237060546875, 0.49999237060546875, 0.49999237060546875, 0.49999237060546875, 0.49999237060546875, 0.49999237060546875, 0.49999237060546875, 0.49999237060546875]
Trust scores_s2 at iteration 16: [0.49999237060546875, 0.49999237060546875, 0.49999237060546875, 0.49999237060546875, 0.49999237060546875, 0.49999237060546875, 0.49999237060546875, 0.49999237060546875, 0.49999237060546875, 0.49999237060546875]
X.shape (10, 5)
s1 and s2 score at iteration 16
S_1 [1.0, 1.0, 1.0, 1.0, 1.0, 1.0, 1.0, 1.0, 1.0, 1.0]
S_2 [0.1, 0.1, 0.1, 0.1, 0.1, 0.1, 0.1, 0.1, 0.1, 0.1]
Trust scores at iteration 17: [0.0, 0.0, 0.0, 0.0, 0.0, 0.0, 0.0, 0.0, 0.0, 0.0]
Trust scores_s1 at iteration 17: [0.4999961853027344, 0.4999961853027344, 0.4999961853027344, 0.4999961853027344, 0.4999961853027344, 0.4999961853027344, 0.4999961853027344, 0.4999961853027344, 0.4999961853027344, 0.4999961853027344]
Trust scores_s2 at iteration 17: [0.4999961853027344, 0.4999961853027344, 0.4999961853027344, 0.4999961853027344, 0.4999961853027344, 0.4999961853027344, 0.4999961853027344, 0.4999961853027344, 0.4999961853027344, 0.4999961853027344]
X.shape (10, 5)
s1 and s2 score at iteration 17
S_1 [1.0, 1.0, 1.0, 1.0, 1.0, 1.0, 1.0, 1.0, 1.0, 1.0]
S_2 [0.1, 0.1, 0.1, 0.1, 0.1, 0.1, 0.1, 0.1, 0.1, 0.1]
Trust scores at iteration 18: [0.0, 0.0, 0.0, 0.0, 0.0, 0.0, 0.0, 0.0, 0.0, 0.0]
Trust scores_s1 at iteration 18: [0.4999980926513672, 0.4999980926513672, 0.4999980926513672, 0.4999980926513672, 0.4999980926513672, 0.4999980926513672, 0.4999980926513672, 0.4999980926513672, 0.4999980926513672, 0.4999980926513672]
Trust scores_s2 at iteration 18: [0.4999980926513672, 0.4999980926513672, 0.4999980926513672, 0.4999980926513672, 0.4999980926513672, 0.4999980926513672, 0.4999980926513672, 0.4999980926513672, 0.4999980926513672, 0.4999980926513672]
X.shape (10, 5)
s1 and s2 score at iteration 18
S_1 [1.0, 1.0, 1.0, 1.0, 1.0, 1.0, 1.0, 1.0, 1.0, 1.0]
S_2 [0.1, 0.1, 0.1, 0.1, 0.1, 0.1, 0.1, 0.1, 0.1, 0.1]
Trust scores at iteration 19: [0.0, 0.0, 0.0, 0.0, 0.0, 0.0, 0.0, 0.0, 0.0, 0.0]
Trust scores_s1 at iteration 19: [0.4999990463256836, 0.4999990463256836, 0.4999990463256836, 0.4999990463256836, 0.4999990463256836, 0.4999990463256836, 0.4999990463256836, 0.4999990463256836, 0.4999990463256836, 0.4999990463256836]
Trust scores_s2 at iteration 19: [0.4999990463256836, 0.4999990463256836, 0.4999990463256836, 0.4999990463256836, 0.4999990463256836, 0.4999990463256836, 0.4999990463256836, 0.4999990463256836, 0.4999990463256836, 0.4999990463256836]
X.shape (10, 5)
s1 and s2 score at iteration 19
S_1 [1.0, 1.0, 1.0, 1.0, 1.0, 1.0, 1.0, 1.0, 1.0, 1.0]
S_2 [0.1, 0.1, 0.1, 0.1, 0.1, 0.1, 0.1, 0.1, 0.1, 0.1]
Trust scores at iteration 20: [0.0, 0.0, 0.0, 0.0, 0.0, 0.0, 0.0, 0.0, 0.0, 0.0]
Trust scores_s1 at iteration 20: [0.4999995231628418, 0.4999995231628418, 0.4999995231628418, 0.4999995231628418, 0.4999995231628418, 0.4999995231628418, 0.4999995231628418, 0.4999995231628418, 0.4999995231628418, 0.4999995231628418]
Trust scores_s2 at iteration 20: [0.4999995231628418, 0.4999995231628418, 0.4999995231628418, 0.4999995231628418, 0.4999995231628418, 0.4999995231628418, 0.4999995231628418, 0.4999995231628418, 0.4999995231628418, 0.4999995231628418]
X.shape (10, 5)
s1 and s2 score at iteration 20
S_1 [1.0, 1.0, 1.0, 1.0, 1.0, 1.0, 1.0, 1.0, 1.0, 1.0]
S_2 [0.1, 0.1, 0.1, 0.1, 0.1, 0.1, 0.1, 0.1, 0.1, 0.1]
Trust scores at iteration 21: [0.0, 0.0, 0.0, 0.0, 0.0, 0.0, 0.0, 0.0, 0.0, 0.0]
Trust scores_s1 at iteration 21: [0.4999997615814209, 0.4999997615814209, 0.4999997615814209, 0.4999997615814209, 0.4999997615814209, 0.4999997615814209, 0.4999997615814209, 0.4999997615814209, 0.4999997615814209, 0.4999997615814209]
Trust scores_s2 at iteration 21: [0.4999997615814209, 0.4999997615814209, 0.4999997615814209, 0.4999997615814209, 0.4999997615814209, 0.4999997615814209, 0.4999997615814209, 0.4999997615814209, 0.4999997615814209, 0.4999997615814209]
X.shape (10, 5)
s1 and s2 score at iteration 21
S_1 [1.0, 1.0, 1.0, 1.0, 1.0, 1.0, 1.0, 1.0, 1.0, 1.0]
S_2 [0.1, 0.1, 0.1, 0.1, 0.1, 0.1, 0.1, 0.1, 0.1, 0.1]
Trust scores at iteration 22: [0.0, 0.0, 0.0, 0.0, 0.0, 0.0, 0.0, 0.0, 0.0, 0.0]
Trust scores_s1 at iteration 22: [0.49999988079071045, 0.49999988079071045, 0.49999988079071045, 0.49999988079071045, 0.49999988079071045, 0.49999988079071045, 0.49999988079071045, 0.49999988079071045, 0.49999988079071045, 0.49999988079071045]
Trust scores_s2 at iteration 22: [0.49999988079071045, 0.49999988079071045, 0.49999988079071045, 0.49999988079071045, 0.49999988079071045, 0.49999988079071045, 0.49999988079071045, 0.49999988079071045, 0.49999988079071045, 0.49999988079071045]
X.shape (10, 5)
s1 and s2 score at iteration 22
S_1 [1.0, 1.0, 1.0, 1.0, 1.0, 1.0, 1.0, 1.0, 1.0, 1.0]
S_2 [0.1, 0.1, 0.1, 0.1, 0.1, 0.1, 0.1, 0.1, 0.1, 0.1]
Trust scores at iteration 23: [0.0, 0.0, 0.0, 0.0, 0.0, 0.0, 0.0, 0.0, 0.0, 0.0]
Trust scores_s1 at iteration 23: [0.4999999403953552, 0.4999999403953552, 0.4999999403953552, 0.4999999403953552, 0.4999999403953552, 0.4999999403953552, 0.4999999403953552, 0.4999999403953552, 0.4999999403953552, 0.4999999403953552]
Trust scores_s2 at iteration 23: [0.4999999403953552, 0.4999999403953552, 0.4999999403953552, 0.4999999403953552, 0.4999999403953552, 0.4999999403953552, 0.4999999403953552, 0.4999999403953552, 0.4999999403953552, 0.4999999403953552]
X.shape (10, 5)
s1 and s2 score at iteration 23
S_1 [0.9999999999999998, 0.9999999999999998, 0.9999999999999998, 0.9999999999999998, 0.9999999999999998, 0.9999999999999998, 0.9999999999999998, 0.9999999999999998, 0.9999999999999998, 0.9999999999999998]
S_2 [0.1, 0.1, 0.1, 0.1, 0.1, 0.1, 0.1, 0.1, 0.1, 0.1]
Trust scores at iteration 24: [0.0, 0.0, 0.0, 0.0, 0.0, 0.0, 0.0, 0.0, 0.0, 0.0]
Trust scores_s1 at iteration 24: [0.4999999701976776, 0.4999999701976776, 0.4999999701976776, 0.4999999701976776, 0.4999999701976776, 0.4999999701976776, 0.4999999701976776, 0.4999999701976776, 0.4999999701976776, 0.4999999701976776]
Trust scores_s2 at iteration 24: [0.4999999701976776, 0.4999999701976776, 0.4999999701976776, 0.4999999701976776, 0.4999999701976776, 0.4999999701976776, 0.4999999701976776, 0.4999999701976776, 0.4999999701976776, 0.4999999701976776]
X.shape (10, 5)
s1 and s2 score at iteration 24
S_1 [0.9999999999999998, 0.9999999999999998, 0.9999999999999998, 0.9999999999999998, 0.9999999999999998, 0.9999999999999998, 0.9999999999999998, 0.9999999999999998, 0.9999999999999998, 0.9999999999999998]
S_2 [0.1, 0.1, 0.1, 0.1, 0.1, 0.1, 0.1, 0.1, 0.1, 0.1]
Trust scores at iteration 25: [0.0, 0.0, 0.0, 0.0, 0.0, 0.0, 0.0, 0.0, 0.0, 0.0]
Trust scores_s1 at iteration 25: [0.4999999850988388, 0.4999999850988388, 0.4999999850988388, 0.4999999850988388, 0.4999999850988388, 0.4999999850988388, 0.4999999850988388, 0.4999999850988388, 0.4999999850988388, 0.4999999850988388]
Trust scores_s2 at iteration 25: [0.4999999850988388, 0.4999999850988388, 0.4999999850988388, 0.4999999850988388, 0.4999999850988388, 0.4999999850988388, 0.4999999850988388, 0.4999999850988388, 0.4999999850988388, 0.4999999850988388]
X.shape (10, 5)
s1 and s2 score at iteration 25
S_1 [1.0, 1.0, 1.0, 1.0, 1.0, 1.0, 1.0, 1.0, 1.0, 1.0]
S_2 [0.1, 0.1, 0.1, 0.1, 0.1, 0.1, 0.1, 0.1, 0.1, 0.1]
Trust scores at iteration 26: [0.0, 0.0, 0.0, 0.0, 0.0, 0.0, 0.0, 0.0, 0.0, 0.0]
Trust scores_s1 at iteration 26: [0.4999999925494194, 0.4999999925494194, 0.4999999925494194, 0.4999999925494194, 0.4999999925494194, 0.4999999925494194, 0.4999999925494194, 0.4999999925494194, 0.4999999925494194, 0.4999999925494194]
Trust scores_s2 at iteration 26: [0.4999999925494194, 0.4999999925494194, 0.4999999925494194, 0.4999999925494194, 0.4999999925494194, 0.4999999925494194, 0.4999999925494194, 0.4999999925494194, 0.4999999925494194, 0.4999999925494194]
X.shape (10, 5)
s1 and s2 score at iteration 26
S_1 [1.0, 1.0, 1.0, 1.0, 1.0, 1.0, 1.0, 1.0, 1.0, 1.0]
S_2 [0.1, 0.1, 0.1, 0.1, 0.1, 0.1, 0.1, 0.1, 0.1, 0.1]
Trust scores at iteration 27: [0.0, 0.0, 0.0, 0.0, 0.0, 0.0, 0.0, 0.0, 0.0, 0.0]
Trust scores_s1 at iteration 27: [0.4999999962747097, 0.4999999962747097, 0.4999999962747097, 0.4999999962747097, 0.4999999962747097, 0.4999999962747097, 0.4999999962747097, 0.4999999962747097, 0.4999999962747097, 0.4999999962747097]
Trust scores_s2 at iteration 27: [0.4999999962747097, 0.4999999962747097, 0.4999999962747097, 0.4999999962747097, 0.4999999962747097, 0.4999999962747097, 0.4999999962747097, 0.4999999962747097, 0.4999999962747097, 0.4999999962747097]
X.shape (10, 5)
s1 and s2 score at iteration 27
S_1 [1.0, 1.0, 1.0, 1.0, 1.0, 1.0, 1.0, 1.0, 1.0, 1.0]
S_2 [0.1, 0.1, 0.1, 0.1, 0.1, 0.1, 0.1, 0.1, 0.1, 0.1]
Trust scores at iteration 28: [0.0, 0.0, 0.0, 0.0, 0.0, 0.0, 0.0, 0.0, 0.0, 0.0]
Trust scores_s1 at iteration 28: [0.49999999813735485, 0.49999999813735485, 0.49999999813735485, 0.49999999813735485, 0.49999999813735485, 0.49999999813735485, 0.49999999813735485, 0.49999999813735485, 0.49999999813735485, 0.49999999813735485]
Trust scores_s2 at iteration 28: [0.49999999813735485, 0.49999999813735485, 0.49999999813735485, 0.49999999813735485, 0.49999999813735485, 0.49999999813735485, 0.49999999813735485, 0.49999999813735485, 0.49999999813735485, 0.49999999813735485]
X.shape (10, 5)
s1 and s2 score at iteration 28
S_1 [1.0, 1.0, 1.0, 1.0, 1.0, 1.0, 1.0, 1.0, 1.0, 1.0]
S_2 [0.1, 0.1, 0.1, 0.1, 0.1, 0.1, 0.1, 0.1, 0.1, 0.1]
Trust scores at iteration 29: [0.0, 0.0, 0.0, 0.0, 0.0, 0.0, 0.0, 0.0, 0.0, 0.0]
Trust scores_s1 at iteration 29: [0.4999999990686774, 0.4999999990686774, 0.4999999990686774, 0.4999999990686774, 0.4999999990686774, 0.4999999990686774, 0.4999999990686774, 0.4999999990686774, 0.4999999990686774, 0.4999999990686774]
Trust scores_s2 at iteration 29: [0.4999999990686774, 0.4999999990686774, 0.4999999990686774, 0.4999999990686774, 0.4999999990686774, 0.4999999990686774, 0.4999999990686774, 0.4999999990686774, 0.4999999990686774, 0.4999999990686774]
X.shape (10, 5)
s1 and s2 score at iteration 29
S_1 [1.0, 1.0, 1.0, 1.0, 1.0, 1.0, 1.0, 1.0, 1.0, 1.0]
S_2 [0.1, 0.1, 0.1, 0.1, 0.1, 0.1, 0.1, 0.1, 0.1, 0.1]
Trust scores at iteration 30: [0.0, 0.0, 0.0, 0.0, 0.0, 0.0, 0.0, 0.0, 0.0, 0.0]
Trust scores_s1 at iteration 30: [0.4999999995343387, 0.4999999995343387, 0.4999999995343387, 0.4999999995343387, 0.4999999995343387, 0.4999999995343387, 0.4999999995343387, 0.4999999995343387, 0.4999999995343387, 0.4999999995343387]
Trust scores_s2 at iteration 30: [0.4999999995343387, 0.4999999995343387, 0.4999999995343387, 0.4999999995343387, 0.4999999995343387, 0.4999999995343387, 0.4999999995343387, 0.4999999995343387, 0.4999999995343387, 0.4999999995343387]
X.shape (10, 5)
s1 and s2 score at iteration 30
S_1 [1.0, 1.0, 1.0, 1.0, 1.0, 1.0, 1.0, 1.0, 1.0, 1.0]
S_2 [0.1, 0.1, 0.1, 0.1, 0.1, 0.1, 0.1, 0.1, 0.1, 0.1]
Trust scores at iteration 31: [0.0, 0.0, 0.0, 0.0, 0.0, 0.0, 0.0, 0.0, 0.0, 0.0]
Trust scores_s1 at iteration 31: [0.49999999976716936, 0.49999999976716936, 0.49999999976716936, 0.49999999976716936, 0.49999999976716936, 0.49999999976716936, 0.49999999976716936, 0.49999999976716936, 0.49999999976716936, 0.49999999976716936]
Trust scores_s2 at iteration 31: [0.49999999976716936, 0.49999999976716936, 0.49999999976716936, 0.49999999976716936, 0.49999999976716936, 0.49999999976716936, 0.49999999976716936, 0.49999999976716936, 0.49999999976716936, 0.49999999976716936]
X.shape (10, 5)
s1 and s2 score at iteration 31
S_1 [1.0, 1.0, 1.0, 1.0, 1.0, 1.0, 1.0, 1.0, 1.0, 1.0]
S_2 [0.1, 0.1, 0.1, 0.1, 0.1, 0.1, 0.1, 0.1, 0.1, 0.1]
Trust scores at iteration 32: [0.0, 0.0, 0.0, 0.0, 0.0, 0.0, 0.0, 0.0, 0.0, 0.0]
Trust scores_s1 at iteration 32: [0.4999999998835847, 0.4999999998835847, 0.4999999998835847, 0.4999999998835847, 0.4999999998835847, 0.4999999998835847, 0.4999999998835847, 0.4999999998835847, 0.4999999998835847, 0.4999999998835847]
Trust scores_s2 at iteration 32: [0.4999999998835847, 0.4999999998835847, 0.4999999998835847, 0.4999999998835847, 0.4999999998835847, 0.4999999998835847, 0.4999999998835847, 0.4999999998835847, 0.4999999998835847, 0.4999999998835847]
X.shape (10, 5)
s1 and s2 score at iteration 32
S_1 [0.9999999999999998, 0.9999999999999998, 0.9999999999999998, 0.9999999999999998, 0.9999999999999998, 0.9999999999999998, 0.9999999999999998, 0.9999999999999998, 0.9999999999999998, 0.9999999999999998]
S_2 [0.1, 0.1, 0.1, 0.1, 0.1, 0.1, 0.1, 0.1, 0.1, 0.1]
Trust scores at iteration 33: [0.0, 0.0, 0.0, 0.0, 0.0, 0.0, 0.0, 0.0, 0.0, 0.0]
Trust scores_s1 at iteration 33: [0.49999999994179234, 0.49999999994179234, 0.49999999994179234, 0.49999999994179234, 0.49999999994179234, 0.49999999994179234, 0.49999999994179234, 0.49999999994179234, 0.49999999994179234, 0.49999999994179234]
Trust scores_s2 at iteration 33: [0.49999999994179234, 0.49999999994179234, 0.49999999994179234, 0.49999999994179234, 0.49999999994179234, 0.49999999994179234, 0.49999999994179234, 0.49999999994179234, 0.49999999994179234, 0.49999999994179234]
X.shape (10, 5)
s1 and s2 score at iteration 33
S_1 [1.0, 1.0, 1.0, 1.0, 1.0, 1.0, 1.0, 1.0, 1.0, 1.0]
S_2 [0.1, 0.1, 0.1, 0.1, 0.1, 0.1, 0.1, 0.1, 0.1, 0.1]
Trust scores at iteration 34: [0.0, 0.0, 0.0, 0.0, 0.0, 0.0, 0.0, 0.0, 0.0, 0.0]
Trust scores_s1 at iteration 34: [0.49999999997089617, 0.49999999997089617, 0.49999999997089617, 0.49999999997089617, 0.49999999997089617, 0.49999999997089617, 0.49999999997089617, 0.49999999997089617, 0.49999999997089617, 0.49999999997089617]
Trust scores_s2 at iteration 34: [0.49999999997089617, 0.49999999997089617, 0.49999999997089617, 0.49999999997089617, 0.49999999997089617, 0.49999999997089617, 0.49999999997089617, 0.49999999997089617, 0.49999999997089617, 0.49999999997089617]
X.shape (10, 5)
s1 and s2 score at iteration 34
S_1 [1.0, 1.0, 1.0, 1.0, 1.0, 1.0, 1.0, 1.0, 1.0, 1.0]
S_2 [0.1, 0.1, 0.1, 0.1, 0.1, 0.1, 0.1, 0.1, 0.1, 0.1]
Trust scores at iteration 35: [0.0, 0.0, 0.0, 0.0, 0.0, 0.0, 0.0, 0.0, 0.0, 0.0]
Trust scores_s1 at iteration 35: [0.4999999999854481, 0.4999999999854481, 0.4999999999854481, 0.4999999999854481, 0.4999999999854481, 0.4999999999854481, 0.4999999999854481, 0.4999999999854481, 0.4999999999854481, 0.4999999999854481]
Trust scores_s2 at iteration 35: [0.4999999999854481, 0.4999999999854481, 0.4999999999854481, 0.4999999999854481, 0.4999999999854481, 0.4999999999854481, 0.4999999999854481, 0.4999999999854481, 0.4999999999854481, 0.4999999999854481]
X.shape (10, 5)
s1 and s2 score at iteration 35
S_1 [0.9999999999999998, 0.9999999999999998, 0.9999999999999998, 0.9999999999999998, 0.9999999999999998, 0.9999999999999998, 0.9999999999999998, 0.9999999999999998, 0.9999999999999998, 0.9999999999999998]
S_2 [0.1, 0.1, 0.1, 0.1, 0.1, 0.1, 0.1, 0.1, 0.1, 0.1]
Trust scores at iteration 36: [0.0, 0.0, 0.0, 0.0, 0.0, 0.0, 0.0, 0.0, 0.0, 0.0]
Trust scores_s1 at iteration 36: [0.49999999999272404, 0.49999999999272404, 0.49999999999272404, 0.49999999999272404, 0.49999999999272404, 0.49999999999272404, 0.49999999999272404, 0.49999999999272404, 0.49999999999272404, 0.49999999999272404]
Trust scores_s2 at iteration 36: [0.49999999999272404, 0.49999999999272404, 0.49999999999272404, 0.49999999999272404, 0.49999999999272404, 0.49999999999272404, 0.49999999999272404, 0.49999999999272404, 0.49999999999272404, 0.49999999999272404]
X.shape (10, 5)
s1 and s2 score at iteration 36
S_1 [1.0, 1.0, 1.0, 1.0, 1.0, 1.0, 1.0, 1.0, 1.0, 1.0]
S_2 [0.1, 0.1, 0.1, 0.1, 0.1, 0.1, 0.1, 0.1, 0.1, 0.1]
Trust scores at iteration 37: [0.0, 0.0, 0.0, 0.0, 0.0, 0.0, 0.0, 0.0, 0.0, 0.0]
Trust scores_s1 at iteration 37: [0.499999999996362, 0.499999999996362, 0.499999999996362, 0.499999999996362, 0.499999999996362, 0.499999999996362, 0.499999999996362, 0.499999999996362, 0.499999999996362, 0.499999999996362]
Trust scores_s2 at iteration 37: [0.499999999996362, 0.499999999996362, 0.499999999996362, 0.499999999996362, 0.499999999996362, 0.499999999996362, 0.499999999996362, 0.499999999996362, 0.499999999996362, 0.499999999996362]
X.shape (10, 5)
s1 and s2 score at iteration 37
S_1 [1.0, 1.0, 1.0, 1.0, 1.0, 1.0, 1.0, 1.0, 1.0, 1.0]
S_2 [0.1, 0.1, 0.1, 0.1, 0.1, 0.1, 0.1, 0.1, 0.1, 0.1]
Trust scores at iteration 38: [0.0, 0.0, 0.0, 0.0, 0.0, 0.0, 0.0, 0.0, 0.0, 0.0]
Trust scores_s1 at iteration 38: [0.499999999998181, 0.499999999998181, 0.499999999998181, 0.499999999998181, 0.499999999998181, 0.499999999998181, 0.499999999998181, 0.499999999998181, 0.499999999998181, 0.499999999998181]
Trust scores_s2 at iteration 38: [0.499999999998181, 0.499999999998181, 0.499999999998181, 0.499999999998181, 0.499999999998181, 0.499999999998181, 0.499999999998181, 0.499999999998181, 0.499999999998181, 0.499999999998181]
X.shape (10, 5)
s1 and s2 score at iteration 38
S_1 [1.0, 1.0, 1.0, 1.0, 1.0, 1.0, 1.0, 1.0, 1.0, 1.0]
S_2 [0.1, 0.1, 0.1, 0.1, 0.1, 0.1, 0.1, 0.1, 0.1, 0.1]
Trust scores at iteration 39: [0.0, 0.0, 0.0, 0.0, 0.0, 0.0, 0.0, 0.0, 0.0, 0.0]
Trust scores_s1 at iteration 39: [0.4999999999990905, 0.4999999999990905, 0.4999999999990905, 0.4999999999990905, 0.4999999999990905, 0.4999999999990905, 0.4999999999990905, 0.4999999999990905, 0.4999999999990905, 0.4999999999990905]
Trust scores_s2 at iteration 39: [0.4999999999990905, 0.4999999999990905, 0.4999999999990905, 0.4999999999990905, 0.4999999999990905, 0.4999999999990905, 0.4999999999990905, 0.4999999999990905, 0.4999999999990905, 0.4999999999990905]
X.shape (10, 5)
s1 and s2 score at iteration 39
S_1 [1.0, 1.0, 1.0, 1.0, 1.0, 1.0, 1.0, 1.0, 1.0, 1.0]
S_2 [0.1, 0.1, 0.1, 0.1, 0.1, 0.1, 0.1, 0.1, 0.1, 0.1]
Trust scores at iteration 40: [0.0, 0.0, 0.0, 0.0, 0.0, 0.0, 0.0, 0.0, 0.0, 0.0]
Trust scores_s1 at iteration 40: [0.49999999999954525, 0.49999999999954525, 0.49999999999954525, 0.49999999999954525, 0.49999999999954525, 0.49999999999954525, 0.49999999999954525, 0.49999999999954525, 0.49999999999954525, 0.49999999999954525]
Trust scores_s2 at iteration 40: [0.49999999999954525, 0.49999999999954525, 0.49999999999954525, 0.49999999999954525, 0.49999999999954525, 0.49999999999954525, 0.49999999999954525, 0.49999999999954525, 0.49999999999954525, 0.49999999999954525]
X.shape (10, 5)
s1 and s2 score at iteration 40
S_1 [0.9999999999999998, 0.9999999999999998, 0.9999999999999998, 0.9999999999999998, 0.9999999999999998, 0.9999999999999998, 0.9999999999999998, 0.9999999999999998, 0.9999999999999998, 0.9999999999999998]
S_2 [0.1, 0.1, 0.1, 0.1, 0.1, 0.1, 0.1, 0.1, 0.1, 0.1]
Trust scores at iteration 41: [0.0, 0.0, 0.0, 0.0, 0.0, 0.0, 0.0, 0.0, 0.0, 0.0]
Trust scores_s1 at iteration 41: [0.4999999999997726, 0.4999999999997726, 0.4999999999997726, 0.4999999999997726, 0.4999999999997726, 0.4999999999997726, 0.4999999999997726, 0.4999999999997726, 0.4999999999997726, 0.4999999999997726]
Trust scores_s2 at iteration 41: [0.4999999999997726, 0.4999999999997726, 0.4999999999997726, 0.4999999999997726, 0.4999999999997726, 0.4999999999997726, 0.4999999999997726, 0.4999999999997726, 0.4999999999997726, 0.4999999999997726]
X.shape (10, 5)
s1 and s2 score at iteration 41
S_1 [1.0, 1.0, 1.0, 1.0, 1.0, 1.0, 1.0, 1.0, 1.0, 1.0]
S_2 [0.1, 0.1, 0.1, 0.1, 0.1, 0.1, 0.1, 0.1, 0.1, 0.1]
Trust scores at iteration 42: [0.0, 0.0, 0.0, 0.0, 0.0, 0.0, 0.0, 0.0, 0.0, 0.0]
Trust scores_s1 at iteration 42: [0.4999999999998863, 0.4999999999998863, 0.4999999999998863, 0.4999999999998863, 0.4999999999998863, 0.4999999999998863, 0.4999999999998863, 0.4999999999998863, 0.4999999999998863, 0.4999999999998863]
Trust scores_s2 at iteration 42: [0.4999999999998863, 0.4999999999998863, 0.4999999999998863, 0.4999999999998863, 0.4999999999998863, 0.4999999999998863, 0.4999999999998863, 0.4999999999998863, 0.4999999999998863, 0.4999999999998863]
X.shape (10, 5)
s1 and s2 score at iteration 42
S_1 [1.0, 1.0, 1.0, 1.0, 1.0, 1.0, 1.0, 1.0, 1.0, 1.0]
S_2 [0.1, 0.1, 0.1, 0.1, 0.1, 0.1, 0.1, 0.1, 0.1, 0.1]
Trust scores at iteration 43: [0.0, 0.0, 0.0, 0.0, 0.0, 0.0, 0.0, 0.0, 0.0, 0.0]
Trust scores_s1 at iteration 43: [0.49999999999994316, 0.49999999999994316, 0.49999999999994316, 0.49999999999994316, 0.49999999999994316, 0.49999999999994316, 0.49999999999994316, 0.49999999999994316, 0.49999999999994316, 0.49999999999994316]
Trust scores_s2 at iteration 43: [0.49999999999994316, 0.49999999999994316, 0.49999999999994316, 0.49999999999994316, 0.49999999999994316, 0.49999999999994316, 0.49999999999994316, 0.49999999999994316, 0.49999999999994316, 0.49999999999994316]
X.shape (10, 5)
s1 and s2 score at iteration 43
S_1 [1.0, 1.0, 1.0, 1.0, 1.0, 1.0, 1.0, 1.0, 1.0, 1.0]
S_2 [0.1, 0.1, 0.1, 0.1, 0.1, 0.1, 0.1, 0.1, 0.1, 0.1]
Trust scores at iteration 44: [0.0, 0.0, 0.0, 0.0, 0.0, 0.0, 0.0, 0.0, 0.0, 0.0]
Trust scores_s1 at iteration 44: [0.4999999999999716, 0.4999999999999716, 0.4999999999999716, 0.4999999999999716, 0.4999999999999716, 0.4999999999999716, 0.4999999999999716, 0.4999999999999716, 0.4999999999999716, 0.4999999999999716]
Trust scores_s2 at iteration 44: [0.4999999999999716, 0.4999999999999716, 0.4999999999999716, 0.4999999999999716, 0.4999999999999716, 0.4999999999999716, 0.4999999999999716, 0.4999999999999716, 0.4999999999999716, 0.4999999999999716]
X.shape (10, 5)
s1 and s2 score at iteration 44
S_1 [1.0, 1.0, 1.0, 1.0, 1.0, 1.0, 1.0, 1.0, 1.0, 1.0]
S_2 [0.1, 0.1, 0.1, 0.1, 0.1, 0.1, 0.1, 0.1, 0.1, 0.1]
Trust scores at iteration 45: [0.0, 0.0, 0.0, 0.0, 0.0, 0.0, 0.0, 0.0, 0.0, 0.0]
Trust scores_s1 at iteration 45: [0.4999999999999858, 0.4999999999999858, 0.4999999999999858, 0.4999999999999858, 0.4999999999999858, 0.4999999999999858, 0.4999999999999858, 0.4999999999999858, 0.4999999999999858, 0.4999999999999858]
Trust scores_s2 at iteration 45: [0.4999999999999858, 0.4999999999999858, 0.4999999999999858, 0.4999999999999858, 0.4999999999999858, 0.4999999999999858, 0.4999999999999858, 0.4999999999999858, 0.4999999999999858, 0.4999999999999858]
X.shape (10, 5)
s1 and s2 score at iteration 45
S_1 [1.0, 1.0, 1.0, 1.0, 1.0, 1.0, 1.0, 1.0, 1.0, 1.0]
S_2 [0.1, 0.1, 0.1, 0.1, 0.1, 0.1, 0.1, 0.1, 0.1, 0.1]
Trust scores at iteration 46: [0.0, 0.0, 0.0, 0.0, 0.0, 0.0, 0.0, 0.0, 0.0, 0.0]
Trust scores_s1 at iteration 46: [0.4999999999999929, 0.4999999999999929, 0.4999999999999929, 0.4999999999999929, 0.4999999999999929, 0.4999999999999929, 0.4999999999999929, 0.4999999999999929, 0.4999999999999929, 0.4999999999999929]
Trust scores_s2 at iteration 46: [0.4999999999999929, 0.4999999999999929, 0.4999999999999929, 0.4999999999999929, 0.4999999999999929, 0.4999999999999929, 0.4999999999999929, 0.4999999999999929, 0.4999999999999929, 0.4999999999999929]
X.shape (10, 5)
s1 and s2 score at iteration 46
S_1 [1.0, 1.0, 1.0, 1.0, 1.0, 1.0, 1.0, 1.0, 1.0, 1.0]
S_2 [0.1, 0.1, 0.1, 0.1, 0.1, 0.1, 0.1, 0.1, 0.1, 0.1]
Trust scores at iteration 47: [0.0, 0.0, 0.0, 0.0, 0.0, 0.0, 0.0, 0.0, 0.0, 0.0]
Trust scores_s1 at iteration 47: [0.49999999999999645, 0.49999999999999645, 0.49999999999999645, 0.49999999999999645, 0.49999999999999645, 0.49999999999999645, 0.49999999999999645, 0.49999999999999645, 0.49999999999999645, 0.49999999999999645]
Trust scores_s2 at iteration 47: [0.49999999999999645, 0.49999999999999645, 0.49999999999999645, 0.49999999999999645, 0.49999999999999645, 0.49999999999999645, 0.49999999999999645, 0.49999999999999645, 0.49999999999999645, 0.49999999999999645]
X.shape (10, 5)
s1 and s2 score at iteration 47
S_1 [1.0, 1.0, 1.0, 1.0, 1.0, 1.0, 1.0, 1.0, 1.0, 1.0]
S_2 [0.1, 0.1, 0.1, 0.1, 0.1, 0.1, 0.1, 0.1, 0.1, 0.1]
Trust scores at iteration 48: [0.0, 0.0, 0.0, 0.0, 0.0, 0.0, 0.0, 0.0, 0.0, 0.0]
Trust scores_s1 at iteration 48: [0.4999999999999982, 0.4999999999999982, 0.4999999999999982, 0.4999999999999982, 0.4999999999999982, 0.4999999999999982, 0.4999999999999982, 0.4999999999999982, 0.4999999999999982, 0.4999999999999982]
Trust scores_s2 at iteration 48: [0.4999999999999982, 0.4999999999999982, 0.4999999999999982, 0.4999999999999982, 0.4999999999999982, 0.4999999999999982, 0.4999999999999982, 0.4999999999999982, 0.4999999999999982, 0.4999999999999982]
X.shape (10, 5)
s1 and s2 score at iteration 48
S_1 [0.9999999999999998, 0.9999999999999998, 0.9999999999999998, 0.9999999999999998, 0.9999999999999998, 0.9999999999999998, 0.9999999999999998, 0.9999999999999998, 0.9999999999999998, 0.9999999999999998]
S_2 [0.1, 0.1, 0.1, 0.1, 0.1, 0.1, 0.1, 0.1, 0.1, 0.1]
Trust scores at iteration 49: [0.0, 0.0, 0.0, 0.0, 0.0, 0.0, 0.0, 0.0, 0.0, 0.0]
Trust scores_s1 at iteration 49: [0.4999999999999991, 0.4999999999999991, 0.4999999999999991, 0.4999999999999991, 0.4999999999999991, 0.4999999999999991, 0.4999999999999991, 0.4999999999999991, 0.4999999999999991, 0.4999999999999991]
Trust scores_s2 at iteration 49: [0.4999999999999991, 0.4999999999999991, 0.4999999999999991, 0.4999999999999991, 0.4999999999999991, 0.4999999999999991, 0.4999999999999991, 0.4999999999999991, 0.4999999999999991, 0.4999999999999991]
X.shape (10, 5)
s1 and s2 score at iteration 49
S_1 [0.9999999999999998, 0.9999999999999998, 0.9999999999999998, 0.9999999999999998, 0.9999999999999998, 0.9999999999999998, 0.9999999999999998, 0.9999999999999998, 0.9999999999999998, 0.9999999999999998]
S_2 [0.1, 0.1, 0.1, 0.1, 0.1, 0.1, 0.1, 0.1, 0.1, 0.1]
Trust scores at iteration 50: [0.0, 0.0, 0.0, 0.0, 0.0, 0.0, 0.0, 0.0, 0.0, 0.0]
Trust scores_s1 at iteration 50: [0.49999999999999956, 0.49999999999999956, 0.49999999999999956, 0.49999999999999956, 0.49999999999999956, 0.49999999999999956, 0.49999999999999956, 0.49999999999999956, 0.49999999999999956, 0.49999999999999956]
Trust scores_s2 at iteration 50: [0.49999999999999956, 0.49999999999999956, 0.49999999999999956, 0.49999999999999956, 0.49999999999999956, 0.49999999999999956, 0.49999999999999956, 0.49999999999999956, 0.49999999999999956, 0.49999999999999956]
X.shape (10, 5)
s1 and s2 score at iteration 50
S_1 [1.0, 1.0, 1.0, 1.0, 1.0, 1.0, 1.0, 1.0, 1.0, 1.0]
S_2 [0.1, 0.1, 0.1, 0.1, 0.1, 0.1, 0.1, 0.1, 0.1, 0.1]
Trust scores at iteration 51: [0.0, 0.0, 0.0, 0.0, 0.0, 0.0, 0.0, 0.0, 0.0, 0.0]
Trust scores_s1 at iteration 51: [0.4999999999999998, 0.4999999999999998, 0.4999999999999998, 0.4999999999999998, 0.4999999999999998, 0.4999999999999998, 0.4999999999999998, 0.4999999999999998, 0.4999999999999998, 0.4999999999999998]
Trust scores_s2 at iteration 51: [0.4999999999999998, 0.4999999999999998, 0.4999999999999998, 0.4999999999999998, 0.4999999999999998, 0.4999999999999998, 0.4999999999999998, 0.4999999999999998, 0.4999999999999998, 0.4999999999999998]
X.shape (10, 5)
s1 and s2 score at iteration 51
S_1 [1.0, 1.0, 1.0, 1.0, 1.0, 1.0, 1.0, 1.0, 1.0, 1.0]
S_2 [0.1, 0.1, 0.1, 0.1, 0.1, 0.1, 0.1, 0.1, 0.1, 0.1]
Trust scores at iteration 52: [0.0, 0.0, 0.0, 0.0, 0.0, 0.0, 0.0, 0.0, 0.0, 0.0]
Trust scores_s1 at iteration 52: [0.4999999999999999, 0.4999999999999999, 0.4999999999999999, 0.4999999999999999, 0.4999999999999999, 0.4999999999999999, 0.4999999999999999, 0.4999999999999999, 0.4999999999999999, 0.4999999999999999]
Trust scores_s2 at iteration 52: [0.4999999999999999, 0.4999999999999999, 0.4999999999999999, 0.4999999999999999, 0.4999999999999999, 0.4999999999999999, 0.4999999999999999, 0.4999999999999999, 0.4999999999999999, 0.4999999999999999]
X.shape (10, 5)
s1 and s2 score at iteration 52
S_1 [0.9999999999999998, 0.9999999999999998, 0.9999999999999998, 0.9999999999999998, 0.9999999999999998, 0.9999999999999998, 0.9999999999999998, 0.9999999999999998, 0.9999999999999998, 0.9999999999999998]
S_2 [0.1, 0.1, 0.1, 0.1, 0.1, 0.1, 0.1, 0.1, 0.1, 0.1]
Trust scores at iteration 53: [0.0, 0.0, 0.0, 0.0, 0.0, 0.0, 0.0, 0.0, 0.0, 0.0]
Trust scores_s1 at iteration 53: [0.49999999999999994, 0.49999999999999994, 0.49999999999999994, 0.49999999999999994, 0.49999999999999994, 0.49999999999999994, 0.49999999999999994, 0.49999999999999994, 0.49999999999999994, 0.49999999999999994]
Trust scores_s2 at iteration 53: [0.49999999999999994, 0.49999999999999994, 0.49999999999999994, 0.49999999999999994, 0.49999999999999994, 0.49999999999999994, 0.49999999999999994, 0.49999999999999994, 0.49999999999999994, 0.49999999999999994]
X.shape (10, 5)
s1 and s2 score at iteration 53
S_1 [1.0, 1.0, 1.0, 1.0, 1.0, 1.0, 1.0, 1.0, 1.0, 1.0]
S_2 [0.1, 0.1, 0.1, 0.1, 0.1, 0.1, 0.1, 0.1, 0.1, 0.1]
Trust scores at iteration 54: [0.0, 0.0, 0.0, 0.0, 0.0, 0.0, 0.0, 0.0, 0.0, 0.0]
Trust scores_s1 at iteration 54: [0.5, 0.5, 0.5, 0.5, 0.5, 0.5, 0.5, 0.5, 0.5, 0.5]
Trust scores_s2 at iteration 54: [0.5, 0.5, 0.5, 0.5, 0.5, 0.5, 0.5, 0.5, 0.5, 0.5]
X.shape (10, 5)
s1 and s2 score at iteration 54
S_1 [1.0, 1.0, 1.0, 1.0, 1.0, 1.0, 1.0, 1.0, 1.0, 1.0]
S_2 [0.1, 0.1, 0.1, 0.1, 0.1, 0.1, 0.1, 0.1, 0.1, 0.1]
Trust scores at iteration 55: [0.0, 0.0, 0.0, 0.0, 0.0, 0.0, 0.0, 0.0, 0.0, 0.0]
Trust scores_s1 at iteration 55: [0.5, 0.5, 0.5, 0.5, 0.5, 0.5, 0.5, 0.5, 0.5, 0.5]
Trust scores_s2 at iteration 55: [0.5, 0.5, 0.5, 0.5, 0.5, 0.5, 0.5, 0.5, 0.5, 0.5]
X.shape (10, 5)
s1 and s2 score at iteration 55
S_1 [0.9999999999999998, 0.9999999999999998, 0.9999999999999998, 0.9999999999999998, 0.9999999999999998, 0.9999999999999998, 0.9999999999999998, 0.9999999999999998, 0.9999999999999998, 0.9999999999999998]
S_2 [0.1, 0.1, 0.1, 0.1, 0.1, 0.1, 0.1, 0.1, 0.1, 0.1]
Trust scores at iteration 56: [0.0, 0.0, 0.0, 0.0, 0.0, 0.0, 0.0, 0.0, 0.0, 0.0]
Trust scores_s1 at iteration 56: [0.5, 0.5, 0.5, 0.5, 0.5, 0.5, 0.5, 0.5, 0.5, 0.5]
Trust scores_s2 at iteration 56: [0.5, 0.5, 0.5, 0.5, 0.5, 0.5, 0.5, 0.5, 0.5, 0.5]
X.shape (10, 5)
s1 and s2 score at iteration 56
S_1 [1.0, 1.0, 1.0, 1.0, 1.0, 1.0, 1.0, 1.0, 1.0, 1.0]
S_2 [0.1, 0.1, 0.1, 0.1, 0.1, 0.1, 0.1, 0.1, 0.1, 0.1]
Trust scores at iteration 57: [0.0, 0.0, 0.0, 0.0, 0.0, 0.0, 0.0, 0.0, 0.0, 0.0]
Trust scores_s1 at iteration 57: [0.5, 0.5, 0.5, 0.5, 0.5, 0.5, 0.5, 0.5, 0.5, 0.5]
Trust scores_s2 at iteration 57: [0.5, 0.5, 0.5, 0.5, 0.5, 0.5, 0.5, 0.5, 0.5, 0.5]
X.shape (10, 5)
s1 and s2 score at iteration 57
S_1 [0.9999999999999998, 0.9999999999999998, 0.9999999999999998, 0.9999999999999998, 0.9999999999999998, 0.9999999999999998, 0.9999999999999998, 0.9999999999999998, 0.9999999999999998, 0.9999999999999998]
S_2 [0.1, 0.1, 0.1, 0.1, 0.1, 0.1, 0.1, 0.1, 0.1, 0.1]
Trust scores at iteration 58: [0.0, 0.0, 0.0, 0.0, 0.0, 0.0, 0.0, 0.0, 0.0, 0.0]
Trust scores_s1 at iteration 58: [0.5, 0.5, 0.5, 0.5, 0.5, 0.5, 0.5, 0.5, 0.5, 0.5]
Trust scores_s2 at iteration 58: [0.5, 0.5, 0.5, 0.5, 0.5, 0.5, 0.5, 0.5, 0.5, 0.5]
X.shape (10, 5)
s1 and s2 score at iteration 58
S_1 [1.0, 1.0, 1.0, 1.0, 1.0, 1.0, 1.0, 1.0, 1.0, 1.0]
S_2 [0.1, 0.1, 0.1, 0.1, 0.1, 0.1, 0.1, 0.1, 0.1, 0.1]
Trust scores at iteration 59: [0.0, 0.0, 0.0, 0.0, 0.0, 0.0, 0.0, 0.0, 0.0, 0.0]
Trust scores_s1 at iteration 59: [0.5, 0.5, 0.5, 0.5, 0.5, 0.5, 0.5, 0.5, 0.5, 0.5]
Trust scores_s2 at iteration 59: [0.5, 0.5, 0.5, 0.5, 0.5, 0.5, 0.5, 0.5, 0.5, 0.5]
X.shape (10, 5)
s1 and s2 score at iteration 59
S_1 [1.0, 1.0, 1.0, 1.0, 1.0, 1.0, 1.0, 1.0, 1.0, 1.0]
S_2 [0.1, 0.1, 0.1, 0.1, 0.1, 0.1, 0.1, 0.1, 0.1, 0.1]
Trust scores at iteration 60: [0.0, 0.0, 0.0, 0.0, 0.0, 0.0, 0.0, 0.0, 0.0, 0.0]
Trust scores_s1 at iteration 60: [0.5, 0.5, 0.5, 0.5, 0.5, 0.5, 0.5, 0.5, 0.5, 0.5]
Trust scores_s2 at iteration 60: [0.5, 0.5, 0.5, 0.5, 0.5, 0.5, 0.5, 0.5, 0.5, 0.5]
X.shape (10, 5)
s1 and s2 score at iteration 60
S_1 [0.47619522755103993, 0.47619522755103993, 0.47619522755103993, 0.47619522755103993, 0.47619522755103993, 0.3718236781632115, 0.3718236781632115, 0.3718236781632115, 0.23641528938037007, 0.4850269850763927]
S_2 [0.16666666666666666, 0.16666666666666666, 0.16666666666666666, 0.16666666666666666, 0.16666666666666666, 0.2, 0.2, 0.2, 0.2, 0.16666666666666666]
Trust scores at iteration 61: [0.07422893523065693, 0.07422893523065693, 0.07422893523065693, 0.07422893523065693, 0.07422893523065693, -0.11669794712076842, -0.11669794712076842, -0.11669794712076842, -0.25628645760489577, 0.08333333333333337]
Trust scores_s1 at iteration 61: [0.4954478009486618, 0.4954478009486618, 0.4954478009486618, 0.4954478009486618, 0.4954478009486618, 0.4416510264396158, 0.4416510264396158, 0.4416510264396158, 0.3718567711975521, 0.5]
Trust scores_s2 at iteration 61: [0.4583333333333333, 0.4583333333333333, 0.4583333333333333, 0.4583333333333333, 0.4583333333333333, 0.5, 0.5, 0.5, 0.5, 0.4583333333333333]
X.shape (10, 5)
s1 and s2 score at iteration 61
S_1 [0.13160985611934095, 0.13160985611934095, 0.13160985611934095, 0.13160985611934095, 0.13160985611934095, -0.06546703552990343, -0.06546703552990343, -0.06546703552990343, -0.16321021828765725, 0.09191701975968308]
S_2 [0.2, 0.2, 0.2, 0.2, 0.2, 0.25, 0.25, 0.25, 0.5, 0.25]
Trust scores at iteration 62: [0.3371144676153285, 0.3371144676153285, 0.3371144676153285, 0.3371144676153285, 0.3371144676153285, -0.557065283494419, -0.557065283494419, -0.557065283494419, -1.248196403770065, 0.14086931177986678]
Trust scores_s1 at iteration 62: [0.4977239004743309, 0.4977239004743309, 0.4977239004743309, 0.4977239004743309, 0.4977239004743309, 0.09646735825279054, 0.09646735825279054, 0.09646735825279054, -0.12409820188503251, 0.42460132255660005]
Trust scores_s2 at iteration 62: [0.32916666666666666, 0.32916666666666666, 0.32916666666666666, 0.32916666666666666, 0.32916666666666666, 0.375, 0.375, 0.375, 0.5, 0.35416666666666663]
X.shape (10, 5)
s1 and s2 score at iteration 62
S_1 [0.29447251399574814, 0.29447251399574814, 0.29447251399574814, 0.29447251399574814, 0.29447251399574814, 0.15171381898991687, 0.15171381898991687, 0.15171381898991687, 0.0660110309898822, 0.36298981266986874]
S_2 [0.2, 0.2, 0.2, 0.2, 0.2, 0.2, 0.2, 0.2, 0.2, 0.2]
Trust scores at iteration 63: [0.07417814067256906, 0.07417814067256906, 0.07417814067256906, 0.07417814067256906, 0.07417814067256906, -0.5695545744647852, -0.5695545744647852, -0.5695545744647852, -1.0331713649796703, 0.07043465588993339]
Trust scores_s1 at iteration 63: [0.45167240366961786, 0.45167240366961786, 0.45167240366961786, 0.45167240366961786, 0.45167240366961786, 0.15272271276760743, 0.15272271276760743, 0.15272271276760743, -0.016585682489835198, 0.46230066127830005]
Trust scores_s2 at iteration 63: [0.4145833333333333, 0.4145833333333333, 0.4145833333333333, 0.4145833333333333, 0.4145833333333333, 0.4375, 0.4375, 0.4375, 0.5, 0.4270833333333333]
X.shape (10, 5)
s1 and s2 score at iteration 63
S_1 [0.44949238308449707, 0.44949238308449707, 0.44949238308449707, 0.44949238308449707, 0.44949238308449707, 0.4454203638277816, 0.4454203638277816, 0.4454203638277816, 0.03367948851943073, 0.5325594799746103]
S_2 [0.2, 0.2, 0.2, 0.2, 0.2, 0.2, 0.2, 0.2, 0.2, 0.2]
Trust scores at iteration 64: [-0.04089949245680799, -0.04089949245680799, -0.04089949245680799, -0.04089949245680799, -0.04089949245680799, -0.3665889152509033, -0.3665889152509033, -0.3665889152509033, -0.9849652815901682, 0.035217327944966695]
Trust scores_s1 at iteration 64: [0.43684192043826264, 0.43684192043826264, 0.43684192043826264, 0.43684192043826264, 0.43684192043826264, 0.28545554237454834, 0.28545554237454834, 0.28545554237454834, 0.007517359204915908, 0.48115033063915]
Trust scores_s2 at iteration 64: [0.45729166666666665, 0.45729166666666665, 0.45729166666666665, 0.45729166666666665, 0.45729166666666665, 0.46875, 0.46875, 0.46875, 0.5, 0.46354166666666663]
X.shape (10, 5)
s1 and s2 score at iteration 64
S_1 [0.2946290257076054, 0.2946290257076054, 0.2946290257076054, 0.2946290257076054, 0.2946290257076054, -0.213920639559163, -0.213920639559163, -0.213920639559163, -0.12438603479127638, 0.14568683979575248]
S_2 [0.16666666666666666, 0.16666666666666666, 0.16666666666666666, 0.16666666666666666, 0.16666666666666666, 0.3333333333333333, 0.3333333333333333, 0.3333333333333333, 0.5, 0.16666666666666666]
Trust scores at iteration 65: [0.31288358710492936, 0.31288358710492936, 0.31288358710492936, 0.31288358710492936, 0.31288358710492936, -0.8796616757659479, -0.8796616757659479, -0.8796616757659479, -1.2035718817355185, 0.09817975578168125]
Trust scores_s1 at iteration 65: [0.4684209602191313, 0.4684209602191313, 0.4684209602191313, 0.4684209602191313, 0.4684209602191313, -0.038789171216307344, -0.038789171216307344, -0.038789171216307344, -0.1017859408677593, 0.3641940445575073]
Trust scores_s2 at iteration 65: [0.31197916666666664, 0.31197916666666664, 0.31197916666666664, 0.31197916666666664, 0.31197916666666664, 0.40104166666666663, 0.40104166666666663, 0.40104166666666663, 0.5, 0.31510416666666663]
X.shape (10, 5)
s1 and s2 score at iteration 65
S_1 [0.41243569004051744, 0.41243569004051744, 0.41243569004051744, 0.41243569004051744, 0.41243569004051744, 0.40039919686631137, 0.40039919686631137, 0.40039919686631137, -0.23718646981975422, 0.026708097147414622]
S_2 [0.2, 0.2, 0.2, 0.2, 0.2, 0.3333333333333333, 0.3333333333333333, 0.3333333333333333, 0.5, 0.5]
Trust scores at iteration 66: [0.45644179355246467, 0.45644179355246467, 0.45644179355246467, 0.45644179355246467, 0.45644179355246467, -0.2877561348422287, -0.2877561348422287, -0.2877561348422287, -1.3893295210516823, -0.4185316231184551]
Trust scores_s1 at iteration 66: [0.4842104801095657, 0.4842104801095657, 0.4842104801095657, 0.4842104801095657, 0.4842104801095657, 0.22330943257888564, 0.22330943257888564, 0.22330943257888564, -0.19466476052584114, 0.1982862717741058]
Trust scores_s2 at iteration 66: [0.2559895833333333, 0.2559895833333333, 0.2559895833333333, 0.2559895833333333, 0.2559895833333333, 0.3671875, 0.3671875, 0.3671875, 0.5, 0.4075520833333333]
X.shape (10, 5)
s1 and s2 score at iteration 66
S_1 [0.6398129206853453, 0.6398129206853453, 0.6398129206853453, 0.6398129206853453, 0.6398129206853453, 0.6042439686719164, 0.6042439686719164, 0.6042439686719164, -0.6605247651882614, -0.18260876380204719]
S_2 [0.125, 0.125, 0.125, 0.125, 0.125, 0.125, 0.125, 0.125, 0.5, 0.5]
Trust scores at iteration 67: [0.6032208967762324, 0.6032208967762324, 0.6032208967762324, 0.6032208967762324, 0.6032208967762324, 0.20332556362205942, 0.20332556362205942, 0.20332556362205942, -1.7108506203555631, -0.8519706225268171]
Trust scores_s1 at iteration 67: [0.49210524005478284, 0.49210524005478284, 0.49210524005478284, 0.49210524005478284, 0.49210524005478284, 0.3477565318110297, 0.3477565318110297, 0.3477565318110297, -0.35542531017778156, 0.027790730403258107]
Trust scores_s2 at iteration 67: [0.19049479166666666, 0.19049479166666666, 0.19049479166666666, 0.19049479166666666, 0.19049479166666666, 0.24609375, 0.24609375, 0.24609375, 0.5, 0.45377604166666663]
X.shape (10, 5)
s1 and s2 score at iteration 67
S_1 [0.4518850621379272, 0.4518850621379272, 0.4518850621379272, 0.4518850621379272, 0.4518850621379272, 0.4270270322722255, 0.4270270322722255, 0.4270270322722255, -0.7063650903322359, -0.48532331120610817]
S_2 [0.125, 0.125, 0.125, 0.125, 0.125, 0.125, 0.125, 0.125, 0.5, 0.5]
Trust scores at iteration 68: [0.6766104483881161, 0.6766104483881161, 0.6766104483881161, 0.6766104483881161, 0.6766104483881161, 0.4491579670378935, 0.4491579670378935, 0.4491579670378935, -2.137001367361804, -1.4629839331142618]
Trust scores_s1 at iteration 68: [0.4960526200273914, 0.4960526200273914, 0.4960526200273914, 0.4960526200273914, 0.4960526200273914, 0.4101258585189468, 0.4101258585189468, 0.4101258585189468, -0.5685006836809019, -0.2546039457237976]
Trust scores_s2 at iteration 68: [0.15774739583333333, 0.15774739583333333, 0.15774739583333333, 0.15774739583333333, 0.15774739583333333, 0.185546875, 0.185546875, 0.185546875, 0.5, 0.4768880208333333]
X.shape (10, 5)
s1 and s2 score at iteration 68
S_1 [0.6232512249019183, 0.6232512249019183, 0.6232512249019183, 0.6232512249019183, 0.6232512249019183, 0.5243024699672437, 0.5243024699672437, 0.5243024699672437, -0.2185760466876789, 0.31281840350807616]
S_2 [0.125, 0.125, 0.125, 0.125, 0.125, 0.125, 0.125, 0.125, 0.5, 0.25]
Trust scores at iteration 69: [0.7133052241940581, 0.7133052241940581, 0.7133052241940581, 0.7133052241940581, 0.7133052241940581, 0.5201978680223457, 0.5201978680223457, 0.5201978680223457, -1.7438521615075813, -0.7305350562379376]
Trust scores_s1 at iteration 69: [0.4980263100136957, 0.4980263100136957, 0.4980263100136957, 0.4980263100136957, 0.4980263100136957, 0.41537237151117284, 0.41537237151117284, 0.41537237151117284, -0.37192608075379063, -0.0018235177023021576]
Trust scores_s2 at iteration 69: [0.14137369791666665, 0.14137369791666665, 0.14137369791666665, 0.14137369791666665, 0.14137369791666665, 0.1552734375, 0.1552734375, 0.1552734375, 0.5, 0.36344401041666663]
X.shape (10, 5)
s1 and s2 score at iteration 69
S_1 [0.12785249490258052, 0.12785249490258052, 0.12785249490258052, 0.12785249490258052, 0.12785249490258052, 0.028233994830120537, 0.028233994830120537, 0.028233994830120537, -0.3490648867648561, -0.09348400920572361]
S_2 [0.2, 0.2, 0.2, 0.2, 0.2, 0.25, 0.25, 0.25, 0.5, 0.25]
Trust scores at iteration 70: [0.6566526120970291, 0.6566526120970291, 0.6566526120970291, 0.6566526120970291, 0.6566526120970291, 0.12051521822852007, 0.12051521822852007, 0.12051521822852007, -2.7370339225320532, -0.9808607426939187]
Trust scores_s1 at iteration 70: [0.49901315500684784, 0.49901315500684784, 0.49901315500684784, 0.49901315500684784, 0.49901315500684784, 0.26289432786426004, 0.26289432786426004, 0.26289432786426004, -0.8685169612660266, -0.183708366138626]
Trust scores_s2 at iteration 70: [0.17068684895833333, 0.17068684895833333, 0.17068684895833333, 0.17068684895833333, 0.17068684895833333, 0.20263671875, 0.20263671875, 0.20263671875, 0.5, 0.3067220052083333]
X.shape (10, 5)
s1 and s2 score at iteration 70
S_1 [0.09695731981650883, 0.09695731981650883, 0.09695731981650883, 0.09695731981650883, 0.09695731981650883, -0.03656483034541626, -0.03656483034541626, -0.03656483034541626, -0.21891730380941032, 0.078844846387454]
S_2 [0.2, 0.2, 0.2, 0.2, 0.2, 0.2, 0.2, 0.2, 0.2, 0.2]
Trust scores at iteration 71: [0.32832630604851454, 0.32832630604851454, 0.32832630604851454, 0.32832630604851454, 0.32832630604851454, -0.6283038652262797, -0.6283038652262797, -0.6283038652262797, -2.99745340579497, -0.5838347345416752]
Trust scores_s1 at iteration 71: [0.4995065775034239, 0.4995065775034239, 0.4995065775034239, 0.4995065775034239, 0.4995065775034239, 0.03716642676186019, 0.03716642676186019, 0.03716642676186019, -0.9987267028974851, 0.11144363533332904]
Trust scores_s2 at iteration 71: [0.33534342447916665, 0.33534342447916665, 0.33534342447916665, 0.33534342447916665, 0.33534342447916665, 0.351318359375, 0.351318359375, 0.351318359375, 0.5, 0.40336100260416663]
X.shape (10, 5)
s1 and s2 score at iteration 71
S_1 [0.38784976053027975, 0.38784976053027975, 0.38784976053027975, 0.38784976053027975, 0.38784976053027975, 0.2551944505483492, 0.2551944505483492, 0.2551944505483492, -0.493695141076223, -0.34029203947450504]
S_2 [0.2, 0.2, 0.2, 0.2, 0.2, 0.3333333333333333, 0.3333333333333333, 0.3333333333333333, 0.5, 0.5]
Trust scores at iteration 72: [0.46416315302425726, 0.46416315302425726, 0.46416315302425726, 0.46416315302425726, 0.46416315302425726, -0.31849904948028307, -0.31849904948028307, -0.31849904948028307, -2.6351782252617486, -1.2306079043092615]
Trust scores_s1 at iteration 72: [0.499753288751712, 0.499753288751712, 0.499753288751712, 0.499753288751712, 0.499753288751712, 0.18307632161402515, 0.18307632161402515, 0.18307632161402515, -0.8175891126308742, -0.16362345085254743]
Trust scores_s2 at iteration 72: [0.2676717122395833, 0.2676717122395833, 0.2676717122395833, 0.2676717122395833, 0.2676717122395833, 0.34232584635416663, 0.34232584635416663, 0.34232584635416663, 0.5, 0.4516805013020833]
X.shape (10, 5)
s1 and s2 score at iteration 72
S_1 [0.07641669517289412, 0.07641669517289412, 0.07641669517289412, 0.07641669517289412, 0.07641669517289412, 0.04797401508449146, 0.04797401508449146, 0.04797401508449146, 0.077674337421732, -0.2408194706728309]
S_2 [0.2, 0.2, 0.2, 0.2, 0.2, 0.2, 0.2, 0.2, 0.2, 0.2]
Trust scores at iteration 73: [0.22398596674844612, 0.22398596674844612, 0.22398596674844612, 0.22398596674844612, 0.22398596674844612, -0.35043443421663284, -0.35043443421663284, -0.35043443421663284, -1.3175891126308743, -2.6654907877712906]
Trust scores_s1 at iteration 73: [0.49582883949401474, 0.49582883949401474, 0.49582883949401474, 0.49582883949401474, 0.49582883949401474, 0.24594570606876692, 0.24594570606876692, 0.24594570606876692, -0.1587945563154371, -0.8569051432346037]
Trust scores_s2 at iteration 73: [0.38383585611979165, 0.38383585611979165, 0.38383585611979165, 0.38383585611979165, 0.38383585611979165, 0.4211629231770833, 0.4211629231770833, 0.4211629231770833, 0.5, 0.47584025065104163]
X.shape (10, 5)
s1 and s2 score at iteration 73
S_1 [0.1212458320107516, 0.1212458320107516, 0.1212458320107516, 0.1212458320107516, 0.1212458320107516, -0.09641245464069269, -0.09641245464069269, -0.09641245464069269, -0.3844046587724683, -0.3221044747890334]
S_2 [0.2, 0.2, 0.2, 0.2, 0.2, 0.3333333333333333, 0.3333333333333333, 0.3333333333333333, 0.5, 0.5]
Trust scores at iteration 74: [0.4119929833742231, 0.4119929833742231, 0.4119929833742231, 0.4119929833742231, 0.4119929833742231, -0.9061413502315476, -0.9061413502315476, -0.9061413502315476, -2.744022899415845, -3.1610569302379647]
Trust scores_s1 at iteration 74: [0.49791441974700734, 0.49791441974700734, 0.49791441974700734, 0.49791441974700734, 0.49791441974700734, -0.07582254686056553, -0.07582254686056553, -0.07582254686056553, -0.8720114497079225, -1.0926083397934616]
Trust scores_s2 at iteration 74: [0.2919179280598958, 0.2919179280598958, 0.2919179280598958, 0.2919179280598958, 0.2919179280598958, 0.3772481282552083, 0.3772481282552083, 0.3772481282552083, 0.5, 0.4879201253255208]
X.shape (10, 5)
s1 and s2 score at iteration 74
S_1 [0.5622933672573391, 0.5622933672573391, 0.5622933672573391, 0.5622933672573391, 0.5622933672573391, 0.3399344027827125, 0.3399344027827125, 0.3399344027827125, -0.5039697544017012, -0.007810833976261786]
S_2 [0.125, 0.125, 0.125, 0.125, 0.125, 0.125, 0.125, 0.125, 0.5, 0.5]
Trust scores at iteration 75: [0.5809964916871115, 0.5809964916871115, 0.5809964916871115, 0.5809964916871115, 0.5809964916871115, -0.2757957217041874, -0.2757957217041874, -0.2757957217041874, -2.320149186828921, -2.0874739800681983]
Trust scores_s1 at iteration 75: [0.49895720987350367, 0.49895720987350367, 0.49895720987350367, 0.49895720987350367, 0.49895720987350367, 0.11322620327551043, 0.11322620327551043, 0.11322620327551043, -0.6600745934144606, -0.5497769273713389]
Trust scores_s2 at iteration 75: [0.2084589640299479, 0.2084589640299479, 0.2084589640299479, 0.2084589640299479, 0.2084589640299479, 0.25112406412760413, 0.25112406412760413, 0.25112406412760413, 0.5, 0.4939600626627604]
X.shape (10, 5)
s1 and s2 score at iteration 75
S_1 [0.5588170694856742, 0.5588170694856742, 0.5588170694856742, 0.5588170694856742, 0.5588170694856742, 0.5721639848754678, 0.5721639848754678, 0.5721639848754678, -0.3883878229511588, -0.29790221317376697]
S_2 [0.125, 0.125, 0.125, 0.125, 0.125, 0.125, 0.125, 0.125, 0.5, 0.5]
Trust scores at iteration 76: [0.6538347055451407, 0.6538347055451407, 0.6538347055451407, 0.6538347055451407, 0.6538347055451407, 0.2371021391479063, 0.2371021391479063, 0.2371021391479063, -1.999477136407176, -1.8040663895143947]
Trust scores_s1 at iteration 76: [0.4936468347875443, 0.4936468347875443, 0.4936468347875443, 0.4936468347875443, 0.4936468347875443, 0.30661310163775524, 0.30661310163775524, 0.30661310163775524, -0.4997385682035881, -0.4050531634258172]
Trust scores_s2 at iteration 76: [0.16672948201497395, 0.16672948201497395, 0.16672948201497395, 0.16672948201497395, 0.16672948201497395, 0.18806203206380206, 0.18806203206380206, 0.18806203206380206, 0.5, 0.4969800313313802]
X.shape (10, 5)
s1 and s2 score at iteration 76
S_1 [0.2552325571888743, 0.2552325571888743, 0.2552325571888743, 0.2552325571888743, 0.2552325571888743, -0.17806866565467944, -0.17806866565467944, -0.17806866565467944, 0.07700479659994358, -0.072303527951685]
S_2 [0.2, 0.2, 0.2, 0.2, 0.2, 0.3333333333333333, 0.3333333333333333, 0.3333333333333333, 0.5, 0.5]
Trust scores at iteration 77: [0.6269173527725703, 0.6269173527725703, 0.6269173527725703, 0.6269173527725703, 0.6269173527725703, -0.5636183754528172, -0.5636183754528172, -0.5636183754528172, -1.3488863465119811, -1.5436756418416024]
Trust scores_s1 at iteration 77: [0.4968234173937721, 0.4968234173937721, 0.4968234173937721, 0.4968234173937721, 0.4968234173937721, -0.021111505027840927, -0.021111505027840927, -0.021111505027840927, -0.17444317325599062, -0.2733478052551111]
Trust scores_s2 at iteration 77: [0.18336474100748698, 0.18336474100748698, 0.18336474100748698, 0.18336474100748698, 0.18336474100748698, 0.2606976826985677, 0.2606976826985677, 0.2606976826985677, 0.5, 0.49849001566569007]
X.shape (10, 5)
s1 and s2 score at iteration 77
S_1 [0.7580215641545835, 0.7580215641545835, 0.7580215641545835, 0.7580215641545835, 0.7580215641545835, 0.8084046999950601, 0.8084046999950601, 0.8084046999950601, 0.082286949417748, 0.5412353507013177]
S_2 [0.1111111111111111, 0.1111111111111111, 0.1111111111111111, 0.1111111111111111, 0.1111111111111111, 0.1111111111111111, 0.1111111111111111, 0.1111111111111111, 0.5, 0.1111111111111111]
Trust scores at iteration 78: [0.6711854902397466, 0.6711854902397466, 0.6711854902397466, 0.6711854902397466, 0.6711854902397466, 0.10707970116248028, 0.10707970116248028, 0.10707970116248028, -1.1235485227064261, -0.5481937341065262]
Trust scores_s1 at iteration 78: [0.48283067117917233, 0.48283067117917233, 0.48283067117917233, 0.48283067117917233, 0.48283067117917233, 0.23944424748607954, 0.23944424748607954, 0.23944424748607954, -0.061774261353213136, 0.03070369633513756]
Trust scores_s2 at iteration 78: [0.14723792605929903, 0.14723792605929903, 0.14723792605929903, 0.14723792605929903, 0.14723792605929903, 0.1859043969048394, 0.1859043969048394, 0.1859043969048394, 0.5, 0.30480056338840056]
X.shape (10, 5)
s1 and s2 score at iteration 78
S_1 [0.6248361224874043, 0.6248361224874043, 0.6248361224874043, 0.6248361224874043, 0.6248361224874043, 0.6491351195547923, 0.6491351195547923, 0.6491351195547923, -0.06440670940620047, 0.2706454874182303]
S_2 [0.125, 0.125, 0.125, 0.125, 0.125, 0.125, 0.125, 0.125, 0.5, 0.25]
Trust scores at iteration 79: [0.6918763050942178, 0.6918763050942178, 0.6918763050942178, 0.6918763050942178, 0.6918763050942178, 0.4285398505812401, 0.4285398505812401, 0.4285398505812401, -1.1113838938210834, -0.31563064849167005]
Trust scores_s1 at iteration 79: [0.4820571155767584, 0.4820571155767584, 0.4820571155767584, 0.4820571155767584, 0.4820571155767584, 0.36972212374303975, 0.36972212374303975, 0.36972212374303975, -0.055691946910541676, 0.1195849574483653]
Trust scores_s2 at iteration 79: [0.13611896302964951, 0.13611896302964951, 0.13611896302964951, 0.13611896302964951, 0.13611896302964951, 0.1554521984524197, 0.1554521984524197, 0.1554521984524197, 0.5, 0.2774002816942003]
X.shape (10, 5)
s1 and s2 score at iteration 79
S_1 [0.27677336978688166, 0.27677336978688166, 0.27677336978688166, 0.27677336978688166, 0.27677336978688166, 0.2423356338938015, 0.2423356338938015, 0.2423356338938015, -0.16249401140534486, -0.3133370781018657]
S_2 [0.2, 0.2, 0.2, 0.2, 0.2, 0.25, 0.25, 0.25, 0.25, 0.5]
Trust scores at iteration 80: [0.6459381525471088, 0.6459381525471088, 0.6459381525471088, 0.6459381525471088, 0.6459381525471088, 0.40205704707983414, 0.40205704707983414, 0.40205704707983414, -1.0992426081075835, -1.2238688400575957]
Trust scores_s1 at iteration 80: [0.49102855778837917, 0.49102855778837917, 0.49102855778837917, 0.49102855778837917, 0.49102855778837917, 0.40375462276612695, 0.40375462276612695, 0.40375462276612695, -0.1746213040537917, -0.22323427918169758]
Trust scores_s2 at iteration 80: [0.16805948151482475, 0.16805948151482475, 0.16805948151482475, 0.16805948151482475, 0.16805948151482475, 0.20272609922620985, 0.20272609922620985, 0.20272609922620985, 0.375, 0.38870014084710014]
X.shape (10, 5)
s1 and s2 score at iteration 80
S_1 [0.19186341134444493, 0.19186341134444493, 0.19186341134444493, 0.19186341134444493, 0.19186341134444493, -0.3447141113011662, -0.3447141113011662, -0.3447141113011662, 0.21924588970859998, 0.008058980430218207]
S_2 [0.16666666666666666, 0.16666666666666666, 0.16666666666666666, 0.16666666666666666, 0.16666666666666666, 0.3333333333333333, 0.3333333333333333, 0.3333333333333333, 0.16666666666666666, 0.5]
Trust scores at iteration 81: [0.5938554501666238, 0.5938554501666238, 0.5938554501666238, 0.5938554501666238, 0.5938554501666238, -0.9184406679372706, -0.9184406679372706, -0.9184406679372706, -0.21628797072045836, -1.0935555568242712]
Trust scores_s1 at iteration 81: [0.4642907991740576, 0.4642907991740576, 0.4642907991740576, 0.4642907991740576, 0.4642907991740576, -0.1911906176888637, -0.1911906176888637, -0.1911906176888637, 0.16268934797310414, -0.10242770798858544]
Trust scores_s2 at iteration 81: [0.1673630740907457, 0.1673630740907457, 0.1673630740907457, 0.1673630740907457, 0.1673630740907457, 0.26802971627977157, 0.26802971627977157, 0.26802971627977157, 0.2708333333333333, 0.44435007042355007]
X.shape (10, 5)
s1 and s2 score at iteration 81
S_1 [1.0, 1.0, 1.0, 1.0, 1.0, 1.0, 1.0, 1.0, 1.0, 1.0]
S_2 [0.1, 0.1, 0.1, 0.1, 0.1, 0.1, 0.1, 0.1, 0.1, 0.1]
Trust scores at iteration 82: [0.2969277250833119, 0.2969277250833119, 0.2969277250833119, 0.2969277250833119, 0.2969277250833119, -0.4592203339686353, -0.4592203339686353, -0.4592203339686353, -0.10814398536022918, -0.5467777784121356]
Trust scores_s1 at iteration 82: [0.4821453995870288, 0.4821453995870288, 0.4821453995870288, 0.4821453995870288, 0.4821453995870288, 0.15440469115556815, 0.15440469115556815, 0.15440469115556815, 0.3313446739865521, 0.19878614600570726]
Trust scores_s2 at iteration 82: [0.33368153704537284, 0.33368153704537284, 0.33368153704537284, 0.33368153704537284, 0.33368153704537284, 0.3840148581398858, 0.3840148581398858, 0.3840148581398858, 0.38541666666666663, 0.47217503521177506]
X.shape (10, 5)
s1 and s2 score at iteration 82
S_1 [1.0, 1.0, 1.0, 1.0, 1.0, 1.0, 1.0, 1.0, 1.0, 1.0]
S_2 [0.1, 0.1, 0.1, 0.1, 0.1, 0.1, 0.1, 0.1, 0.1, 0.1]
Trust scores at iteration 83: [0.14846386254165594, 0.14846386254165594, 0.14846386254165594, 0.14846386254165594, 0.14846386254165594, -0.22961016698431766, -0.22961016698431766, -0.22961016698431766, -0.05407199268011459, -0.2733888892060678]
Trust scores_s1 at iteration 83: [0.4910726997935144, 0.4910726997935144, 0.4910726997935144, 0.4910726997935144, 0.4910726997935144, 0.32720234557778405, 0.32720234557778405, 0.32720234557778405, 0.41567233699327605, 0.3493930730028536]
Trust scores_s2 at iteration 83: [0.4168407685226864, 0.4168407685226864, 0.4168407685226864, 0.4168407685226864, 0.4168407685226864, 0.4420074290699429, 0.4420074290699429, 0.4420074290699429, 0.4427083333333333, 0.48608751760588753]
X.shape (10, 5)
s1 and s2 score at iteration 83
S_1 [1.0, 1.0, 1.0, 1.0, 1.0, 1.0, 1.0, 1.0, 1.0, 1.0]
S_2 [0.1, 0.1, 0.1, 0.1, 0.1, 0.1, 0.1, 0.1, 0.1, 0.1]
Trust scores at iteration 84: [0.07423193127082797, 0.07423193127082797, 0.07423193127082797, 0.07423193127082797, 0.07423193127082797, -0.11480508349215883, -0.11480508349215883, -0.11480508349215883, -0.027035996340057294, -0.1366944446030339]
Trust scores_s1 at iteration 84: [0.4955363498967572, 0.4955363498967572, 0.4955363498967572, 0.4955363498967572, 0.4955363498967572, 0.413601172788892, 0.413601172788892, 0.413601172788892, 0.457836168496638, 0.4246965365014268]
Trust scores_s2 at iteration 84: [0.45842038426134324, 0.45842038426134324, 0.45842038426134324, 0.45842038426134324, 0.45842038426134324, 0.4710037145349715, 0.4710037145349715, 0.4710037145349715, 0.47135416666666663, 0.49304375880294377]
X.shape (10, 5)
s1 and s2 score at iteration 84
S_1 [0.9999999999999998, 0.9999999999999998, 0.9999999999999998, 0.9999999999999998, 0.9999999999999998, 0.9999999999999998, 0.9999999999999998, 0.9999999999999998, 0.9999999999999998, 0.9999999999999998]
S_2 [0.1, 0.1, 0.1, 0.1, 0.1, 0.1, 0.1, 0.1, 0.1, 0.1]
Trust scores at iteration 85: [0.037115965635413986, 0.037115965635413986, 0.037115965635413986, 0.037115965635413986, 0.037115965635413986, -0.057402541746079415, -0.057402541746079415, -0.057402541746079415, -0.013517998170028647, -0.06834722230151695]
Trust scores_s1 at iteration 85: [0.4977681749483786, 0.4977681749483786, 0.4977681749483786, 0.4977681749483786, 0.4977681749483786, 0.456800586394446, 0.456800586394446, 0.456800586394446, 0.478918084248319, 0.4623482682507134]
Trust scores_s2 at iteration 85: [0.4792101921306716, 0.4792101921306716, 0.4792101921306716, 0.4792101921306716, 0.4792101921306716, 0.48550185726748574, 0.48550185726748574, 0.48550185726748574, 0.4856770833333333, 0.49652187940147186]
X.shape (10, 5)
s1 and s2 score at iteration 85
S_1 [1.0, 1.0, 1.0, 1.0, 1.0, 1.0, 1.0, 1.0, 1.0, 1.0]
S_2 [0.1, 0.1, 0.1, 0.1, 0.1, 0.1, 0.1, 0.1, 0.1, 0.1]
Trust scores at iteration 86: [0.018557982817706993, 0.018557982817706993, 0.018557982817706993, 0.018557982817706993, 0.018557982817706993, -0.028701270873039707, -0.028701270873039707, -0.028701270873039707, -0.006758999085014324, -0.034173611150758475]
Trust scores_s1 at iteration 86: [0.49888408747418933, 0.49888408747418933, 0.49888408747418933, 0.49888408747418933, 0.49888408747418933, 0.478400293197223, 0.478400293197223, 0.478400293197223, 0.48945904212415947, 0.4811741341253567]
Trust scores_s2 at iteration 86: [0.4896050960653358, 0.4896050960653358, 0.4896050960653358, 0.4896050960653358, 0.4896050960653358, 0.49275092863374287, 0.49275092863374287, 0.49275092863374287, 0.49283854166666663, 0.4982609397007359]
X.shape (10, 5)
s1 and s2 score at iteration 86
S_1 [0.9999999999999998, 0.9999999999999998, 0.9999999999999998, 0.9999999999999998, 0.9999999999999998, 0.9999999999999998, 0.9999999999999998, 0.9999999999999998, 0.9999999999999998, 0.9999999999999998]
S_2 [0.1, 0.1, 0.1, 0.1, 0.1, 0.1, 0.1, 0.1, 0.1, 0.1]
Trust scores at iteration 87: [0.009278991408853497, 0.009278991408853497, 0.009278991408853497, 0.009278991408853497, 0.009278991408853497, -0.014350635436519854, -0.014350635436519854, -0.014350635436519854, -0.003379499542507162, -0.017086805575379237]
Trust scores_s1 at iteration 87: [0.49944204373709467, 0.49944204373709467, 0.49944204373709467, 0.49944204373709467, 0.49944204373709467, 0.4892001465986115, 0.4892001465986115, 0.4892001465986115, 0.49472952106207974, 0.49058706706267835]
Trust scores_s2 at iteration 87: [0.4948025480326679, 0.4948025480326679, 0.4948025480326679, 0.4948025480326679, 0.4948025480326679, 0.4963754643168714, 0.4963754643168714, 0.4963754643168714, 0.4964192708333333, 0.49913046985036796]
X.shape (10, 5)
s1 and s2 score at iteration 87
S_1 [0.9999999999999998, 0.9999999999999998, 0.9999999999999998, 0.9999999999999998, 0.9999999999999998, 0.9999999999999998, 0.9999999999999998, 0.9999999999999998, 0.9999999999999998, 0.9999999999999998]
S_2 [0.1, 0.1, 0.1, 0.1, 0.1, 0.1, 0.1, 0.1, 0.1, 0.1]
Trust scores at iteration 88: [0.004639495704426748, 0.004639495704426748, 0.004639495704426748, 0.004639495704426748, 0.004639495704426748, -0.007175317718259927, -0.007175317718259927, -0.007175317718259927, -0.001689749771253581, -0.008543402787689619]
Trust scores_s1 at iteration 88: [0.49972102186854733, 0.49972102186854733, 0.49972102186854733, 0.49972102186854733, 0.49972102186854733, 0.4946000732993058, 0.4946000732993058, 0.4946000732993058, 0.49736476053103984, 0.4952935335313392]
Trust scores_s2 at iteration 88: [0.49740127401633394, 0.49740127401633394, 0.49740127401633394, 0.49740127401633394, 0.49740127401633394, 0.4981877321584357, 0.4981877321584357, 0.4981877321584357, 0.49820963541666663, 0.499565234925184]
X.shape (10, 5)
s1 and s2 score at iteration 88
S_1 [1.0, 1.0, 1.0, 1.0, 1.0, 1.0, 1.0, 1.0, 1.0, 1.0]
S_2 [0.1, 0.1, 0.1, 0.1, 0.1, 0.1, 0.1, 0.1, 0.1, 0.1]
Trust scores at iteration 89: [0.002319747852213374, 0.002319747852213374, 0.002319747852213374, 0.002319747852213374, 0.002319747852213374, -0.0035876588591299634, -0.0035876588591299634, -0.0035876588591299634, -0.0008448748856267905, -0.004271701393844809]
Trust scores_s1 at iteration 89: [0.49986051093427364, 0.49986051093427364, 0.49986051093427364, 0.49986051093427364, 0.49986051093427364, 0.4973000366496529, 0.4973000366496529, 0.4973000366496529, 0.4986823802655199, 0.4976467667656696]
Trust scores_s2 at iteration 89: [0.49870063700816697, 0.49870063700816697, 0.49870063700816697, 0.49870063700816697, 0.49870063700816697, 0.49909386607921785, 0.49909386607921785, 0.49909386607921785, 0.4991048177083333, 0.499782617462592]
X.shape (10, 5)
s1 and s2 score at iteration 89
S_1 [0.9999999999999998, 0.9999999999999998, 0.9999999999999998, 0.9999999999999998, 0.9999999999999998, 0.9999999999999998, 0.9999999999999998, 0.9999999999999998, 0.9999999999999998, 0.9999999999999998]
S_2 [0.1, 0.1, 0.1, 0.1, 0.1, 0.1, 0.1, 0.1, 0.1, 0.1]
Trust scores at iteration 90: [0.001159873926106687, 0.001159873926106687, 0.001159873926106687, 0.001159873926106687, 0.001159873926106687, -0.0017938294295649817, -0.0017938294295649817, -0.0017938294295649817, -0.0004224374428133952, -0.0021358506969224047]
Trust scores_s1 at iteration 90: [0.4999302554671368, 0.4999302554671368, 0.4999302554671368, 0.4999302554671368, 0.4999302554671368, 0.49865001832482647, 0.49865001832482647, 0.49865001832482647, 0.49934119013275996, 0.49882338338283483]
Trust scores_s2 at iteration 90: [0.4993503185040835, 0.4993503185040835, 0.4993503185040835, 0.4993503185040835, 0.4993503185040835, 0.49954693303960895, 0.49954693303960895, 0.49954693303960895, 0.49955240885416663, 0.499891308731296]
X.shape (10, 5)
s1 and s2 score at iteration 90
S_1 [1.0, 1.0, 1.0, 1.0, 1.0, 1.0, 1.0, 1.0, 1.0, 1.0]
S_2 [0.1, 0.1, 0.1, 0.1, 0.1, 0.1, 0.1, 0.1, 0.1, 0.1]
Trust scores at iteration 91: [0.0005799369630533435, 0.0005799369630533435, 0.0005799369630533435, 0.0005799369630533435, 0.0005799369630533435, -0.0008969147147824909, -0.0008969147147824909, -0.0008969147147824909, -0.0002112187214066976, -0.0010679253484612023]
Trust scores_s1 at iteration 91: [0.4999651277335684, 0.4999651277335684, 0.4999651277335684, 0.4999651277335684, 0.4999651277335684, 0.49932500916241324, 0.49932500916241324, 0.49932500916241324, 0.49967059506638, 0.4994116916914174]
Trust scores_s2 at iteration 91: [0.49967515925204176, 0.49967515925204176, 0.49967515925204176, 0.49967515925204176, 0.49967515925204176, 0.4997734665198045, 0.4997734665198045, 0.4997734665198045, 0.4997762044270833, 0.499945654365648]
X.shape (10, 5)
s1 and s2 score at iteration 91
S_1 [1.0, 1.0, 1.0, 1.0, 1.0, 1.0, 1.0, 1.0, 1.0, 1.0]
S_2 [0.1, 0.1, 0.1, 0.1, 0.1, 0.1, 0.1, 0.1, 0.1, 0.1]
Trust scores at iteration 92: [0.00028996848152667177, 0.00028996848152667177, 0.00028996848152667177, 0.00028996848152667177, 0.00028996848152667177, -0.00044845735739124543, -0.00044845735739124543, -0.00044845735739124543, -0.0001056093607033488, -0.0005339626742306012]
Trust scores_s1 at iteration 92: [0.4999825638667842, 0.4999825638667842, 0.4999825638667842, 0.4999825638667842, 0.4999825638667842, 0.49966250458120665, 0.49966250458120665, 0.49966250458120665, 0.49983529753319, 0.4997058458457087]
Trust scores_s2 at iteration 92: [0.4998375796260209, 0.4998375796260209, 0.4998375796260209, 0.4998375796260209, 0.4998375796260209, 0.49988673325990224, 0.49988673325990224, 0.49988673325990224, 0.49988810221354163, 0.499972827182824]
X.shape (10, 5)
s1 and s2 score at iteration 92
S_1 [1.0, 1.0, 1.0, 1.0, 1.0, 1.0, 1.0, 1.0, 1.0, 1.0]
S_2 [0.1, 0.1, 0.1, 0.1, 0.1, 0.1, 0.1, 0.1, 0.1, 0.1]
Trust scores at iteration 93: [0.00014498424076333588, 0.00014498424076333588, 0.00014498424076333588, 0.00014498424076333588, 0.00014498424076333588, -0.00022422867869562271, -0.00022422867869562271, -0.00022422867869562271, -5.28046803516744e-05, -0.0002669813371153006]
Trust scores_s1 at iteration 93: [0.4999912819333921, 0.4999912819333921, 0.4999912819333921, 0.4999912819333921, 0.4999912819333921, 0.4998312522906033, 0.4998312522906033, 0.4998312522906033, 0.499917648766595, 0.4998529229228543]
Trust scores_s2 at iteration 93: [0.4999187898130104, 0.4999187898130104, 0.4999187898130104, 0.4999187898130104, 0.4999187898130104, 0.4999433666299511, 0.4999433666299511, 0.4999433666299511, 0.4999440511067708, 0.499986413591412]
X.shape (10, 5)
s1 and s2 score at iteration 93
S_1 [1.0, 1.0, 1.0, 1.0, 1.0, 1.0, 1.0, 1.0, 1.0, 1.0]
S_2 [0.1, 0.1, 0.1, 0.1, 0.1, 0.1, 0.1, 0.1, 0.1, 0.1]
Trust scores at iteration 94: [7.249212038166794e-05, 7.249212038166794e-05, 7.249212038166794e-05, 7.249212038166794e-05, 7.249212038166794e-05, -0.00011211433934781136, -0.00011211433934781136, -0.00011211433934781136, -2.64023401758372e-05, -0.0001334906685576503]
Trust scores_s1 at iteration 94: [0.499995640966696, 0.499995640966696, 0.499995640966696, 0.499995640966696, 0.499995640966696, 0.49991562614530166, 0.49991562614530166, 0.49991562614530166, 0.49995882438329753, 0.49992646146142716]
Trust scores_s2 at iteration 94: [0.4999593949065052, 0.4999593949065052, 0.4999593949065052, 0.4999593949065052, 0.4999593949065052, 0.49997168331497555, 0.49997168331497555, 0.49997168331497555, 0.4999720255533854, 0.499993206795706]
X.shape (10, 5)
s1 and s2 score at iteration 94
S_1 [1.0, 1.0, 1.0, 1.0, 1.0, 1.0, 1.0, 1.0, 1.0, 1.0]
S_2 [0.1, 0.1, 0.1, 0.1, 0.1, 0.1, 0.1, 0.1, 0.1, 0.1]
Trust scores at iteration 95: [3.624606019083397e-05, 3.624606019083397e-05, 3.624606019083397e-05, 3.624606019083397e-05, 3.624606019083397e-05, -5.605716967390568e-05, -5.605716967390568e-05, -5.605716967390568e-05, -1.32011700879186e-05, -6.674533427882515e-05]
Trust scores_s1 at iteration 95: [0.499997820483348, 0.499997820483348, 0.499997820483348, 0.499997820483348, 0.499997820483348, 0.49995781307265086, 0.49995781307265086, 0.49995781307265086, 0.49997941219164876, 0.4999632307307136]
Trust scores_s2 at iteration 95: [0.4999796974532526, 0.4999796974532526, 0.4999796974532526, 0.4999796974532526, 0.4999796974532526, 0.4999858416574878, 0.4999858416574878, 0.4999858416574878, 0.4999860127766927, 0.499996603397853]
X.shape (10, 5)
s1 and s2 score at iteration 95
S_1 [1.0, 1.0, 1.0, 1.0, 1.0, 1.0, 1.0, 1.0, 1.0, 1.0]
S_2 [0.1, 0.1, 0.1, 0.1, 0.1, 0.1, 0.1, 0.1, 0.1, 0.1]
Trust scores at iteration 96: [1.8123030095416985e-05, 1.8123030095416985e-05, 1.8123030095416985e-05, 1.8123030095416985e-05, 1.8123030095416985e-05, -2.802858483695284e-05, -2.802858483695284e-05, -2.802858483695284e-05, -6.6005850439593e-06, -3.337266713941257e-05]
Trust scores_s1 at iteration 96: [0.499998910241674, 0.499998910241674, 0.499998910241674, 0.499998910241674, 0.499998910241674, 0.49997890653632543, 0.49997890653632543, 0.49997890653632543, 0.4999897060958244, 0.4999816153653568]
Trust scores_s2 at iteration 96: [0.49998984872662633, 0.49998984872662633, 0.49998984872662633, 0.49998984872662633, 0.49998984872662633, 0.4999929208287439, 0.4999929208287439, 0.4999929208287439, 0.4999930063883463, 0.4999983016989265]
X.shape (10, 5)
s1 and s2 score at iteration 96
S_1 [1.0, 1.0, 1.0, 1.0, 1.0, 1.0, 1.0, 1.0, 1.0, 1.0]
S_2 [0.1, 0.1, 0.1, 0.1, 0.1, 0.1, 0.1, 0.1, 0.1, 0.1]
Trust scores at iteration 97: [9.061515047708493e-06, 9.061515047708493e-06, 9.061515047708493e-06, 9.061515047708493e-06, 9.061515047708493e-06, -1.401429241847642e-05, -1.401429241847642e-05, -1.401429241847642e-05, -3.30029252197965e-06, -1.6686333569706286e-05]
Trust scores_s1 at iteration 97: [0.499999455120837, 0.499999455120837, 0.499999455120837, 0.499999455120837, 0.499999455120837, 0.4999894532681627, 0.4999894532681627, 0.4999894532681627, 0.4999948530479122, 0.4999908076826784]
Trust scores_s2 at iteration 97: [0.49999492436331316, 0.49999492436331316, 0.49999492436331316, 0.49999492436331316, 0.49999492436331316, 0.49999646041437196, 0.49999646041437196, 0.49999646041437196, 0.49999650319417316, 0.4999991508494632]
X.shape (10, 5)
s1 and s2 score at iteration 97
S_1 [1.0, 1.0, 1.0, 1.0, 1.0, 1.0, 1.0, 1.0, 1.0, 1.0]
S_2 [0.1, 0.1, 0.1, 0.1, 0.1, 0.1, 0.1, 0.1, 0.1, 0.1]
Trust scores at iteration 98: [4.530757523854246e-06, 4.530757523854246e-06, 4.530757523854246e-06, 4.530757523854246e-06, 4.530757523854246e-06, -7.00714620923821e-06, -7.00714620923821e-06, -7.00714620923821e-06, -1.650146260989825e-06, -8.343166784853143e-06]
Trust scores_s1 at iteration 98: [0.4999997275604185, 0.4999997275604185, 0.4999997275604185, 0.4999997275604185, 0.4999997275604185, 0.49999472663408134, 0.49999472663408134, 0.49999472663408134, 0.49999742652395607, 0.4999954038413392]
Trust scores_s2 at iteration 98: [0.4999974621816566, 0.4999974621816566, 0.4999974621816566, 0.4999974621816566, 0.4999974621816566, 0.499998230207186, 0.499998230207186, 0.499998230207186, 0.49999825159708655, 0.4999995754247316]
X.shape (10, 5)
s1 and s2 score at iteration 98
S_1 [1.0, 1.0, 1.0, 1.0, 1.0, 1.0, 1.0, 1.0, 1.0, 1.0]
S_2 [0.1, 0.1, 0.1, 0.1, 0.1, 0.1, 0.1, 0.1, 0.1, 0.1]
Trust scores at iteration 99: [2.265378761927123e-06, 2.265378761927123e-06, 2.265378761927123e-06, 2.265378761927123e-06, 2.265378761927123e-06, -3.503573104619105e-06, -3.503573104619105e-06, -3.503573104619105e-06, -8.250731304949126e-07, -4.171583392426572e-06]
Trust scores_s1 at iteration 99: [0.4999998637802092, 0.4999998637802092, 0.4999998637802092, 0.4999998637802092, 0.4999998637802092, 0.4999973633170407, 0.4999973633170407, 0.4999973633170407, 0.49999871326197803, 0.4999977019206696]
Trust scores_s2 at iteration 99: [0.49999873109082826, 0.49999873109082826, 0.49999873109082826, 0.49999873109082826, 0.49999873109082826, 0.49999911510359296, 0.49999911510359296, 0.49999911510359296, 0.4999991257985433, 0.4999997877123658]
X.shape (10, 5)
s1 and s2 score at iteration 99
S_1 [1.0, 1.0, 1.0, 1.0, 1.0, 1.0, 1.0, 1.0, 1.0, 1.0]
S_2 [0.1, 0.1, 0.1, 0.1, 0.1, 0.1, 0.1, 0.1, 0.1, 0.1]
Trust scores at iteration 100: [1.1326893809635616e-06, 1.1326893809635616e-06, 1.1326893809635616e-06, 1.1326893809635616e-06, 1.1326893809635616e-06, -1.7517865523095525e-06, -1.7517865523095525e-06, -1.7517865523095525e-06, -4.125365652474563e-07, -2.085791696213286e-06]
Trust scores_s1 at iteration 100: [0.4999999318901046, 0.4999999318901046, 0.4999999318901046, 0.4999999318901046, 0.4999999318901046, 0.49999868165852035, 0.49999868165852035, 0.49999868165852035, 0.49999935663098904, 0.4999988509603348]
Trust scores_s2 at iteration 100: [0.49999936554541413, 0.49999936554541413, 0.49999936554541413, 0.49999936554541413, 0.49999936554541413, 0.4999995575517965, 0.4999995575517965, 0.4999995575517965, 0.4999995628992716, 0.49999989385618293]
