Matplotlib created a temporary config/cache directory at /tmp/matplotlib-vzjwejca because the default path (/users/raysuan/.config/matplotlib) is not a writable directory; it is highly recommended to set the MPLCONFIGDIR environment variable to a writable directory, in particular to speed up the import of Matplotlib and to better support multiprocessing.
Loaded dataset for Tower 2 without noise: 552960 chunks
Loaded dataset for Tower 3 without noise: 535674 chunks
Loaded dataset for Tower 4 without noise: 552958 chunks
Loaded dataset for Tower 5 without noise: 518399 chunks
Loaded dataset for Tower 6 without noise: 518400 chunks
Loaded dataset for Tower 7 with same noise: 518398 chunks
Loaded dataset for Tower 8 with same noise: 518398 chunks
Loaded dataset for Tower 9 with same noise: 518399 chunks
Loaded dataset for Tower 10 with random noise: 518399 chunks
Loaded dataset for Tower 11 with random noise: 518396 chunks
W, alpha, th 0.5 0.1 0.3
X.shape (10, 5)
s1 and s2 score at iteration 0
S_1 [-0.23644800833044707, 0.09262767953290613, 0.13136304836337995, 0.35664460235735335, -0.21665800316667794, 0.31109870123151484, 0.09983120307296116, 0.28183199340158643, 0.22131183124501463, 0.30940559292329084]
S_2 [0.5, 0.3333333333333333, 0.5, 0.2, 0, 0.2, 0.25, 0.2, 0.2, 0.2]
Trust scores at iteration 1: [-1.496681419235882, -0.3662521428094265, -0.5685026417178739, 0.54, -0.5467409335824757, 0.42506398038184273, -0.19807390278224818, 0.3512088403549563, 0.1984849645949126, 0.4207913866924119]
X.shape (10, 5)
s1 and s2 score at iteration 1
S_1 [0.056546777769167694, -0.07207536617053481, -0.114551609551739, -0.030524557339044515, -0.13246235988832408, -0.13426905304243741, -0.09462351316748255, -0.016402226113766922, -0.04252486759366132, -0.14449597092374805]
S_2 [0.3333333333333333, 0.3333333333333333, 0.3333333333333333, 0.3333333333333333, 0.5, 0.3333333333333333, 0.5, 0.3333333333333333, 0.5, 0.3333333333333333]
Trust scores at iteration 2: [0.15033185807641183, -1.783778635087366, -2.480056690140391, -1.031829656241161, -3.062948492054306, -2.6945233763459404, -2.4258377108452915, -0.8259373775448708, -1.556978412945121, -2.857722529292137]
X.shape (10, 5)
s1 and s2 score at iteration 2
S_1 [0.26038753273556314, 0.05650805022177179, 0.07582527116225439, 0.14778155923535374, 0.35811319726935453, -0.05837312607891801, 0.30731310362760555, -0.413131090649817, 0.36550666763249656, 0.11588839953572647]
S_2 [0.25, 0.25, 0.3333333333333333, 0.25, 0.25, 0.3333333333333333, 0.25, 0, 0.25, 0.25]
Trust scores at iteration 3: [-0.018805379354634156, -0.7142360920904114, -0.9612984209956678, -0.41429520353943544, -0.09950005287497984, -1.3131865513257353, -0.16087584272756206, -1.0998610395884567, 0.06930215870548789, -0.6754161464107324]
X.shape (10, 5)
s1 and s2 score at iteration 3
S_1 [-0.10599550864155308, 0.17190673336861023, -0.3356889282479486, 0.033658865166877425, -0.12592371610039002, 0.055030236207422305, -0.037528020749355545, -0.2527415581716071, 0.10860080962259998, 0.13445477762781705]
S_2 [0.5, 0.2, 0.5, 0.2, 0.5, 0.2, 0.5, 0.5, 0.2, 0.2]
Trust scores at iteration 4: [-1.4568091082599626, 0.4685763907909589, -2.753594657484862, -0.2252119978835811, -1.5692106536027726, -0.2032135203529976, -1.112561672358635, -2.333188505034669, 0.21549857119354748, 0.2763825277923805]
X.shape (10, 5)
s1 and s2 score at iteration 4
S_1 [-0.11623178541032114, 0.038483913700062315, 0.02288692077554623, 0.09301188589638928, -0.21611228863968174, 0.07627698441300879, 0.28016176306620133, -0.28972379247424873, 0.27451568400633486, 0.22534493938308298]
S_2 [0.3333333333333333, 0.25, 0.3333333333333333, 0.25, 0.5, 0.3333333333333333, 0.3333333333333333, 0.3333333333333333, 0.25, 0.25]
Trust scores at iteration 5: [-1.119067363439697, -0.2795154892486559, -0.801836839132504, -0.17372704461676253, -1.7511666242367525, -0.3752868932983796, 0.18874383276413653, -1.7640361988420021, 0.4534122244236357, 0.30154305415233335]
X.shape (10, 5)
s1 and s2 score at iteration 5
S_1 [0.12132087924551133, -0.03623901170677271, 0.1725534743980518, -0.02320004211150792, 0.14798674754747568, -0.1370614220683717, -0.06511033089699715, 0.046339603255257135, -0.39617577952901734, 0.09181140722686919]
S_2 [0.25, 0.5, 0.25, 0.5, 0.3333333333333333, 0.5, 0.3333333333333333, 0.25, 0, 0.25]
Trust scores at iteration 6: [0.0708756037500932, -1.1169660596431945, 0.3698163160867496, -1.0383788909392107, -0.003251168220494649, -1.6524101502326458, -0.9207264159060977, -0.3847067020144184, -2.0210222791907353, 0.059021895838641265]
X.shape (10, 5)
s1 and s2 score at iteration 6
S_1 [0.18397452379327306, 0.01481522614064277, -0.12556522983690802, 0.08883776960790064, -0.13586438035111997, -0.05116850629291056, 0.01918988880364097, -0.14823414179148062, 0.045397498108148096, -0.1332570390430943]
S_2 [0.25, 0.5, 0.5, 0.25, 0.5, 0.5, 0.25, 0.5, 0.25, 0.5]
Trust scores at iteration 7: [0.4570875603750093, -0.9392207910979025, -1.4772811724097874, -0.11924514767200219, -1.5649711764765277, -1.3155564104057604, -0.4481960571202312, -1.6636293762092498, -0.4300184988520861, -1.54598880415801]
X.shape (10, 5)
s1 and s2 score at iteration 7
S_1 [-0.31197753298957104, 0.09924136811896786, 0.13838056003968502, 0.0736224979533703, -0.037434436816955186, -0.33875896614375295, -0.14650142561132984, -0.00925073177246809, 0.13461490877776677, 0.16797596395036948]
S_2 [0.5, 0.2, 0.2, 0.2, 0.5, 0.5, 0.5, 0.2, 0.2, 0.2]
Trust scores at iteration 8: [-2.525838607569674, 0.07780418223472518, 0.23370238928383627, 0.02253816072374471, -1.2570674393944836, -2.8465954976920846, -1.729760974401855, -0.5759275205494754, 0.3182526382615975, 0.385401119584199]
X.shape (10, 5)
s1 and s2 score at iteration 8
S_1 [-0.18280961273800245, 0.057614363770606546, -0.20368791155385807, -0.08606565217382342, -0.00762570802848592, -0.10022982027155412, 0.05671649856937284, -0.08602455945726722, -0.10580040886725744, 0.1063617460664008]
S_2 [0.5, 0.3333333333333333, 0.5, 0.5, 0.3333333333333333, 0.3333333333333333, 0.3333333333333333, 0.3333333333333333, 0.3333333333333333, 0.3333333333333333]
Trust scores at iteration 9: [-2.6994619212345405, -0.10470476266877687, -2.6001734896977675, -1.626006952682625, -0.7902331124831983, -1.732773101685546, -0.2930587342881302, -1.3855058070287394, -1.4634248754587518, 0.33854011195841993]
X.shape (10, 5)
s1 and s2 score at iteration 9
S_1 [-0.08299808945522184, 0.03841100752395959, 0.20296106697338853, 0.013896373026928496, -0.0389759786449163, 0.08209056360709083, 0.11849507908013458, 0.2488299953568922, -0.2805719339439934, 0.2917883851303766]
S_2 [0.3333333333333333, 0.25, 0.3333333333333333, 0.3333333333333333, 0, 0.3333333333333333, 0.25, 0.25, 0.5, 0.25]
Trust scores at iteration 10: [-1.1259477477587927, -0.3419945240588515, -0.23399873553377065, -0.71973834583428, -0.19924187568758284, -0.5200749518451755, -0.11381644133757383, 0.17894739808452445, -1.9117461616392277, 0.483854011195842]
X.shape (10, 5)
s1 and s2 score at iteration 10
S_1 [-0.06838709105682249, -0.009206699542000263, -0.237181138368335, -0.051152857343564076, -0.004108715987454165, -0.16467948220865905, -0.10987877284485649, 0.006054285203747635, -0.06826906598477685, -0.15508409234563922]
S_2 [0.3333333333333333, 0.3333333333333333, 0.3333333333333333, 0.3333333333333333, 0.5, 0.3333333333333333, 0.3333333333333333, 0.5, 0.5, 0.3333333333333333]
Trust scores at iteration 11: [-10.878680428131203, -2.002821727199141, -35.8815711270924, -8.276103811927436, -1.530705520833297, -25.13244226162886, -16.945414850755217, 0.017894739808452447, -11.239715247891372, -23.605646315899165]
X.shape (10, 5)
s1 and s2 score at iteration 11
S_1 [-0.1751772127958285, 0.010487043294947287, -0.2895090908208345, -0.13777971543449857, -0.007627315548877572, 0.03295171394817506, 0.04074839379809004, 0.06730364773666248, 0.0736400456478331, -0.135559147080043]
S_2 [0, 0.3333333333333333, 0.5, 0.3333333333333333, 0.3333333333333333, 0.3333333333333333, 0.3333333333333333, 0.3333333333333333, 0.3333333333333333, 0.5]
Trust scores at iteration 12: [-3.2288158128649833, -0.6721136078796737, -8.026424633411382, -3.111500482022652, -0.8462886365318123, -2.7105211928939594, -1.7965304627349867, 0.22434848287492293, -0.8239715247891373, -4.9173158095494145]
X.shape (10, 5)
s1 and s2 score at iteration 12
S_1 [0.13647962062344338, 0.3388153406721433, -0.6236707926467084, 0.04683938292845443, 0.24271863542144376, 0.3296933718456559, 0.2870745954886258, 0.3644533462241685, 0.3187049683358848, -0.14041300819981983]
S_2 [0.3333333333333333, 0.2, 0, 0.2, 0.2, 0.2, 0.2, 0.2, 0.2, 0.5]
Trust scores at iteration 13: [-0.5858517259328104, 0.40947681827287147, -2.342767473022872, -0.5554824461007881, 0.15475312622965226, 0.18310979672874061, 0.16926385246405987, 0.5624348482874924, 0.34462942986413814, -1.7384747476430282]
X.shape (10, 5)
s1 and s2 score at iteration 13
S_1 [-0.02446346652499546, 0.11889686334515377, -0.23753838291942975, -0.18219512326943837, -0.09046524354470835, 0.03905651128974814, 0.185316561125745, 0.18505552800787375, 0.2510243380626018, 0.15064764532318053]
S_2 [0.5, 0.25, 0.3333333333333333, 0.3333333333333333, 0.3333333333333333, 0.25, 0.25, 0.25, 0.25, 0.25]
Trust scores at iteration 14: [-1.046294276986996, 0.017229762029217038, -1.6859254212016763, -1.3087741915762305, -0.9088706046638791, -0.29165933064816263, 0.23134365370894353, 0.2697248687157221, 0.48446294298641385, -0.08372900721933485]
X.shape (10, 5)
s1 and s2 score at iteration 14
S_1 [0.348645242711139, 0.2171363631423848, 0.23291496530615785, -0.09961784746567073, 0.33665976530195274, -0.40519823569878394, -0.44192578959307205, 0.312976740463877, 0.3243880494207563, 0.19544039402098667]
S_2 [0.16666666666666666, 0.16666666666666666, 0.16666666666666666, 0.3333333333333333, 0.16666666666666666, 0.3333333333333333, 0.3333333333333333, 0.2, 0.16666666666666666, 0.16666666666666666]
Trust scores at iteration 15: [0.3453705723013004, 0.11224324978674563, -0.01734106039775629, -1.2880329794111323, 0.3281733816483927, -1.9751529922688635, -2.017661956818697, 0.294897081588808, 0.43582827664958845, 0.046140951958461116]
X.shape (10, 5)
s1 and s2 score at iteration 15
S_1 [0.07779930569517296, 0.005826598151978384, 0.057753604957802435, -0.1294925590070909, -0.08404899594996867, -0.15918083541433678, -0.19508256490525688, -0.26482287509134284, 0.022386506116695085, -0.06063936415896665]
S_2 [0.3333333333333333, 0.3333333333333333, 0.3333333333333333, 0.5, 0.3333333333333333, 0.5, 0.5, 0.5, 0.3333333333333333, 0.3333333333333333]
Trust scores at iteration 16: [0.3345370572301301, -0.5213722671126878, 0.06637268485729494, -2.5268025675363006, -1.5394804950748875, -2.938955278578679, -3.3585255182220024, -3.934041327915601, -0.29744499610550895, -1.2968758121421842]
X.shape (10, 5)
s1 and s2 score at iteration 16
S_1 [-0.19937493915231502, 0.03012142549350442, -0.22000609043797031, -0.013678452971372913, -0.05223425314899157, -0.02439434945550586, -0.08895056830809712, -0.24966114887238713, -0.004063299361871183, -0.09623271624240443]
S_2 [0.5, 0.25, 0.5, 0.25, 0.5, 0.25, 0.5, 0.5, 0.25, 0.5]
Trust scores at iteration 17: [-6.823682860598477, 0.3978627732887312, -7.466938787430763, -1.1113796284646522, -2.614658642179477, -1.4727758564030682, -3.893612274865557, -8.753045577503501, -0.6011520812826958, -3.905031068422054]
X.shape (10, 5)
s1 and s2 score at iteration 17
S_1 [-0.11330853965565003, 0.02318711980240633, 0.16883090362086955, -0.18252305527710563, 0.13727869629205897, 0.1812072669446425, -0.09440143521701927, 0.22963177244614316, -0.2350087349170453, -0.013236461425797054]
S_2 [0.5, 0.3333333333333333, 0.3333333333333333, 0.5, 0.3333333333333333, 0.3333333333333333, 0, 0.3333333333333333, 0.5, 0.3333333333333333]
Trust scores at iteration 18: [-2.0264605151262867, -0.46933602051403495, -0.6849918344651235, -1.7265039071994943, -0.3234269624286487, -0.03706863453173205, -0.7593504967861419, -0.5753045577503502, -1.88118923535134, -1.0423810118738852]
X.shape (10, 5)
s1 and s2 score at iteration 18
S_1 [0.12397904310633587, -0.08814723313727793, 0.13553982980089968, -0.2911434381456189, -0.17666373316152562, 0.0022541671897037263, 0.12829225164320426, 0.032677493683493965, -0.18486621794473382, -0.20105828329183667]
S_2 [0.3333333333333333, 0.3333333333333333, 0.25, 0.3333333333333333, 0, 0.25, 0.25, 0.25, 0.3333333333333333, 0.3333333333333333]
Trust scores at iteration 19: [-0.2794109997967704, -1.532241329972304, 0.15650081655348766, -3.005876179153968, -1.2054101265246584, -0.6637389350315906, 0.10094020092847655, -0.5155481535370448, -2.3156517926162197, -2.3392881394563014]
X.shape (10, 5)
s1 and s2 score at iteration 19
S_1 [-0.02422469480609167, -0.20179027668427738, 0.13203825419015944, 0.13256357820601578, 0.05635024896020954, -0.03726619930347676, -0.2585467765126654, -0.10788751148000945, -0.10917297842883991, 0.1161839917174544]
S_2 [0.3333333333333333, 0.5, 0.25, 0.25, 0.25, 0.3333333333333333, 0.5, 0.3333333333333333, 0.25, 0.3333333333333333]
Trust scores at iteration 20: [-0.7924072800612065, -2.42321769739551, 0.4620835544035274, 0.14941238208460322, -0.18796817665544296, -0.9193813924483485, -2.645230496719563, -1.3840241832302131, -1.4227618330910603, -0.04513302281811102]
X.shape (10, 5)
s1 and s2 score at iteration 20
S_1 [0.13735077450816563, 0.19594315595656178, 0.03577388800288916, 0.07649939021284136, 0.055348537442234, -0.23135992058716923, -0.20613812946365717, -0.2201493979142217, -0.02304947256268743, -0.011831375517230921]
S_2 [0.25, 0.25, 0.25, 0.3333333333333333, 0.25, 0.3333333333333333, 0.3333333333333333, 0.3333333333333333, 0.3333333333333333, 0.3333333333333333]
Trust scores at iteration 21: [-0.1233654292294021, -0.01732176973955099, -0.4644761365980534, -0.533684145743096, -0.4395716396804878, -2.054613319257823, -2.1113502843951735, -2.049585774820166, -1.1481463026564616, -0.9588568077414682]
X.shape (10, 5)
s1 and s2 score at iteration 21
S_1 [0.04416236735708041, -0.21696016893434897, -0.00963734202777485, 0.07340529341305532, -0.025597408278955142, 0.08707860684262184, 0.12584536993889703, -0.19228513433811634, -0.13867270286069425, -0.22293382161723388]
S_2 [0.3333333333333333, 0, 0.5, 0.25, 0.25, 0.25, 0.25, 0.3333333333333333, 0.3333333333333333, 0.5]
Trust scores at iteration 22: [-0.29650346427514646, -1.55335185226056, -1.0153703545537196, 0.021599362180821535, -0.6770204539583389, -0.032707024823250136, 0.23886497156048264, -2.180111441574916, -1.7065510178278018, -2.590226732438816]
X.shape (10, 5)
s1 and s2 score at iteration 22
S_1 [0.22502584883991966, 0.08450597926062729, 0.31896012230484816, -0.5058222130939792, 0.11726457106294544, -0.36421188433402185, 0.3085669339676763, 0.3021182938724043, 0.2798609591692963, 0.0848369820153177]
S_2 [0.2, 0.2, 0.2, 0.5, 0.5, 0.5, 0.2, 0.2, 0.2, 0.5]
Trust scores at iteration 23: [0.2452981935105432, -0.27688725391420965, 0.4384629645446281, -2.3251030974644884, -0.6368201997468591, -1.9309562122945256, 0.5345603562082009, 0.2744667848084609, 0.25901998810709537, -0.9196407616053766]
X.shape (10, 5)
s1 and s2 score at iteration 23
S_1 [0.14062228712238037, 0.17060175123799434, -0.0753179297048876, -0.0256289806539852, 0.25469035130560175, 0.3378956011119017, 0.13753643688196152, 0.29892567646295387, 0.0053464515101570515, 0.15430648587867032]
S_2 [0.5, 0.25, 0.25, 0.25, 0.25, 0.25, 0.25, 0.25, 0.25, 0.25]
Trust scores at iteration 24: [-0.5009164486865424, -0.02328335400173488, -0.6067663676682346, -0.7507742424898284, 0.16469708712452075, 0.25690437877054745, -0.03020953212721364, 0.373648546547078, -0.40985748919887893, -0.13096187064555243]
X.shape (10, 5)
s1 and s2 score at iteration 24
S_1 [0.16962195415737866, -0.38657976739803357, 0.09639820832917756, -0.11073224723507367, 0.18459304943717147, 0.14855634920521846, 0.051424863161055795, -0.45355487943168415, 0.1906522086531687, 0.1356575170511776]
S_2 [0.25, 0.5, 0.25, 0.3333333333333333, 0.25, 0.25, 0.5, 0.5, 0.25, 0.25]
Trust scores at iteration 25: [0.30063214333228316, -2.7272313518197926, -0.05561562221498474, -1.1978042429708384, 0.4378666134064965, 0.27697113758257297, -0.6602628064705226, -3.003703399273078, 0.40901425108011213, 0.17729379954277077]
X.shape (10, 5)
s1 and s2 score at iteration 25
S_1 [-0.10052548548737757, -0.14521236555865136, -0.059290462477628286, -0.19073296601895365, -0.07176120019749382, 0.055299224942579, 0.020178336374318144, -0.1986157601446224, -0.05795686246153467, -0.10265931917888434]
S_2 [0.3333333333333333, 0.5, 0.25, 0.3333333333333333, 0.25, 0.5, 0.25, 0.3333333333333333, 0.5, 0.25]
Trust scores at iteration 26: [-2.2059983585474785, -3.536067813854996, -1.4205193222131491, -3.8239770851961175, -1.5741335083327515, 0.0276971137582573, -0.18762199006714572, -4.132860204220576, -1.8023518712906952, -2.1030605335921484]
X.shape (10, 5)
s1 and s2 score at iteration 26
S_1 [-0.19624686021483537, 0.12156931238743877, 0.052594030916107926, -0.06012554299740702, 0.0966421140869358, 0.08090199573493471, -0.2661135691768699, -0.19375765448914378, 0.01803831726769746, 0.042325484485249004]
S_2 [0.25, 0.2, 0.2, 0.25, 0.2, 0.2, 0.25, 0.25, 0.2, 0.3333333333333333]
Trust scores at iteration 27: [-2.3484514702413994, 0.006393218614500318, -0.29268863901091424, -1.502518172187362, 0.018046011156414354, 0.06170207951649277, -2.663849942004672, -2.522709606569178, -0.586694203618455, -0.7969626997723924]
X.shape (10, 5)
s1 and s2 score at iteration 27
S_1 [0.34801028988106375, 0.19691049951627163, 0.22529635533828973, 0.31853858693084, 0.16429351967854952, 0.3206052689543942, 0.022886957935481417, 0.05798495650911595, -0.5035050715375265, -0.06835818160318384]
S_2 [0.2, 0.2, 0.2, 0.2, 0.25, 0.2, 0.25, 0.3333333333333333, 0, 0.3333333333333333]
Trust scores at iteration 28: [0.12515485297586, -0.030124443700737608, 0.013376896009509021, 0.1335305150098124, -0.24831092848197842, 0.29529724944679586, -0.8821963358738041, -1.0023143002488601, -1.3607992066352466, -1.1564794434399877]
X.shape (10, 5)
s1 and s2 score at iteration 28
S_1 [0.08512966291052308, 0.01998782523291797, -0.1915912376133385, -0.040649286085459035, 0.03191229539530211, 0.001197492187744424, -0.09089650198200942, -0.24657394376677377, -0.18551133718792434, -0.09548846432514124]
S_2 [0.3333333333333333, 0.5, 0.5, 0.3333333333333333, 0.3333333333333333, 0.5, 0.5, 0.5, 0.5, 0.5]
Trust scores at iteration 29: [0.31251548529758605, -0.6916989950435583, -2.92418558814587, -1.016395595752159, -0.28745085576256946, -0.8578102581807939, -1.9491872797272798, -3.607037821627134, -2.9973258337903994, -2.02516231283099]
X.shape (10, 5)
s1 and s2 score at iteration 29
S_1 [-0.04617481876160052, -0.06784619935636949, 0.2754181441719499, 0.16318339085420416, -0.19081445444940512, 0.19508693950808653, 0.3134809475325164, 0.1499942631750653, -0.08895956504361838, -0.06801437585753077]
S_2 [0.3333333333333333, 0.3333333333333333, 0.3333333333333333, 0.3333333333333333, 0, 0.3333333333333333, 0.3333333333333333, 0.3333333333333333, 0.3333333333333333, 0.3333333333333333]
Trust scores at iteration 30: [-1.0013157963521175, -1.1639555153491556, -0.40169640582299737, -0.5331420227239535, -0.5765710710347554, -0.4256887875519382, -0.194918727972728, -0.8300720709849354, -1.455134416152152, -1.2977846798239097]
X.shape (10, 5)
s1 and s2 score at iteration 30
S_1 [-0.16750333405266504, 0.16862423733160933, 0.2817050806849233, 0.1458951161565374, 0.1594894550483113, 0.078757023224508, 0.11458740863417659, -0.3307121891145385, 0.07449837240689162, -0.2152632461180996]
S_2 [0, 0.25, 0.25, 0.25, 0.25, 0.25, 0.25, 0.5, 0.25, 0]
Trust scores at iteration 31: [-0.6352763497645451, -0.02766968535791052, 0.4098303594177003, -0.03720402697263163, 0.0018846774979350833, -0.24095353433286393, -0.10340451817797669, -2.039576614648459, -0.35750376495910346, -0.8175080646060928]
X.shape (10, 5)
s1 and s2 score at iteration 31
S_1 [-0.049236612599056685, 0.09805135071770699, -0.11131628571399024, 0.05726260760933434, -0.14831118095632828, -0.10954947459071987, -0.16606906568681307, -0.10399266207167474, 0.01988991785048078, 0.08684181891918746]
S_2 [0.3333333333333333, 0.3333333333333333, 0.5, 0.3333333333333333, 0.3333333333333333, 0, 0.5, 0.5, 0.3333333333333333, 0.3333333333333333]
Trust scores at iteration 32: [-1.1154637991883014, 0.297233031464209, -1.8807739965648613, -0.07811472290631649, -1.9611396718797043, -1.0296350671645609, -2.434665797915662, -2.0584921495614523, -0.45318352826380337, 0.11535842717235814]
X.shape (10, 5)
s1 and s2 score at iteration 32
S_1 [0.09530436777102022, 0.056088347153640195, -0.1558487122725931, 0.19873362248856521, 0.10499721387074477, 0.29822420555130086, 0.14579172003501398, -0.21689592012996062, 0.1883113874612727, 0.2515654666797713]
S_2 [0.3333333333333333, 0.25, 0.3333333333333333, 0.3333333333333333, 0.25, 0.25, 0.25, 0.25, 0.25, 0.25]
Trust scores at iteration 33: [-0.7239307893756164, -0.4760097108121236, -1.5584075688191146, -0.30806048994141066, -0.5542466883935443, 0.1220364932835439, -0.4784870422857106, -1.535411535798291, -0.1520202550853127, 0.0957261290766275]
X.shape (10, 5)
s1 and s2 score at iteration 33
S_1 [0.006092225731146341, 0.04980849968821784, -0.22401990772872946, -0.12507649200754742, -0.18364508475305089, -0.25669106643664036, -0.09866663733606545, 0.07526142754109572, 0.051270673600692554, -0.04326684768730853]
S_2 [0.25, 0.3333333333333333, 0.3333333333333333, 0.5, 0.3333333333333333, 0.3333333333333333, 0.25, 0.25, 0.25, 0.3333333333333333]
Trust scores at iteration 34: [-0.4495403130896408, -0.0519751480802018, -3.434741802783082, -2.4265103756935735, -2.8515107872895533, -3.6573894655089796, -1.677735619793262, 0.2964588464201709, 0.14790893648361358, -1.1078260624936882]
X.shape (10, 5)
s1 and s2 score at iteration 34
S_1 [-0.3196240197237109, 0.10345300333589033, -0.07734358583324935, -0.1714631290492318, -0.13154215128251348, -0.00772806661956819, 0.012337505739243887, 0.04255554809468351, -0.1758659652992377, 0.10069280145039018]
S_2 [0.5, 0.3333333333333333, 0.5, 0.5, 0.5, 0.5, 0.5, 0.3333333333333333, 0.5, 0.3333333333333333]
Trust scores at iteration 35: [-3.7255559324191956, 0.2948024851919799, -1.9163326281275, -2.6343120930079715, -2.329515498676061, -1.3329700537525815, -0.960442166976052, -0.2001377654192279, -2.415173086763245, 0.16520473469921138]
X.shape (10, 5)
s1 and s2 score at iteration 35
S_1 [0.2694582030920377, -0.03030047060912961, -0.37989730846257264, 0.23264098017835227, -0.0014279781064404516, 0.375340725541155, 0.28920991150341496, 0.32012386704104895, 0.31016190235108265, -0.024299528667232406]
S_2 [0.16666666666666666, 0.5, 0.5, 0.16666666666666666, 0.5, 0.16666666666666666, 0.16666666666666666, 0.16666666666666666, 0.16666666666666666, 0.3333333333333333]
Trust scores at iteration 36: [-0.026442964687725556, -0.94317486640045, -2.0025591345613147, -0.005599703384023158, -1.1363755862386755, 0.46670299462474196, 0.2974294797092974, 0.4475860620355553, 0.2021955184183386, -0.6417454548249055]
X.shape (10, 5)
s1 and s2 score at iteration 36
S_1 [0.146410818482122, 0.161598113150242, -0.20016202532236346, -0.2624128369492571, -0.145331491263469, 0.05712955550949718, -0.22654177774458864, 0.04593562164997685, 0.1476736888148616, 0.16495470463009465]
S_2 [0.25, 0.25, 0.3333333333333333, 0.3333333333333333, 0.3333333333333333, 0.3333333333333333, 0.3333333333333333, 0.3333333333333333, 0.25, 0.25]
Trust scores at iteration 37: [0.12117945899427401, 0.1123688051293124, -2.1923485772822286, -2.33229575370959, -1.8065724581190532, -0.541628375777814, -2.1062787855548937, -0.6046146561251101, 0.15093358243837468, 0.16082545451750946]
X.shape (10, 5)
s1 and s2 score at iteration 37
S_1 [-0.026974247936637066, 0.07478218106330384, -0.01384853609236011, -0.015743513989342026, -0.13667297693605754, -0.22380868578831267, 0.08724552759390553, -0.12860918683368922, 0.07612768802008332, -0.13985605523069303]
S_2 [0.3333333333333333, 0.3333333333333333, 0.3333333333333333, 0.3333333333333333, 0, 0.3333333333333333, 0.3333333333333333, 0.3333333333333333, 0.3333333333333333, 0.3333333333333333]
Trust scores at iteration 38: [-1.1661407088705074, -0.11733145057393445, -1.2620924095919441, -1.2956351792015628, -1.5905367277149327, -3.2629094606373688, -0.21062787855548937, -2.2871571867855676, -0.09959510651064638, -2.3266326650459423]
X.shape (10, 5)
s1 and s2 score at iteration 38
S_1 [0.00031629475703500966, 0.1119398280449281, -0.18523147841891136, -0.011240667805144532, -0.02738856378673601, -0.12067545939910818, -0.09034362303960744, 0.014967993046160557, 0.05325835007578264, -0.2557646226154639]
S_2 [0.25, 0.25, 0.3333333333333333, 0.25, 0.25, 0.25, 0.25, 0.25, 0.25, 0.5]
Trust scores at iteration 39: [-0.564071050352686, 0.4382668549426066, -2.21547658653802, -0.6699388669029124, -0.8292586510940347, -1.7465257173339461, -1.1974285698631153, -0.558372548809315, -0.03176057640787272, -3.189019474784004]
X.shape (10, 5)
s1 and s2 score at iteration 39
S_1 [-0.15169067558727192, -0.08050658651646897, -0.06819224049905273, -0.15666049183674902, -0.0498393607812415, -0.15253044064226437, -0.09148782573349824, -0.1569366108132081, -0.05633048065703845, -0.10392981738292527]
S_2 [0.25, 0.3333333333333333, 0.3333333333333333, 0.25, 0.3333333333333333, 0.25, 0.3333333333333333, 0.25, 0.3333333333333333, 0.3333333333333333]
Trust scores at iteration 40: [2.0078256196333957, 0.5976159542381121, 0.10986894635705094, 2.0869838618795, -0.08292586510940347, 1.9047446441656157, 0.6323458108751576, 2.103126654725393, 0.11404069226616699, 0.6578644110467688]
X.shape (10, 5)
s1 and s2 score at iteration 40
S_1 [0.08403780255259197, 0.15608225440410262, 0.16717836361301497, -0.06637053957766999, 0.1864264265164437, 0.29001623638521135, 0.158871028190847, -0.4865946418420827, 0.26067092272921216, 0.09829051151340158]
S_2 [0.25, 0.3333333333333333, 0.3333333333333333, 0.3333333333333333, 0.25, 0.25, 0.3333333333333333, 0.5, 0.25, 0.3333333333333333]
Trust scores at iteration 41: [0.011574934280290106, -0.05587231971634299, -0.07021274740135071, -0.5972676189034427, 0.12023979483457194, 0.6404744644165616, -0.04374500338704018, -2.199724093559776, 0.37033750474875965, -0.22919111786011387]
X.shape (10, 5)
s1 and s2 score at iteration 41
S_1 [0.16866839794238528, 0.20698956548566755, -0.010325488876770872, 0.2143830226210802, 0.2182213527507631, -0.31168615020790613, -0.21458973992149266, 0.11552052334201852, 0.16124340942991428, -0.15703760470197092]
S_2 [0.3333333333333333, 0.3333333333333333, 0.3333333333333333, 0.3333333333333333, 0.3333333333333333, 0.5, 0.3333333333333333, 0.3333333333333333, 0.3333333333333333, 0.3333333333333333]
Trust scores at iteration 42: [0.09678858651140702, 0.24809003924328976, -0.6496061999637794, 0.22444299476651197, 0.3120239794834572, -2.121424995421092, -1.489396811376816, -0.3435365807935818, 0.10204231474982817, -1.270581874619286]
X.shape (10, 5)
s1 and s2 score at iteration 42
S_1 [0.047623427151081, 0.2025186700216766, 0.022318004093566508, 0.16150380832503247, 0.07902102727795547, -0.12665367251519546, 0.05712891459004029, -0.15249523737667553, -0.08926839099744524, -0.29452321433327655]
S_2 [0.3333333333333333, 0.25, 0.25, 0.25, 0.3333333333333333, 0.3333333333333333, 0.25, 0.5, 0.5, 0]
Trust scores at iteration 43: [-0.3786809778449944, 0.474809003924329, -0.41577863503637436, 0.29017283026826324, -0.21762541361812507, -1.3749958169743992, -0.3450568014726465, -1.6120477868444636, -1.2865075970645852, -1.4359295763150008]
X.shape (10, 5)
s1 and s2 score at iteration 43
S_1 [0.08659596635927927, 0.027405263853494774, -0.04016045916627734, -0.06710084567191266, 0.029472639477338396, -0.18649134515069837, -0.2683134692517237, -0.19219775856973517, -0.03461058302157037, 0.007269623769366684]
S_2 [0.3333333333333333, 0.5, 0.3333333333333333, 0.5, 0.3333333333333333, 0.5, 0.5, 0.5, 0.5, 0.3333333333333333]
Trust scores at iteration 44: [0.2621319022155006, -0.5676936221042224, -1.0589692821719103, -1.5683680992687565, -0.3154506351056592, -2.9757216224246665, -3.7231127305572413, -3.058734109266552, -1.3883617950932179, -0.6680390759958927]
X.shape (10, 5)
s1 and s2 score at iteration 44
S_1 [0.006015783659579283, -0.14563807783233784, -0.17756373150430804, -0.2430188540198327, -0.15996281374282317, 0.03173796970072128, 0.08387385903181564, -0.12492067980062756, -0.009242985964238571, 0.026655109659989726]
S_2 [0.25, 0.3333333333333333, 0.3333333333333333, 0.5, 0.5, 0.25, 0.25, 0.3333333333333333, 0.25, 0.25]
Trust scores at iteration 45: [-0.35923504888275065, -2.219524093686221, -2.611226672175412, -3.66452615607803, -2.6480099314729477, -0.4070110737176859, 0.07768872694427587, -2.2463221886312503, -0.6880171098234881, -0.23078393700433097]
X.shape (10, 5)
s1 and s2 score at iteration 45
S_1 [-0.05724226736911972, 0.2699216039144956, -0.6092923491007833, -0.081125005820511, 0.387719405204912, 0.35045228110674786, 0.364033868270161, -0.0941500044705332, 0.36519420446965706, 0.30147268473537336]
S_2 [0.3333333333333333, 0.2, 0, 0, 0.2, 0.2, 0.2, 0.5, 0.2, 0.2]
Trust scores at iteration 46: [-0.7687980526684672, 0.04460752098785925, -1.6754524810706597, -0.5547653599747566, 0.27519900685270526, 0.412791972319145, 0.49278843334806643, -1.3431794540181388, 0.4189112990202968, 0.3167199981763907]
X.shape (10, 5)
s1 and s2 score at iteration 46
S_1 [-0.019399253570531863, -0.11639728639714801, -0.051230631417300616, -0.04424822033254596, -0.1767354361304361, -0.14206767465400358, -0.04254582146623972, -0.18203773135271792, -0.12225283809877811, -0.04393086700417624]
S_2 [0.3333333333333333, 0.3333333333333333, 0.3333333333333333, 0.5, 0.3333333333333333, 0.3333333333333333, 0.3333333333333333, 0.5, 0.3333333333333333, 0.5]
Trust scores at iteration 47: [0.2231201947331533, 4.804542635484421, 1.6092249769911589, 1.097354937878637, 7.626902002634441, 6.0323012035027315, 1.4231300113911622, 7.411056389325971, 5.113632771345181, 1.1697803301205059]
X.shape (10, 5)
s1 and s2 score at iteration 47
S_1 [0.18535839322700742, -0.2994470959288153, 0.2645740613254812, -0.4065515589590755, -0.09774944592218236, 0.1744129617523545, 0.22384511321509207, -0.0679565227738499, 0.11788771112925062, 0.13104111530083812]
S_2 [0.2, 0.5, 0.2, 0.5, 0.5, 0.2, 0.2, 0.5, 0.25, 0.2]
Trust scores at iteration 48: [0.29284455568849693, -1.4381731294233493, 0.700922497699116, -2.1732285096751935, -0.46982350455411614, 0.8365296478652218, 0.5437655822587156, -0.3900616576272282, 0.4623811981082668, 0.20273981018667397]
X.shape (10, 5)
s1 and s2 score at iteration 48
S_1 [-0.1528167857985133, -0.14619780830944787, 0.12237525690055223, -0.11231341594387473, 0.04041595168363459, 0.10951578339879417, -0.21804373388686116, 0.13734482286217464, 0.11626097639116113, 0.10662845467041694]
S_2 [0.3333333333333333, 0.5, 0.3333333333333333, 0.5, 0.3333333333333333, 0.25, 0.5, 0.25, 0.25, 0.25]
Trust scores at iteration 49: [-1.572100994224757, -2.0018295971806817, 0.27199893190979896, -1.8532958002422293, -0.3821426880840621, 0.3512934480963577, -2.274431287666514, 0.4109938342372772, 0.35807883991606126, 0.26899423274360224]
X.shape (10, 5)
s1 and s2 score at iteration 49
S_1 [0.151385445461301, 0.21823096732354474, -0.40797939364601626, 0.0965981640014548, -0.15258215486682575, 0.1268096742375321, 0.09432650489409099, 0.23492661264984666, 0.045683964552576124, -0.1331992124438576]
S_2 [0.25, 0.25, 0.5, 0.5, 0.5, 0.25, 0.3333333333333333, 0.25, 0.25, 0.5]
Trust scores at iteration 50: [-0.027254940752375806, 0.18585629686429364, -2.435762472544447, -0.7152635980535504, -1.5227540015836867, 0.07093512699185882, -0.46607983557851673, 0.4910993834237277, -0.23917759707604785, -1.3833845749806586]
X.shape (10, 5)
s1 and s2 score at iteration 50
S_1 [-0.1381252057261909, 0.14665537747003385, -0.24346388649989598, 0.02870718466348155, 0.1205976590015046, -0.355521334973115, 0.27036362201209363, 0.15982205998061993, 0.1312917651445057, 0.1916146951227066]
S_2 [0.3333333333333333, 0.25, 0.5, 0.25, 0.25, 0.5, 0.25, 0.25, 0.25, 0.25]
Trust scores at iteration 51: [-1.0625236142084673, 0.056779413823285024, -1.954031057036898, -0.4259644421003995, -0.2008238576261447, -2.0763837580021622, 0.40339201644214834, 0.131133636323915, -0.03686713969198155, 0.04951816066309317]
X.shape (10, 5)
s1 and s2 score at iteration 51
S_1 [0.0626350610518341, 0.07380244775149729, 0.017596325002692197, -0.164606379082266, -0.016953629967395467, 0.12140793132248565, 0.09120000941793455, -0.26206148463343987, -0.22141601654033113, 0.02560857333593953]
S_2 [0.25, 0.3333333333333333, 0.3333333333333333, 0.5, 0.3333333333333333, 0.25, 0.25, 0.5, 0.5, 0.25]
Trust scores at iteration 52: [-0.09193710349164538, -0.047222686667120185, -0.664961112911989, -2.1628276067074257, -0.7457600643495814, 0.24236162419978377, 0.2664071288549906, -2.829554908538504, -2.5450491251034606, -0.2552111959273151]
X.shape (10, 5)
s1 and s2 score at iteration 52
S_1 [-0.1834437489676726, -0.24443956222133809, -0.09218838142197316, -0.012015295473701025, -0.044961230729321136, -0.07956272590906306, -0.032357081177805655, -0.08158765549522029, -0.04907254811803351, -0.12698551295633206]
S_2 [0.5, 0.5, 0.5, 0.5, 0.3333333333333333, 0.3333333333333333, 0.3333333333333333, 0.3333333333333333, 0.3333333333333333, 0.3333333333333333]
Trust scores at iteration 53: [12.831573167358789, 17.404907026819924, 5.93883080816566, -0.2162827606707426, 2.693223624040938, 5.383844353070665, 1.8503325083778113, 5.228329088573995, 2.8212509940255166, 8.886268408251105]
X.shape (10, 5)
s1 and s2 score at iteration 53
S_1 [-0.17177381435153874, 0.2666198858185283, -0.11094947689311635, 0.2032452655354238, -0.19857258688196083, 0.28730923332561065, -0.1376391942031678, 0.07194029374124351, 0.21574404666670946, 0.00896982716457888]
S_2 [0.3333333333333333, 0.25, 0.5, 0.25, 0.3333333333333333, 0.25, 0.3333333333333333, 0.25, 0.25, 0.25]
Trust scores at iteration 54: [0.14507355546260636, 2.1256810460592575, -0.6536676332624294, 0.1650402252009493, -0.9527089107475932, 0.9883844353070665, -0.8461233581893358, 0.29818683715855343, 0.5079461990328026, 0.466724943885279]
X.shape (10, 5)
s1 and s2 score at iteration 54
S_1 [0.009062466317334553, 0.29755389091645035, 0.32597673128217985, 0.10250598843852492, 0.1520673352853811, 0.2712535634554702, -0.1104819450294712, 0.21055129041338919, 0.11867189830863643, -0.2807505761778044]
S_2 [0.5, 0.25, 0.25, 0.25, 0.25, 0.25, 0.5, 0.25, 0.3333333333333333, 0.5]
Trust scores at iteration 55: [-0.860471779763429, 0.5840945392427193, 0.38463323667375704, -0.1504837844568022, -0.1254231270379747, 0.3977514292818124, -1.2896456126893918, 0.16113674475259238, -0.22156018880446787, -1.6284611096762875]
X.shape (10, 5)
s1 and s2 score at iteration 55
S_1 [0.3041296478536661, -0.1814026836885424, 0.4418709032949897, 0.048604556349510365, 0.3251980080203729, 0.5227057300239045, 0.31899155797586576, 0.36799914574228937, 0.5057265995349596, 0.29770403896746994]
S_2 [0.25, 0, 0.16666666666666666, 0.25, 0.16666666666666666, 0.16666666666666666, 0.25, 0.16666666666666666, 0.16666666666666666, 0.16666666666666666]
Trust scores at iteration 56: [-0.46239368166632205, -0.253931517184313, 0.19928110339078484, -0.8313605629083246, -0.05261310128124273, 0.3397751429281813, -0.4797216781554333, 0.04973831668630593, 0.24860914292607947, -0.25025629287156587]
X.shape (10, 5)
s1 and s2 score at iteration 56
S_1 [-0.20848665296171812, 0.0644338281449964, 0.020940151853867224, -0.3176851768694692, 0.03725939640130012, -0.2600012750654811, 0.07334530813870647, 0.04279440773479685, -0.058969015099699734, -0.08080606289394866]
S_2 [0.5, 0.3333333333333333, 0.3333333333333333, 0.5, 0.5, 0.5, 0.3333333333333333, 0.5, 0.5, 0.3333333333333333]
Trust scores at iteration 57: [-3.504521450923664, 0.16525654084034203, -0.32312107512702165, -4.881363038196927, -0.44806155717659885, -4.0564262551807975, 0.2520278321844567, -0.36990782144979595, -1.5987315681244378, -1.6165744883773598]
X.shape (10, 5)
s1 and s2 score at iteration 57
S_1 [-0.18458302721239644, -0.04220321509386779, -0.14341205952936376, -0.03488928310164793, -0.12758514570458604, -0.19493841050396418, -0.00411233453416221, -0.11662554880851037, -0.08325489980989115, -0.02272360575997859]
S_2 [0.5, 0.3333333333333333, 0.3333333333333333, 0.3333333333333333, 0.3333333333333333, 0.3333333333333333, 0.3333333333333333, 0.5, 0.3333333333333333, 0.5]
Trust scores at iteration 58: [39.14624299512943, 8.652859242450315, 30.753960702785918, 6.5475155456668706, 27.277686574441663, 41.65736739861909, 0.3252027832184457, 24.586952626569712, 17.460777232022497, 3.911489802215658]
X.shape (10, 5)
s1 and s2 score at iteration 58
S_1 [-0.07360492923279979, 0.19379016628540358, -0.20431519468154186, -0.07636886809842056, 0.1460879101194687, -0.0756103035480927, -0.1553573759811742, 0.04168255273527886, 0.15078956506319227, -0.21205650117541083]
S_2 [0.25, 0.25, 0.3333333333333333, 0.25, 0.25, 0.3333333333333333, 0.3333333333333333, 0.25, 0.25, 0.3333333333333333]
Trust scores at iteration 59: [2.897788397416865, 1.0902859242450316, 1.226515749165838, -0.37492062826922523, 2.7312299108076967, 2.9145874813744364, -1.5889902145126324, 1.9772773116372173, 1.7713743954131909, -1.493683504914935]
X.shape (10, 5)
s1 and s2 score at iteration 59
S_1 [0.17380335144838893, -0.02978700878724491, 0.15186407458785586, -0.18042685554056448, -0.09058838925302642, 0.24057905648545694, -0.2597163100845092, -0.06112814786850476, -0.07732369220790897, 0.21902877180429003]
S_2 [0.25, 0.3333333333333333, 0.25, 0.5, 0.3333333333333333, 0.25, 0.5, 0, 0.3333333333333333, 0.25]
Trust scores at iteration 60: [0.4899726620497636, -0.6024038335736468, 0.24077113247803955, -1.6124642418633144, -0.6657658196027665, 0.7414587481374437, -2.030490989974044, -0.030951081885742415, -0.7121284841170226, 0.22001259439876683]
X.shape (10, 5)
s1 and s2 score at iteration 60
S_1 [-0.3212054475896553, -0.00859358657823576, -0.002508187532957574, 0.01719369236635361, -0.1903982875766538, 0.0657031153442677, 0.06564963747219524, 0.06559088081742061, 0.01617254997067452, -0.30593471054081994]
S_2 [0.3333333333333333, 0.25, 0.3333333333333333, 0.3333333333333333, 0.3333333333333333, 0.25, 0.25, 0.25, 0.3333333333333333, 0.3333333333333333]
Trust scores at iteration 61: [-5.250868726692895, -0.8529551656760841, -0.910279990944802, -0.8257275595383355, -3.5746486333556096, 0.2991458748137444, 0.021218362147884834, 0.2203675054389058, -0.7496815724997306, -5.068686473463191]
X.shape (10, 5)
s1 and s2 score at iteration 61
S_1 [0.011908450540192992, 0.18621080731311188, 0.34696007408704244, -0.2020261808761634, -0.10681380857865858, 0.4158373540690455, 0.4125638483989597, 0.40656057546178537, 0.3663095569258219, 0.3027221206998173]
S_2 [0.3333333333333333, 0.16666666666666666, 0.16666666666666666, 0, 0, 0.16666666666666666, 0.16666666666666666, 0.16666666666666666, 0.16666666666666666, 0.16666666666666666]
Trust scores at iteration 62: [-1.3993133211080844, -0.13227802681613665, 0.20990037139166418, -0.5198195809669544, -0.5886428149556334, 0.47991458748137444, 0.44503696258751924, 0.45195894689100424, 0.26783844852335054, -0.30168482135314467]
X.shape (10, 5)
s1 and s2 score at iteration 62
S_1 [-0.1902725870149863, -0.14151012798567503, 0.07200855500180231, -0.21431207965888194, -0.11563180273472905, 0.08799094861556266, 0.08799094861556268, 0.08799094861556268, -0.16325083721351064, -0.047260954417682986]
S_2 [0, 0.3333333333333333, 0.25, 0, 0, 0.25, 0.25, 0.25, 0.3333333333333333, 0.3333333333333333]
Trust scores at iteration 63: [-2.086101148527585, -2.3606393511528836, 0.08251692452130499, -2.2440355127833365, -1.2415839145789356, 0.27299145874813713, 0.2695036962587519, 0.27019589468910044, -2.5429987385141235, -1.4135688732568132]
X.shape (10, 5)
s1 and s2 score at iteration 63
S_1 [-0.051020823971430346, -0.08019114464026761, -0.07579939360745706, -0.07040042692719578, -0.13432977685589698, 0.07036227382058988, 0.07036227382058986, 0.07036227382058988, 0.04548311148822973, -0.2593015760372428]
S_2 [0.5, 0.5, 0.3333333333333333, 0.3333333333333333, 0.5, 0.3333333333333333, 0.3333333333333333, 0.3333333333333333, 0.3333333333333333, 0.5]
Trust scores at iteration 64: [-1.7612146866062408, -2.1617844847420034, -1.5612942096694769, -1.7248915655803283, -2.742363227739487, 0.32729914587481374, 0.32695036962587504, 0.3270195894689101, -0.27252787990217553, -4.358069178752906]
X.shape (10, 5)
s1 and s2 score at iteration 64
S_1 [-0.2331363403312919, -0.08167181479981701, 0.05277961437450173, -0.3673752334568124, -0.1018599881542336, 0.13857946938940013, 0.13952179137484258, 0.14091053137280166, -0.1351782546818674, -0.028245711554844805]
S_2 [0.5, 0.5, 0.25, 0.5, 0.5, 0.25, 0.25, 0.25, 0, 0.25]
Trust scores at iteration 65: [-2.5651706139160826, -1.6378189007791237, -0.26902436235796245, -3.4189263382927, -1.8248192738542466, 0.46784134831339014, 0.47382511087554124, 0.482701958946891, -0.8906405563026389, -1.0662131668028785]
X.shape (10, 5)
s1 and s2 score at iteration 65
S_1 [0.012668737937920017, 0.21446969882627506, 0.031980435865923536, -0.2160157609779805, -0.05418986561300399, -0.010732042774579472, -0.004593620497947574, 0.018424390239789843, 0.07666673864807244, 0.027886857478358715]
S_2 [0.3333333333333333, 0.3333333333333333, 0.5, 0.5, 0.5, 0.3333333333333333, 0.3333333333333333, 0.3333333333333333, 0.5, 0.3333333333333333]
Trust scores at iteration 66: [-0.8033540075591703, 0.13621810992208766, -0.7926998312205045, -2.1483805243991263, -1.3098841166858768, -0.598251777234474, -0.5718941441732044, -0.47441374824026955, -0.6673399838341978, -0.589596991715609]
X.shape (10, 5)
s1 and s2 score at iteration 66
S_1 [0.09090932942624735, -0.04813232077543717, 0.013057136419082904, 0.22043250391291455, 0.2207697721637224, 0.038346629230333, 0.03811981709553072, 0.037917618034410405, 0.1975199960054047, -0.44153308567264593]
S_2 [0.25, 0.3333333333333333, 0.25, 0.25, 0.25, 0.3333333333333333, 0.3333333333333333, 0.3333333333333333, 0.25, 0]
Trust scores at iteration 67: [-0.38473033249074595, -1.0825965764859833, -0.7010406725058318, 0.008787024613199745, 0.09401158833141232, -0.8034995812930371, -0.8017884505546815, -0.7928647047640438, 0.06348491660930788, -1.8589333695284127]
X.shape (10, 5)
s1 and s2 score at iteration 67
S_1 [0.005074731457413236, -0.1075436075740828, 0.3616985112452178, 0.2691097079640287, 0.029555333839265355, 0.22975645512101212, 0.22995798559416514, 0.23060131448725263, 0.06597426404804334, 0.19685866904691351]
S_2 [0.25, 0.25, 0.25, 0.25, 0.25, 0.25, 0.25, 0.25, 0.3333333333333333, 0.25]
Trust scores at iteration 68: [-0.700845781077236, -1.0508561331869095, 0.15489593274941682, -0.004506329166791062, -0.5920574810883674, -0.1836561214667541, -0.18298354814301787, -0.18049040390143758, -0.7294903746954094, -0.3710577511433499]
X.shape (10, 5)
s1 and s2 score at iteration 68
S_1 [-0.20932173634628626, 0.14616226605313343, 0.2290722624306883, -0.48875469649944125, 0.17634917252147841, 0.3317468692428197, 0.32864288170846134, 0.3236669174213598, -0.02850887165149564, -0.005469649685490414]
S_2 [0.5, 0.2, 0.2, 0.5, 0.2, 0.2, 0.2, 0.2, 0.2, 0.5]
Trust scores at iteration 69: [-1.5379559890471504, -0.06856027534621437, 0.27694243971226096, -2.2263990219805434, 0.05921400497453243, 0.5216343878533246, 0.5132808007409605, 0.5000307628769934, -0.5102910921056795, -0.951944452350919]
X.shape (10, 5)
s1 and s2 score at iteration 69
S_1 [-0.12029787454962183, 0.1688086224664975, -0.07081258752357233, -0.44183181502859054, 0.05590041413598528, 0.2580529634762212, 0.2565342884089598, 0.25365210365714563, 0.061778253573777836, -0.10336496720111847]
S_2 [0.5, 0.25, 0.5, 0.5, 0.25, 0.25, 0.25, 0.25, 0.5, 0.5]
Trust scores at iteration 70: [-1.4733532185351372, 0.13189039945166436, -1.1192757110050429, -2.663597340427101, -0.24911717745701892, 0.5021634387853324, 0.4960314636658866, 0.4846543905612788, -0.7355678044171298, -1.3556959067483558]
X.shape (10, 5)
s1 and s2 score at iteration 70
S_1 [-0.04608528890899834, -0.1785165697325506, -0.08050279473270809, 0.20225683187397736, 0.1456755773932528, 0.1947423052585592, 0.1960015948803054, 0.19825814124191068, -0.2463926928222355, -0.18506608074340924]
S_2 [0.25, 0.5, 0.5, 0.25, 0.5, 0.25, 0.25, 0.25, 0.5, 0.5]
Trust scores at iteration 71: [-0.8024050820875805, -1.681171829206601, -1.3701479317584877, 0.18364026595728988, -0.27668629841539916, 0.46677829438861396, 0.4717686685784044, 0.48067211392829057, -2.069951999754663, -1.8590743945711439]
X.shape (10, 5)
s1 and s2 score at iteration 71
S_1 [0.2736713881255482, 0.30579490486974825, 0.3106542850496479, 0.3605701271923152, -0.3157801479029812, 0.3921158360517649, 0.3927051047268002, 0.3862041163848282, -0.17160049468702152, -0.22504251155504512]
S_2 [0.16666666666666666, 0.16666666666666666, 0.16666666666666666, 0.16666666666666666, 0, 0.16666666666666666, 0.16666666666666666, 0.16666666666666666, 0.5, 0.5]
Trust scores at iteration 72: [0.24695849264034986, 0.23270236607460235, 0.274941464024295, 0.5447172126558979, -0.7513723191796217, 0.6453273458287727, 0.6471768668578405, 0.6331682721191847, -1.5002685324567477, -1.601658974035316]
X.shape (10, 5)
s1 and s2 score at iteration 72
S_1 [0.2818780975176398, 0.3682225903382268, -0.2913639939393693, 0.2968667615027043, 0.08868602816229766, 0.42871432226977785, 0.43290572308513625, 0.43881714516338427, -0.4340550865898684, 0.27304130283978306]
S_2 [0.16666666666666666, 0.16666666666666666, 0.5, 0.16666666666666666, 0.2, 0.16666666666666666, 0.16666666666666666, 0.16666666666666666, 0.5, 0.2]
Trust scores at iteration 73: [0.30281885690408433, 0.4784830512321355, -1.4700841329234557, 0.3633360017461418, -0.253245010463512, 0.6438121663360273, 0.6525935481258781, 0.6633168272119185, -1.9402600226571194, 0.03983312557062707]
X.shape (10, 5)
s1 and s2 score at iteration 73
S_1 [-0.30775219777927343, -0.07100594940395234, 0.0320121077771207, -0.0038543180385903148, -0.011413920631229047, 0.13724349870891533, 0.137224425429982, 0.13711347662263046, -0.06386375398763966, -0.10835061107094421]
S_2 [0.3333333333333333, 0.3333333333333333, 0.3333333333333333, 0.3333333333333333, 0.5, 0.2, 0.2, 0.2, 0.2, 0.2]
Trust scores at iteration 74: [-2.587860908736572, -1.0177865341568333, -0.5370830086615973, -0.588941813723778, -1.0001734276967387, 0.6043812166336028, 0.605134278206399, 0.6054790384884433, -0.9728245546895432, -1.0665461542752717]
X.shape (10, 5)
s1 and s2 score at iteration 74
S_1 [0.05336623147249572, 0.40742325082357583, 0.2709590388712625, 0.2995099608423235, 0.009965581666003785, 0.1481779902827022, 0.14601493537577265, 0.14224638700318432, -0.13113958535850193, 0.2430910039839959]
S_2 [0.25, 0.25, 0.25, 0.25, 0.3333333333333333, 0.3333333333333333, 0.3333333333333333, 0.3333333333333333, 0, 0.25]
Trust scores at iteration 75: [-0.8158998184820894, 0.12322134658431667, -0.13015842799762553, -0.07227517898800793, -0.9780033229971813, -0.5122359562522858, -0.5169388492093214, -0.5252291153956896, -0.3869704558078444, -0.24466537108925002]
X.shape (10, 5)
s1 and s2 score at iteration 75
S_1 [0.38558967446735715, 0.13108744194828906, 0.32848096082901795, 0.4347901725702604, -0.716162110838535, 0.44739999669709246, 0.44936810030186286, 0.44061610260832873, 0.3997812620836585, 0.11391802472201351]
S_2 [0.14285714285714285, 0.25, 0.14285714285714285, 0.14285714285714285, 0, 0.14285714285714285, 0.14285714285714285, 0.14285714285714285, 0.14285714285714285, 0.3333333333333333]
Trust scores at iteration 76: [0.30495951081319267, -0.4001343121293844, 0.25915561047704816, 0.47786134207164555, -1.5321386828005836, 0.4591203763714726, 0.4625918293647821, 0.4442341933079377, 0.3762755346253079, -0.6963101054865197]
X.shape (10, 5)
s1 and s2 score at iteration 76
S_1 [0.08240571984853594, 0.01855625961265485, -0.12821669051156545, 0.1465497232035949, 0.14770050257071132, 0.26639114992064683, 0.2619611897439771, 0.25397804937716956, 0.10502403883945984, -0.4365706074456436]
S_2 [0.2, 0.2, 0.5, 0.5, 0.25, 0.2, 0.2, 0.2, 0.5, 0.5]
Trust scores at iteration 77: [-0.05109709776518029, -0.3373212822569233, -1.307263324567613, -0.3570970012779125, -0.10420910647307718, 0.5859120376371473, 0.5712926040535445, 0.5424858756381545, -0.5075497169397699, -2.4445807107099418]
X.shape (10, 5)
s1 and s2 score at iteration 77
S_1 [-0.0010838556963870876, -0.0013023473790718294, -0.06302248068271764, 0.05923294752135561, -0.2136242183711499, 0.18271494412037134, 0.18397794766312806, 0.185933696728254, -0.3602317223850981, -0.1072673838617858]
S_2 [0.3333333333333333, 0.3333333333333333, 0.3333333333333333, 0.25, 0.5, 0.25, 0.25, 0.25, 0, 0.25]
Trust scores at iteration 78: [-0.6103560429797676, -0.6400360562483666, -1.0357825627824762, -0.19899645929370388, -1.944455084748786, 0.49301104052236194, 0.4976625838986969, 0.5042485875638154, -1.7944332605219881, -1.2136788856643996]
X.shape (10, 5)
s1 and s2 score at iteration 78
S_1 [-0.017769497230795097, -0.07305520674001917, 0.03537308825365245, -0.14836011901177223, 0.14382868104660493, 0.18457371764112046, 0.18251834788767016, 0.18206222777400388, -0.4140885772924718, -0.2240397406639208]
S_2 [0.25, 0.3333333333333333, 0.3333333333333333, 0.3333333333333333, 0.25, 0.25, 0.25, 0.25, 0.5, 0.5]
Trust scores at iteration 79: [-0.5976814589304927, -1.020228136973655, -0.5310955223595013, -1.3433184989332159, 0.05687759752461663, 0.4993011040522362, 0.48974406887260574, 0.48817858171709116, -3.09858085183933, -2.1138081838287546]
X.shape (10, 5)
s1 and s2 score at iteration 79
S_1 [0.2177982108742419, 0.06278609560857279, -0.07484179650402041, -0.4097440056486536, 0.1928218378907738, 0.23485673157124046, 0.241916120021763, 0.25126780449490954, 0.08170550245913889, -0.10148672153627834]
S_2 [0.2, 0.3333333333333333, 0.3333333333333333, 0, 0.2, 0.2, 0.2, 0.2, 0.3333333333333333, 0.3333333333333333]
Trust scores at iteration 80: [0.18034926779967414, -0.7771333330840213, -1.2211805730697514, -1.6019675695792444, 0.15634390828108133, 0.35114834303557474, 0.37547820930336984, 0.40881785817170907, -0.9172023971181953, -1.4748895837269087]
X.shape (10, 5)
s1 and s2 score at iteration 80
S_1 [0.34370453257683403, 0.5582022740695767, 0.11610773432619707, -0.5276357381091826, 0.602860154075055, 0.5247555875427292, 0.5247555875427292, 0.5572112942532361, 0.5897696298585114, 0.4820499527093044]
S_2 [0.125, 0.125, 0.25, 0, 0.125, 0.125, 0.125, 0.125, 0.125, 0.125]
Trust scores at iteration 81: [0.08114576555110814, 0.30561765276979425, -0.8487827320458405, -0.947895464673717, 0.46563439082810815, 0.3685138126504633, 0.3709467992772428, 0.4227333544406263, 0.3387371321757536, 0.12215548073276883]
X.shape (10, 5)
s1 and s2 score at iteration 81
S_1 [0.16077066534571927, 0.02291308017776152, 0.12859637327163753, -0.00224833407889325, -0.3449095695083113, -0.22008560057553195, 0.07214116638140038, 0.12245705372734281, -0.22889525854060425, 0.11549809021565853]
S_2 [0.25, 0.3333333333333333, 0.25, 0.25, 0.5, 0.5, 0.25, 0.25, 0.5, 0.25]
Trust scores at iteration 82: [0.45811457655511084, -0.44116998307623806, 0.18500887595658233, -0.5573758019677306, -2.7842528070897097, -2.0951957716906024, -0.009056461179753214, 0.277792351724871, -2.1474902236893945, 0.20877803489612837]
X.shape (10, 5)
s1 and s2 score at iteration 82
S_1 [-0.11817995437869182, -0.06757823544738048, -0.01701985099756207, -0.1703538959876407, -0.14052749767744213, -0.09291383526352003, -0.0759655035757317, -0.06496401342446032, -0.1777828131046428, -0.023997089559275406]
S_2 [0.25, 0.25, 0.25, 0.3333333333333333, 0.3333333333333333, 0.25, 0.5, 0.3333333333333333, 0.3333333333333333, 0.3333333333333333]
Trust scores at iteration 83: [5.845099947669787, 3.0793814953839114, 0.4685008875956582, 8.352479143371374, 6.552588535323507, 4.2537109645757605, 3.1161067958800026, 2.863039161383898, 8.586304595379984, 0.6898301936392965]
X.shape (10, 5)
s1 and s2 score at iteration 83
S_1 [0.19320873397948088, 0.3282446406889123, 0.27194053537511687, -0.27941009776845244, 0.2611609295377864, 0.22767822701883603, 0.2569247268191053, -0.2114913150733556, -0.24996897096537335, -0.06508766079674155]
S_2 [0.16666666666666666, 0.16666666666666666, 0.16666666666666666, 0, 0.16666666666666666, 0.16666666666666666, 0.16666666666666666, 0.3333333333333333, 0.3333333333333333, 0.3333333333333333]
Trust scores at iteration 84: [0.6642607934900926, 0.7579381495383912, 0.3424722604542411, 0.06914526765315898, 0.9213248830970715, 0.5996323300511883, 0.5660616453429623, -1.1935751130105228, -0.7267488154950069, -1.0094780656186717]
X.shape (10, 5)
s1 and s2 score at iteration 84
S_1 [-0.03340480550196126, 0.12723227528605202, -0.09239558591066406, 0.08997298758732447, 0.10840733030648224, -0.2675790017149987, 0.01232670161774382, -0.1414432211418142, -0.18994610018808553, -0.015118001635415941]
S_2 [0.3333333333333333, 0.3333333333333333, 0.3333333333333333, 0.3333333333333333, 0.3333333333333333, 0.5, 0.3333333333333333, 0.3333333333333333, 0.3333333333333333, 0.3333333333333333]
Trust scores at iteration 85: [-0.7698687199397131, 0.3757938149538392, -1.2193292908614755, 0.04335436600058169, 0.2589709108442279, -2.7328041564176426, -0.4561987316209669, -1.719881149988099, -2.0162922128039527, -0.807887664717229]
X.shape (10, 5)
s1 and s2 score at iteration 85
S_1 [-0.11462712634652633, 0.005237207320116449, -0.032029203614885385, 0.03189165502685329, -0.09701528276162605, -0.12518492888045063, -0.23107377066510443, 0.08770734492734432, -0.28498011041479704, 0.03524358070009592]
S_2 [0.5, 0.3333333333333333, 0.25, 0.25, 0.3333333333333333, 0.5, 0.5, 0.25, 0.5, 0.25]
Trust scores at iteration 86: [-2.153221471243713, -0.5086795482212847, -0.9005973445609996, -0.11841158877227816, -1.5696153663704586, -2.457852831848606, -3.3167598702840113, 0.2780118850011901, -4.025923641386077, -0.16914034744407885]
X.shape (10, 5)
s1 and s2 score at iteration 86
S_1 [-0.2778377098857985, -0.1663726888984124, 0.004430481190937425, 0.07226219231351914, 0.07767018516826786, 0.019419165891064134, -0.2068640248360756, -0.28857368206710904, 0.023832125659659746, 0.07162967578224115]
S_2 [0.3333333333333333, 0.5, 0.5, 0.25, 0.25, 0.25, 0.3333333333333333, 0.3333333333333333, 0.25, 0.25]
Trust scores at iteration 87: [-4.034754910873957, -2.878704481594638, -0.9387217202205842, 0.3754939516451772, 0.29303846336295414, -0.4707665161496811, -3.3287041639166786, -3.916034200816105, -0.5764386116114834, 0.3630918171066432]
X.shape (10, 5)
s1 and s2 score at iteration 87
S_1 [-0.013322407174206815, 0.07978521910919485, 0.06058094750801805, 0.14328676669951018, -0.1301858778801346, -0.07465505339802453, -0.16385591656997545, -0.11658590524571125, -0.20660122274624199, -0.008979526737762157]
S_2 [0.3333333333333333, 0.25, 0.25, 0.3333333333333333, 0.25, 0.25, 0.25, 0.25, 0.25, 0.25]
Trust scores at iteration 88: [-1.3871550012959761, -0.4617306789240901, -0.3883565527984262, 0.03754939516451772, -1.463408024696675, -1.1909932836660404, -2.0370675174906214, -1.7988923616081194, -2.0303289492862713, -0.6950922170377211]
X.shape (10, 5)
s1 and s2 score at iteration 88
S_1 [-0.06574365006607365, 0.13771769164935138, 0.1541255504168304, -0.07587788000879059, -0.025393261361890948, -0.14186557068199726, 0.1209568032035727, -0.13533796369101522, -0.2199299636086736, -0.060233737740470444]
S_2 [0.3333333333333333, 0.3333333333333333, 0.3333333333333333, 0.5, 0.3333333333333333, 0.3333333333333333, 0.3333333333333333, 0.3333333333333333, 0.3333333333333333, 0.3333333333333333]
Trust scores at iteration 89: [-1.122618655053903, 0.15801496030412443, 0.2611643447201574, -1.3393259891369864, -0.8946220910937387, -1.5475084614953514, -0.097392175166516, -1.5701810923293449, -2.0872908697581636, -1.0212378210165547]
X.shape (10, 5)
s1 and s2 score at iteration 89
S_1 [-0.04326143392030944, -0.13712830685070818, 0.004954280920225719, -0.04758881205758506, -0.19724661908448254, -0.12907475416809058, -0.03698216486200496, -0.01605933750960442, -0.18974998848020763, -0.1709178502804243]
S_2 [0.5, 0, 0.25, 0.25, 0.3333333333333333, 0.3333333333333333, 0.25, 0.25, 0.3333333333333333, 0]
Trust scores at iteration 90: [-8.871180476544627, -24.895074199733426, 0.47611643447201574, -9.228967376205903, -36.52149515889744, -24.20260950047649, -7.177959058447278, -3.524374632081356, -35.278916059015, -31.151244275933788]
X.shape (10, 5)
s1 and s2 score at iteration 90
S_1 [0.0390420889901805, -0.15688068228139537, 0.1248419812908097, 0.12359758156077302, -0.01464677559005561, 0.23913338014412114, 0.2134073218889578, 0.2625665441873164, -0.1602551710287449, 0.23309101825389142]
S_2 [0.3333333333333333, 0.5, 0.25, 0.25, 0.25, 0.25, 0.3333333333333333, 0.25, 0.5, 0.3333333333333333]
Trust scores at iteration 91: [-1.3532933816067771, -3.92724772687447, 0.025532814857265457, -0.9492409982765174, -4.152354305200776, -2.0505828650279145, -0.5862990950284926, 0.09756253679186438, -4.977198656319074, -2.9161577615323644]
X.shape (10, 5)
s1 and s2 score at iteration 91
S_1 [0.3814628418905715, -0.16821968201128593, 0.38201203671614004, 0.2999453402078701, 0.04307492804723403, 0.43542847610215357, 0.3566731372958036, 0.2744593288888054, -0.6642032921977482, 0.3937847964740705]
S_2 [0.16666666666666666, 0.5, 0.16666666666666666, 0.16666666666666666, 0.25, 0.16666666666666666, 0.16666666666666666, 0.16666666666666666, 0, 0.16666666666666666]
Trust scores at iteration 92: [0.3531274958406215, -1.6404230104449582, 0.4921452625206702, 0.2250417981393691, -0.7762025873088412, 0.39494171349720864, 0.3785883506343535, 0.2770443608124792, -1.870581301634386, 0.22230967033850385]
X.shape (10, 5)
s1 and s2 score at iteration 92
S_1 [-0.22816778376048552, 0.133287181440985, 0.13347647518974173, -0.2313168229447452, 0.11125649344095281, -0.20937293270471274, -0.23066126597795641, 0.025770560319508196, 0.039475251505623095, 0.04824445845531514]
S_2 [0.3333333333333333, 0.2, 0.2, 0.3333333333333333, 0.25, 0.3333333333333333, 0.3333333333333333, 0.2, 0.2, 0.2]
Trust scores at iteration 93: [-2.403168133227107, 0.19468133640817978, 0.40921452625206695, -2.4372099222728005, -0.0024442898605806646, -2.2722575187243033, -2.417435002933535, -0.33853082931224604, -0.46088593536613964, -0.1924681696637552]
X.shape (10, 5)
s1 and s2 score at iteration 93
S_1 [-0.14704977221018936, -0.15662888848906917, -0.025075500262187227, 0.06542034825145779, -0.16306201379815133, 0.05720209963678978, 0.0994130911764545, -0.09061968655779677, -0.19730472408381003, -0.038409971844869106]
S_2 [0.3333333333333333, 0.25, 0.25, 0.25, 0.25, 0.25, 0.25, 0.25, 0.25, 0.3333333333333333]
Trust scores at iteration 94: [-2.4715780528939, -2.073514125757524, -0.8610904023417739, -0.3264618367222448, -2.151466631531296, -0.38436749936389114, -0.016743500293353503, -1.5292452157666803, -2.5073146284985626, -1.2669774251920425]
X.shape (10, 5)
s1 and s2 score at iteration 94
S_1 [0.10732818650762695, 0.08591496648568116, -0.09039791144254265, 0.2192846526437424, -0.2992085347434318, 0.1255319403997622, 0.07261858214582556, 0.2391471390400174, -0.4649316198904157, 0.15475739038251998]
S_2 [0.2, 0.3333333333333333, 0.3333333333333333, 0.2, 0.5, 0.2, 0.2, 0.2, 0.5, 0.3333333333333333]
Trust scores at iteration 95: [-0.20324175492551516, -0.484021306484982, -1.0263101424713839, 0.43260386185035143, -2.241180126693865, 0.07398682499452747, -0.08838350409407782, 0.387075478423332, -2.9004427894459703, -0.14428788428978398]
X.shape (10, 5)
s1 and s2 score at iteration 95
S_1 [-0.09308789012077869, -0.1388194571141325, 0.058276856969774186, -0.07112557312465874, 0.01110136016283525, 0.10475121441355345, 0.018418019703700612, -0.31897361527443896, 0.17535816938785886, 0.1939075915147995]
S_2 [0.3333333333333333, 0.3333333333333333, 0.3333333333333333, 0.3333333333333333, 0.25, 0.25, 0.25, 0.3333333333333333, 0.25, 0.25]
Trust scores at iteration 96: [-1.352381014805656, -1.5927168293496252, -0.7321456203382892, -1.1868608602918325, -0.8475923139151469, -0.18141048693163303, -0.5983532097615473, -2.3417721564558076, -0.1511393089732301, 0.2105712115710216]
X.shape (10, 5)
s1 and s2 score at iteration 96
S_1 [0.05110053668322259, 0.09450723921417414, 0.16946427794201824, 0.12064249781376181, -0.11676982736630606, 0.1596589122514417, -0.1978360502041604, -0.22111375240354628, -0.04409100571934633, -0.09142079072992365]
S_2 [0.3333333333333333, 0.3333333333333333, 0.3333333333333333, 0.3333333333333333, 0.3333333333333333, 0.3333333333333333, 0.3333333333333333, 0.3333333333333333, 0.3333333333333333, 0.5]
Trust scores at iteration 97: [-0.4638506234031158, -0.2573575549211601, 0.22678543796617112, -0.07797142125755865, -1.3049067097033316, 0.22978408792743896, -1.7105136547584787, -2.0084800219944197, -0.8492748150040536, -1.364465330277074]
X.shape (10, 5)
s1 and s2 score at iteration 97
S_1 [-0.008507949439272753, 0.07736935568786929, -0.004759521688701529, -0.1980867820183547, -0.1477034928337815, -0.10167901769792541, 0.10226309340661291, -0.25407605123307087, 0.09592294911419255, -0.14052815305860702]
S_2 [0.3333333333333333, 0.3333333333333333, 0.3333333333333333, 0.5, 0.5, 0.3333333333333333, 0.3333333333333333, 0.5, 0.3333333333333333, 0.3333333333333333]
Trust scores at iteration 98: [-0.721262070655516, 0.05517871520762847, -0.6192091927966744, -2.65112504154358, -2.3304038568725223, -1.4718812407610926, 0.12894863452415217, -3.336927886860713, 0.15927399262780315, -1.9732107804171541]
X.shape (10, 5)
s1 and s2 score at iteration 98
S_1 [0.11862008201941417, 0.2188521526368727, 0.35397343478093524, 0.3938895772634553, -0.12334208723319035, 0.13649349666387145, 0.07486622483864165, -0.48558648582093966, 0.39165304053701316, 0.20876364753300633]
S_2 [0.2, 0.2, 0.25, 0.2, 0.3333333333333333, 0.2, 0.3333333333333333, 0.3333333333333333, 0.2, 0.2]
Trust scores at iteration 99: [-0.3410906682245049, -0.03442589764009784, 0.07187451398908407, 0.09488749584564193, -1.4148652546799727, -0.3753135427506956, -0.7160429753629789, -2.343211451949753, 0.3708171268159123, -0.2603161161814624]
X.shape (10, 5)
s1 and s2 score at iteration 99
S_1 [-0.04503472804787388, -0.05823063377744976, -0.14159519523346198, -0.04265742828526306, -0.044721882759423535, -0.14974685416563924, -0.20142157520369752, -0.17428200485219117, -0.006486254522133423, -0.062006189990614434]
S_2 [0.25, 0.25, 0.25, 0.25, 0.25, 0.25, 0.3333333333333333, 0.25, 0.25, 0.25]
Trust scores at iteration 100: [5.539682913939226, 7.401346789587571, 18.979223391055555, 5.253418592027622, 5.388896619170378, 20.065587711078347, 26.976638723877294, 23.27317182231512, 0.26208171268159125, 7.90263492677075]
