Matplotlib created a temporary config/cache directory at /tmp/matplotlib-1yudbgwu because the default path (/users/raysuan/.config/matplotlib) is not a writable directory; it is highly recommended to set the MPLCONFIGDIR environment variable to a writable directory, in particular to speed up the import of Matplotlib and to better support multiprocessing.
Loaded dataset for Tower 2 without noise: 552960 chunks
Loaded dataset for Tower 3 without noise: 535674 chunks
Loaded dataset for Tower 4 without noise: 552958 chunks
Loaded dataset for Tower 5 without noise: 518399 chunks
Loaded dataset for Tower 6 without noise: 518400 chunks
Loaded dataset for Tower 7 with same noise: 518398 chunks
Loaded dataset for Tower 8 with same noise: 518398 chunks
Loaded dataset for Tower 9 with same noise: 518399 chunks
Loaded dataset for Tower 10 with random noise: 518399 chunks
Loaded dataset for Tower 11 with random noise: 518396 chunks
W, alpha, th 0.5 0.7 0.4
X.shape (10, 5)
s1 and s2 score at iteration 0
S_1 [-0.23644800833044707, 0.09262767953290613, 0.13136304836337995, 0.35664460235735335, -0.21665800316667794, 0.31109870123151484, 0.09983120307296116, 0.28183199340158643, 0.22131183124501463, 0.30940559292329084]
S_2 [0.5, 0.5, 0.5, 0.25, 0, 0.25, 0.3333333333333333, 0.25, 0.25, 0.25]
Trust scores at iteration 1: [-0.49889380641196074, -0.2220840476031422, -0.18950088057262465, 0.15000000000000002, -0.18224697786082522, 0.11168799346061425, -0.1160246342607494, 0.08706961345165212, 0.036161654864970874, 0.11026379556413732]
X.shape (10, 5)
s1 and s2 score at iteration 1
S_1 [0.056546777769167694, -0.07207536617053481, -0.114551609551739, -0.030524557339044515, -0.13246235988832408, -0.13426905304243741, -0.09462351316748255, -0.016402226113766922, -0.04252486759366132, -0.14449597092374805]
S_2 [0.5, 0.5, 0.5, 0.5, 0.5, 0.5, 0.5, 0.5, 0.5, 0.5]
Trust scores at iteration 2: [-0.3492256644883725, -0.8378433069243408, -1.040386091723705, -0.3569432187470537, -1.130331017401264, -0.9341616627056116, -0.8832273508382135, -0.32607069111063236, -0.5002958113960577, -0.9894158990922302]
X.shape (10, 5)
s1 and s2 score at iteration 2
S_1 [0.26038753273556314, 0.05650805022177179, 0.07582527116225439, 0.14778155923535374, 0.35811319726935453, -0.05837312607891801, 0.30731310362760555, -0.413131090649817, 0.36550666763249656, 0.11588839953572647]
S_2 [0.25, 0.25, 0, 0.25, 0.25, 0.3333333333333333, 0.25, 0, 0.25, 0.3333333333333333]
Trust scores at iteration 3: [-0.2557374868626192, -0.7651097243742635, -0.6660345148671365, -0.353564332428044, -0.7223001134040677, -1.001824568457642, -0.5910231694677603, -0.5673385843887659, -0.27520706797724037, -0.8974724271917339]
X.shape (10, 5)
s1 and s2 score at iteration 3
S_1 [-0.10599550864155308, 0.17190673336861023, -0.3356889282479486, 0.033658865166877425, -0.12592371610039002, 0.055030236207422305, -0.037528020749355545, -0.2527415581716071, 0.10860080962259998, 0.13445477762781705]
S_2 [0.5, 0.2, 0.5, 0.2, 0.5, 0.2, 0.5, 0.5, 0.2, 0.2]
Trust scores at iteration 4: [-0.6639924309119999, -0.35557680706198436, -1.3520457655354274, -0.3087558585428433, -1.0253636288212724, -0.725242152993824, -0.7792075813227253, -1.1382044760974106, -0.12312216247640201, -0.5135893182230624]
X.shape (10, 5)
s1 and s2 score at iteration 4
S_1 [-0.11623178541032114, 0.038483913700062315, 0.02288692077554623, 0.09301188589638928, -0.21611228863968174, 0.07627698441300879, 0.28016176306620133, -0.28972379247424873, 0.27451568400633486, 0.22534493938308298]
S_2 [0, 0.25, 0.3333333333333333, 0.25, 0.5, 0.3333333333333333, 0.3333333333333333, 0.5, 0.25, 0.25]
Trust scores at iteration 5: [-0.5892568525096334, -0.3576948077193063, -1.121924493669472, -0.2665310492561251, -1.2491697264670492, -0.6259913541833702, -0.4454453069259076, -1.4069822493810324, 0.05776860870127895, -0.2682109222984452]
X.shape (10, 5)
s1 and s2 score at iteration 5
S_1 [0.12132087924551133, -0.03623901170677271, 0.1725534743980518, -0.02320004211150792, 0.14798674754747568, -0.1370614220683717, -0.06511033089699715, 0.046339603255257135, -0.39617577952901734, 0.09181140722686919]
S_2 [0, 0.5, 0.3333333333333333, 0.5, 0.3333333333333333, 0.5, 0.5, 0.3333333333333333, 0, 0.3333333333333333]
Trust scores at iteration 6: [-0.2015523500587224, -0.6133912023096241, -0.6853471455686303, -0.5269071299717991, -0.8171303104592075, -0.9764877682292952, -0.7250119812423059, -1.1043219352767952, -0.6483498077868045, -0.22812511546777564]
X.shape (10, 5)
s1 and s2 score at iteration 6
S_1 [0.18397452379327306, 0.01481522614064277, -0.12556522983690802, 0.08883776960790064, -0.13586438035111997, -0.05116850629291056, 0.01918988880364097, -0.14823414179148062, 0.045397498108148096, -0.1332570390430943]
S_2 [0.25, 0.5, 0.5, 0.25, 0.5, 0.5, 0.25, 0.5, 0.25, 0.5]
Trust scores at iteration 7: [0.008913354958894337, -0.7052152366612645, -0.9844972699041954, -0.3739707438396197, -1.093539903872938, -1.0669799028880051, -0.6262161920461545, -1.3147449233630262, -0.5298169557617673, -0.676984578741401]
X.shape (10, 5)
s1 and s2 score at iteration 7
S_1 [-0.31197753298957104, 0.09924136811896786, 0.13838056003968502, 0.0736224979533703, -0.037434436816955186, -0.33875896614375295, -0.14650142561132984, -0.00925073177246809, 0.13461490877776677, 0.16797596395036948]
S_2 [0.5, 0.3333333333333333, 0.3333333333333333, 0.25, 0.5, 0.5, 0.5, 0.25, 0.25, 0.25]
Trust scores at iteration 8: [-0.850943106064499, -0.5164085785480467, -0.6420045867579984, -0.28029196219075214, -1.132334706626667, -1.6518992175721068, -0.9999984573289188, -1.0868429739969685, -0.28045370631763505, -0.32388920511898067]
X.shape (10, 5)
s1 and s2 score at iteration 8
S_1 [-0.18280961273800245, 0.057614363770606546, -0.20368791155385807, -0.08606565217382342, -0.00762570802848592, -0.10022982027155412, 0.05671649856937284, -0.08602455945726722, -0.10580040886725744, 0.1063617460664008]
S_2 [0, 0.3333333333333333, 0.5, 0, 0.5, 0.3333333333333333, 0.3333333333333333, 0.3333333333333333, 0.3333333333333333, 0.3333333333333333]
Trust scores at iteration 9: [-1.1112861944043404, -0.3989810652810491, -1.323917786939316, -0.4389579631185263, -1.11414308415325, -1.6390339696059204, -0.7400264657462247, -1.203427766789142, -0.6947343075173151, -0.12672244358328644]
X.shape (10, 5)
s1 and s2 score at iteration 9
S_1 [-0.08299808945522184, 0.03841100752395959, 0.20296106697338853, 0.013896373026928496, -0.0389759786449163, 0.08209056360709083, 0.11849507908013458, 0.2488299953568922, -0.2805719339439934, 0.2917883851303766]
S_2 [0.3333333333333333, 0.3333333333333333, 0.3333333333333333, 0.5, 0, 0.3333333333333333, 0.3333333333333333, 0.3333333333333333, 0.5, 0.3333333333333333]
Trust scores at iteration 10: [-1.0632341879614844, -0.4397947616273923, -0.9180695797121857, -0.5929831243716409, -0.8199730137203626, -1.2629229926163512, -0.5961887153252775, -0.7865667771565998, -1.0747819066265714, 0.011294289491699513]
X.shape (10, 5)
s1 and s2 score at iteration 10
S_1 [-0.06838709105682249, -0.009206699542000263, -0.237181138368335, -0.051152857343564076, -0.004108715987454165, -0.16467948220865905, -0.10987877284485649, 0.006054285203747635, -0.06826906598477685, -0.15508409234563922]
S_2 [0.3333333333333333, 0.3333333333333333, 0.3333333333333333, 0.3333333333333333, 0.5, 0.3333333333333333, 0.3333333333333333, 0.5, 0.5, 0.3333333333333333]
Trust scores at iteration 11: [-4.332959149358147, -0.9640637580702599, -12.595372456978206, -3.1497981795081516, -1.0775748873591, -9.24419101697956, -6.062009836268182, -0.5505967440096199, -4.435194211881083, -7.876771236362061]
X.shape (10, 5)
s1 and s2 score at iteration 11
S_1 [-0.1751772127958285, 0.010487043294947287, -0.2895090908208345, -0.13777971543449857, -0.007627315548877572, 0.03295171394817506, 0.04074839379809004, 0.06730364773666248, 0.0736400456478331, -0.135559147080043]
S_2 [0, 0.5, 0.5, 0.5, 0.5, 0.3333333333333333, 0, 0.3333333333333333, 0.3333333333333333, 0.5]
Trust scores at iteration 12: [-3.746720661234657, -0.9321217757024352, -10.296183226785459, -3.066155425932342, -1.085375115967531, -6.536692700796049, -4.077403211274215, -0.311231384508708, -3.004635948316758, -6.365990258106608]
X.shape (10, 5)
s1 and s2 score at iteration 12
S_1 [0.13647962062344338, 0.3388153406721433, -0.6236707926467084, 0.04683938292845443, 0.24271863542144376, 0.3296933718456559, 0.2870745954886258, 0.3644533462241685, 0.3187049683358848, -0.14041300819981983]
S_2 [0.3333333333333333, 0.2, 0, 0.2, 0.2, 0.2, 0.2, 0.2, 0.2, 0.5]
Trust scores at iteration 13: [-2.710361177746364, -0.4935891833047582, -7.720703261977065, -2.2277529307854804, -0.6799685845496604, -4.424297585217855, -2.7378766149794314, -0.037861969156095576, -1.9609029697073797, -4.871774236237321]
X.shape (10, 5)
s1 and s2 score at iteration 13
S_1 [-0.02446346652499546, 0.11889686334515377, -0.23753838291942975, -0.18219512326943837, -0.09046524354470835, 0.03905651128974814, 0.185316561125745, 0.18505552800787375, 0.2510243380626018, 0.15064764532318053]
S_2 [0.5, 0.3333333333333333, 0.5, 0.5, 0.5, 0.3333333333333333, 0.3333333333333333, 0.3333333333333333, 0.3333333333333333, 0.3333333333333333]
Trust scores at iteration 14: [-2.226489192553693, -0.4034184015793541, -5.988375174683742, -2.077169033871887, -0.8840933149470438, -3.250331746426177, -1.895041207664756, -0.00534291711360926, -1.2726320787951655, -3.4302024761844683]
X.shape (10, 5)
s1 and s2 score at iteration 14
S_1 [0.348645242711139, 0.2171363631423848, 0.23291496530615785, -0.09961784746567073, 0.33665976530195274, -0.40519823569878394, -0.44192578959307205, 0.312976740463877, 0.3243880494207563, 0.19544039402098667]
S_2 [0.16666666666666666, 0.16666666666666666, 0.16666666666666666, 0.3333333333333333, 0.16666666666666666, 0.3333333333333333, 0.3333333333333333, 0.2, 0.16666666666666666, 0.16666666666666666]
Trust scores at iteration 15: [-1.4085424347875848, -0.24555278991093987, -4.141445461704482, -1.839736843794824, -0.4791785064246704, -2.9238945755663392, -2.006794286095193, 0.08556815625955212, -0.7617151277063001, -2.3829704491023294]
X.shape (10, 5)
s1 and s2 score at iteration 15
S_1 [0.07779930569517296, 0.005826598151978384, 0.057753604957802435, -0.1294925590070909, -0.08404899594996867, -0.15918083541433678, -0.19508256490525688, -0.26482287509134284, 0.022386506116695085, -0.06063936415896665]
S_2 [0.5, 0.5, 0.5, 0.5, 0.5, 0.5, 0.5, 0.5, 0.5, 0.5]
Trust scores at iteration 16: [-0.9859797043513093, -0.4494191503014453, -2.97630955956078, -2.0871488805214393, -0.959524232243845, -2.9605395293470353, -2.4570091077800127, -1.2612793026431408, -0.7468765306512327, -2.2019092834843073]
X.shape (10, 5)
s1 and s2 score at iteration 16
S_1 [-0.19937493915231502, 0.03012142549350442, -0.22000609043797031, -0.013678452971372913, -0.05223425314899157, -0.02439434945550586, -0.08895056830809712, -0.24966114887238713, -0.004063299361871183, -0.09623271624240443]
S_2 [0.5, 0.25, 0.5, 0.25, 0, 0.25, 0.5, 0.5, 0.25, 0]
Trust scores at iteration 17: [-2.9758979818197466, -0.16459340521101168, -4.574608710331377, -1.7472373402686816, -1.1919038267946875, -2.4653377800579914, -2.905826283127128, -3.669442660087513, -0.7132827653465779, -2.4997843275082934]
X.shape (10, 5)
s1 and s2 score at iteration 17
S_1 [-0.11330853965565003, 0.02318711980240633, 0.16883090362086955, -0.18252305527710563, 0.13727869629205897, 0.1812072669446425, -0.09440143521701927, 0.22963177244614316, -0.2350087349170453, -0.013236461425797054]
S_2 [0.5, 0.5, 0.5, 0.5, 0.3333333333333333, 0.3333333333333333, 0, 0.5, 0.5, 0.3333333333333333]
Trust scores at iteration 18: [-2.531159330295969, -0.3849228162620109, -3.281658749139313, -1.7615214529724201, -0.8549863781598482, -1.6890001290044023, -2.157408154622185, -2.568609862061259, -1.106322611483628, -1.9671416642663653]
X.shape (10, 5)
s1 and s2 score at iteration 18
S_1 [0.12397904310633587, -0.08814723313727793, 0.13553982980089968, -0.2911434381456189, -0.17666373316152562, 0.0022541671897037263, 0.12829225164320426, 0.032677493683493965, -0.18486621794473382, -0.20105828329183667]
S_2 [0.3333333333333333, 0.3333333333333333, 0.3333333333333333, 0.5, 0, 0.3333333333333333, 0.3333333333333333, 0.3333333333333333, 0.5, 0.5]
Trust scores at iteration 19: [-1.6973998473018919, -0.6645485473570412, -2.197161124397519, -2.1774736132253674, -0.9895129414724917, -1.3773107808292206, -1.4262272913664993, -1.9256994693635512, -1.4836034510655682, -2.1220158444094266]
X.shape (10, 5)
s1 and s2 score at iteration 19
S_1 [-0.02422469480609167, -0.20179027668427738, 0.13203825419015944, 0.13256357820601578, 0.05635024896020954, -0.03726619930347676, -0.2585467765126654, -0.10788751148000945, -0.10917297842883991, 0.1161839917174544]
S_2 [0.3333333333333333, 0.5, 0.3333333333333333, 0.3333333333333333, 0.3333333333333333, 0.3333333333333333, 0.5, 0.3333333333333333, 0.3333333333333333, 0.3333333333333333]
Trust scores at iteration 20: [-1.4430019531385008, -1.2218485046160221, -1.439201629495537, -1.424231529257757, -0.7651347803650698, -1.2484533795621842, -1.883467276227353, -1.792146084513322, -1.485587967022377, -1.4224791607107587]
X.shape (10, 5)
s1 and s2 score at iteration 20
S_1 [0.13735077450816563, 0.19594315595656178, 0.03577388800288916, 0.07649939021284136, 0.055348537442234, -0.23135992058716923, -0.20613812946365717, -0.2201493979142217, -0.02304947256268743, -0.011831375517230921]
S_2 [0.3333333333333333, 0.3333333333333333, 0.3333333333333333, 0.5, 0.3333333333333333, 0.5, 0.5, 0.5, 0.3333333333333333, 0.5]
Trust scores at iteration 21: [-0.9998096009380444, -0.7552939532312155, -1.1526693046596779, -1.179837198464282, -0.65085262026053, -1.5281424256978584, -1.9340361716002197, -1.891563377991707, -1.2752016166981157, -1.3138499143174167]
X.shape (10, 5)
s1 and s2 score at iteration 21
S_1 [0.04416236735708041, -0.21696016893434897, -0.00963734202777485, 0.07340529341305532, -0.025597408278955142, 0.08707860684262184, 0.12584536993889703, -0.19228513433811634, -0.13867270286069425, -0.22293382161723388]
S_2 [0.5, 0, 0.5, 0.25, 0.25, 0.25, 0.25, 0.5, 0.5, 0.5]
Trust scores at iteration 22: [-0.8945890277740332, -1.0459123256907192, -1.1298427602264125, -0.8008967800066203, -0.6666179308458011, -1.0121149289543234, -1.2038253201201536, -2.082478652625161, -1.523219927542733, -1.7511419572437483]
X.shape (10, 5)
s1 and s2 score at iteration 22
S_1 [0.22502584883991966, 0.08450597926062729, 0.31896012230484816, -0.5058222130939792, 0.11726457106294544, -0.36421188433402185, 0.3085669339676763, 0.3021182938724043, 0.2798609591692963, 0.0848369820153177]
S_2 [0.2, 0.2, 0.2, 0.5, 0.5, 0.5, 0.2, 0.2, 0.2, 0.5]
Trust scores at iteration 23: [-0.5345628061291372, -0.772655984212888, -0.6108899321584886, -1.336382090565491, -0.6563386030424025, -1.3510422868720933, -0.6724531044000566, -1.293575747182295, -0.9230289193166211, -1.4460053995244555]
X.shape (10, 5)
s1 and s2 score at iteration 23
S_1 [0.14062228712238037, 0.17060175123799434, -0.0753179297048876, -0.0256289806539852, 0.25469035130560175, 0.3378956011119017, 0.13753643688196152, 0.29892567646295387, 0.0053464515101570515, 0.15430648587867032]
S_2 [0.5, 0.25, 0.25, 0.25, 0.25, 0.25, 0.25, 0.25, 0.25, 0.25]
Trust scores at iteration 24: [-0.5493427203029283, -0.5393907318191261, -0.6444938405518412, -1.108222107643637, -0.38331065309661283, -0.7957296008104652, -0.4986056956627175, -0.7901024003388625, -0.7913734061914977, -1.0252030444954572]
X.shape (10, 5)
s1 and s2 score at iteration 24
S_1 [0.16962195415737866, -0.38657976739803357, 0.09639820832917756, -0.11073224723507367, 0.18459304943717147, 0.14855634920521846, 0.051424863161055795, -0.45355487943168415, 0.1906522086531687, 0.1356575170511776]
S_2 [0.3333333333333333, 0.5, 0.25, 0, 0.25, 0.25, 0.5, 0.5, 0.25, 0.25]
Trust scores at iteration 25: [-0.3176319748117373, -1.285874517746595, -0.4494586835356759, -0.949997748257831, -0.1278518222696141, -0.4732504873321528, -0.5681046047165027, -1.5667610982131324, -0.40396138433404827, -0.6541788022777113]
X.shape (10, 5)
s1 and s2 score at iteration 25
S_1 [-0.10052548548737757, -0.14521236555865136, -0.059290462477628286, -0.19073296601895365, -0.07176120019749382, 0.055299224942579, 0.020178336374318144, -0.1986157601446224, -0.05795686246153467, -0.10265931917888434]
S_2 [0.3333333333333333, 0.5, 0.3333333333333333, 0.3333333333333333, 0.3333333333333333, 0.5, 0.5, 0.3333333333333333, 0, 0.3333333333333333]
Trust scores at iteration 26: [-0.9676962399951184, -1.9878937219802886, -0.8362736651388567, -1.8997306440801598, -0.678802998813197, -0.33127534113250695, -0.5882051264415831, -2.3742293901802825, -0.5971907345000693, -1.2148551327765398]
X.shape (10, 5)
s1 and s2 score at iteration 26
S_1 [-0.19624686021483537, 0.12156931238743877, 0.052594030916107926, -0.06012554299740702, 0.0966421140869358, 0.08090199573493471, -0.2661135691768699, -0.19375765448914378, 0.01803831726769746, 0.042325484485249004]
S_2 [0.25, 0.2, 0.2, 0.25, 0.2, 0.2, 0.25, 0.25, 0.2, 0.3333333333333333]
Trust scores at iteration 27: [-1.3866712461254669, -1.271525605386202, -0.6356038011937327, -1.703184938745362, -0.4166756451726747, -0.21224861607919918, -1.2934395028417607, -2.365101768508571, -0.5535198529798437, -1.045950808414637]
X.shape (10, 5)
s1 and s2 score at iteration 27
S_1 [0.34801028988106375, 0.19691049951627163, 0.22529635533828973, 0.31853858693084, 0.16429351967854952, 0.3206052689543942, 0.022886957935481417, 0.05798495650911595, -0.5035050715375265, -0.06835818160318384]
S_2 [0.25, 0.5, 0.25, 0.25, 0.25, 0.25, 0.25, 0.3333333333333333, 0, 0.5]
Trust scores at iteration 28: [-0.8206698722878267, -1.0203225122910706, -0.40070740753207934, -1.0676353463789037, -0.30004479482007884, -0.022198350757057173, -1.035678099213678, -1.8055856844866471, -0.8215071591770243, -1.0910932903778288]
X.shape (10, 5)
s1 and s2 score at iteration 28
S_1 [0.08512966291052308, 0.01998782523291797, -0.1915912376133385, -0.040649286085459035, 0.03191229539530211, 0.001197492187744424, -0.09089650198200942, -0.24657394376677377, -0.18551133718792434, -0.09548846432514124]
S_2 [0.3333333333333333, 0, 0.5, 0.3333333333333333, 0.3333333333333333, 0.5, 0.5, 0.5, 0, 0.5]
Trust scores at iteration 29: [-0.4744689106014786, -0.6437879421615775, -1.2556696111880625, -1.0905942915496127, -0.2975712773455124, -0.31131883990509784, -1.3452972181628744, -2.432845443008069, -1.2288036491328755, -1.400270092760144]
X.shape (10, 5)
s1 and s2 score at iteration 29
S_1 [-0.04617481876160052, -0.06784619935636949, 0.2754181441719499, 0.16318339085420416, -0.19081445444940512, 0.19508693950808653, 0.3134809475325164, 0.1499942631750653, -0.08895956504361838, -0.06801437585753077]
S_2 [0.3333333333333333, 0.3333333333333333, 0.3333333333333333, 0.3333333333333333, 0, 0.3333333333333333, 0.3333333333333333, 0.3333333333333333, 0.5, 0.3333333333333333]
Trust scores at iteration 30: [-0.5763173523816605, -0.7155800981280376, -0.8153946768344471, -0.8072501584676414, -0.3909085559613582, -0.23122577517818807, -0.8417080527140121, -1.759447906379722, -1.245296498650717, -1.2452785477790376]
X.shape (10, 5)
s1 and s2 score at iteration 30
S_1 [-0.16750333405266504, 0.16862423733160933, 0.2817050806849233, 0.1458951161565374, 0.1594894550483113, 0.078757023224508, 0.11458740863417659, -0.3307121891145385, 0.07449837240689162, -0.2152632461180996]
S_2 [0, 0.25, 0.25, 0.25, 0.3333333333333333, 0.5, 0.3333333333333333, 0, 0.25, 0]
Trust scores at iteration 31: [-0.5818037367102734, -0.47133077996395795, -0.42077627378411286, -0.5597050524940944, -0.3037887276391472, -0.37798626115062167, -0.6671665186933763, -1.5838033369824605, -0.9423709901701312, -1.1009381823198936]
X.shape (10, 5)
s1 and s2 score at iteration 31
S_1 [-0.049236612599056685, 0.09805135071770699, -0.11131628571399024, 0.05726260760933434, -0.14831118095632828, -0.10954947459071987, -0.16606906568681307, -0.10399266207167474, 0.01988991785048078, 0.08684181891918746]
S_2 [0.3333333333333333, 0.3333333333333333, 0, 0.3333333333333333, 0.3333333333333333, 0, 0.5, 0.5, 0.3333333333333333, 0.3333333333333333]
Trust scores at iteration 32: [-0.757908003767807, -0.2299315459747705, -0.6351290691510894, -0.4165916434822172, -0.8664281558905691, -0.5997702873825267, -1.2751250117846515, -1.7268404985865913, -0.7988040770417228, -0.7049536497462696]
X.shape (10, 5)
s1 and s2 score at iteration 32
S_1 [0.09530436777102022, 0.056088347153640195, -0.1558487122725931, 0.19873362248856521, 0.10499721387074477, 0.29822420555130086, 0.14579172003501398, -0.21689592012996062, 0.1883113874612727, 0.2515654666797713]
S_2 [0.3333333333333333, 0.25, 0.3333333333333333, 0.3333333333333333, 0.25, 0.3333333333333333, 0.3333333333333333, 0.25, 0.25, 0.3333333333333333]
Trust scores at iteration 33: [-0.7346637391230602, -0.3295297535018542, -0.901367071459972, -0.39169715632114505, -0.7258772828585897, -0.4198392011677687, -1.0459276624139708, -1.651975789291329, -0.5947301546821834, -0.5404041260359248]
X.shape (10, 5)
s1 and s2 score at iteration 33
S_1 [0.006092225731146341, 0.04980849968821784, -0.22401990772872946, -0.12507649200754742, -0.18364508475305089, -0.25669106643664036, -0.09866663733606545, 0.07526142754109572, 0.051270673600692554, -0.04326684768730853]
S_2 [0.3333333333333333, 0.3333333333333333, 0.5, 0.5, 0.5, 0.5, 0.5, 0.3333333333333333, 0.3333333333333333, 0.3333333333333333]
Trust scores at iteration 34: [-0.6899803621035018, -0.23212888645096108, -1.8239239653223707, -1.0727561183246124, -1.540142804151079, -1.6170851457632163, -1.4254450022113434, -1.0563830525039302, -0.41194078761348, -0.750749113358931]
X.shape (10, 5)
s1 and s2 score at iteration 34
S_1 [-0.3196240197237109, 0.10345300333589033, -0.07734358583324935, -0.1714631290492318, -0.13154215128251348, -0.00772806661956819, 0.012337505739243887, 0.04255554809468351, -0.1758659652992377, 0.10069280145039018]
S_2 [0, 0.3333333333333333, 0.5, 0, 0.5, 0.5, 0.5, 0.3333333333333333, 0.5, 0.3333333333333333]
Trust scores at iteration 35: [-1.4098535538425285, -0.062490220515672726, -1.8010329250087234, -1.2481496346401, -1.7595547695547906, -1.454369971101479, -1.2620343698801824, -0.8160626867731661, -1.0983465447999714, -0.43352859903505825]
X.shape (10, 5)
s1 and s2 score at iteration 35
S_1 [0.2694582030920377, -0.03030047060912961, -0.37989730846257264, 0.23264098017835227, -0.0014279781064404516, 0.375340725541155, 0.28920991150341496, 0.32012386704104895, 0.31016190235108265, -0.024299528667232406]
S_2 [0.2, 0.5, 0.5, 0.2, 0.5, 0.2, 0.2, 0.2, 0.2, 0.5]
Trust scores at iteration 36: [-0.8915266115050386, -0.36796152600085363, -1.8643650047556277, -0.8077609089424787, -1.5328296841453763, -0.8380589797710353, -0.7722661601138268, -0.4353772678820569, -0.6409383056617589, -0.6228919954228164]
X.shape (10, 5)
s1 and s2 score at iteration 36
S_1 [0.146410818482122, 0.161598113150242, -0.20016202532236346, -0.2624128369492571, -0.145331491263469, 0.05712955550949718, -0.22654177774458864, 0.04593562164997685, 0.1476736888148616, 0.16495470463009465]
S_2 [0.5, 0.3333333333333333, 0.3333333333333333, 0.3333333333333333, 0.5, 0.3333333333333333, 0.3333333333333333, 0.3333333333333333, 0.3333333333333333, 0.3333333333333333]
Trust scores at iteration 37: [-0.6577940428991782, -0.16367763761081172, -1.8690863912709716, -1.2426778973834642, -1.6372924120668253, -0.6827408442531541, -1.1525935565882865, -0.421221841626995, -0.3800854704310509, -0.3360243967959714]
X.shape (10, 5)
s1 and s2 score at iteration 37
S_1 [-0.026974247936637066, 0.07478218106330384, -0.01384853609236011, -0.015743513989342026, -0.13667297693605754, -0.22380868578831267, 0.08724552759390553, -0.12860918683368922, 0.07612768802008332, -0.13985605523069303]
S_2 [0.3333333333333333, 0.3333333333333333, 0.3333333333333333, 0.3333333333333333, 0, 0.3333333333333333, 0.3333333333333333, 0.3333333333333333, 0, 0.3333333333333333]
Trust scores at iteration 38: [-0.8532087149527363, -0.15743045668985678, -1.655979657844254, -1.224009729445293, -1.6160645157477869, -1.5475007986637368, -0.8068154896118005, -1.0370871961965822, -0.004289317553230199, -1.0161221479230778]
X.shape (10, 5)
s1 and s2 score at iteration 38
S_1 [0.00031629475703500966, 0.1119398280449281, -0.18523147841891136, -0.011240667805144532, -0.02738856378673601, -0.12067545939910818, -0.09034362303960744, 0.014967993046160557, 0.05325835007578264, -0.2557646226154639]
S_2 [0.25, 0.5, 0.3333333333333333, 0.5, 0.25, 0.3333333333333333, 0.3333333333333333, 0.25, 0.25, 0.5]
Trust scores at iteration 39: [-0.7463984269554605, -0.11020131968289974, -1.855608209017253, -1.1869319269392904, -1.3546468204642979, -1.6066621494880189, -1.0068927700641157, -0.8358466473811936, -0.010269544206197169, -1.6967375729726246]
X.shape (10, 5)
s1 and s2 score at iteration 39
S_1 [-0.15169067558727192, -0.08050658651646897, -0.06819224049905273, -0.15666049183674902, -0.0498393607812415, -0.15253044064226437, -0.09148782573349824, -0.1569366108132081, -0.05633048065703845, -0.10392981738292527]
S_2 [0.25, 0.3333333333333333, 0.3333333333333333, 0.25, 0.5, 0.25, 0.3333333333333333, 0.25, 0.5, 0.5]
Trust scores at iteration 40: [0.24059867602073248, 0.2074554991365874, -1.0884535446417924, -0.037859766000906125, -0.9482527743250084, -0.3565310993419428, -0.35412871642439114, 0.2095619833686062, 0.03188356902464674, -0.8621275149057807]
X.shape (10, 5)
s1 and s2 score at iteration 40
S_1 [0.08403780255259197, 0.15608225440410262, 0.16717836361301497, -0.06637053957766999, 0.1864264265164437, 0.29001623638521135, 0.158871028190847, -0.4865946418420827, 0.26067092272921216, 0.09829051151340158]
S_2 [0.25, 0.5, 0.3333333333333333, 0.5, 0.25, 0.25, 0.3333333333333333, 0, 0.25, 0.3333333333333333]
Trust scores at iteration 41: [0.10534986398682955, 0.006674211015559733, -0.7889840285949399, -0.39515717123109856, -0.6209328149123351, -0.09957176953935995, -0.2835499629885924, -0.35665219798608083, 0.1419629768246337, -0.70181511342231]
X.shape (10, 5)
s1 and s2 score at iteration 41
S_1 [0.16866839794238528, 0.20698956548566755, -0.010325488876770872, 0.2143830226210802, 0.2182213527507631, -0.31168615020790613, -0.21458973992149266, 0.11552052334201852, 0.16124340942991428, -0.15703760470197092]
S_2 [0.3333333333333333, 0.3333333333333333, 0.3333333333333333, 0.3333333333333333, 0.3333333333333333, 0.5, 0.3333333333333333, 0.5, 0.3333333333333333, 0.3333333333333333]
Trust scores at iteration 42: [0.10562193581857335, 0.08923103811586651, -0.766483795091006, -0.1818867676428169, -0.3346529704386345, -0.7981910526318015, -0.6934924111047187, -0.3908445957361246, 0.12104360520222765, -0.9071581670067085]
X.shape (10, 5)
s1 and s2 score at iteration 42
S_1 [0.047623427151081, 0.2025186700216766, 0.022318004093566508, 0.16150380832503247, 0.07902102727795547, -0.12665367251519546, 0.05712891459004029, -0.15249523737667553, -0.08926839099744524, -0.29452321433327655]
S_2 [0.3333333333333333, 0.3333333333333333, 0.3333333333333333, 0.3333333333333333, 0.3333333333333333, 0.5, 0.3333333333333333, 0.5, 0.5, 0]
Trust scores at iteration 43: [-0.055517923759043714, 0.1624617266811066, -0.7034779949103697, -0.0880778937527678, -0.31719968316253444, -1.0463515093196911, -0.6008170612182914, -0.7994892599369892, -0.3475067525382967, -1.0713011798557202]
X.shape (10, 5)
s1 and s2 score at iteration 43
S_1 [0.08659596635927927, 0.027405263853494774, -0.04016045916627734, -0.06710084567191266, 0.029472639477338396, -0.18649134515069837, -0.2683134692517237, -0.19219775856973517, -0.03461058302157037, 0.007269623769366684]
S_2 [0.5, 0.5, 0.3333333333333333, 0, 0.3333333333333333, 0.5, 0.5, 0, 0.5, 0.3333333333333333]
Trust scores at iteration 44: [-0.0388625466313306, -0.0913349654887772, -0.8315650693266832, -0.29411631972546504, -0.319935809461723, -1.678520070099526, -1.6501076263227963, -1.2254855921499277, -0.6631584052390609, -0.9247261986871349]
X.shape (10, 5)
s1 and s2 score at iteration 44
S_1 [0.006015783659579283, -0.14563807783233784, -0.17756373150430804, -0.2430188540198327, -0.15996281374282317, 0.03173796970072128, 0.08387385903181564, -0.12492067980062756, -0.009242985964238571, 0.026655109659989726]
S_2 [0.3333333333333333, 0.3333333333333333, 0.3333333333333333, 0, 0.5, 0.25, 0.25, 0.3333333333333333, 0.25, 0.25]
Trust scores at iteration 45: [-0.20568652901003162, -0.7848527196674104, -1.4172054631814186, -1.0751112058582104, -1.0961100226106666, -1.2114436862280744, -1.0050753384259572, -1.5046561737398145, -0.6472711937720648, -0.701968348882575]
X.shape (10, 5)
s1 and s2 score at iteration 45
S_1 [-0.05724226736911972, 0.2699216039144956, -0.6092923491007833, -0.081125005820511, 0.387719405204912, 0.35045228110674786, 0.364033868270161, -0.0941500044705332, 0.36519420446965706, 0.30147268473537336]
S_2 [0.5, 0.2, 0, 0, 0.2, 0.2, 0.2, 0.5, 0.2, 0.2]
Trust scores at iteration 46: [-0.48827208623375296, -0.46054359364836017, -1.463487095511366, -0.8153487588897318, -0.5872770158274665, -0.6968462204626809, -0.5418795500136238, -1.4261084000028745, -0.2905188323062301, -0.37811171359219453]
X.shape (10, 5)
s1 and s2 score at iteration 46
S_1 [-0.019399253570531863, -0.11639728639714801, -0.051230631417300616, -0.04424822033254596, -0.1767354361304361, -0.14206767465400358, -0.04254582146623972, -0.18203773135271792, -0.12225283809877811, -0.04393086700417624]
S_2 [0.3333333333333333, 0.3333333333333333, 0.3333333333333333, 0.5, 0.3333333333333333, 0.3333333333333333, 0.3333333333333333, 0, 0.3333333333333333, 0.5]
Trust scores at iteration 47: [-0.241790460363627, 1.2776467789080264, -0.4321842251585477, -0.186466973264108, 2.122033456237164, 1.509214981099729, 0.07863470434258202, 1.816848898240583, 1.487217364533356, 0.11469124391975277]
X.shape (10, 5)
s1 and s2 score at iteration 47
S_1 [0.18535839322700742, -0.2994470959288153, 0.2645740613254812, -0.4065515589590755, -0.09774944592218236, 0.1744129617523545, 0.22384511321509207, -0.0679565227738499, 0.11788771112925062, 0.13104111530083812]
S_2 [0.25, 0.5, 0.25, 0.5, 0.5, 0.25, 0.25, 0.5, 0.3333333333333333, 0.25]
Trust scores at iteration 48: [-0.10907581018281169, 0.2548102809116879, -0.15252895761098334, -0.891514882439228, 1.0745855177601613, 1.1042169959414598, 0.15886182007967387, 0.8947384632484663, 0.974724795497932, 0.07887112980203474]
X.shape (10, 5)
s1 and s2 score at iteration 48
S_1 [-0.1528167857985133, -0.14619780830944787, 0.12237525690055223, -0.11231341594387473, 0.04041595168363459, 0.10951578339879417, -0.21804373388686116, 0.13734482286217464, 0.11626097639116113, 0.10662845467041694]
S_2 [0.5, 0.5, 0.5, 0.5, 0.5, 0.25, 0.5, 0.25, 0.25, 0.25]
Trust scores at iteration 49: [-0.7101482170591705, -0.4409702314412675, -0.1394680429477259, -1.1693847341323629, 0.5404897498892294, 0.8621653915956337, -0.665066007908357, 0.7763169242739264, 0.7862542635502973, 0.13811654143640262]
X.shape (10, 5)
s1 and s2 score at iteration 49
S_1 [0.151385445461301, 0.21823096732354474, -0.40797939364601626, 0.0965981640014548, -0.15258215486682575, 0.1268096742375321, 0.09432650489409099, 0.23492661264984666, 0.045683964552576124, -0.1331992124438576]
S_2 [0.25, 0.25, 0.5, 0.5, 0.5, 0.3333333333333333, 0.3333333333333333, 0.25, 0.25, 0]
Trust scores at iteration 50: [-0.45378536571805267, -0.17999940981476661, -0.9186150853085506, -0.9952139865690965, -0.11650375266929974, 0.5654510348443512, -0.5450917744731383, 0.6934218469917485, 0.4587161574626567, -0.07341308707952449]
X.shape (10, 5)
s1 and s2 score at iteration 50
S_1 [-0.1381252057261909, 0.14665537747003385, -0.24346388649989598, 0.02870718466348155, 0.1205976590015046, -0.355521334973115, 0.27036362201209363, 0.15982205998061993, 0.1312917651445057, 0.1916146951227066]
S_2 [0.3333333333333333, 0.3333333333333333, 0.5, 0.25, 0.25, 0.5, 0.25, 0.3333333333333333, 0.3333333333333333, 0.25]
Trust scores at iteration 51: [-0.6709157960470469, -0.16326832549138476, -1.2131821629768034, -0.814795818030049, -0.09773544602443515, -0.2986766991760704, -0.23156424213119675, 0.462736525554738, 0.26678485022906745, 0.011229711764719215]
X.shape (10, 5)
s1 and s2 score at iteration 51
S_1 [0.0626350610518341, 0.07380244775149729, 0.017596325002692197, -0.164606379082266, -0.016953629967395467, 0.12140793132248565, 0.09120000941793455, -0.26206148463343987, -0.22141601654033113, 0.02560857333593953]
S_2 [0.25, 0.3333333333333333, 0.3333333333333333, 0.5, 0.3333333333333333, 0.25, 0.25, 0.5, 0.5, 0.25]
Trust scores at iteration 52: [-0.46486930458986564, -0.1319213705271189, -1.005746849819862, -1.2771007934534961, -0.31030737174609363, -0.059073689423249254, -0.08673899375491245, -0.6236405228353153, -0.6603714085510738, -0.07886020576257138]
X.shape (10, 5)
s1 and s2 score at iteration 52
S_1 [-0.1834437489676726, -0.24443956222133809, -0.09218838142197316, -0.012015295473701025, -0.044961230729321136, -0.07956272590906306, -0.032357081177805655, -0.08158765549522029, -0.04907254811803351, -0.12698551295633206]
S_2 [0.5, 0.5, 0.5, 0.5, 0.5, 0.5, 0.5, 0.5, 0.5, 0.5]
Trust scores at iteration 53: [3.954847112689746, 5.710864805793229, 1.29775284494505, -0.8939705554174472, 0.6053847166030334, 1.6451844809539546, 0.44717996953566536, 1.3005464938245612, 0.4629919828595361, 2.815394365247479]
X.shape (10, 5)
s1 and s2 score at iteration 53
S_1 [-0.17177381435153874, 0.2666198858185283, -0.11094947689311635, 0.2032452655354238, -0.19857258688196083, 0.28730923332561065, -0.1376391942031678, 0.07194029374124351, 0.21574404666670946, 0.00896982716457888]
S_2 [0.3333333333333333, 0.25, 0.5, 0.25, 0.3333333333333333, 0.25, 0.3333333333333333, 0.3333333333333333, 0.25, 0.25]
Trust scores at iteration 54: [2.389031725125064, 4.126002145181015, 0.4925767534352031, -0.563556555036205, 0.016425543904894258, 1.3016291366677684, -0.030692891000739964, 0.7855005217775775, 0.39936808787842554, 1.8301420900266245]
X.shape (10, 5)
s1 and s2 score at iteration 54
S_1 [0.009062466317334553, 0.29755389091645035, 0.32597673128217985, 0.10250598843852492, 0.1520673352853811, 0.2712535634554702, -0.1104819450294712, 0.21055129041338919, 0.11867189830863643, -0.2807505761778044]
S_2 [0.5, 0.25, 0.25, 0.25, 0.25, 0.25, 0.5, 0.25, 0.5, 0]
Trust scores at iteration 55: [1.3806624958176483, 3.0120436465056417, 0.4948037274046422, -0.45015219085097585, 0.001447135412354193, 1.010778057584473, -0.42316278265733737, 0.5936230522565499, 0.08877272527898178, 1.0227215949970319]
X.shape (10, 5)
s1 and s2 score at iteration 55
S_1 [0.3041296478536661, -0.1814026836885424, 0.4418709032949897, 0.048604556349510365, 0.3251980080203729, 0.5227057300239045, 0.31899155797586576, 0.36799914574228937, 0.5057265995349596, 0.29770403896746994]
S_2 [0.25, 0, 0.2, 0.25, 0.25, 0.2, 0.25, 0.2, 0.2, 0.2]
Trust scores at iteration 56: [0.8410149125090274, 2.004316895517754, 0.3599685357577192, -0.5872105950832313, -0.11234393473716717, 0.767544640309131, -0.4131329868223009, 0.38674435064993373, 0.11239596163079596, 0.6467683891966098]
X.shape (10, 5)
s1 and s2 score at iteration 56
S_1 [-0.20848665296171812, 0.0644338281449964, 0.020940151853867224, -0.3176851768694692, 0.03725939640130012, -0.2600012750654811, 0.07334530813870647, 0.04279440773479685, -0.058969015099699734, -0.08080606289394866]
S_2 [0, 0.3333333333333333, 0.3333333333333333, 0.5, 0.5, 0.5, 0.3333333333333333, 0.5, 0.5, 0]
Trust scores at iteration 57: [-0.264050255496025, 1.4665717243820189, 0.13762824654170336, -2.0104564105269604, -0.22624083666550854, -0.8261866749414805, -0.18919309077561058, 0.14576049441547806, -0.4625203209974581, 0.12222158607422573]
X.shape (10, 5)
s1 and s2 score at iteration 57
S_1 [-0.18458302721239644, -0.04220321509386779, -0.14341205952936376, -0.03488928310164793, -0.12758514570458604, -0.19493841050396418, -0.00411233453416221, -0.11662554880851037, -0.08325489980989115, -0.02272360575997859]
S_2 [0.5, 0.3333333333333333, 0.3333333333333333, 0.3333333333333333, 0.3333333333333333, 0.3333333333333333, 0.3333333333333333, 0.5, 0.3333333333333333, 0.5]
Trust scores at iteration 58: [12.980729867893384, 3.9053780698561735, 10.358430709345399, 0.9378977957933161, 8.94912899105392, 13.442672668920018, -0.03243516354292737, 8.310013482329067, 5.549785904913428, 1.4432708606030895]
X.shape (10, 5)
s1 and s2 score at iteration 58
S_1 [-0.07360492923279979, 0.19379016628540358, -0.20431519468154186, -0.07636886809842056, 0.1460879101194687, -0.0756103035480927, -0.1553573759811742, 0.04168255273527886, 0.15078956506319227, -0.21205650117541083]
S_2 [0.3333333333333333, 0.25, 0.3333333333333333, 0.3333333333333333, 0.25, 0.3333333333333333, 0.3333333333333333, 0.25, 0.25, 0.5]
Trust scores at iteration 59: [8.772565606826674, 2.883764648899321, 6.734608056170861, 0.3383043961100171, 6.34054404485892, 9.092821115414853, -0.4632081120915415, 5.731536787290429, 3.968282357509713, 0.38201210737666225]
X.shape (10, 5)
s1 and s2 score at iteration 59
S_1 [0.17380335144838893, -0.02978700878724491, 0.15186407458785586, -0.18042685554056448, -0.09058838925302642, 0.24057905648545694, -0.2597163100845092, -0.06112814786850476, -0.07732369220790897, 0.21902877180429003]
S_2 [0.25, 0.3333333333333333, 0.25, 0.5, 0.3333333333333333, 0.25, 0.5, 0, 0.3333333333333333, 0.25]
Trust scores at iteration 60: [6.2075271988813645, 1.7814911122301413, 4.753598825173421, -0.288177649068452, 4.1254178945067315, 6.514974780790397, -0.9481096679716726, 3.935849480086812, 2.481375675704018, 0.39053545679375035]
X.shape (10, 5)
s1 and s2 score at iteration 60
S_1 [-0.3212054475896553, -0.00859358657823576, -0.002508187532957574, 0.01719369236635361, -0.1903982875766538, 0.0657031153442677, 0.06564963747219524, 0.06559088081742061, 0.01617254997067452, -0.30593471054081994]
S_2 [0.3333333333333333, 0.5, 0.5, 0.5, 0.3333333333333333, 0.3333333333333333, 0.3333333333333333, 0.3333333333333333, 0.5, 0.3333333333333333]
Trust scores at iteration 61: [2.6786470415843313, 0.9078055177881923, 3.0160668095571923, -0.42321806613191776, 1.818435175689601, 4.660482346553278, -0.5639209471984077, 2.854582173936595, 1.5108067316301363, -1.3235210912120643]
X.shape (10, 5)
s1 and s2 score at iteration 61
S_1 [0.011908450540192992, 0.18621080731311188, 0.34696007408704244, -0.2020261808761634, -0.10681380857865858, 0.4158373540690455, 0.4125638483989597, 0.40656057546178537, 0.3663095569258219, 0.3027221206998173]
S_2 [0.3333333333333333, 0.16666666666666666, 0.16666666666666666, 0, 0, 0.16666666666666666, 0.16666666666666666, 0.16666666666666666, 0.2, 0.16666666666666666]
Trust scores at iteration 62: [1.583644112962767, 0.6198030257022252, 2.211556223518749, -0.4420015879633827, 1.1958453057760297, 3.412337642587294, -0.2471062875813084, 2.1415149205379875, 1.1418335807322033, -0.8580701551840534]
X.shape (10, 5)
s1 and s2 score at iteration 62
S_1 [-0.1902725870149863, -0.14151012798567503, 0.07200855500180231, -0.21431207965888194, -0.11563180273472905, 0.08799094861556266, 0.08799094861556268, 0.08799094861556268, -0.16325083721351064, -0.047260954417682986]
S_2 [0, 0.5, 0.5, 0, 0, 0.3333333333333333, 0.3333333333333333, 0.3333333333333333, 0.5, 0.5]
Trust scores at iteration 63: [0.4598276069350111, -0.3486083981655324, 1.4935983189238373, -1.0400856298032484, 0.44285183634876324, 2.488636349811106, -0.07297440130691586, 1.5990604443765912, -0.05731068794294403, -1.0617825723360035]
X.shape (10, 5)
s1 and s2 score at iteration 63
S_1 [-0.051020823971430346, -0.08019114464026761, -0.07579939360745706, -0.07040042692719578, -0.13432977685589698, 0.07036227382058988, 0.07036227382058986, 0.07036227382058988, 0.04548311148822973, -0.2593015760372428]
S_2 [0.5, 0.5, 0.3333333333333333, 0.3333333333333333, 0.5, 0.3333333333333333, 0.3333333333333333, 0.3333333333333333, 0.3333333333333333, 0.5]
Trust scores at iteration 64: [-0.195655532396653, -0.8859327285914443, 0.522336855872817, -1.228222612296272, -0.5627386599830636, 1.842045444867774, 0.04891791908515886, 1.219342311063614, -0.04619348357698188, -2.1488185644442774]
X.shape (10, 5)
s1 and s2 score at iteration 64
S_1 [-0.2331363403312919, -0.08167181479981701, 0.05277961437450173, -0.3673752334568124, -0.1018599881542336, 0.13857946938940013, 0.13952179137484258, 0.14091053137280166, -0.1351782546818674, -0.028245711554844805]
S_2 [0.5, 0.5, 0.5, 0.5, 0.5, 0.25, 0.25, 0.25, 0, 0.25]
Trust scores at iteration 65: [-0.93330858776281, -1.0940330607823188, 0.1780041519806336, -1.9419015558522799, -0.9107780456815773, 1.4344689559827448, 0.1812859013305958, 1.0035396177445297, -0.3201313612746945, -1.71430841142019]
X.shape (10, 5)
s1 and s2 score at iteration 65
S_1 [0.012668737937920017, 0.21446969882627506, 0.031980435865923536, -0.2160157609779805, -0.05418986561300399, -0.010732042774579472, -0.004593620497947574, 0.018424390239789843, 0.07666673864807244, 0.027886857478358715]
S_2 [0.5, 0.5, 0.5, 0.5, 0.5, 0.3333333333333333, 0.3333333333333333, 0.3333333333333333, 0.5, 0.5]
Trust scores at iteration 66: [-0.9355949934898211, -0.7658231425476231, -0.1306628919417926, -1.9614937192865478, -1.0133453617439216, 0.7891162984993171, -0.07952542082216915, 0.5282497510428512, -0.41685059562693083, -1.4610077796725733]
X.shape (10, 5)
s1 and s2 score at iteration 66
S_1 [0.09090932942624735, -0.04813232077543717, 0.013057136419082904, 0.22043250391291455, 0.2207697721637224, 0.038346629230333, 0.03811981709553072, 0.037917618034410405, 0.1975199960054047, -0.44153308567264593]
S_2 [0.3333333333333333, 0.3333333333333333, 0.25, 0.25, 0.25, 0.3333333333333333, 0.3333333333333333, 0.3333333333333333, 0.25, 0]
Trust scores at iteration 67: [-0.8313814726878177, -0.9014823289427335, -0.29872092082051527, -1.2985039111495458, -0.6343417532207452, 0.304489941092992, -0.30386747328797215, 0.12130038241665683, -0.2483891119412757, -1.6226966692230853]
X.shape (10, 5)
s1 and s2 score at iteration 67
S_1 [0.005074731457413236, -0.1075436075740828, 0.3616985112452178, 0.2691097079640287, 0.029555333839265355, 0.22975645512101212, 0.22995798559416514, 0.23060131448725263, 0.06597426404804334, 0.19685866904691351]
S_2 [0.5, 0.3333333333333333, 0.3333333333333333, 0.25, 0.3333333333333333, 0.25, 0.25, 0.25, 0.5, 0.3333333333333333]
Trust scores at iteration 68: [-0.877757946824193, -0.9202364554393505, -0.10910464457436066, -0.8357477483473856, -0.6195254405616911, 0.25370757098594426, -0.17197546566409705, 0.1261756232166487, -0.4191520004776731, -1.1726091398529959]
X.shape (10, 5)
s1 and s2 score at iteration 68
S_1 [-0.20932173634628626, 0.14616226605313343, 0.2290722624306883, -0.48875469649944125, 0.17634917252147841, 0.3317468692428197, 0.32864288170846134, 0.3236669174213598, -0.02850887165149564, -0.005469649685490414]
S_2 [0.5, 0.25, 0.25, 0.5, 0.25, 0.25, 0.25, 0.25, 0.25, 0.5]
Trust scores at iteration 69: [-1.1037210330900773, -0.6619904061500531, -0.0192223023896127, -1.3270062201977915, -0.424194557365394, 0.327595299690161, 0.026810225886886183, 0.2310162040073665, -0.46918708521308405, -1.125772623642625]
X.shape (10, 5)
s1 and s2 score at iteration 69
S_1 [-0.12029787454962183, 0.1688086224664975, -0.07081258752357233, -0.44183181502859054, 0.05590041413598528, 0.2580529634762212, 0.2565342884089598, 0.25365210365714563, 0.061778253573777836, -0.10336496720111847]
S_2 [0.5, 0.5, 0.5, 0, 0.25, 0.25, 0.25, 0.25, 0.5, 0]
Trust scores at iteration 70: [-1.2124572630398616, -0.5671444753096085, -0.39577892999815195, -1.442556833548136, -0.38194904947393316, 0.3793167097831127, 0.16700161931808385, 0.306595114229683, -0.5566105247180128, -0.9082079903875921]
X.shape (10, 5)
s1 and s2 score at iteration 70
S_1 [-0.04608528890899834, -0.1785165697325506, -0.08050279473270809, 0.20225683187397736, 0.1456755773932528, 0.1947423052585592, 0.1960015948803054, 0.19825814124191068, -0.2463926928222355, -0.18506608074340924]
S_2 [0, 0.5, 0.5, 0.25, 0.5, 0.25, 0.25, 0.25, 0.5, 0.5]
Trust scores at iteration 71: [-0.9170766708725919, -0.9617880891006485, -0.6964520378847009, -0.8597897834836951, -0.3512891948549856, 0.40437568035153915, 0.25762297425993064, 0.3586854715848323, -1.0550924404069257, -1.210247194570084]
X.shape (10, 5)
s1 and s2 score at iteration 71
S_1 [0.2736713881255482, 0.30579490486974825, 0.3106542850496479, 0.3605701271923152, -0.3157801479029812, 0.3921158360517649, 0.3927051047268002, 0.3862041163848282, -0.17160049468702152, -0.22504251155504512]
S_2 [0.25, 0.16666666666666666, 0.16666666666666666, 0.16666666666666666, 0, 0.16666666666666666, 0.16666666666666666, 0.16666666666666666, 0.5, 0.5]
Trust scores at iteration 72: [-0.5828873359944451, -0.5396451460386997, -0.3501976741192427, -0.4264017864185302, -0.48713699951118383, 0.48261281504271447, 0.38033608198195146, 0.4461135170181678, -1.169655819111942, -1.3190902143917926]
X.shape (10, 5)
s1 and s2 score at iteration 72
S_1 [0.2818780975176398, 0.3682225903382268, -0.2913639939393693, 0.2968667615027043, 0.08868602816229766, 0.42871432226977785, 0.43290572308513625, 0.43881714516338427, -0.4340550865898684, 0.27304130283978306]
S_2 [0.16666666666666666, 0.16666666666666666, 0.5, 0.16666666666666666, 0.2, 0.16666666666666666, 0.16666666666666666, 0.16666666666666666, 0.5, 0.2]
Trust scores at iteration 73: [-0.3153134659827618, -0.22601399735219802, -0.7443311316587651, -0.19552649033278713, -0.40036515917301196, 0.5309221144476168, 0.46219387786739735, 0.5122794619127174, -1.4155034631821741, -0.8566968090828685]
X.shape (10, 5)
s1 and s2 score at iteration 73
S_1 [-0.30775219777927343, -0.07100594940395234, 0.0320121077771207, -0.0038543180385903148, -0.011413920631229047, 0.13724349870891533, 0.137224425429982, 0.13711347662263046, -0.06386375398763966, -0.10835061107094421]
S_2 [0.5, 0.3333333333333333, 0.3333333333333333, 0.3333333333333333, 0.5, 0.25, 0.25, 0.25, 0.5, 0.25]
Trust scores at iteration 74: [-1.1934336909969268, -0.5134214112398876, -0.6510566572842194, -0.3452936811990817, -0.6052052536379042, 0.5216454801133318, 0.47349402230511517, 0.5083114085946527, -1.4304519417021324, -0.9865309219687861]
X.shape (10, 5)
s1 and s2 score at iteration 74
S_1 [0.05336623147249572, 0.40742325082357583, 0.2709590388712625, 0.2995099608423235, 0.009965581666003785, 0.1481779902827022, 0.14601493537577265, 0.14224638700318432, -0.13113958535850193, 0.2430910039839959]
S_2 [0.3333333333333333, 0.25, 0.25, 0.25, 0.3333333333333333, 0.3333333333333333, 0.3333333333333333, 0.3333333333333333, 0, 0.25]
Trust scores at iteration 75: [-1.096108159567326, -0.2843949878679213, -0.4812230358094421, -0.24616590937790056, -0.7163056709557021, 0.17426047677411685, 0.13896172327026018, 0.16055897960141222, -1.0978790259711226, -0.7365752305987244]
X.shape (10, 5)
s1 and s2 score at iteration 75
S_1 [0.38558967446735715, 0.13108744194828906, 0.32848096082901795, 0.4347901725702604, -0.716162110838535, 0.44739999669709246, 0.44936810030186286, 0.44061610260832873, 0.3997812620836585, 0.11391802472201351]
S_2 [0.16666666666666666, 0.25, 0.25, 0.16666666666666666, 0, 0.16666666666666666, 0.16666666666666666, 0.16666666666666666, 0.16666666666666666, 0.5]
Trust scores at iteration 76: [-0.6098544522385658, -0.2615619737701502, -0.26756087873624396, 0.01795157866371369, -0.97952675316928, 0.3206684196455441, 0.2972732062891822, 0.30654841590825266, -0.6016196962063264, -0.7395505175449719]
X.shape (10, 5)
s1 and s2 score at iteration 76
S_1 [0.08240571984853594, 0.01855625961265485, -0.12821669051156545, 0.1465497232035949, 0.14770050257071132, 0.26639114992064683, 0.2619611897439771, 0.25397804937716956, 0.10502403883945984, -0.4365706074456436]
S_2 [0.25, 0.5, 0.5, 0.5, 0.25, 0.25, 0.25, 0.25, 0.5, 0.5]
Trust scores at iteration 77: [-0.48409579951582926, -0.4621959986537668, -0.6316855769871434, -0.1223949400970928, -0.6693338066161688, 0.3744678937518809, 0.35310238477478295, 0.3506047099048971, -0.6028595441451954, -1.3093352623352437]
X.shape (10, 5)
s1 and s2 score at iteration 77
S_1 [-0.0010838556963870876, -0.0013023473790718294, -0.06302248068271764, 0.05923294752135561, -0.2136242183711499, 0.18271494412037134, 0.18397794766312806, 0.185933696728254, -0.3602317223850981, -0.1072673838617858]
S_2 [0.3333333333333333, 0.3333333333333333, 0.3333333333333333, 0.5, 0.5, 0.25, 0.25, 0.25, 0, 0.25]
Trust scores at iteration 78: [-0.540615837395497, -0.5256385083985282, -0.743865313999572, -0.29010537778993584, -1.1132117226651443, 0.406934137879199, 0.3940161105067955, 0.395423296933428, -1.0032277771776406, -1.239608288499139]
X.shape (10, 5)
s1 and s2 score at iteration 78
S_1 [-0.017769497230795097, -0.07305520674001917, 0.03537308825365245, -0.14836011901177223, 0.14382868104660493, 0.18457371764112046, 0.18251834788767016, 0.18206222777400388, -0.4140885772924718, -0.2240397406639208]
S_2 [0, 0.3333333333333333, 0.3333333333333333, 0.3333333333333333, 0.25, 0.25, 0.25, 0.25, 0.5, 0.5]
Trust scores at iteration 79: [-0.4073130377210199, -0.6866884663285759, -0.6632114751601182, -0.6442133821209036, -0.6954738371991025, 0.4348538965154393, 0.42247054751566887, 0.42271421550696947, -1.6753052859533923, -1.5318725670368356]
X.shape (10, 5)
s1 and s2 score at iteration 79
S_1 [0.2177982108742419, 0.06278609560857279, -0.07484179650402041, -0.4097440056486536, 0.1928218378907738, 0.23485673157124046, 0.241916120021763, 0.25126780449490954, 0.08170550245913889, -0.10148672153627834]
S_2 [0.2, 0.3333333333333333, 0.3333333333333333, 0, 0.2, 0.2, 0.2, 0.2, 0.3333333333333333, 0.3333333333333333]
Trust scores at iteration 80: [-0.20507998850713946, -0.7057187662255551, -0.8536050395566832, -0.9401612740466068, -0.43661296986316517, 0.4048038051042579, 0.404563984066338, 0.41589995085487863, -1.375161804145462, -1.493480385373796]
X.shape (10, 5)
s1 and s2 score at iteration 80
S_1 [0.34370453257683403, 0.5582022740695767, 0.11610773432619707, -0.5276357381091826, 0.602860154075055, 0.5247555875427292, 0.5247555875427292, 0.5572112942532361, 0.5897696298585114, 0.4820499527093044]
S_2 [0.16666666666666666, 0.14285714285714285, 0.3333333333333333, 0, 0.14285714285714285, 0.14285714285714285, 0.14285714285714285, 0.14285714285714285, 0.14285714285714285, 0.14285714285714285]
Trust scores at iteration 81: [-0.12251904569795069, -0.34479756956991825, -0.8397450859359668, -0.9206791277378888, -0.13420050747564413, 0.4159242277838539, 0.41575635305730996, 0.43984239323480495, -0.7976989008440609, -0.9341262186312657]
X.shape (10, 5)
s1 and s2 score at iteration 81
S_1 [0.16077066534571927, 0.02291308017776152, 0.12859637327163753, -0.00224833407889325, -0.3449095695083113, -0.22008560057553195, 0.07214116638140038, 0.12245705372734281, -0.22889525854060425, 0.11549809021565853]
S_2 [0.3333333333333333, 0.3333333333333333, 0.3333333333333333, 0.3333333333333333, 0, 0.5, 0.3333333333333333, 0.3333333333333333, 0.5, 0.3333333333333333]
Trust scores at iteration 82: [0.014236668011434542, -0.39860221481668195, -0.5478591771014546, -0.8486708079166418, -0.7375457706237911, -0.41953542486985185, 0.22564573343762448, 0.33639601402463293, -1.285510542893166, -0.6383675241009354]
X.shape (10, 5)
s1 and s2 score at iteration 82
S_1 [-0.11817995437869182, -0.06757823544738048, -0.01701985099756207, -0.1703538959876407, -0.14052749767744213, -0.09291383526352003, -0.0759655035757317, -0.06496401342446032, -0.1777828131046428, -0.023997089559275406]
S_2 [0.5, 0.3333333333333333, 0.3333333333333333, 0.5, 0.3333333333333333, 0.3333333333333333, 0.5, 0.3333333333333333, 0.5, 0.3333333333333333]
Trust scores at iteration 83: [1.7930618309460964, 0.7121446141921679, -0.2835014239710182, 2.1086693423144, 1.760722565907506, 1.1440687165060441, 1.1969561607389965, 1.1805638518877135, 1.9338271592244252, -0.22387313682076024]
X.shape (10, 5)
s1 and s2 score at iteration 83
S_1 [0.19320873397948088, 0.3282446406889123, 0.27194053537511687, -0.27941009776845244, 0.2611609295377864, 0.22767822701883603, 0.2569247268191053, -0.2114913150733556, -0.24996897096537335, -0.06508766079674155]
S_2 [0.2, 0.2, 0.2, 0, 0.25, 0.2, 0.2, 0.3333333333333333, 0.3333333333333333, 0.3333333333333333]
Trust scores at iteration 84: [1.2517268812366387, 0.6185012299345175, -0.12991027288148765, 1.2207009907254203, 1.2461944726568277, 0.8289351794187683, 0.8926863011022848, 0.33310168660509515, 0.8252192531127625, -0.516198224102066]
X.shape (10, 5)
s1 and s2 score at iteration 84
S_1 [-0.03340480550196126, 0.12723227528605202, -0.09239558591066406, 0.08997298758732447, 0.10840733030648224, -0.2675790017149987, 0.01232670161774382, -0.1414432211418142, -0.18994610018808553, -0.015118001635415941]
S_2 [0.3333333333333333, 0.5, 0.5, 0.5, 0.5, 0, 0.5, 0.3333333333333333, 0.5, 0.3333333333333333]
Trust scores at iteration 85: [0.5974438837694062, 0.43295086095416224, -0.6087960299860079, 0.7666373065862161, 0.8279489383712862, -0.05066783754778281, 0.35394544538651146, -0.30033669893878234, -0.17021896657255042, -0.5969853762565668]
X.shape (10, 5)
s1 and s2 score at iteration 85
S_1 [-0.11462712634652633, 0.005237207320116449, -0.032029203614885385, 0.03189165502685329, -0.09701528276162605, -0.12518492888045063, -0.23107377066510443, 0.08770734492734432, -0.28498011041479704, 0.03524358070009592]
S_2 [0.5, 0.5, 0.3333333333333333, 0.3333333333333333, 0.5, 0, 0.5, 0.3333333333333333, 0.5, 0.3333333333333333]
Trust scores at iteration 86: [-0.27386748111132975, 0.020979292762357327, -0.7357120261484895, 0.44573043948623914, -0.05227322895839348, -0.4636582916857286, -0.8426181872700804, -0.11023568925714762, -1.3939180833026792, -0.497340290370382]
X.shape (10, 5)
s1 and s2 score at iteration 86
S_1 [-0.2778377098857985, -0.1663726888984124, 0.004430481190937425, 0.07226219231351914, 0.07767018516826786, 0.019419165891064134, -0.2068640248360756, -0.28857368206710904, 0.023832125659659746, 0.07162967578224115]
S_2 [0.5, 0, 0.5, 0.25, 0.25, 0.25, 0.5, 0.5, 0.25, 0.25]
Trust scores at iteration 87: [-1.5648514913611262, -0.6279266706571862, -0.7978857468921041, 0.4411230111478357, 0.11340873972912459, -0.39955454850161687, -1.688842123385149, -1.4917767789187446, -1.0336914074695005, -0.22146958597558372]
X.shape (10, 5)
s1 and s2 score at iteration 87
S_1 [-0.013322407174206815, 0.07978521910919485, 0.06058094750801805, 0.14328676669951018, -0.1301858778801346, -0.07465505339802453, -0.16385591656997545, -0.11658590524571125, -0.20660122274624199, -0.008979526737762157]
S_2 [0.5, 0.5, 0.3333333333333333, 0.5, 0.5, 0.5, 0.3333333333333333, 0.3333333333333333, 0.5, 0.3333333333333333]
Trust scores at iteration 88: [-1.4232892140223152, -0.5725020797149057, -0.6316814830832621, 0.308786107803485, -0.4931845058672697, -0.7359937279681559, -1.725255186735922, -1.4883400590852909, -1.4561456812703581, -0.3738291764323704]
X.shape (10, 5)
s1 and s2 score at iteration 88
S_1 [-0.06574365006607365, 0.13771769164935138, 0.1541255504168304, -0.07587788000879059, -0.025393261361890948, -0.14186557068199726, 0.1209568032035727, -0.13533796369101522, -0.2199299636086736, -0.060233737740470444]
S_2 [0.5, 0.5, 0.5, 0.5, 0.3333333333333333, 0.3333333333333333, 0.5, 0.5, 0.3333333333333333, 0.5]
Trust scores at iteration 89: [-1.4242701681237224, -0.4326887797349228, -0.44217703815828346, -0.23154336742203996, -0.5946562503151125, -0.9913319872872915, -1.2722404385209631, -1.6052686600825479, -1.6473879684990962, -0.6789232899402535]
X.shape (10, 5)
s1 and s2 score at iteration 89
S_1 [-0.04326143392030944, -0.13712830685070818, 0.004954280920225719, -0.04758881205758506, -0.19724661908448254, -0.12907475416809058, -0.03698216486200496, -0.01605933750960442, -0.18974998848020763, -0.1709178502804243]
S_2 [0.5, 0, 0.25, 0.25, 0.5, 0.5, 0.25, 0.25, 0.5, 0]
Trust scores at iteration 90: [-3.9166286546996845, -8.606507377735726, -0.1595239267107984, -3.1937586162928295, -12.66027035848327, -8.809885275876756, -3.2799749206082165, -2.2461402363405907, -12.943233901962431, -10.824953134235557]
X.shape (10, 5)
s1 and s2 score at iteration 90
S_1 [0.0390420889901805, -0.15688068228139537, 0.1248419812908097, 0.12359758156077302, -0.01464677559005561, 0.23913338014412114, 0.2134073218889578, 0.2625665441873164, -0.1602551710287449, 0.23309101825389142]
S_2 [0.3333333333333333, 0.5, 0.25, 0.25, 0.3333333333333333, 0.25, 0.3333333333333333, 0.25, 0.5, 0.3333333333333333]
Trust scores at iteration 91: [-2.897031836273884, -6.503801933382051, -0.11902635822753757, -2.244412451623623, -9.078924180708633, -6.043693664773817, -2.2521501741536727, -1.4222981654384133, -9.543366081512893, -7.51114497194455]
X.shape (10, 5)
s1 and s2 score at iteration 91
S_1 [0.3814628418905715, -0.16821968201128593, 0.38201203671614004, 0.2999453402078701, 0.04307492804723403, 0.43542847610215357, 0.3566731372958036, 0.2744593288888054, -0.6642032921977482, 0.3937847964740705]
S_2 [0.2, 0.5, 0.2, 0.2, 0.5, 0.2, 0.2, 0.25, 0, 0.2]
Trust scores at iteration 92: [-1.8851033407246192, -4.9685607659532725, 0.05987887625237159, -1.484433416814196, -6.625569312092297, -4.050585565341672, -1.4507657018618365, -0.9565126800957917, -7.137976735726517, -5.106492998197272]
X.shape (10, 5)
s1 and s2 score at iteration 92
S_1 [-0.22816778376048552, 0.133287181440985, 0.13347647518974173, -0.2313168229447452, 0.11125649344095281, -0.20937293270471274, -0.23066126597795641, 0.025770560319508196, 0.039475251505623095, 0.04824445845531514]
S_2 [0.5, 0.2, 0.2, 0.5, 0.3333333333333333, 0.5, 0.5, 0.2, 0.2, 0.2]
Trust scores at iteration 93: [-2.1323992994442897, -3.298417990349732, 0.22191521337666015, -1.8590080924655163, -4.587839862174507, -3.6059937924305117, -1.833967270635609, -0.7316372978648854, -5.027859650076129, -3.5861114776372918]
X.shape (10, 5)
s1 and s2 score at iteration 93
S_1 [-0.14704977221018936, -0.15662888848906917, -0.025075500262187227, 0.06542034825145779, -0.16306201379815133, 0.05720209963678978, 0.0994130911764545, -0.09061968655779677, -0.19730472408381003, -0.038409971844869106]
S_2 [0.5, 0.25, 0.25, 0.25, 0.25, 0.25, 0.25, 0.25, 0.25, 0.3333333333333333]
Trust scores at iteration 94: [-2.2364332561347324, -2.9315533463775933, -0.0703299689586648, -1.253885946224183, -3.8535619710372337, -2.501576237198512, -1.133777089444926, -0.9356101527839049, -4.26491043337394, -2.826188237087993]
X.shape (10, 5)
s1 and s2 score at iteration 94
S_1 [0.10732818650762695, 0.08591496648568116, -0.09039791144254265, 0.2192846526437424, -0.2992085347434318, 0.1255319403997622, 0.07261858214582556, 0.2391471390400174, -0.4649316198904157, 0.15475739038251998]
S_2 [0.2, 0.3333333333333333, 0.5, 0.2, 0.5, 0.2, 0.2, 0.2, 0.5, 0.3333333333333333]
Trust scores at iteration 95: [-1.5508645958396876, -2.1443106404340586, -0.4626313456834676, -0.7226368138494026, -3.3728378675729758, -1.7136288410619862, -0.8225470139663622, -0.4749271069487333, -3.8686744122271293, -1.9841951465517882]
X.shape (10, 5)
s1 and s2 score at iteration 95
S_1 [-0.09308789012077869, -0.1388194571141325, 0.058276856969774186, -0.07112557312465874, 0.01110136016283525, 0.10475121441355345, 0.018418019703700612, -0.31897361527443896, 0.17535816938785886, 0.1939075915147995]
S_2 [0.5, 0.5, 0.5, 0.5, 0.25, 0.25, 0.25, 0.5, 0.25, 0.5]
Trust scores at iteration 96: [-1.5296241635254828, -2.01578901453755, -0.5336801440088109, -0.9158861851868711, -2.493811274383003, -1.1874765785537522, -0.6972878628938333, -1.1259422096301603, -2.586770431901868, -1.3889366025862517]
X.shape (10, 5)
s1 and s2 score at iteration 96
S_1 [0.05110053668322259, 0.09450723921417414, 0.16946427794201824, 0.12064249781376181, -0.11676982736630606, 0.1596589122514417, -0.1978360502041604, -0.22111375240354628, -0.04409100571934633, -0.09142079072992365]
S_2 [0.3333333333333333, 0.3333333333333333, 0.3333333333333333, 0.3333333333333333, 0.3333333333333333, 0.3333333333333333, 0.3333333333333333, 0.3333333333333333, 0.3333333333333333, 0.5]
Trust scores at iteration 97: [-1.1802744217753545, -1.443747600838351, -0.27357610080616757, -0.6275487747069349, -2.152383718172041, -0.7485918927807591, -1.038327615286458, -1.3795938155240586, -2.088792930366884, -1.4340964389551016]
X.shape (10, 5)
s1 and s2 score at iteration 97
S_1 [-0.008507949439272753, 0.07736935568786929, -0.004759521688701529, -0.1980867820183547, -0.1477034928337815, -0.10167901769792541, 0.10226309340661291, -0.25407605123307087, 0.09592294911419255, -0.14052815305860702]
S_2 [0.5, 0.3333333333333333, 0.3333333333333333, 0.5, 0.5, 0.3333333333333333, 0.3333333333333333, 0.5, 0.3333333333333333, 0.3333333333333333]
Trust scores at iteration 98: [-1.1511510980144828, -0.9836518303535974, -0.40546584942874786, -1.320393442100796, -2.2399729980211585, -1.0223008747978102, -0.6268293307005206, -2.011075632420598, -1.3807545598807494, -1.6161222563983868]
X.shape (10, 5)
s1 and s2 score at iteration 98
S_1 [0.11862008201941417, 0.2188521526368727, 0.35397343478093524, 0.3938895772634553, -0.12334208723319035, 0.13649349666387145, 0.07486622483864165, -0.48558648582093966, 0.39165304053701316, 0.20876364753300633]
S_2 [0.2, 0.25, 0.25, 0.2, 0.5, 0.2, 0.3333333333333333, 0.5, 0.2, 0.2]
Trust scores at iteration 99: [-0.8354605889964556, -0.671870870967805, -0.16422761684387296, -0.744275409470557, -1.9619227216123845, -0.7316524185833292, -0.5817598110954958, -2.077592497115646, -0.7882316160654805, -1.092283925525453]
X.shape (10, 5)
s1 and s2 score at iteration 99
S_1 [-0.04503472804787388, -0.05823063377744976, -0.14159519523346198, -0.04265742828526306, -0.044721882759423535, -0.14974685416563924, -0.20142157520369752, -0.17428200485219117, -0.006486254522133423, -0.062006189990614434]
S_2 [0.25, 0.25, 0.25, 0.25, 0.25, 0.25, 0.3333333333333333, 0.25, 0.25, 0.25]
Trust scores at iteration 100: [1.2731082479563738, 1.9979535167730638, 6.209052648094838, 1.2269838275182963, 0.4701151430841233, 6.18888299544281, 8.608849139371019, 6.381516241189082, -0.4767621312458363, 1.8782900982618151]
