Matplotlib created a temporary config/cache directory at /tmp/matplotlib-v3e5wjya because the default path (/users/raysuan/.config/matplotlib) is not a writable directory; it is highly recommended to set the MPLCONFIGDIR environment variable to a writable directory, in particular to speed up the import of Matplotlib and to better support multiprocessing.
Loaded dataset for Tower 2 without noise: 552960 chunks
Loaded dataset for Tower 3 without noise: 535674 chunks
Loaded dataset for Tower 4 without noise: 552958 chunks
Loaded dataset for Tower 5 without noise: 518399 chunks
Loaded dataset for Tower 6 without noise: 518400 chunks
Loaded dataset for Tower 7 with same noise: 518398 chunks
Loaded dataset for Tower 8 with same noise: 518398 chunks
Loaded dataset for Tower 9 with same noise: 518399 chunks
Loaded dataset for Tower 10 with random noise: 518399 chunks
Loaded dataset for Tower 11 with random noise: 518396 chunks
W, alpha, th 0.5 0.5 0.3
X.shape (10, 5)
s1 and s2 score at iteration 0
S_1 [-0.23644800833044707, 0.09262767953290613, 0.13136304836337995, 0.35664460235735335, -0.21665800316667794, 0.31109870123151484, 0.09983120307296116, 0.28183199340158643, 0.22131183124501463, 0.30940559292329084]
S_2 [0.5, 0.3333333333333333, 0.5, 0.2, 0, 0.2, 0.25, 0.2, 0.2, 0.2]
Trust scores at iteration 1: [-0.8314896773532677, -0.20347341267190358, -0.3158348009543744, 0.3, -0.30374496310137533, 0.2361466557676904, -0.11004105710124898, 0.19511602241942017, 0.11026942477495144, 0.2337729926068955]
X.shape (10, 5)
s1 and s2 score at iteration 1
S_1 [0.056546777769167694, -0.07207536617053481, -0.114551609551739, -0.030524557339044515, -0.13246235988832408, -0.13426905304243741, -0.09462351316748255, -0.016402226113766922, -0.04252486759366132, -0.14449597092374805]
S_2 [0.3333333333333333, 0.3333333333333333, 0.3333333333333333, 0.3333333333333333, 0.5, 0.3333333333333333, 0.5, 0.3333333333333333, 0.5, 0.3333333333333333]
Trust scores at iteration 2: [-0.24907817200996718, -1.0723774956728536, -1.5041431926819668, -0.4532386979117561, -1.8231360363818312, -1.4024987689962238, -1.3917040399767724, -0.3808076896682713, -0.8208802372817532, -1.4941144303417624]
X.shape (10, 5)
s1 and s2 score at iteration 2
S_1 [0.26038753273556314, 0.05650805022177179, 0.07582527116225439, 0.14778155923535374, 0.35811319726935453, -0.05837312607891801, 0.30731310362760555, -0.413131090649817, 0.36550666763249656, 0.11588839953572647]
S_2 [0.25, 0.25, 0.3333333333333333, 0.25, 0.25, 0.3333333333333333, 0.25, 0, 0.25, 0.25]
Trust scores at iteration 3: [-0.14333828887291433, -0.833887763715135, -1.148345347441888, -0.39945948113105545, -0.796682020229554, -1.281101725437635, -0.6504587264567379, -0.7555523458530077, -0.2854401186408766, -0.963526044882836]
X.shape (10, 5)
s1 and s2 score at iteration 3
S_1 [-0.10599550864155308, 0.17190673336861023, -0.3356889282479486, 0.033658865166877425, -0.12592371610039002, 0.055030236207422305, -0.037528020749355545, -0.2527415581716071, 0.10860080962259998, 0.13445477762781705]
S_2 [0.5, 0.2, 0.5, 0.2, 0.5, 0.2, 0.5, 0.5, 0.2, 0.2]
Trust scores at iteration 4: [-0.8799627946167345, -0.11694388185756749, -2.0505420156016636, -0.30183111697088194, -1.2645969258454852, -0.6804924545079419, -0.9343816343871905, -1.612888617968628, -0.026848750807661248, -0.2906940544228326]
X.shape (10, 5)
s1 and s2 score at iteration 4
S_1 [-0.11623178541032114, 0.038483913700062315, 0.02288692077554623, 0.09301188589638928, -0.21611228863968174, 0.07627698441300879, 0.28016176306620133, -0.28972379247424873, 0.27451568400633486, 0.22534493938308298]
S_2 [0.3333333333333333, 0.25, 0.3333333333333333, 0.25, 0.5, 0.3333333333333333, 0.3333333333333333, 0.3333333333333333, 0.25, 0.25]
Trust scores at iteration 5: [-0.9807516487604232, -0.2397903455553125, -1.3177584374586195, -0.2349188056123323, -1.51799044007634, -0.5374493057334597, -0.30052415052692855, -1.656842835839056, 0.22649916198743658, 0.006822306884747775]
X.shape (10, 5)
s1 and s2 score at iteration 5
S_1 [0.12132087924551133, -0.03623901170677271, 0.1725534743980518, -0.02320004211150792, 0.14798674754747568, -0.1370614220683717, -0.06511033089699715, 0.046339603255257135, -0.39617577952901734, 0.09181140722686919]
S_2 [0.25, 0.5, 0.25, 0.5, 0.3333333333333333, 0.5, 0.3333333333333333, 0.25, 0, 0.25]
Trust scores at iteration 6: [-0.38883007988351, -0.724903234287839, -0.40887921872930977, -0.684685061960352, -0.6635143899252919, -1.1658810200349565, -0.6722625192537484, -0.9441453524363158, -1.034730142135781, 0.019448703677600515]
X.shape (10, 5)
s1 and s2 score at iteration 6
S_1 [0.18397452379327306, 0.01481522614064277, -0.12556522983690802, 0.08883776960790064, -0.13586438035111997, -0.05116850629291056, 0.01918988880364097, -0.14823414179148062, 0.045397498108148096, -0.1332570390430943]
S_2 [0.25, 0.5, 0.5, 0.25, 0.5, 0.5, 0.25, 0.5, 0.25, 0.5]
Trust scores at iteration 7: [0.05558496005824501, -0.8221872755514656, -1.0456967227082452, -0.35090211907910995, -1.2010050058818005, -1.222004618563309, -0.533977601587775, -1.3749386240002734, -0.6439852215862308, -0.8524373113511299]
X.shape (10, 5)
s1 and s2 score at iteration 7
S_1 [-0.31197753298957104, 0.09924136811896786, 0.13838056003968502, 0.0736224979533703, -0.037434436816955186, -0.33875896614375295, -0.14650142561132984, -0.00925073177246809, 0.13461490877776677, 0.16797596395036948]
S_2 [0.5, 0.2, 0.2, 0.2, 0.5, 0.5, 0.5, 0.2, 0.2, 0.2]
Trust scores at iteration 8: [-1.4008449441970856, -0.315690159251002, -0.31094252439589204, -0.15630512871125224, -1.2119304594669174, -2.1193577851991594, -1.2030673389549051, -0.9150051914048869, -0.12129567293377869, -0.12621865567556495]
X.shape (10, 5)
s1 and s2 score at iteration 8
S_1 [-0.18280961273800245, 0.057614363770606546, -0.20368791155385807, -0.08606565217382342, -0.00762570802848592, -0.10022982027155412, 0.05671649856937284, -0.08602455945726722, -0.10580040886725744, 0.1063617460664008]
S_2 [0.5, 0.3333333333333333, 0.5, 0.5, 0.3333333333333333, 0.3333333333333333, 0.3333333333333333, 0.3333333333333333, 0.3333333333333333, 0.3333333333333333]
Trust scores at iteration 9: [-2.059799172363861, -0.22033684678786178, -1.612995555879141, -0.9827418803306258, -0.9751465455910975, -1.8641864214419894, -0.6682462455040885, -1.1952320706878834, -0.8913423582918402, 0.10355733882888421]
X.shape (10, 5)
s1 and s2 score at iteration 9
S_1 [-0.08299808945522184, 0.03841100752395959, 0.20296106697338853, 0.013896373026928496, -0.0389759786449163, 0.08209056360709083, 0.11849507908013458, 0.2488299953568922, -0.2805719339439934, 0.2917883851303766]
S_2 [0.3333333333333333, 0.25, 0.3333333333333333, 0.3333333333333333, 0, 0.3333333333333333, 0.25, 0.25, 0.5, 0.25]
Trust scores at iteration 10: [-1.5054560059793407, -0.29434844994502746, -0.7920429926973449, -0.8008918571464337, -0.5543613641506948, -1.1247585672080063, -0.38107343825691137, -0.4212282693509426, -1.4264509980866715, 0.3017786694144421]
X.shape (10, 5)
s1 and s2 score at iteration 10
S_1 [-0.06838709105682249, -0.009206699542000263, -0.237181138368335, -0.051152857343564076, -0.004108715987454165, -0.16467948220865905, -0.10987877284485649, 0.006054285203747635, -0.06826906598477685, -0.15508409234563922]
S_2 [0.3333333333333333, 0.3333333333333333, 0.3333333333333333, 0.3333333333333333, 0.5, 0.3333333333333333, 0.3333333333333333, 0.5, 0.5, 0.3333333333333333]
Trust scores at iteration 11: [-6.733886699298183, -1.2408532665243224, -20.317227748314796, -4.958295915986555, -1.116503645000091, -14.495954153850859, -9.598332945029268, -0.2106141346754713, -6.8513036277808075, -12.990239396969862]
X.shape (10, 5)
s1 and s2 score at iteration 11
S_1 [-0.1751772127958285, 0.010487043294947287, -0.2895090908208345, -0.13777971543449857, -0.007627315548877572, 0.03295171394817506, 0.04074839379809004, 0.06730364773666248, 0.0736400456478331, -0.135559147080043]
S_2 [0, 0.3333333333333333, 0.5, 0.3333333333333333, 0.3333333333333333, 0.3333333333333333, 0.3333333333333333, 0.3333333333333333, 0.3333333333333333, 0.5]
Trust scores at iteration 12: [-4.5563587774556815, -0.8825552083509165, -12.624318052325254, -3.747975791787671, -0.9433729805269802, -7.357575391776026, -4.8558270156587815, 0.0183368264923075, -3.2589851472237372, -7.9155370195735415]
X.shape (10, 5)
s1 and s2 score at iteration 12
S_1 [0.13647962062344338, 0.3388153406721433, -0.6236707926467084, 0.04683938292845443, 0.24271863542144376, 0.3296933718456559, 0.2870745954886258, 0.3644533462241685, 0.3187049683358848, -0.14041300819981983]
S_2 [0.3333333333333333, 0.2, 0, 0.2, 0.2, 0.2, 0.2, 0.2, 0.2, 0.5]
Trust scores at iteration 13: [-2.4242739135313474, -0.17645083803054779, -7.167784031541368, -2.0097281169485703, -0.33869649588413814, -3.4264755203223816, -2.234070786308525, 0.30916841324615374, -1.3922555834212842, -4.650403602391263]
X.shape (10, 5)
s1 and s2 score at iteration 13
S_1 [-0.02446346652499546, 0.11889686334515377, -0.23753838291942975, -0.18219512326943837, -0.09046524354470835, 0.03905651128974814, 0.185316561125745, 0.18505552800787375, 0.2510243380626018, 0.15064764532318053]
S_2 [0.5, 0.25, 0.3333333333333333, 0.3333333333333333, 0.3333333333333333, 0.25, 0.25, 0.25, 0.25, 0.25]
Trust scores at iteration 14: [-1.7608642369844043, -0.10140204112531284, -4.390363501270345, -1.7011006956777028, -0.6828737575458714, -1.8854434881173223, -0.9979146884528527, 0.2731849754491729, -0.4461277917106421, -2.2751359858928715]
X.shape (10, 5)
s1 and s2 score at iteration 14
S_1 [0.348645242711139, 0.2171363631423848, 0.23291496530615785, -0.09961784746567073, 0.33665976530195274, -0.40519823569878394, -0.44192578959307205, 0.312976740463877, 0.3243880494207563, 0.19544039402098667]
S_2 [0.16666666666666666, 0.16666666666666666, 0.16666666666666666, 0.3333333333333333, 0.16666666666666666, 0.3333333333333333, 0.3333333333333333, 0.2, 0.16666666666666666, 0.16666666666666666]
Trust scores at iteration 15: [-0.6304321184922022, 0.010699131428356864, -2.111153149678277, -1.4934145479796899, -0.10862552204250203, -2.0238256658386873, -1.6327330787761993, 0.2854394847897175, -0.007851683438128254, -1.1072825192351055]
X.shape (10, 5)
s1 and s2 score at iteration 15
S_1 [0.07779930569517296, 0.005826598151978384, 0.057753604957802435, -0.1294925590070909, -0.08404899594996867, -0.15918083541433678, -0.19508256490525688, -0.26482287509134284, 0.022386506116695085, -0.06063936415896665]
S_2 [0.3333333333333333, 0.3333333333333333, 0.3333333333333333, 0.5, 0.3333333333333333, 0.5, 0.5, 0.5, 0.3333333333333333, 0.3333333333333333]
Trust scores at iteration 16: [-0.1485493925794344, -0.29053742989213394, -1.0177394687852104, -2.0789290904316156, -0.9278115572655437, -2.5349350436703393, -2.570121718577062, -2.059241944313187, -0.19338574381376847, -1.2766912081386805]
X.shape (10, 5)
s1 and s2 score at iteration 16
S_1 [-0.19937493915231502, 0.03012142549350442, -0.22000609043797031, -0.013678452971372913, -0.05223425314899157, -0.02439434945550586, -0.08895056830809712, -0.24966114887238713, -0.004063299361871183, -0.09623271624240443]
S_2 [0.5, 0.25, 0.5, 0.25, 0.5, 0.25, 0.5, 0.5, 0.25, 0.5]
Trust scores at iteration 17: [-3.8837950109127672, 0.10473128505393303, -4.66085643212399, -1.516519751721931, -1.8309672190060986, -1.9224010376936143, -3.2615940387570626, -5.673866219218784, -0.41414152839140916, -2.735758652518138]
X.shape (10, 5)
s1 and s2 score at iteration 17
S_1 [-0.11330853965565003, 0.02318711980240633, 0.16883090362086955, -0.18252305527710563, 0.13727869629205897, 0.1812072669446425, -0.09440143521701927, 0.22963177244614316, -0.2350087349170453, -0.013236461425797054]
S_2 [0.5, 0.3333333333333333, 0.3333333333333333, 0.5, 0.3333333333333333, 0.3333333333333333, 0, 0.3333333333333333, 0.5, 0.3333333333333333]
Trust scores at iteration 18: [-2.688615410493294, -0.2304800784968713, -2.296149302574243, -1.6556854005015373, -0.9499064418423276, -0.8999733237864878, -1.8363466134338569, -2.6702664429427254, -1.2187785570974103, -1.7300337179433356]
X.shape (10, 5)
s1 and s2 score at iteration 18
S_1 [0.12397904310633587, -0.08814723313727793, 0.13553982980089968, -0.2911434381456189, -0.17666373316152562, 0.0022541671897037263, 0.12829225164320426, 0.032677493683493965, -0.18486621794473382, -0.20105828329183667]
S_2 [0.3333333333333333, 0.3333333333333333, 0.25, 0.3333333333333333, 0, 0.25, 0.25, 0.25, 0.3333333333333333, 0.3333333333333333]
Trust scores at iteration 19: [-1.3869548987378368, -0.9404109992044913, -1.0230746512871216, -2.401857027158557, -1.1266573488554936, -0.8166711461034758, -0.819909278601878, -1.5895874980058124, -1.7913519835937528, -2.106711324676619]
X.shape (10, 5)
s1 and s2 score at iteration 19
S_1 [-0.02422469480609167, -0.20179027668427738, 0.13203825419015944, 0.13256357820601578, 0.05635024896020954, -0.03726619930347676, -0.2585467765126654, -0.10788751148000945, -0.10917297842883991, 0.1161839917174544]
S_2 [0.3333333333333333, 0.5, 0.25, 0.25, 0.25, 0.3333333333333333, 0.5, 0.3333333333333333, 0.25, 0.3333333333333333]
Trust scores at iteration 20: [-1.118180882747546, -1.7313130353790678, -0.26351872967235046, -0.9509285135792784, -0.6007882099849563, -0.8822286280212877, -1.8851349264189448, -1.5350545089343, -1.5574519105910087, -0.9484691117119101]
X.shape (10, 5)
s1 and s2 score at iteration 20
S_1 [0.13735077450816563, 0.19594315595656178, 0.03577388800288916, 0.07649939021284136, 0.055348537442234, -0.23135992058716923, -0.20613812946365717, -0.2201493979142217, -0.02304947256268743, -0.011831375517230921]
S_2 [0.25, 0.25, 0.25, 0.3333333333333333, 0.25, 0.3333333333333333, 0.3333333333333333, 0.3333333333333333, 0.3333333333333333, 0.3333333333333333]
Trust scores at iteration 21: [-0.583604164275596, -0.7406565176895339, -0.41547297152417867, -0.7802561367627261, -0.5341578950007801, -1.5314894140178597, -1.9685825936112598, -1.8292957858544523, -1.3375426882662573, -1.004425392222431]
X.shape (10, 5)
s1 and s2 score at iteration 21
S_1 [0.04416236735708041, -0.21696016893434897, -0.00963734202777485, 0.07340529341305532, -0.025597408278955142, 0.08707860684262184, 0.12584536993889703, -0.19228513433811634, -0.13867270286069425, -0.22293382161723388]
S_2 [0.3333333333333333, 0, 0.5, 0.25, 0.25, 0.25, 0.25, 0.3333333333333333, 0.3333333333333333, 0.5]
Trust scores at iteration 22: [-0.4496725940001348, -1.2323391895595475, -0.7460268973698194, -0.3484793035174013, -0.6187807752727734, -0.6697700919519676, -0.7342912968056299, -2.0119550396455033, -1.5530693372232152, -1.8879577248138095]
X.shape (10, 5)
s1 and s2 score at iteration 22
S_1 [0.22502584883991966, 0.08450597926062729, 0.31896012230484816, -0.5058222130939792, 0.11726457106294544, -0.36421188433402185, 0.3085669339676763, 0.3021182938724043, 0.2798609591692963, 0.0848369820153177]
S_2 [0.2, 0.2, 0.2, 0.5, 0.5, 0.5, 0.2, 0.2, 0.2, 0.5]
Trust scores at iteration 23: [-0.07208710814559083, -0.6836985218287479, -0.07301344868490972, -1.4671635593601287, -0.6255671400536229, -1.4058214403160951, -0.08343794892939688, -0.7323786703972225, -0.5378262853394544, -1.3109889114966242]
X.shape (10, 5)
s1 and s2 score at iteration 23
S_1 [0.14062228712238037, 0.17060175123799434, -0.0753179297048876, -0.0256289806539852, 0.25469035130560175, 0.3378956011119017, 0.13753643688196152, 0.29892567646295387, 0.0053464515101570515, 0.15430648587867032]
S_2 [0.5, 0.25, 0.25, 0.25, 0.25, 0.25, 0.25, 0.25, 0.25, 0.25]
Trust scores at iteration 24: [-0.32795814742701584, -0.33940183236454835, -0.39795820441062, -1.0215061867597197, -0.18590628830502998, -0.45291072015804756, -0.08819984543582829, -0.1738549640507046, -0.5110017471194985, -0.6771598971288759]
X.shape (10, 5)
s1 and s2 score at iteration 24
S_1 [0.16962195415737866, -0.38657976739803357, 0.09639820832917756, -0.11073224723507367, 0.18459304943717147, 0.14855634920521846, 0.051424863161055795, -0.45355487943168415, 0.1906522086531687, 0.1356575170511776]
S_2 [0.25, 0.5, 0.25, 0.3333333333333333, 0.25, 0.25, 0.5, 0.5, 0.25, 0.25]
Trust scores at iteration 25: [0.030867475287012863, -1.683535925304285, -0.1961674274542885, -1.134490214892002, 0.14115624734417637, -0.08685497135373588, -0.40923428563891484, -1.7764098453185664, -0.005500873559749264, -0.23280773378259018]
X.shape (10, 5)
s1 and s2 score at iteration 25
S_1 [-0.10052548548737757, -0.14521236555865136, -0.059290462477628286, -0.19073296601895365, -0.07176120019749382, 0.055299224942579, 0.020178336374318144, -0.1986157601446224, -0.05795686246153467, -0.10265931917888434]
S_2 [0.3333333333333333, 0.5, 0.25, 0.3333333333333333, 0.25, 0.5, 0.25, 0.3333333333333333, 0.5, 0.25]
Trust scores at iteration 26: [-1.2268226917346639, -2.654737228581596, -0.8841713581669501, -2.6251321412787973, -0.8282664150353569, -0.04342748567686794, -0.27217031471950937, -3.017365958377766, -1.0267800458902672, -1.294620485528198]
X.shape (10, 5)
s1 and s2 score at iteration 26
S_1 [-0.19624686021483537, 0.12156931238743877, 0.052594030916107926, -0.06012554299740702, 0.0966421140869358, 0.08090199573493471, -0.2661135691768699, -0.19375765448914378, 0.01803831726769746, 0.042325484485249004]
S_2 [0.25, 0.2, 0.2, 0.25, 0.2, 0.2, 0.25, 0.25, 0.2, 0.3333333333333333]
Trust scores at iteration 27: [-1.795551142748805, -1.1273686142907982, -0.5257727384110302, -1.9348552171214821, -0.3166557841900732, 0.011026461684158828, -1.6055783479141756, -2.6805849714928387, -0.7392005876614589, -0.973230601882531]
X.shape (10, 5)
s1 and s2 score at iteration 27
S_1 [0.34801028988106375, 0.19691049951627163, 0.22529635533828973, 0.31853858693084, 0.16429351967854952, 0.3206052689543942, 0.022886957935481417, 0.05798495650911595, -0.5035050715375265, -0.06835818160318384]
S_2 [0.2, 0.2, 0.2, 0.2, 0.25, 0.2, 0.25, 0.3333333333333333, 0, 0.3333333333333333]
Trust scores at iteration 28: [-0.6977755713744025, -0.580775288013281, -0.23919428036629264, -0.8097707573226585, -0.2972809640937143, 0.16613936500604973, -1.1449065859978305, -1.756983229964165, -1.0930057306492857, -1.0848281750872368]
X.shape (10, 5)
s1 and s2 score at iteration 28
S_1 [0.08512966291052308, 0.01998782523291797, -0.1915912376133385, -0.040649286085459035, 0.03191229539530211, 0.001197492187744424, -0.09089650198200942, -0.24657394376677377, -0.18551133718792434, -0.09548846432514124]
S_2 [0.3333333333333333, 0.5, 0.5, 0.3333333333333333, 0.3333333333333333, 0.5, 0.5, 0.5, 0.5, 0.5]
Trust scores at iteration 29: [-0.18222111902053456, -0.6729912832696874, -1.7448878500424911, -0.9769679604686294, -0.29454035033261916, -0.4098969747889048, -1.6063242075210815, -2.8267173880944423, -2.1360839281729067, -1.6032554033697246]
X.shape (10, 5)
s1 and s2 score at iteration 29
S_1 [-0.04617481876160052, -0.06784619935636949, 0.2754181441719499, 0.16318339085420416, -0.19081445444940512, 0.19508693950808653, 0.3134809475325164, 0.1499942631750653, -0.08895956504361838, -0.06801437585753077]
S_2 [0.3333333333333333, 0.3333333333333333, 0.3333333333333333, 0.3333333333333333, 0, 0.3333333333333333, 0.3333333333333333, 0.3333333333333333, 0.3333333333333333, 0.3333333333333333]
Trust scores at iteration 30: [-0.6647590844446429, -0.9447098726597324, -0.9331538400259181, -0.7282075708725022, -0.45161794486547535, -0.3937861328021517, -0.8031621037605408, -1.674118854504011, -1.7099318711826268, -1.4101101730964238]
X.shape (10, 5)
s1 and s2 score at iteration 30
S_1 [-0.16750333405266504, 0.16862423733160933, 0.2817050806849233, 0.1458951161565374, 0.1594894550483113, 0.078757023224508, 0.11458740863417659, -0.3307121891145385, 0.07449837240689162, -0.2152632461180996]
S_2 [0, 0.25, 0.25, 0.25, 0.25, 0.25, 0.25, 0.5, 0.25, 0]
Trust scores at iteration 31: [-0.6296821922941733, -0.4230627884537523, -0.21657692001295903, -0.3551536880474935, -0.19273020320973178, -0.30710676394422587, -0.4481991882028836, -1.9240424314464308, -0.972738337449029, -1.0871270846724908]
X.shape (10, 5)
s1 and s2 score at iteration 31
S_1 [-0.049236612599056685, 0.09805135071770699, -0.11131628571399024, 0.05726260760933434, -0.14831118095632828, -0.10954947459071987, -0.16606906568681307, -0.10399266207167474, 0.01988991785048078, 0.08684181891918746]
S_2 [0.3333333333333333, 0.3333333333333333, 0.5, 0.3333333333333333, 0.3333333333333333, 0, 0.5, 0.5, 0.3333333333333333, 0.3333333333333333]
Trust scores at iteration 32: [-0.8992500762647794, -0.044864727560209455, -1.175931255843497, -0.21890702191766526, -1.1859918458434757, -0.7121865562672653, -1.5709470086002553, -1.9923181535546632, -0.7182764752622328, -0.43405841254015237]
X.shape (10, 5)
s1 and s2 score at iteration 32
S_1 [0.09530436777102022, 0.056088347153640195, -0.1558487122725931, 0.19873362248856521, 0.10499721387074477, 0.29822420555130086, 0.14579172003501398, -0.21689592012996062, 0.1883113874612727, 0.2515654666797713]
S_2 [0.3333333333333333, 0.25, 0.3333333333333333, 0.3333333333333333, 0.25, 0.25, 0.25, 0.25, 0.25, 0.25]
Trust scores at iteration 33: [-0.7898385989417154, -0.30339514931262945, -1.349260166345431, -0.27625852076482094, -0.7919585458137234, -0.23109327813363267, -0.9160404279079857, -1.7348048105785236, -0.41841707221941216, -0.17025682495930303]
X.shape (10, 5)
s1 and s2 score at iteration 33
S_1 [0.006092225731146341, 0.04980849968821784, -0.22401990772872946, -0.12507649200754742, -0.18364508475305089, -0.25669106643664036, -0.09866663733606545, 0.07526142754109572, 0.051270673600692554, -0.04326684768730853]
S_2 [0.25, 0.3333333333333333, 0.3333333333333333, 0.5, 0.3333333333333333, 0.3333333333333333, 0.25, 0.25, 0.25, 0.3333333333333333]
Trust scores at iteration 34: [-0.6044455406664573, -0.15412767298908664, -2.4962417753400326, -1.4690761085487618, -1.9493604498236388, -2.154209480643113, -1.3635129448232655, -0.6174024052892618, -0.11859133500295893, -0.705905454369291]
X.shape (10, 5)
s1 and s2 score at iteration 34
S_1 [-0.3196240197237109, 0.10345300333589033, -0.07734358583324935, -0.1714631290492318, -0.13154215128251348, -0.00772806661956819, 0.012337505739243887, 0.04255554809468351, -0.1758659652992377, 0.10069280145039018]
S_2 [0.5, 0.3333333333333333, 0.5, 0.5, 0.5, 0.5, 0.5, 0.3333333333333333, 0.5, 0.3333333333333333]
Trust scores at iteration 35: [-2.3470016042833572, 0.08960283017212337, -2.1219311364751228, -2.0632386406291667, -2.110438235993545, -1.614455355433603, -1.122127919632036, -0.43635878601198924, -1.4092756566190383, -0.1996264266576565]
X.shape (10, 5)
s1 and s2 score at iteration 35
S_1 [0.2694582030920377, -0.03030047060912961, -0.37989730846257264, 0.23264098017835227, -0.0014279781064404516, 0.375340725541155, 0.28920991150341496, 0.32012386704104895, 0.31016190235108265, -0.024299528667232406]
S_2 [0.16666666666666666, 0.5, 0.5, 0.16666666666666666, 0.5, 0.16666666666666666, 0.16666666666666666, 0.16666666666666666, 0.16666666666666666, 0.3333333333333333]
Trust scores at iteration 36: [-0.9812160085004598, -0.4955625376470761, -2.067035496986764, -0.8883795948052645, -1.5571213604251444, -0.4738943443834681, -0.34246746181218324, 0.04159829509260429, -0.4581307021458174, -0.4655165068259542]
X.shape (10, 5)
s1 and s2 score at iteration 36
S_1 [0.146410818482122, 0.161598113150242, -0.20016202532236346, -0.2624128369492571, -0.145331491263469, 0.05712955550949718, -0.22654177774458864, 0.04593562164997685, 0.1476736888148616, 0.16495470463009465]
S_2 [0.25, 0.25, 0.3333333333333333, 0.3333333333333333, 0.3333333333333333, 0.3333333333333333, 0.3333333333333333, 0.3333333333333333, 0.25, 0.25]
Trust scores at iteration 37: [-0.4218170289929818, -0.13295555117389504, -2.140235895063436, -1.7395985659421809, -1.7190800688210086, -0.5637797695474498, -1.3579124717537714, -0.33996377596962324, -0.15644644518594158, -0.1077582534129771]
X.shape (10, 5)
s1 and s2 score at iteration 37
S_1 [-0.026974247936637066, 0.07478218106330384, -0.01384853609236011, -0.015743513989342026, -0.13667297693605754, -0.22380868578831267, 0.08724552759390553, -0.12860918683368922, 0.07612768802008332, -0.13985605523069303]
S_2 [0.3333333333333333, 0.3333333333333333, 0.3333333333333333, 0.3333333333333333, 0, 0.3333333333333333, 0.3333333333333333, 0.3333333333333333, 0.3333333333333333, 0.3333333333333333]
Trust scores at iteration 38: [-0.8654966560353434, -0.13790462619076177, -1.6494832541226743, -1.460024618432537, -1.6428064132455193, -2.0645268975846065, -0.6789562358768857, -1.4070350664142874, -0.14193903634546182, -1.3553875769829848]
X.shape (10, 5)
s1 and s2 score at iteration 38
S_1 [0.00031629475703500966, 0.1119398280449281, -0.18523147841891136, -0.011240667805144532, -0.02738856378673601, -0.12067545939910818, -0.09034362303960744, 0.014967993046160557, 0.05325835007578264, -0.2557646226154639]
S_2 [0.25, 0.25, 0.3333333333333333, 0.25, 0.25, 0.25, 0.25, 0.25, 0.25, 0.5]
Trust scores at iteration 39: [-0.6813355388319136, 0.18104768690461912, -1.9854457079384624, -1.0302208364289107, -1.1937393056908383, -1.8212827661646416, -0.9930146634982019, -0.8866602166131206, -0.08308122137095762, -2.320113904202276]
X.shape (10, 5)
s1 and s2 score at iteration 39
S_1 [-0.15169067558727192, -0.08050658651646897, -0.06819224049905273, -0.15666049183674902, -0.0498393607812415, -0.15253044064226437, -0.09148782573349824, -0.1569366108132081, -0.05633048065703845, -0.10392981738292527]
S_2 [0.25, 0.3333333333333333, 0.3333333333333333, 0.25, 0.3333333333333333, 0.25, 0.3333333333333333, 0.25, 0.3333333333333333, 0.3333333333333333]
Trust scores at iteration 40: [0.8061281887333012, 0.3981845483100048, -0.8086025178520907, 0.6815438865465396, -0.5968696528454192, 0.2445792924171295, -0.07868029404828475, 0.7560942859191756, 0.023579805929495774, -0.6174089751427105]
X.shape (10, 5)
s1 and s2 score at iteration 40
S_1 [0.08403780255259197, 0.15608225440410262, 0.16717836361301497, -0.06637053957766999, 0.1864264265164437, 0.29001623638521135, 0.158871028190847, -0.4865946418420827, 0.26067092272921216, 0.09829051151340158]
S_2 [0.25, 0.3333333333333333, 0.3333333333333333, 0.3333333333333333, 0.25, 0.25, 0.3333333333333333, 0.5, 0.25, 0.3333333333333333]
Trust scores at iteration 41: [0.2979487456538453, 0.13485121018825008, -0.4494121711688541, -0.10698694844417056, -0.22702794789742498, 0.37228964620856475, -0.0987732495100068, -0.9608621676139208, 0.2111973671437162, -0.47258090921846124]
X.shape (10, 5)
s1 and s2 score at iteration 41
S_1 [0.16866839794238528, 0.20698956548566755, -0.010325488876770872, 0.2143830226210802, 0.2182213527507631, -0.31168615020790613, -0.21458973992149266, 0.11552052334201852, 0.16124340942991428, -0.15703760470197092]
S_2 [0.3333333333333333, 0.3333333333333333, 0.3333333333333333, 0.3333333333333333, 0.3333333333333333, 0.5, 0.3333333333333333, 0.3333333333333333, 0.3333333333333333, 0.3333333333333333]
Trust scores at iteration 42: [0.20210275787324378, 0.2083574224357495, -0.5816977107086739, 0.1043786128095015, 0.0531526927179542, -1.0280065334861332, -0.8743990197761766, -0.5490778457167405, 0.1417145526134982, -0.9294364339610498]
X.shape (10, 5)
s1 and s2 score at iteration 42
S_1 [0.047623427151081, 0.2025186700216766, 0.022318004093566508, 0.16150380832503247, 0.07902102727795547, -0.12665367251519546, 0.05712891459004029, -0.15249523737667553, -0.08926839099744524, -0.29452321433327655]
S_2 [0.3333333333333333, 0.25, 0.25, 0.25, 0.3333333333333333, 0.3333333333333333, 0.25, 0.5, 0.5, 0]
Trust scores at iteration 43: [-0.11470408578345315, 0.35417871121787475, -0.48574775259877945, 0.20092737906675742, -0.11166132673350668, -1.160032887538783, -0.5461534656297355, -1.1510356610612065, -0.6495381839930109, -1.1918689885655651]
X.shape (10, 5)
s1 and s2 score at iteration 43
S_1 [0.08659596635927927, 0.027405263853494774, -0.04016045916627734, -0.06710084567191266, 0.029472639477338396, -0.18649134515069837, -0.2683134692517237, -0.19219775856973517, -0.03461058302157037, 0.007269623769366684]
S_2 [0.3333333333333333, 0.5, 0.3333333333333333, 0.5, 0.3333333333333333, 0.5, 0.5, 0.5, 0.5, 0.3333333333333333]
Trust scores at iteration 44: [0.10931462377494011, -0.16467426800031557, -0.8080913311150969, -0.7869726339641673, -0.21899071544666815, -2.1568064663956283, -2.3223028719315213, -2.185256347520662, -1.0246085561002607, -0.8872934489296673]
X.shape (10, 5)
s1 and s2 score at iteration 44
S_1 [0.006015783659579283, -0.14563807783233784, -0.17756373150430804, -0.2430188540198327, -0.15996281374282317, 0.03173796970072128, 0.08387385903181564, -0.12492067980062756, -0.009242985964238571, 0.026655109659989726]
S_2 [0.25, 0.3333333333333333, 0.3333333333333333, 0.5, 0.5, 0.25, 0.25, 0.3333333333333333, 0.25, 0.25]
Trust scores at iteration 45: [-0.15948059872603032, -1.2838675403756015, -1.7958955233121157, -2.3422026203993918, -1.5630869510357681, -1.1392026284618249, -0.9111514359657606, -2.170655272485106, -0.8174047948913339, -0.5347467408008013]
X.shape (10, 5)
s1 and s2 score at iteration 45
S_1 [-0.05724226736911972, 0.2699216039144956, -0.6092923491007833, -0.081125005820511, 0.387719405204912, 0.35045228110674786, 0.364033868270161, -0.0941500044705332, 0.36519420446965706, 0.30147268473537336]
S_2 [0.3333333333333333, 0.2, 0, 0, 0.2, 0.2, 0.2, 0.5, 0.2, 0.2]
Trust scores at iteration 46: [-0.48689282590756633, -0.49384491998975555, -1.6836865471300126, -1.27571950151467, -0.48154347551788407, -0.3176607144026271, -0.18612040650863654, -1.7067427668842272, -0.13775072522197496, -0.07859648602438746]
X.shape (10, 5)
s1 and s2 score at iteration 46
S_1 [-0.019399253570531863, -0.11639728639714801, -0.051230631417300616, -0.04424822033254596, -0.1767354361304361, -0.14206767465400358, -0.04254582146623972, -0.18203773135271792, -0.12225283809877811, -0.04393086700417624]
S_2 [0.3333333333333333, 0.3333333333333333, 0.3333333333333333, 0.5, 0.3333333333333333, 0.3333333333333333, 0.3333333333333333, 0.5, 0.3333333333333333, 0.5]
Trust scores at iteration 47: [-0.07677974628711648, 2.419789697441586, 0.14525129593400754, 0.002602179173838537, 3.981107207768375, 3.169515201838029, 0.6701904456658793, 3.338503246962211, 2.748758882635207, 0.592984162711621]
X.shape (10, 5)
s1 and s2 score at iteration 47
S_1 [0.18535839322700742, -0.2994470959288153, 0.2645740613254812, -0.4065515589590755, -0.09774944592218236, 0.1744129617523545, 0.22384511321509207, -0.0679565227738499, 0.11788771112925062, 0.13104111530083812]
S_2 [0.2, 0.5, 0.2, 0.5, 0.5, 0.2, 0.2, 0.5, 0.25, 0.2]
Trust scores at iteration 48: [0.11190598030932042, 0.1439907415142423, 0.37262564796700376, -1.2670122456703348, 1.3058237678744318, 1.7143684495384304, 0.5581244345660503, 1.0408253476145357, 1.3471671751919083, 0.34413751311949015]
X.shape (10, 5)
s1 and s2 score at iteration 48
S_1 [-0.1528167857985133, -0.14619780830944787, 0.12237525690055223, -0.11231341594387473, 0.04041595168363459, 0.10951578339879417, -0.21804373388686116, 0.13734482286217464, 0.11626097639116113, 0.10662845467041694]
S_2 [0.3333333333333333, 0.5, 0.3333333333333333, 0.5, 0.3333333333333333, 0.25, 0.5, 0.25, 0.25, 0.25]
Trust scores at iteration 49: [-0.83370559306401, -0.9602336760419604, 0.298483202950106, -1.5423799835433396, 0.4667116963657434, 1.0058733821635681, -1.0147199193238556, 0.7704126738072679, 0.8468284320988623, 0.31024667418470886]
X.shape (10, 5)
s1 and s2 score at iteration 49
S_1 [0.151385445461301, 0.21823096732354474, -0.40797939364601626, 0.0965981640014548, -0.15258215486682575, 0.1268096742375321, 0.09432650489409099, 0.23492661264984666, 0.045683964552576124, -0.1331992124438576]
S_2 [0.25, 0.25, 0.5, 0.5, 0.5, 0.25, 0.3333333333333333, 0.25, 0.25, 0.5]
Trust scores at iteration 50: [-0.3446554861597273, -0.26565058436411254, -1.2190708239335175, -1.0655977795657408, -0.5913884478033953, 0.5228287922941302, -0.6399359078907418, 0.6352063369036339, 0.27064450434517895, -0.6283677730493227]
X.shape (10, 5)
s1 and s2 score at iteration 50
S_1 [-0.1381252057261909, 0.14665537747003385, -0.24346388649989598, 0.02870718466348155, 0.1205976590015046, -0.355521334973115, 0.27036362201209363, 0.15982205998061993, 0.1312917651445057, 0.1916146951227066]
S_2 [0.3333333333333333, 0.25, 0.5, 0.25, 0.25, 0.5, 0.25, 0.25, 0.25, 0.25]
Trust scores at iteration 51: [-0.7611044764872136, -0.11160652321713646, -1.5597880840681215, -0.7297089355023395, -0.3226655891615732, -0.8960729764647951, -0.06996795394537092, 0.36317188955267377, 0.12812815218126905, -0.20981909865735077]
X.shape (10, 5)
s1 and s2 score at iteration 51
S_1 [0.0626350610518341, 0.07380244775149729, 0.017596325002692197, -0.164606379082266, -0.016953629967395467, 0.12140793132248565, 0.09120000941793455, -0.26206148463343987, -0.22141601654033113, 0.02560857333593953]
S_2 [0.25, 0.3333333333333333, 0.3333333333333333, 0.5, 0.3333333333333333, 0.25, 0.25, 0.5, 0.5, 0.25]
Trust scores at iteration 52: [-0.37259931717182826, -0.0851924994138175, -1.0407596015942269, -1.5427606691386062, -0.5644870604624349, -0.19803648823239756, 0.09060931592218996, -1.397674206429716, -1.3478039300950668, -0.24944455599180007]
X.shape (10, 5)
s1 and s2 score at iteration 52
S_1 [-0.1834437489676726, -0.24443956222133809, -0.09218838142197316, -0.012015295473701025, -0.044961230729321136, -0.07956272590906306, -0.032357081177805655, -0.08158765549522029, -0.04907254811803351, -0.12698551295633206]
S_2 [0.5, 0.5, 0.5, 0.5, 0.3333333333333333, 0.3333333333333333, 0.3333333333333333, 0.3333333333333333, 0.3333333333333333, 0.3333333333333333]
Trust scores at iteration 53: [6.9474597179185045, 9.629420025563444, 2.8159129322344754, -0.7713803345693031, 1.2554229311442806, 2.878541861800849, 1.058466766567935, 2.3629876631339446, 1.0348513163612791, 4.826271904139564]
X.shape (10, 5)
s1 and s2 score at iteration 53
S_1 [-0.17177381435153874, 0.2666198858185283, -0.11094947689311635, 0.2032452655354238, -0.19857258688196083, 0.28730923332561065, -0.1376391942031678, 0.07194029374124351, 0.21574404666670946, 0.00896982716457888]
S_2 [0.3333333333333333, 0.25, 0.5, 0.25, 0.3333333333333333, 0.25, 0.3333333333333333, 0.25, 0.25, 0.25]
Trust scores at iteration 54: [2.8414611026963232, 5.028704647991313, 0.7148727360733513, -0.2819854443579718, -0.051194797289908056, 1.6892709309004246, -0.04363139950887518, 1.0566904584009467, 0.6428818246418901, 2.1787460093254314]
X.shape (10, 5)
s1 and s2 score at iteration 54
S_1 [0.009062466317334553, 0.29755389091645035, 0.32597673128217985, 0.10250598843852492, 0.1520673352853811, 0.2712535634554702, -0.1104819450294712, 0.21055129041338919, 0.11867189830863643, -0.2807505761778044]
S_2 [0.5, 0.25, 0.25, 0.25, 0.25, 0.25, 0.5, 0.25, 0.3333333333333333, 0.5]
Trust scores at iteration 55: [0.9346310317316674, 2.7207558987938754, 0.6074363680366757, -0.23376372605503984, -0.04234864084674034, 1.0106982353119376, -0.6912786313491366, 0.6012997075542161, 0.170132685261085, 0.1587432246267071]
X.shape (10, 5)
s1 and s2 score at iteration 55
S_1 [0.3041296478536661, -0.1814026836885424, 0.4418709032949897, 0.048604556349510365, 0.3251980080203729, 0.5227057300239045, 0.31899155797586576, 0.36799914574228937, 0.5057265995349596, 0.29770403896746994]
S_2 [0.25, 0, 0.16666666666666666, 0.25, 0.16666666666666666, 0.16666666666666666, 0.25, 0.16666666666666666, 0.16666666666666666, 0.16666666666666666]
Trust scores at iteration 56: [0.2582341249269564, 1.186855187669946, 0.39306139497578735, -0.5703886321734335, -0.04343586963306198, 0.6720157843226355, -0.5405043806115095, 0.3193302105610229, 0.23549143252305707, 0.030810400144499595]
X.shape (10, 5)
s1 and s2 score at iteration 56
S_1 [-0.20848665296171812, 0.0644338281449964, 0.020940151853867224, -0.3176851768694692, 0.03725939640130012, -0.2600012750654811, 0.07334530813870647, 0.04279440773479685, -0.058969015099699734, -0.08080606289394866]
S_2 [0.5, 0.3333333333333333, 0.3333333333333333, 0.5, 0.5, 0.5, 0.3333333333333333, 0.5, 0.5, 0.3333333333333333]
Trust scores at iteration 57: [-1.7921507612904284, 0.6993440897009582, 0.005947816673393613, -2.9508759727012137, -0.26771807206568354, -1.9364386464351355, -0.10358552363908807, -0.048602479785281066, -0.7842501073034969, -0.8687886105334186]
X.shape (10, 5)
s1 and s2 score at iteration 57
S_1 [-0.18458302721239644, -0.04220321509386779, -0.14341205952936376, -0.03488928310164793, -0.12758514570458604, -0.19493841050396418, -0.00411233453416221, -0.11662554880851037, -0.08325489980989115, -0.02272360575997859]
S_2 [0.5, 0.3333333333333333, 0.3333333333333333, 0.3333333333333333, 0.3333333333333333, 0.3333333333333333, 0.3333333333333333, 0.5, 0.3333333333333333, 0.5]
Trust scores at iteration 58: [21.046533030589117, 5.147635149498412, 17.10645880294704, 2.4332574855863727, 15.045303591833449, 22.400119579080854, 0.11487390484712265, 13.65566732050441, 9.397125162367665, 1.8284652786518425]
X.shape (10, 5)
s1 and s2 score at iteration 58
S_1 [-0.07360492923279979, 0.19379016628540358, -0.20431519468154186, -0.07636886809842056, 0.1460879101194687, -0.0756103035480927, -0.1553573759811742, 0.04168255273527886, 0.15078956506319227, -0.21205650117541083]
S_2 [0.25, 0.25, 0.3333333333333333, 0.25, 0.25, 0.3333333333333333, 0.3333333333333333, 0.25, 0.25, 0.3333333333333333]
Trust scores at iteration 59: [9.958357680796738, 2.698817574749206, 7.52607366752199, 0.6445886412176796, 7.524574714452019, 10.504976868158499, -0.8434022102622593, 6.560379243019009, 4.7126162879676885, -0.13289651908324585]
X.shape (10, 5)
s1 and s2 score at iteration 59
S_1 [0.17380335144838893, -0.02978700878724491, 0.15186407458785586, -0.18042685554056448, -0.09058838925302642, 0.24057905648545694, -0.2597163100845092, -0.06112814786850476, -0.07732369220790897, 0.21902877180429003]
S_2 [0.25, 0.3333333333333333, 0.25, 0.5, 0.3333333333333333, 0.25, 0.5, 0, 0.3333333333333333, 0.25]
Trust scores at iteration 60: [5.090397630569523, 0.9541685507089641, 3.828658810184026, -0.5526902233002667, 3.2406824624018227, 5.5024884340792495, -1.4614744209771189, 3.1531458364820244, 1.8622715197292101, 0.13876337650852172]
X.shape (10, 5)
s1 and s2 score at iteration 60
S_1 [-0.3212054475896553, -0.00859358657823576, -0.002508187532957574, 0.01719369236635361, -0.1903982875766538, 0.0657031153442677, 0.06564963747219524, 0.06559088081742061, 0.01617254997067452, -0.30593471054081994]
S_2 [0.3333333333333333, 0.25, 0.3333333333333333, 0.3333333333333333, 0.3333333333333333, 0.25, 0.25, 0.25, 0.3333333333333333, 0.3333333333333333]
Trust scores at iteration 61: [-0.3991711807696112, 0.03668717406630462, 1.3952421249850095, -0.6455012979568022, -0.32858768624094004, 2.8762442170396247, -0.6061441765189544, 1.7007188147007233, 0.5542086909268116, -2.758778163358554]
X.shape (10, 5)
s1 and s2 score at iteration 61
S_1 [0.011908450540192992, 0.18621080731311188, 0.34696007408704244, -0.2020261808761634, -0.10681380857865858, 0.4158373540690455, 0.4125638483989597, 0.40656057546178537, 0.3663095569258219, 0.3027221206998173]
S_2 [0.3333333333333333, 0.16666666666666666, 0.16666666666666666, 0, 0, 0.16666666666666666, 0.16666666666666666, 0.16666666666666666, 0.16666666666666666, 0.16666666666666666]
Trust scores at iteration 62: [-0.6852669506285805, -0.007757807549363366, 0.8648034905403628, -0.5656655517634681, -0.2927260384649547, 1.6881221085198124, -0.057008129163515664, 1.089205071987647, 0.4675524597819189, -1.2653980672386247]
X.shape (10, 5)
s1 and s2 score at iteration 62
S_1 [-0.1902725870149863, -0.14151012798567503, 0.07200855500180231, -0.21431207965888194, -0.11563180273472905, 0.08799094861556266, 0.08799094861556268, 0.08799094861556268, -0.16325083721351064, -0.047260954417682986]
S_2 [0, 0.3333333333333333, 0.25, 0, 0, 0.25, 0.25, 0.25, 0.3333333333333333, 0.3333333333333333]
Trust scores at iteration 63: [-1.4238389288791664, -1.3079964307031648, 0.46658334937136947, -1.5006403062632012, -0.803429482056573, 0.9690610542599061, 0.09649593541824217, 0.6696025359938235, -1.1938807608681843, -1.4012548064645893]
X.shape (10, 5)
s1 and s2 score at iteration 63
S_1 [-0.051020823971430346, -0.08019114464026761, -0.07579939360745706, -0.07040042692719578, -0.13432977685589698, 0.07036227382058988, 0.07036227382058986, 0.07036227382058988, 0.04548311148822973, -0.2593015760372428]
S_2 [0.5, 0.5, 0.3333333333333333, 0.3333333333333333, 0.5, 0.3333333333333333, 0.3333333333333333, 0.3333333333333333, 0.3333333333333333, 0.5]
Trust scores at iteration 64: [-1.5744775598581844, -1.7238429651442018, -0.6386782709374303, -1.5839246055215976, -1.8562729834069494, 0.6511971937966197, 0.21491463437578767, 0.5014679346635784, -0.6070670504622939, -3.043245342914086]
X.shape (10, 5)
s1 and s2 score at iteration 64
S_1 [-0.2331363403312919, -0.08167181479981701, 0.05277961437450173, -0.3673752334568124, -0.1018599881542336, 0.13857946938940013, 0.13952179137484258, 0.14091053137280166, -0.1351782546818674, -0.028245711554844805]
S_2 [0.5, 0.5, 0.25, 0.5, 0.5, 0.25, 0.25, 0.25, 0, 0.25]
Trust scores at iteration 65: [-2.1144883050710135, -1.6517217338526138, -0.38205854735261224, -2.595538514835614, -1.7895714645258625, 0.5673271711904814, 0.3525295804728681, 0.5007339673317892, -0.7831933965158255, -1.871848365305703]
X.shape (10, 5)
s1 and s2 score at iteration 65
S_1 [0.012668737937920017, 0.21446969882627506, 0.031980435865923536, -0.2160157609779805, -0.05418986561300399, -0.010732042774579472, -0.004593620497947574, 0.018424390239789843, 0.07666673864807244, 0.027886857478358715]
S_2 [0.3333333333333333, 0.3333333333333333, 0.5, 0.5, 0.5, 0.3333333333333333, 0.3333333333333333, 0.3333333333333333, 0.5, 0.3333333333333333]
Trust scores at iteration 66: [-1.36104245596193, -0.6591942002596403, -0.616472270890033, -2.301373641067727, -1.5211202818742935, -0.07468969888576654, -0.1677777960195429, -0.040012985297971315, -0.7128611028156538, -1.2042440021169187]
X.shape (10, 5)
s1 and s2 score at iteration 66
S_1 [0.09090932942624735, -0.04813232077543717, 0.013057136419082904, 0.22043250391291455, 0.2207697721637224, 0.038346629230333, 0.03811981709553072, 0.037917618034410405, 0.1975199960054047, -0.44153308567264593]
S_2 [0.25, 0.3333333333333333, 0.25, 0.25, 0.25, 0.3333333333333333, 0.3333333333333333, 0.3333333333333333, 0.25, 0]
Trust scores at iteration 67: [-0.8496295233892033, -0.9386073153954824, -0.6536642962137839, -1.0264506666154676, -0.6355601409371467, -0.4504972958704331, -0.4975550291971943, -0.4341305648378839, -0.28408670974520045, -1.6021073734789326]
X.shape (10, 5)
s1 and s2 score at iteration 67
S_1 [0.005074731457413236, -0.1075436075740828, 0.3616985112452178, 0.2691097079640287, 0.029555333839265355, 0.22975645512101212, 0.22995798559416514, 0.23060131448725263, 0.06597426404804334, 0.19685866904691351]
S_2 [0.25, 0.25, 0.25, 0.25, 0.25, 0.25, 0.25, 0.25, 0.3333333333333333, 0.25]
Trust scores at iteration 68: [-0.7927996215991358, -0.9929683663301363, -0.20183214810689193, -0.5162170175455733, -0.6519237593138559, -0.28264096090046675, -0.30589123853612477, -0.27328968987729374, -0.550842725070567, -0.9039228057341933]
X.shape (10, 5)
s1 and s2 score at iteration 68
S_1 [-0.20932173634628626, 0.14616226605313343, 0.2290722624306883, -0.48875469649944125, 0.17634917252147841, 0.3317468692428197, 0.32864288170846134, 0.3236669174213598, -0.02850887165149564, -0.005469649685490414]
S_2 [0.5, 0.2, 0.2, 0.5, 0.2, 0.2, 0.2, 0.2, 0.2, 0.5]
Trust scores at iteration 69: [-1.2118839279881384, -0.4761923287359145, 0.044335507300620275, -1.4947465026971556, -0.2601731279439451, 0.1586795195497666, 0.14237613381819442, 0.15117726798754044, -0.5183891706664716, -0.9602051124429766]
X.shape (10, 5)
s1 and s2 score at iteration 69
S_1 [-0.12029787454962183, 0.1688086224664975, -0.07081258752357233, -0.44183181502859054, 0.05590041413598528, 0.2580529634762212, 0.2565342884089598, 0.25365210365714563, 0.061778253573777836, -0.10336496720111847]
S_2 [0.5, 0.25, 0.5, 0.5, 0.25, 0.25, 0.25, 0.25, 0.5, 0.5]
Trust scores at iteration 70: [-1.3390295304554147, -0.1610148160422429, -0.6150377768920615, -2.103460717031381, -0.27177466283556817, 0.3293397597748833, 0.31824550223786974, 0.317061586367981, -0.6394938604479924, -1.1803811459510793]
X.shape (10, 5)
s1 and s2 score at iteration 70
S_1 [-0.04608528890899834, -0.1785165697325506, -0.08050279473270809, 0.20225683187397736, 0.1456755773932528, 0.1947423052585592, 0.1960015948803054, 0.19825814124191068, -0.2463926928222355, -0.18506608074340924]
S_2 [0.25, 0.5, 0.5, 0.25, 0.5, 0.25, 0.25, 0.25, 0.5, 0.5]
Trust scores at iteration 71: [-1.033442409802189, -1.0218190019943256, -1.006530199922688, -0.8017303585156905, -0.2757620984565048, 0.39609318572637536, 0.39365915234772136, 0.3986456125574142, -1.4288553853978574, -1.547693241806822]
X.shape (10, 5)
s1 and s2 score at iteration 71
S_1 [0.2736713881255482, 0.30579490486974825, 0.3106542850496479, 0.3605701271923152, -0.3157801479029812, 0.3921158360517649, 0.3927051047268002, 0.3862041163848282, -0.17160049468702152, -0.22504251155504512]
S_2 [0.16666666666666666, 0.16666666666666666, 0.16666666666666666, 0.16666666666666666, 0, 0.16666666666666666, 0.16666666666666666, 0.16666666666666666, 0.5, 0.5]
Trust scores at iteration 72: [-0.3349439822071457, -0.2882319737775726, -0.27440051262793086, -0.10844674255775144, -0.5399386544160756, 0.5306296575242495, 0.530162909507194, 0.5243789511266824, -1.4329128774107516, -1.560375251224634]
X.shape (10, 5)
s1 and s2 score at iteration 72
S_1 [0.2818780975176398, 0.3682225903382268, -0.2913639939393693, 0.2968667615027043, 0.08868602816229766, 0.42871432226977785, 0.43290572308513625, 0.43881714516338427, -0.4340550865898684, 0.27304130283978306]
S_2 [0.16666666666666666, 0.16666666666666666, 0.5, 0.16666666666666666, 0.2, 0.16666666666666666, 0.16666666666666666, 0.16666666666666666, 0.5, 0.2]
Trust scores at iteration 73: [-0.012959209081323225, 0.10878002123603331, -0.9691881892727905, 0.11736789565476427, -0.3689180930666766, 0.5871367352916526, 0.5916791555536492, 0.5955228088966746, -1.711030421711734, -0.66907705729334]
X.shape (10, 5)
s1 and s2 score at iteration 73
S_1 [-0.30775219777927343, -0.07100594940395234, 0.0320121077771207, -0.0038543180385903148, -0.011413920631229047, 0.13724349870891533, 0.137224425429982, 0.13711347662263046, -0.06386375398763966, -0.10835061107094421]
S_2 [0.3333333333333333, 0.3333333333333333, 0.3333333333333333, 0.3333333333333333, 0.5, 0.2, 0.2, 0.2, 0.2, 0.2]
Trust scores at iteration 74: [-1.4610033792223174, -0.537629344537565, -0.7013022031748684, -0.28869128211616907, -0.7260417835613313, 0.5935683676458263, 0.5957700907733864, 0.5972877132079215, -1.288181073313551, -0.9292771213313002]
X.shape (10, 5)
s1 and s2 score at iteration 74
S_1 [0.05336623147249572, 0.40742325082357583, 0.2709590388712625, 0.2995099608423235, 0.009965581666003785, 0.1481779902827022, 0.14601493537577265, 0.14224638700318432, -0.13113958535850193, 0.2430910039839959]
S_2 [0.25, 0.25, 0.25, 0.25, 0.3333333333333333, 0.3333333333333333, 0.3333333333333333, 0.3333333333333333, 0, 0.25]
Trust scores at iteration 75: [-1.0400093160602877, -0.14381467226878247, -0.3931233944382485, -0.1517795286223235, -0.8507908807959476, -0.021368081685779083, -0.022921775185507476, -0.026787820754113678, -0.8050283146228255, -0.5413112026999406]
X.shape (10, 5)
s1 and s2 score at iteration 75
S_1 [0.38558967446735715, 0.13108744194828906, 0.32848096082901795, 0.4347901725702604, -0.716162110838535, 0.44739999669709246, 0.44936810030186286, 0.44061610260832873, 0.3997812620836585, 0.11391802472201351]
S_2 [0.14285714285714285, 0.25, 0.14285714285714285, 0.14285714285714285, 0, 0.14285714285714285, 0.14285714285714285, 0.14285714285714285, 0.14285714285714285, 0.3333333333333333]
Trust scores at iteration 76: [-0.3052549398849207, -0.3010498065720668, -0.04535533428756275, 0.19360404678353066, -1.2222500795651212, 0.27284038804416666, 0.27425339812153193, 0.26258225898266907, -0.1719738349746948, -0.6439020282264118]
X.shape (10, 5)
s1 and s2 score at iteration 76
S_1 [0.08240571984853594, 0.01855625961265485, -0.12821669051156545, 0.1465497232035949, 0.14770050257071132, 0.26639114992064683, 0.2619611897439771, 0.25397804937716956, 0.10502403883945984, -0.4365706074456436]
S_2 [0.2, 0.2, 0.5, 0.5, 0.25, 0.2, 0.2, 0.2, 0.5, 0.5]
Trust scores at iteration 77: [-0.197956941523849, -0.3156959316438028, -0.7633326035967358, -0.12813305187772192, -0.5839001721120155, 0.4364201940220833, 0.42881193301469167, 0.40799249410653493, -0.38886317882195887, -1.6413675142028112]
X.shape (10, 5)
s1 and s2 score at iteration 77
S_1 [-0.0010838556963870876, -0.0013023473790718294, -0.06302248068271764, 0.05923294752135561, -0.2136242183711499, 0.18271494412037134, 0.18397794766312806, 0.185933696728254, -0.3602317223850981, -0.1072673838617858]
S_2 [0.3333333333333333, 0.3333333333333333, 0.3333333333333333, 0.25, 0.5, 0.25, 0.25, 0.25, 0, 0.25]
Trust scores at iteration 78: [-0.4352264336526187, -0.4946834813900537, -0.8844753186459873, -0.15478139214214576, -1.3664135161123847, 0.45955445076584567, 0.45914670178142497, 0.45399624705326747, -1.1631417498709855, -1.359139765208853]
X.shape (10, 5)
s1 and s2 score at iteration 78
S_1 [-0.017769497230795097, -0.07305520674001917, 0.03537308825365245, -0.14836011901177223, 0.14382868104660493, 0.18457371764112046, 0.18251834788767016, 0.18206222777400388, -0.4140885772924718, -0.2240397406639208]
S_2 [0.25, 0.3333333333333333, 0.3333333333333333, 0.3333333333333333, 0.25, 0.25, 0.25, 0.25, 0.5, 0.5]
Trust scores at iteration 79: [-0.5157498027332628, -0.7785775914443704, -0.6797472515903568, -0.8126233921843203, -0.543582810278695, 0.47977722538292283, 0.47400546782556585, 0.4701946362825835, -2.2033139448172325, -1.786481157750157]
X.shape (10, 5)
s1 and s2 score at iteration 79
S_1 [0.2177982108742419, 0.06278609560857279, -0.07484179650402041, -0.4097440056486536, 0.1928218378907738, 0.23485673157124046, 0.241916120021763, 0.25126780449490954, 0.08170550245913889, -0.10148672153627834]
S_2 [0.2, 0.3333333333333333, 0.3333333333333333, 0, 0.2, 0.2, 0.2, 0.2, 0.3333333333333333, 0.3333333333333333]
Trust scores at iteration 80: [-0.12447633820400728, -0.7643501953814384, -0.9888019707028457, -1.2216648736954505, -0.18809354484566992, 0.4072320752638787, 0.41839373525506585, 0.4350973181412917, -1.439070479038762, -1.595189892955097]
X.shape (10, 5)
s1 and s2 score at iteration 80
S_1 [0.34370453257683403, 0.5582022740695767, 0.11610773432619707, -0.5276357381091826, 0.602860154075055, 0.5247555875427292, 0.5247555875427292, 0.5572112942532361, 0.5897696298585114, 0.4820499527093044]
S_2 [0.125, 0.125, 0.25, 0, 0.125, 0.125, 0.125, 0.125, 0.125, 0.125]
Trust scores at iteration 81: [-0.02717659200692546, -0.1692134387583879, -0.8981035824285704, -1.0484428300231654, 0.15595322757716504, 0.38883769226910925, 0.3944185222647028, 0.42968841941700997, -0.480392255137396, -0.6477924803078486]
X.shape (10, 5)
s1 and s2 score at iteration 81
S_1 [0.16077066534571927, 0.02291308017776152, 0.12859637327163753, -0.00224833407889325, -0.3449095695083113, -0.22008560057553195, 0.07214116638140038, 0.12245705372734281, -0.22889525854060425, 0.11549809021565853]
S_2 [0.25, 0.3333333333333333, 0.25, 0.25, 0.5, 0.5, 0.25, 0.25, 0.5, 0.25]
Trust scores at iteration 82: [0.23641170399653727, -0.3466799129087592, -0.2991144861247483, -0.7812137791784488, -1.4946990785294845, -0.9900517943963612, 0.1715697382948639, 0.3456881076422874, -1.4520649814059035, -0.2146948585856735]
X.shape (10, 5)
s1 and s2 score at iteration 82
S_1 [-0.11817995437869182, -0.06757823544738048, -0.01701985099756207, -0.1703538959876407, -0.14052749767744213, -0.09291383526352003, -0.0759655035757317, -0.06496401342446032, -0.1777828131046428, -0.023997089559275406]
S_2 [0.25, 0.25, 0.25, 0.3333333333333333, 0.3333333333333333, 0.25, 0.5, 0.3333333333333333, 0.3333333333333333, 0.3333333333333333]
Trust scores at iteration 83: [3.3400327908950884, 1.5619369844853621, 0.10044275693762586, 4.28062462350419, 3.047658136308857, 1.9845466259933864, 1.8174584480351974, 1.7479884572719275, 4.163441741379783, 0.2642927874569875]
X.shape (10, 5)
s1 and s2 score at iteration 83
S_1 [0.19320873397948088, 0.3282446406889123, 0.27194053537511687, -0.27941009776845244, 0.2611609295377864, 0.22767822701883603, 0.2569247268191053, -0.2114913150733556, -0.24996897096537335, -0.06508766079674155]
S_2 [0.16666666666666666, 0.16666666666666666, 0.16666666666666666, 0, 0.16666666666666666, 0.16666666666666666, 0.16666666666666666, 0.3333333333333333, 0.3333333333333333, 0.3333333333333333]
Trust scores at iteration 84: [1.714322394738163, 1.030968492242681, 0.2144559182991881, 1.7146997302609959, 1.6716435290237177, 1.0890851094375888, 1.0500908716592443, 0.05183921244212353, 1.2009546067826664, -0.4669986534840625]
X.shape (10, 5)
s1 and s2 score at iteration 84
S_1 [-0.03340480550196126, 0.12723227528605202, -0.09239558591066406, 0.08997298758732447, 0.10840733030648224, -0.2675790017149987, 0.01232670161774382, -0.1414432211418142, -0.18994610018808553, -0.015118001635415941]
S_2 [0.3333333333333333, 0.3333333333333333, 0.3333333333333333, 0.3333333333333333, 0.3333333333333333, 0.5, 0.3333333333333333, 0.3333333333333333, 0.3333333333333333, 0.3333333333333333]
Trust scores at iteration 85: [0.3925529755420135, 0.6821509127880072, -0.5892034391320168, 0.8775942202612012, 0.9285097770310371, -1.0069948838494063, 0.24015382685447595, -0.8632601930495196, -0.47931010286114006, -0.6262436923838989]
X.shape (10, 5)
s1 and s2 score at iteration 85
S_1 [-0.11462712634652633, 0.005237207320116449, -0.032029203614885385, 0.03189165502685329, -0.09701528276162605, -0.12518492888045063, -0.23107377066510443, 0.08770734492734432, -0.28498011041479704, 0.03524358070009592]
S_2 [0.5, 0.3333333333333333, 0.25, 0.25, 0.3333333333333333, 0.5, 0.5, 0.25, 0.5, 0.25]
Trust scores at iteration 86: [-0.9571871784788497, 0.03759827321807663, -0.7271930614964817, 0.3706043182570804, -0.4221409211816377, -1.7171487842618374, -1.6972230849738257, -0.1816300965247598, -2.364263062600393, -0.3622060578432583]
X.shape (10, 5)
s1 and s2 score at iteration 86
S_1 [-0.2778377098857985, -0.1663726888984124, 0.004430481190937425, 0.07226219231351914, 0.07767018516826786, 0.019419165891064134, -0.2068640248360756, -0.28857368206710904, 0.023832125659659746, 0.07162967578224115]
S_2 [0.3333333333333333, 0.5, 0.5, 0.25, 0.25, 0.25, 0.3333333333333333, 0.3333333333333333, 0.25, 0.25]
Trust scores at iteration 87: [-2.600500680211417, -1.5522211560423556, -0.8350754117285099, 0.4004883316409874, 0.038929539409181146, -0.9835639660002634, -2.5136271963137338, -2.2818347089936153, -1.2787127798962385, 0.03001133321784366]
X.shape (10, 5)
s1 and s2 score at iteration 87
S_1 [-0.013322407174206815, 0.07978521910919485, 0.06058094750801805, 0.14328676669951018, -0.1301858778801346, -0.07465505339802453, -0.16385591656997545, -0.11658590524571125, -0.20660122274624199, -0.008979526737762157]
S_2 [0.3333333333333333, 0.25, 0.25, 0.3333333333333333, 0.25, 0.25, 0.25, 0.25, 0.25, 0.25]
Trust scores at iteration 88: [-1.846738956888253, -0.8726995951126368, -0.5811401396289037, 0.2002441658204937, -0.809819603091504, -1.1272912230285053, -2.2035897654340633, -1.922744544233757, -1.7352925500176322, -0.39132844380684784]
X.shape (10, 5)
s1 and s2 score at iteration 88
S_1 [-0.06574365006607365, 0.13771769164935138, 0.1541255504168304, -0.07587788000879059, -0.025393261361890948, -0.14186557068199726, 0.1209568032035727, -0.13533796369101522, -0.2199299636086736, -0.060233737740470444]
S_2 [0.3333333333333333, 0.3333333333333333, 0.3333333333333333, 0.5, 0.3333333333333333, 0.3333333333333333, 0.3333333333333333, 0.3333333333333333, 0.3333333333333333, 0.3333333333333333]
Trust scores at iteration 89: [-1.4699823422909628, -0.32291200411379983, -0.12390340314778514, -0.6460339885638855, -0.8206216285591248, -1.3572062410302235, -1.0427312290600614, -1.7337566366549524, -1.9144562610252251, -0.7244023326327476]
X.shape (10, 5)
s1 and s2 score at iteration 89
S_1 [-0.04326143392030944, -0.13712830685070818, 0.004954280920225719, -0.04758881205758506, -0.19724661908448254, -0.12907475416809058, -0.03698216486200496, -0.01605933750960442, -0.18974998848020763, -0.1709178502804243]
S_2 [0.5, 0, 0.25, 0.25, 0.3333333333333333, 0.3333333333333333, 0.25, 0.25, 0.3333333333333333, 0]
Trust scores at iteration 90: [-5.60105706616728, -14.000831388592365, 0.18804829842610743, -5.3758140927776115, -20.650329119717377, -14.038524595141197, -4.503709970602601, -2.737631942132155, -20.440665337201047, -17.61171255177867]
X.shape (10, 5)
s1 and s2 score at iteration 90
S_1 [0.0390420889901805, -0.15688068228139537, 0.1248419812908097, 0.12359758156077302, -0.01464677559005561, 0.23913338014412114, 0.2134073218889578, 0.2625665441873164, -0.1602551710287449, 0.23309101825389142]
S_2 [0.3333333333333333, 0.5, 0.25, 0.25, 0.25, 0.25, 0.3333333333333333, 0.25, 0.5, 0.3333333333333333]
Trust scores at iteration 91: [-3.0595148297238146, -7.799160309241254, 0.08175813332975587, -2.7025427467532097, -10.60305610947593, -6.813885583670746, -2.178801201514503, -1.1188159710660774, -11.025503252165842, -8.695319239188771]
X.shape (10, 5)
s1 and s2 score at iteration 91
S_1 [0.3814628418905715, -0.16821968201128593, 0.38201203671614004, 0.2999453402078701, 0.04307492804723403, 0.43542847610215357, 0.3566731372958036, 0.2744593288888054, -0.6642032921977482, 0.3937847964740705]
S_2 [0.16666666666666666, 0.5, 0.16666666666666666, 0.16666666666666666, 0.25, 0.16666666666666666, 0.16666666666666666, 0.16666666666666666, 0, 0.16666666666666666]
Trust scores at iteration 92: [-1.2583925070834079, -4.592745842263689, 0.3128746116842911, -1.1735125411727043, -5.502065364065055, -3.0736094585020397, -0.8465015673476943, -0.41091459268120945, -6.275452423862076, -4.06214548265453]
X.shape (10, 5)
s1 and s2 score at iteration 92
S_1 [-0.22816778376048552, 0.133287181440985, 0.13347647518974173, -0.2313168229447452, 0.11125649344095281, -0.20937293270471274, -0.23066126597795641, 0.025770560319508196, 0.039475251505623095, 0.04824445845531514]
S_2 [0.3333333333333333, 0.2, 0.2, 0.3333333333333333, 0.25, 0.3333333333333333, 0.3333333333333333, 0.2, 0.2, 0.2]
Trust scores at iteration 93: [-1.9839078551034646, -2.0970820114359134, 0.3564373058421455, -1.953264105078984, -2.709268254882359, -2.821111223736589, -1.787302915894386, -0.4089213326703236, -3.289852770376983, -2.150350039492601]
X.shape (10, 5)
s1 and s2 score at iteration 93
S_1 [-0.14704977221018936, -0.15662888848906917, -0.025075500262187227, 0.06542034825145779, -0.16306201379815133, 0.05720209963678978, 0.0994130911764545, -0.09061968655779677, -0.19730472408381003, -0.038409971844869106]
S_2 [0.3333333333333333, 0.25, 0.25, 0.25, 0.25, 0.25, 0.25, 0.25, 0.25, 0.3333333333333333]
Trust scores at iteration 94: [-2.2315435050912815, -2.2113089276059243, -0.32289904428280536, -1.022599188370028, -2.5497575732996447, -1.4978565826968837, -0.768651457947193, -1.0352340734659704, -3.0122741823895742, -1.7683586909827822]
X.shape (10, 5)
s1 and s2 score at iteration 94
S_1 [0.10732818650762695, 0.08591496648568116, -0.09039791144254265, 0.2192846526437424, -0.2992085347434318, 0.1255319403997622, 0.07261858214582556, 0.2391471390400174, -0.4649316198904157, 0.15475739038251998]
S_2 [0.2, 0.3333333333333333, 0.3333333333333333, 0.2, 0.5, 0.2, 0.2, 0.2, 0.5, 0.3333333333333333]
Trust scores at iteration 95: [-1.0913739467879324, -1.2593599604192007, -0.6837834678287396, -0.25282734667247186, -2.400452933061342, -0.6864707497201549, -0.4324974812317868, -0.21761703673298521, -2.9781989393037396, -0.8939516464750465]
X.shape (10, 5)
s1 and s2 score at iteration 95
S_1 [-0.09308789012077869, -0.1388194571141325, 0.058276856969774186, -0.07112557312465874, 0.01110136016283525, 0.10475121441355345, 0.018418019703700612, -0.31897361527443896, 0.17535816938785886, 0.1939075915147995]
S_2 [0.3333333333333333, 0.3333333333333333, 0.3333333333333333, 0.3333333333333333, 0.25, 0.25, 0.25, 0.3333333333333333, 0.25, 0.25]
Trust scores at iteration 96: [-1.2857185507901354, -1.4876325905991155, -0.6916220706316758, -0.8098143658233845, -1.5466010783338713, -0.4481293578773473, -0.5437569958115264, -1.431297242976571, -1.4119300418899994, -0.3219758232375233]
X.shape (10, 5)
s1 and s2 score at iteration 96
S_1 [0.05110053668322259, 0.09450723921417414, 0.16946427794201824, 0.12064249781376181, -0.11676982736630606, 0.1596589122514417, -0.1978360502041604, -0.22111375240354628, -0.04409100571934633, -0.09142079072992365]
S_2 [0.3333333333333333, 0.3333333333333333, 0.3333333333333333, 0.3333333333333333, 0.3333333333333333, 0.3333333333333333, 0.3333333333333333, 0.3333333333333333, 0.3333333333333333, 0.5]
Trust scores at iteration 97: [-0.8254217875742622, -0.7983084464030008, -0.17914436864917122, -0.38228792470523415, -1.4511602493401672, -0.08632849192722797, -1.1889220166737209, -1.7013724027931958, -1.1693877343376278, -0.9307226068599705]
X.shape (10, 5)
s1 and s2 score at iteration 97
S_1 [-0.008507949439272753, 0.07736935568786929, -0.004759521688701529, -0.1980867820183547, -0.1477034928337815, -0.10167901769792541, 0.10226309340661291, -0.25407605123307087, 0.09592294911419255, -0.14052815305860702]
S_2 [0.3333333333333333, 0.3333333333333333, 0.3333333333333333, 0.5, 0.5, 0.3333333333333333, 0.3333333333333333, 0.5, 0.3333333333333333, 0.3333333333333333]
Trust scores at iteration 98: [-0.7876425650733557, -0.35420173947942013, -0.44617648243196983, -1.659659462029186, -1.9477541168379666, -0.8736418290490787, -0.42779434167019376, -2.5929528039861927, -0.4490263815420314, -1.4857858853130113]
X.shape (10, 5)
s1 and s2 score at iteration 98
S_1 [0.11862008201941417, 0.2188521526368727, 0.35397343478093524, 0.3938895772634553, -0.12334208723319035, 0.13649349666387145, 0.07486622483864165, -0.48558648582093966, 0.39165304053701316, 0.20876364753300633]
S_2 [0.2, 0.2, 0.25, 0.2, 0.3333333333333333, 0.2, 0.3333333333333333, 0.3333333333333333, 0.2, 0.2]
Trust scores at iteration 99: [-0.5432459831805407, -0.1992918526068549, -0.14875744495556742, -0.629829731014593, -1.6304464300816057, -0.5635572582326429, -0.6188626368436492, -2.4128756593618084, -0.027352231019275725, -0.7778901860674762]
X.shape (10, 5)
s1 and s2 score at iteration 99
S_1 [-0.04503472804787388, -0.05823063377744976, -0.14159519523346198, -0.04265742828526306, -0.044721882759423535, -0.14974685416563924, -0.20142157520369752, -0.17428200485219117, -0.006486254522133423, -0.062006189990614434]
S_2 [0.25, 0.25, 0.25, 0.25, 0.25, 0.25, 0.3333333333333333, 0.25, 0.25, 0.25]
Trust scores at iteration 100: [2.824928108832883, 4.014125951114117, 10.46564124399813, 2.5983794914055136, 2.25721186531385, 10.886620851635579, 14.717370360141281, 11.853280485602482, 0.11132388449036214, 4.015869650515649]
