Matplotlib created a temporary config/cache directory at /tmp/matplotlib-bi4idiuu because the default path (/users/raysuan/.config/matplotlib) is not a writable directory; it is highly recommended to set the MPLCONFIGDIR environment variable to a writable directory, in particular to speed up the import of Matplotlib and to better support multiprocessing.
Loaded dataset for Tower 2 without noise: 552960 chunks
Loaded dataset for Tower 3 without noise: 535674 chunks
Loaded dataset for Tower 4 without noise: 552958 chunks
Loaded dataset for Tower 5 without noise: 518399 chunks
Loaded dataset for Tower 6 without noise: 518400 chunks
Loaded dataset for Tower 7 with same noise: 518398 chunks
Loaded dataset for Tower 8 with same noise: 518398 chunks
Loaded dataset for Tower 9 with same noise: 518399 chunks
Loaded dataset for Tower 10 with random noise: 518399 chunks
Loaded dataset for Tower 11 with random noise: 518396 chunks
W, alpha, th 0.5 0.85 0.3
X.shape (10, 5)
s1 and s2 score at iteration 0
S_1 [-0.23644800833044707, 0.09262767953290613, 0.13136304836337995, 0.35664460235735335, -0.21665800316667794, 0.31109870123151484, 0.09983120307296116, 0.28183199340158643, 0.22131183124501463, 0.30940559292329084]
S_2 [0.5, 0.3333333333333333, 0.5, 0.2, 0, 0.2, 0.25, 0.2, 0.2, 0.2]
Trust scores at iteration 1: [-0.24944690320598037, -0.06104202380157108, -0.09475044028631233, 0.09000000000000001, -0.09112348893041261, 0.07084399673030713, -0.033012317130374697, 0.05853480672582606, 0.033080827432485437, 0.07013189778206866]
X.shape (10, 5)
s1 and s2 score at iteration 1
S_1 [0.056546777769167694, -0.07207536617053481, -0.114551609551739, -0.030524557339044515, -0.13246235988832408, -0.13426905304243741, -0.09462351316748255, -0.016402226113766922, -0.04252486759366132, -0.14449597092374805]
S_2 [0.3333333333333333, 0.3333333333333333, 0.3333333333333333, 0.3333333333333333, 0.5, 0.3333333333333333, 0.5, 0.3333333333333333, 0.5, 0.3333333333333333]
Trust scores at iteration 2: [-0.1620298677250833, -0.343077957032406, -0.48440561190479936, -0.10447160937352684, -0.5788340320401939, -0.39595423184325973, -0.4290655229886629, -0.09375512454644228, -0.23468578158315606, -0.4236881648788048]
X.shape (10, 5)
s1 and s2 score at iteration 2
S_1 [0.26038753273556314, 0.05650805022177179, 0.07582527116225439, 0.14778155923535374, 0.35811319726935453, -0.05837312607891801, 0.30731310362760555, -0.413131090649817, 0.36550666763249656, 0.11588839953572647]
S_2 [0.25, 0.25, 0.3333333333333333, 0.25, 0.25, 0.3333333333333333, 0.25, 0, 0.25, 0.25]
Trust scores at iteration 3: [-0.14336514842670003, -0.38092596824115754, -0.5306268954493509, -0.14065290762005103, -0.4575431278457563, -0.5105167993486277, -0.3510877064808689, -0.2492364061701376, -0.16198291434568265, -0.4250755890605705]
X.shape (10, 5)
s1 and s2 score at iteration 3
S_1 [-0.10599550864155308, 0.17190673336861023, -0.3356889282479486, 0.033658865166877425, -0.12592371610039002, 0.055030236207422305, -0.037528020749355545, -0.2527415581716071, 0.10860080962259998, 0.13445477762781705]
S_2 [0.5, 0.2, 0.5, 0.2, 0.5, 0.2, 0.5, 0.5, 0.2, 0.2]
Trust scores at iteration 4: [-0.36434847121677827, -0.23378707300498386, -0.8939436636961642, -0.15018538439864965, -0.6487884333881053, -0.4459217569830709, -0.4811702318563851, -0.5823846787572542, -0.10292408463999714, -0.3039935602959093]
X.shape (10, 5)
s1 and s2 score at iteration 4
S_1 [-0.11623178541032114, 0.038483913700062315, 0.02288692077554623, 0.09301188589638928, -0.21611228863968174, 0.07627698441300879, 0.28016176306620133, -0.28972379247424873, 0.27451568400633486, 0.22534493938308298]
S_2 [0.3333333333333333, 0.25, 0.3333333333333333, 0.25, 0.5, 0.3333333333333333, 0.3333333333333333, 0.3333333333333333, 0.25, 0.25]
Trust scores at iteration 5: [-0.47192727596987827, -0.2531145334421949, -0.8475983430390759, -0.1528585508769196, -0.8171777615259688, -0.43819441697945694, -0.3589946970779273, -0.7501465350000887, -0.015508410726617392, -0.21274372602267363]
X.shape (10, 5)
s1 and s2 score at iteration 5
S_1 [0.12132087924551133, -0.03623901170677271, 0.1725534743980518, -0.02320004211150792, 0.14798674754747568, -0.1370614220683717, -0.06511033089699715, 0.046339603255257135, -0.39617577952901734, 0.09181140722686919]
S_2 [0.25, 0.5, 0.25, 0.5, 0.3333333333333333, 0.5, 0.3333333333333333, 0.25, 0, 0.25]
Trust scores at iteration 6: [-0.37067446122538605, -0.39664977187892053, -0.6454585915832145, -0.30009746599163745, -0.66595684826321, -0.6416121645830064, -0.46174562571332345, -0.6723417351051116, -0.3575760660564747, -0.1760209020487046]
X.shape (10, 5)
s1 and s2 score at iteration 6
S_1 [0.18397452379327306, 0.01481522614064277, -0.12556522983690802, 0.08883776960790064, -0.13586438035111997, -0.05116850629291056, 0.01918988880364097, -0.14823414179148062, 0.045397498108148096, -0.1332570390430943]
S_2 [0.25, 0.5, 0.5, 0.25, 0.5, 0.5, 0.25, 0.5, 0.25, 0.5]
Trust scores at iteration 7: [-0.24007329204157812, -0.47507300361934635, -0.8010169368488094, -0.25765072252257204, -0.8268376642994748, -0.7370895724593047, -0.45183768444459516, -0.8423502591739795, -0.3419257013035056, -0.408266265698378]
X.shape (10, 5)
s1 and s2 score at iteration 7
S_1 [-0.31197753298957104, 0.09924136811896786, 0.13838056003968502, 0.0736224979533703, -0.037434436816955186, -0.33875896614375295, -0.14650142561132984, -0.00925073177246809, 0.13461490877776677, 0.16797596395036948]
S_2 [0.5, 0.2, 0.2, 0.2, 0.5, 0.5, 0.5, 0.2, 0.2, 0.2]
Trust scores at iteration 8: [-0.6326535255032039, -0.3751910095190252, -0.6172926452340188, -0.2132593348956954, -0.8862404016123587, -1.0790327793656607, -0.6648855932262112, -0.7842584841193077, -0.2304277647501787, -0.25702632584362123]
X.shape (10, 5)
s1 and s2 score at iteration 8
S_1 [-0.18280961273800245, 0.057614363770606546, -0.20368791155385807, -0.08606565217382342, -0.00762570802848592, -0.10022982027155412, 0.05671649856937284, -0.08602455945726722, -0.10580040886725744, 0.1063617460664008]
S_2 [0.5, 0.3333333333333333, 0.5, 0.5, 0.3333333333333333, 0.3333333333333333, 0.3333333333333333, 0.3333333333333333, 0.3333333333333333, 0.3333333333333333]
Trust scores at iteration 9: [-0.9455685067573187, -0.33765988823987964, -0.9619560365532744, -0.452647229453841, -0.8640587361277966, -1.1585301211135346, -0.5851665270502703, -0.8879385539970436, -0.4450719565851372, -0.168472376967078]
X.shape (10, 5)
s1 and s2 score at iteration 9
S_1 [-0.08299808945522184, 0.03841100752395959, 0.20296106697338853, 0.013896373026928496, -0.0389759786449163, 0.08209056360709083, 0.11849507908013458, 0.2488299953568922, -0.2805719339439934, 0.2917883851303766]
S_2 [0.3333333333333333, 0.25, 0.3333333333333333, 0.3333333333333333, 0, 0.3333333333333333, 0.25, 0.25, 0.5, 0.25]
Trust scores at iteration 10: [-0.9464001566829441, -0.3422649129692267, -0.8133261954976155, -0.4776064201301011, -0.754486353115171, -1.0425502098926078, -0.5114766426441899, -0.7018314410995873, -0.6725451087795921, -0.0682015204220163]
X.shape (10, 5)
s1 and s2 score at iteration 10
S_1 [-0.06838709105682249, -0.009206699542000263, -0.237181138368335, -0.051152857343564076, -0.004108715987454165, -0.16467948220865905, -0.10987877284485649, 0.006054285203747635, -0.06826906598477685, -0.15508409234563922]
S_2 [0.3333333333333333, 0.3333333333333333, 0.3333333333333333, 0.3333333333333333, 0.5, 0.3333333333333333, 0.3333333333333333, 0.5, 0.5, 0.3333333333333333]
Trust scores at iteration 11: [-2.5987877420730565, -0.6190288884893853, -6.667689141762811, -1.7733204533345874, -0.8931102890253184, -5.066240139482773, -3.257094014017805, -0.5965567249346492, -2.413086781083895, -4.000309911861839]
X.shape (10, 5)
s1 and s2 score at iteration 11
S_1 [-0.1751772127958285, 0.010487043294947287, -0.2895090908208345, -0.13777971543449857, -0.007627315548877572, 0.03295171394817506, 0.04074839379809004, 0.06730364773666248, 0.0736400456478331, -0.135559147080043]
S_2 [0, 0.3333333333333333, 0.5, 0.3333333333333333, 0.3333333333333333, 0.3333333333333333, 0.3333333333333333, 0.3333333333333333, 0.3333333333333333, 0.5]
Trust scores at iteration 12: [-2.5657942091040753, -0.6048131277426041, -6.407247023948746, -1.8879707354727175, -0.874680093079601, -4.339183613015536, -2.7855280748583784, -0.4699800480454388, -2.001123763921311, -3.826388621409146]
X.shape (10, 5)
s1 and s2 score at iteration 12
S_1 [0.13647962062344338, 0.3388153406721433, -0.6236707926467084, 0.04683938292845443, 0.24271863542144376, 0.3296933718456559, 0.2870745954886258, 0.3644533462241685, 0.3187049683358848, -0.14041300819981983]
S_2 [0.3333333333333333, 0.2, 0, 0.2, 0.2, 0.2, 0.2, 0.2, 0.2, 0.5]
Trust scores at iteration 13: [-2.2247534351795157, -0.4346431287377403, -5.702847471970056, -1.6454971914682304, -0.7035810808038553, -3.612612418393516, -2.3095460471733618, -0.30948304083862294, -1.629784102275939, -3.460220855979122]
X.shape (10, 5)
s1 and s2 score at iteration 13
S_1 [-0.02446346652499546, 0.11889686334515377, -0.23753838291942975, -0.18219512326943837, -0.09046524354470835, 0.03905651128974814, 0.185316561125745, 0.18505552800787375, 0.2510243380626018, 0.15064764532318053]
S_2 [0.5, 0.25, 0.3333333333333333, 0.3333333333333333, 0.3333333333333333, 0.25, 0.25, 0.25, 0.25, 0.25]
Trust scores at iteration 14: [-2.0556586039682077, -0.37339964606009096, -5.089361796824446, -1.6075436039090212, -0.7521015715644177, -3.1223822740213283, -1.9273779286869346, -0.22748035406500067, -1.310316486934548, -2.926167982991425]
X.shape (10, 5)
s1 and s2 score at iteration 14
S_1 [0.348645242711139, 0.2171363631423848, 0.23291496530615785, -0.09961784746567073, 0.33665976530195274, -0.40519823569878394, -0.44192578959307205, 0.312976740463877, 0.3243880494207563, 0.19544039402098667]
S_2 [0.16666666666666666, 0.16666666666666666, 0.16666666666666666, 0.3333333333333333, 0.16666666666666666, 0.3333333333333333, 0.3333333333333333, 0.2, 0.16666666666666666, 0.16666666666666666]
Trust scores at iteration 15: [-1.6723098133729766, -0.2989696535537733, -4.300748947013711, -1.5592713233649196, -0.5694429288106249, -2.978356109452137, -1.9784039597488263, -0.14870420183571126, -1.049205350169208, -2.4781571434293124]
X.shape (10, 5)
s1 and s2 score at iteration 15
S_1 [0.07779930569517296, 0.005826598151978384, 0.057753604957802435, -0.1294925590070909, -0.08404899594996867, -0.15918083541433678, -0.19508256490525688, -0.26482287509134284, 0.022386506116695085, -0.06063936415896665]
S_2 [0.3333333333333333, 0.3333333333333333, 0.3333333333333333, 0.5, 0.3333333333333333, 0.5, 0.5, 0.5, 0.3333333333333333, 0.3333333333333333]
Trust scores at iteration 16: [-1.37146334136703, -0.342890304202601, -3.6442854731454757, -1.7250471697927128, -0.746076128362319, -2.9885093562596152, -2.2077699195431912, -0.7869870775727683, -0.9486625182722381, -2.3233485564712537]
X.shape (10, 5)
s1 and s2 score at iteration 16
S_1 [-0.19937493915231502, 0.03012142549350442, -0.22000609043797031, -0.013678452971372913, -0.05223425314899157, -0.02439434945550586, -0.08895056830809712, -0.24966114887238713, -0.004063299361871183, -0.09623271624240443]
S_2 [0.5, 0.25, 0.5, 0.25, 0.5, 0.25, 0.5, 0.5, 0.25, 0.5]
Trust scores at iteration 17: [-2.308599934548891, -0.21645675857221086, -4.34323866149307, -1.6094066562756428, -1.0442831412199691, -2.7367130075782065, -2.469564385452272, -2.0622125900555104, -0.9015977374767599, -2.604070187535205]
X.shape (10, 5)
s1 and s2 score at iteration 17
S_1 [-0.11330853965565003, 0.02318711980240633, 0.16883090362086955, -0.18252305527710563, 0.13727869629205897, 0.1812072669446425, -0.09440143521701927, 0.22963177244614316, -0.2350087349170453, -0.013236461425797054]
S_2 [0.5, 0.3333333333333333, 0.3333333333333333, 0.5, 0.3333333333333333, 0.3333333333333333, 0, 0.3333333333333333, 0.5, 0.3333333333333333]
Trust scores at iteration 18: [-2.1863253158776303, -0.2688419610935306, -3.6814691882227835, -1.637223315226468, -0.8979675197387573, -2.30783789792338, -2.1607946058510286, -1.7028807015471836, -1.0698704147257576, -2.322105976910204]
X.shape (10, 5)
s1 and s2 score at iteration 18
S_1 [0.12397904310633587, -0.08814723313727793, 0.13553982980089968, -0.2911434381456189, -0.17666373316152562, 0.0022541671897037263, 0.12829225164320426, 0.032677493683493965, -0.18486621794473382, -0.20105828329183667]
S_2 [0.3333333333333333, 0.3333333333333333, 0.25, 0.3333333333333333, 0, 0.25, 0.25, 0.25, 0.3333333333333333, 0.3333333333333333]
Trust scores at iteration 19: [-1.8711706765433427, -0.47606695491631773, -3.0917488099893657, -1.863844116014834, -0.9587836301582426, -2.0716675584979423, -1.807196206538859, -1.523784879275441, -1.2639786640304083, -2.3462984200851587]
X.shape (10, 5)
s1 and s2 score at iteration 19
S_1 [-0.02422469480609167, -0.20179027668427738, 0.13203825419015944, 0.13256357820601578, 0.05635024896020954, -0.03726619930347676, -0.2585467765126654, -0.10788751148000945, -0.10917297842883991, 0.1161839917174544]
S_2 [0.3333333333333333, 0.5, 0.25, 0.25, 0.25, 0.3333333333333333, 0.5, 0.3333333333333333, 0.25, 0.3333333333333333]
Trust scores at iteration 20: [-1.7179061050754294, -0.7829891724119167, -2.5535809096995976, -1.509267498612609, -0.826203946301669, -1.9030853412141158, -1.9786708616934319, -1.517295375363543, -1.2729146400640867, -1.9628876918844649]
X.shape (10, 5)
s1 and s2 score at iteration 20
S_1 [0.13735077450816563, 0.19594315595656178, 0.03577388800288916, 0.07649939021284136, 0.055348537442234, -0.23135992058716923, -0.20613812946365717, -0.2201493979142217, -0.02304947256268743, -0.011831375517230921]
S_2 [0.25, 0.25, 0.25, 0.3333333333333333, 0.25, 0.3333333333333333, 0.3333333333333333, 0.3333333333333333, 0.3333333333333333, 0.3333333333333333]
Trust scores at iteration 21: [-1.4675743061846618, -0.6280407965501292, -2.255657855251059, -1.3743149378126436, -0.7724024913589093, -1.944735070034163, -1.9896747715599532, -1.608231628475202, -1.2496224639456996, -1.8275117890117378]
X.shape (10, 5)
s1 and s2 score at iteration 21
S_1 [0.04416236735708041, -0.21696016893434897, -0.00963734202777485, 0.07340529341305532, -0.025597408278955142, 0.08707860684262184, 0.12584536993889703, -0.19228513433811634, -0.13867270286069425, -0.22293382161723388]
S_2 [0.3333333333333333, 0, 0.5, 0.25, 0.25, 0.25, 0.25, 0.3333333333333333, 0.3333333333333333, 0.5]
Trust scores at iteration 22: [-1.2947993138156635, -0.792437956282044, -2.078796300445719, -1.1556730676815585, -0.7620526659867879, -1.6242324250119498, -1.6162235558259603, -1.696189028219405, -1.3274684922808708, -1.9691085292707553]
X.shape (10, 5)
s1 and s2 score at iteration 22
S_1 [0.22502584883991966, 0.08450597926062729, 0.31896012230484816, -0.5058222130939792, 0.11726457106294544, -0.36421188433402185, 0.3085669339676763, 0.3021182938724043, 0.2798609591692963, 0.0848369820153177]
S_2 [0.2, 0.2, 0.2, 0.5, 0.5, 0.5, 0.2, 0.2, 0.2, 0.5]
Trust scores at iteration 23: [-1.0547546600869708, -0.6938309409544298, -1.676976855378861, -1.370199279809753, -0.7425977918139406, -1.7018784795621906, -1.2886777126100408, -1.3596810191588353, -1.056735703457094, -1.7838452646070577]
X.shape (10, 5)
s1 and s2 score at iteration 23
S_1 [0.14062228712238037, 0.17060175123799434, -0.0753179297048876, -0.0256289806539852, 0.25469035130560175, 0.3378956011119017, 0.13753643688196152, 0.29892567646295387, 0.0053464515101570515, 0.15430648587867032]
S_2 [0.5, 0.25, 0.25, 0.25, 0.25, 0.25, 0.25, 0.25, 0.25, 0.25]
Trust scores at iteration 24: [-0.9841158390801913, -0.5890220712463177, -1.5338657710924815, -1.2510467099621867, -0.593144938525315, -1.3715967076278621, -1.1093203170098735, -1.0980285549406381, -0.9708519292734613, -1.522768107330168]
X.shape (10, 5)
s1 and s2 score at iteration 24
S_1 [0.16962195415737866, -0.38657976739803357, 0.09639820832917756, -0.11073224723507367, 0.18459304943717147, 0.14855634920521846, 0.051424863161055795, -0.45355487943168415, 0.1906522086531687, 0.1356575170511776]
S_2 [0.25, 0.5, 0.25, 0.3333333333333333, 0.25, 0.25, 0.5, 0.5, 0.25, 0.25]
Trust scores at iteration 25: [-0.7780444985180063, -0.9548192632959733, -1.3029424030033028, -1.2505108399215015, -0.43394038029751036, -1.1239770848660964, -1.0524625783346928, -1.4401689806875067, -0.7502241398824421, -1.2626212267960883]
X.shape (10, 5)
s1 and s2 score at iteration 25
S_1 [-0.10052548548737757, -0.14521236555865136, -0.059290462477628286, -0.19073296601895365, -0.07176120019749382, 0.055299224942579, 0.020178336374318144, -0.1986157601446224, -0.05795686246153467, -0.10265931917888434]
S_2 [0.3333333333333333, 0.5, 0.25, 0.3333333333333333, 0.25, 0.5, 0.25, 0.3333333333333333, 0.5, 0.25]
Trust scores at iteration 26: [-1.0340147525537566, -1.3554871535804134, -1.3433273358847493, -1.6803003240831154, -0.6385026848651174, -0.9553805221361819, -0.9148591431545045, -1.8628919442999257, -0.9448994016331935, -1.4266930283677461]
X.shape (10, 5)
s1 and s2 score at iteration 26
S_1 [-0.19624686021483537, 0.12156931238743877, 0.052594030916107926, -0.06012554299740702, 0.0966421140869358, 0.08090199573493471, -0.2661135691768699, -0.19375765448914378, 0.01803831726769746, 0.042325484485249004]
S_2 [0.25, 0.2, 0.2, 0.25, 0.2, 0.2, 0.25, 0.25, 0.2, 0.3333333333333333]
Trust scores at iteration 27: [-1.2335544787351351, -1.0921640805433512, -1.1669343533003034, -1.6149420194152733, -0.5134840551370682, -0.8022513824589766, -1.2184782288476552, -1.9350287503461234, -0.870907660803112, -1.310465181848114]
X.shape (10, 5)
s1 and s2 score at iteration 27
S_1 [0.34801028988106375, 0.19691049951627163, 0.22529635533828973, 0.31853858693084, 0.16429351967854952, 0.3206052689543942, 0.022886957935481417, 0.05798495650911595, -0.5035050715375265, -0.06835818160318384]
S_2 [0.2, 0.2, 0.2, 0.2, 0.25, 0.2, 0.25, 0.3333333333333333, 0, 0.3333333333333333]
Trust scores at iteration 28: [-0.9885213069248648, -0.9334667627222132, -0.9847865736534911, -1.3254036611315576, -0.4781473684661113, -0.633725834840939, -1.1383417181327298, -1.7697816610595285, -0.9572931427282121, -1.2933592668146883]
X.shape (10, 5)
s1 and s2 score at iteration 28
S_1 [0.08512966291052308, 0.01998782523291797, -0.1915912376133385, -0.040649286085459035, 0.03191229539530211, 0.001197492187744424, -0.09089650198200942, -0.24657394376677377, -0.18551133718792434, -0.09548846432514124]
S_2 [0.3333333333333333, 0.5, 0.5, 0.3333333333333333, 0.3333333333333333, 0.5, 0.5, 0.5, 0.5, 0.5]
Trust scores at iteration 29: [-0.7902431108861351, -0.9082278400927952, -1.324655800563271, -1.2982178865040142, -0.4501952236819232, -0.686556956802377, -1.2777517347694702, -2.0887821438343073, -1.2905734901734596, -1.4176077715403168]
X.shape (10, 5)
s1 and s2 score at iteration 29
S_1 [-0.04617481876160052, -0.06784619935636949, 0.2754181441719499, 0.16318339085420416, -0.19081445444940512, 0.19508693950808653, 0.3134809475325164, 0.1499942631750653, -0.08895956504361838, -0.06801437585753077]
S_2 [0.3333333333333333, 0.3333333333333333, 0.3333333333333333, 0.3333333333333333, 0, 0.3333333333333333, 0.3333333333333333, 0.3333333333333333, 0.3333333333333333, 0.3333333333333333]
Trust scores at iteration 30: [-0.8438012017335276, -0.9544579333863425, -1.144170404980182, -1.1754022807198683, -0.4739702710393845, -0.6402247069043303, -1.0860889745540496, -1.8536928703961981, -1.2895544387762927, -1.3875113472327376]
X.shape (10, 5)
s1 and s2 score at iteration 30
S_1 [-0.16750333405266504, 0.16862423733160933, 0.2817050806849233, 0.1458951161565374, 0.1594894550483113, 0.078757023224508, 0.11458740863417659, -0.3307121891145385, 0.07449837240689162, -0.2152632461180996]
S_2 [0, 0.25, 0.25, 0.25, 0.25, 0.25, 0.25, 0.5, 0.25, 0]
Trust scores at iteration 31: [-0.806421816495054, -0.796501599015557, -0.8975448442331546, -0.9964069093952608, -0.39295109961657504, -0.5772551101316258, -0.9371610692677261, -1.901733841095096, -1.1314529935171636, -1.2940062445851106]
X.shape (10, 5)
s1 and s2 score at iteration 31
S_1 [-0.049236612599056685, 0.09805135071770699, -0.11131628571399024, 0.05726260760933434, -0.14831118095632828, -0.10954947459071987, -0.16606906568681307, -0.10399266207167474, 0.01988991785048078, 0.08684181891918746]
S_2 [0.3333333333333333, 0.3333333333333333, 0.5, 0.3333333333333333, 0.3333333333333333, 0, 0.5, 0.5, 0.3333333333333333, 0.3333333333333333]
Trust scores at iteration 32: [-0.8607812380561037, -0.6270263591632234, -1.0832059563492866, -0.8593449263541473, -0.6608964579456718, -0.6582567959004276, -1.2006411332272113, -1.9255628462802659, -1.0313072364509046, -1.067053768958516]
X.shape (10, 5)
s1 and s2 score at iteration 32
S_1 [0.09530436777102022, 0.056088347153640195, -0.1558487122725931, 0.19873362248856521, 0.10499721387074477, 0.29822420555130086, 0.14579172003501398, -0.21689592012996062, 0.1883113874612727, 0.2515654666797713]
S_2 [0.3333333333333333, 0.25, 0.3333333333333333, 0.3333333333333333, 0.25, 0.25, 0.25, 0.25, 0.25, 0.25]
Trust scores at iteration 33: [-0.8337281205904858, -0.6172612409484972, -1.1491134244239984, -0.7804846903428218, -0.6214507761214165, -0.5220182765153635, -1.059715040325487, -1.8583221394785836, -0.8943948013597577, -0.8929639892215067]
X.shape (10, 5)
s1 and s2 score at iteration 33
S_1 [0.006092225731146341, 0.04980849968821784, -0.22401990772872946, -0.12507649200754742, -0.18364508475305089, -0.25669106643664036, -0.09866663733606545, 0.07526142754109572, 0.051270673600692554, -0.04326684768730853]
S_2 [0.25, 0.3333333333333333, 0.3333333333333333, 0.5, 0.3333333333333333, 0.3333333333333333, 0.25, 0.25, 0.25, 0.3333333333333333]
Trust scores at iteration 34: [-0.7715267748605928, -0.5254010843060541, -1.523229918410594, -1.062696041241304, -0.9942475127782373, -1.0553143875109479, -1.1724056035374457, -1.504573818556796, -0.7330504208237699, -0.9452525034051725]
X.shape (10, 5)
s1 and s2 score at iteration 34
S_1 [-0.3196240197237109, 0.10345300333589033, -0.07734358583324935, -0.1714631290492318, -0.13154215128251348, -0.00772806661956819, 0.012337505739243887, 0.04255554809468351, -0.1758659652992377, 0.10069280145039018]
S_2 [0.5, 0.3333333333333333, 0.5, 0.5, 0.5, 0.5, 0.5, 0.3333333333333333, 0.5, 0.3333333333333333]
Trust scores at iteration 35: [-1.2692314088165424, -0.39659092166014603, -1.5568885052905368, -1.3019018109615441, -1.1858377891860195, -1.0582224139179195, -1.1286561971729498, -1.317185020783484, -1.0280868544354722, -0.7574667377362999]
X.shape (10, 5)
s1 and s2 score at iteration 35
S_1 [0.2694582030920377, -0.03030047060912961, -0.37989730846257264, 0.23264098017835227, -0.0014279781064404516, 0.375340725541155, 0.28920991150341496, 0.32012386704104895, 0.31016190235108265, -0.024299528667232406]
S_2 [0.16666666666666666, 0.5, 0.5, 0.16666666666666666, 0.5, 0.16666666666666666, 0.16666666666666666, 0.16666666666666666, 0.16666666666666666, 0.3333333333333333]
Trust scores at iteration 36: [-1.0211612594016952, -0.4992114692310655, -1.625176208121717, -1.0636446216645168, -1.158532793536628, -0.7994890518302316, -0.8937788181958568, -1.0416739612363817, -0.7999216884210408, -0.7535577151249927]
X.shape (10, 5)
s1 and s2 score at iteration 36
S_1 [0.146410818482122, 0.161598113150242, -0.20016202532236346, -0.2624128369492571, -0.145331491263469, 0.05712955550949718, -0.22654177774458864, 0.04593562164997685, 0.1476736888148616, 0.16495470463009465]
S_2 [0.25, 0.25, 0.3333333333333333, 0.3333333333333333, 0.3333333333333333, 0.3333333333333333, 0.3333333333333333, 0.3333333333333333, 0.25, 0.25]
Trust scores at iteration 37: [-0.8473497779142665, -0.38988203355151274, -1.7134152208744755, -1.292720558976704, -1.2669086910886649, -0.7776154732624115, -1.1157156177207823, -0.993651744105702, -0.6581477633917946, -0.6030240578562438]
X.shape (10, 5)
s1 and s2 score at iteration 37
S_1 [-0.026974247936637066, 0.07478218106330384, -0.01384853609236011, -0.015743513989342026, -0.13667297693605754, -0.22380868578831267, 0.08724552759390553, -0.12860918683368922, 0.07612768802008332, -0.13985605523069303]
S_2 [0.3333333333333333, 0.3333333333333333, 0.3333333333333333, 0.3333333333333333, 0, 0.3333333333333333, 0.3333333333333333, 0.3333333333333333, 0.3333333333333333, 0.3333333333333333]
Trust scores at iteration 38: [-0.9166237536887822, -0.35282778369993006, -1.630212529720591, -1.2758800757686322, -1.3118523010758698, -1.1957642561163144, -0.9483582750626649, -1.2157199360186894, -0.5785403430087727, -0.9030229842607562]
X.shape (10, 5)
s1 and s2 score at iteration 38
S_1 [0.00031629475703500966, 0.1119398280449281, -0.18523147841891136, -0.011240667805144532, -0.02738856378673601, -0.12067545939910818, -0.09034362303960744, 0.014967993046160557, 0.05325835007578264, -0.2557646226154639]
S_2 [0.25, 0.25, 0.3333333333333333, 0.25, 0.25, 0.25, 0.25, 0.25, 0.25, 0.5]
Trust scores at iteration 39: [-0.8537063538797374, -0.22490361614494053, -1.73389187452564, -1.17456062256713, -1.226775285634913, -1.2531054129105688, -1.0021654974711929, -1.088304750637679, -0.49539280251692475, -1.2602955713348778]
X.shape (10, 5)
s1 and s2 score at iteration 39
S_1 [-0.15169067558727192, -0.08050658651646897, -0.06819224049905273, -0.15666049183674902, -0.0498393607812415, -0.15253044064226437, -0.09148782573349824, -0.1569366108132081, -0.05633048065703845, -0.10392981738292527]
S_2 [0.25, 0.3333333333333333, 0.3333333333333333, 0.25, 0.3333333333333333, 0.25, 0.3333333333333333, 0.25, 0.3333333333333333, 0.3333333333333333]
Trust scores at iteration 40: [-0.3816116133529993, -0.09886986226589085, -1.4185719925116518, -0.6393802377537618, -1.042758992789676, -0.7185733983241485, -0.7264925615402691, -0.5652317197743064, -0.40154775715489366, -0.908456842547118]
X.shape (10, 5)
s1 and s2 score at iteration 40
S_1 [0.08403780255259197, 0.15608225440410262, 0.16717836361301497, -0.06637053957766999, 0.1864264265164437, 0.29001623638521135, 0.158871028190847, -0.4865946418420827, 0.26067092272921216, 0.09829051151340158]
S_2 [0.25, 0.3333333333333333, 0.3333333333333333, 0.3333333333333333, 0.25, 0.25, 0.3333333333333333, 0.5, 0.25, 0.3333333333333333]
Trust scores at iteration 41: [-0.35590447596389096, -0.10331170211603292, -1.2193194673077465, -0.6778008696059298, -0.8649230803136393, -0.5357873885755262, -0.635348608054988, -0.8821197549802131, -0.28149335432796907, -0.821351242659182]
X.shape (10, 5)
s1 and s2 score at iteration 41
S_1 [0.16866839794238528, 0.20698956548566755, -0.010325488876770872, 0.2143830226210802, 0.2182213527507631, -0.31168615020790613, -0.21458973992149266, 0.11552052334201852, 0.16124340942991428, -0.15703760470197092]
S_2 [0.3333333333333333, 0.3333333333333333, 0.3333333333333333, 0.3333333333333333, 0.3333333333333333, 0.5, 0.3333333333333333, 0.3333333333333333, 0.3333333333333333, 0.3333333333333333]
Trust scores at iteration 42: [-0.28658028905541094, -0.04553540159614064, -1.1435190347488586, -0.5287691130555643, -0.6851846182665934, -0.819664687266322, -0.7875500353530919, -0.7703958203061152, -0.22843459046628167, -0.9060923500658504]
X.shape (10, 5)
s1 and s2 score at iteration 42
S_1 [0.047623427151081, 0.2025186700216766, 0.022318004093566508, 0.16150380832503247, 0.07902102727795547, -0.12665367251519546, 0.05712891459004029, -0.15249523737667553, -0.08926839099744524, -0.29452321433327655]
S_2 [0.3333333333333333, 0.25, 0.25, 0.25, 0.3333333333333333, 0.3333333333333333, 0.25, 0.5, 0.5, 0]
Trust scores at iteration 43: [-0.3083198851131218, 0.03629490864328047, -1.0304608487098625, -0.40483232429862764, -0.6238782274543495, -0.8905238704150886, -0.7021037167726222, -0.9177854687210488, -0.41028803998626745, -0.988323729031485]
X.shape (10, 5)
s1 and s2 score at iteration 43
S_1 [0.08659596635927927, 0.027405263853494774, -0.04016045916627734, -0.06710084567191266, 0.029472639477338396, -0.18649134515069837, -0.2683134692517237, -0.19219775856973517, -0.03461058302157037, 0.007269623769366684]
S_2 [0.3333333333333333, 0.5, 0.3333333333333333, 0.5, 0.3333333333333333, 0.5, 0.5, 0.5, 0.5, 0.3333333333333333]
Trust scores at iteration 44: [-0.2120719023461535, -0.0716784147359875, -1.0454569578480952, -0.6103383727030973, -0.5792445089601715, -1.2299822966406966, -1.211556000991725, -1.2630392035099092, -0.5586966732194539, -0.9274828560708277]
X.shape (10, 5)
s1 and s2 score at iteration 44
S_1 [0.006015783659579283, -0.14563807783233784, -0.17756373150430804, -0.2430188540198327, -0.15996281374282317, 0.03173796970072128, 0.08387385903181564, -0.12492067980062756, -0.009242985964238571, 0.026655109659989726]
S_2 [0.25, 0.3333333333333333, 0.3333333333333333, 0.5, 0.5, 0.25, 0.25, 0.3333333333333333, 0.25, 0.25]
Trust scores at iteration 45: [-0.2445024901782806, -0.42138577443822256, -1.3061933714972511, -1.1034025078228251, -0.9284353106098762, -1.0637247707237953, -0.9548226008429663, -1.3969914526008553, -0.5664223272888969, -0.8156904325609938]
X.shape (10, 5)
s1 and s2 score at iteration 45
S_1 [-0.05724226736911972, 0.2699216039144956, -0.6092923491007833, -0.081125005820511, 0.387719405204912, 0.35045228110674786, 0.364033868270161, -0.0941500044705332, 0.36519420446965706, 0.30147268473537336]
S_2 [0.3333333333333333, 0.2, 0, 0, 0.2, 0.2, 0.2, 0.5, 0.2, 0.2]
Trust scores at iteration 46: [-0.3299728746149039, -0.3137512532130756, -1.34598600141485, -0.9692775890438936, -0.6991700140183947, -0.8285838751667404, -0.7307626172742483, -1.3738672739032294, -0.4001734765284547, -0.6367038023640408]
X.shape (10, 5)
s1 and s2 score at iteration 46
S_1 [-0.019399253570531863, -0.11639728639714801, -0.051230631417300616, -0.04424822033254596, -0.1767354361304361, -0.14206767465400358, -0.04254582146623972, -0.18203773135271792, -0.12225283809877811, -0.04393086700417624]
S_2 [0.3333333333333333, 0.3333333333333333, 0.3333333333333333, 0.5, 0.3333333333333333, 0.3333333333333333, 0.3333333333333333, 0.5, 0.3333333333333333, 0.5]
Trust scores at iteration 47: [-0.23047694342266825, 0.533325081999825, -0.8479597303529183, -0.6317473717079574, 0.6722691717425597, 0.29420737382007356, -0.3921730300070517, 0.08977520630355262, 0.505142818524672, -0.35151351029229017]
X.shape (10, 5)
s1 and s2 score at iteration 47
S_1 [0.18535839322700742, -0.2994470959288153, 0.2645740613254812, -0.4065515589590755, -0.09774944592218236, 0.1744129617523545, 0.22384511321509207, -0.0679565227738499, 0.11788771112925062, 0.13104111530083812]
S_2 [0.2, 0.5, 0.2, 0.5, 0.5, 0.2, 0.2, 0.5, 0.25, 0.2]
Trust scores at iteration 48: [-0.1508166458734044, 0.13355508753788597, -0.6307657707999805, -0.91747926652894, 0.3660098451782491, 0.2889595223328873, -0.2664383119860607, -0.1122189574019512, 0.42120771590826267, -0.28449285421934273]
X.shape (10, 5)
s1 and s2 score at iteration 48
S_1 [-0.1528167857985133, -0.14619780830944787, 0.12237525690055223, -0.11231341594387473, 0.04041595168363459, 0.10951578339879417, -0.21804373388686116, 0.13734482286217464, 0.11626097639116113, 0.10662845467041694]
S_2 [0.3333333333333333, 0.5, 0.3333333333333333, 0.5, 0.3333333333333333, 0.25, 0.5, 0.25, 0.25, 0.25]
Trust scores at iteration 49: [-0.39509172395799486, -0.19614688963252144, -0.5024997914900022, -1.0525195347620506, 0.25524831213007, 0.2902223412012601, -0.6146072061702159, -0.020386113791658514, 0.4100000118728957, -0.20036555079895219]
X.shape (10, 5)
s1 and s2 score at iteration 49
S_1 [0.151385445461301, 0.21823096732354474, -0.40797939364601626, 0.0965981640014548, -0.15258215486682575, 0.1268096742375321, 0.09432650489409099, 0.23492661264984666, 0.045683964552576124, -0.1331992124438576]
S_2 [0.25, 0.25, 0.5, 0.5, 0.5, 0.25, 0.3333333333333333, 0.25, 0.25, 0.5]
Trust scores at iteration 50: [-0.3141687722526123, -0.1023849800905829, -0.8376185503890732, -0.9829639408859643, -0.030462223485320655, 0.25265662038477493, -0.5621889097133277, 0.057671803277090275, 0.3026690965806857, -0.40535805122161256]
X.shape (10, 5)
s1 and s2 score at iteration 50
S_1 [-0.1381252057261909, 0.14665537747003385, -0.24346388649989598, 0.02870718466348155, 0.1205976590015046, -0.355521334973115, 0.27036362201209363, 0.15982205998061993, 0.1312917651445057, 0.1916146951227066]
S_2 [0.3333333333333333, 0.25, 0.5, 0.25, 0.25, 0.5, 0.25, 0.25, 0.25, 0.25]
Trust scores at iteration 51: [-0.4436764764369254, -0.08066160238751952, -0.9970515694611211, -0.8945923634689104, -0.03398429954048523, -0.13248808445649946, -0.4028605732563285, 0.06269164911578377, 0.2551105020961867, -0.3132449071781775]
X.shape (10, 5)
s1 and s2 score at iteration 51
S_1 [0.0626350610518341, 0.07380244775149729, 0.017596325002692197, -0.164606379082266, -0.016953629967395467, 0.12140793132248565, 0.09120000941793455, -0.26206148463343987, -0.22141601654033113, 0.02560857333593953]
S_2 [0.25, 0.3333333333333333, 0.3333333333333333, 0.5, 0.3333333333333333, 0.25, 0.25, 0.5, 0.5, 0.25]
Trust scores at iteration 52: [-0.37473912864985304, -0.07737913337096637, -0.9257535019100027, -1.1137753693648047, -0.14983293437390696, -0.03761487178802453, -0.30475349939941665, -0.42049014361339976, -0.2067164750739518, -0.30961867310038826]
X.shape (10, 5)
s1 and s2 score at iteration 52
S_1 [-0.1834437489676726, -0.24443956222133809, -0.09218838142197316, -0.012015295473701025, -0.044961230729321136, -0.07956272590906306, -0.032357081177805655, -0.08158765549522029, -0.04907254811803351, -0.12698551295633206]
S_2 [0.5, 0.5, 0.5, 0.5, 0.3333333333333333, 0.3333333333333333, 0.3333333333333333, 0.3333333333333333, 0.3333333333333333, 0.3333333333333333]
Trust scores at iteration 53: [1.8215995535989509, 2.8358326192157848, 0.2139973432859743, -0.9467090639600839, 0.3339419441948286, 0.8612953907552936, 0.044908158092547945, 0.5611308078332512, 0.3369169806097848, 1.2221223825053098]
X.shape (10, 5)
s1 and s2 score at iteration 53
S_1 [-0.17177381435153874, 0.2666198858185283, -0.11094947689311635, 0.2032452655354238, -0.19857258688196083, 0.28730923332561065, -0.1376391942031678, 0.07194029374124351, 0.21574404666670946, 0.00896982716457888]
S_2 [0.3333333333333333, 0.25, 0.5, 0.25, 0.3333333333333333, 0.25, 0.3333333333333333, 0.25, 0.25, 0.25]
Trust scores at iteration 54: [1.3586789936802293, 2.4746561168962944, -0.026027377220087772, -0.7735912874880674, 0.08017877370698973, 0.8071010821419995, -0.1336875004591871, 0.4395201747084558, 0.32401628345669226, 0.968487042306208]
X.shape (10, 5)
s1 and s2 score at iteration 54
S_1 [0.009062466317334553, 0.29755389091645035, 0.32597673128217985, 0.10250598843852492, 0.1520673352853811, 0.2712535634554702, -0.1104819450294712, 0.21055129041338919, 0.11867189830863643, -0.2807505761778044]
S_2 [0.5, 0.25, 0.25, 0.25, 0.25, 0.25, 0.5, 0.25, 0.3333333333333333, 0.5]
Trust scores at iteration 55: [1.0090472887432467, 2.1653787718013158, 0.05287672936292541, -0.6853838955276734, 0.06312658499040537, 0.7358547507792171, -0.31447325486871874, 0.39547849200831026, 0.2300213728202304, 0.544025051949474]
X.shape (10, 5)
s1 and s2 score at iteration 55
S_1 [0.3041296478536661, -0.1814026836885424, 0.4418709032949897, 0.048604556349510365, 0.3251980080203729, 0.5227057300239045, 0.31899155797586576, 0.36799914574228937, 0.5057265995349596, 0.29770403896746994]
S_2 [0.25, 0, 0.16666666666666666, 0.25, 0.16666666666666666, 0.16666666666666666, 0.25, 0.16666666666666666, 0.16666666666666666, 0.16666666666666666]
Trust scores at iteration 56: [0.7949657781500964, 1.7885151275130209, 0.07174818324572146, -0.7186283419422965, 0.046979132478937015, 0.6754765381623345, -0.3257617861194933, 0.34176082524223816, 0.24064569386495022, 0.44785293050639674]
X.shape (10, 5)
s1 and s2 score at iteration 56
S_1 [-0.20848665296171812, 0.0644338281449964, 0.020940151853867224, -0.3176851768694692, 0.03725939640130012, -0.2600012750654811, 0.07334530813870647, 0.04279440773479685, -0.058969015099699734, -0.08080606289394866]
S_2 [0.5, 0.3333333333333333, 0.3333333333333333, 0.5, 0.5, 0.5, 0.3333333333333333, 0.5, 0.5, 0.3333333333333333]
Trust scores at iteration 57: [0.0993405643014098, 1.5520128071458632, 0.0038110915145132193, -1.4105385876353014, -0.03386777856764931, -0.10757890414095173, -0.2268975182015693, 0.2280164259361647, -0.06604990728429996, 0.11541684774873667]
X.shape (10, 5)
s1 and s2 score at iteration 57
S_1 [-0.18458302721239644, -0.04220321509386779, -0.14341205952936376, -0.03488928310164793, -0.12758514570458604, -0.19493841050396418, -0.00411233453416221, -0.11662554880851037, -0.08325489980989115, -0.02272360575997859]
S_2 [0.5, 0.3333333333333333, 0.3333333333333333, 0.3333333333333333, 0.3333333333333333, 0.3333333333333333, 0.3333333333333333, 0.5, 0.3333333333333333, 0.5]
Trust scores at iteration 58: [6.667222003026499, 2.758599817468364, 5.134284896170439, -0.026349157908912124, 4.524961176577386, 6.919059602169718, -0.14286289047133388, 4.297804530164855, 2.8806326436141694, 0.7769621957619919]
X.shape (10, 5)
s1 and s2 score at iteration 58
S_1 [-0.07360492923279979, 0.19379016628540358, -0.20431519468154186, -0.07636886809842056, 0.1460879101194687, -0.0756103035480927, -0.1553573759811742, 0.04168255273527886, 0.15078956506319227, -0.21205650117541083]
S_2 [0.25, 0.25, 0.3333333333333333, 0.25, 0.25, 0.3333333333333333, 0.3333333333333333, 0.25, 0.25, 0.3333333333333333]
Trust scores at iteration 59: [5.4976660522231775, 2.3823098448481095, 4.055995441559415, -0.19400881469522735, 3.846793875651366, 5.672675785429681, -0.39168520570638, 3.5728975254701676, 2.4527538591072005, 0.3462791188749429]
X.shape (10, 5)
s1 and s2 score at iteration 59
S_1 [0.17380335144838893, -0.02978700878724491, 0.15186407458785586, -0.18042685554056448, -0.09058838925302642, 0.24057905648545694, -0.2597163100845092, -0.06112814786850476, -0.07732369220790897, 0.21902877180429003]
S_2 [0.25, 0.3333333333333333, 0.25, 0.5, 0.3333333333333333, 0.25, 0.5, 0, 0.3333333333333333, 0.25]
Trust scores at iteration 60: [4.7063817814410465, 1.9063912971212014, 3.467282718252412, -0.4274028556636752, 3.113293325856405, 4.896774417615229, -0.6448644196042197, 2.9988497611413982, 1.93662979296473, 0.3559007418587449]
X.shape (10, 5)
s1 and s2 score at iteration 60
S_1 [-0.3212054475896553, -0.00859358657823576, -0.002508187532957574, 0.01719369236635361, -0.1903982875766538, 0.0657031153442677, 0.06564963747219524, 0.06559088081742061, 0.01617254997067452, -0.30593471054081994]
S_2 [0.3333333333333333, 0.25, 0.3333333333333333, 0.3333333333333333, 0.3333333333333333, 0.25, 0.25, 0.25, 0.3333333333333333, 0.3333333333333333]
Trust scores at iteration 61: [3.117113515408577, 1.4883134721665678, 2.7914641264824493, -0.4740392832061246, 2.0616206517453888, 4.199758254972944, -0.5107568464727051, 2.586266065908102, 1.5330572033386825, -0.5459323249039115]
X.shape (10, 5)
s1 and s2 score at iteration 61
S_1 [0.011908450540192992, 0.18621080731311188, 0.34696007408704244, -0.2020261808761634, -0.10681380857865858, 0.4158373540690455, 0.4125638483989597, 0.40656057546178537, 0.3663095569258219, 0.3027221206998173]
S_2 [0.3333333333333333, 0.16666666666666666, 0.16666666666666666, 0, 0, 0.16666666666666666, 0.16666666666666666, 0.16666666666666666, 0.16666666666666666, 0.16666666666666666]
Trust scores at iteration 62: [2.503842080024158, 1.257236032966828, 2.4228992359244392, -0.475807861560726, 1.713847895380235, 3.6447945167270026, -0.36032413177301087, 2.269979855413072, 1.360233057133434, -0.429845171836129]
X.shape (10, 5)
s1 and s2 score at iteration 62
S_1 [-0.1902725870149863, -0.14151012798567503, 0.07200855500180231, -0.21431207965888194, -0.11563180273472905, 0.08799094861556266, 0.08799094861556268, 0.08799094861556268, -0.16325083721351064, -0.047260954417682986]
S_2 [0, 0.3333333333333333, 0.25, 0, 0, 0.25, 0.25, 0.25, 0.3333333333333333, 0.3333333333333333]
Trust scores at iteration 63: [1.8039041319510711, 0.6774153699432588, 2.0697188317661297, -0.7697789414410574, 1.259650772225971, 3.135575339217952, -0.2687755120070592, 1.9669828771011113, 0.7279010013356757, -0.5959351279142928]
X.shape (10, 5)
s1 and s2 score at iteration 63
S_1 [-0.051020823971430346, -0.08019114464026761, -0.07579939360745706, -0.07040042692719578, -0.13432977685589698, 0.07036227382058988, 0.07036227382058986, 0.07036227382058988, 0.04548311148822973, -0.2593015760372428]
S_2 [0.5, 0.5, 0.3333333333333333, 0.3333333333333333, 0.5, 0.3333333333333333, 0.3333333333333333, 0.3333333333333333, 0.3333333333333333, 0.5]
Trust scores at iteration 64: [1.2745510835328302, 0.25484963951398415, 1.4976700233142757, -0.9043934359418979, 0.6343356836784766, 2.715239038335259, -0.17845918520600032, 1.7219354455359446, 0.6156778501268638, -1.2093302406316866]
X.shape (10, 5)
s1 and s2 score at iteration 64
S_1 [-0.2331363403312919, -0.08167181479981701, 0.05277961437450173, -0.3673752334568124, -0.1018599881542336, 0.13857946938940013, 0.13952179137484258, 0.14091053137280166, -0.1351782546818674, -0.028245711554844805]
S_2 [0.5, 0.5, 0.25, 0.5, 0.5, 0.25, 0.25, 0.25, 0, 0.25]
Trust scores at iteration 65: [0.6851935634603291, -0.020317881797267373, 1.2542036962519651, -1.309807284173058, 0.28075483927998873, 2.3804717548726217, -0.07816862843960797, 1.5386451287055527, 0.37942821122243064, -1.1329984126915313]
X.shape (10, 5)
s1 and s2 score at iteration 65
S_1 [0.012668737937920017, 0.21446969882627506, 0.031980435865923536, -0.2160157609779805, -0.05418986561300399, -0.010732042774579472, -0.004593620497947574, 0.018424390239789843, 0.07666673864807244, 0.027886857478358715]
S_2 [0.3333333333333333, 0.3333333333333333, 0.5, 0.5, 0.5, 0.3333333333333333, 0.3333333333333333, 0.3333333333333333, 0.5, 0.3333333333333333]
Trust scores at iteration 66: [0.49127503791335275, 0.03272980047232274, 0.9384402426500524, -1.4144175066420752, 0.05074124850458167, 1.9158950062974263, -0.16965611005045989, 1.2207343687105598, 0.22613465817174366, -1.0435445966270218]
X.shape (10, 5)
s1 and s2 score at iteration 66
S_1 [0.09090932942624735, -0.04813232077543717, 0.013057136419082904, 0.22043250391291455, 0.2207697721637224, 0.038346629230333, 0.03811981709553072, 0.037917618034410405, 0.1975199960054047, -0.44153308567264593]
S_2 [0.25, 0.3333333333333333, 0.25, 0.25, 0.25, 0.3333333333333333, 0.3333333333333333, 0.3333333333333333, 0.25, 0]
Trust scores at iteration 67: [0.36685129360387836, -0.15488273417822437, 0.6940457580219144, -1.1649840344702451, 0.08063006122889443, 1.5045650214245472, -0.2683075328991178, 0.9133869917473064, 0.21391761194477005, -1.1870085188591106]
X.shape (10, 5)
s1 and s2 score at iteration 67
S_1 [0.005074731457413236, -0.1075436075740828, 0.3616985112452178, 0.2691097079640287, 0.029555333839265355, 0.22975645512101212, 0.22995798559416514, 0.23060131448725263, 0.06597426404804334, 0.19685866904691351]
S_2 [0.25, 0.25, 0.25, 0.25, 0.25, 0.25, 0.25, 0.25, 0.3333333333333333, 0.25]
Trust scores at iteration 68: [0.2014281415919363, -0.2887497366412093, 0.6274388943186272, -0.9911339345710601, -0.03170755460902451, 1.26166257432129, -0.2451955201455084, 0.759511620747705, 0.0591901590936645, -1.0398179767286622]
X.shape (10, 5)
s1 and s2 score at iteration 68
S_1 [-0.20932173634628626, 0.14616226605313343, 0.2290722624306883, -0.48875469649944125, 0.17634917252147841, 0.3317468692428197, 0.32864288170846134, 0.3236669174213598, -0.02850887165149564, -0.005469649685490414]
S_2 [0.5, 0.2, 0.2, 0.5, 0.2, 0.2, 0.2, 0.2, 0.2, 0.5]
Trust scores at iteration 69: [-0.07343131480342532, -0.23934971981628178, 0.576898534577053, -1.2134552425627119, -0.007214795903775967, 1.1624131881730966, -0.1198196661978051, 0.7319315115134054, -0.022578707209741616, -1.036318393092127]
X.shape (10, 5)
s1 and s2 score at iteration 69
S_1 [-0.12029787454962183, 0.1688086224664975, -0.07081258752357233, -0.44183181502859054, 0.05590041413598528, 0.2580529634762212, 0.2565342884089598, 0.25365210365714563, 0.061778253573777836, -0.10336496720111847]
S_2 [0.5, 0.25, 0.5, 0.5, 0.25, 0.25, 0.25, 0.25, 0.5, 0.5]
Trust scores at iteration 70: [-0.28234288752131526, -0.18032285734612521, 0.2992020952277835, -1.4382631958831462, -0.048639006177288266, 1.063051209947132, -0.027729485669502563, 0.6945836704986579, -0.13328168366270737, -1.0909542110471853]
X.shape (10, 5)
s1 and s2 score at iteration 70
S_1 [-0.04608528890899834, -0.1785165697325506, -0.08050279473270809, 0.20225683187397736, 0.1456755773932528, 0.1947423052585592, 0.1960015948803054, 0.19825814124191068, -0.2463926928222355, -0.18506608074340924]
S_2 [0.25, 0.5, 0.5, 0.25, 0.5, 0.25, 0.25, 0.25, 0.5, 0.5]
Trust scores at iteration 71: [-0.34916974776546245, -0.4356679069361677, 0.044618387500618695, -1.1475237165006742, -0.08330558536231125, 0.9730205202067423, 0.046790857549558786, 0.6624305657358863, -0.44602196766545965, -1.2145618800394922]
X.shape (10, 5)
s1 and s2 score at iteration 71
S_1 [0.2736713881255482, 0.30579490486974825, 0.3106542850496479, 0.3605701271923152, -0.3157801479029812, 0.3921158360517649, 0.3927051047268002, 0.3862041163848282, -0.17160049468702152, -0.22504251155504512]
S_2 [0.16666666666666666, 0.16666666666666666, 0.16666666666666666, 0.16666666666666666, 0, 0.16666666666666666, 0.16666666666666666, 0.16666666666666666, 0.5, 0.5]
Trust scores at iteration 72: [-0.24226111879245843, -0.3035144627298655, 0.10658500557554985, -0.8876696280155449, -0.19142702911431153, 0.9268423615740495, 0.13977222891712499, 0.660582824329896, -0.5946642279291876, -1.2683361871299352]
X.shape (10, 5)
s1 and s2 score at iteration 72
S_1 [0.2818780975176398, 0.3682225903382268, -0.2913639939393693, 0.2968667615027043, 0.08868602816229766, 0.42871432226977785, 0.43290572308513625, 0.43881714516338427, -0.4340550865898684, 0.27304130283978306]
S_2 [0.16666666666666666, 0.16666666666666666, 0.5, 0.16666666666666666, 0.2, 0.16666666666666666, 0.16666666666666666, 0.16666666666666666, 0.5, 0.2]
Trust scores at iteration 73: [-0.1595681163669148, -0.18211849088293977, -0.1589991251484302, -0.7030418037331212, -0.19239760450475643, 0.8843625792968004, 0.21678570481957193, 0.6614954006804116, -0.8038367886417169, -1.0447525885647517]
X.shape (10, 5)
s1 and s2 score at iteration 73
S_1 [-0.30775219777927343, -0.07100594940395234, 0.0320121077771207, -0.0038543180385903148, -0.011413920631229047, 0.13724349870891533, 0.137224425429982, 0.13711347662263046, -0.06386375398763966, -0.10835061107094421]
S_2 [0.3333333333333333, 0.3333333333333333, 0.3333333333333333, 0.3333333333333333, 0.5, 0.2, 0.2, 0.2, 0.2, 0.2]
Trust scores at iteration 74: [-0.5719900313163744, -0.3324065237971733, -0.20016168893770764, -0.7017981021562184, -0.3260127849374409, 0.8417081924022803, 0.27424700299560467, 0.652128983206225, -0.8130610290827646, -1.0664612780854281]
X.shape (10, 5)
s1 and s2 score at iteration 74
S_1 [0.05336623147249572, 0.40742325082357583, 0.2709590388712625, 0.2995099608423235, 0.009965581666003785, 0.1481779902827022, 0.14601493537577265, 0.14224638700318432, -0.13113958535850193, 0.2430910039839959]
S_2 [0.25, 0.25, 0.25, 0.25, 0.3333333333333333, 0.3333333333333333, 0.3333333333333333, 0.3333333333333333, 0, 0.25]
Trust scores at iteration 75: [-0.5790438145536569, -0.24504554522759728, -0.1828791234522958, -0.5987585531020573, -0.42344186390140937, 0.6200062838893307, 0.13686790637460375, 0.4566801325178689, -0.7393832081101649, -0.929493878982901]
X.shape (10, 5)
s1 and s2 score at iteration 75
S_1 [0.38558967446735715, 0.13108744194828906, 0.32848096082901795, 0.4347901725702604, -0.716162110838535, 0.44739999669709246, 0.44936810030186286, 0.44061610260832873, 0.3997812620836585, 0.11391802472201351]
S_2 [0.14285714285714285, 0.25, 0.14285714285714285, 0.14285714285714285, 0, 0.14285714285714285, 0.14285714285714285, 0.14285714285714285, 0.14285714285714285, 0.3333333333333333]
Trust scores at iteration 76: [-0.42776232692704147, -0.27703145457476036, -0.11008534605498296, -0.42809662680834093, -0.5989819760663423, 0.612062669972048, 0.2020520061326989, 0.4709709634481063, -0.5593136301926248, -0.9020437251983984]
X.shape (10, 5)
s1 and s2 score at iteration 76
S_1 [0.08240571984853594, 0.01855625961265485, -0.12821669051156545, 0.1465497232035949, 0.14770050257071132, 0.26639114992064683, 0.2619611897439771, 0.25397804937716956, 0.10502403883945984, -0.4365706074456436]
S_2 [0.2, 0.2, 0.5, 0.5, 0.25, 0.2, 0.2, 0.2, 0.5, 0.5]
Trust scores at iteration 77: [-0.37719681936240185, -0.28502804489587713, -0.3157690250826219, -0.431362655367936, -0.5009672193552274, 0.6102532694762407, 0.2592497753989718, 0.48333572831545046, -0.5662794640641146, -1.1625621164455202]
X.shape (10, 5)
s1 and s2 score at iteration 77
S_1 [-0.0010838556963870876, -0.0013023473790718294, -0.06302248068271764, 0.05923294752135561, -0.2136242183711499, 0.18271494412037134, 0.18397794766312806, 0.185933696728254, -0.3602317223850981, -0.1072673838617858]
S_2 [0.3333333333333333, 0.3333333333333333, 0.3333333333333333, 0.25, 0.5, 0.25, 0.25, 0.25, 0, 0.25]
Trust scores at iteration 78: [-0.42149168532524983, -0.3433244928319413, -0.4192463763745144, -0.393872716923731, -0.7481611654688564, 0.5911185851812458, 0.2937845296713498, 0.4858353690681329, -0.7719505925924992, -1.1497146014109265]
X.shape (10, 5)
s1 and s2 score at iteration 78
S_1 [-0.017769497230795097, -0.07305520674001917, 0.03537308825365245, -0.14836011901177223, 0.14382868104660493, 0.18457371764112046, 0.18251834788767016, 0.18206222777400388, -0.4140885772924718, -0.2240397406639208]
S_2 [0.25, 0.3333333333333333, 0.3333333333333333, 0.3333333333333333, 0.25, 0.25, 0.25, 0.25, 0.5, 0.5]
Trust scores at iteration 79: [-0.44770890829854837, -0.4511965741319532, -0.4276122975985462, -0.5553616182191456, -0.5940498063152787, 0.577450797404059, 0.32304648530110336, 0.4859190175346979, -1.1426809246681464, -1.3093307937430068]
X.shape (10, 5)
s1 and s2 score at iteration 79
S_1 [0.2177982108742419, 0.06278609560857279, -0.07484179650402041, -0.4097440056486536, 0.1928218378907738, 0.23485673157124046, 0.241916120021763, 0.25126780449490954, 0.08170550245913889, -0.10148672153627834]
S_2 [0.2, 0.3333333333333333, 0.3333333333333333, 0, 0.2, 0.2, 0.2, 0.2, 0.3333333333333333, 0.3333333333333333]
Trust scores at iteration 80: [-0.34053300310497886, -0.4960355079099362, -0.5581489564310644, -0.7166633287672609, -0.47983297727988367, 0.5410362165651753, 0.3290068129086227, 0.4730311649044932, -1.072502837956968, -1.3235159689055613]
X.shape (10, 5)
s1 and s2 score at iteration 80
S_1 [0.34370453257683403, 0.5582022740695767, 0.11610773432619707, -0.5276357381091826, 0.602860154075055, 0.5247555875427292, 0.5247555875427292, 0.5572112942532361, 0.5897696298585114, 0.4820499527093044]
S_2 [0.125, 0.125, 0.25, 0, 0.125, 0.125, 0.125, 0.125, 0.125, 0.125]
Trust scores at iteration 81: [-0.2789345795107086, -0.3577416840437464, -0.595537392089549, -0.7404469474048039, -0.3328580306879011, 0.51544728047155, 0.33522228736348025, 0.4657184182727284, -0.8398845169488273, -1.0800478337188173]
X.shape (10, 5)
s1 and s2 score at iteration 81
S_1 [0.16077066534571927, 0.02291308017776152, 0.12859637327163753, -0.00224833407889325, -0.3449095695083113, -0.22008560057553195, 0.07214116638140038, 0.12245705372734281, -0.22889525854060425, 0.11549809021565853]
S_2 [0.25, 0.3333333333333333, 0.25, 0.25, 0.5, 0.5, 0.25, 0.25, 0.5, 0.25]
Trust scores at iteration 82: [-0.1620943925841023, -0.38270238949605406, -0.4612255917492556, -0.7064776145441432, -0.7547320337801361, 0.08278899624154268, 0.277247087407712, 0.4351138249119539, -1.0774624955576648, -0.8852802441905194]
X.shape (10, 5)
s1 and s2 score at iteration 82
S_1 [-0.11817995437869182, -0.06757823544738048, -0.01701985099756207, -0.1703538959876407, -0.14052749767744213, -0.09291383526352003, -0.0759655035757317, -0.06496401342446032, -0.1777828131046428, -0.023997089559275406]
S_2 [0.25, 0.25, 0.25, 0.3333333333333333, 0.3333333333333333, 0.25, 0.5, 0.3333333333333333, 0.3333333333333333, 0.3333333333333333]
Trust scores at iteration 83: [0.8287678479725592, 0.1952860512102767, -0.3170417529868672, 0.8008634815655029, 0.49698007395896426, 0.8142424037627815, 0.7551620979628849, 0.8423900722103961, 0.5509991484008055, -0.6409961425369942]
X.shape (10, 5)
s1 and s2 score at iteration 83
S_1 [0.19320873397948088, 0.3282446406889123, 0.27194053537511687, -0.27941009776845244, 0.2611609295377864, 0.22767822701883603, 0.2569247268191053, -0.2114913150733556, -0.24996897096537335, -0.06508766079674155]
S_2 [0.16666666666666666, 0.16666666666666666, 0.16666666666666666, 0, 0.16666666666666666, 0.16666666666666666, 0.16666666666666666, 0.3333333333333333, 0.3333333333333333, 0.3333333333333333]
Trust scores at iteration 84: [0.7177444705638609, 0.24099314352873522, -0.22021512808972454, 0.5530501848833478, 0.4667774011259064, 0.721149582130633, 0.6842962775609459, 0.4693850565206845, 0.20411939696851716, -0.7245902353202119]
X.shape (10, 5)
s1 and s2 score at iteration 84
S_1 [-0.03340480550196126, 0.12723227528605202, -0.09239558591066406, 0.08997298758732447, 0.10840733030648224, -0.2675790017149987, 0.01232670161774382, -0.1414432211418142, -0.18994610018808553, -0.015118001635415941]
S_2 [0.3333333333333333, 0.3333333333333333, 0.3333333333333333, 0.3333333333333333, 0.3333333333333333, 0.5, 0.3333333333333333, 0.3333333333333333, 0.3333333333333333, 0.3333333333333333]
Trust scores at iteration 85: [0.4707003334311613, 0.25484417199942494, -0.39611227836074914, 0.47616596369005654, 0.4245671947127739, 0.14751591324057772, 0.49618435323426013, 0.13222335826140735, -0.1504347344525024, -0.7337250097147404]
X.shape (10, 5)
s1 and s2 score at iteration 85
S_1 [-0.11462712634652633, 0.005237207320116449, -0.032029203614885385, 0.03189165502685329, -0.09701528276162605, -0.12518492888045063, -0.23107377066510443, 0.08770734492734432, -0.28498011041479704, 0.03524358070009592]
S_2 [0.5, 0.3333333333333333, 0.25, 0.25, 0.3333333333333333, 0.5, 0.5, 0.25, 0.5, 0.25]
Trust scores at iteration 86: [0.05405618354153008, 0.12557439124673309, -0.46647283918577875, 0.384283231574492, 0.0949633725967109, -0.23870687644664926, -0.12343329927119812, 0.18738985452219625, -0.765251927635574, -0.6383915217529219]
X.shape (10, 5)
s1 and s2 score at iteration 86
S_1 [-0.2778377098857985, -0.1663726888984124, 0.004430481190937425, 0.07226219231351914, 0.07767018516826786, 0.019419165891064134, -0.2068640248360756, -0.28857368206710904, 0.023832125659659746, 0.07162967578224115]
S_2 [0.3333333333333333, 0.5, 0.5, 0.25, 0.25, 0.25, 0.3333333333333333, 0.3333333333333333, 0.25, 0.25]
Trust scores at iteration 87: [-0.5906243712812971, -0.3645678552356951, -0.5379455776019927, 0.39119659859205236, 0.15571886670720425, -0.24039771714045527, -0.6044230005285647, -0.4980245218755039, -0.6794385130690505, -0.47929848484814175]
X.shape (10, 5)
s1 and s2 score at iteration 87
S_1 [-0.013322407174206815, 0.07978521910919485, 0.06058094750801805, 0.14328676669951018, -0.1301858778801346, -0.07465505339802453, -0.16385591656997545, -0.11658590524571125, -0.20660122274624199, -0.008979526737762157]
S_2 [0.3333333333333333, 0.25, 0.25, 0.3333333333333333, 0.25, 0.25, 0.25, 0.25, 0.25, 0.25]
Trust scores at iteration 88: [-0.665977300623866, -0.33885938207777855, -0.5063344710910884, 0.3325171088032445, -0.11642427513770479, -0.39499083157789905, -0.797792400632439, -0.6578690005152632, -0.9063035841295468, -0.5293039452456514]
X.shape (10, 5)
s1 and s2 score at iteration 88
S_1 [-0.06574365006607365, 0.13771769164935138, 0.1541255504168304, -0.07587788000879059, -0.025393261361890948, -0.14186557068199726, 0.1209568032035727, -0.13533796369101522, -0.2199299636086736, -0.060233737740470444]
S_2 [0.3333333333333333, 0.3333333333333333, 0.3333333333333333, 0.5, 0.3333333333333333, 0.3333333333333333, 0.3333333333333333, 0.3333333333333333, 0.3333333333333333, 0.3333333333333333]
Trust scores at iteration 89: [-0.7300645646843369, -0.25399913673335617, -0.38038430042742516, 0.05879272104051808, -0.22367418197106093, -0.5738103956960054, -0.6604044444404821, -0.7909039597993959, -1.0844010423150374, -0.6085297866776007]
X.shape (10, 5)
s1 and s2 score at iteration 89
S_1 [-0.04326143392030944, -0.13712830685070818, 0.004954280920225719, -0.04758881205758506, -0.19724661908448254, -0.12907475416809058, -0.03698216486200496, -0.01605933750960442, -0.18974998848020763, -0.1709178502804243]
S_2 [0.5, 0, 0.25, 0.25, 0.3333333333333333, 0.3333333333333333, 0.25, 0.25, 0.3333333333333333, 0]
Trust scores at iteration 90: [-2.0803746484882257, -4.367711882183993, -0.2483266553633114, -1.4658653166642603, -6.262128546306747, -4.495715278729431, -1.7560470845961809, -1.23349445297089, -6.766772047974313, -5.69210373431465]
X.shape (10, 5)
s1 and s2 score at iteration 90
S_1 [0.0390420889901805, -0.15688068228139537, 0.1248419812908097, 0.12359758156077302, -0.01464677559005561, 0.23913338014412114, 0.2134073218889578, 0.2625665441873164, -0.1602551710287449, 0.23309101825389142]
S_2 [0.3333333333333333, 0.5, 0.25, 0.25, 0.25, 0.25, 0.3333333333333333, 0.25, 0.5, 0.3333333333333333]
Trust scores at iteration 91: [-1.8460143402070444, -3.9521784843399157, -0.21475746182380404, -1.2503762292739424, -5.406176729245907, -3.7597449727500605, -1.4707238867707144, -0.9734702850252566, -5.993307415847761, -4.8051270631572836]
X.shape (10, 5)
s1 and s2 score at iteration 91
S_1 [0.3814628418905715, -0.16821968201128593, 0.38201203671614004, 0.2999453402078701, 0.04307492804723403, 0.43542847610215357, 0.3566731372958036, 0.2744593288888054, -0.6642032921977482, 0.3937847964740705]
S_2 [0.16666666666666666, 0.5, 0.16666666666666666, 0.16666666666666666, 0.25, 0.16666666666666666, 0.16666666666666666, 0.16666666666666666, 0, 0.16666666666666666]
Trust scores at iteration 92: [-1.4877027168424377, -3.567301417981847, -0.10094517904440947, -1.009492145221681, -4.655411412657148, -3.0957832268375514, -1.17724559373224, -0.7829017244159192, -5.323121542804344, -3.998703762601734]
X.shape (10, 5)
s1 and s2 score at iteration 92
S_1 [-0.22816778376048552, 0.133287181440985, 0.13347647518974173, -0.2313168229447452, 0.11125649344095281, -0.20937293270471274, -0.23066126597795641, 0.025770560319508196, 0.039475251505623095, 0.04824445845531514]
S_2 [0.3333333333333333, 0.2, 0.2, 0.3333333333333333, 0.25, 0.3333333333333333, 0.3333333333333333, 0.2, 0.2, 0.2]
Trust scores at iteration 93: [-1.6709607897846002, -2.9724189323757906, -0.025803402187748056, -1.2680206737862183, -3.9445703726135255, -3.0167076911575896, -1.4098743943385657, -0.7265056766524469, -4.570291278917476, -3.4346813876610747]
X.shape (10, 5)
s1 and s2 score at iteration 93
S_1 [-0.14704977221018936, -0.15662888848906917, -0.025075500262187227, 0.06542034825145779, -0.16306201379815133, 0.05720209963678978, 0.0994130911764545, -0.09061968655779677, -0.19730472408381003, -0.038409971844869106]
S_2 [0.3333333333333333, 0.25, 0.25, 0.25, 0.25, 0.25, 0.25, 0.25, 0.25, 0.3333333333333333]
Trust scores at iteration 94: [-1.792193544578775, -2.8753864690858126, -0.1722682010207493, -1.0916077134674462, -3.711421850479036, -2.5903918287325283, -1.1608932351877808, -0.8667618472938226, -4.294951926240179, -3.127434280882858]
X.shape (10, 5)
s1 and s2 score at iteration 94
S_1 [0.10732818650762695, 0.08591496648568116, -0.09039791144254265, 0.2192846526437424, -0.2992085347434318, 0.1255319403997622, 0.07261858214582556, 0.2391471390400174, -0.4649316198904157, 0.15475739038251998]
S_2 [0.2, 0.3333333333333333, 0.3333333333333333, 0.2, 0.5, 0.2, 0.2, 0.2, 0.5, 0.3333333333333333]
Trust scores at iteration 95: [-1.5160451711646463, -2.490190147707812, -0.303128154573838, -0.8503248821935666, -3.4923808168306367, -2.1830957919341625, -1.0012107755870707, -0.6467475701997492, -4.092327691736838, -2.6612508290455255]
X.shape (10, 5)
s1 and s2 score at iteration 95
S_1 [-0.09308789012077869, -0.1388194571141325, 0.058276856969774186, -0.07112557312465874, 0.01110136016283525, 0.10475121441355345, 0.018418019703700612, -0.31897361527443896, 0.17535816938785886, 0.1939075915147995]
S_2 [0.3333333333333333, 0.3333333333333333, 0.3333333333333333, 0.3333333333333333, 0.25, 0.25, 0.25, 0.3333333333333333, 0.25, 0.25]
Trust scores at iteration 96: [-1.5106478687088, -2.3740474086684946, -0.3625780324029541, -0.9277963576106762, -3.0724360778470015, -1.887099618049219, -0.9492816358077001, -0.9464820520528103, -3.455327709647751, -2.2245632046886965]
X.shape (10, 5)
s1 and s2 score at iteration 96
S_1 [0.05110053668322259, 0.09450723921417414, 0.16946427794201824, 0.12064249781376181, -0.11676982736630606, 0.1596589122514417, -0.1978360502041604, -0.22111375240354628, -0.04409100571934633, -0.09142079072992365]
S_2 [0.3333333333333333, 0.3333333333333333, 0.3333333333333333, 0.3333333333333333, 0.3333333333333333, 0.3333333333333333, 0.3333333333333333, 0.3333333333333333, 0.3333333333333333, 0.5]
Trust scores at iteration 97: [-1.3388194420562385, -2.0342879426992533, -0.258191327542511, -0.7818411265071373, -2.8149285792219207, -1.5627138192384025, -1.0820024460669324, -1.100226878636362, -3.076055367218377, -2.1217991325577548]
X.shape (10, 5)
s1 and s2 score at iteration 97
S_1 [-0.008507949439272753, 0.07736935568786929, -0.004759521688701529, -0.1980867820183547, -0.1477034928337815, -0.10167901769792541, 0.10226309340661291, -0.25407605123307087, 0.09592294911419255, -0.14052815305860702]
S_2 [0.3333333333333333, 0.3333333333333333, 0.3333333333333333, 0.5, 0.5, 0.3333333333333333, 0.3333333333333333, 0.5, 0.3333333333333333, 0.3333333333333333]
Trust scores at iteration 98: [-1.2504760271336701, -1.715659006177741, -0.3264439178433496, -1.1051196074340375, -2.759341489988998, -1.5774500212782816, -0.8697020791568925, -1.4578728276177864, -2.573946816447586, -2.1096566372389995]
X.shape (10, 5)
s1 and s2 score at iteration 98
S_1 [0.11862008201941417, 0.2188521526368727, 0.35397343478093524, 0.3938895772634553, -0.12334208723319035, 0.13649349666387145, 0.07486622483864165, -0.48558648582093966, 0.39165304053701316, 0.20876364753300633]
S_2 [0.2, 0.2, 0.25, 0.2, 0.3333333333333333, 0.2, 0.3333333333333333, 0.3333333333333333, 0.2, 0.2]
Trust scores at iteration 99: [-1.1077320332567786, -1.4649674501112233, -0.2551780912887219, -0.8793516663189318, -2.542411077989435, -1.3788534211989703, -0.8607364070859242, -1.574111680685732, -2.1287065060549257, -1.8037073146764406]
X.shape (10, 5)
s1 and s2 score at iteration 99
S_1 [-0.04503472804787388, -0.05823063377744976, -0.14159519523346198, -0.04265742828526306, -0.044721882759423535, -0.14974685416563924, -0.20142157520369752, -0.17428200485219117, -0.006486254522133423, -0.062006189990614434]
S_2 [0.25, 0.25, 0.25, 0.25, 0.25, 0.25, 0.3333333333333333, 0.25, 0.25, 0.25]
Trust scores at iteration 100: [-0.012606898141315548, -0.01109076936927611, 2.945104612347361, 0.1265393907027511, -1.2393188921846234, 2.178494436206446, 3.776414557545897, 2.5799205660021443, -1.7719005301466868, -0.21170679441015827]
