Matplotlib created a temporary config/cache directory at /tmp/matplotlib-5zu7jz5u because the default path (/users/raysuan/.config/matplotlib) is not a writable directory; it is highly recommended to set the MPLCONFIGDIR environment variable to a writable directory, in particular to speed up the import of Matplotlib and to better support multiprocessing.
Loaded dataset for Tower 2 without noise: 552960 chunks
Loaded dataset for Tower 3 without noise: 535674 chunks
Loaded dataset for Tower 4 without noise: 552958 chunks
Loaded dataset for Tower 5 without noise: 518399 chunks
Loaded dataset for Tower 6 without noise: 518400 chunks
Loaded dataset for Tower 7 with same noise: 518398 chunks
Loaded dataset for Tower 8 with same noise: 518398 chunks
Loaded dataset for Tower 9 with same noise: 518399 chunks
Loaded dataset for Tower 10 with random noise: 518399 chunks
Loaded dataset for Tower 11 with random noise: 518396 chunks
W, alpha, th 0.5 0.85 0.4
X.shape (10, 5)
s1 and s2 score at iteration 0
S_1 [-0.23644800833044707, 0.09262767953290613, 0.13136304836337995, 0.35664460235735335, -0.21665800316667794, 0.31109870123151484, 0.09983120307296116, 0.28183199340158643, 0.22131183124501463, 0.30940559292329084]
S_2 [0.5, 0.5, 0.5, 0.25, 0, 0.25, 0.3333333333333333, 0.25, 0.25, 0.25]
Trust scores at iteration 1: [-0.24944690320598037, -0.1110420238015711, -0.09475044028631233, 0.07500000000000001, -0.09112348893041261, 0.05584399673030713, -0.0580123171303747, 0.04353480672582606, 0.018080827432485437, 0.05513189778206866]
X.shape (10, 5)
s1 and s2 score at iteration 1
S_1 [0.056546777769167694, -0.07207536617053481, -0.114551609551739, -0.030524557339044515, -0.13246235988832408, -0.13426905304243741, -0.09462351316748255, -0.016402226113766922, -0.04252486759366132, -0.14449597092374805]
S_2 [0.5, 0.5, 0.5, 0.5, 0.5, 0.5, 0.5, 0.5, 0.5, 0.5]
Trust scores at iteration 2: [-0.2120298677250833, -0.4355779570324061, -0.5344056119047994, -0.16722160937352684, -0.5788340320401939, -0.45870423184325976, -0.4503155229886629, -0.15650512454644228, -0.24743578158315607, -0.4864381648788048]
X.shape (10, 5)
s1 and s2 score at iteration 2
S_1 [0.26038753273556314, 0.05650805022177179, 0.07582527116225439, 0.14778155923535374, 0.35811319726935453, -0.05837312607891801, 0.30731310362760555, -0.413131090649817, 0.36550666763249656, 0.11588839953572647]
S_2 [0.25, 0.25, 0, 0.25, 0.25, 0.3333333333333333, 0.25, 0, 0.25, 0.3333333333333333]
Trust scores at iteration 3: [-0.18586514842670004, -0.4595509682411576, -0.42312689544935095, -0.19399040762005104, -0.4575431278457563, -0.5638542993486276, -0.3691502064808689, -0.3025739061701376, -0.17282041434568265, -0.5159130890605705]
X.shape (10, 5)
s1 and s2 score at iteration 3
S_1 [-0.10599550864155308, 0.17190673336861023, -0.3356889282479486, 0.033658865166877425, -0.12592371610039002, 0.055030236207422305, -0.037528020749355545, -0.2527415581716071, 0.10860080962259998, 0.13445477762781705]
S_2 [0.5, 0.2, 0.5, 0.2, 0.5, 0.2, 0.5, 0.5, 0.2, 0.2]
Trust scores at iteration 4: [-0.40047347121677823, -0.3006183230049839, -0.8025686636961642, -0.19552225939864964, -0.6487884333881053, -0.49125863198307085, -0.49652335685638505, -0.6277215537572542, -0.11213595963999715, -0.38120543529590933]
X.shape (10, 5)
s1 and s2 score at iteration 4
S_1 [-0.11623178541032114, 0.038483913700062315, 0.02288692077554623, 0.09301188589638928, -0.21611228863968174, 0.07627698441300879, 0.28016176306620133, -0.28972379247424873, 0.27451568400633486, 0.22534493938308298]
S_2 [0, 0.25, 0.3333333333333333, 0.25, 0.5, 0.3333333333333333, 0.3333333333333333, 0.5, 0.25, 0.25]
Trust scores at iteration 5: [-0.4026335259698783, -0.30992109594219497, -0.7699295930390758, -0.1913948946269196, -0.8171777615259688, -0.47673076072945686, -0.3720448533279273, -0.8386828787500886, -0.023338504476617394, -0.2783738197726737]
X.shape (10, 5)
s1 and s2 score at iteration 5
S_1 [0.12132087924551133, -0.03623901170677271, 0.1725534743980518, -0.02320004211150792, 0.14798674754747568, -0.1370614220683717, -0.06511033089699715, 0.046339603255257135, -0.39617577952901734, 0.09181140722686919]
S_2 [0, 0.5, 0.3333333333333333, 0.5, 0.3333333333333333, 0.5, 0.5, 0.3333333333333333, 0, 0.3333333333333333]
Trust scores at iteration 6: [-0.23677477372538602, -0.4449353500039206, -0.6044401540832144, -0.3328533581791374, -0.66595684826321, -0.6743680567705064, -0.5228382585258234, -0.7725976272926117, -0.3642316457439747, -0.2568064817362047]
X.shape (10, 5)
s1 and s2 score at iteration 6
S_1 [0.18397452379327306, 0.01481522614064277, -0.12556522983690802, 0.08883776960790064, -0.13586438035111997, -0.05116850629291056, 0.01918988880364097, -0.14823414179148062, 0.045397498108148096, -0.1332570390430943]
S_2 [0.25, 0.5, 0.5, 0.25, 0.5, 0.5, 0.25, 0.5, 0.25, 0.5]
Trust scores at iteration 7: [-0.1262585576665781, -0.5161157450255963, -0.7661512649738094, -0.285493230881947, -0.8268376642994748, -0.7649320808186797, -0.5037664223352202, -0.9275677675333547, -0.3475829440378806, -0.476934008432753]
X.shape (10, 5)
s1 and s2 score at iteration 7
S_1 [-0.31197753298957104, 0.09924136811896786, 0.13838056003968502, 0.0736224979533703, -0.037434436816955186, -0.33875896614375295, -0.14650142561132984, -0.00925073177246809, 0.13461490877776677, 0.16797596395036948]
S_2 [0.5, 0.3333333333333333, 0.3333333333333333, 0.25, 0.5, 0.5, 0.5, 0.25, 0.25, 0.25]
Trust scores at iteration 8: [-0.5359110012844539, -0.4500773397143376, -0.6276568241402687, -0.25192546700116414, -0.8862404016123587, -1.1026989114711294, -0.7090250204332424, -0.8716933662247766, -0.2502364210743974, -0.33039390716784006]
X.shape (10, 5)
s1 and s2 score at iteration 8
S_1 [-0.18280961273800245, 0.057614363770606546, -0.20368791155385807, -0.08606565217382342, -0.00762570802848592, -0.10022982027155412, 0.05671649856937284, -0.08602455945726722, -0.10580040886725744, 0.1063617460664008]
S_2 [0, 0.3333333333333333, 0.5, 0, 0.5, 0.3333333333333333, 0.3333333333333333, 0.3333333333333333, 0.3333333333333333, 0.3333333333333333]
Trust scores at iteration 9: [-0.7133373611713814, -0.4013132689058952, -0.9707655886235869, -0.33551344174348946, -0.9140587361277966, -1.178646333403183, -0.6226850401762468, -0.9622582037866921, -0.4619093144607231, -0.23083482109266404]
X.shape (10, 5)
s1 and s2 score at iteration 9
S_1 [-0.08299808945522184, 0.03841100752395959, 0.20296106697338853, 0.013896373026928496, -0.0389759786449163, 0.08209056360709083, 0.11849507908013458, 0.2488299953568922, -0.2805719339439934, 0.2917883851303766]
S_2 [0.3333333333333333, 0.3333333333333333, 0.3333333333333333, 0.5, 0, 0.3333333333333333, 0.3333333333333333, 0.3333333333333333, 0.5, 0.3333333333333333]
Trust scores at iteration 10: [-0.7490036829348972, -0.4213702865353399, -0.8208143147573811, -0.42804270057630234, -0.796986353115171, -1.0596489903388089, -0.56836737880127, -0.7900031434207886, -0.6868568629738401, -0.14620959792876442]
X.shape (10, 5)
s1 and s2 score at iteration 10
S_1 [-0.06838709105682249, -0.009206699542000263, -0.237181138368335, -0.051152857343564076, -0.004108715987454165, -0.16467948220865905, -0.10987877284485649, 0.006054285203747635, -0.06826906598477685, -0.15508409234563922]
S_2 [0.3333333333333333, 0.3333333333333333, 0.3333333333333333, 0.3333333333333333, 0.5, 0.3333333333333333, 0.3333333333333333, 0.5, 0.5, 0.3333333333333333]
Trust scores at iteration 11: [-2.4310007393872164, -0.6862684560205816, -6.674054043133612, -1.7311912917138583, -0.9292352890253184, -5.080774102862045, -3.3054511397513235, -0.6715026719076703, -2.425251772149006, -4.066616777742575]
X.shape (10, 5)
s1 and s2 score at iteration 11
S_1 [-0.1751772127958285, 0.010487043294947287, -0.2895090908208345, -0.13777971543449857, -0.007627315548877572, 0.03295171394817506, 0.04074839379809004, 0.06730364773666248, 0.0736400456478331, -0.135559147080043]
S_2 [0, 0.5, 0.5, 0.5, 0.5, 0.3333333333333333, 0, 0.3333333333333333, 0.3333333333333333, 0.5]
Trust scores at iteration 12: [-2.423175256821111, -0.711966760144121, -6.4126571901139275, -1.9021609480950978, -0.955386343079601, -4.351537481887918, -2.7266316317318693, -0.5336841029725068, -2.0114640063266553, -3.8827494574077717]
X.shape (10, 5)
s1 and s2 score at iteration 12
S_1 [0.13647962062344338, 0.3388153406721433, -0.6236707926467084, 0.04683938292845443, 0.24271863542144376, 0.3296933718456559, 0.2870745954886258, 0.3644533462241685, 0.3187049683358848, -0.14041300819981983]
S_2 [0.3333333333333333, 0.2, 0, 0.2, 0.2, 0.2, 0.2, 0.2, 0.2, 0.5]
Trust scores at iteration 13: [-2.1035273257389964, -0.5257237162790296, -5.707446113210461, -1.6575588721972536, -0.7721813933038553, -3.6231132069350402, -2.2594840705158292, -0.3636314875266307, -1.6385733083204816, -3.5081275665779534]
X.shape (10, 5)
s1 and s2 score at iteration 13
S_1 [-0.02446346652499546, 0.11889686334515377, -0.23753838291942975, -0.18219512326943837, -0.09046524354470835, 0.03905651128974814, 0.185316561125745, 0.18505552800787375, 0.2510243380626018, 0.15064764532318053]
S_2 [0.5, 0.3333333333333333, 0.5, 0.5, 0.5, 0.3333333333333333, 0.3333333333333333, 0.3333333333333333, 0.3333333333333333, 0.3333333333333333]
Trust scores at iteration 14: [-1.952616410943766, -0.47581814547018686, -5.1432706418787895, -1.667796032528691, -0.8604118371894177, -3.1563079442816235, -1.9098252485280318, -0.2985065337498073, -1.3427873120724094, -2.9918886870004324]
X.shape (10, 5)
s1 and s2 score at iteration 14
S_1 [0.348645242711139, 0.2171363631423848, 0.23291496530615785, -0.09961784746567073, 0.33665976530195274, -0.40519823569878394, -0.44192578959307205, 0.312976740463877, 0.3243880494207563, 0.19544039402098667]
S_2 [0.16666666666666666, 0.16666666666666666, 0.16666666666666666, 0.3333333333333333, 0.16666666666666666, 0.3333333333333333, 0.3333333333333333, 0.2, 0.16666666666666666, 0.16666666666666666]
Trust scores at iteration 15: [-1.5847239493022012, -0.3860253780523548, -4.346571465309903, -1.6104858876916388, -0.6615066545918749, -3.007192929173388, -1.963484181613759, -0.20907645456779692, -1.0768055515363901, -2.5340197418369685]
X.shape (10, 5)
s1 and s2 score at iteration 15
S_1 [0.07779930569517296, 0.005826598151978384, 0.057753604957802435, -0.1294925590070909, -0.08404899594996867, -0.15918083541433678, -0.19508256490525688, -0.26482287509134284, 0.022386506116695085, -0.06063936415896665]
S_2 [0.5, 0.5, 0.5, 0.5, 0.5, 0.5, 0.5, 0.5, 0.5, 0.5]
Trust scores at iteration 16: [-1.347015356906871, -0.4668876700263953, -3.7332346136972387, -1.7685795494704242, -0.8743302952763815, -3.013020653022678, -2.1950881081283837, -0.8383034923950411, -1.022122689434343, -2.4208317651177618]
X.shape (10, 5)
s1 and s2 score at iteration 16
S_1 [-0.19937493915231502, 0.03012142549350442, -0.22000609043797031, -0.013678452971372913, -0.05223425314899157, -0.02439434945550586, -0.08895056830809712, -0.24966114887238713, -0.004063299361871183, -0.09623271624240443]
S_2 [0.5, 0.25, 0.5, 0.25, 0, 0.25, 0.5, 0.5, 0.25, 0]
Trust scores at iteration 17: [-2.287819147757755, -0.321854519522436, -4.418845430962069, -1.6464091790016977, -1.0032991830969222, -2.7575476098268097, -2.4587848457496855, -2.105831542654442, -0.964038882964549, -2.5369309148847368]
X.shape (10, 5)
s1 and s2 score at iteration 17
S_1 [-0.11330853965565003, 0.02318711980240633, 0.16883090362086955, -0.18252305527710563, 0.13727869629205897, 0.1812072669446425, -0.09440143521701927, 0.22963177244614316, -0.2350087349170453, -0.013236461425797054]
S_2 [0.5, 0.5, 0.5, 0.5, 0.3333333333333333, 0.3333333333333333, 0, 0.5, 0.5, 0.3333333333333333]
Trust scores at iteration 18: [-2.168661647105165, -0.40843005790122194, -3.795734942271433, -1.6686754595436144, -0.8631311553341674, -2.3255473098346924, -2.1516319971038302, -1.7899568112562756, -1.1229453883903784, -2.265037595157306]
X.shape (10, 5)
s1 and s2 score at iteration 18
S_1 [0.12397904310633587, -0.08814723313727793, 0.13553982980089968, -0.2911434381456189, -0.17666373316152562, 0.0022541671897037263, 0.12829225164320426, 0.032677493683493965, -0.18486621794473382, -0.20105828329183667]
S_2 [0.3333333333333333, 0.3333333333333333, 0.3333333333333333, 0.5, 0, 0.3333333333333333, 0.3333333333333333, 0.3333333333333333, 0.5, 0.5]
Trust scores at iteration 19: [-1.8061565580867474, -0.5447168372028555, -3.176374700930718, -1.890578438684409, -0.9291727204143412, -2.074220558622558, -1.7869079891037405, -1.585299572528169, -1.3090923916453359, -2.2977902955951954]
X.shape (10, 5)
s1 and s2 score at iteration 19
S_1 [-0.02422469480609167, -0.20179027668427738, 0.13203825419015944, 0.13256357820601578, 0.05635024896020954, -0.03726619930347676, -0.2585467765126654, -0.10788751148000945, -0.10917297842883991, 0.1161839917174544]
S_2 [0.3333333333333333, 0.5, 0.3333333333333333, 0.3333333333333333, 0.3333333333333333, 0.3333333333333333, 0.5, 0.3333333333333333, 0.3333333333333333, 0.3333333333333333]
Trust scores at iteration 20: [-1.6626441043873235, -0.8413415723554738, -2.6505129169997472, -1.5569916728817474, -0.8260346730193528, -1.9052553913200392, -1.9614258768735813, -1.5695828646283618, -1.3362613085367752, -1.9216557860679961]
X.shape (10, 5)
s1 and s2 score at iteration 20
S_1 [0.13735077450816563, 0.19594315595656178, 0.03577388800288916, 0.07649939021284136, 0.055348537442234, -0.23135992058716923, -0.20613812946365717, -0.2201493979142217, -0.02304947256268743, -0.011831375517230921]
S_2 [0.3333333333333333, 0.3333333333333333, 0.3333333333333333, 0.5, 0.3333333333333333, 0.5, 0.5, 0.5, 0.3333333333333333, 0.5]
Trust scores at iteration 21: [-1.408101605599772, -0.6651403365021527, -2.325550061456186, -1.4148804859414112, -0.7597586090689405, -1.9465796126241979, -1.9750165344630801, -1.6526759943502984, -1.2534671321474848, -1.7924646690677395]
X.shape (10, 5)
s1 and s2 score at iteration 21
S_1 [0.04416236735708041, -0.21696016893434897, -0.00963734202777485, 0.07340529341305532, -0.025597408278955142, 0.08707860684262184, 0.12584536993889703, -0.19228513433811634, -0.13867270286069425, -0.22293382161723388]
S_2 [0.5, 0, 0.5, 0.25, 0.25, 0.25, 0.25, 0.5, 0.5, 0.5]
Trust scores at iteration 22: [-1.2942475183185072, -0.8239725652412639, -2.138204675720077, -1.190153783591011, -0.7513053660403145, -1.6258002862134795, -1.603764054293618, -1.783966739213237, -1.380736460252388, -1.9393184773183567]
X.shape (10, 5)
s1 and s2 score at iteration 22
S_1 [0.22502584883991966, 0.08450597926062729, 0.31896012230484816, -0.5058222130939792, 0.11726457106294544, -0.36421188433402185, 0.3085669339676763, 0.3021182938724043, 0.2798609591692963, 0.0848369820153177]
S_2 [0.2, 0.2, 0.2, 0.5, 0.5, 0.5, 0.2, 0.2, 0.2, 0.5]
Trust scores at iteration 23: [-1.054285633914388, -0.7206353585697666, -1.7274739743620655, -1.3995078883327876, -0.7334625868594381, -1.703211161583491, -1.2780871363075499, -1.4342920735035927, -1.1020134762328837, -1.7585237204475188]
X.shape (10, 5)
s1 and s2 score at iteration 23
S_1 [0.14062228712238037, 0.17060175123799434, -0.0753179297048876, -0.0256289806539852, 0.25469035130560175, 0.3378956011119017, 0.13753643688196152, 0.29892567646295387, 0.0053464515101570515, 0.15430648587867032]
S_2 [0.5, 0.25, 0.25, 0.25, 0.25, 0.25, 0.25, 0.25, 0.25, 0.25]
Trust scores at iteration 24: [-0.9837171668334959, -0.611805826219354, -1.5767883222282053, -1.275959027206766, -0.5853800143139879, -1.3727294873459674, -1.1003183271527563, -1.1614479511336817, -1.0093380361328825, -1.50124479479456]
X.shape (10, 5)
s1 and s2 score at iteration 24
S_1 [0.16962195415737866, -0.38657976739803357, 0.09639820832917756, -0.11073224723507367, 0.18459304943717147, 0.14855634920521846, 0.051424863161055795, -0.45355487943168415, 0.1906522086531687, 0.1356575170511776]
S_2 [0.3333333333333333, 0.5, 0.25, 0, 0.25, 0.25, 0.5, 0.5, 0.25, 0.25]
Trust scores at iteration 25: [-0.8027056271083152, -0.9741854550230542, -1.3394265714686682, -1.1716863095793937, -0.4273401947178823, -1.1249399476264859, -1.044810886956143, -1.4940754674515937, -0.7829373307129501, -1.2443264111408214]
X.shape (10, 5)
s1 and s2 score at iteration 25
S_1 [-0.10052548548737757, -0.14521236555865136, -0.059290462477628286, -0.19073296601895365, -0.07176120019749382, 0.055299224942579, 0.020178336374318144, -0.1986157601446224, -0.05795686246153467, -0.10265931917888434]
S_2 [0.3333333333333333, 0.5, 0.3333333333333333, 0.3333333333333333, 0.3333333333333333, 0.5, 0.5, 0.3333333333333333, 0, 0.3333333333333333]
Trust scores at iteration 26: [-1.054976711855519, -1.3719484165484324, -1.3993388790803098, -1.6132994732923236, -0.6578925271224335, -0.956198955482513, -0.9833552054827371, -1.9087124580493995, -0.8227056138391253, -1.436142435060769]
X.shape (10, 5)
s1 and s2 score at iteration 26
S_1 [-0.19624686021483537, 0.12156931238743877, 0.052594030916107926, -0.06012554299740702, 0.0966421140869358, 0.08090199573493471, -0.2661135691768699, -0.19375765448914378, 0.01803831726769746, 0.042325484485249004]
S_2 [0.25, 0.2, 0.2, 0.25, 0.2, 0.2, 0.25, 0.25, 0.2, 0.3333333333333333]
Trust scores at iteration 27: [-1.251372144141633, -1.1061561540661675, -1.2145441650165298, -1.5579912962431002, -0.5299654210557868, -0.8029470508033582, -1.2766998818266528, -1.9739761870331762, -0.7670429411781541, -1.3184971775371832]
X.shape (10, 5)
s1 and s2 score at iteration 27
S_1 [0.34801028988106375, 0.19691049951627163, 0.22529635533828973, 0.31853858693084, 0.16429351967854952, 0.3206052689543942, 0.022886957935481417, 0.05798495650911595, -0.5035050715375265, -0.06835818160318384]
S_2 [0.25, 0.5, 0.25, 0.25, 0.25, 0.25, 0.25, 0.3333333333333333, 0, 0.5]
Trust scores at iteration 28: [-0.988666322520388, -1.005360025216607, -1.0102549136122836, -1.2619955464352104, -0.45465652949702207, -0.6193171529336633, -1.1503301231648777, -1.7528869822435236, -0.8690081310469979, -1.3001864631503972]
X.shape (10, 5)
s1 and s2 score at iteration 28
S_1 [0.08512966291052308, 0.01998782523291797, -0.1915912376133385, -0.040649286085459035, 0.03191229539530211, 0.001197492187744424, -0.09089650198200942, -0.24657394376677377, -0.18551133718792434, -0.09548846432514124]
S_2 [0.3333333333333333, 0, 0.5, 0.3333333333333333, 0.3333333333333333, 0.5, 0.5, 0.5, 0, 0.5]
Trust scores at iteration 29: [-0.7903663741423297, -0.81933711321303, -1.3463038895282446, -1.244320989012119, -0.43022801055819737, -0.6743095771811927, -1.287941879046796, -2.074421666840703, -1.0655312302444275, -1.4234108884256695]
X.shape (10, 5)
s1 and s2 score at iteration 29
S_1 [-0.04617481876160052, -0.06784619935636949, 0.2754181441719499, 0.16318339085420416, -0.19081445444940512, 0.19508693950808653, 0.3134809475325164, 0.1499942631750653, -0.08895956504361838, -0.06801437585753077]
S_2 [0.3333333333333333, 0.3333333333333333, 0.3333333333333333, 0.3333333333333333, 0, 0.3333333333333333, 0.3333333333333333, 0.3333333333333333, 0.5, 0.3333333333333333]
Trust scores at iteration 30: [-0.7939059755012929, -0.8289008155385422, -1.1125712806004096, -1.0795899178517574, -0.4569981398842175, -0.5798144342263235, -1.0447505971897766, -1.7914864649516347, -1.0982685178366154, -1.3424439965852875]
X.shape (10, 5)
s1 and s2 score at iteration 30
S_1 [-0.16750333405266504, 0.16862423733160933, 0.2817050806849233, 0.1458951161565374, 0.1594894550483113, 0.078757023224508, 0.11458740863417659, -0.3307121891145385, 0.07449837240689162, -0.2152632461180996]
S_2 [0, 0.25, 0.25, 0.25, 0.3333333333333333, 0.5, 0.3333333333333333, 0, 0.25, 0]
Trust scores at iteration 31: [-0.7640108741976546, -0.6897780488449267, -0.8706855885103482, -0.9149664009573665, -0.4035247881346831, -0.6009063783553199, -0.927023448508094, -1.6988583964672168, -0.9688599607184377, -1.255698996534778]
X.shape (10, 5)
s1 and s2 score at iteration 31
S_1 [-0.049236612599056685, 0.09805135071770699, -0.11131628571399024, 0.05726260760933434, -0.14831118095632828, -0.10954947459071987, -0.16606906568681307, -0.10399266207167474, 0.01988991785048078, 0.08684181891918746]
S_2 [0.3333333333333333, 0.3333333333333333, 0, 0.3333333333333333, 0.3333333333333333, 0, 0.5, 0.5, 0.3333333333333333, 0.3333333333333333]
Trust scores at iteration 32: [-0.8247319371033143, -0.5363113415181876, -0.9103755889849011, -0.7901204941819371, -0.6698840931860637, -0.6783603738905677, -1.1920241555815239, -1.7531187183465686, -0.8931031585719875, -1.0344926081157333]
X.shape (10, 5)
s1 and s2 score at iteration 32
S_1 [0.09530436777102022, 0.056088347153640195, -0.1558487122725931, 0.19873362248856521, 0.10499721387074477, 0.29822420555130086, 0.14579172003501398, -0.21689592012996062, 0.1883113874612727, 0.2515654666797713]
S_2 [0.3333333333333333, 0.25, 0.3333333333333333, 0.3333333333333333, 0.25, 0.3333333333333333, 0.3333333333333333, 0.25, 0.25, 0.3333333333333333]
Trust scores at iteration 33: [-0.8030862147806148, -0.5401534759502169, -1.0022076121642707, -0.7216439229964431, -0.6290902660757498, -0.5766063178069826, -1.0898906093266527, -1.711744630734941, -0.7769213351626781, -0.9027870025051413]
X.shape (10, 5)
s1 and s2 score at iteration 33
S_1 [0.006092225731146341, 0.04980849968821784, -0.22401990772872946, -0.12507649200754742, -0.18364508475305089, -0.25669106643664036, -0.09866663733606545, 0.07526142754109572, 0.051270673600692554, -0.04326684768730853]
S_2 [0.3333333333333333, 0.3333333333333333, 0.5, 0.5, 0.5, 0.5, 0.5, 0.3333333333333333, 0.3333333333333333, 0.3333333333333333]
Trust scores at iteration 34: [-0.7704811549222024, -0.4598594840575159, -1.4483599779898253, -1.012681388996882, -1.0507410792394205, -1.1517142226088242, -1.2730548371884367, -1.4049829361247, -0.6581979745562522, -0.953602064696262]
X.shape (10, 5)
s1 and s2 score at iteration 34
S_1 [-0.3196240197237109, 0.10345300333589033, -0.07734358583324935, -0.1714631290492318, -0.13154215128251348, -0.00772806661956819, 0.012337505739243887, 0.04255554809468351, -0.1758659652992377, 0.10069280145039018]
S_2 [0, 0.3333333333333333, 0.5, 0, 0.5, 0.5, 0.5, 0.3333333333333333, 0.5, 0.3333333333333333]
Trust scores at iteration 35: [-1.1183426318689107, -0.3408805614488885, -1.4932490559328833, -1.1093893565537853, -1.233857320678025, -1.1401622737511143, -1.214208045776292, -1.2325327707162024, -0.964462275108082, -0.764563864833726]
X.shape (10, 5)
s1 and s2 score at iteration 35
S_1 [0.2694582030920377, -0.03030047060912961, -0.37989730846257264, 0.23264098017835227, -0.0014279781064404516, 0.375340725541155, 0.28920991150341496, 0.32012386704104895, 0.31016190235108265, -0.024299528667232406]
S_2 [0.2, 0.5, 0.5, 0.2, 0.5, 0.2, 0.2, 0.2, 0.2, 0.5]
Trust scores at iteration 36: [-0.9029057989962084, -0.45185766305149655, -1.5710826761677115, -0.9100090354179219, -1.1993493953048326, -0.8791379326884472, -0.9764978895086978, -0.9797195486791923, -0.7558407959927592, -0.8095902731578049]
X.shape (10, 5)
s1 and s2 score at iteration 36
S_1 [0.146410818482122, 0.161598113150242, -0.20016202532236346, -0.2624128369492571, -0.145331491263469, 0.05712955550949718, -0.22654177774458864, 0.04593562164997685, 0.1476736888148616, 0.16495470463009465]
S_2 [0.5, 0.3333333333333333, 0.3333333333333333, 0.3333333333333333, 0.5, 0.3333333333333333, 0.3333333333333333, 0.3333333333333333, 0.3333333333333333, 0.3333333333333333]
Trust scores at iteration 37: [-0.7843326365696027, -0.33713129829887917, -1.6174357187135708, -1.1121303106670983, -1.3016028025916389, -0.7953170219918948, -1.136026828336697, -0.8909904934320911, -0.6081790048277552, -0.638151732184134]
X.shape (10, 5)
s1 and s2 score at iteration 37
S_1 [-0.026974247936637066, 0.07478218106330384, -0.01384853609236011, -0.015743513989342026, -0.13667297693605754, -0.22380868578831267, 0.08724552759390553, -0.12860918683368922, 0.07612768802008332, -0.13985605523069303]
S_2 [0.3333333333333333, 0.3333333333333333, 0.3333333333333333, 0.3333333333333333, 0, 0.3333333333333333, 0.3333333333333333, 0.3333333333333333, 0, 0.3333333333333333]
Trust scores at iteration 38: [-0.8630591835458181, -0.3079896587351916, -1.548629952883822, -1.1223783647054675, -1.3413422958533976, -1.2108105725363751, -0.9656228040861924, -1.1284578729461203, -0.38606689822933926, -0.9328815074394627]
X.shape (10, 5)
s1 and s2 score at iteration 38
S_1 [0.00031629475703500966, 0.1119398280449281, -0.18523147841891136, -0.011240667805144532, -0.02738856378673601, -0.12067545939910818, -0.09034362303960744, 0.014967993046160557, 0.05325835007578264, -0.2557646226154639]
S_2 [0.25, 0.5, 0.3333333333333333, 0.5, 0.25, 0.3333333333333333, 0.3333333333333333, 0.25, 0.25, 0.5]
Trust scores at iteration 39: [-0.808176469258218, -0.26179120992491284, -1.6645466842143863, -1.11908416816344, -1.2518417811958116, -1.2908947818676202, -1.0418403471411912, -1.0141319970259952, -0.3317903744544064, -1.2856753160367784]
X.shape (10, 5)
s1 and s2 score at iteration 39
S_1 [-0.15169067558727192, -0.08050658651646897, -0.06819224049905273, -0.15666049183674902, -0.0498393607812415, -0.15253044064226437, -0.09148782573349824, -0.1569366108132081, -0.05633048065703845, -0.10392981738292527]
S_2 [0.25, 0.3333333333333333, 0.3333333333333333, 0.25, 0.5, 0.25, 0.3333333333333333, 0.25, 0.5, 0.5]
Trust scores at iteration 40: [-0.30541121142470784, -0.08022431697886728, -1.3096285807470862, -0.5547252515106255, -1.06406551401644, -0.713194361937642, -0.7102161837597676, -0.46468487920437507, -0.2624856933017531, -0.9300296255437335]
X.shape (10, 5)
s1 and s2 score at iteration 40
S_1 [0.08403780255259197, 0.15608225440410262, 0.16717836361301497, -0.06637053957766999, 0.1864264265164437, 0.29001623638521135, 0.158871028190847, -0.4865946418420827, 0.26067092272921216, 0.09829051151340158]
S_2 [0.25, 0.5, 0.3333333333333333, 0.5, 0.25, 0.25, 0.3333333333333333, 0, 0.25, 0.3333333333333333]
Trust scores at iteration 41: [-0.29113413432484325, -0.1374629886220629, -1.126717567307866, -0.6558441312992638, -0.8830336233563886, -0.5312152076469956, -0.6215136869415617, -0.6466549404957713, -0.1632906000527996, -0.8396881082063052]
X.shape (10, 5)
s1 and s2 score at iteration 41
S_1 [0.16866839794238528, 0.20698956548566755, -0.010325488876770872, 0.2143830226210802, 0.2182213527507631, -0.31168615020790613, -0.21458973992149266, 0.11552052334201852, 0.16124340942991428, -0.15703760470197092]
S_2 [0.3333333333333333, 0.3333333333333333, 0.3333333333333333, 0.3333333333333333, 0.3333333333333333, 0.5, 0.3333333333333333, 0.5, 0.3333333333333333, 0.3333333333333333]
Trust scores at iteration 42: [-0.23152549866222044, -0.07456399512626612, -1.06480741974896, -0.5101058854948982, -0.7005785798529303, -0.815778333477071, -0.7757903524066795, -0.6202507279943397, -0.12796224933238762, -0.9216786857809052]
X.shape (10, 5)
s1 and s2 score at iteration 42
S_1 [0.047623427151081, 0.2025186700216766, 0.022318004093566508, 0.16150380832503247, 0.07902102727795547, -0.12665367251519546, 0.05712891459004029, -0.15249523737667553, -0.08926839099744524, -0.29452321433327655]
S_2 [0.3333333333333333, 0.3333333333333333, 0.3333333333333333, 0.3333333333333333, 0.3333333333333333, 0.5, 0.3333333333333333, 0.5, 0.5, 0]
Trust scores at iteration 43: [-0.2615233132789099, -0.013379395857326191, -0.9885559759599488, -0.41396858087206145, -0.6369630948027358, -0.9372204696942253, -0.7171079862681717, -0.7901621402560397, -0.3248865500224575, -1.0015721143892815]
X.shape (10, 5)
s1 and s2 score at iteration 43
S_1 [0.08659596635927927, 0.027405263853494774, -0.04016045916627734, -0.06710084567191266, 0.029472639477338396, -0.18649134515069837, -0.2683134692517237, -0.19219775856973517, -0.03461058302157037, 0.007269623769366684]
S_2 [0.5, 0.5, 0.3333333333333333, 0, 0.3333333333333333, 0.5, 0.5, 0, 0.5, 0.3333333333333333]
Trust scores at iteration 44: [-0.2222948162870734, -0.11390157356150317, -1.0098378160106687, -0.468104190790516, -0.5903666462062999, -1.2696744060279626, -1.2243096300629421, -1.0045593743146515, -0.48610540675021546, -0.9387439836249547]
X.shape (10, 5)
s1 and s2 score at iteration 44
S_1 [0.006015783659579283, -0.14563807783233784, -0.17756373150430804, -0.2430188540198327, -0.15996281374282317, 0.03173796970072128, 0.08387385903181564, -0.12492067980062756, -0.009242985964238571, 0.026655109659989726]
S_2 [0.3333333333333333, 0.3333333333333333, 0.3333333333333333, 0, 0.5, 0.25, 0.25, 0.3333333333333333, 0.25, 0.25]
Trust scores at iteration 45: [-0.2781919670280625, -0.4572754594399109, -1.2759171009354386, -0.8325034531971311, -0.9378891272690851, -1.0974630637029714, -0.9656631855535007, -1.1772835977848863, -0.5047197507900443, -0.8252623909820018]
X.shape (10, 5)
s1 and s2 score at iteration 45
S_1 [-0.05724226736911972, 0.2699216039144956, -0.6092923491007833, -0.081125005820511, 0.387719405204912, 0.35045228110674786, 0.364033868270161, -0.0941500044705332, 0.36519420446965706, 0.30147268473537336]
S_2 [0.5, 0.2, 0, 0, 0.2, 0.2, 0.2, 0.5, 0.2, 0.2]
Trust scores at iteration 46: [-0.40860892993721853, -0.3442574854645107, -1.3202511714373093, -0.7390133926120538, -0.7072057581787223, -0.8572614241990401, -0.7399771142782025, -1.1871155973096557, -0.34772628650443005, -0.6448399670218975]
X.shape (10, 5)
s1 and s2 score at iteration 46
S_1 [-0.019399253570531863, -0.11639728639714801, -0.051230631417300616, -0.04424822033254596, -0.1767354361304361, -0.14206767465400358, -0.04254582146623972, -0.18203773135271792, -0.12225283809877811, -0.04393086700417624]
S_2 [0.3333333333333333, 0.3333333333333333, 0.3333333333333333, 0.5, 0.3333333333333333, 0.3333333333333333, 0.3333333333333333, 0, 0.3333333333333333, 0.5]
Trust scores at iteration 47: [-0.29731759044663575, 0.5073947845861052, -0.8260851248720087, -0.43602280474089355, 0.6654387892062813, 0.2698314571426188, -0.4000053524604128, 0.3985141314080902, 0.549722930045093, -0.35842925025146843]
X.shape (10, 5)
s1 and s2 score at iteration 47
S_1 [0.18535839322700742, -0.2994470959288153, 0.2645740613254812, -0.4065515589590755, -0.09774944592218236, 0.1744129617523545, 0.22384511321509207, -0.0679565227738499, 0.11788771112925062, 0.13104111530083812]
S_2 [0.25, 0.5, 0.25, 0.5, 0.5, 0.25, 0.25, 0.5, 0.3333333333333333, 0.25]
Trust scores at iteration 48: [-0.22263119584377675, 0.11151433473622419, -0.6271723561412073, -0.7511133846069358, 0.36020402002241236, 0.25323999315705076, -0.2880957860714176, 0.15020912893690577, 0.43410081070062045, -0.30537123318464426]
X.shape (10, 5)
s1 and s2 score at iteration 48
S_1 [-0.1528167857985133, -0.14619780830944787, 0.12237525690055223, -0.11231341594387473, 0.04041595168363459, 0.10951578339879417, -0.21804373388686116, 0.13734482286217464, 0.11626097639116113, 0.10662845467041694]
S_2 [0.5, 0.5, 0.5, 0.5, 0.5, 0.25, 0.5, 0.25, 0.25, 0.25]
Trust scores at iteration 49: [-0.5061340914328114, -0.21488152951393397, -0.5494453890300449, -0.911108535128347, 0.20031336074760872, 0.25986074140179904, -0.6330160591427694, 0.2026777595963699, 0.4209591424463998, -0.21811217291945845]
X.shape (10, 5)
s1 and s2 score at iteration 49
S_1 [0.151385445461301, 0.21823096732354474, -0.40797939364601626, 0.0965981640014548, -0.15258215486682575, 0.1268096742375321, 0.09432650489409099, 0.23492661264984666, 0.045683964552576124, -0.1331992124438576]
S_2 [0.25, 0.25, 0.5, 0.5, 0.5, 0.3333333333333333, 0.3333333333333333, 0.25, 0.25, 0]
Trust scores at iteration 50: [-0.40855478460620637, -0.11830942398978357, -0.8775223082981094, -0.8627645911973162, -0.07715693216041272, 0.20184926055523303, -0.5778364347399981, 0.24727609565691444, 0.3119843575681642, -0.2704426800240428]
X.shape (10, 5)
s1 and s2 score at iteration 50
S_1 [-0.1381252057261909, 0.14665537747003385, -0.24346388649989598, 0.02870718466348155, 0.1205976590015046, -0.355521334973115, 0.27036362201209363, 0.15982205998061993, 0.1312917651445057, 0.1916146951227066]
S_2 [0.3333333333333333, 0.3333333333333333, 0.5, 0.25, 0.25, 0.5, 0.25, 0.3333333333333333, 0.3333333333333333, 0.25]
Trust scores at iteration 51: [-0.5239045869374804, -0.11919737970184008, -1.0309697636838018, -0.7924229162335594, -0.07367480191431348, -0.17567434031161006, -0.4161609695289984, 0.19885529763863433, 0.2380284739355434, -0.19856684166024322]
X.shape (10, 5)
s1 and s2 score at iteration 51
S_1 [0.0626350610518341, 0.07380244775149729, 0.017596325002692197, -0.164606379082266, -0.016953629967395467, 0.12140793132248565, 0.09120000941793455, -0.26206148463343987, -0.22141601654033113, 0.02560857333593953]
S_2 [0.25, 0.3333333333333333, 0.3333333333333333, 0.5, 0.3333333333333333, 0.25, 0.25, 0.5, 0.5, 0.25]
Trust scores at iteration 52: [-0.44293302257532474, -0.11013454408813884, -0.9545839669992813, -1.0269313392147565, -0.18356986139166098, -0.07432318926486853, -0.316058836231186, -0.30475104236897677, -0.2212361990104986, -0.21214231741014417]
X.shape (10, 5)
s1 and s2 score at iteration 52
S_1 [-0.1834437489676726, -0.24443956222133809, -0.09218838142197316, -0.012015295473701025, -0.044961230729321136, -0.07956272590906306, -0.032357081177805655, -0.08158765549522029, -0.04907254811803351, -0.12698551295633206]
S_2 [0.5, 0.5, 0.5, 0.5, 0.5, 0.5, 0.5, 0.5, 0.5, 0.5]
Trust scores at iteration 53: [1.7636347437623, 2.807990520106188, 0.18949144796008754, -0.872891638332543, 0.2552655562297376, 0.7800933208999763, -0.014701378214456107, 0.6095090438910107, 0.2745752152637201, 1.2549772848420169]
X.shape (10, 5)
s1 and s2 score at iteration 53
S_1 [-0.17177381435153874, 0.2666198858185283, -0.11094947689311635, 0.2032452655354238, -0.19857258688196083, 0.28730923332561065, -0.1376391942031678, 0.07194029374124351, 0.21574404666670946, 0.00896982716457888]
S_2 [0.3333333333333333, 0.25, 0.5, 0.25, 0.3333333333333333, 0.25, 0.3333333333333333, 0.3333333333333333, 0.25, 0.25]
Trust scores at iteration 54: [1.309408905319076, 2.450990332653137, -0.046857388247091514, -0.7108464757046576, 0.013303843936662424, 0.7380793227649798, -0.18435560632014053, 0.4556416753575514, 0.27102578291253726, 0.996413709292409]
X.shape (10, 5)
s1 and s2 score at iteration 54
S_1 [0.009062466317334553, 0.29755389091645035, 0.32597673128217985, 0.10250598843852492, 0.1520673352853811, 0.2712535634554702, -0.1104819450294712, 0.21055129041338919, 0.11867189830863643, -0.2807505761778044]
S_2 [0.5, 0.25, 0.25, 0.25, 0.25, 0.25, 0.5, 0.25, 0.5, 0]
Trust scores at iteration 55: [0.9671677136362664, 2.145262855194632, 0.035171219989972226, -0.6320508055117752, 0.006282894685627167, 0.6771862553087504, -0.3575411448505291, 0.40918176756004154, 0.13497944735769862, 0.7177627188877451]
X.shape (10, 5)
s1 and s2 score at iteration 55
S_1 [0.3041296478536661, -0.1814026836885424, 0.4418709032949897, 0.048604556349510365, 0.3251980080203729, 0.5227057300239045, 0.31899155797586576, 0.36799914574228937, 0.5057265995349596, 0.29770403896746994]
S_2 [0.25, 0, 0.2, 0.25, 0.25, 0.2, 0.25, 0.2, 0.2, 0.2]
Trust scores at iteration 56: [0.7593681393091632, 1.7714165983973393, 0.03669850027871124, -0.673295215428783, -0.051338004280124465, 0.6056083170124379, -0.3623694926040321, 0.3334086094612097, 0.1398600572217982, 0.5755299474039272]
X.shape (10, 5)
s1 and s2 score at iteration 56
S_1 [-0.20848665296171812, 0.0644338281449964, 0.020940151853867224, -0.3176851768694692, 0.03725939640130012, -0.2600012750654811, 0.07334530813870647, 0.04279440773479685, -0.058969015099699734, -0.08080606289394866]
S_2 [0, 0.3333333333333333, 0.3333333333333333, 0.5, 0.5, 0.5, 0.3333333333333333, 0.5, 0.5, 0]
Trust scores at iteration 57: [0.21908257128661662, 1.5374790573975339, -0.025981139007445475, -1.372005430098815, -0.11743734481285156, -0.1669668921183639, -0.2580140687134273, 0.22091704252229047, -0.15171769843097918, 0.3239423121116375]
X.shape (10, 5)
s1 and s2 score at iteration 57
S_1 [-0.18458302721239644, -0.04220321509386779, -0.14341205952936376, -0.03488928310164793, -0.12758514570458604, -0.19493841050396418, -0.00411233453416221, -0.11662554880851037, -0.08325489980989115, -0.02272360575997859]
S_2 [0.5, 0.3333333333333333, 0.3333333333333333, 0.3333333333333333, 0.3333333333333333, 0.3333333333333333, 0.3333333333333333, 0.5, 0.3333333333333333, 0.5]
Trust scores at iteration 58: [6.769002708963925, 2.746246130182284, 5.1089615002267745, 0.006404025997101437, 4.453927045268965, 6.868579812388918, -0.1693119584064132, 4.291770054263063, 2.8078150211394917, 0.9542088404704576]
X.shape (10, 5)
s1 and s2 score at iteration 58
S_1 [-0.07360492923279979, 0.19379016628540358, -0.20431519468154186, -0.07636886809842056, 0.1460879101194687, -0.0756103035480927, -0.1553573759811742, 0.04168255273527886, 0.15078956506319227, -0.21205650117541083]
S_2 [0.3333333333333333, 0.25, 0.3333333333333333, 0.3333333333333333, 0.25, 0.3333333333333333, 0.3333333333333333, 0.25, 0.25, 0.5]
Trust scores at iteration 59: [5.59667965226999, 2.4093092106549414, 4.084470555007299, -0.15366860837511584, 3.823914864039208, 5.679767964116001, -0.36416691345119734, 3.6052682209536444, 2.428358880003725, 0.4969387668771388]
X.shape (10, 5)
s1 and s2 score at iteration 59
S_1 [0.17380335144838893, -0.02978700878724491, 0.15186407458785586, -0.18042685554056448, -0.09058838925302642, 0.24057905648545694, -0.2597163100845092, -0.06112814786850476, -0.07732369220790897, 0.21902877180429003]
S_2 [0.25, 0.3333333333333333, 0.25, 0.5, 0.3333333333333333, 0.25, 0.5, 0, 0.3333333333333333, 0.25]
Trust scores at iteration 60: [4.790543341480837, 1.9293407580570088, 3.4914865646831137, -0.39311368029158045, 3.0938461659860708, 4.902802769498601, -0.6214738711873145, 3.0263648523023536, 1.9158940607267756, 0.48396144266061136]
X.shape (10, 5)
s1 and s2 score at iteration 60
S_1 [-0.3212054475896553, -0.00859358657823576, -0.002508187532957574, 0.01719369236635361, -0.1903982875766538, 0.0657031153442677, 0.06564963747219524, 0.06559088081742061, 0.01617254997067452, -0.30593471054081994]
S_2 [0.3333333333333333, 0.5, 0.5, 0.5, 0.3333333333333333, 0.3333333333333333, 0.3333333333333333, 0.3333333333333333, 0.5, 0.3333333333333333]
Trust scores at iteration 61: [3.2386508414423996, 1.4703205139620041, 2.8120373959485456, -0.44489348413984403, 2.0950905658556045, 4.217382354073811, -0.4783748803183357, 2.6221538933949136, 1.5154318309364212, -0.38708072922232506]
X.shape (10, 5)
s1 and s2 score at iteration 61
S_1 [0.011908450540192992, 0.18621080731311188, 0.34696007408704244, -0.2020261808761634, -0.10681380857865858, 0.4158373540690455, 0.4125638483989597, 0.40656057546178537, 0.3663095569258219, 0.3027221206998173]
S_2 [0.3333333333333333, 0.16666666666666666, 0.16666666666666666, 0, 0, 0.16666666666666666, 0.16666666666666666, 0.16666666666666666, 0.2, 0.16666666666666666]
Trust scores at iteration 62: [2.607148807152907, 1.2419420184929488, 2.440386514970621, -0.45103393235438755, 1.7422973223739182, 3.6597750009627394, -0.3327994605417968, 2.3004845087768624, 1.330251490591512, -0.29482131550678053]
X.shape (10, 5)
s1 and s2 score at iteration 62
S_1 [-0.1902725870149863, -0.14151012798567503, 0.07200855500180231, -0.21431207965888194, -0.11563180273472905, 0.08799094861556266, 0.08799094861556268, 0.08799094861556268, -0.16325083721351064, -0.047260954417682986]
S_2 [0, 0.5, 0.5, 0, 0, 0.3333333333333333, 0.3333333333333333, 0.3333333333333333, 0.5, 0.5]
Trust scores at iteration 63: [1.891714850010508, 0.6644154576404615, 2.047083018955384, -0.7487211016156696, 1.2838327851706017, 3.1608087508183282, -0.23287954146052728, 2.0054118324603327, 0.702416669775042, -0.48116485003434656]
X.shape (10, 5)
s1 and s2 score at iteration 63
S_1 [-0.051020823971430346, -0.08019114464026761, -0.07579939360745706, -0.07040042692719578, -0.13432977685589698, 0.07036227382058988, 0.07036227382058986, 0.07036227382058988, 0.04548311148822973, -0.2593015760372428]
S_2 [0.5, 0.5, 0.3333333333333333, 0.3333333333333333, 0.5, 0.3333333333333333, 0.3333333333333333, 0.3333333333333333, 0.3333333333333333, 0.5]
Trust scores at iteration 64: [1.3491901938833515, 0.24379971405660644, 1.4784295824251419, -0.8864942720903184, 0.6548903946814126, 2.736687438195579, -0.1479476102414482, 1.7546000575912828, 0.5940161683003252, -1.1117755044337323]
X.shape (10, 5)
s1 and s2 score at iteration 64
S_1 [-0.2331363403312919, -0.08167181479981701, 0.05277961437450173, -0.3673752334568124, -0.1018599881542336, 0.13857946938940013, 0.13952179137484258, 0.14091053137280166, -0.1351782546818674, -0.028245711554844805]
S_2 [0.5, 0.5, 0.5, 0.5, 0.5, 0.25, 0.25, 0.25, 0, 0.25]
Trust scores at iteration 65: [0.7486368072582724, -0.02971031843603844, 1.1628493214962015, -1.2945929948992152, 0.2982263436324844, 2.3987028947538933, -0.052233789719738674, 1.5664100489525903, 0.3610157816698729, -1.0500768869232704]
X.shape (10, 5)
s1 and s2 score at iteration 65
S_1 [0.012668737937920017, 0.21446969882627506, 0.031980435865923536, -0.2160157609779805, -0.05418986561300399, -0.010732042774579472, -0.004593620497947574, 0.018424390239789843, 0.07666673864807244, 0.027886857478358715]
S_2 [0.5, 0.5, 0.5, 0.5, 0.5, 0.3333333333333333, 0.3333333333333333, 0.3333333333333333, 0.5, 0.5]
Trust scores at iteration 66: [0.49520179514160456, -0.025253770670632673, 0.8607890241076532, -1.401485360759309, 0.06559202720420301, 1.9313914751965073, -0.14761149713857097, 1.244334550920542, 0.2104840930520696, -1.0230612997239998]
X.shape (10, 5)
s1 and s2 score at iteration 66
S_1 [0.09090932942624735, -0.04813232077543717, 0.013057136419082904, 0.22043250391291455, 0.2207697721637224, 0.038346629230333, 0.03811981709553072, 0.037917618034410405, 0.1975199960054047, -0.44153308567264593]
S_2 [0.3333333333333333, 0.3333333333333333, 0.25, 0.25, 0.25, 0.3333333333333333, 0.3333333333333333, 0.3333333333333333, 0.25, 0]
Trust scores at iteration 67: [0.33268903724789234, -0.2041687696497365, 0.628042222260875, -1.153991710469894, 0.09325322312357257, 1.517737019988766, -0.2495696119240122, 0.9334471466257911, 0.2006146315930471, -1.1695977164915419]
X.shape (10, 5)
s1 and s2 score at iteration 67
S_1 [0.005074731457413236, -0.1075436075740828, 0.3616985112452178, 0.2691097079640287, 0.029555333839265355, 0.22975645512101212, 0.22995798559416514, 0.23060131448725263, 0.06597426404804334, 0.19685866904691351]
S_2 [0.5, 0.3333333333333333, 0.3333333333333333, 0.25, 0.3333333333333333, 0.25, 0.25, 0.25, 0.5, 0.3333333333333333]
Trust scores at iteration 68: [0.13489022368934822, -0.31814286679199455, 0.5838358889217438, -0.9442904591707617, -0.008477866998548092, 1.3103587731008761, -0.19176828731666865, 0.8140627523944168, 0.04788262579469997, -1.0125187947162286]
X.shape (10, 5)
s1 and s2 score at iteration 68
S_1 [-0.20932173634628626, 0.14616226605313343, 0.2290722624306883, -0.48875469649944125, 0.17634917252147841, 0.3317468692428197, 0.32864288170846134, 0.3236669174213598, -0.02850887165149564, -0.005469649685490414]
S_2 [0.5, 0.25, 0.25, 0.5, 0.25, 0.25, 0.25, 0.25, 0.25, 0.5]
Trust scores at iteration 69: [-0.1299885450206252, -0.27933388044444923, 0.524835979989702, -1.1736382884724583, -0.002469561434871012, 1.1888049571357446, -0.08940651829329128, 0.7632999734131105, -0.047190110513861475, -1.0131140883815584]
X.shape (10, 5)
s1 and s2 score at iteration 69
S_1 [-0.12029787454962183, 0.1688086224664975, -0.07081258752357233, -0.44183181502859054, 0.05590041413598528, 0.2580529634762212, 0.2565342884089598, 0.25365210365714563, 0.061778253573777836, -0.10336496720111847]
S_2 [0.5, 0.5, 0.5, 0, 0.25, 0.25, 0.25, 0.25, 0.5, 0]
Trust scores at iteration 70: [-0.3304165332059351, -0.28930939388006754, 0.2549489238285352, -1.2544187849064308, -0.04460555687871905, 1.0854842135653828, -0.0018783099506658324, 0.7212468631134072, -0.15420137647120924, -0.9212305520432019]
X.shape (10, 5)
s1 and s2 score at iteration 70
S_1 [-0.04608528890899834, -0.1785165697325506, -0.08050279473270809, 0.20225683187397736, 0.1456755773932528, 0.1947423052585592, 0.1960015948803054, 0.19825814124191068, -0.2463926928222355, -0.18506608074340924]
S_2 [0, 0.5, 0.5, 0.25, 0.5, 0.25, 0.25, 0.25, 0.5, 0.5]
Trust scores at iteration 71: [-0.3150323465973893, -0.5283064629900187, 0.007003191811257636, -0.9912559671704662, -0.07987715345852742, 0.9920885732822555, 0.06876435691057001, 0.6850942794584233, -0.4638037065526862, -1.0702967698861063]
X.shape (10, 5)
s1 and s2 score at iteration 71
S_1 [0.2736713881255482, 0.30579490486974825, 0.3106542850496479, 0.3605701271923152, -0.3157801479029812, 0.3921158360517649, 0.3927051047268002, 0.3862041163848282, -0.17160049468702152, -0.22504251155504512]
S_2 [0.25, 0.16666666666666666, 0.16666666666666666, 0.16666666666666666, 0, 0.16666666666666666, 0.16666666666666666, 0.16666666666666666, 0.5, 0.5]
Trust scores at iteration 72: [-0.23824432779959628, -0.3822572353756388, 0.07461208923959295, -0.7548420410848681, -0.1885128619960953, 0.9430502066882357, 0.1584497033739845, 0.6798469809940524, -0.6097787059833302, -1.1457108434995573]
X.shape (10, 5)
s1 and s2 score at iteration 72
S_1 [0.2818780975176398, 0.3682225903382268, -0.2913639939393693, 0.2968667615027043, 0.08868602816229766, 0.42871432226977785, 0.43290572308513625, 0.43881714516338427, -0.4340550865898684, 0.27304130283978306]
S_2 [0.16666666666666666, 0.16666666666666666, 0.5, 0.16666666666666666, 0.2, 0.16666666666666666, 0.16666666666666666, 0.16666666666666666, 0.5, 0.2]
Trust scores at iteration 73: [-0.15615384402298194, -0.2490498476318471, -0.18617610403399357, -0.5901383548420458, -0.18992056245427263, 0.8981392476438588, 0.2326615581079025, 0.6778699338449445, -0.8166840949877381, -0.9405210464789306]
X.shape (10, 5)
s1 and s2 score at iteration 73
S_1 [-0.30775219777927343, -0.07100594940395234, 0.0320121077771207, -0.0038543180385903148, -0.011413920631229047, 0.13724349870891533, 0.137224425429982, 0.13711347662263046, -0.06386375398763966, -0.10835061107094421]
S_2 [0.5, 0.3333333333333333, 0.3333333333333333, 0.3333333333333333, 0.5, 0.25, 0.25, 0.25, 0.5, 0.25]
Trust scores at iteration 74: [-0.6190878998240315, -0.3892981770337445, -0.2232621209904365, -0.6058301705988043, -0.32390729919452965, 0.8384183604972799, 0.2727414782906857, 0.651047336396078, -0.9139812394768826, -0.9928644673124802]
X.shape (10, 5)
s1 and s2 score at iteration 74
S_1 [0.05336623147249572, 0.40742325082357583, 0.2709590388712625, 0.2995099608423235, 0.009965581666003785, 0.1481779902827022, 0.14601493537577265, 0.14224638700318432, -0.13113958535850193, 0.2430910039839959]
S_2 [0.3333333333333333, 0.25, 0.25, 0.25, 0.3333333333333333, 0.3333333333333333, 0.3333333333333333, 0.3333333333333333, 0, 0.25]
Trust scores at iteration 75: [-0.6565770027851654, -0.29340345047868277, -0.2025144906971153, -0.5171858112782552, -0.4216522010199348, 0.6172099267700802, 0.1355882103754226, 0.455760732729244, -0.8251653869451652, -0.8669365898258953]
X.shape (10, 5)
s1 and s2 score at iteration 75
S_1 [0.38558967446735715, 0.13108744194828906, 0.32848096082901795, 0.4347901725702604, -0.716162110838535, 0.44739999669709246, 0.44936810030186286, 0.44061610260832873, 0.3997812620836585, 0.11391802472201351]
S_2 [0.16666666666666666, 0.25, 0.25, 0.16666666666666666, 0, 0.16666666666666666, 0.16666666666666666, 0.16666666666666666, 0.16666666666666666, 0.5]
Trust scores at iteration 76: [-0.4793798226381093, -0.280635674038183, -0.13748969392736526, -0.34447408197239493, -0.5974607626170888, 0.6239714807063994, 0.21524997881910923, 0.4844751879134894, -0.6179427679166607, -0.8488700294149435]
X.shape (10, 5)
s1 and s2 score at iteration 76
S_1 [0.08240571984853594, 0.01855625961265485, -0.12821669051156545, 0.1465497232035949, 0.14770050257071132, 0.26639114992064683, 0.2619611897439771, 0.25397804937716956, 0.10502403883945984, -0.4365706074456436]
S_2 [0.25, 0.5, 0.5, 0.5, 0.25, 0.25, 0.25, 0.25, 0.5, 0.5]
Trust scores at iteration 77: [-0.4360716907168095, -0.3780916314397864, -0.33906272077414684, -0.3602834922573819, -0.49967418792336193, 0.6053757586004396, 0.2554680521824206, 0.4798143191110261, -0.616114231129545, -1.1173644750295835]
X.shape (10, 5)
s1 and s2 score at iteration 77
S_1 [-0.0010838556963870876, -0.0013023473790718294, -0.06302248068271764, 0.05923294752135561, -0.2136242183711499, 0.18271494412037134, 0.18397794766312806, 0.185933696728254, -0.3602317223850981, -0.1072673838617858]
S_2 [0.3333333333333333, 0.3333333333333333, 0.3333333333333333, 0.5, 0.5, 0.25, 0.25, 0.25, 0, 0.25]
Trust scores at iteration 78: [-0.4715353259764964, -0.42242854139426417, -0.4390460177123106, -0.40845542827976, -0.7470620887517707, 0.5869727009368149, 0.2905700649372812, 0.48284217124437223, -0.8143101445981151, -1.1112966062073801]
X.shape (10, 5)
s1 and s2 score at iteration 78
S_1 [-0.017769497230795097, -0.07305520674001917, 0.03537308825365245, -0.14836011901177223, 0.14382868104660493, 0.18457371764112046, 0.18251834788767016, 0.18206222777400388, -0.4140885772924718, -0.2240397406639208]
S_2 [0, 0.3333333333333333, 0.3333333333333333, 0.3333333333333333, 0.25, 0.25, 0.25, 0.25, 0.5, 0.5]
Trust scores at iteration 79: [-0.41524600285210794, -0.5184350154099276, -0.4444419927356729, -0.5677569228717703, -0.5931155911057558, 0.5739267957962926, 0.32031419027714503, 0.48337479938450134, -1.17868654387292, -1.2766754978199923]
X.shape (10, 5)
s1 and s2 score at iteration 79
S_1 [0.2177982108742419, 0.06278609560857279, -0.07484179650402041, -0.4097440056486536, 0.1928218378907738, 0.23485673157124046, 0.241916120021763, 0.25126780449490954, 0.08170550245913889, -0.10148672153627834]
S_2 [0.2, 0.3333333333333333, 0.3333333333333333, 0, 0.2, 0.2, 0.2, 0.2, 0.3333333333333333, 0.3333333333333333]
Trust scores at iteration 80: [-0.3129395334755045, -0.5531881829962144, -0.5724541972976221, -0.7271993377219919, -0.4790388943517892, 0.5380408151985738, 0.32668436213825813, 0.47086857947682614, -1.1031076142810257, -1.295758967370999]
X.shape (10, 5)
s1 and s2 score at iteration 80
S_1 [0.34370453257683403, 0.5582022740695767, 0.11610773432619707, -0.5276357381091826, 0.602860154075055, 0.5247555875427292, 0.5247555875427292, 0.5572112942532361, 0.5897696298585114, 0.4820499527093044]
S_2 [0.16666666666666666, 0.14285714285714285, 0.3333333333333333, 0, 0.14285714285714285, 0.14285714285714285, 0.14285714285714285, 0.14285714285714285, 0.14285714285714285, 0.14285714285714285]
Trust scores at iteration 81: [-0.25548013032565536, -0.3956071721527971, -0.607696846826123, -0.7494025550163252, -0.32146877448473504, 0.5236154750242245, 0.3439624899229561, 0.47459450637349715, -0.8551842911099906, -1.0457400967001533]
X.shape (10, 5)
s1 and s2 score at iteration 81
S_1 [0.16077066534571927, 0.02291308017776152, 0.12859637327163753, -0.00224833407889325, -0.3449095695083113, -0.22008560057553195, 0.07214116638140038, 0.12245705372734281, -0.22889525854060425, 0.11549809021565853]
S_2 [0.3333333333333333, 0.3333333333333333, 0.3333333333333333, 0.3333333333333333, 0, 0.5, 0.3333333333333333, 0.3333333333333333, 0.5, 0.3333333333333333]
Trust scores at iteration 82: [-0.16715811077680703, -0.4148880543887471, -0.4965611282753435, -0.7390898810139362, -0.5950511660074449, 0.08973196161131597, 0.2596762595832664, 0.4176584997976073, -1.0904673035946537, -0.8811186677246551]
X.shape (10, 5)
s1 and s2 score at iteration 82
S_1 [-0.11817995437869182, -0.06757823544738048, -0.01701985099756207, -0.1703538959876407, -0.14052749767744213, -0.09291383526352003, -0.0759655035757317, -0.06496401342446032, -0.1777828131046428, -0.023997089559275406]
S_2 [0.5, 0.3333333333333333, 0.3333333333333333, 0.5, 0.3333333333333333, 0.3333333333333333, 0.5, 0.3333333333333333, 0.5, 0.3333333333333333]
Trust scores at iteration 83: [0.7494636875087601, 0.14292823605148758, -0.372076959034042, 0.7231430550661787, 0.6327088115657519, 0.7951439243270888, 0.7402268943121062, 0.8275530458632014, 0.489945061569365, -0.6374588025410095]
X.shape (10, 5)
s1 and s2 score at iteration 83
S_1 [0.19320873397948088, 0.3282446406889123, 0.27194053537511687, -0.27941009776845244, 0.2611609295377864, 0.22767822701883603, 0.2569247268191053, -0.2114913150733556, -0.24996897096537335, -0.06508766079674155]
S_2 [0.2, 0.2, 0.2, 0, 0.25, 0.2, 0.2, 0.3333333333333333, 0.3333333333333333, 0.3333333333333333]
Trust scores at iteration 84: [0.6353359341696317, 0.18148900064376444, -0.28199505322982316, 0.4869878223589222, 0.5446468280916759, 0.6899158746102942, 0.656601354457784, 0.4567735841255691, 0.15222342316179271, -0.721583496323625]
X.shape (10, 5)
s1 and s2 score at iteration 84
S_1 [-0.03340480550196126, 0.12723227528605202, -0.09239558591066406, 0.08997298758732447, 0.10840733030648224, -0.2675790017149987, 0.01232670161774382, -0.1414432211418142, -0.18994610018808553, -0.015118001635415941]
S_2 [0.3333333333333333, 0.5, 0.5, 0.5, 0.5, 0, 0.5, 0.3333333333333333, 0.5, 0.3333333333333333]
Trust scores at iteration 85: [0.40065307749606655, 0.15426565054719976, -0.49862521472983296, 0.3700129555442948, 0.4407562076336779, 0.27096726184828984, 0.42264366859657243, 0.12150360672555927, -0.24454631218821823, -0.7311692815676415]
X.shape (10, 5)
s1 and s2 score at iteration 85
S_1 [-0.11462712634652633, 0.005237207320116449, -0.032029203614885385, 0.03189165502685329, -0.09701528276162605, -0.12518492888045063, -0.23107377066510443, 0.08770734492734432, -0.28498011041479704, 0.03524358070009592]
S_2 [0.5, 0.5, 0.3333333333333333, 0.3333333333333333, 0.5, 0, 0.5, 0.3333333333333333, 0.5, 0.3333333333333333]
Trust scores at iteration 86: [-0.005483984003300468, -0.009917351987658307, -0.5786088350995, 0.26905317465059453, 0.05872403357947931, 0.016226769869906066, -0.18594288121323266, 0.1532780657167254, -0.8452467687109324, -0.6612191528278879]
X.shape (10, 5)
s1 and s2 score at iteration 86
S_1 [-0.2778377098857985, -0.1663726888984124, 0.004430481190937425, 0.07226219231351914, 0.07767018516826786, 0.019419165891064134, -0.2068640248360756, -0.28857368206710904, 0.023832125659659746, 0.07162967578224115]
S_2 [0.5, 0, 0.5, 0.25, 0.25, 0.25, 0.5, 0.5, 0.25, 0.25]
Trust scores at iteration 87: [-0.6912335136944031, -0.32973583698492775, -0.6332611741286558, 0.2932510502067395, 0.12491542854255741, -0.023704117771383273, -0.7075561451792941, -0.5770195423601541, -0.7474341279831052, -0.4987019712618629]
X.shape (10, 5)
s1 and s2 score at iteration 87
S_1 [-0.013322407174206815, 0.07978521910919485, 0.06058094750801805, 0.14328676669951018, -0.1301858778801346, -0.07465505339802453, -0.16385591656997545, -0.11658590524571125, -0.20660122274624199, -0.008979526737762157]
S_2 [0.5, 0.5, 0.3333333333333333, 0.5, 0.5, 0.5, 0.3333333333333333, 0.3333333333333333, 0.5, 0.3333333333333333]
Trust scores at iteration 88: [-0.7514950716750061, -0.34675216656462626, -0.5748527281387521, 0.24926339267572858, -0.18010719757765464, -0.24830127211418787, -0.872955573585559, -0.7125147679272158, -1.0015998568064932, -0.5332969086973143]
X.shape (10, 5)
s1 and s2 score at iteration 88
S_1 [-0.06574365006607365, 0.13771769164935138, 0.1541255504168304, -0.07587788000879059, -0.025393261361890948, -0.14186557068199726, 0.1209568032035727, -0.13533796369101522, -0.2199299636086736, -0.060233737740470444]
S_2 [0.5, 0.5, 0.5, 0.5, 0.3333333333333333, 0.3333333333333333, 0.5, 0.5, 0.3333333333333333, 0.5]
Trust scores at iteration 89: [-0.852754670077806, -0.31070800354717676, -0.4886248189179393, -0.011972937667870415, -0.2778046660450183, -0.44912427015185097, -0.7742931414506341, -0.8873528620995557, -1.165402874090442, -0.6619238056115142]
X.shape (10, 5)
s1 and s2 score at iteration 89
S_1 [-0.04326143392030944, -0.13712830685070818, 0.004954280920225719, -0.04758881205758506, -0.19724661908448254, -0.12907475416809058, -0.03698216486200496, -0.01605933750960442, -0.18974998848020763, -0.1709178502804243]
S_2 [0.5, 0, 0.25, 0.25, 0.5, 0.5, 0.25, 0.25, 0.5, 0]
Trust scores at iteration 90: [-2.1846612380726746, -4.41591441897574, -0.34033109608024836, -1.5260161265663907, -6.358139457769612, -4.439732072016899, -1.8528524770548103, -1.315476019926026, -6.885623604983408, -5.737488650408476]
X.shape (10, 5)
s1 and s2 score at iteration 90
S_1 [0.0390420889901805, -0.15688068228139537, 0.1248419812908097, 0.12359758156077302, -0.01464677559005561, 0.23913338014412114, 0.2134073218889578, 0.2625665441873164, -0.1602551710287449, 0.23309101825389142]
S_2 [0.3333333333333333, 0.5, 0.25, 0.25, 0.3333333333333333, 0.25, 0.3333333333333333, 0.25, 0.5, 0.3333333333333333]
Trust scores at iteration 91: [-1.9346579413538258, -3.9931506406129005, -0.29296123643320043, -1.3015044176907533, -5.512786003989342, -3.7121592470444087, -1.5530084703605493, -1.0431546169371222, -6.094331239305492, -4.8437042418370355]
X.shape (10, 5)
s1 and s2 score at iteration 91
S_1 [0.3814628418905715, -0.16821968201128593, 0.38201203671614004, 0.2999453402078701, 0.04307492804723403, 0.43542847610215357, 0.3566731372958036, 0.2744593288888054, -0.6642032921977482, 0.3937847964740705]
S_2 [0.2, 0.5, 0.2, 0.2, 0.5, 0.2, 0.2, 0.25, 0, 0.2]
Trust scores at iteration 92: [-1.5730497778172021, -3.602127750813884, -0.1774183874623964, -1.0629511053759702, -4.821029296189068, -3.0653353599877473, -1.2571874897836, -0.867133406541005, -5.408991792743415, -4.041494364479524]
X.shape (10, 5)
s1 and s2 score at iteration 92
S_1 [-0.22816778376048552, 0.133287181440985, 0.13347647518974173, -0.2313168229447452, 0.11125649344095281, -0.20937293270471274, -0.23066126597795641, 0.025770560319508196, 0.039475251505623095, 0.04824445845531514]
S_2 [0.5, 0.2, 0.2, 0.5, 0.3333333333333333, 0.5, 0.5, 0.2, 0.2, 0.2]
Trust scores at iteration 93: [-1.74350579161315, -2.9720213152830217, -0.060805629343036946, -1.3134607899173643, -4.072845573615657, -2.990827004335256, -1.4778250059822216, -0.7681026064587699, -4.613280991365687, -3.4410533992571963]
X.shape (10, 5)
s1 and s2 score at iteration 93
S_1 [-0.14704977221018936, -0.15662888848906917, -0.025075500262187227, 0.06542034825145779, -0.16306201379815133, 0.05720209963678978, 0.0994130911764545, -0.09061968655779677, -0.19730472408381003, -0.038409971844869106]
S_2 [0.5, 0.25, 0.25, 0.25, 0.25, 0.25, 0.25, 0.25, 0.25, 0.3333333333333333]
Trust scores at iteration 94: [-1.8538567961330423, -2.837548494556959, -0.16452009410274485, -1.0927318121789205, -3.7829557713308484, -2.5308932449335444, -1.1811512550848884, -0.864619237629197, -4.2939931818211585, -3.082850490739561]
X.shape (10, 5)
s1 and s2 score at iteration 94
S_1 [0.10732818650762695, 0.08591496648568116, -0.09039791144254265, 0.2192846526437424, -0.2992085347434318, 0.1255319403997622, 0.07261858214582556, 0.2391471390400174, -0.4649316198904157, 0.15475739038251998]
S_2 [0.2, 0.3333333333333333, 0.5, 0.2, 0.5, 0.2, 0.2, 0.2, 0.5, 0.3333333333333333]
Trust scores at iteration 95: [-1.5684589349857734, -2.458027869358286, -0.34654226369353425, -0.8512803660983197, -3.553184649554677, -2.1325219957050265, -1.0184300924996121, -0.6449263519848175, -4.09151275898067, -2.6233546074237233]
X.shape (10, 5)
s1 and s2 score at iteration 95
S_1 [-0.09308789012077869, -0.1388194571141325, 0.058276856969774186, -0.07112557312465874, 0.01110136016283525, 0.10475121441355345, 0.018418019703700612, -0.31897361527443896, 0.17535816938785886, 0.1939075915147995]
S_2 [0.5, 0.5, 0.5, 0.5, 0.25, 0.25, 0.25, 0.5, 0.25, 0.5]
Trust scores at iteration 96: [-1.555199567956758, -2.3467094720713977, -0.3994800251546959, -0.9286085189297163, -3.0866193356624354, -1.8066118912544535, -0.9264180551833602, -0.9449340165701184, -3.4171350168050085, -2.2298514163101646]
X.shape (10, 5)
s1 and s2 score at iteration 96
S_1 [0.05110053668322259, 0.09450723921417414, 0.16946427794201824, 0.12064249781376181, -0.11676982736630606, 0.1596589122514417, -0.1978360502041604, -0.22111375240354628, -0.04409100571934633, -0.09142079072992365]
S_2 [0.3333333333333333, 0.3333333333333333, 0.3333333333333333, 0.3333333333333333, 0.3333333333333333, 0.3333333333333333, 0.3333333333333333, 0.3333333333333333, 0.3333333333333333, 0.5]
Trust scores at iteration 97: [-1.3766883864170028, -2.0110506965917208, -0.2895580213814915, -0.7825314636283214, -2.8269843483650394, -1.4942992514628517, -1.0625684025362436, -1.0989110484760738, -3.043591578302046, -2.1262941124360024]
X.shape (10, 5)
s1 and s2 score at iteration 97
S_1 [-0.008507949439272753, 0.07736935568786929, -0.004759521688701529, -0.1980867820183547, -0.1477034928337815, -0.10167901769792541, 0.10226309340661291, -0.25407605123307087, 0.09592294911419255, -0.14052815305860702]
S_2 [0.5, 0.3333333333333333, 0.3333333333333333, 0.5, 0.5, 0.3333333333333333, 0.3333333333333333, 0.5, 0.3333333333333333, 0.3333333333333333]
Trust scores at iteration 98: [-1.3326646298403197, -1.6959073469863384, -0.353105607606483, -1.105706393987044, -2.7695888937606483, -1.5192976386690633, -0.853183142155807, -1.4567543719815412, -2.5463525958687043, -2.11347737013551]
X.shape (10, 5)
s1 and s2 score at iteration 98
S_1 [0.11862008201941417, 0.2188521526368727, 0.35397343478093524, 0.3938895772634553, -0.12334208723319035, 0.13649349666387145, 0.07486622483864165, -0.48558648582093966, 0.39165304053701316, 0.20876364753300633]
S_2 [0.2, 0.25, 0.25, 0.2, 0.5, 0.2, 0.3333333333333333, 0.5, 0.2, 0.2]
Trust scores at iteration 99: [-1.1475923455574306, -1.433178539798531, -0.24034052758738528, -0.8498504348889874, -2.5511213711953378, -1.2994238959811348, -0.7966953106350017, -1.5731609933949235, -2.0752514185628765, -1.7769549376384746]
X.shape (10, 5)
s1 and s2 score at iteration 99
S_1 [-0.04503472804787388, -0.05823063377744976, -0.14159519523346198, -0.04265742828526306, -0.044721882759423535, -0.14974685416563924, -0.20142157520369752, -0.17428200485219117, -0.006486254522133423, -0.062006189990614434]
S_2 [0.25, 0.25, 0.25, 0.25, 0.25, 0.25, 0.3333333333333333, 0.25, 0.25, 0.25]
Trust scores at iteration 100: [-0.04648816359686969, 0.01592980439651237, 2.957716541493497, 0.15161543741820382, -1.2467226414096406, 2.2460095326416063, 3.8308494895291814, 2.580728650199332, -1.7264637057784449, -0.18896727392788715]
