Matplotlib created a temporary config/cache directory at /tmp/matplotlib-rpb7opdo because the default path (/users/raysuan/.config/matplotlib) is not a writable directory; it is highly recommended to set the MPLCONFIGDIR environment variable to a writable directory, in particular to speed up the import of Matplotlib and to better support multiprocessing.
Loaded dataset for Tower 2 without noise: 552960 chunks
Loaded dataset for Tower 3 without noise: 535674 chunks
Loaded dataset for Tower 4 without noise: 552958 chunks
Loaded dataset for Tower 5 without noise: 518399 chunks
Loaded dataset for Tower 6 without noise: 518400 chunks
Loaded dataset for Tower 7 with same noise: 518398 chunks
Loaded dataset for Tower 8 with same noise: 518398 chunks
Loaded dataset for Tower 9 with same noise: 518399 chunks
Loaded dataset for Tower 10 with random noise: 518399 chunks
Loaded dataset for Tower 11 with random noise: 518396 chunks
W, alpha, th 0.5 0.7 0.3
X.shape (10, 5)
s1 and s2 score at iteration 0
S_1 [-0.23644800833044707, 0.09262767953290613, 0.13136304836337995, 0.35664460235735335, -0.21665800316667794, 0.31109870123151484, 0.09983120307296116, 0.28183199340158643, 0.22131183124501463, 0.30940559292329084]
S_2 [0.5, 0.3333333333333333, 0.5, 0.2, 0, 0.2, 0.25, 0.2, 0.2, 0.2]
Trust scores at iteration 1: [-0.49889380641196074, -0.12208404760314216, -0.18950088057262465, 0.18000000000000002, -0.18224697786082522, 0.14168799346061425, -0.06602463426074939, 0.11706961345165212, 0.06616165486497087, 0.14026379556413732]
X.shape (10, 5)
s1 and s2 score at iteration 1
S_1 [0.056546777769167694, -0.07207536617053481, -0.114551609551739, -0.030524557339044515, -0.13246235988832408, -0.13426905304243741, -0.09462351316748255, -0.016402226113766922, -0.04252486759366132, -0.14449597092374805]
S_2 [0.3333333333333333, 0.3333333333333333, 0.3333333333333333, 0.3333333333333333, 0.5, 0.3333333333333333, 0.5, 0.3333333333333333, 0.5, 0.3333333333333333]
Trust scores at iteration 2: [-0.24922566448837247, -0.6678433069243407, -0.940386091723705, -0.2359432187470537, -1.130331017401264, -0.8131616627056116, -0.8482273508382134, -0.20507069111063236, -0.47929581139605776, -0.8684158990922302]
X.shape (10, 5)
s1 and s2 score at iteration 2
S_1 [0.26038753273556314, 0.05650805022177179, 0.07582527116225439, 0.14778155923535374, 0.35811319726935453, -0.05837312607891801, 0.30731310362760555, -0.413131090649817, 0.36550666763249656, 0.11588839953572647]
S_2 [0.25, 0.25, 0.3333333333333333, 0.25, 0.25, 0.3333333333333333, 0.25, 0, 0.25, 0.25]
Trust scores at iteration 3: [-0.18573748686261915, -0.6461097243742634, -0.8960345148671365, -0.26886433242804403, -0.7223001134040677, -0.9171245684576419, -0.5665231694677603, -0.48263858438876595, -0.2605070679772404, -0.737772427191734]
X.shape (10, 5)
s1 and s2 score at iteration 3
S_1 [-0.10599550864155308, 0.17190673336861023, -0.3356889282479486, 0.033658865166877425, -0.12592371610039002, 0.055030236207422305, -0.037528020749355545, -0.2527415581716071, 0.10860080962259998, 0.13445477762781705]
S_2 [0.5, 0.2, 0.5, 0.2, 0.5, 0.2, 0.5, 0.5, 0.2, 0.2]
Trust scores at iteration 4: [-0.6149924309119998, -0.2722768070619843, -1.5130457655354275, -0.24946585854284337, -1.0253636288212724, -0.665952152993824, -0.7620575813227252, -1.0789144760974105, -0.11283216247640201, -0.4017993182230625]
X.shape (10, 5)
s1 and s2 score at iteration 4
S_1 [-0.11623178541032114, 0.038483913700062315, 0.02288692077554623, 0.09301188589638928, -0.21611228863968174, 0.07627698441300879, 0.28016176306620133, -0.28972379247424873, 0.27451568400633486, 0.22534493938308298]
S_2 [0.3333333333333333, 0.25, 0.3333333333333333, 0.25, 0.5, 0.3333333333333333, 0.3333333333333333, 0.3333333333333333, 0.25, 0.25]
Trust scores at iteration 5: [-0.7549568525096335, -0.2993848077193063, -1.2346244936694717, -0.22502804925612516, -1.2491697264670492, -0.5844883541833701, -0.43344030692590757, -1.2654792493810323, 0.06497160870127895, -0.18995792229844521]
X.shape (10, 5)
s1 and s2 score at iteration 5
S_1 [0.12132087924551133, -0.03623901170677271, 0.1725534743980518, -0.02320004211150792, 0.14798674754747568, -0.1370614220683717, -0.06511033089699715, 0.046339603255257135, -0.39617577952901734, 0.09181140722686919]
S_2 [0.25, 0.5, 0.25, 0.5, 0.3333333333333333, 0.5, 0.3333333333333333, 0.25, 0, 0.25]
Trust scores at iteration 6: [-0.46754235005872247, -0.5725742023096241, -0.7142371455686302, -0.4978550299717991, -0.8171303104592075, -0.9474356682292951, -0.6166084812423058, -0.9552698352767952, -0.6433077077868046, -0.12334801546777566]
X.shape (10, 5)
s1 and s2 score at iteration 6
S_1 [0.18397452379327306, 0.01481522614064277, -0.12556522983690802, 0.08883776960790064, -0.13586438035111997, -0.05116850629291056, 0.01918988880364097, -0.14823414179148062, 0.045397498108148096, -0.1332570390430943]
S_2 [0.25, 0.5, 0.5, 0.25, 0.5, 0.5, 0.25, 0.5, 0.25, 0.5]
Trust scores at iteration 7: [-0.17727964504110566, -0.6766433366612645, -1.0047202699041953, -0.3536342738396197, -1.093539903872938, -1.0466434328880052, -0.5503337420461545, -1.210408453363026, -0.5262874857617673, -0.603640608741401]
X.shape (10, 5)
s1 and s2 score at iteration 7
S_1 [-0.31197753298957104, 0.09924136811896786, 0.13838056003968502, 0.0736224979533703, -0.037434436816955186, -0.33875896614375295, -0.14650142561132984, -0.00925073177246809, 0.13461490877776677, 0.16797596395036948]
S_2 [0.5, 0.2, 0.2, 0.2, 0.5, 0.5, 0.5, 0.2, 0.2, 0.2]
Trust scores at iteration 8: [-0.9812782060644989, -0.41640824854804664, -0.5761606867579983, -0.23605643319075215, -1.132334706626667, -1.6376636885721068, -0.9468807423289187, -0.9838074449969683, -0.24798307731763503, -0.24254842611898067]
X.shape (10, 5)
s1 and s2 score at iteration 8
S_1 [-0.18280961273800245, 0.057614363770606546, -0.20368791155385807, -0.08606565217382342, -0.00762570802848592, -0.10022982027155412, 0.05671649856937284, -0.08602455945726722, -0.10580040886725744, 0.1063617460664008]
S_2 [0.5, 0.3333333333333333, 0.5, 0.5, 0.3333333333333333, 0.3333333333333333, 0.3333333333333333, 0.3333333333333333, 0.3333333333333333, 0.3333333333333333]
Trust scores at iteration 9: [-1.5025207644043403, -0.3289808342810491, -1.2778270569393158, -0.7079930928185263, -1.0141430841532502, -1.6290690993059205, -0.7028440652462246, -1.1313028964891418, -0.6720048672173151, -0.06978389828328645]
X.shape (10, 5)
s1 and s2 score at iteration 9
S_1 [-0.08299808945522184, 0.03841100752395959, 0.20296106697338853, 0.013896373026928496, -0.0389759786449163, 0.08209056360709083, 0.11849507908013458, 0.2488299953568922, -0.2805719339439934, 0.2917883851303766]
S_2 [0.3333333333333333, 0.25, 0.3333333333333333, 0.3333333333333333, 0, 0.3333333333333333, 0.25, 0.25, 0.5, 0.25]
Trust scores at iteration 10: [-1.3370983869614843, -0.34079459992739225, -0.8858060687121856, -0.6813077151616409, -0.7499730137203627, -1.2559475834063514, -0.5201610349752774, -0.6860793679465997, -1.0588712984165713, 0.1011512712016995]
X.shape (10, 5)
s1 and s2 score at iteration 10
S_1 [-0.06838709105682249, -0.009206699542000263, -0.237181138368335, -0.051152857343564076, -0.004108715987454165, -0.16467948220865905, -0.10987877284485649, 0.006054285203747635, -0.06826906598477685, -0.15508409234563922]
S_2 [0.3333333333333333, 0.3333333333333333, 0.3333333333333333, 0.3333333333333333, 0.5, 0.3333333333333333, 0.3333333333333333, 0.5, 0.5, 0.3333333333333333]
Trust scores at iteration 11: [-4.524664088658147, -0.8947636448802598, -12.572787999278205, -3.2116253930611514, -1.0285748873591003, -9.23930823053256, -6.008790460023182, -0.4802555575626198, -4.424056786134083, -7.813871349165061]
X.shape (10, 5)
s1 and s2 score at iteration 11
S_1 [-0.1751772127958285, 0.010487043294947287, -0.2895090908208345, -0.13777971543449857, -0.007627315548877572, 0.03295171394817506, 0.04074839379809004, 0.06730364773666248, 0.0736400456478331, -0.135559147080043]
S_2 [0, 0.3333333333333333, 0.5, 0.3333333333333333, 0.3333333333333333, 0.3333333333333333, 0.3333333333333333, 0.3333333333333333, 0.3333333333333333, 0.5]
Trust scores at iteration 12: [-3.880914118744657, -0.7836116964694351, -10.280374106395458, -3.009434475419442, -0.951075115967531, -6.533274750283149, -4.240149647902715, -0.26199255399580795, -2.996839750293858, -6.321960337068708]
X.shape (10, 5)
s1 and s2 score at iteration 12
S_1 [0.13647962062344338, 0.3388153406721433, -0.6236707926467084, 0.04683938292845443, 0.24271863542144376, 0.3296933718456559, 0.2870745954886258, 0.3644533462241685, 0.3187049683358848, -0.14041300819981983]
S_2 [0.3333333333333333, 0.2, 0, 0.2, 0.2, 0.2, 0.2, 0.2, 0.2, 0.5]
Trust scores at iteration 13: [-2.804296598003364, -0.38963212784165824, -7.709636877704064, -2.1880482654264504, -0.5859585845496604, -4.421905019858825, -2.851799120619381, -0.003394787797065535, -1.95544563109135, -4.8409532915107905]
X.shape (10, 5)
s1 and s2 score at iteration 13
S_1 [-0.02446346652499546, 0.11889686334515377, -0.23753838291942975, -0.18219512326943837, -0.09046524354470835, 0.03905651128974814, 0.185316561125745, 0.18505552800787375, 0.2510243380626018, 0.15064764532318053]
S_2 [0.5, 0.25, 0.3333333333333333, 0.3333333333333333, 0.3333333333333333, 0.25, 0.25, 0.25, 0.25, 0.25]
Trust scores at iteration 14: [-2.292243986733593, -0.2806484627551841, -5.88062870569264, -1.949375768120566, -0.7182863149470438, -3.198656950674856, -1.9247869616127207, 0.06878410983771177, -1.2188119417639447, -3.3586278148758972]
X.shape (10, 5)
s1 and s2 score at iteration 14
S_1 [0.348645242711139, 0.2171363631423848, 0.23291496530615785, -0.09961784746567073, 0.33665976530195274, -0.40519823569878394, -0.44192578959307205, 0.312976740463877, 0.3243880494207563, 0.19544039402098667]
S_2 [0.16666666666666666, 0.16666666666666666, 0.16666666666666666, 0.3333333333333333, 0.16666666666666666, 0.3333333333333333, 0.3333333333333333, 0.2, 0.16666666666666666, 0.16666666666666666]
Trust scores at iteration 15: [-1.454570790713515, -0.1596138327340209, -4.066022933410711, -1.7502815577688993, -0.3631136064246704, -2.8877222185404143, -2.0276163138587684, 0.13745707512547684, -0.7240410317844455, -2.33286818618633]
X.shape (10, 5)
s1 and s2 score at iteration 15
S_1 [0.07779930569517296, 0.005826598151978384, 0.057753604957802435, -0.1294925590070909, -0.08404899594996867, -0.15918083541433678, -0.19508256490525688, -0.26482287509134284, 0.022386506116695085, -0.06063936415896665]
S_2 [0.3333333333333333, 0.3333333333333333, 0.3333333333333333, 0.5, 0.3333333333333333, 0.5, 0.5, 0.5, 0.3333333333333333, 0.3333333333333333]
Trust scores at iteration 16: [-0.9181995534994606, -0.2892618802776021, -2.82351378975514, -2.024530180303292, -0.7782788022438449, -2.935218879428888, -2.4715845272145156, -1.2249570594369936, -0.6205046635059344, -2.0668376994431075]
X.shape (10, 5)
s1 and s2 score at iteration 16
S_1 [-0.19937493915231502, 0.03012142549350442, -0.22000609043797031, -0.013678452971372913, -0.05223425314899157, -0.02439434945550586, -0.08895056830809712, -0.24966114887238713, -0.004063299361871183, -0.09623271624240443]
S_2 [0.5, 0.25, 0.5, 0.25, 0.5, 0.25, 0.5, 0.5, 0.25, 0.5]
Trust scores at iteration 17: [-2.9284518762234524, -0.05248331619432142, -4.467651671467429, -1.7034042501159783, -1.3650320257946875, -2.447613325115288, -2.91602907673128, -3.64401708984321, -0.6248224583448689, -2.705234218679454]
X.shape (10, 5)
s1 and s2 score at iteration 17
S_1 [-0.11330853965565003, 0.02318711980240633, 0.16883090362086955, -0.18252305527710563, 0.13727869629205897, 0.1812072669446425, -0.09440143521701927, 0.22963177244614316, -0.2350087349170453, -0.013236461425797054]
S_2 [0.5, 0.3333333333333333, 0.3333333333333333, 0.5, 0.3333333333333333, 0.3333333333333333, 0, 0.3333333333333333, 0.5, 0.3333333333333333]
Trust scores at iteration 18: [-2.497947056378563, -0.20644575395032772, -3.106788821934549, -1.730838289865528, -0.9761761174598482, -1.67659301054451, -2.164550110145091, -2.450811962890247, -1.0444003965824318, -2.110956588086178]
X.shape (10, 5)
s1 and s2 score at iteration 18
S_1 [0.12397904310633587, -0.08814723313727793, 0.13553982980089968, -0.2911434381456189, -0.17666373316152562, 0.0022541671897037263, 0.12829225164320426, 0.032677493683493965, -0.18486621794473382, -0.20105828329183667]
S_2 [0.3333333333333333, 0.3333333333333333, 0.25, 0.3333333333333333, 0, 0.25, 0.25, 0.25, 0.3333333333333333, 0.3333333333333333]
Trust scores at iteration 19: [-1.7741512555597079, -0.6396146037388629, -2.099752175354184, -2.1559953990505427, -1.0743457589824916, -1.3936257979072961, -1.4562266602325333, -1.8682409399438429, -1.440257900634731, -2.222686291083295]
X.shape (10, 5)
s1 and s2 score at iteration 19
S_1 [-0.02422469480609167, -0.20179027668427738, 0.13203825419015944, 0.13256357820601578, 0.05635024896020954, -0.03726619930347676, -0.2585467765126654, -0.10788751148000945, -0.10917297842883991, 0.1161839917174544]
S_2 [0.3333333333333333, 0.5, 0.25, 0.25, 0.25, 0.3333333333333333, 0.5, 0.3333333333333333, 0.25, 0.3333333333333333]
Trust scores at iteration 20: [-1.4967279389189718, -1.2043947440832974, -1.3210153651652026, -1.3591967793353796, -0.7745177526220698, -1.259873891516837, -1.904466834433577, -1.7519251139195262, -1.405246081720791, -1.4929484733824667]
X.shape (10, 5)
s1 and s2 score at iteration 20
S_1 [0.13735077450816563, 0.19594315595656178, 0.03577388800288916, 0.07649939021284136, 0.055348537442234, -0.23135992058716923, -0.20613812946365717, -0.2201493979142217, -0.02304947256268743, -0.011831375517230921]
S_2 [0.25, 0.25, 0.25, 0.3333333333333333, 0.25, 0.3333333333333333, 0.3333333333333333, 0.3333333333333333, 0.3333333333333333, 0.3333333333333333]
Trust scores at iteration 21: [-1.062417790984374, -0.7680763208583081, -1.0949389196284438, -1.1343128735186179, -0.6824207008404299, -1.5361367840661155, -1.9487358623445763, -1.8634086985760498, -1.3189622969870056, -1.3631784331876122]
X.shape (10, 5)
s1 and s2 score at iteration 21
S_1 [0.04416236735708041, -0.21696016893434897, -0.00963734202777485, 0.07340529341305532, -0.025597408278955142, 0.08707860684262184, 0.12584536993889703, -0.19228513433811634, -0.13867270286069425, -0.22293382161723388]
S_2 [0.3333333333333333, 0, 0.5, 0.25, 0.25, 0.25, 0.25, 0.3333333333333333, 0.3333333333333333, 0.5]
Trust scores at iteration 22: [-0.8384147608064637, -1.054859983029684, -1.0894314907045488, -0.7690297525446554, -0.688715587251731, -1.0177109798121036, -1.2141151036412032, -1.9627703770342013, -1.4538524037449558, -1.785671920452885]
X.shape (10, 5)
s1 and s2 score at iteration 22
S_1 [0.22502584883991966, 0.08450597926062729, 0.31896012230484816, -0.5058222130939792, 0.11726457106294544, -0.36421188433402185, 0.3085669339676763, 0.3021182938724043, 0.2798609591692963, 0.0848369820153177]
S_2 [0.2, 0.2, 0.2, 0.5, 0.5, 0.5, 0.2, 0.2, 0.2, 0.5]
Trust scores at iteration 23: [-0.49524081925183866, -0.7789193443501634, -0.5826020434931841, -1.3140751713421157, -0.6718069625265535, -1.3549595224725393, -0.6796559528647913, -1.2097799542686234, -0.8744716526581772, -1.470176373770851]
X.shape (10, 5)
s1 and s2 score at iteration 23
S_1 [0.14062228712238037, 0.17060175123799434, -0.0753179297048876, -0.0256289806539852, 0.25469035130560175, 0.3378956011119017, 0.13753643688196152, 0.29892567646295387, 0.0053464515101570515, 0.15430648587867032]
S_2 [0.5, 0.25, 0.25, 0.25, 0.25, 0.25, 0.25, 0.25, 0.25, 0.25]
Trust scores at iteration 24: [-0.5218173294888193, -0.5437750839152189, -0.6246923184861279, -1.0926072641872742, -0.3941385047355185, -0.7984716657307774, -0.5036476895880317, -0.7314453452992924, -0.7573833195305869, -1.042122726467934]
X.shape (10, 5)
s1 and s2 score at iteration 24
S_1 [0.16962195415737866, -0.38657976739803357, 0.09639820832917756, -0.11073224723507367, 0.18459304943717147, 0.14855634920521846, 0.051424863161055795, -0.45355487943168415, 0.1906522086531687, 0.1356575170511776]
S_2 [0.25, 0.5, 0.25, 0.3333333333333333, 0.25, 0.25, 0.5, 0.5, 0.25, 0.25]
Trust scores at iteration 25: [-0.24836420124186104, -1.2889435642138598, -0.4355976180896766, -1.1390673578383772, -0.13543131841684808, -0.47516993277637143, -0.5716340004642226, -1.5257011596854333, -0.38016832367141074, -0.6660225796584451]
X.shape (10, 5)
s1 and s2 score at iteration 25
S_1 [-0.10052548548737757, -0.14521236555865136, -0.059290462477628286, -0.19073296601895365, -0.07176120019749382, 0.055299224942579, 0.020178336374318144, -0.1986157601446224, -0.05795686246153467, -0.10265931917888434]
S_2 [0.3333333333333333, 0.5, 0.25, 0.3333333333333333, 0.25, 0.5, 0.25, 0.3333333333333333, 0.5, 0.25]
Trust scores at iteration 26: [-0.9192087984962051, -1.990042054507374, -0.7765709193266572, -2.0320793707865423, -0.6341086461162608, -0.33261895294346, -0.44067570346498697, -2.3454874332108933, -0.880535592036223, -1.1731457769430533]
X.shape (10, 5)
s1 and s2 score at iteration 26
S_1 [-0.19624686021483537, 0.12156931238743877, 0.052594030916107926, -0.06012554299740702, 0.0966421140869358, 0.08090199573493471, -0.2661135691768699, -0.19375765448914378, 0.01803831726769746, 0.042325484485249004]
S_2 [0.25, 0.2, 0.2, 0.25, 0.2, 0.2, 0.25, 0.25, 0.2, 0.3333333333333333]
Trust scores at iteration 27: [-1.3527300370762274, -1.2730294381551617, -0.5938118791251931, -1.7958290474398295, -0.3853895982848194, -0.2131891443468663, -1.1901689067581436, -2.3449823986299987, -0.7518612532551513, -1.0167542593311965]
X.shape (10, 5)
s1 and s2 score at iteration 27
S_1 [0.34801028988106375, 0.19691049951627163, 0.22529635533828973, 0.31853858693084, 0.16429351967854952, 0.3206052689543942, 0.022886957935481417, 0.05798495650911595, -0.5035050715375265, -0.06835818160318384]
S_2 [0.2, 0.2, 0.2, 0.2, 0.25, 0.2, 0.25, 0.3333333333333333, 0, 0.3333333333333333]
Trust scores at iteration 28: [-0.8269110259533591, -0.9013751952293424, -0.40145306208410164, -1.162486222465031, -0.35314456199858013, -0.05285672054442421, -1.038388681955146, -1.8915021255716464, -0.9603461393697397, -1.0706557060194204]
X.shape (10, 5)
s1 and s2 score at iteration 28
S_1 [0.08512966291052308, 0.01998782523291797, -0.1915912376133385, -0.040649286085459035, 0.03191229539530211, 0.001197492187744424, -0.09089650198200942, -0.24657394376677377, -0.18551133718792434, -0.09548846432514124]
S_2 [0.3333333333333333, 0.5, 0.5, 0.3333333333333333, 0.3333333333333333, 0.5, 0.5, 0.5, 0.5, 0.5]
Trust scores at iteration 29: [-0.47883771816735127, -0.8605248202183678, -1.256191569374478, -1.1569899048099017, -0.3347411143704633, -0.3327796987562548, -1.3471946260819019, -2.4929869517675685, -1.6259909352677762, -1.3859637837092578]
X.shape (10, 5)
s1 and s2 score at iteration 29
S_1 [-0.04617481876160052, -0.06784619935636949, 0.2754181441719499, 0.16318339085420416, -0.19081445444940512, 0.19508693950808653, 0.3134809475325164, 0.1499942631750653, -0.08895956504361838, -0.06801437585753077]
S_2 [0.3333333333333333, 0.3333333333333333, 0.3333333333333333, 0.3333333333333333, 0, 0.3333333333333333, 0.3333333333333333, 0.3333333333333333, 0.3333333333333333, 0.3333333333333333]
Trust scores at iteration 30: [-0.6793755176777714, -0.9672959127677907, -0.9157600475649381, -0.9537270877498437, -0.4169274418788238, -0.34624837637399797, -0.9430362382573313, -1.901546962511372, -1.5233275989451474, -1.3352641314434173]
X.shape (10, 5)
s1 and s2 score at iteration 30
S_1 [-0.16750333405266504, 0.16862423733160933, 0.2817050806849233, 0.1458951161565374, 0.1594894550483113, 0.078757023224508, 0.11458740863417659, -0.3307121891145385, 0.07449837240689162, -0.2152632461180996]
S_2 [0, 0.25, 0.25, 0.25, 0.25, 0.25, 0.25, 0.5, 0.25, 0]
Trust scores at iteration 31: [-0.6539444524175511, -0.647531850211785, -0.49103203329545664, -0.662238902991636, -0.2720019477813731, -0.3085020819876886, -0.6880962485736999, -1.9832726762746156, -1.1369927603762324, -1.1639280908849594]
X.shape (10, 5)
s1 and s2 score at iteration 31
S_1 [-0.049236612599056685, 0.09805135071770699, -0.11131628571399024, 0.05726260760933434, -0.14831118095632828, -0.10954947459071987, -0.16606906568681307, -0.10399266207167474, 0.01988991785048078, 0.08684181891918746]
S_2 [0.3333333333333333, 0.3333333333333333, 0.5, 0.3333333333333333, 0.3333333333333333, 0, 0.5, 0.5, 0.3333333333333333, 0.3333333333333333]
Trust scores at iteration 32: [-0.8084065047629014, -0.3532722951482495, -0.9843081008090302, -0.4883653388304963, -0.8441774099901271, -0.5511313619684735, -1.289775822700878, -2.0064690360910995, -0.9350393161859937, -0.7490465857418157]
X.shape (10, 5)
s1 and s2 score at iteration 32
S_1 [0.09530436777102022, 0.056088347153640195, -0.1558487122725931, 0.19873362248856521, 0.10499721387074477, 0.29822420555130086, 0.14579172003501398, -0.21689592012996062, 0.1883113874612727, 0.2515654666797713]
S_2 [0.3333333333333333, 0.25, 0.3333333333333333, 0.3333333333333333, 0.25, 0.25, 0.25, 0.25, 0.25, 0.25]
Trust scores at iteration 33: [-0.7700126898196265, -0.4158682779232895, -1.1457923936205305, -0.44193874306494046, -0.7103017607282802, -0.31079195337793136, -0.9811832300553294, -1.8477157655444847, -0.690094822083173, -0.4962691812328071]
X.shape (10, 5)
s1 and s2 score at iteration 33
S_1 [0.006092225731146341, 0.04980849968821784, -0.22401990772872946, -0.12507649200754742, -0.18364508475305089, -0.25669106643664036, -0.09866663733606545, 0.07526142754109572, 0.051270673600692554, -0.04326684768730853]
S_2 [0.25, 0.3333333333333333, 0.3333333333333333, 0.5, 0.3333333333333333, 0.3333333333333333, 0.25, 0.25, 0.25, 0.3333333333333333]
Trust scores at iteration 34: [-0.6647246275910983, -0.2925658535459658, -1.895021690834762, -1.1079252290452692, -1.4292399386598624, -1.44075207231033, -1.230123899560294, -1.1434010358811393, -0.4286960547941728, -0.7198546519967487]
X.shape (10, 5)
s1 and s2 score at iteration 34
S_1 [-0.3196240197237109, 0.10345300333589033, -0.07734358583324935, -0.1714631290492318, -0.13154215128251348, -0.00772806661956819, 0.012337505739243887, 0.04255554809468351, -0.1758659652992377, 0.10069280145039018]
S_2 [0.5, 0.3333333333333333, 0.5, 0.5, 0.5, 0.5, 0.5, 0.3333333333333333, 0.5, 0.3333333333333333]
Trust scores at iteration 35: [-1.692174539683846, -0.10479609748217604, -1.8508013328673971, -1.57276801214456, -1.681922763710939, -1.3309368196844589, -1.1253095980244479, -0.8769752751372125, -1.1100752318264564, -0.41190247608153063]
X.shape (10, 5)
s1 and s2 score at iteration 35
S_1 [0.2694582030920377, -0.03030047060912961, -0.37989730846257264, 0.23264098017835227, -0.0014279781064404516, 0.375340725541155, 0.28920991150341496, 0.32012386704104895, 0.31016190235108265, -0.024299528667232406]
S_2 [0.16666666666666666, 0.5, 0.5, 0.16666666666666666, 0.5, 0.16666666666666666, 0.16666666666666666, 0.16666666666666666, 0.16666666666666666, 0.3333333333333333]
Trust scores at iteration 36: [-1.0691513015939607, -0.39757563987740596, -1.8992028902566997, -1.0149937731956007, -1.4784872800546804, -0.731655773779121, -0.6565588198148126, -0.4580160797368894, -0.6291483865802984, -0.507753709355347]
X.shape (10, 5)
s1 and s2 score at iteration 36
S_1 [0.146410818482122, 0.161598113150242, -0.20016202532236346, -0.2624128369492571, -0.145331491263469, 0.05712955550949718, -0.22654177774458864, 0.04593562164997685, 0.1476736888148616, 0.16495470463009465]
S_2 [0.25, 0.25, 0.3333333333333333, 0.3333333333333333, 0.3333333333333333, 0.3333333333333333, 0.3333333333333333, 0.3333333333333333, 0.25, 0.25]
Trust scores at iteration 37: [-0.7071313259614235, -0.20940751732439833, -1.9934729111217222, -1.4877409023606498, -1.5992527292033383, -0.7082586000588141, -1.1715984183789767, -0.5370690099253779, -0.39683252707402855, -0.2804275965487429]
X.shape (10, 5)
s1 and s2 score at iteration 37
S_1 [-0.026974247936637066, 0.07478218106330384, -0.01384853609236011, -0.015743513989342026, -0.13667297693605754, -0.22380868578831267, 0.08724552759390553, -0.12860918683368922, 0.07612768802008332, -0.13985605523069303]
S_2 [0.3333333333333333, 0.3333333333333333, 0.3333333333333333, 0.3333333333333333, 0, 0.3333333333333333, 0.3333333333333333, 0.3333333333333333, 0.3333333333333333, 0.3333333333333333]
Trust scores at iteration 38: [-0.887744813096308, -0.18944137248936738, -1.7430502217397794, -1.3955538329293227, -1.589436737743346, -1.565363227727699, -0.8201188928652836, -1.11818021400545, -0.3160122572033146, -0.9772043877500178]
X.shape (10, 5)
s1 and s2 score at iteration 38
S_1 [0.00031629475703500966, 0.1119398280449281, -0.18523147841891136, -0.011240667805144532, -0.02738856378673601, -0.12067545939910818, -0.09034362303960744, 0.014967993046160557, 0.05325835007578264, -0.2557646226154639]
S_2 [0.25, 0.25, 0.3333333333333333, 0.25, 0.25, 0.25, 0.25, 0.25, 0.25, 0.5]
Trust scores at iteration 39: [-0.7705736956559608, 0.01739103925744287, -1.9165576037441205, -1.1570127993781112, -1.3360073758611895, -1.5691658498327923, -0.966205152341554, -0.892611759847401, -0.22847560196125624, -1.6694951408514827]
X.shape (10, 5)
s1 and s2 score at iteration 39
S_1 [-0.15169067558727192, -0.08050658651646897, -0.06819224049905273, -0.15666049183674902, -0.0498393607812415, -0.15253044064226437, -0.09148782573349824, -0.1569366108132081, -0.05633048065703845, -0.10392981738292527]
S_2 [0.25, 0.3333333333333333, 0.3333333333333333, 0.25, 0.3333333333333333, 0.25, 0.3333333333333333, 0.25, 0.3333333333333333, 0.3333333333333333]
Trust scores at iteration 40: [0.1486759879303824, 0.19677015039482718, -1.2311181209506, -0.09191637670808073, -0.9352051631028325, -0.4052836895832842, -0.42564738401859803, 0.09482640464226089, -0.12086067140389462, -0.8430578124209812]
X.shape (10, 5)
s1 and s2 score at iteration 40
S_1 [0.08403780255259197, 0.15608225440410262, 0.16717836361301497, -0.06637053957766999, 0.1864264265164437, 0.29001623638521135, 0.158871028190847, -0.4865946418420827, 0.26067092272921216, 0.09829051151340158]
S_2 [0.25, 0.3333333333333333, 0.3333333333333333, 0.3333333333333333, 0.25, 0.25, 0.3333333333333333, 0.5, 0.25, 0.3333333333333333]
Trust scores at iteration 41: [0.0410039823235845, 0.0991944668963276, -0.8888492320111051, -0.3329967987261208, -0.611799487056812, -0.13369858270829887, -0.33361303030453726, -0.7369671030945226, 0.03504200852465479, -0.6884663216829504]
X.shape (10, 5)
s1 and s2 score at iteration 41
S_1 [0.16866839794238528, 0.20698956548566755, -0.010325488876770872, 0.2143830226210802, 0.2182213527507631, -0.31168615020790613, -0.21458973992149266, 0.11552052334201852, 0.16124340942991428, -0.15703760470197092]
S_2 [0.3333333333333333, 0.3333333333333333, 0.3333333333333333, 0.3333333333333333, 0.3333333333333333, 0.5, 0.3333333333333333, 0.3333333333333333, 0.3333333333333333, 0.3333333333333333]
Trust scores at iteration 42: [0.060579818654301815, 0.153995217232404, -0.8363894374823218, -0.13837450688933248, -0.32825964093976834, -0.8220798218500587, -0.72853655822588, -0.5570650293120338, 0.04619892739224242, -0.8978140127891568]
X.shape (10, 5)
s1 and s2 score at iteration 42
S_1 [0.047623427151081, 0.2025186700216766, 0.022318004093566508, 0.16150380832503247, 0.07902102727795547, -0.12665367251519546, 0.05712891459004029, -0.15249523737667553, -0.08926839099744524, -0.29452321433327655]
S_2 [0.3333333333333333, 0.25, 0.25, 0.25, 0.3333333333333333, 0.3333333333333333, 0.25, 0.5, 0.5, 0]
Trust scores at iteration 43: [-0.08704740577403378, 0.2577966520626828, -0.7024119445842907, -0.007619311225328718, -0.3127243525133281, -0.9630736477724711, -0.5753479642031044, -0.9158435634401256, -0.39989802700528637, -1.064760271903434]
X.shape (10, 5)
s1 and s2 score at iteration 43
S_1 [0.08659596635927927, 0.027405263853494774, -0.04016045916627734, -0.06710084567191266, 0.029472639477338396, -0.18649134515069837, -0.2683134692517237, -0.19219775856973517, -0.03461058302157037, 0.007269623769366684]
S_2 [0.3333333333333333, 0.5, 0.3333333333333333, 0.5, 0.3333333333333333, 0.5, 0.5, 0.5, 0.5, 0.3333333333333333]
Trust scores at iteration 44: [0.03906681595817638, -0.024600517721673848, -0.8308188340984278, -0.5377953119562577, -0.3168030780072786, -1.620225567016472, -1.6322792584121655, -1.6069336046021232, -0.6998322973659536, -0.9201475631205347]
X.shape (10, 5)
s1 and s2 score at iteration 44
S_1 [0.006015783659579283, -0.14563807783233784, -0.17756373150430804, -0.2430188540198327, -0.15996281374282317, 0.03173796970072128, 0.08387385903181564, -0.12492067980062756, -0.009242985964238571, 0.026655109659989726]
S_2 [0.25, 0.3333333333333333, 0.3333333333333333, 0.5, 0.5, 0.25, 0.25, 0.3333333333333333, 0.25, 0.25]
Trust scores at iteration 45: [-0.10113597519737678, -0.738138606230438, -1.41668309852164, -1.5456865004197653, -1.0939171105925556, -1.1706375340699366, -0.9925954808885157, -1.7716697824563514, -0.6729429182608897, -0.6987633039859549]
X.shape (10, 5)
s1 and s2 score at iteration 45
S_1 [-0.05724226736911972, 0.2699216039144956, -0.6092923491007833, -0.081125005820511, 0.387719405204912, 0.35045228110674786, 0.364033868270161, -0.0941500044705332, 0.36519420446965706, 0.30147268473537336]
S_2 [0.3333333333333333, 0.2, 0, 0, 0.2, 0.2, 0.2, 0.5, 0.2, 0.2]
Trust scores at iteration 46: [-0.31508669856489446, -0.42784371424247947, -1.463121440249521, -1.14475146508282, -0.5857419774147888, -0.6682819139519844, -0.5331436497374147, -1.6130179261044506, -0.30848903944840755, -0.37586818216456047]
X.shape (10, 5)
s1 and s2 score at iteration 46
S_1 [-0.019399253570531863, -0.11639728639714801, -0.051230631417300616, -0.04424822033254596, -0.1767354361304361, -0.14206767465400358, -0.04254582146623972, -0.18203773135271792, -0.12225283809877811, -0.04393086700417624]
S_2 [0.3333333333333333, 0.3333333333333333, 0.3333333333333333, 0.5, 0.3333333333333333, 0.3333333333333333, 0.3333333333333333, 0.5, 0.3333333333333333, 0.5]
Trust scores at iteration 47: [-0.12056068899542609, 1.300536694492143, -0.4319282664752562, -0.41704886759926985, 2.1231079831260384, 1.5292099956572167, 0.08474983453592838, 1.3860122299694797, 1.474638219533832, 0.11626171591909662]
X.shape (10, 5)
s1 and s2 score at iteration 47
S_1 [0.18535839322700742, -0.2994470959288153, 0.2645740613254812, -0.4065515589590755, -0.09774944592218236, 0.1744129617523545, 0.22384511321509207, -0.0679565227738499, 0.11788771112925062, 0.13104111530083812]
S_2 [0.2, 0.5, 0.2, 0.5, 0.5, 0.2, 0.2, 0.5, 0.25, 0.2]
Trust scores at iteration 48: [0.005785029774928951, 0.27083322182056957, -0.12234978653267928, -1.0529222084738414, 1.0753376865823734, 1.1482135061317011, 0.19314241121501632, 0.5931527954586939, 1.0159193939982651, 0.10997046020157543]
X.shape (10, 5)
s1 and s2 score at iteration 48
S_1 [-0.1528167857985133, -0.14619780830944787, 0.12237525690055223, -0.11231341594387473, 0.04041595168363459, 0.10951578339879417, -0.21804373388686116, 0.13734482286217464, 0.11626097639116113, 0.10662845467041694]
S_2 [0.3333333333333333, 0.5, 0.3333333333333333, 0.5, 0.3333333333333333, 0.25, 0.5, 0.25, 0.25, 0.25]
Trust scores at iteration 49: [-0.529745629088752, -0.42975417280505035, -0.01834262319291302, -1.2823698623565922, 0.6410162680647778, 0.8929629487288027, -0.6410695941136173, 0.5652069568210858, 0.8150904825005304, 0.15988607271608107]
X.shape (10, 5)
s1 and s2 score at iteration 49
S_1 [0.151385445461301, 0.21823096732354474, -0.40797939364601626, 0.0965981640014548, -0.15258215486682575, 0.1268096742375321, 0.09432650489409099, 0.23492661264984666, 0.045683964552576124, -0.1331992124438576]
S_2 [0.25, 0.25, 0.5, 0.5, 0.5, 0.25, 0.3333333333333333, 0.25, 0.25, 0.5]
Trust scores at iteration 50: [-0.32750355413875976, -0.1721481687694146, -0.8338272914801816, -1.074303576326057, -0.0461351899464158, 0.6370093248375696, -0.5282942848168205, 0.54564486977476, 0.47890151072781995, -0.35817441518374965]
X.shape (10, 5)
s1 and s2 score at iteration 50
S_1 [-0.1381252057261909, 0.14665537747003385, -0.24346388649989598, 0.02870718466348155, 0.1205976590015046, -0.355521334973115, 0.27036362201209363, 0.15982205998061993, 0.1312917651445057, 0.1916146951227066]
S_2 [0.3333333333333333, 0.25, 0.5, 0.25, 0.25, 0.5, 0.25, 0.25, 0.25, 0.25]
Trust scores at iteration 51: [-0.5825185279415419, -0.10777245675963833, -1.153830707296945, -0.8701585308599213, -0.04847745211841639, -0.2485858961808176, -0.2198059993717743, 0.40929264150284606, 0.3309145975146817, -0.18810321790823836]
X.shape (10, 5)
s1 and s2 score at iteration 51
S_1 [0.0626350610518341, 0.07380244775149729, 0.017596325002692197, -0.164606379082266, -0.016953629967395467, 0.12140793132248565, 0.09120000941793455, -0.26206148463343987, -0.22141601654033113, 0.02560857333593953]
S_2 [0.25, 0.3333333333333333, 0.3333333333333333, 0.5, 0.3333333333333333, 0.25, 0.25, 0.5, 0.5, 0.25]
Trust scores at iteration 52: [-0.4029912169160122, -0.09307426241489639, -0.9642008308439611, -1.315854692434407, -0.2758267760118805, -0.02401012732657229, -0.07850822382331674, -0.6610512416716396, -0.6154805854511438, -0.21839325653364167]
X.shape (10, 5)
s1 and s2 score at iteration 52
S_1 [-0.1834437489676726, -0.24443956222133809, -0.09218838142197316, -0.012015295473701025, -0.044961230729321136, -0.07956272590906306, -0.032357081177805655, -0.08158765549522029, -0.04907254811803351, -0.12698551295633206]
S_2 [0.5, 0.5, 0.5, 0.5, 0.3333333333333333, 0.3333333333333333, 0.3333333333333333, 0.3333333333333333, 0.3333333333333333, 0.3333333333333333]
Trust scores at iteration 53: [3.9981617740614435, 5.7380577814717855, 1.3268350582281805, -0.9210982847040848, 0.7295211336169827, 1.7697289744216285, 0.5529415084877825, 1.3743589906391342, 0.5944155590294871, 2.8177212297077303]
X.shape (10, 5)
s1 and s2 score at iteration 53
S_1 [-0.17177381435153874, 0.2666198858185283, -0.11094947689311635, 0.2032452655354238, -0.19857258688196083, 0.28730923332561065, -0.1376391942031678, 0.07194029374124351, 0.21574404666670946, 0.00896982716457888]
S_2 [0.3333333333333333, 0.25, 0.5, 0.25, 0.3333333333333333, 0.25, 0.3333333333333333, 0.25, 0.25, 0.25]
Trust scores at iteration 54: [2.4193519880852525, 4.145037228156005, 0.5129343027333944, -0.5825459655368515, 0.10332103581465879, 1.38881028209514, 0.04334018626574199, 0.8871692695477785, 0.49136459119739123, 1.8317708951488005]
X.shape (10, 5)
s1 and s2 score at iteration 54
S_1 [0.009062466317334553, 0.29755389091645035, 0.32597673128217985, 0.10250598843852492, 0.1520673352853811, 0.2712535634554702, -0.1104819450294712, 0.21055129041338919, 0.11867189830863643, -0.2807505761778044]
S_2 [0.5, 0.25, 0.25, 0.25, 0.25, 0.25, 0.5, 0.25, 0.3333333333333333, 0.5]
Trust scores at iteration 55: [1.4018866798897802, 3.0253682045881343, 0.5090540119133761, -0.4634447782014284, 0.06227397974918936, 1.0718048593836331, -0.3713396285708, 0.6647911756956906, 0.2531702776022578, 0.723861758582555]
X.shape (10, 5)
s1 and s2 score at iteration 55
S_1 [0.3041296478536661, -0.1814026836885424, 0.4418709032949897, 0.048604556349510365, 0.3251980080203729, 0.5227057300239045, 0.31899155797586576, 0.36799914574228937, 0.5057265995349596, 0.29770403896746994]
S_2 [0.25, 0, 0.16666666666666666, 0.25, 0.16666666666666666, 0.16666666666666666, 0.25, 0.16666666666666666, 0.16666666666666666, 0.16666666666666666]
Trust scores at iteration 56: [0.8558718413595197, 2.0136440861754985, 0.40994373491383296, -0.596515406228548, 0.03023485629861746, 0.8502634015685431, -0.3768567789617247, 0.47656203705733224, 0.2674742482570892, 0.4775665037064761]
X.shape (10, 5)
s1 and s2 score at iteration 56
S_1 [-0.20848665296171812, 0.0644338281449964, 0.020940151853867224, -0.3176851768694692, 0.03725939640130012, -0.2600012750654811, 0.07334530813870647, 0.04279440773479685, -0.058969015099699734, -0.08080606289394866]
S_2 [0.5, 0.3333333333333333, 0.3333333333333333, 0.5, 0.5, 0.5, 0.3333333333333333, 0.5, 0.5, 0.3333333333333333]
Trust scores at iteration 57: [-0.5536504053006805, 1.47310075784244, 0.172610885950983, -2.0169697783286824, -0.12643568294045932, -0.768283542059892, -0.16379974527320723, 0.20863287490065702, -0.3539655203590529, -0.19621973376886787]
X.shape (10, 5)
s1 and s2 score at iteration 57
S_1 [-0.18458302721239644, -0.04220321509386779, -0.14341205952936376, -0.03488928310164793, -0.12758514570458604, -0.19493841050396418, -0.00411233453416221, -0.11662554880851037, -0.08325489980989115, -0.02272360575997859]
S_2 [0.5, 0.3333333333333333, 0.3333333333333333, 0.3333333333333333, 0.3333333333333333, 0.3333333333333333, 0.3333333333333333, 0.5, 0.3333333333333333, 0.5]
Trust scores at iteration 58: [12.778009763030125, 3.9099483932784684, 10.382918556931894, 0.9333384383321106, 9.018992598661455, 13.48320486193713, -0.014659821691245037, 8.35402414866869, 5.625774265360311, 1.220361936712924]
X.shape (10, 5)
s1 and s2 score at iteration 58
S_1 [-0.07360492923279979, 0.19379016628540358, -0.20431519468154186, -0.07636886809842056, 0.1460879101194687, -0.0756103035480927, -0.1553573759811742, 0.04168255273527886, 0.15078956506319227, -0.21205650117541083]
S_2 [0.25, 0.25, 0.3333333333333333, 0.25, 0.25, 0.3333333333333333, 0.3333333333333333, 0.25, 0.25, 0.3333333333333333]
Trust scores at iteration 59: [8.605661533422394, 2.811963875294928, 6.651749549481408, 0.31011284588717325, 6.314448570184195, 9.021193650526833, -0.550765372795364, 5.687344253728165, 3.9464742098225316, 0.22597586065354636]
X.shape (10, 5)
s1 and s2 score at iteration 59
S_1 [0.17380335144838893, -0.02978700878724491, 0.15186407458785586, -0.18042685554056448, -0.09058838925302642, 0.24057905648545694, -0.2597163100845092, -0.06112814786850476, -0.07732369220790897, 0.21902877180429003]
S_2 [0.25, 0.3333333333333333, 0.25, 0.5, 0.3333333333333333, 0.25, 0.5, 0, 0.3333333333333333, 0.25]
Trust scores at iteration 60: [6.090694347498368, 1.731230570707066, 4.695597870490804, -0.3079117342244427, 4.107151062234424, 6.464835555368783, -1.0093997504643484, 3.9049147065932273, 2.4661099723229913, 0.28131008408756925]
X.shape (10, 5)
s1 and s2 score at iteration 60
S_1 [-0.3212054475896553, -0.00859358657823576, -0.002508187532957574, 0.01719369236635361, -0.1903982875766538, 0.0657031153442677, 0.06564963747219524, 0.06559088081742061, 0.01617254997067452, -0.30593471054081994]
S_2 [0.3333333333333333, 0.25, 0.3333333333333333, 0.3333333333333333, 0.3333333333333333, 0.25, 0.25, 0.25, 0.3333333333333333, 0.3333333333333333]
Trust scores at iteration 61: [2.4968640456162334, 0.9476231387220395, 2.9754661412793606, -0.43703192574111127, 1.7056483930989854, 4.600384888758148, -0.6318240049432807, 2.8079278324910852, 1.5001207392634177, -1.4999788521063908]
X.shape (10, 5)
s1 and s2 score at iteration 61
S_1 [0.011908450540192992, 0.18621080731311188, 0.34696007408704244, -0.2020261808761634, -0.10681380857865858, 0.4158373540690455, 0.4125638483989597, 0.40656057546178537, 0.3663095569258219, 0.3027221206998173]
S_2 [0.3333333333333333, 0.16666666666666666, 0.16666666666666666, 0, 0, 0.16666666666666666, 0.16666666666666666, 0.16666666666666666, 0.16666666666666666, 0.16666666666666666]
Trust scores at iteration 62: [1.4563960157850984, 0.6476753603559182, 2.1831357557242668, -0.4516712896898181, 1.1168945579625988, 3.3702694221307032, -0.29463842800271955, 2.108856881526131, 1.1643533860755002, -0.981590587810082]
X.shape (10, 5)
s1 and s2 score at iteration 62
S_1 [-0.1902725870149863, -0.14151012798567503, 0.07200855500180231, -0.21431207965888194, -0.11563180273472905, 0.08799094861556266, 0.08799094861556268, 0.08799094861556268, -0.16325083721351064, -0.047260954417682986]
S_2 [0, 0.3333333333333333, 0.25, 0, 0, 0.25, 0.25, 0.25, 0.3333333333333333, 0.3333333333333333]
Trust scores at iteration 63: [0.3707539389106431, -0.32909776390794737, 1.5487039914676994, -1.0468544210117532, 0.38758631287936174, 2.434188595491492, -0.13124689960190367, 1.5511998170682917, -0.04154682420263622, -1.1482468751742236]
X.shape (10, 5)
s1 and s2 score at iteration 63
S_1 [-0.051020823971430346, -0.08019114464026761, -0.07579939360745706, -0.07040042692719578, -0.13432977685589698, 0.07036227382058988, 0.07036227382058986, 0.07036227382058988, 0.04548311148822973, -0.2593015760372428]
S_2 [0.5, 0.5, 0.3333333333333333, 0.3333333333333333, 0.5, 0.3333333333333333, 0.3333333333333333, 0.3333333333333333, 0.3333333333333333, 0.5]
Trust scores at iteration 64: [-0.2580071000137106, -0.8722752846111348, 0.5609108266535203, -1.2329607661422255, -0.6014245264116447, 1.8039320168440443, 0.008127170278667398, 1.1858398719478043, -0.03515877895876642, -2.209343576431032]
X.shape (10, 5)
s1 and s2 score at iteration 64
S_1 [-0.2331363403312919, -0.08167181479981701, 0.05277961437450173, -0.3673752334568124, -0.1018599881542336, 0.13857946938940013, 0.13952179137484258, 0.14091053137280166, -0.1351782546818674, -0.028245711554844805]
S_2 [0.5, 0.5, 0.25, 0.5, 0.5, 0.25, 0.25, 0.25, 0, 0.25]
Trust scores at iteration 65: [-0.9769546850947503, -1.0844728499961023, 0.35500593152712595, -1.9452182635444473, -0.937858152181584, 1.4077895563661338, 0.15273237716605176, 0.980087910363463, -0.3124070680419437, -1.756675919810918]
X.shape (10, 5)
s1 and s2 score at iteration 65
S_1 [0.012668737937920017, 0.21446969882627506, 0.031980435865923536, -0.2160157609779805, -0.05418986561300399, -0.010732042774579472, -0.004593620497947574, 0.018424390239789843, 0.07666673864807244, 0.027886857478358715]
S_2 [0.3333333333333333, 0.3333333333333333, 0.5, 0.5, 0.5, 0.3333333333333333, 0.3333333333333333, 0.3333333333333333, 0.5, 0.3333333333333333]
Trust scores at iteration 66: [-0.8661472616221791, -0.6591309949972716, -0.006761646259247939, -1.9638154146710651, -1.0323014362939262, 0.7704407187676893, -0.09951288773734998, 0.5118335558761045, -0.41144359036400524, -1.3906650355460828]
X.shape (10, 5)
s1 and s2 score at iteration 66
S_1 [0.09090932942624735, -0.04813232077543717, 0.013057136419082904, 0.22043250391291455, 0.2207697721637224, 0.038346629230333, 0.03811981709553072, 0.037917618034410405, 0.1975199960054047, -0.44153308567264593]
S_2 [0.25, 0.3333333333333333, 0.25, 0.25, 0.25, 0.3333333333333333, 0.3333333333333333, 0.3333333333333333, 0.25, 0]
Trust scores at iteration 67: [-0.7077680603804684, -0.8267978256574875, -0.211990048842734, -1.300129097918708, -0.6476110054057482, 0.2914170352808525, -0.31785870012859874, 0.10980904579993414, -0.24460420825722776, -1.573456748334542]
X.shape (10, 5)
s1 and s2 score at iteration 67
S_1 [0.005074731457413236, -0.1075436075740828, 0.3616985112452178, 0.2691097079640287, 0.029555333839265355, 0.22975645512101212, 0.22995798559416514, 0.23060131448725263, 0.06597426404804334, 0.19685866904691351]
S_2 [0.25, 0.25, 0.25, 0.25, 0.25, 0.25, 0.25, 0.25, 0.3333333333333333, 0.25]
Trust scores at iteration 68: [-0.7162285582090484, -0.8929573031396782, -0.07339303418991378, -0.9118853790857991, -0.6538139170911933, 0.1695565369174466, -0.25676932445253564, 0.043131687584942825, -0.41650256789883955, -1.1631411952310156]
X.shape (10, 5)
s1 and s2 score at iteration 68
S_1 [-0.20932173634628626, 0.14616226605313343, 0.2290722624306883, -0.48875469649944125, 0.17634917252147841, 0.3317468692428197, 0.32864288170846134, 0.3236669174213598, -0.02850887165149564, -0.005469649685490414]
S_2 [0.5, 0.2, 0.2, 0.5, 0.2, 0.2, 0.2, 0.2, 0.2, 0.5]
Trust scores at iteration 69: [-0.9906504610594762, -0.6128949995402826, 0.03577582487950012, -1.380302561714681, -0.4181964909360455, 0.2986895758422126, -0.00254547526502083, 0.2028854490651724, -0.4373324824079005, -1.119145062407239]
X.shape (10, 5)
s1 and s2 score at iteration 69
S_1 [-0.12029787454962183, 0.1688086224664975, -0.07081258752357233, -0.44183181502859054, 0.05590041413598528, 0.2580529634762212, 0.2565342884089598, 0.25365210365714563, 0.061778253573777836, -0.10336496720111847]
S_2 [0.5, 0.25, 0.5, 0.5, 0.25, 0.25, 0.25, 0.25, 0.5, 0.5]
Trust scores at iteration 70: [-1.1333078626184407, -0.3827776906827692, -0.35728024090977295, -1.779864272609959, -0.3777504029733892, 0.3590827030895488, 0.14645262851174895, 0.2869035857701472, -0.5343123027543843, -1.203568697522822]
X.shape (10, 5)
s1 and s2 score at iteration 70
S_1 [-0.04608528890899834, -0.1785165697325506, -0.08050279473270809, 0.20225683187397736, 0.1456755773932528, 0.1947423052585592, 0.1960015948803054, 0.19825814124191068, -0.2463926928222355, -0.18506608074340924]
S_2 [0.25, 0.5, 0.5, 0.25, 0.5, 0.25, 0.25, 0.25, 0.5, 0.5]
Trust scores at iteration 71: [-1.0116720905775975, -0.832731339861861, -0.6695029555228356, -1.0959049908269711, -0.3483501423046048, 0.3902118756660444, 0.2432386806954962, 0.3449014016631573, -1.0394836850323859, -1.416999689564745]
X.shape (10, 5)
s1 and s2 score at iteration 71
S_1 [0.2736713881255482, 0.30579490486974825, 0.3106542850496479, 0.3605701271923152, -0.3157801479029812, 0.3921158360517649, 0.3927051047268002, 0.3862041163848282, -0.17160049468702152, -0.22504251155504512]
S_2 [0.16666666666666666, 0.16666666666666666, 0.16666666666666666, 0.16666666666666666, 0, 0.16666666666666666, 0.16666666666666666, 0.16666666666666666, 0.5, 0.5]
Trust scores at iteration 72: [-0.5991041297879489, -0.4493054215715485, -0.33133331646593694, -0.5916824315588234, -0.4850796627259173, 0.4726981517628682, 0.37026707648684737, 0.43646466807299533, -1.158729690349764, -1.4638169608880554]
X.shape (10, 5)
s1 and s2 score at iteration 72
S_1 [0.2818780975176398, 0.3682225903382268, -0.2913639939393693, 0.2968667615027043, 0.08868602816229766, 0.42871432226977785, 0.43290572308513625, 0.43881714516338427, -0.4340550865898684, 0.27304130283978306]
S_2 [0.16666666666666666, 0.16666666666666666, 0.5, 0.16666666666666666, 0.2, 0.16666666666666666, 0.16666666666666666, 0.16666666666666666, 0.5, 0.2]
Trust scores at iteration 73: [-0.32666522163821443, -0.16277619022519213, -0.731126081301451, -0.3112229419309923, -0.39892502342332536, 0.5239818501517244, 0.4551455740208245, 0.5055252676510967, -1.4078551730486497, -0.9580055316302524]
X.shape (10, 5)
s1 and s2 score at iteration 73
S_1 [-0.30775219777927343, -0.07100594940395234, 0.0320121077771207, -0.0038543180385903148, -0.011413920631229047, 0.13724349870891533, 0.137224425429982, 0.13711347662263046, -0.06386375398763966, -0.10835061107094421]
S_2 [0.3333333333333333, 0.3333333333333333, 0.3333333333333333, 0.3333333333333333, 0.5, 0.2, 0.2, 0.2, 0.2, 0.2]
Trust scores at iteration 74: [-1.1013799199557437, -0.4691549462509835, -0.6418131220340995, -0.4262811973178253, -0.6041971586131236, 0.546787295106207, 0.49856020961251424, 0.5335834726115182, -1.2450981386086653, -1.027447027751955]
X.shape (10, 5)
s1 and s2 score at iteration 74
S_1 [0.05336623147249572, 0.40742325082357583, 0.2709590388712625, 0.2995099608423235, 0.009965581666003785, 0.1481779902827022, 0.14601493537577265, 0.14224638700318432, -0.13113958535850193, 0.2430910039839959]
S_2 [0.25, 0.25, 0.25, 0.25, 0.3333333333333333, 0.3333333333333333, 0.3333333333333333, 0.3333333333333333, 0, 0.25]
Trust scores at iteration 75: [-0.9566705198384979, -0.2534084623756884, -0.47475256113435815, -0.3028571706610211, -0.7156000044383557, 0.19185974726912955, 0.15650805438543952, 0.17824942441321798, -0.9681313638056956, -0.7652165046469427]
X.shape (10, 5)
s1 and s2 score at iteration 75
S_1 [0.38558967446735715, 0.13108744194828906, 0.32848096082901795, 0.4347901725702604, -0.716162110838535, 0.44739999669709246, 0.44936810030186286, 0.44061610260832873, 0.3997812620836585, 0.11391802472201351]
S_2 [0.14285714285714285, 0.25, 0.14285714285714285, 0.14285714285714285, 0, 0.14285714285714285, 0.14285714285714285, 0.14285714285714285, 0.14285714285714285, 0.3333333333333333]
Trust scores at iteration 76: [-0.5408195329998147, -0.31487140592558727, -0.2416029750351138, -0.05030373280589928, -0.9790327866071376, 0.3044164804206244, 0.2809842094983791, 0.29036029870508817, -0.5393677612619561, -0.7595994093787248]
X.shape (10, 5)
s1 and s2 score at iteration 76
S_1 [0.08240571984853594, 0.01855625961265485, -0.12821669051156545, 0.1465497232035949, 0.14770050257071132, 0.26639114992064683, 0.2619611897439771, 0.25397804937716956, 0.10502403883945984, -0.4365706074456436]
S_2 [0.2, 0.2, 0.5, 0.5, 0.25, 0.2, 0.2, 0.2, 0.5, 0.5]
Trust scores at iteration 77: [-0.4057713560487034, -0.31951260116257274, -0.6135150443963524, -0.17017365812582189, -0.6689880300226692, 0.3930915362944371, 0.3717000870212208, 0.36927302786268196, -0.5592831896841362, -1.3233694866188705]
X.shape (10, 5)
s1 and s2 score at iteration 77
S_1 [-0.0010838556963870876, -0.0013023473790718294, -0.06302248068271764, 0.05923294752135561, -0.2136242183711499, 0.18271494412037134, 0.18397794766312806, 0.185933696728254, -0.3602317223850981, -0.1072673838617858]
S_2 [0.3333333333333333, 0.3333333333333333, 0.3333333333333333, 0.25, 0.5, 0.25, 0.25, 0.25, 0, 0.25]
Trust scores at iteration 78: [-0.48578872696850894, -0.42576013015469233, -0.7311459411860183, -0.17355048041004617, -1.1129696790496946, 0.4199706876589884, 0.4070345020793021, 0.4084911195038774, -0.972724329054899, -1.2494322454976778]
X.shape (10, 5)
s1 and s2 score at iteration 78
S_1 [-0.017769497230795097, -0.07305520674001917, 0.03537308825365245, -0.14836011901177223, 0.14382868104660493, 0.18457371764112046, 0.18251834788767016, 0.18206222777400388, -0.4140885772924718, -0.2240397406639208]
S_2 [0.25, 0.3333333333333333, 0.3333333333333333, 0.3333333333333333, 0.25, 0.25, 0.25, 0.25, 0.5, 0.5]
Trust scores at iteration 79: [-0.5189340604221283, -0.6167736015578908, -0.6543079141906306, -0.5626249539549809, -0.6953044066682877, 0.44397948136129184, 0.43158342161642343, 0.43186169130628405, -1.6539528722674732, -1.5387493369358127]
X.shape (10, 5)
s1 and s2 score at iteration 79
S_1 [0.2177982108742419, 0.06278609560857279, -0.07484179650402041, -0.4097440056486536, 0.1928218378907738, 0.23485673157124046, 0.241916120021763, 0.25126780449490954, 0.08170550245913889, -0.10148672153627834]
S_2 [0.2, 0.3333333333333333, 0.3333333333333333, 0, 0.2, 0.2, 0.2, 0.2, 0.3333333333333333, 0.3333333333333333]
Trust scores at iteration 80: [-0.2832147043979153, -0.6567783608860756, -0.8473725468780418, -0.8830493743304608, -0.43649436849159484, 0.41119171449635467, 0.4109429959368662, 0.4223031839143988, -1.3602151145653185, -1.4982941243030798]
X.shape (10, 5)
s1 and s2 score at iteration 80
S_1 [0.34370453257683403, 0.5582022740695767, 0.11610773432619707, -0.5276357381091826, 0.602860154075055, 0.5247555875427292, 0.5247555875427292, 0.5572112942532361, 0.5897696298585114, 0.4820499527093044]
S_2 [0.125, 0.125, 0.25, 0, 0.125, 0.125, 0.125, 0.125, 0.125, 0.125]
Trust scores at iteration 81: [-0.17721334682149378, -0.331967857260854, -0.8353823410609176, -0.8807007979365867, -0.15554605794411636, 0.3989671929297502, 0.39879308993810825, 0.42289608494789765, -0.8086647895665318, -0.958924407310336]
X.shape (10, 5)
s1 and s2 score at iteration 81
S_1 [0.16077066534571927, 0.02291308017776152, 0.12859637327163753, -0.00224833407889325, -0.3449095695083113, -0.22008560057553195, 0.07214116638140038, 0.12245705372734281, -0.22889525854060425, 0.11549809021565853]
S_2 [0.25, 0.3333333333333333, 0.25, 0.25, 0.5, 0.5, 0.25, 0.25, 0.5, 0.25]
Trust scores at iteration 82: [0.025950657224954377, -0.38962141620033697, -0.4948052556889201, -0.7706859770557303, -1.0524876559517218, -0.43140534926772445, 0.2637714492541833, 0.3745335982237978, -1.2931866649988957, -0.6057262561762847]
X.shape (10, 5)
s1 and s2 score at iteration 82
S_1 [-0.11817995437869182, -0.06757823544738048, -0.01701985099756207, -0.1703538959876407, -0.14052749767744213, -0.09291383526352003, -0.0759655035757317, -0.06496401342446032, -0.1777828131046428, -0.023997089559275406]
S_2 [0.25, 0.25, 0.25, 0.3333333333333333, 0.3333333333333333, 0.25, 0.5, 0.3333333333333333, 0.3333333333333333, 0.3333333333333333]
Trust scores at iteration 83: [1.9512616233955604, 0.7684311732236093, -0.196363678982244, 2.263258723917038, 1.5402632461779548, 1.1857597694275333, 1.2236441618105878, 1.207260160827129, 2.0284538737504145, -0.20102424927350473]
X.shape (10, 5)
s1 and s2 score at iteration 83
S_1 [0.19320873397948088, 0.3282446406889123, 0.27194053537511687, -0.27941009776845244, 0.2611609295377864, 0.22767822701883603, 0.2569247268191053, -0.2114913150733556, -0.24996897096537335, -0.06508766079674155]
S_2 [0.16666666666666666, 0.16666666666666666, 0.16666666666666666, 0, 0.16666666666666666, 0.16666666666666666, 0.16666666666666666, 0.3333333333333333, 0.3333333333333333, 0.3333333333333333]
Trust scores at iteration 84: [1.3924667359512635, 0.6879018212565265, -0.03891385138934568, 1.328913557847267, 1.1668729488461418, 0.8881189164638107, 0.9413679018523987, 0.351789102862686, 0.891457953280955, -0.5002040028189871]
X.shape (10, 5)
s1 and s2 score at iteration 84
S_1 [-0.03340480550196126, 0.12723227528605202, -0.09239558591066406, 0.08997298758732447, 0.10840733030648224, -0.2675790017149987, 0.01232670161774382, -0.1414432211418142, -0.18994610018808553, -0.015118001635415941]
S_2 [0.3333333333333333, 0.3333333333333333, 0.3333333333333333, 0.3333333333333333, 0.3333333333333333, 0.5, 0.3333333333333333, 0.3333333333333333, 0.3333333333333333, 0.3333333333333333]
Trust scores at iteration 85: [0.6959617820696435, 0.5815312748795686, -0.4450985349415086, 0.9423861035715088, 0.8724238717038061, -0.30923922161625317, 0.4880225659115913, -0.28725550755846874, -0.023851876454815568, -0.5857894213584116]
X.shape (10, 5)
s1 and s2 score at iteration 85
S_1 [-0.11462712634652633, 0.005237207320116449, -0.032029203614885385, 0.03189165502685329, -0.09701528276162605, -0.12518492888045063, -0.23107377066510443, 0.08770734492734432, -0.28498011041479704, 0.03524358070009592]
S_2 [0.5, 0.3333333333333333, 0.25, 0.25, 0.3333333333333333, 0.5, 0.5, 0.25, 0.5, 0.25]
Trust scores at iteration 86: [-0.20490495230116357, 0.22498558251014175, -0.5711237796173401, 0.618754597375944, 0.07885922437437043, -0.9446582605336579, -0.7487642029025245, -0.051078855290928094, -1.2914611202202648, -0.4395031219416734]
X.shape (10, 5)
s1 and s2 score at iteration 86
S_1 [-0.2778377098857985, -0.1663726888984124, 0.004430481190937425, 0.07226219231351914, 0.07767018516826786, 0.019419165891064134, -0.2068640248360756, -0.28857368206710904, 0.023832125659659746, 0.07162967578224115]
S_2 [0.3333333333333333, 0.5, 0.5, 0.25, 0.25, 0.25, 0.3333333333333333, 0.3333333333333333, 0.25, 0.25]
Trust scores at iteration 87: [-1.4165777211940098, -0.7851222678337372, -0.6826739743202994, 0.5622399216706291, 0.20520145706205933, -0.7362545266951673, -1.52314433432786, -1.3503669951423911, -0.9619715333118106, -0.18098356807548768]
X.shape (10, 5)
s1 and s2 score at iteration 87
S_1 [-0.013322407174206815, 0.07978521910919485, 0.06058094750801805, 0.14328676669951018, -0.1301858778801346, -0.07465505339802453, -0.16385591656997545, -0.11658590524571125, -0.20660122274624199, -0.008979526737762157]
S_2 [0.3333333333333333, 0.25, 0.25, 0.3333333333333333, 0.25, 0.25, 0.25, 0.25, 0.25, 0.25]
Trust scores at iteration 88: [-1.3194975749053337, -0.6075389977384914, -0.5760332422829988, 0.3935679451694403, -0.3539296037342153, -0.8966837127036413, -1.6342667343958197, -1.4143532104418433, -1.3309417693599752, -0.37048896390230324]
X.shape (10, 5)
s1 and s2 score at iteration 88
S_1 [-0.06574365006607365, 0.13771769164935138, 0.1541255504168304, -0.07587788000879059, -0.025393261361890948, -0.14186557068199726, 0.1209568032035727, -0.13533796369101522, -0.2199299636086736, -0.060233737740470444]
S_2 [0.3333333333333333, 0.3333333333333333, 0.3333333333333333, 0.5, 0.3333333333333333, 0.3333333333333333, 0.3333333333333333, 0.3333333333333333, 0.3333333333333333, 0.3333333333333333]
Trust scores at iteration 89: [-1.2516160207418352, -0.35721462235143275, -0.3032232695980991, -0.17219608126587121, -0.4971778188219744, -1.1038149766021315, -1.1085485218828917, -1.4534778660321346, -1.5597452301618282, -0.5765851411692064]
X.shape (10, 5)
s1 and s2 score at iteration 89
S_1 [-0.04326143392030944, -0.13712830685070818, 0.004954280920225719, -0.04758881205758506, -0.19724661908448254, -0.12907475416809058, -0.03698216486200496, -0.01605933750960442, -0.18974998848020763, -0.1709178502804243]
S_2 [0.5, 0, 0.25, 0.25, 0.3333333333333333, 0.3333333333333333, 0.25, 0.25, 0.3333333333333333, 0]
Trust scores at iteration 90: [-3.7957707515323635, -8.553675467567283, -0.06225628871866934, -3.1522155159835115, -12.492035456438073, -8.788623368397143, -3.1653905789615666, -2.1398866805053016, -12.781883985126342, -10.753316430095824]
X.shape (10, 5)
s1 and s2 score at iteration 90
S_1 [0.0390420889901805, -0.15688068228139537, 0.1248419812908097, 0.12359758156077302, -0.01464677559005561, 0.23913338014412114, 0.2134073218889578, 0.2625665441873164, -0.1602551710287449, 0.23309101825389142]
S_2 [0.3333333333333333, 0.5, 0.25, 0.25, 0.25, 0.25, 0.3333333333333333, 0.25, 0.5, 0.3333333333333333]
Trust scores at iteration 91: [-2.8124313040567595, -6.46681959626414, -0.050939011633047246, -2.2153322814071004, -8.911159749276994, -6.028810329538088, -2.171941135001018, -1.347920676353711, -9.43042113972763, -7.460999279046738]
X.shape (10, 5)
s1 and s2 score at iteration 91
S_1 [0.3814628418905715, -0.16821968201128593, 0.38201203671614004, 0.2999453402078701, 0.04307492804723403, 0.43542847610215357, 0.3566731372958036, 0.2744593288888054, -0.6642032921977482, 0.3937847964740705]
S_2 [0.16666666666666666, 0.5, 0.16666666666666666, 0.16666666666666666, 0.25, 0.16666666666666666, 0.16666666666666666, 0.16666666666666666, 0, 0.16666666666666666]
Trust scores at iteration 92: [-1.8058829681726316, -4.942673129970735, 0.12754001886851485, -1.44407729766263, -6.3581342100901495, -4.020167230676662, -1.3746193744549782, -0.8544484377365, -7.058915276476833, -5.051391013168804]
X.shape (10, 5)
s1 and s2 score at iteration 92
S_1 [-0.22816778376048552, 0.133287181440985, 0.13347647518974173, -0.2313168229447452, 0.11125649344095281, -0.20937293270471274, -0.23066126597795641, 0.025770560319508196, 0.039475251505623095, 0.04824445845531514]
S_2 [0.3333333333333333, 0.2, 0.2, 0.3333333333333333, 0.25, 0.3333333333333333, 0.3333333333333333, 0.2, 0.2, 0.2]
Trust scores at iteration 93: [-2.0769450386578985, -3.3402966451619553, 0.20927801320796038, -1.8307588090594202, -4.425635290773004, -3.5847009581650044, -1.7806648414508082, -0.7201923282133813, -5.03251662860135, -3.6075400881173643]
X.shape (10, 5)
s1 and s2 score at iteration 93
S_1 [-0.14704977221018936, -0.15662888848906917, -0.025075500262187227, 0.06542034825145779, -0.16306201379815133, 0.05720209963678978, 0.0994130911764545, -0.09061968655779677, -0.19730472408381003, -0.038409971844869106]
S_2 [0.3333333333333333, 0.25, 0.25, 0.25, 0.25, 0.25, 0.25, 0.25, 0.25, 0.3333333333333333]
Trust scores at iteration 94: [-2.1976152735842587, -3.0358684047461493, -0.15417600907675463, -1.3091114478399155, -3.815018771056182, -2.5616712532126567, -1.1714653890155657, -1.002598674027852, -4.343170318341595, -2.941188264424044]
X.shape (10, 5)
s1 and s2 score at iteration 94
S_1 [0.10732818650762695, 0.08591496648568116, -0.09039791144254265, 0.2192846526437424, -0.2992085347434318, 0.1255319403997622, 0.07261858214582556, 0.2391471390400174, -0.4649316198904157, 0.15475739038251998]
S_2 [0.2, 0.3333333333333333, 0.3333333333333333, 0.2, 0.5, 0.2, 0.2, 0.2, 0.5, 0.3333333333333333]
Trust scores at iteration 95: [-1.523692008054356, -2.2173311812920478, -0.4213235737661304, -0.7612946649804155, -3.3458576275862386, -1.7556953522718874, -0.8489288236658101, -0.5218190718194964, -3.9234563317044877, -2.064695165687024]
X.shape (10, 5)
s1 and s2 score at iteration 95
S_1 [-0.09308789012077869, -0.1388194571141325, 0.058276856969774186, -0.07112557312465874, 0.01110136016283525, 0.10475121441355345, 0.018418019703700612, -0.31897361527443896, 0.17535816938785886, 0.1939075915147995]
S_2 [0.3333333333333333, 0.3333333333333333, 0.3333333333333333, 0.3333333333333333, 0.25, 0.25, 0.25, 0.3333333333333333, 0.25, 0.25]
Trust scores at iteration 96: [-1.5106033520757507, -2.0669033931381424, -0.5047647036666749, -0.94294668097858, -2.549925106392287, -1.291923136400683, -0.7907551296834469, -1.1587665850396944, -2.700117775536019, -1.3702866159809168]
X.shape (10, 5)
s1 and s2 score at iteration 96
S_1 [0.05110053668322259, 0.09450723921417414, 0.16946427794201824, 0.12064249781376181, -0.11676982736630606, 0.1596589122514417, -0.1978360502041604, -0.22111375240354628, -0.04409100571934633, -0.09142079072992365]
S_2 [0.3333333333333333, 0.3333333333333333, 0.3333333333333333, 0.3333333333333333, 0.3333333333333333, 0.3333333333333333, 0.3333333333333333, 0.3333333333333333, 0.3333333333333333, 0.5]
Trust scores at iteration 97: [-1.1669598537605421, -1.4795276658587655, -0.25333529256667237, -0.6464911217611311, -2.19166340057854, -0.8217044832736106, -1.1037547020391876, -1.4025708783107325, -2.16813607091079, -1.4210414483313671]
X.shape (10, 5)
s1 and s2 score at iteration 97
S_1 [-0.008507949439272753, 0.07736935568786929, -0.004759521688701529, -0.1980867820183547, -0.1477034928337815, -0.10167901769792541, 0.10226309340661291, -0.25407605123307087, 0.09592294911419255, -0.14052815305860702]
S_2 [0.3333333333333333, 0.3333333333333333, 0.3333333333333333, 0.5, 0.5, 0.3333333333333333, 0.3333333333333333, 0.5, 0.3333333333333333, 0.3333333333333333]
Trust scores at iteration 98: [-1.0418309004041142, -1.0086978758678877, -0.39129728366110117, -1.3336530850387334, -2.2674687757057077, -1.0734796881428064, -0.6726282914274313, -2.02715957637127, -1.4362947582614836, -1.6069837629617725]
X.shape (10, 5)
s1 and s2 score at iteration 98
S_1 [0.11862008201941417, 0.2188521526368727, 0.35397343478093524, 0.3938895772634553, -0.12334208723319035, 0.13649349666387145, 0.07486622483864165, -0.48558648582093966, 0.39165304053701316, 0.20876364753300633]
S_2 [0.2, 0.2, 0.25, 0.2, 0.3333333333333333, 0.2, 0.3333333333333333, 0.3333333333333333, 0.2, 0.2]
Trust scores at iteration 99: [-0.8189364506691976, -0.7194031028278083, -0.22930962080652031, -0.8135571595271133, -1.9811697659915688, -0.8274775879248265, -0.7138190836043332, -2.088851257881116, -0.8871097549319945, -1.145886980119823]
X.shape (10, 5)
s1 and s2 score at iteration 99
S_1 [-0.04503472804787388, -0.05823063377744976, -0.14159519523346198, -0.04265742828526306, -0.044721882759423535, -0.14974685416563924, -0.20142157520369752, -0.17428200485219117, -0.006486254522133423, -0.062006189990614434]
S_2 [0.25, 0.25, 0.25, 0.25, 0.25, 0.25, 0.3333333333333333, 0.25, 0.25, 0.25]
Trust scores at iteration 100: [1.2846751447854543, 1.9646809544710615, 6.163495245320985, 1.1784866024787068, 0.45664221201869415, 6.121805376903763, 8.516407648614832, 6.373635108653252, -0.545976828452396, 1.8407679600457563]
