Matplotlib created a temporary config/cache directory at /tmp/matplotlib-g1sa8nny because the default path (/users/raysuan/.config/matplotlib) is not a writable directory; it is highly recommended to set the MPLCONFIGDIR environment variable to a writable directory, in particular to speed up the import of Matplotlib and to better support multiprocessing.
Loaded dataset for Tower 2 without noise: 552960 chunks
Loaded dataset for Tower 3 without noise: 535674 chunks
Loaded dataset for Tower 4 without noise: 552958 chunks
Loaded dataset for Tower 5 without noise: 518399 chunks
Loaded dataset for Tower 6 without noise: 518400 chunks
Loaded dataset for Tower 7 with same noise: 518398 chunks
Loaded dataset for Tower 8 with same noise: 518398 chunks
Loaded dataset for Tower 9 with same noise: 518399 chunks
Loaded dataset for Tower 10 with random noise: 518399 chunks
Loaded dataset for Tower 11 with random noise: 518396 chunks
W, alpha, th 0.5 0.5 0.4
X.shape (10, 5)
s1 and s2 score at iteration 0
S_1 [-0.23644800833044707, 0.09262767953290613, 0.13136304836337995, 0.35664460235735335, -0.21665800316667794, 0.31109870123151484, 0.09983120307296116, 0.28183199340158643, 0.22131183124501463, 0.30940559292329084]
S_2 [0.5, 0.5, 0.5, 0.25, 0, 0.25, 0.3333333333333333, 0.25, 0.25, 0.25]
Trust scores at iteration 1: [-0.8314896773532677, -0.3701400793385703, -0.3158348009543744, 0.25, -0.30374496310137533, 0.1861466557676904, -0.1933743904345823, 0.14511602241942018, 0.06026942477495145, 0.1837729926068955]
X.shape (10, 5)
s1 and s2 score at iteration 1
S_1 [0.056546777769167694, -0.07207536617053481, -0.114551609551739, -0.030524557339044515, -0.13246235988832408, -0.13426905304243741, -0.09462351316748255, -0.016402226113766922, -0.04252486759366132, -0.14449597092374805]
S_2 [0.5, 0.5, 0.5, 0.5, 0.5, 0.5, 0.5, 0.5, 0.5, 0.5]
Trust scores at iteration 2: [-0.41574483867663387, -1.3223774956728538, -1.6708098593486336, -0.6449053645784227, -1.8231360363818312, -1.5941654356628907, -1.4333707066434391, -0.5724743563349379, -0.8458802372817531, -1.685781097008429]
X.shape (10, 5)
s1 and s2 score at iteration 2
S_1 [0.26038753273556314, 0.05650805022177179, 0.07582527116225439, 0.14778155923535374, 0.35811319726935453, -0.05837312607891801, 0.30731310362760555, -0.413131090649817, 0.36550666763249656, 0.11588839953572647]
S_2 [0.25, 0.25, 0, 0.25, 0.25, 0.3333333333333333, 0.25, 0, 0.25, 0.3333333333333333]
Trust scores at iteration 3: [-0.22667162220624767, -0.9588877637151351, -0.7316786807752216, -0.4952928144643888, -0.796682020229554, -1.3769350587709681, -0.6712920597900711, -0.851385679186341, -0.29794011864087655, -1.1843593782161694]
X.shape (10, 5)
s1 and s2 score at iteration 3
S_1 [-0.10599550864155308, 0.17190673336861023, -0.3356889282479486, 0.033658865166877425, -0.12592371610039002, 0.055030236207422305, -0.037528020749355545, -0.2527415581716071, 0.10860080962259998, 0.13445477762781705]
S_2 [0.5, 0.2, 0.5, 0.2, 0.5, 0.2, 0.5, 0.5, 0.2, 0.2]
Trust scores at iteration 4: [-0.9216294612834012, -0.17944388185756754, -1.8422086822683303, -0.3497477836375486, -1.2645969258454852, -0.7284091211746085, -0.9447983010538571, -1.6608052846352945, -0.033098750807661226, -0.4011107210894993]
X.shape (10, 5)
s1 and s2 score at iteration 4
S_1 [-0.11623178541032114, 0.038483913700062315, 0.02288692077554623, 0.09301188589638928, -0.21611228863968174, 0.07627698441300879, 0.28016176306620133, -0.28972379247424873, 0.27451568400633486, 0.22534493938308298]
S_2 [0, 0.25, 0.3333333333333333, 0.25, 0.5, 0.3333333333333333, 0.3333333333333333, 0.5, 0.25, 0.25]
Trust scores at iteration 5: [-0.6682516487604232, -0.27104034555531253, -1.2135917707919528, -0.25887713894566566, -1.51799044007634, -0.561407639066793, -0.30573248386026186, -1.8474678358390557, 0.2233741619874366, -0.048386026448585584]
X.shape (10, 5)
s1 and s2 score at iteration 5
S_1 [0.12132087924551133, -0.03623901170677271, 0.1725534743980518, -0.02320004211150792, 0.14798674754747568, -0.1370614220683717, -0.06511033089699715, 0.046339603255257135, -0.39617577952901734, 0.09181140722686919]
S_2 [0, 0.5, 0.3333333333333333, 0.5, 0.3333333333333333, 0.5, 0.5, 0.3333333333333333, 0, 0.3333333333333333]
Trust scores at iteration 6: [0.017419920116490017, -0.740528234287839, -0.4401292187293097, -0.6966642286270186, -0.6635143899252919, -1.1778601867016232, -0.8415333525870818, -1.122791185769649, -1.0362926421357812, -0.09148879632239948]
X.shape (10, 5)
s1 and s2 score at iteration 6
S_1 [0.18397452379327306, 0.01481522614064277, -0.12556522983690802, 0.08883776960790064, -0.13586438035111997, -0.05116850629291056, 0.01918988880364097, -0.14823414179148062, 0.045397498108148096, -0.1332570390430943]
S_2 [0.25, 0.5, 0.5, 0.25, 0.5, 0.5, 0.25, 0.5, 0.25, 0.5]
Trust scores at iteration 7: [0.258709960058245, -0.8299997755514656, -1.061321722708245, -0.3568917024124433, -1.2010050058818005, -1.2279942018966425, -0.6186130182544417, -1.4642615406669401, -0.6447664715862309, -0.9079060613511298]
X.shape (10, 5)
s1 and s2 score at iteration 7
S_1 [-0.31197753298957104, 0.09924136811896786, 0.13838056003968502, 0.0736224979533703, -0.037434436816955186, -0.33875896614375295, -0.14650142561132984, -0.00925073177246809, 0.13461490877776677, 0.16797596395036948]
S_2 [0.5, 0.3333333333333333, 0.3333333333333333, 0.25, 0.5, 0.5, 0.5, 0.25, 0.25, 0.25]
Trust scores at iteration 8: [-1.2992824441970856, -0.4529297425843353, -0.45208835772922523, -0.2092999203779189, -1.2119304594669174, -2.122352576865826, -1.2453850472882384, -1.0096666497382203, -0.1716862979337787, -0.20395303067556492]
X.shape (10, 5)
s1 and s2 score at iteration 8
S_1 [-0.18280961273800245, 0.057614363770606546, -0.20368791155385807, -0.08606565217382342, -0.00762570802848592, -0.10022982027155412, 0.05671649856937284, -0.08602455945726722, -0.10580040886725744, 0.1063617460664008]
S_2 [0, 0.3333333333333333, 0.5, 0, 0.5, 0.3333333333333333, 0.3333333333333333, 0.3333333333333333, 0.3333333333333333, 0.3333333333333333]
Trust scores at iteration 9: [-1.5090179223638613, -0.28895663845452846, -1.6835684725458075, -0.5092392761639591, -1.1418132122577642, -1.8656838172753227, -0.6894050996707551, -1.24256279985455, -0.9165376707918402, 0.06469015132888423]
X.shape (10, 5)
s1 and s2 score at iteration 9
S_1 [-0.08299808945522184, 0.03841100752395959, 0.20296106697338853, 0.013896373026928496, -0.0389759786449163, 0.08209056360709083, 0.11849507908013458, 0.2488299953568922, -0.2805719339439934, 0.2917883851303766]
S_2 [0.3333333333333333, 0.3333333333333333, 0.3333333333333333, 0.5, 0, 0.3333333333333333, 0.3333333333333333, 0.3333333333333333, 0.5, 0.3333333333333333]
Trust scores at iteration 10: [-1.230065380979341, -0.4119916791116941, -0.8273294510306781, -0.7308072217297671, -0.6376946974840282, -1.125507265124673, -0.474986198673578, -0.5282269672676092, -1.4390486543366716, 0.1990117423311088]
X.shape (10, 5)
s1 and s2 score at iteration 10
S_1 [-0.06838709105682249, -0.009206699542000263, -0.237181138368335, -0.051152857343564076, -0.004108715987454165, -0.16467948220865905, -0.10987877284485649, 0.006054285203747635, -0.06826906598477685, -0.15508409234563922]
S_2 [0.3333333333333333, 0.3333333333333333, 0.3333333333333333, 0.3333333333333333, 0.5, 0.3333333333333333, 0.3333333333333333, 0.5, 0.5, 0.3333333333333333]
Trust scores at iteration 11: [-6.596191386798183, -1.2996748811076557, -20.33487097748146, -4.9232535982782215, -1.1581703116667577, -14.496328502809192, -9.6452893252376, -0.2641134836338046, -6.857602455905807, -13.041622860511529]
X.shape (10, 5)
s1 and s2 score at iteration 11
S_1 [-0.1751772127958285, 0.010487043294947287, -0.2895090908208345, -0.13777971543449857, -0.007627315548877572, 0.03295171394817506, 0.04074839379809004, 0.06730364773666248, 0.0736400456478331, -0.135559147080043]
S_2 [0, 0.5, 0.5, 0.5, 0.5, 0.3333333333333333, 0, 0.3333333333333333, 0.3333333333333333, 0.5]
Trust scores at iteration 12: [-4.4875111212056815, -1.0786326823092498, -12.633139666908587, -3.8971212996001707, -1.1308729805269802, -7.357762566255192, -4.545971872429614, -0.008412847986859151, -3.262134561286237, -7.941228751344374]
X.shape (10, 5)
s1 and s2 score at iteration 12
S_1 [0.13647962062344338, 0.3388153406721433, -0.6236707926467084, 0.04683938292845443, 0.24271863542144376, 0.3296933718456559, 0.2870745954886258, 0.3644533462241685, 0.3187049683358848, -0.14041300819981983]
S_2 [0.3333333333333333, 0.2, 0, 0.2, 0.2, 0.2, 0.2, 0.2, 0.2, 0.5]
Trust scores at iteration 13: [-2.3898500854063474, -0.27448957500971444, -7.172194838833034, -2.0843008708548205, -0.43244649588413814, -3.426569107561965, -2.079143214693941, 0.2957935760065704, -1.3938302904525341, -4.66324946827668]
X.shape (10, 5)
s1 and s2 score at iteration 13
S_1 [-0.02446346652499546, 0.11889686334515377, -0.23753838291942975, -0.18219512326943837, -0.09046524354470835, 0.03905651128974814, 0.185316561125745, 0.18505552800787375, 0.2510243380626018, 0.15064764532318053]
S_2 [0.5, 0.3333333333333333, 0.5, 0.5, 0.5, 0.3333333333333333, 0.3333333333333333, 0.3333333333333333, 0.3333333333333333, 0.3333333333333333]
Trust scores at iteration 14: [-1.7436523229219043, -0.23375474294822948, -4.559235571582844, -1.9050537392974947, -0.8964154242125382, -1.9688236150704472, -1.0037842359788942, 0.18316422349604794, -0.5302484785596004, -2.3648922521689135]
X.shape (10, 5)
s1 and s2 score at iteration 14
S_1 [0.348645242711139, 0.2171363631423848, 0.23291496530615785, -0.09961784746567073, 0.33665976530195274, -0.40519823569878394, -0.44192578959307205, 0.312976740463877, 0.3243880494207563, 0.19544039402098667]
S_2 [0.16666666666666666, 0.16666666666666666, 0.16666666666666666, 0.3333333333333333, 0.16666666666666666, 0.3333333333333333, 0.3333333333333333, 0.2, 0.16666666666666666, 0.16666666666666666]
Trust scores at iteration 15: [-0.6218261614609522, -0.055477219483101456, -2.195589184834527, -1.595391069789586, -0.2153963553758354, -2.06551572931525, -1.63566785253922, 0.24042910881315496, -0.04991202686260743, -1.1521606523731265]
X.shape (10, 5)
s1 and s2 score at iteration 15
S_1 [0.07779930569517296, 0.005826598151978384, 0.057753604957802435, -0.1294925590070909, -0.08404899594996867, -0.15918083541433678, -0.19508256490525688, -0.26482287509134284, 0.022386506116695085, -0.06063936415896665]
S_2 [0.5, 0.5, 0.5, 0.5, 0.5, 0.5, 0.5, 0.5, 0.5, 0.5]
Trust scores at iteration 16: [-0.3109130807304761, -0.49029227201452974, -1.226624153030002, -2.1299173513365637, -1.1478636405988771, -2.555780075408621, -2.5715891054585724, -2.081747132301468, -0.38108258219267477, -1.465796941374358]
X.shape (10, 5)
s1 and s2 score at iteration 16
S_1 [-0.19937493915231502, 0.03012142549350442, -0.22000609043797031, -0.013678452971372913, -0.05223425314899157, -0.02439434945550586, -0.08895056830809712, -0.24966114887238713, -0.004063299361871183, -0.09623271624240443]
S_2 [0.5, 0.25, 0.5, 0.25, 0, 0.25, 0.5, 0.5, 0.25, 0]
Trust scores at iteration 17: [-3.964976854988288, 0.00485386399273513, -4.765298774246386, -1.5420138821744054, -1.4409932606727653, -1.9328235535627551, -3.262327732197818, -5.685118813212924, -0.5079899475808622, -2.330311519135976]
X.shape (10, 5)
s1 and s2 score at iteration 17
S_1 [-0.11330853965565003, 0.02318711980240633, 0.16883090362086955, -0.18252305527710563, 0.13727869629205897, 0.1812072669446425, -0.09440143521701927, 0.22963177244614316, -0.2350087349170453, -0.013236461425797054]
S_2 [0.5, 0.5, 0.5, 0.5, 0.3333333333333333, 0.3333333333333333, 0, 0.5, 0.5, 0.3333333333333333]
Trust scores at iteration 18: [-2.7292063325310547, -0.44708545569413694, -2.515037140302108, -1.6684324657277743, -0.754919462675661, -0.9051845817210582, -1.8367134601542345, -2.842559406606462, -1.265702766692137, -1.5273101512522547]
X.shape (10, 5)
s1 and s2 score at iteration 18
S_1 [0.12397904310633587, -0.08814723313727793, 0.13553982980089968, -0.2911434381456189, -0.17666373316152562, 0.0022541671897037263, 0.12829225164320426, 0.032677493683493965, -0.18486621794473382, -0.20105828329183667]
S_2 [0.3333333333333333, 0.3333333333333333, 0.3333333333333333, 0.5, 0, 0.3333333333333333, 0.3333333333333333, 0.3333333333333333, 0.5, 0.5]
Trust scores at iteration 19: [-1.2405836930900505, -0.8820470211364575, -1.0908519034843873, -2.4082305597716753, -1.0291638592721601, -0.7776101084040943, -0.7784260352954002, -1.6340673131710142, -1.8148140883911161, -2.0053495413310785]
X.shape (10, 5)
s1 and s2 score at iteration 19
S_1 [-0.02422469480609167, -0.20179027668427738, 0.13203825419015944, 0.13256357820601578, 0.05635024896020954, -0.03726619930347676, -0.2585467765126654, -0.10788751148000945, -0.10917297842883991, 0.1161839917174544]
S_2 [0.3333333333333333, 0.5, 0.3333333333333333, 0.3333333333333333, 0.3333333333333333, 0.3333333333333333, 0.5, 0.3333333333333333, 0.3333333333333333, 0.3333333333333333]
Trust scores at iteration 20: [-1.0449952799236528, -1.7021310463450507, -0.38074068910431663, -1.037448613219171, -0.6353747985266229, -0.8626981091715968, -1.8643933047657058, -1.5572944165169007, -1.6525162963230238, -0.8977882200391397]
X.shape (10, 5)
s1 and s2 score at iteration 20
S_1 [0.13735077450816563, 0.19594315595656178, 0.03577388800288916, 0.07649939021284136, 0.055348537442234, -0.23135992058716923, -0.20613812946365717, -0.2201493979142217, -0.02304947256268743, -0.011831375517230921]
S_2 [0.3333333333333333, 0.3333333333333333, 0.3333333333333333, 0.5, 0.3333333333333333, 0.5, 0.5, 0.5, 0.3333333333333333, 0.5]
Trust scores at iteration 21: [-0.5053446961969827, -0.6843988565058587, -0.43241728457349504, -0.8235161865826723, -0.5097845226049467, -1.5217241545930142, -1.9582117827846401, -1.8404157396457528, -1.2184082144655983, -0.979084946386046]
X.shape (10, 5)
s1 and s2 score at iteration 21
S_1 [0.04416236735708041, -0.21696016893434897, -0.00963734202777485, 0.07340529341305532, -0.025597408278955142, 0.08707860684262184, 0.12584536993889703, -0.19228513433811634, -0.13867270286069425, -0.22293382161723388]
S_2 [0.5, 0, 0.5, 0.25, 0.25, 0.25, 0.25, 0.5, 0.5, 0.5]
Trust scores at iteration 22: [-0.5772095266274948, -1.20421035896771, -0.7544990538944776, -0.37010932842737443, -0.6065940890748567, -0.6648874622395449, -0.7291058913923201, -2.1841816832078207, -1.6601687669895524, -1.8752875018956172]
X.shape (10, 5)
s1 and s2 score at iteration 22
S_1 [0.22502584883991966, 0.08450597926062729, 0.31896012230484816, -0.5058222130939792, 0.11726457106294544, -0.36421188433402185, 0.3085669339676763, 0.3021182938724043, 0.2798609591692963, 0.0848369820153177]
S_2 [0.2, 0.2, 0.2, 0.5, 0.5, 0.5, 0.2, 0.2, 0.2, 0.5]
Trust scores at iteration 23: [-0.13585557445927082, -0.6696341065328293, -0.0772495269472388, -1.4779785718151153, -0.6194737969546645, -1.4033801254598837, -0.08084524622274197, -0.8184919921783812, -0.5913760002226232, -1.304653800037528]
X.shape (10, 5)
s1 and s2 score at iteration 23
S_1 [0.14062228712238037, 0.17060175123799434, -0.0753179297048876, -0.0256289806539852, 0.25469035130560175, 0.3378956011119017, 0.13753643688196152, 0.29892567646295387, 0.0053464515101570515, 0.15430648587867032]
S_2 [0.5, 0.25, 0.25, 0.25, 0.25, 0.25, 0.25, 0.25, 0.25, 0.25]
Trust scores at iteration 24: [-0.35984238058385587, -0.33236962471658904, -0.4000762435417846, -1.026913692987213, -0.1828596167555508, -0.45169006272994183, -0.08690349408250084, -0.21691162494128396, -0.537776604561083, -0.6739923413993278]
X.shape (10, 5)
s1 and s2 score at iteration 24
S_1 [0.16962195415737866, -0.38657976739803357, 0.09639820832917756, -0.11073224723507367, 0.18459304943717147, 0.14855634920521846, 0.051424863161055795, -0.45355487943168415, 0.1906522086531687, 0.1356575170511776]
S_2 [0.3333333333333333, 0.5, 0.25, 0, 0.25, 0.25, 0.5, 0.5, 0.25, 0.25]
Trust scores at iteration 25: [-0.06840797462474046, -1.6800198214803053, -0.1972264470198708, -0.8038606346724151, 0.14267958311891596, -0.08624464263968301, -0.40858610996225114, -1.7979381757638562, -0.018888302280541502, -0.23122395591781614]
X.shape (10, 5)
s1 and s2 score at iteration 25
S_1 [-0.10052548548737757, -0.14521236555865136, -0.059290462477628286, -0.19073296601895365, -0.07176120019749382, 0.055299224942579, 0.020178336374318144, -0.1986157601446224, -0.05795686246153467, -0.10265931917888434]
S_2 [0.3333333333333333, 0.5, 0.3333333333333333, 0.3333333333333333, 0.3333333333333333, 0.5, 0.5, 0.3333333333333333, 0, 0.3333333333333333]
Trust scores at iteration 26: [-1.2764604166905407, -2.6529791766696063, -0.9680342012830746, -2.4598173511690042, -0.9108380804813203, -0.043122321319841506, -0.5218462268811775, -3.028130123600411, -0.5334737602506632, -1.3771619299291442]
X.shape (10, 5)
s1 and s2 score at iteration 26
S_1 [-0.19624686021483537, 0.12156931238743877, 0.052594030916107926, -0.06012554299740702, 0.0966421140869358, 0.08090199573493471, -0.2661135691768699, -0.19375765448914378, 0.01803831726769746, 0.042325484485249004]
S_2 [0.25, 0.2, 0.2, 0.25, 0.2, 0.2, 0.25, 0.25, 0.2, 0.3333333333333333]
Trust scores at iteration 27: [-1.8203700052267435, -1.1264895883348032, -0.5677041599690924, -1.8521978220665856, -0.35794161691305487, 0.011179043862672045, -1.7304163039950096, -2.685967054104161, -0.49254744484165686, -1.014501324083004]
X.shape (10, 5)
s1 and s2 score at iteration 27
S_1 [0.34801028988106375, 0.19691049951627163, 0.22529635533828973, 0.31853858693084, 0.16429351967854952, 0.3206052689543942, 0.022886957935481417, 0.05798495650911595, -0.5035050715375265, -0.06835818160318384]
S_2 [0.25, 0.5, 0.25, 0.25, 0.25, 0.25, 0.25, 0.3333333333333333, 0, 0.5]
Trust scores at iteration 28: [-0.6601850026133718, -0.7803357750352835, -0.2101599911453237, -0.7184420597952101, -0.19292388045520512, 0.21621565609530638, -1.0823255640382474, -1.5930076046031596, -0.9696791592393846, -1.1054635361874734]
X.shape (10, 5)
s1 and s2 score at iteration 28
S_1 [0.08512966291052308, 0.01998782523291797, -0.1915912376133385, -0.040649286085459035, 0.03191229539530211, 0.001197492187744424, -0.09089650198200942, -0.24657394376677377, -0.18551133718792434, -0.09548846432514124]
S_2 [0.3333333333333333, 0, 0.5, 0.3333333333333333, 0.3333333333333333, 0.5, 0.5, 0.5, 0, 0.5]
Trust scores at iteration 29: [-0.1634258346400192, -0.27277152678068867, -1.7303707054320066, -0.9313036117049053, -0.24236180851336458, -0.3848588292442765, -1.5750336965412899, -2.74472957541394, -1.574420642467956, -1.6135730839198428]
X.shape (10, 5)
s1 and s2 score at iteration 29
S_1 [-0.04617481876160052, -0.06784619935636949, 0.2754181441719499, 0.16318339085420416, -0.19081445444940512, 0.19508693950808653, 0.3134809475325164, 0.1499942631750653, -0.08895956504361838, -0.06801437585753077]
S_2 [0.3333333333333333, 0.3333333333333333, 0.3333333333333333, 0.3333333333333333, 0, 0.3333333333333333, 0.3333333333333333, 0.3333333333333333, 0.5, 0.3333333333333333]
Trust scores at iteration 30: [-0.4886947755877187, -0.5779333277485663, -0.759228601054009, -0.5387087298239734, -0.42552867395584804, -0.21460039336317088, -0.6208501816039782, -1.4664582814970932, -1.4291002283301515, -1.248602346704816]
X.shape (10, 5)
s1 and s2 score at iteration 30
S_1 [-0.16750333405266504, 0.16862423733160933, 0.2817050806849233, 0.1458951161565374, 0.1594894550483113, 0.078757023224508, 0.11458740863417659, -0.3307121891145385, 0.07449837240689162, -0.2152632461180996]
S_2 [0, 0.25, 0.25, 0.25, 0.3333333333333333, 0.5, 0.3333333333333333, 0, 0.25, 0]
Trust scores at iteration 31: [-0.5416500378657112, -0.23967451599816925, -0.1296143005270045, -0.2604042675232291, -0.26301890108825143, -0.46751389422473544, -0.4403765604579357, -1.320212144942972, -0.8323225160227914, -1.0063731714766868]
X.shape (10, 5)
s1 and s2 score at iteration 31
S_1 [-0.049236612599056685, 0.09805135071770699, -0.11131628571399024, 0.05726260760933434, -0.14831118095632828, -0.10954947459071987, -0.16606906568681307, -0.10399266207167474, 0.01988991785048078, 0.08684181891918746]
S_2 [0.3333333333333333, 0.3333333333333333, 0, 0.3333333333333333, 0.3333333333333333, 0, 0.5, 0.5, 0.3333333333333333, 0.3333333333333333]
Trust scores at iteration 32: [-0.8552339990505483, 0.04682940866758206, -0.6324499461005195, -0.17153231165553307, -1.2211361947827355, -0.7923901214075202, -1.5670356947277813, -1.690403010302934, -0.648068564549114, -0.3936814559422504]
X.shape (10, 5)
s1 and s2 score at iteration 32
S_1 [0.09530436777102022, 0.056088347153640195, -0.1558487122725931, 0.19873362248856521, 0.10499721387074477, 0.29822420555130086, 0.14579172003501398, -0.21689592012996062, 0.1883113874612727, 0.2515654666797713]
S_2 [0.3333333333333333, 0.25, 0.3333333333333333, 0.3333333333333333, 0.25, 0.3333333333333333, 0.3333333333333333, 0.25, 0.25, 0.3333333333333333]
Trust scores at iteration 33: [-0.7678305603345998, -0.25754808119873374, -1.0775195114739422, -0.25257116563375487, -0.8095307202833533, -0.3961950607037601, -1.0390847709717486, -1.583847238952659, -0.38331311686285274, -0.27506834666035207]
X.shape (10, 5)
s1 and s2 score at iteration 33
S_1 [0.006092225731146341, 0.04980849968821784, -0.22401990772872946, -0.12507649200754742, -0.18364508475305089, -0.25669106643664036, -0.09866663733606545, 0.07526142754109572, 0.051270673600692554, -0.04326684768730853]
S_2 [0.3333333333333333, 0.3333333333333333, 0.5, 0.5, 0.5, 0.5, 0.5, 0.3333333333333333, 0.3333333333333333, 0.3333333333333333]
Trust scores at iteration 34: [-0.6767748546962328, -0.13120413893213878, -2.527038114570955, -1.4572324309832287, -2.1248132037251204, -2.403427038594843, -1.6750351163551471, -0.6252569528096628, -0.18437269065801254, -0.7583112152198155]
X.shape (10, 5)
s1 and s2 score at iteration 34
S_1 [-0.3196240197237109, 0.10345300333589033, -0.07734358583324935, -0.1714631290492318, -0.13154215128251348, -0.00772806661956819, 0.012337505739243887, 0.04255554809468351, -0.1758659652992377, 0.10069280145039018]
S_2 [0, 0.3333333333333333, 0.5, 0, 0.5, 0.5, 0.5, 0.3333333333333333, 0.5, 0.3333333333333333]
Trust scores at iteration 35: [-1.8831662612982452, 0.1010645972005973, -2.1373293060905842, -1.5573168018463999, -2.198164612944286, -1.739064134409468, -1.2778890053979768, -0.4402860597721897, -1.442166334446565, -0.22582930708291876]
X.shape (10, 5)
s1 and s2 score at iteration 35
S_1 [0.2694582030920377, -0.03030047060912961, -0.37989730846257264, 0.23264098017835227, -0.0014279781064404516, 0.375340725541155, 0.28920991150341496, 0.32012386704104895, 0.31016190235108265, -0.024299528667232406]
S_2 [0.2, 0.5, 0.5, 0.2, 0.5, 0.2, 0.2, 0.2, 0.2, 0.5]
Trust scores at iteration 36: [-0.782631670341237, -0.48983165413283913, -2.0747345817944947, -0.6687520087472144, -1.6009845489005148, -0.5695320672047339, -0.453681338028487, 0.006301324879170678, -0.5079093743929142, -0.6452846137052519]
X.shape (10, 5)
s1 and s2 score at iteration 36
S_1 [0.146410818482122, 0.161598113150242, -0.20016202532236346, -0.2624128369492571, -0.145331491263469, 0.05712955550949718, -0.22654177774458864, 0.04593562164997685, 0.1476736888148616, 0.16495470463009465]
S_2 [0.5, 0.3333333333333333, 0.3333333333333333, 0.3333333333333333, 0.5, 0.3333333333333333, 0.3333333333333333, 0.3333333333333333, 0.3333333333333333, 0.3333333333333333]
Trust scores at iteration 37: [-0.44752485991337043, -0.08842344275010988, -1.9774187708006346, -1.463118106246489, -1.7410116630586938, -0.44493196429141596, -1.2468527431952565, -0.19094559440967335, -0.13966911464282328, -0.15597564018595927]
X.shape (10, 5)
s1 and s2 score at iteration 37
S_1 [-0.026974247936637066, 0.07478218106330384, -0.01384853609236011, -0.015743513989342026, -0.13667297693605754, -0.22380868578831267, 0.08724552759390553, -0.12860918683368922, 0.07612768802008332, -0.13985605523069303]
S_2 [0.3333333333333333, 0.3333333333333333, 0.3333333333333333, 0.3333333333333333, 0, 0.3333333333333333, 0.3333333333333333, 0.3333333333333333, 0, 0.3333333333333333]
Trust scores at iteration 38: [-0.8783505714955377, -0.1156385719788692, -1.5680746919912736, -1.3217843885846912, -1.653772210364362, -2.0051029949565895, -0.6234263715976283, -1.3325259756343124, 0.36644962892609734, -1.3794962703694758]
X.shape (10, 5)
s1 and s2 score at iteration 38
S_1 [0.00031629475703500966, 0.1119398280449281, -0.18523147841891136, -0.011240667805144532, -0.02738856378673601, -0.12067545939910818, -0.09034362303960744, 0.014967993046160557, 0.05325835007578264, -0.2557646226154639]
S_2 [0.25, 0.5, 0.3333333333333333, 0.5, 0.25, 0.3333333333333333, 0.3333333333333333, 0.25, 0.25, 0.5]
Trust scores at iteration 39: [-0.6877624965620107, -0.0578192859894346, -1.944741426872762, -1.2111007215049878, -1.1992222042502596, -1.8749041481839666, -1.0485830646919063, -0.849405671223133, 0.17111311126482195, -2.3321682508955215]
X.shape (10, 5)
s1 and s2 score at iteration 39
S_1 [-0.15169067558727192, -0.08050658651646897, -0.06819224049905273, -0.15666049183674902, -0.0498393607812415, -0.15253044064226437, -0.09148782573349824, -0.1569366108132081, -0.05633048065703845, -0.10392981738292527]
S_2 [0.25, 0.3333333333333333, 0.3333333333333333, 0.25, 0.5, 0.25, 0.3333333333333333, 0.25, 0.5, 0.5]
Trust scores at iteration 40: [0.9279147098682525, 0.4454177285296446, -0.6215837106525739, 0.7161039440085011, -0.5996111021251298, 0.342768601407467, 0.060202172021529776, 0.8997215586141694, 0.15067697224738558, -0.6234361484893334]
X.shape (10, 5)
s1 and s2 score at iteration 40
S_1 [0.08403780255259197, 0.15608225440410262, 0.16717836361301497, -0.06637053957766999, 0.1864264265164437, 0.29001623638521135, 0.158871028190847, -0.4865946418420827, 0.26067092272921216, 0.09829051151340158]
S_2 [0.25, 0.5, 0.3333333333333333, 0.5, 0.25, 0.25, 0.3333333333333333, 0, 0.25, 0.3333333333333333]
Trust scores at iteration 41: [0.358842006221321, -0.008198866368596708, -0.3559027675690957, -0.2563735863798565, -0.2283986725372803, 0.4213843007037335, -0.02933201647509953, -0.3890485312664239, 0.27474595030266113, -0.47559449589177266]
X.shape (10, 5)
s1 and s2 score at iteration 41
S_1 [0.16866839794238528, 0.20698956548566755, -0.010325488876770872, 0.2143830226210802, 0.2182213527507631, -0.31168615020790613, -0.21458973992149266, 0.11552052334201852, 0.16124340942991428, -0.15703760470197092]
S_2 [0.3333333333333333, 0.3333333333333333, 0.3333333333333333, 0.3333333333333333, 0.3333333333333333, 0.5, 0.3333333333333333, 0.5, 0.3333333333333333, 0.3333333333333333]
Trust scores at iteration 42: [0.23254938815698162, 0.13683238415732613, -0.5349430089087948, 0.029685293841658522, 0.052467330398026535, -1.0034592062385488, -0.839678403258723, -0.4298376942096587, 0.17348884419297067, -0.9309432272977055]
X.shape (10, 5)
s1 and s2 score at iteration 42
S_1 [0.047623427151081, 0.2025186700216766, 0.022318004093566508, 0.16150380832503247, 0.07902102727795547, -0.12665367251519546, 0.05712891459004029, -0.15249523737667553, -0.08926839099744524, -0.29452321433327655]
S_2 [0.3333333333333333, 0.3333333333333333, 0.3333333333333333, 0.3333333333333333, 0.3333333333333333, 0.5, 0.3333333333333333, 0.5, 0.5, 0]
Trust scores at iteration 43: [-0.09948077064158423, 0.23508285874532975, -0.5457037350321732, 0.08024738624950262, -0.11200400789347051, -1.3144258905816577, -0.612126490704342, -1.0914155853076657, -0.6336510382032746, -1.1926223852338929]
X.shape (10, 5)
s1 and s2 score at iteration 43
S_1 [0.08659596635927927, 0.027405263853494774, -0.04016045916627734, -0.06710084567191266, 0.029472639477338396, -0.18649134515069837, -0.2683134692517237, -0.19219775856973517, -0.03461058302157037, 0.007269623769366684]
S_2 [0.5, 0.5, 0.3333333333333333, 0, 0.3333333333333333, 0.5, 0.5, 0, 0.5, 0.3333333333333333]
Trust scores at iteration 44: [-0.04974038532079211, -0.22422219423658807, -0.8380693223317938, -0.3473126303727946, -0.21916205602665007, -2.234002967917066, -2.3552893844688247, -1.6554463096438914, -1.0166649832053924, -0.8876701472638313]
X.shape (10, 5)
s1 and s2 score at iteration 44
S_1 [0.006015783659579283, -0.14563807783233784, -0.17756373150430804, -0.2430188540198327, -0.15996281374282317, 0.03173796970072128, 0.08387385903181564, -0.12492067980062756, -0.009242985964238571, 0.026655109659989726]
S_2 [0.3333333333333333, 0.3333333333333333, 0.3333333333333333, 0, 0.5, 0.25, 0.25, 0.3333333333333333, 0.25, 0.25]
Trust scores at iteration 45: [-0.3223414366072297, -1.3136415034937379, -1.810884518920464, -1.6223726186037053, -1.563172621325759, -1.1778008792225436, -0.9276446922344124, -1.9057502535467208, -0.8134330084438997, -0.5349350899678833]
X.shape (10, 5)
s1 and s2 score at iteration 45
S_1 [-0.05724226736911972, 0.2699216039144956, -0.6092923491007833, -0.081125005820511, 0.387719405204912, 0.35045228110674786, 0.364033868270161, -0.0941500044705332, 0.36519420446965706, 0.30147268473537336]
S_2 [0.5, 0.2, 0, 0, 0.2, 0.2, 0.2, 0.5, 0.2, 0.2]
Trust scores at iteration 46: [-0.7349899115148327, -0.5087319015488238, -1.6911810449341869, -0.9158045006168269, -0.48158631066287955, -0.3369598397829865, -0.1943670346429624, -1.5742902574150346, -0.13576483199825784, -0.07869066060792845]
X.shape (10, 5)
s1 and s2 score at iteration 46
S_1 [-0.019399253570531863, -0.11639728639714801, -0.051230631417300616, -0.04424822033254596, -0.1767354361304361, -0.14206767465400358, -0.04254582146623972, -0.18203773135271792, -0.12225283809877811, -0.04393086700417624]
S_2 [0.3333333333333333, 0.3333333333333333, 0.3333333333333333, 0.5, 0.3333333333333333, 0.3333333333333333, 0.3333333333333333, 0, 0.3333333333333333, 0.5]
Trust scores at iteration 47: [-0.20082828909074968, 2.412346206662052, 0.14150404703192043, 0.1825596796227601, 3.9810857901958774, 3.1598656391478492, 0.6660671315987163, 3.9047295016968073, 2.749751829247066, 0.5929370754198505]
X.shape (10, 5)
s1 and s2 score at iteration 47
S_1 [0.18535839322700742, -0.2994470959288153, 0.2645740613254812, -0.4065515589590755, -0.09774944592218236, 0.1744129617523545, 0.22384511321509207, -0.0679565227738499, 0.11788771112925062, 0.13104111530083812]
S_2 [0.25, 0.5, 0.25, 0.5, 0.5, 0.25, 0.25, 0.5, 0.3333333333333333, 0.25]
Trust scores at iteration 48: [-0.00011829109249616998, 0.1402689961244752, 0.3207520235159602, -1.1770334954458739, 1.305813059088183, 1.6595436681933404, 0.5060627775324689, 1.323938474981834, 1.2643303151645044, 0.2941139694736049]
X.shape (10, 5)
s1 and s2 score at iteration 48
S_1 [-0.1528167857985133, -0.14619780830944787, 0.12237525690055223, -0.11231341594387473, 0.04041595168363459, 0.10951578339879417, -0.21804373388686116, 0.13734482286217464, 0.11626097639116113, 0.10662845467041694]
S_2 [0.5, 0.5, 0.5, 0.5, 0.5, 0.25, 0.5, 0.25, 0.25, 0.25]
Trust scores at iteration 49: [-1.0563843954315852, -0.962094548736844, 0.10587972405791751, -1.497390608431109, 0.30003967530595227, 0.9784609914910233, -1.0407507478406464, 0.911969237490917, 0.8054100020851603, 0.28523490236176624]
X.shape (10, 5)
s1 and s2 score at iteration 49
S_1 [0.151385445461301, 0.21823096732354474, -0.40797939364601626, 0.0965981640014548, -0.15258215486682575, 0.1268096742375321, 0.09432650489409099, 0.23492661264984666, 0.045683964552576124, -0.1331992124438576]
S_2 [0.25, 0.25, 0.5, 0.5, 0.5, 0.3333333333333333, 0.3333333333333333, 0.25, 0.25, 0]
Trust scores at iteration 50: [-0.4559948873435149, -0.2665810207115543, -1.3153725633796118, -1.0431030920096254, -0.6747244583332909, 0.42578926362452446, -0.6529513221491372, 0.7059846187454585, 0.24993528933832798, -0.14087365896079404]
X.shape (10, 5)
s1 and s2 score at iteration 50
S_1 [-0.1381252057261909, 0.14665537747003385, -0.24346388649989598, 0.02870718466348155, 0.1205976590015046, -0.355521334973115, 0.27036362201209363, 0.15982205998061993, 0.1312917651445057, 0.1916146951227066]
S_2 [0.3333333333333333, 0.3333333333333333, 0.5, 0.25, 0.25, 0.5, 0.25, 0.3333333333333333, 0.3333333333333333, 0.25]
Trust scores at iteration 51: [-0.8167741770791074, -0.19540507472419066, -1.6079389537911688, -0.7184615917242818, -0.364333594426521, -0.944592740799598, -0.0764756610745686, 0.3152276971402527, 0.03444021134451025, 0.03392795838691355]
X.shape (10, 5)
s1 and s2 score at iteration 51
S_1 [0.0626350610518341, 0.07380244775149729, 0.017596325002692197, -0.164606379082266, -0.016953629967395467, 0.12140793132248565, 0.09120000941793455, -0.26206148463343987, -0.22141601654033113, 0.02560857333593953]
S_2 [0.25, 0.3333333333333333, 0.3333333333333333, 0.5, 0.3333333333333333, 0.25, 0.25, 0.5, 0.5, 0.25]
Trust scores at iteration 52: [-0.40043416746777516, -0.1270917751673446, -1.0648350364557506, -1.5371369972495774, -0.5853210630949088, -0.222296370399799, 0.08735546235759112, -1.4216463026359265, -1.3946479005134462, -0.12757102746966792]
X.shape (10, 5)
s1 and s2 score at iteration 52
S_1 [-0.1834437489676726, -0.24443956222133809, -0.09218838142197316, -0.012015295473701025, -0.044961230729321136, -0.07956272590906306, -0.032357081177805655, -0.08158765549522029, -0.04907254811803351, -0.12698551295633206]
S_2 [0.5, 0.5, 0.5, 0.5, 0.5, 0.5, 0.5, 0.5, 0.5, 0.5]
Trust scores at iteration 53: [6.933542292770531, 9.608470387686681, 2.803875214803713, -0.7685684986247887, 1.0783392631613768, 2.699745254050482, 0.8901731731189689, 2.1843349483641727, 0.8447626644854228, 4.720542001733964]
X.shape (10, 5)
s1 and s2 score at iteration 53
S_1 [-0.17177381435153874, 0.2666198858185283, -0.11094947689311635, 0.2032452655354238, -0.19857258688196083, 0.28730923332561065, -0.1376391942031678, 0.07194029374124351, 0.21574404666670946, 0.00896982716457888]
S_2 [0.3333333333333333, 0.25, 0.5, 0.25, 0.3333333333333333, 0.25, 0.3333333333333333, 0.3333333333333333, 0.25, 0.25]
Trust scores at iteration 54: [2.834502390122336, 5.018229829052933, 0.7088538773579702, -0.2805795263857146, -0.13973663128135994, 1.599872627025241, -0.12777819623335823, 0.8840307676827275, 0.5478374987039619, 2.1258810581226313]
X.shape (10, 5)
s1 and s2 score at iteration 54
S_1 [0.009062466317334553, 0.29755389091645035, 0.32597673128217985, 0.10250598843852492, 0.1520673352853811, 0.2712535634554702, -0.1104819450294712, 0.21055129041338919, 0.11867189830863643, -0.2807505761778044]
S_2 [0.5, 0.25, 0.25, 0.25, 0.25, 0.25, 0.5, 0.25, 0.5, 0]
Trust scores at iteration 55: [0.9311516754446737, 2.715518489324685, 0.6044269386789851, -0.23306076706891124, -0.08661955784246628, 0.9659990833743459, -0.733352029711378, 0.5149698621951065, -0.0440561443745458, 0.632310749025307]
X.shape (10, 5)
s1 and s2 score at iteration 55
S_1 [0.3041296478536661, -0.1814026836885424, 0.4418709032949897, 0.048604556349510365, 0.3251980080203729, 0.5227057300239045, 0.31899155797586576, 0.36799914574228937, 0.5057265995349596, 0.29770403896746994]
S_2 [0.25, 0, 0.2, 0.25, 0.25, 0.2, 0.25, 0.2, 0.2, 0.2]
Trust scores at iteration 56: [0.25649444678345956, 1.1842364829353509, 0.32489001363027536, -0.5700371526803691, -0.23223799479759163, 0.5829995416871729, -0.5615410797926301, 0.2094986212148014, 0.061730351038574965, 0.20092749567713286]
X.shape (10, 5)
s1 and s2 score at iteration 56
S_1 [-0.20848665296171812, 0.0644338281449964, 0.020940151853867224, -0.3176851768694692, 0.03725939640130012, -0.2600012750654811, 0.07334530813870647, 0.04279440773479685, -0.058969015099699734, -0.08080606289394866]
S_2 [0, 0.3333333333333333, 0.3333333333333333, 0.5, 0.5, 0.5, 0.3333333333333333, 0.5, 0.5, 0]
Trust scores at iteration 57: [-1.293020600362177, 0.6980347373336606, -0.02813787399936238, -2.9507002329546816, -0.36211913464794837, -1.9809467677528667, -0.11410387322964838, -0.10351827445839182, -0.8711306480457379, -0.4503967294337687]
X.shape (10, 5)
s1 and s2 score at iteration 57
S_1 [-0.18458302721239644, -0.04220321509386779, -0.14341205952936376, -0.03488928310164793, -0.12758514570458604, -0.19493841050396418, -0.00411233453416221, -0.11662554880851037, -0.08325489980989115, -0.02272360575997859]
S_2 [0.5, 0.3333333333333333, 0.3333333333333333, 0.3333333333333333, 0.3333333333333333, 0.3333333333333333, 0.3333333333333333, 0.5, 0.3333333333333333, 0.5]
Trust scores at iteration 58: [21.296098111053244, 5.1469804733147635, 17.08941595761066, 2.4333453554596387, 14.998103060542316, 22.377865518421988, 0.1096147300518425, 13.628209423167855, 9.353684891996544, 2.0376612192016674]
X.shape (10, 5)
s1 and s2 score at iteration 58
S_1 [-0.07360492923279979, 0.19379016628540358, -0.20431519468154186, -0.07636886809842056, 0.1460879101194687, -0.0756103035480927, -0.1553573759811742, 0.04168255273527886, 0.15078956506319227, -0.21205650117541083]
S_2 [0.3333333333333333, 0.25, 0.3333333333333333, 0.3333333333333333, 0.25, 0.3333333333333333, 0.3333333333333333, 0.25, 0.25, 0.5]
Trust scores at iteration 59: [10.124806887695467, 2.8234902366573817, 7.6842189115204675, 0.6862992428209792, 7.625974448806453, 10.660516504495732, -0.6793651309932326, 6.67165029435073, 4.815896152782128, -0.02829854880833338]
X.shape (10, 5)
s1 and s2 score at iteration 59
S_1 [0.17380335144838893, -0.02978700878724491, 0.15186407458785586, -0.18042685554056448, -0.09058838925302642, 0.24057905648545694, -0.2597163100845092, -0.06112814786850476, -0.07732369220790897, 0.21902877180429003]
S_2 [0.25, 0.3333333333333333, 0.25, 0.5, 0.3333333333333333, 0.25, 0.5, 0, 0.3333333333333333, 0.25]
Trust scores at iteration 60: [5.173622234018888, 1.016504881663052, 3.907731432183265, -0.531834922498617, 3.2913823295790396, 5.580258252247866, -1.3794558813426054, 3.208781362147885, 1.9139114521364298, 0.19106236164597795]
X.shape (10, 5)
s1 and s2 score at iteration 60
S_1 [-0.3212054475896553, -0.00859358657823576, -0.002508187532957574, 0.01719369236635361, -0.1903982875766538, 0.0657031153442677, 0.06564963747219524, 0.06559088081742061, 0.01617254997067452, -0.30593471054081994]
S_2 [0.3333333333333333, 0.5, 0.5, 0.5, 0.3333333333333333, 0.3333333333333333, 0.3333333333333333, 0.3333333333333333, 0.5, 0.3333333333333333]
Trust scores at iteration 61: [-0.19089221237826237, -0.05714466045665145, 1.434778435984629, -0.6350736475559774, -0.1365710859856648, 2.9567957927905995, -0.5234682400350309, 1.7702032442003204, 0.5800286571304214, -2.56596200412316]
X.shape (10, 5)
s1 and s2 score at iteration 61
S_1 [0.011908450540192992, 0.18621080731311188, 0.34696007408704244, -0.2020261808761634, -0.10681380857865858, 0.4158373540690455, 0.4125638483989597, 0.40656057546178537, 0.3663095569258219, 0.3027221206998173]
S_2 [0.3333333333333333, 0.16666666666666666, 0.16666666666666666, 0, 0, 0.16666666666666666, 0.16666666666666666, 0.16666666666666666, 0.2, 0.16666666666666666]
Trust scores at iteration 62: [-0.581127466432906, -0.0546737248108414, 0.8845716460401725, -0.5604517265630558, -0.19671773833731707, 1.7283978963952997, -0.015670160921553933, 1.1239472867374456, 0.43046244288372376, -1.1689899876209275]
X.shape (10, 5)
s1 and s2 score at iteration 62
S_1 [-0.1902725870149863, -0.14151012798567503, 0.07200855500180231, -0.21431207965888194, -0.11563180273472905, 0.08799094861556266, 0.08799094861556268, 0.08799094861556268, -0.16325083721351064, -0.047260954417682986]
S_2 [0, 0.5, 0.5, 0, 0, 0.3333333333333333, 0.3333333333333333, 0.3333333333333333, 0.5, 0.5]
Trust scores at iteration 63: [-1.371769186781329, -1.331454389333904, 0.3514674271212743, -1.498033393662995, -0.7554253319927542, 1.0308656148643163, 0.15883158620588972, 0.7286403100353895, -1.2124257693172817, -1.3530507666557408]
X.shape (10, 5)
s1 and s2 score at iteration 63
S_1 [-0.051020823971430346, -0.08019114464026761, -0.07579939360745706, -0.07040042692719578, -0.13432977685589698, 0.07036227382058988, 0.07036227382058986, 0.07036227382058988, 0.04548311148822973, -0.2593015760372428]
S_2 [0.5, 0.5, 0.3333333333333333, 0.3333333333333333, 0.5, 0.3333333333333333, 0.3333333333333333, 0.3333333333333333, 0.3333333333333333, 0.5]
Trust scores at iteration 64: [-1.5484426888092657, -1.7355719444595712, -0.696236232062478, -1.5826211492214945, -1.83227090837504, 0.6820994740988249, 0.24608245976961143, 0.5309868216843614, -0.6163395546868426, -3.0191433230096623]
X.shape (10, 5)
s1 and s2 score at iteration 64
S_1 [-0.2331363403312919, -0.08167181479981701, 0.05277961437450173, -0.3673752334568124, -0.1018599881542336, 0.13857946938940013, 0.13952179137484258, 0.14091053137280166, -0.1351782546818674, -0.028245711554844805]
S_2 [0.5, 0.5, 0.5, 0.5, 0.5, 0.25, 0.25, 0.25, 0, 0.25]
Trust scores at iteration 65: [-2.101470869546554, -1.6575862235102985, -0.6608375279151361, -2.5948867866855623, -1.7775704270099077, 0.582778311341584, 0.36811349316978, 0.5154934108421807, -0.7878296486280998, -1.859797355353491]
X.shape (10, 5)
s1 and s2 score at iteration 65
S_1 [0.012668737937920017, 0.21446969882627506, 0.031980435865923536, -0.2160157609779805, -0.05418986561300399, -0.010732042774579472, -0.004593620497947574, 0.018424390239789843, 0.07666673864807244, 0.027886857478358715]
S_2 [0.5, 0.5, 0.5, 0.5, 0.5, 0.3333333333333333, 0.3333333333333333, 0.3333333333333333, 0.5, 0.5]
Trust scores at iteration 66: [-1.521200404866367, -0.8287931117551492, -0.7558617611712948, -2.301047776992701, -1.5151197631163162, -0.06696412881021524, -0.15998583967108695, -0.03263326354277557, -0.715179228871791, -1.3648851638074793]
X.shape (10, 5)
s1 and s2 score at iteration 66
S_1 [0.09090932942624735, -0.04813232077543717, 0.013057136419082904, 0.22043250391291455, 0.2207697721637224, 0.038346629230333, 0.03811981709553072, 0.037917618034410405, 0.1975199960054047, -0.44153308567264593]
S_2 [0.3333333333333333, 0.3333333333333333, 0.25, 0.25, 0.25, 0.3333333333333333, 0.3333333333333333, 0.3333333333333333, 0.25, 0]
Trust scores at iteration 67: [-1.0547084978414216, -1.0234067711432369, -0.7233590413544148, -1.0262877345779546, -0.6325598815581581, -0.4466345108326575, -0.4936590510229663, -0.430440703960286, -0.285245772773269, -1.6824279543242129]
X.shape (10, 5)
s1 and s2 score at iteration 67
S_1 [0.005074731457413236, -0.1075436075740828, 0.3616985112452178, 0.2691097079640287, 0.029555333839265355, 0.22975645512101212, 0.22995798559416514, 0.23060131448725263, 0.06597426404804334, 0.19685866904691351]
S_2 [0.5, 0.3333333333333333, 0.3333333333333333, 0.25, 0.3333333333333333, 0.25, 0.25, 0.25, 0.5, 0.3333333333333333]
Trust scores at iteration 68: [-1.020339108825245, -0.9937014275373469, -0.1950128540105407, -0.3911355515268168, -0.608756962957695, -0.15570956838157896, -0.17894324944901077, -0.14644475943849478, -0.5514222565846012, -0.9024164294901668]
X.shape (10, 5)
s1 and s2 score at iteration 68
S_1 [-0.20932173634628626, 0.14616226605313343, 0.2290722624306883, -0.48875469649944125, 0.17634917252147841, 0.3317468692428197, 0.32864288170846134, 0.3236669174213598, -0.02850887165149564, -0.005469649685490414]
S_2 [0.5, 0.25, 0.25, 0.5, 0.25, 0.25, 0.25, 0.25, 0.25, 0.5]
Trust scores at iteration 69: [-1.3256536716011929, -0.5265588593395198, -0.002254845651204096, -1.4322057696877775, -0.2885897297658646, 0.17214521580921052, 0.15585012836175144, 0.16459973320693994, -0.5686789364234888, -0.9594519243209634]
X.shape (10, 5)
s1 and s2 score at iteration 69
S_1 [-0.12029787454962183, 0.1688086224664975, -0.07081258752357233, -0.44183181502859054, 0.05590041413598528, 0.2580529634762212, 0.2565342884089598, 0.25365210365714563, 0.061778253573777836, -0.10336496720111847]
S_2 [0.5, 0.5, 0.5, 0, 0.25, 0.25, 0.25, 0.25, 0.5, 0]
Trust scores at iteration 70: [-1.395914402261942, -0.4361980813440456, -0.6383329533679737, -1.5721903505266923, -0.28598296374652793, 0.33607260790460525, 0.3249824995096482, 0.32377281897768073, -0.664638743326501, -0.6800045518900727]
X.shape (10, 5)
s1 and s2 score at iteration 70
S_1 [-0.04608528890899834, -0.1785165697325506, -0.08050279473270809, 0.20225683187397736, 0.1456755773932528, 0.1947423052585592, 0.1960015948803054, 0.19825814124191068, -0.2463926928222355, -0.18506608074340924]
S_2 [0, 0.5, 0.5, 0.25, 0.5, 0.25, 0.25, 0.25, 0.5, 0.5]
Trust scores at iteration 71: [-0.8118848457054526, -1.1594106346452269, -1.0181777881606442, -0.5360951752633462, -0.28286624891198464, 0.39945960979123635, 0.3970276509836106, 0.4020012288622641, -1.4414278268371117, -1.2975049447763187]
X.shape (10, 5)
s1 and s2 score at iteration 71
S_1 [0.2736713881255482, 0.30579490486974825, 0.3106542850496479, 0.3605701271923152, -0.3157801479029812, 0.3921158360517649, 0.3927051047268002, 0.3862041163848282, -0.17160049468702152, -0.22504251155504512]
S_2 [0.25, 0.16666666666666666, 0.16666666666666666, 0.16666666666666666, 0, 0.16666666666666666, 0.16666666666666666, 0.16666666666666666, 0.5, 0.5]
Trust scores at iteration 72: [-0.3074985334921108, -0.3570277901030232, -0.2802243067469089, 0.02437084906842074, -0.5434907296438155, 0.53231286955668, 0.5318471588251387, 0.5260567592791073, -1.4391990981303788, -1.4352811027093826]
X.shape (10, 5)
s1 and s2 score at iteration 72
S_1 [0.2818780975176398, 0.3682225903382268, -0.2913639939393693, 0.2968667615027043, 0.08868602816229766, 0.42871432226977785, 0.43290572308513625, 0.43881714516338427, -0.4340550865898684, 0.27304130283978306]
S_2 [0.16666666666666666, 0.16666666666666666, 0.5, 0.16666666666666666, 0.2, 0.16666666666666666, 0.16666666666666666, 0.16666666666666666, 0.5, 0.2]
Trust scores at iteration 73: [0.0007635152761942265, 0.074382113073308, -0.9721000863322795, 0.18377669146785036, -0.3706941306805466, 0.5879783413078679, 0.5925212802126216, 0.5963617129728871, -1.7141735320715474, -0.6065299830357143]
X.shape (10, 5)
s1 and s2 score at iteration 73
S_1 [-0.30775219777927343, -0.07100594940395234, 0.0320121077771207, -0.0038543180385903148, -0.011413920631229047, 0.13724349870891533, 0.137224425429982, 0.13711347662263046, -0.06386375398763966, -0.10835061107094421]
S_2 [0.5, 0.3333333333333333, 0.3333333333333333, 0.3333333333333333, 0.5, 0.25, 0.25, 0.25, 0.5, 0.25]
Trust scores at iteration 74: [-1.6208086837102254, -0.5548282986189276, -0.7027581517046129, -0.255486884209626, -0.7269298023682662, 0.5439891706539339, 0.5461911531028726, 0.5477071652460277, -1.5897526284934578, -0.9480035842024874]
X.shape (10, 5)
s1 and s2 score at iteration 74
S_1 [0.05336623147249572, 0.40742325082357583, 0.2709590388712625, 0.2995099608423235, 0.009965581666003785, 0.1481779902827022, 0.14601493537577265, 0.14224638700318432, -0.13113958535850193, 0.2430910039839959]
S_2 [0.3333333333333333, 0.25, 0.25, 0.25, 0.3333333333333333, 0.3333333333333333, 0.3333333333333333, 0.3333333333333333, 0, 0.25]
Trust scores at iteration 75: [-1.2449119683042416, -0.1524141493094638, -0.39385136870312076, -0.13517732966905197, -0.851234890199415, -0.04615768018172528, -0.047711244020764376, -0.05157809473506059, -0.9558140922127789, -0.5506744341355342]
X.shape (10, 5)
s1 and s2 score at iteration 75
S_1 [0.38558967446735715, 0.13108744194828906, 0.32848096082901795, 0.4347901725702604, -0.716162110838535, 0.44739999669709246, 0.44936810030186286, 0.44061610260832873, 0.3997812620836585, 0.11391802472201351]
S_2 [0.16666666666666666, 0.25, 0.25, 0.16666666666666666, 0, 0.16666666666666666, 0.16666666666666666, 0.16666666666666666, 0.16666666666666666, 0.5]
Trust scores at iteration 76: [-0.36008721838785007, -0.18034954509240747, -0.0814336071342846, 0.2495241938792141, -1.222472084266855, 0.3080646364152411, 0.3094777113229512, 0.2978061696112432, -0.19974767615062383, -0.6485836439442085]
X.shape (10, 5)
s1 and s2 score at iteration 76
S_1 [0.08240571984853594, 0.01855625961265485, -0.12821669051156545, 0.1465497232035949, 0.14770050257071132, 0.26639114992064683, 0.2619611897439771, 0.25397804937716956, 0.10502403883945984, -0.4365706074456436]
S_2 [0.25, 0.5, 0.5, 0.5, 0.25, 0.25, 0.25, 0.25, 0.5, 0.5]
Trust scores at iteration 77: [-0.27537308077531364, -0.5553458009039731, -0.7813717400200968, -0.1001729783298802, -0.5840111744628824, 0.40403231820762053, 0.3964240896154013, 0.375604449420822, -0.4027500994099234, -1.6437083220617097]
X.shape (10, 5)
s1 and s2 score at iteration 77
S_1 [-0.0010838556963870876, -0.0013023473790718294, -0.06302248068271764, 0.05923294752135561, -0.2136242183711499, 0.18271494412037134, 0.18397794766312806, 0.185933696728254, -0.3602317223850981, -0.1072673838617858]
S_2 [0.3333333333333333, 0.3333333333333333, 0.3333333333333333, 0.5, 0.5, 0.25, 0.25, 0.25, 0, 0.25]
Trust scores at iteration 78: [-0.473934503278351, -0.6145084160201388, -0.8934948868576678, -0.3908013553682249, -1.3664690172878182, 0.4433605128586143, 0.4429527800817798, 0.43780222471041097, -1.170085210164968, -1.3603101691383022]
X.shape (10, 5)
s1 and s2 score at iteration 78
S_1 [-0.017769497230795097, -0.07305520674001917, 0.03537308825365245, -0.14836011901177223, 0.14382868104660493, 0.18457371764112046, 0.18251834788767016, 0.18206222777400388, -0.4140885772924718, -0.2240397406639208]
S_2 [0, 0.3333333333333333, 0.3333333333333333, 0.3333333333333333, 0.25, 0.25, 0.25, 0.25, 0.5, 0.5]
Trust scores at iteration 79: [-0.2851038375461289, -0.838490058759413, -0.684257035696197, -0.93063337379736, -0.5436105608664117, 0.4716802564293071, 0.46590850697574326, 0.46209762511115526, -2.2067856749642236, -1.7870663597148815]
X.shape (10, 5)
s1 and s2 score at iteration 79
S_1 [0.2177982108742419, 0.06278609560857279, -0.07484179650402041, -0.4097440056486536, 0.1928218378907738, 0.23485673157124046, 0.241916120021763, 0.25126780449490954, 0.08170550245913889, -0.10148672153627834]
S_2 [0.2, 0.3333333333333333, 0.3333333333333333, 0, 0.2, 0.2, 0.2, 0.2, 0.3333333333333333, 0.3333333333333333]
Trust scores at iteration 80: [-0.009153355610440339, -0.7943064290389596, -0.9910568627557658, -1.2806698645019703, -0.18810742013952825, 0.40318359078707083, 0.41434525483015455, 0.4310488125555776, -1.4408063441122576, -1.5954824939374592]
X.shape (10, 5)
s1 and s2 score at iteration 80
S_1 [0.34370453257683403, 0.5582022740695767, 0.11610773432619707, -0.5276357381091826, 0.602860154075055, 0.5247555875427292, 0.5247555875427292, 0.5572112942532361, 0.5897696298585114, 0.4820499527093044]
S_2 [0.16666666666666666, 0.14285714285714285, 0.3333333333333333, 0, 0.14285714285714285, 0.14285714285714285, 0.14285714285714285, 0.14285714285714285, 0.14285714285714285, 0.14285714285714285]
Trust scores at iteration 81: [0.03048489928985801, -0.14847726987286278, -0.8992310284550303, -1.0779453254264255, 0.19166057564452157, 0.42252773574499103, 0.4281085677665329, 0.46337845233843866, -0.445545901959858, -0.6122244950847441]
X.shape (10, 5)
s1 and s2 score at iteration 81
S_1 [0.16077066534571927, 0.02291308017776152, 0.12859637327163753, -0.00224833407889325, -0.3449095695083113, -0.22008560057553195, 0.07214116638140038, 0.12245705372734281, -0.22889525854060425, 0.11549809021565853]
S_2 [0.3333333333333333, 0.3333333333333333, 0.3333333333333333, 0.3333333333333333, 0, 0.5, 0.3333333333333333, 0.3333333333333333, 0.5, 0.3333333333333333]
Trust scores at iteration 82: [0.18190911631159568, -0.33631182846599667, -0.3830115424713116, -0.8792983602134121, -0.9768454044958061, -0.9732067726584203, 0.10508142771244564, 0.27919979076966844, -1.4346418048171345, -0.28024419930745453]
X.shape (10, 5)
s1 and s2 score at iteration 82
S_1 [-0.11817995437869182, -0.06757823544738048, -0.01701985099756207, -0.1703538959876407, -0.14052749767744213, -0.09291383526352003, -0.0759655035757317, -0.06496401342446032, -0.1777828131046428, -0.023997089559275406]
S_2 [0.5, 0.3333333333333333, 0.3333333333333333, 0.5, 0.3333333333333333, 0.3333333333333333, 0.5, 0.3333333333333333, 0.5, 0.3333333333333333]
Trust scores at iteration 83: [3.062781497052618, 1.4837876933734102, -0.024839104568989107, 4.064915666320042, 3.3065849733256965, 1.9096358035290235, 1.7842142927439884, 1.714744298835618, 4.005486663007501, 0.23151811709609696]
X.shape (10, 5)
s1 and s2 score at iteration 83
S_1 [0.19320873397948088, 0.3282446406889123, 0.27194053537511687, -0.27941009776845244, 0.2611609295377864, 0.22767822701883603, 0.2569247268191053, -0.2114913150733556, -0.24996897096537335, -0.06508766079674155]
S_2 [0.2, 0.2, 0.2, 0, 0.25, 0.2, 0.2, 0.3333333333333333, 0.3333333333333333, 0.3333333333333333]
Trust scores at iteration 84: [1.5256967478169277, 0.9418938466867051, 0.10181498754588057, 1.6068452516689218, 1.6761069475321375, 1.0016296982054074, 0.9834687940136397, 0.0352171332239688, 1.1219770675965253, -0.48338598866450777]
X.shape (10, 5)
s1 and s2 score at iteration 84
S_1 [-0.03340480550196126, 0.12723227528605202, -0.09239558591066406, 0.08997298758732447, 0.10840733030648224, -0.2675790017149987, 0.01232670161774382, -0.1414432211418142, -0.18994610018808553, -0.015118001635415941]
S_2 [0.3333333333333333, 0.5, 0.5, 0.5, 0.5, 0, 0.5, 0.3333333333333333, 0.5, 0.3333333333333333]
Trust scores at iteration 85: [0.29824015208139587, 0.47094692334335253, -0.8121905711753372, 0.6570003142984975, 0.7640748196185803, -0.5507225894654971, 0.04017612136500692, -0.871571232658597, -0.6854655391208774, -0.6344373599741215]
X.shape (10, 5)
s1 and s2 score at iteration 85
S_1 [-0.11462712634652633, 0.005237207320116449, -0.032029203614885385, 0.03189165502685329, -0.09701528276162605, -0.12518492888045063, -0.23107377066510443, 0.08770734492734432, -0.28498011041479704, 0.03524358070009592]
S_2 [0.5, 0.5, 0.3333333333333333, 0.3333333333333333, 0.5, 0, 0.5, 0.3333333333333333, 0.5, 0.3333333333333333]
Trust scores at iteration 86: [-1.0043435902091586, -0.2346703881709174, -0.9220199608514753, 0.17697403194239525, -0.6710250665545326, -0.9890126370698828, -1.79721193771856, -0.26911894966263183, -2.467340780730262, -0.44963622497170297]
X.shape (10, 5)
s1 and s2 score at iteration 86
S_1 [-0.2778377098857985, -0.1663726888984124, 0.004430481190937425, 0.07226219231351914, 0.07767018516826786, 0.019419165891064134, -0.2068640248360756, -0.28857368206710904, 0.023832125659659746, 0.07162967578224115]
S_2 [0.5, 0, 0.5, 0.25, 0.25, 0.25, 0.5, 0.5, 0.25, 0.25]
Trust scores at iteration 87: [-2.7907455527432377, -1.1883554867368527, -0.9324888614060067, 0.30367318848364483, -0.08551253327726632, -0.6194958924042862, -2.7302882893527674, -2.4922458022292178, -1.330251638961173, -0.013703750346378663]
X.shape (10, 5)
s1 and s2 score at iteration 87
S_1 [-0.013322407174206815, 0.07978521910919485, 0.06058094750801805, 0.14328676669951018, -0.1301858778801346, -0.07465505339802453, -0.16385591656997545, -0.11658590524571125, -0.20660122274624199, -0.008979526737762157]
S_2 [0.5, 0.5, 0.3333333333333333, 0.5, 0.5, 0.5, 0.3333333333333333, 0.3333333333333333, 0.5, 0.3333333333333333]
Trust scores at iteration 88: [-1.9418613931541635, -0.8157667604598854, -0.5881801978009854, 0.15183659424182241, -0.9970406394347278, -1.0702571862305166, -2.270253645286913, -1.9862834241848915, -1.8860619795500992, -0.3715193189222923]
X.shape (10, 5)
s1 and s2 score at iteration 88
S_1 [-0.06574365006607365, 0.13771769164935138, 0.1541255504168304, -0.07587788000879059, -0.025393261361890948, -0.14186557068199726, 0.1209568032035727, -0.13533796369101522, -0.2199299636086736, -0.060233737740470444]
S_2 [0.5, 0.5, 0.5, 0.5, 0.3333333333333333, 0.3333333333333333, 0.5, 0.5, 0.3333333333333333, 0.5]
Trust scores at iteration 89: [-1.6842102270905848, -0.4611122534540908, -0.2940900989004927, -0.6702377743532211, -0.9142321467307367, -1.328689222631229, -1.242729835653153, -1.9321927432971862, -1.9898409757914588, -0.8811644368571364]
X.shape (10, 5)
s1 and s2 score at iteration 89
S_1 [-0.04326143392030944, -0.13712830685070818, 0.004954280920225719, -0.04758881205758506, -0.19724661908448254, -0.12907475416809058, -0.03698216486200496, -0.01605933750960442, -0.18974998848020763, -0.1709178502804243]
S_2 [0.5, 0, 0.25, 0.25, 0.5, 0.5, 0.25, 0.25, 0.5, 0]
Trust scores at iteration 90: [-5.70817100856709, -14.06993151326251, 0.10295495054975365, -5.387915985672279, -20.863801045469852, -14.190932752608367, -4.603709273899146, -2.8368499954532718, -20.645024361250833, -17.690093603890862]
X.shape (10, 5)
s1 and s2 score at iteration 90
S_1 [0.0390420889901805, -0.15688068228139537, 0.1248419812908097, 0.12359758156077302, -0.01464677559005561, 0.23913338014412114, 0.2134073218889578, 0.2625665441873164, -0.1602551710287449, 0.23309101825389142]
S_2 [0.3333333333333333, 0.5, 0.25, 0.25, 0.3333333333333333, 0.25, 0.3333333333333333, 0.25, 0.5, 0.3333333333333333]
Trust scores at iteration 91: [-3.11307180092372, -7.833710371576325, 0.03921145939157898, -2.7085936932005437, -10.7931254056855, -6.890089662404331, -2.2288008531627757, -1.1684249977266359, -11.127682764190736, -8.734509765244868]
X.shape (10, 5)
s1 and s2 score at iteration 91
S_1 [0.3814628418905715, -0.16821968201128593, 0.38201203671614004, 0.2999453402078701, 0.04307492804723403, 0.43542847610215357, 0.3566731372958036, 0.2744593288888054, -0.6642032921977482, 0.3937847964740705]
S_2 [0.2, 0.5, 0.2, 0.2, 0.5, 0.2, 0.2, 0.25, 0, 0.2]
Trust scores at iteration 92: [-1.3185043260166938, -4.610020873431225, 0.25826794138186926, -1.2098713477297047, -5.84710001216984, -3.1450448312021657, -0.9048347265051642, -0.5190524393448219, -6.326542179874522, -4.115074079015911]
X.shape (10, 5)
s1 and s2 score at iteration 92
S_1 [-0.22816778376048552, 0.133287181440985, 0.13347647518974173, -0.2313168229447452, 0.11125649344095281, -0.20937293270471274, -0.23066126597795641, 0.025770560319508196, 0.039475251505623095, 0.04824445845531514]
S_2 [0.5, 0.2, 0.2, 0.5, 0.3333333333333333, 0.5, 0.5, 0.2, 0.2, 0.2]
Trust scores at iteration 93: [-2.0139637645701076, -2.0057195270196813, 0.4291339706909346, -1.9714435083574842, -2.840118912268085, -2.856828910086652, -1.816469495473121, -0.36299025600212975, -3.215397648383206, -2.0768143376732917]
X.shape (10, 5)
s1 and s2 score at iteration 93
S_1 [-0.14704977221018936, -0.15662888848906917, -0.025075500262187227, 0.06542034825145779, -0.16306201379815133, 0.05720209963678978, 0.0994130911764545, -0.09061968655779677, -0.19730472408381003, -0.038409971844869106]
S_2 [0.5, 0.25, 0.25, 0.25, 0.25, 0.25, 0.25, 0.25, 0.25, 0.3333333333333333]
Trust scores at iteration 94: [-2.246571459824603, -2.040627685397808, -0.1615507118584108, -0.906688890009278, -2.490182901992508, -1.3907154258719152, -0.6582347477365605, -0.8872685351318734, -2.8500466213926856, -1.5649241734064607]
X.shape (10, 5)
s1 and s2 score at iteration 94
S_1 [0.10732818650762695, 0.08591496648568116, -0.09039791144254265, 0.2192846526437424, -0.2992085347434318, 0.1255319403997622, 0.07261858214582556, 0.2391471390400174, -0.4649316198904157, 0.15475739038251998]
S_2 [0.2, 0.3333333333333333, 0.5, 0.2, 0.5, 0.2, 0.2, 0.2, 0.5, 0.3333333333333333]
Trust scores at iteration 95: [-1.0988879241545932, -1.1740193393151426, -0.7697759682832089, -0.19487219749209683, -2.3706655974077737, -0.6329001713076706, -0.37728912612647053, -0.14363426756593672, -2.897085158805295, -0.7922343876868858]
X.shape (10, 5)
s1 and s2 score at iteration 95
S_1 [-0.09308789012077869, -0.1388194571141325, 0.058276856969774186, -0.07112557312465874, 0.01110136016283525, 0.10475121441355345, 0.018418019703700612, -0.31897361527443896, 0.17535816938785886, 0.1939075915147995]
S_2 [0.5, 0.5, 0.5, 0.5, 0.25, 0.25, 0.25, 0.5, 0.25, 0.5]
Trust scores at iteration 96: [-1.2894755394734658, -1.4449622800470863, -0.7346183208589105, -0.780836791233197, -1.406707410507087, -0.2963440686711052, -0.3911528182588682, -1.3943058583930465, -1.246373151640777, -0.3961171938434429]
X.shape (10, 5)
s1 and s2 score at iteration 96
S_1 [0.05110053668322259, 0.09450723921417414, 0.16946427794201824, 0.12064249781376181, -0.11676982736630606, 0.1596589122514417, -0.1978360502041604, -0.22111375240354628, -0.04409100571934633, -0.09142079072992365]
S_2 [0.3333333333333333, 0.3333333333333333, 0.3333333333333333, 0.3333333333333333, 0.3333333333333333, 0.3333333333333333, 0.3333333333333333, 0.3333333333333333, 0.3333333333333333, 0.5]
Trust scores at iteration 97: [-0.8273002819159274, -0.7769732911269862, -0.2006424937627886, -0.3677991374101404, -1.381213415426775, -0.010435847324106906, -1.1126199278973918, -1.6828767105014337, -1.0866092892130166, -0.9677932921629304]
X.shape (10, 5)
s1 and s2 score at iteration 97
S_1 [-0.008507949439272753, 0.07736935568786929, -0.004759521688701529, -0.1980867820183547, -0.1477034928337815, -0.10167901769792541, 0.10226309340661291, -0.25407605123307087, 0.09592294911419255, -0.14052815305860702]
S_2 [0.5, 0.3333333333333333, 0.3333333333333333, 0.5, 0.5, 0.3333333333333333, 0.3333333333333333, 0.5, 0.3333333333333333, 0.3333333333333333]
Trust scores at iteration 98: [-0.9552484789108551, -0.34353416184141283, -0.45692554498877846, -1.6524150683816392, -1.9127806998812704, -0.8356955067475181, -0.38964329728202923, -2.583704957840312, -0.4076371589797258, -1.5043212279644913]
X.shape (10, 5)
s1 and s2 score at iteration 98
S_1 [0.11862008201941417, 0.2188521526368727, 0.35397343478093524, 0.3938895772634553, -0.12334208723319035, 0.13649349666387145, 0.07486622483864165, -0.48558648582093966, 0.39165304053701316, 0.20876364753300633]
S_2 [0.2, 0.25, 0.25, 0.2, 0.5, 0.2, 0.3333333333333333, 0.5, 0.2, 0.2]
Trust scores at iteration 99: [-0.5270489400992904, -0.1439580637878512, -0.029131976233971735, -0.5262075341908197, -1.6129597216032576, -0.4445840970818626, -0.43312044798290017, -2.408251736288868, 0.0933423802618771, -0.6871578573932162]
X.shape (10, 5)
s1 and s2 score at iteration 99
S_1 [-0.04503472804787388, -0.05823063377744976, -0.14159519523346198, -0.04265742828526306, -0.044721882759423535, -0.14974685416563924, -0.20142157520369752, -0.17428200485219117, -0.006486254522133423, -0.062006189990614434]
S_2 [0.25, 0.25, 0.25, 0.25, 0.25, 0.25, 0.3333333333333333, 0.25, 0.25, 0.25]
Trust scores at iteration 100: [2.8330266303735083, 4.041792845523619, 10.525453978358927, 2.6501905898174, 2.2659552195530246, 10.946107432210969, 14.810241454571655, 11.855592447138953, 0.17167119013093857, 4.061235814852778]
