Matplotlib created a temporary config/cache directory at /tmp/matplotlib-t8ekbet7 because the default path (/users/raysuan/.config/matplotlib) is not a writable directory; it is highly recommended to set the MPLCONFIGDIR environment variable to a writable directory, in particular to speed up the import of Matplotlib and to better support multiprocessing.
Loaded dataset for Tower 2 without noise: 552960 chunks
Loaded dataset for Tower 3 without noise: 535674 chunks
Loaded dataset for Tower 4 without noise: 552958 chunks
Loaded dataset for Tower 5 without noise: 518399 chunks
Loaded dataset for Tower 6 without noise: 518400 chunks
Loaded dataset for Tower 7 with same noise: 518398 chunks
Loaded dataset for Tower 8 with same noise: 518398 chunks
Loaded dataset for Tower 9 with same noise: 518399 chunks
Loaded dataset for Tower 10 with random noise: 518399 chunks
Loaded dataset for Tower 11 with random noise: 518396 chunks
W, alpha, th 0.5 0.1 0.1
X.shape (10, 5)
s1 and s2 score at iteration 0
S_1 [-0.23644800833044707, 0.09262767953290613, 0.13136304836337995, 0.35664460235735335, -0.21665800316667794, 0.31109870123151484, 0.09983120307296116, 0.28183199340158643, 0.22131183124501463, 0.30940559292329084]
S_2 [0.3333333333333333, 0.25, 0.25, 0.2, 0.3333333333333333, 0.2, 0.25, 0.2, 0.2, 0.2]
Trust scores at iteration 1: [-1.496681419235882, -0.4412521428094265, -0.3435026417178739, 0.35999999999999993, -1.4467409335824757, 0.24506398038184266, -0.42307390278224816, 0.17120884035495623, 0.018484964594912535, 0.24079138669241182]
X.shape (10, 5)
s1 and s2 score at iteration 1
S_1 [0.056546777769167694, -0.07207536617053481, -0.114551609551739, -0.030524557339044515, -0.13246235988832408, -0.13426905304243741, -0.09462351316748255, -0.016402226113766922, -0.04252486759366132, -0.14449597092374805]
S_2 [0.25, 0.25, 0.25, 0.25, 0.25, 0.25, 0.3333333333333333, 0.25, 0.5, 0.25]
Trust scores at iteration 2: [0.30033185807641183, -1.641278635087366, -2.307556690140391, -0.899829656241161, -2.7029484920543063, -2.5625233763459403, -2.1483377108452917, -0.6939373775448708, -1.574978412945121, -2.725722529292137]
X.shape (10, 5)
s1 and s2 score at iteration 2
S_1 [0.26038753273556314, 0.05650805022177179, 0.07582527116225439, 0.14778155923535374, 0.35811319726935453, -0.05837312607891801, 0.30731310362760555, -0.413131090649817, 0.36550666763249656, 0.11588839953572647]
S_2 [0.25, 0.25, 0.25, 0.25, 0.25, 0.25, 0.25, 0.5, 0.25, 0.25]
Trust scores at iteration 3: [0.22119462064536585, -0.4749860920904114, -0.49404842099566776, -0.17609520353943545, 0.1614999471250202, -0.8499865513257354, 0.09187415727243797, -1.9866610395884565, 0.2925021587054879, -0.4372161464107325]
X.shape (10, 5)
s1 and s2 score at iteration 3
S_1 [-0.10599550864155308, 0.17190673336861023, -0.3356889282479486, 0.033658865166877425, -0.12592371610039002, 0.055030236207422305, -0.037528020749355545, -0.2527415581716071, 0.10860080962259998, 0.13445477762781705]
S_2 [0.25, 0.2, 0.3333333333333333, 0.2, 0.3333333333333333, 0.2, 0.5, 0.3333333333333333, 0.2, 0.2]
Trust scores at iteration 4: [-0.9828091082599626, 0.4925013907909589, -2.406869657484862, -0.2013919978835811, -1.2431106536027725, -0.15689352035299764, -1.087286672358635, -2.121868505034669, 0.2378185711935475, 0.3002025277923805]
X.shape (10, 5)
s1 and s2 score at iteration 4
S_1 [-0.11623178541032114, 0.038483913700062315, 0.02288692077554623, 0.09301188589638928, -0.21611228863968174, 0.07627698441300879, 0.28016176306620133, -0.28972379247424873, 0.27451568400633486, 0.22534493938308298]
S_2 [0.25, 0.2, 0.25, 0.2, 0.5, 0.25, 0.2, 0.3333333333333333, 0.2, 0.2]
Trust scores at iteration 5: [-0.921667363439697, -0.1871229892486559, -0.617164339132504, -0.08134504461676254, -1.7185566242367525, -0.22065489329837962, 0.43127133276413654, -1.7429041988420022, 0.5456442244236357, 0.39392505415233336]
X.shape (10, 5)
s1 and s2 score at iteration 5
S_1 [0.12132087924551133, -0.03623901170677271, 0.1725534743980518, -0.02320004211150792, 0.14798674754747568, -0.1370614220683717, -0.06511033089699715, 0.046339603255257135, -0.39617577952901734, 0.09181140722686919]
S_2 [0.2, 0.5, 0.2, 0.3333333333333333, 0.2, 0.5, 0.2, 0.25, 0.5, 0.2]
Trust scores at iteration 6: [0.18061560375009317, -1.1077268096431945, 0.4782835660867496, -0.7291406909392107, 0.24000983177950533, -1.636946950232646, -0.6564736659060979, -0.38259350201441844, -2.9117990791907356, 0.15826009583864126]
X.shape (10, 5)
s1 and s2 score at iteration 6
S_1 [0.18397452379327306, 0.01481522614064277, -0.12556522983690802, 0.08883776960790064, -0.13586438035111997, -0.05116850629291056, 0.01918988880364097, -0.14823414179148062, 0.045397498108148096, -0.1332570390430943]
S_2 [0.25, 0.25, 0.5, 0.25, 0.3333333333333333, 0.3333333333333333, 0.25, 0.5, 0.25, 0.3333333333333333]
Trust scores at iteration 7: [0.46806156037500934, -0.48829686609790246, -1.4664344474097875, -0.0883213276720022, -1.2406450764765276, -1.01401009040576, -0.4217707821202312, -1.6634180562092498, -0.5190961788520861, -1.2360649841580102]
X.shape (10, 5)
s1 and s2 score at iteration 7
S_1 [-0.31197753298957104, 0.09924136811896786, 0.13838056003968502, 0.0736224979533703, -0.037434436816955186, -0.33875896614375295, -0.14650142561132984, -0.00925073177246809, 0.13461490877776677, 0.16797596395036948]
S_2 [0.3333333333333333, 0.16666666666666666, 0.16666666666666666, 0.16666666666666666, 0.3333333333333333, 0.3333333333333333, 0.3333333333333333, 0.16666666666666666, 0.16666666666666666, 0.16666666666666666]
Trust scores at iteration 8: [-2.524741207569674, 0.032896574734725216, 0.1447870617838363, -0.06436945727625527, -1.2246348293944835, -2.8164408656920847, -1.727118446901855, -0.6659063885494754, 0.21934487026159752, 0.326393501584199]
X.shape (10, 5)
s1 and s2 score at iteration 8
S_1 [-0.18280961273800245, 0.057614363770606546, -0.20368791155385807, -0.08606565217382342, -0.00762570802848592, -0.10022982027155412, 0.05671649856937284, -0.08602455945726722, -0.10580040886725744, 0.1063617460664008]
S_2 [0.3333333333333333, 0.3333333333333333, 0.3333333333333333, 0.25, 0.25, 0.3333333333333333, 0.25, 0.25, 0.25, 0.3333333333333333]
Trust scores at iteration 9: [-2.6993521812345405, -0.4091955234187769, -2.6090650224477674, -1.4096977144826248, -0.8619898514831983, -2.0297576384855462, -0.3677944815381302, -1.4695036938287396, -1.548315652258752, 0.0326393501584199]
X.shape (10, 5)
s1 and s2 score at iteration 9
S_1 [-0.08299808945522184, 0.03841100752395959, 0.20296106697338853, 0.013896373026928496, -0.0389759786449163, 0.08209056360709083, 0.11849507908013458, 0.2488299953568922, -0.2805719339439934, 0.2917883851303766]
S_2 [0.25, 0.25, 0.25, 0.25, 0.3333333333333333, 0.25, 0.25, 0.25, 0.25, 0.25]
Trust scores at iteration 10: [-1.2009367737587924, -0.5974436001338516, -0.3098878888087707, -0.7731074220142801, -1.1064175495875828, -0.6247734055251756, -0.3462900160625738, -0.05445239059547556, -1.6952352393192276, 0.228263935015842]
X.shape (10, 5)
s1 and s2 score at iteration 10
S_1 [-0.06838709105682249, -0.009206699542000263, -0.237181138368335, -0.051152857343564076, -0.004108715987454165, -0.16467948220865905, -0.10987877284485649, 0.006054285203747635, -0.06826906598477685, -0.15508409234563922]
S_2 [0.3333333333333333, 0.3333333333333333, 0.3333333333333333, 0.3333333333333333, 0.3333333333333333, 0.3333333333333333, 0.3333333333333333, 0.3333333333333333, 0.3333333333333333, 0.3333333333333333]
Trust scores at iteration 11: [-11.186179330731203, -2.328366634806641, -36.1891600424199, -8.581440719545437, -1.6214230882232967, -25.44291210699686, -17.26866220822772, -0.005445239059547556, -11.218064155659372, -23.931205323517165]
X.shape (10, 5)
s1 and s2 score at iteration 11
S_1 [-0.1751772127958285, 0.010487043294947287, -0.2895090908208345, -0.13777971543449857, -0.007627315548877572, 0.03295171394817506, 0.04074839379809004, 0.06730364773666248, 0.0736400456478331, -0.135559147080043]
S_2 [0.3333333333333333, 0.3333333333333333, 0.5, 0.3333333333333333, 0.25, 0.25, 0.3333333333333333, 0.25, 0.25, 0.3333333333333333]
Trust scores at iteration 12: [-3.859565703124983, -0.7046680986404237, -8.057183524944133, -3.1420341727844523, -0.7053603932708123, -2.59156817743076, -1.828855198482237, 0.3720144849881229, -0.6718064155659373, -4.649871710311215]
X.shape (10, 5)
s1 and s2 score at iteration 12
S_1 [0.13647962062344338, 0.3388153406721433, -0.6236707926467084, 0.04683938292845443, 0.24271863542144376, 0.3296933718456559, 0.2870745954886258, 0.3644533462241685, 0.3187049683358848, -0.14041300819981983]
S_2 [0.25, 0.16666666666666666, 0.5, 0.16666666666666666, 0.16666666666666666, 0.16666666666666666, 0.16666666666666666, 0.16666666666666666, 0.16666666666666666, 0.3333333333333333]
Trust scores at iteration 13: [-0.4989267149588104, 0.46622136919679663, -3.245843362176147, -0.49853581517696816, 0.2288459505557523, 0.2550050982750606, 0.22603137888933483, 0.6372014484988123, 0.4198459407864582, -1.4117303377192083]
X.shape (10, 5)
s1 and s2 score at iteration 13
S_1 [-0.02446346652499546, 0.11889686334515377, -0.23753838291942975, -0.18219512326943837, -0.09046524354470835, 0.03905651128974814, 0.185316561125745, 0.18505552800787375, 0.2510243380626018, 0.15064764532318053]
S_2 [0.2, 0.25, 0.25, 0.25, 0.25, 0.2, 0.2, 0.2, 0.25, 0.2]
Trust scores at iteration 14: [-0.857601775889596, -0.42709578287839045, -2.076233010117004, -1.6030795284838488, -1.2014613222312693, -0.5544698004935307, -0.032979593648529044, 0.007201528736854083, 0.041984594078645826, -0.3210545662269529]
X.shape (10, 5)
s1 and s2 score at iteration 14
S_1 [0.348645242711139, 0.2171363631423848, 0.23291496530615785, -0.09961784746567073, 0.33665976530195274, -0.40519823569878394, -0.44192578959307205, 0.312976740463877, 0.3243880494207563, 0.19544039402098667]
S_2 [0.14285714285714285, 0.14285714285714285, 0.14285714285714285, 0.3333333333333333, 0.14285714285714285, 0.3333333333333333, 0.3333333333333333, 0.14285714285714285, 0.14285714285714285, 0.14285714285714285]
Trust scores at iteration 15: [0.42852553669675464, 0.13209640958169916, 0.007913894996425253, -1.3174635131018941, 0.3632000241773681, -2.0014340392534002, -2.044094281554444, 0.42293046187663563, 0.45586615604452585, 0.08669411034341362]
X.shape (10, 5)
s1 and s2 score at iteration 15
S_1 [0.07779930569517296, 0.005826598151978384, 0.057753604957802435, -0.1294925590070909, -0.08404899594996867, -0.15918083541433678, -0.19508256490525688, -0.26482287509134284, 0.022386506116695085, -0.06063936415896665]
S_2 [0.25, 0.25, 0.25, 0.3333333333333333, 0.3333333333333333, 0.25, 0.3333333333333333, 0.3333333333333333, 0.25, 0.3333333333333333]
Trust scores at iteration 16: [0.2678525536696755, -0.5943869511331923, -0.00610181960328694, -2.529745620905377, -1.83597783082199, -2.7165833832771327, -3.361168750695577, -3.9212379898868184, -0.3704412081660153, -1.5928204963036892]
X.shape (10, 5)
s1 and s2 score at iteration 16
S_1 [-0.19937493915231502, 0.03012142549350442, -0.22000609043797031, -0.013678452971372913, -0.05223425314899157, -0.02439434945550586, -0.08895056830809712, -0.24966114887238713, -0.004063299361871183, -0.09623271624240443]
S_2 [0.3333333333333333, 0.25, 0.3333333333333333, 0.25, 0.5, 0.25, 0.5, 0.3333333333333333, 0.25, 0.5]
Trust scores at iteration 17: [-6.530351310954522, 0.3905613048866808, -7.174186237876821, -1.1116739338015598, -2.644308375754187, -1.4505386668729137, -3.8938765981129144, -8.451765243700622, -0.6084517024887465, -3.934625536838204]
X.shape (10, 5)
s1 and s2 score at iteration 17
S_1 [-0.11330853965565003, 0.02318711980240633, 0.16883090362086955, -0.18252305527710563, 0.13727869629205897, 0.1812072669446425, -0.09440143521701927, 0.22963177244614316, -0.2350087349170453, -0.013236461425797054]
S_2 [0.5, 0.25, 0.25, 0.5, 0.25, 0.25, 0.25, 0.25, 0.3333333333333333, 0.3333333333333333]
Trust scores at iteration 18: [-1.9971273601618915, -0.32006616735424004, -0.5057165795097294, -1.726533337733185, -0.17639193578611972, 0.11515508442128336, -1.2093769291108776, -0.3951765243700623, -1.5819191974719449, -1.0453404587155002]
X.shape (10, 5)
s1 and s2 score at iteration 18
S_1 [0.12397904310633587, -0.08814723313727793, 0.13553982980089968, -0.2911434381456189, -0.17666373316152562, 0.0022541671897037263, 0.12829225164320426, 0.032677493683493965, -0.18486621794473382, -0.20105828329183667]
S_2 [0.25, 0.25, 0.25, 0.3333333333333333, 0.3333333333333333, 0.25, 0.25, 0.25, 0.3333333333333333, 0.3333333333333333]
Trust scores at iteration 19: [-0.05147768430033087, -1.2923143446563243, 0.17442834204902707, -3.0058791222073373, -2.0907066238604055, -0.6485165631362891, 0.05593755769600299, -0.49753535019901596, -2.28572478882828, -2.339584084140463]
X.shape (10, 5)
s1 and s2 score at iteration 19
S_1 [-0.02422469480609167, -0.20179027668427738, 0.13203825419015944, 0.13256357820601578, 0.05635024896020954, -0.03726619930347676, -0.2585467765126654, -0.10788751148000945, -0.10917297842883991, 0.1161839917174544]
S_2 [0.25, 0.5, 0.25, 0.25, 0.25, 0.25, 0.5, 0.25, 0.25, 0.25]
Trust scores at iteration 20: [-0.6196139485115625, -2.399224998863912, 0.46387630695308135, 0.14941208777926623, -0.27649782638901765, -0.7678591552588184, -2.64973076104281, -1.2322229028964105, -1.4197691327122663, 0.10483738271347282]
X.shape (10, 5)
s1 and s2 score at iteration 20
S_1 [0.13735077450816563, 0.19594315595656178, 0.03577388800288916, 0.07649939021284136, 0.055348537442234, -0.23135992058716923, -0.20613812946365717, -0.2201493979142217, -0.02304947256268743, -0.011831375517230921]
S_2 [0.25, 0.25, 0.25, 0.25, 0.25, 0.3333333333333333, 0.3333333333333333, 0.3333333333333333, 0.25, 0.25]
Trust scores at iteration 21: [-0.1060860960744377, -0.014922499886391188, -0.464296861343098, -0.30868417517362967, -0.44842460465384526, -2.03946109553887, -2.111800310827498, -2.0344056467867855, -0.9228470326185821, -0.7188597671883097]
X.shape (10, 5)
s1 and s2 score at iteration 21
S_1 [0.04416236735708041, -0.21696016893434897, -0.00963734202777485, 0.07340529341305532, -0.025597408278955142, 0.08707860684262184, 0.12584536993889703, -0.19228513433811634, -0.13867270286069425, -0.22293382161723388]
S_2 [0.25, 0.5, 0.25, 0.25, 0.25, 0.25, 0.25, 0.3333333333333333, 0.3333333333333333, 0.5]
Trust scores at iteration 22: [-0.14477553095965, -2.453111925275244, -0.5653524270282239, 0.04409935923776817, -0.6779057504556746, -0.031191802451354833, 0.23881996891725019, -2.1785934287715776, -1.684021090824014, -2.5662270283835005]
X.shape (10, 5)
s1 and s2 score at iteration 22
S_1 [0.22502584883991966, 0.08450597926062729, 0.31896012230484816, -0.5058222130939792, 0.11726457106294544, -0.36421188433402185, 0.3085669339676763, 0.3021182938724043, 0.2798609591692963, 0.0848369820153177]
S_2 [0.2, 0.2, 0.2, 0.5, 0.25, 0.5, 0.2, 0.2, 0.2, 0.2]
Trust scores at iteration 23: [0.26047098684209286, -0.366863261215678, 0.48346475729717764, -2.3228530977587933, -0.18690872939659264, -1.9308046900573361, 0.5345558559438776, 0.27461858608879475, 0.2612729808074742, -0.377240791199845]
X.shape (10, 5)
s1 and s2 score at iteration 23
S_1 [0.14062228712238037, 0.17060175123799434, -0.0753179297048876, -0.0256289806539852, 0.25469035130560175, 0.3378956011119017, 0.13753643688196152, 0.29892567646295387, 0.0053464515101570515, 0.15430648587867032]
S_2 [0.25, 0.2, 0.25, 0.2, 0.2, 0.2, 0.25, 0.25, 0.25, 0.2]
Trust scores at iteration 24: [-0.49939916935338746, -0.30228095473188177, -1.0522661883929796, -1.020549242519259, -0.06031176584045265, -0.013080469005733647, -0.48020998215364596, -0.07633627332488858, -0.859632189928841, -0.3467218736049993]
X.shape (10, 5)
s1 and s2 score at iteration 24
S_1 [0.16962195415737866, -0.38657976739803357, 0.09639820832917756, -0.11073224723507367, 0.18459304943717147, 0.14855634920521846, 0.051424863161055795, -0.45355487943168415, 0.1906522086531687, 0.1356575170511776]
S_2 [0.16666666666666666, 0.3333333333333333, 0.16666666666666666, 0.3333333333333333, 0.16666666666666666, 0.16666666666666666, 0.2, 0.3333333333333333, 0.16666666666666666, 0.16666666666666666]
Trust scores at iteration 25: [0.3007838712655987, -2.7551311118928075, -0.10016560428745924, -1.5247817429737816, 0.41536572810999917, 0.24997265280494488, -0.345262851473166, -3.0487018812602744, 0.3640367810071159, 0.15571779924682608]
X.shape (10, 5)
s1 and s2 score at iteration 25
S_1 [-0.10052548548737757, -0.14521236555865136, -0.059290462477628286, -0.19073296601895365, -0.07176120019749382, 0.055299224942579, 0.020178336374318144, -0.1986157601446224, -0.05795686246153467, -0.10265931917888434]
S_2 [0.3333333333333333, 0.3333333333333333, 0.25, 0.3333333333333333, 0.25, 0.25, 0.25, 0.3333333333333333, 0.3333333333333333, 0.25]
Trust scores at iteration 26: [-2.5059831857541472, -3.538857789862297, -1.6499743204203967, -4.156674835196411, -1.8013835968624012, 0.24999726528049449, -0.38112199456741, -4.437360052419296, -1.806849618297995, -2.330218133621743]
X.shape (10, 5)
s1 and s2 score at iteration 26
S_1 [-0.19624686021483537, 0.12156931238743877, 0.052594030916107926, -0.06012554299740702, 0.0966421140869358, 0.08090199573493471, -0.2661135691768699, -0.19375765448914378, 0.01803831726769746, 0.042325484485249004]
S_2 [0.25, 0.2, 0.2, 0.25, 0.2, 0.2, 0.25, 0.25, 0.2, 0.3333333333333333]
Trust scores at iteration 27: [-2.3784499529620664, 0.0061142210137701825, -0.31563413883163893, -1.5357879471873914, -0.004678997696550641, 0.08393209466871648, -2.6831999424546984, -2.5531595913890497, -0.587143978319185, -0.8196784597753519]
X.shape (10, 5)
s1 and s2 score at iteration 27
S_1 [0.34801028988106375, 0.19691049951627163, 0.22529635533828973, 0.31853858693084, 0.16429351967854952, 0.3206052689543942, 0.022886957935481417, 0.05798495650911595, -0.5035050715375265, -0.06835818160318384]
S_2 [0.2, 0.2, 0.2, 0.2, 0.2, 0.2, 0.25, 0.25, 0, 0.25]
Trust scores at iteration 28: [-0.05784499529620668, -0.21015234346081058, -0.16891765397256342, -0.04979646249019053, -0.29558342936727494, 0.11752025096201826, -1.1091313359188066, -1.0053592987308473, -1.3608441841053196, -1.1587510194402837]
X.shape (10, 5)
s1 and s2 score at iteration 28
S_1 [0.08512966291052308, 0.01998782523291797, -0.1915912376133385, -0.040649286085459035, 0.03191229539530211, 0.001197492187744424, -0.09089650198200942, -0.24657394376677377, -0.18551133718792434, -0.09548846432514124]
S_2 [0.25, 0.25, 0.5, 0.3333333333333333, 0.3333333333333333, 0.25, 0.25, 0.5, 0.5, 0.5]
Trust scores at iteration 29: [0.44421550047037933, -0.25970178501956553, -2.942415043144077, -1.0347282935021593, -0.2921781058510991, -0.42558795802927163, -1.5218807797317802, -3.6073423214753326, -2.9973303315374067, -2.0253894704310196]
X.shape (10, 5)
s1 and s2 score at iteration 29
S_1 [-0.04617481876160052, -0.06784619935636949, 0.2754181441719499, 0.16318339085420416, -0.19081445444940512, 0.19508693950808653, 0.3134809475325164, 0.1499942631750653, -0.08895956504361838, -0.06801437585753077]
S_2 [0.25, 0.25, 0.25, 0.25, 0.5, 0.25, 0.25, 0.25, 0.25, 0.25]
Trust scores at iteration 30: [-0.5381457948348384, -0.6707557943467563, 0.046480648677181935, -0.08497529249895353, -1.4770437960436085, 0.06753344246321406, 0.297811922026822, -0.3801025209697553, -1.0051348659268529, -0.8478073955839125]
X.shape (10, 5)
s1 and s2 score at iteration 30
S_1 [-0.16750333405266504, 0.16862423733160933, 0.2817050806849233, 0.1458951161565374, 0.1594894550483113, 0.078757023224508, 0.11458740863417659, -0.3307121891145385, 0.07449837240689162, -0.2152632461180996]
S_2 [0.5, 0.25, 0.25, 0.25, 0.25, 0.25, 0.25, 0.25, 0.25, 0.5]
Trust scores at iteration 31: [-1.4889593496128173, 0.021650286742329425, 0.4546480648677182, 0.007612646049868376, -0.08816259500295023, -0.1916313113313487, -0.05413145317802169, -1.5445796596469412, -0.31250380993657356, -1.6725103361820932]
X.shape (10, 5)
s1 and s2 score at iteration 31
S_1 [-0.049236612599056685, 0.09805135071770699, -0.11131628571399024, 0.05726260760933434, -0.14831118095632828, -0.10954947459071987, -0.16606906568681307, -0.10399266207167474, 0.01988991785048078, 0.08684181891918746]
S_2 [0.3333333333333333, 0.3333333333333333, 0.3333333333333333, 0.3333333333333333, 0.3333333333333333, 0.5, 0.5, 0.5, 0.3333333333333333, 0.3333333333333333]
Trust scores at iteration 32: [-1.2008320991731287, 0.302165028674233, -1.5762922260198595, -0.0736330556040665, -1.9701443991297927, -1.9247028448644092, -2.4297384914156663, -2.0089924540613007, -0.4486835327615504, 0.029858200014758085]
X.shape (10, 5)
s1 and s2 score at iteration 32
S_1 [0.09530436777102022, 0.056088347153640195, -0.1558487122725931, 0.19873362248856521, 0.10499721387074477, 0.29822420555130086, 0.14579172003501398, -0.21689592012996062, 0.1883113874612727, 0.2515654666797713]
S_2 [0.2, 0.25, 0.2, 0.2, 0.25, 0.2, 0.25, 0.25, 0.25, 0.2]
Trust scores at iteration 33: [-0.552467619374099, -0.7005165110911212, -1.3479593917646142, -0.12761232321118568, -0.7801471611185532, -0.012470284486440969, -0.702994311635711, -1.7554615662482758, -0.3765702555350874, 0.04217610636086745]
X.shape (10, 5)
s1 and s2 score at iteration 33
S_1 [0.006092225731146341, 0.04980849968821784, -0.22401990772872946, -0.12507649200754742, -0.18364508475305089, -0.25669106643664036, -0.09866663733606545, 0.07526142754109572, 0.051270673600692554, -0.04326684768730853]
S_2 [0.25, 0.25, 0.3333333333333333, 0.3333333333333333, 0.3333333333333333, 0.3333333333333333, 0.25, 0.25, 0.25, 0.25]
Trust scores at iteration 34: [-0.657393996089489, -0.14942582810810162, -3.7136969850776325, -2.4084655590205513, -3.1741008345620543, -3.9708401432859777, -1.9251863467282624, 0.04945384337517242, -0.09954606356136388, -1.1881810647652642]
X.shape (10, 5)
s1 and s2 score at iteration 34
S_1 [-0.3196240197237109, 0.10345300333589033, -0.07734358583324935, -0.1714631290492318, -0.13154215128251348, -0.00772806661956819, 0.012337505739243887, 0.04255554809468351, -0.1758659652992377, 0.10069280145039018]
S_2 [0.3333333333333333, 0.3333333333333333, 0.3333333333333333, 0.5, 0.25, 0.25, 0.3333333333333333, 0.25, 0.3333333333333333, 0.25]
Trust scores at iteration 35: [-3.4463413007191805, 0.28505741718918987, -1.6442281463569548, -2.632507611340669, -1.9117745034033111, -0.9143151215302814, -0.685187239669552, -0.07483826572372779, -2.1399185867677426, 0.30716923447205374]
X.shape (10, 5)
s1 and s2 score at iteration 35
S_1 [0.2694582030920377, -0.03030047060912961, -0.37989730846257264, 0.23264098017835227, -0.0014279781064404516, 0.375340725541155, 0.28920991150341496, 0.32012386704104895, 0.31016190235108265, -0.024299528667232406]
S_2 [0.16666666666666666, 0.3333333333333333, 0.5, 0.16666666666666666, 0.3333333333333333, 0.16666666666666666, 0.16666666666666666, 0.16666666666666666, 0.16666666666666666, 0.25]
Trust scores at iteration 36: [0.0014784984822759362, -0.644149373200729, -1.97534868638426, -0.005419255217292918, -0.7946014867114004, 0.508568487846972, 0.3249549724399474, 0.46011601200510527, 0.2297209684178888, -0.47754900484762136]
X.shape (10, 5)
s1 and s2 score at iteration 36
S_1 [0.146410818482122, 0.161598113150242, -0.20016202532236346, -0.2624128369492571, -0.145331491263469, 0.05712955550949718, -0.22654177774458864, 0.04593562164997685, 0.1476736888148616, 0.16495470463009465]
S_2 [0.2, 0.2, 0.3333333333333333, 0.3333333333333333, 0.25, 0.2, 0.3333333333333333, 0.2, 0.2, 0.2]
Trust scores at iteration 37: [0.25897160531127406, 0.2772713544492844, -2.1896275324645234, -2.3322777088929167, -1.5473950481663254, -0.17744182645559112, -2.1035262362818288, -0.24336166112815524, 0.2886861274383296, 0.3122450995152378]
X.shape (10, 5)
s1 and s2 score at iteration 37
S_1 [-0.026974247936637066, 0.07478218106330384, -0.01384853609236011, -0.015743513989342026, -0.13667297693605754, -0.22380868578831267, 0.08724552759390553, -0.12860918683368922, 0.07612768802008332, -0.13985605523069303]
S_2 [0.2, 0.25, 0.25, 0.2, 0.25, 0.3333333333333333, 0.2, 0.2, 0.2, 0.3333333333333333]
Trust scores at iteration 38: [-0.7923614942388073, 0.12415880435806277, -1.0368203051101739, -0.9356333747198955, -2.23961898671966, -3.2264908057051462, 0.14964737637181705, -1.8910318872858722, 0.27418014798934903, -2.3114907005461696]
X.shape (10, 5)
s1 and s2 score at iteration 38
S_1 [0.00031629475703500966, 0.1119398280449281, -0.18523147841891136, -0.011240667805144532, -0.02738856378673601, -0.12067545939910818, -0.09034362303960744, 0.014967993046160557, 0.05325835007578264, -0.2557646226154639]
S_2 [0.25, 0.25, 0.25, 0.25, 0.25, 0.25, 0.25, 0.25, 0.25, 0.25]
Trust scores at iteration 39: [-0.976693128889516, 0.012415880435806277, -2.4929493760898427, -1.0839386864547456, -1.3441668769945077, -2.1928838518407234, -1.6114010443703846, -0.9687600188593455, -0.4443830509578732, -3.187505278334027]
X.shape (10, 5)
s1 and s2 score at iteration 39
S_1 [-0.15169067558727192, -0.08050658651646897, -0.06819224049905273, -0.15666049183674902, -0.0498393607812415, -0.15253044064226437, -0.09148782573349824, -0.1569366108132081, -0.05633048065703845, -0.10392981738292527]
S_2 [0.25, 0.25, 0.25, 0.25, 0.3333333333333333, 0.25, 0.25, 0.25, 0.3333333333333333, 0.25]
Trust scores at iteration 40: [1.9665634117797126, 0.7800308567874321, 0.30712166740186875, 2.0455838799243162, -0.13441668769945078, 1.860108830714938, 0.8159485634244308, 2.06208790772039, 0.07277844481116694, 0.8830158306917665]
X.shape (10, 5)
s1 and s2 score at iteration 40
S_1 [0.08403780255259197, 0.15608225440410262, 0.16717836361301497, -0.06637053957766999, 0.1864264265164437, 0.29001623638521135, 0.158871028190847, -0.4865946418420827, 0.26067092272921216, 0.09829051151340158]
S_2 [0.2, 0.25, 0.2, 0.3333333333333333, 0.2, 0.2, 0.2, 0.5, 0.2, 0.2]
Trust scores at iteration 41: [0.09744871349492178, 0.11236917053858898, 0.189512524703131, -0.6014076170989611, 0.20509071257556719, 0.7260108830714939, 0.2146152718678871, -2.2038279682602764, 0.45621128000325967, 0.03332402410438585]
X.shape (10, 5)
s1 and s2 score at iteration 41
S_1 [0.16866839794238528, 0.20698956548566755, -0.010325488876770872, 0.2143830226210802, 0.2182213527507631, -0.31168615020790613, -0.21458973992149266, 0.11552052334201852, 0.16124340942991428, -0.15703760470197092]
S_2 [0.2, 0.2, 0.25, 0.2, 0.2, 0.3333333333333333, 0.25, 0.25, 0.2, 0.3333333333333333]
Trust scores at iteration 42: [0.16537596443287006, 0.3249141882687828, -0.6986336727533313, 0.28402899494696, 0.3805090712575567, -2.1128713535555987, -1.5385607838513233, -0.41894696826363187, 0.17062969227527805, -1.544330360422836]
X.shape (10, 5)
s1 and s2 score at iteration 42
S_1 [0.047623427151081, 0.2025186700216766, 0.022318004093566508, 0.16150380832503247, 0.07902102727795547, -0.12665367251519546, 0.05712891459004029, -0.15249523737667553, -0.08926839099744524, -0.29452321433327655]
S_2 [0.25, 0.25, 0.25, 0.25, 0.25, 0.25, 0.25, 0.5, 0.25, 0.5]
Trust scores at iteration 43: [-0.2218222400528481, 0.4824914188268783, -0.4206813823153296, 0.296131430286308, -0.06077690444071516, -1.2241404527878499, -0.34997319872009724, -1.6195888255914686, -0.8296488593120401, -2.363304424895356]
X.shape (10, 5)
s1 and s2 score at iteration 43
S_1 [0.08659596635927927, 0.027405263853494774, -0.04016045916627734, -0.06710084567191266, 0.029472639477338396, -0.18649134515069837, -0.2683134692517237, -0.19219775856973517, -0.03461058302157037, 0.007269623769366684]
S_2 [0.25, 0.25, 0.25, 0.3333333333333333, 0.25, 0.3333333333333333, 0.3333333333333333, 0.3333333333333333, 0.3333333333333333, 0.25]
Trust scores at iteration 44: [0.2028177759947152, -0.3419253806139674, -1.1344595568998057, -1.567772239266952, -0.3747657841879182, -2.9606360860060117, -3.7236043702819868, -3.0594882131412526, -1.3426759213179633, -0.8357765608539284]
X.shape (10, 5)
s1 and s2 score at iteration 44
S_1 [0.006015783659579283, -0.14563807783233784, -0.17756373150430804, -0.2430188540198327, -0.15996281374282317, 0.03173796970072128, 0.08387385903181564, -0.12492067980062756, -0.009242985964238571, 0.026655109659989726]
S_2 [0.2, 0.3333333333333333, 0.3333333333333333, 0.3333333333333333, 0.5, 0.2, 0.2, 0.3333333333333333, 0.2, 0.2]
Trust scores at iteration 45: [-0.27516646150482915, -2.1969472695371954, -2.6187756996482014, -3.36446657007785, -2.6539414463811735, -0.3155025200758204, 0.16763956297180133, -2.2463975990187204, -0.5934485224459627, -0.15755768549013455]
X.shape (10, 5)
s1 and s2 score at iteration 45
S_1 [-0.05724226736911972, 0.2699216039144956, -0.6092923491007833, -0.081125005820511, 0.387719405204912, 0.35045228110674786, 0.364033868270161, -0.0941500044705332, 0.36519420446965706, 0.30147268473537336]
S_2 [0.25, 0.16666666666666666, 0, 0.5, 0.16666666666666666, 0.16666666666666666, 0.16666666666666666, 0.2, 0.16666666666666666, 0.16666666666666666]
Trust scores at iteration 46: [-0.610391193930675, 0.10686520340276184, -1.6762073838179385, -1.4247594013747387, 0.33460585536188275, 0.4819428276833316, 0.561783516950819, -0.8031869950568856, 0.4883681577580493, 0.38404262332781036]
X.shape (10, 5)
s1 and s2 score at iteration 46
S_1 [-0.019399253570531863, -0.11639728639714801, -0.051230631417300616, -0.04424822033254596, -0.1767354361304361, -0.14206767465400358, -0.04254582146623972, -0.18203773135271792, -0.12225283809877811, -0.04393086700417624]
S_2 [0.25, 0.25, 0.25, 0.3333333333333333, 0.3333333333333333, 0.3333333333333333, 0.25, 0.5, 0.3333333333333333, 0.3333333333333333]
Trust scores at iteration 47: [0.3889608806069325, 4.960768403725912, 1.759149486716431, 1.3103555337386388, 7.632842687485359, 6.03921628903915, 1.5800295197514376, 7.465055635222097, 5.120578457218956, 1.4765125926356477]
X.shape (10, 5)
s1 and s2 score at iteration 47
S_1 [0.18535839322700742, -0.2994470959288153, 0.2645740613254812, -0.4065515589590755, -0.09774944592218236, 0.1744129617523545, 0.22384511321509207, -0.0679565227738499, 0.11788771112925062, 0.13104111530083812]
S_2 [0.2, 0.5, 0.2, 0.5, 0.3333333333333333, 0.2, 0.2, 0.3333333333333333, 0.25, 0.2]
Trust scores at iteration 48: [0.3094286242758748, -1.4225505525992002, 0.7159149486716432, -2.1519284500891933, -0.16922943606902419, 0.8372211564188635, 0.5594555330947432, -0.08466173303761548, 0.46307576669564426, 0.23341303643818817]
X.shape (10, 5)
s1 and s2 score at iteration 48
S_1 [-0.1528167857985133, -0.14619780830944787, 0.12237525690055223, -0.11231341594387473, 0.04041595168363459, 0.10951578339879417, -0.21804373388686116, 0.13734482286217464, 0.11626097639116113, 0.10662845467041694]
S_2 [0.3333333333333333, 0.5, 0.2, 0.5, 0.3333333333333333, 0.2, 0.5, 0.2, 0.2, 0.2]
Trust scores at iteration 49: [-1.5704425873660193, -2.000267339498267, 0.5134981770070517, -1.8511657942836293, -0.35208328123555294, 0.44136259895172186, -2.2728622925829116, 0.5315338266962385, 0.448148296774799, 0.3620615553687536]
X.shape (10, 5)
s1 and s2 score at iteration 49
S_1 [0.151385445461301, 0.21823096732354474, -0.40797939364601626, 0.0965981640014548, -0.15258215486682575, 0.1268096742375321, 0.09432650489409099, 0.23492661264984666, 0.045683964552576124, -0.1331992124438576]
S_2 [0.2, 0.2, 0.5, 0.25, 0.5, 0.2, 0.2, 0.2, 0.2, 0.5]
Trust scores at iteration 50: [0.06291089993349794, 0.27601252263253506, -2.411612548034722, -0.26505059745769044, -1.5197480608988359, 0.16994204207739522, -0.2259229360701565, 0.5931533826696239, -0.14017065139017407, -1.3740778427181435]
X.shape (10, 5)
s1 and s2 score at iteration 50
S_1 [-0.1381252057261909, 0.14665537747003385, -0.24346388649989598, 0.02870718466348155, 0.1205976590015046, -0.355521334973115, 0.27036362201209363, 0.15982205998061993, 0.1312917651445057, 0.1916146951227066]
S_2 [0.25, 0.2, 0.5, 0.25, 0.2, 0.5, 0.2, 0.2, 0.2, 0.2]
Trust scores at iteration 51: [-0.9035070301398802, 0.15579503640010917, -1.9516160645859255, -0.38094314204081353, -0.11052326355765962, -2.0664830664936087, 0.5174077063929844, 0.23133903624850463, 0.06303355487660582, 0.14044883388934468]
X.shape (10, 5)
s1 and s2 score at iteration 51
S_1 [0.0626350610518341, 0.07380244775149729, 0.017596325002692197, -0.164606379082266, -0.016953629967395467, 0.12140793132248565, 0.09120000941793455, -0.26206148463343987, -0.22141601654033113, 0.02560857333593953]
S_2 [0.25, 0.25, 0.25, 0.3333333333333333, 0.25, 0.25, 0.25, 0.3333333333333333, 0.3333333333333333, 0.25]
Trust scores at iteration 52: [-0.3010354450847867, -0.1123211244094378, -0.7397196136668919, -2.1583254767014672, -0.811730004942733, 0.01835169335063913, 0.05280869785007419, -2.819534368546045, -2.535059055646602, -0.47111812860469]
X.shape (10, 5)
s1 and s2 score at iteration 52
S_1 [-0.1834437489676726, -0.24443956222133809, -0.09218838142197316, -0.012015295473701025, -0.044961230729321136, -0.07956272590906306, -0.032357081177805655, -0.08158765549522029, -0.04907254811803351, -0.12698551295633206]
S_2 [0.5, 0.5, 0.3333333333333333, 0.3333333333333333, 0.3333333333333333, 0.3333333333333333, 0.3333333333333333, 0.3333333333333333, 0.3333333333333333, 0.3333333333333333]
Trust scores at iteration 53: [12.810663333199475, 17.39839718304569, 6.2313549580901695, 0.08416745232985332, 2.6866266299816233, 5.361443359985751, 1.8289726652773197, 5.2293311425732405, 2.8222500009712026, 8.864677714983367]
X.shape (10, 5)
s1 and s2 score at iteration 53
S_1 [-0.17177381435153874, 0.2666198858185283, -0.11094947689311635, 0.2032452655354238, -0.19857258688196083, 0.28730923332561065, -0.1376391942031678, 0.07194029374124351, 0.21574404666670946, 0.00896982716457888]
S_2 [0.3333333333333333, 0.16666666666666666, 0.25, 0.16666666666666666, 0.3333333333333333, 0.16666666666666666, 0.3333333333333333, 0.16666666666666666, 0.16666666666666666, 0.16666666666666666]
Trust scores at iteration 54: [-0.15701742795332518, 2.125030061681834, -0.3994152182699786, 0.1950852465010089, -1.2533686101535249, 0.9861443359985751, -1.148259342499385, 0.29828704255847793, 0.5080460997273712, 0.46456587455850523]
X.shape (10, 5)
s1 and s2 score at iteration 54
S_1 [0.009062466317334553, 0.29755389091645035, 0.32597673128217985, 0.10250598843852492, 0.1520673352853811, 0.2712535634554702, -0.1104819450294712, 0.21055129041338919, 0.11867189830863643, -0.2807505761778044]
S_2 [0.25, 0.16666666666666666, 0.16666666666666666, 0.16666666666666666, 0.16666666666666666, 0.16666666666666666, 0.3333333333333333, 0.16666666666666666, 0.25, 0.5]
Trust scores at iteration 55: [-0.44068087810502216, 0.7340294408049769, 0.5600584781730022, 0.0025207176732038074, -0.005489096978567823, 0.5475274193509633, -1.0198592111203966, 0.31114676529258484, -0.07155019873501105, -1.628677016608965]
X.shape (10, 5)
s1 and s2 score at iteration 55
S_1 [0.3041296478536661, -0.1814026836885424, 0.4418709032949897, 0.048604556349510365, 0.3251980080203729, 0.5227057300239045, 0.31899155797586576, 0.36799914574228937, 0.5057265995349596, 0.29770403896746994]
S_2 [0.2, 0.3333333333333333, 0.16666666666666666, 0.25, 0.16666666666666666, 0.16666666666666666, 0.2, 0.16666666666666666, 0.16666666666666666, 0.16666666666666666]
Trust scores at iteration 56: [-0.06041459150048142, -1.1389380270280873, 0.36682362754070935, -0.591060112695324, 0.10938030172469793, 0.5047527419350963, -0.09274303799853384, 0.21473931874030514, 0.41361014193302514, -0.10027788356483365]
X.shape (10, 5)
s1 and s2 score at iteration 56
S_1 [-0.20848665296171812, 0.0644338281449964, 0.020940151853867224, -0.3176851768694692, 0.03725939640130012, -0.2600012750654811, 0.07334530813870647, 0.04279440773479685, -0.058969015099699734, -0.08080606289394866]
S_2 [0.3333333333333333, 0.2, 0.2, 0.3333333333333333, 0.2, 0.3333333333333333, 0.2, 0.2, 0.25, 0.25]
Trust scores at iteration 57: [-3.46432354190708, 0.13675588985596449, -0.2463668227120293, -4.8573329931756275, -0.07186221687600486, -4.0399284952801064, 0.35072569620014654, 0.006592278755603908, -1.3572314682237432, -1.6765766474466868]
X.shape (10, 5)
s1 and s2 score at iteration 57
S_1 [-0.18458302721239644, -0.04220321509386779, -0.14341205952936376, -0.03488928310164793, -0.12758514570458604, -0.19493841050396418, -0.00411233453416221, -0.11662554880851037, -0.08325489980989115, -0.02272360575997859]
S_2 [0.5, 0.25, 0.3333333333333333, 0.25, 0.3333333333333333, 0.3333333333333333, 0.25, 0.5, 0.25, 0.5]
Trust scores at iteration 58: [39.150262786031085, 8.800009177351876, 30.761636128027416, 6.699918550169001, 27.31530650847172, 41.659017174609154, 0.48507256962001466, 24.62460263659025, 17.63492724201257, 3.905489586308725]
X.shape (10, 5)
s1 and s2 score at iteration 58
S_1 [-0.07360492923279979, 0.19379016628540358, -0.20431519468154186, -0.07636886809842056, 0.1460879101194687, -0.0756103035480927, -0.1553573759811742, 0.04168255273527886, 0.15078956506319227, -0.21205650117541083]
S_2 [0.2, 0.2, 0.3333333333333333, 0.2, 0.2, 0.3333333333333333, 0.3333333333333333, 0.2, 0.2, 0.3333333333333333]
Trust scores at iteration 59: [3.033190376507031, 1.2400009177351876, 1.2272832916899878, -0.22468032781901226, 2.8699919042107025, 2.9147524589734433, -1.5730032358724755, 2.116042312639271, 1.9237893964121981, -1.4942835265056282]
X.shape (10, 5)
s1 and s2 score at iteration 59
S_1 [0.17380335144838893, -0.02978700878724491, 0.15186407458785586, -0.18042685554056448, -0.09058838925302642, 0.24057905648545694, -0.2597163100845092, -0.06112814786850476, -0.07732369220790897, 0.21902877180429003]
S_2 [0.25, 0.3333333333333333, 0.25, 0.5, 0.3333333333333333, 0.25, 0.5, 0.5, 0.3333333333333333, 0.25]
Trust scores at iteration 60: [0.5035128599587801, -0.5874323342246311, 0.24084788673045454, -1.5974402118182929, -0.6518896202624659, 0.7414752458973444, -2.028892292110028, -0.9170745817855371, -0.6968869840171219, 0.21995259223969751]
X.shape (10, 5)
s1 and s2 score at iteration 60
S_1 [-0.3212054475896553, -0.00859358657823576, -0.002508187532957574, 0.01719369236635361, -0.1903982875766538, 0.0657031153442677, 0.06564963747219524, 0.06559088081742061, 0.01617254997067452, -0.30593471054081994]
S_2 [0.3333333333333333, 0.25, 0.3333333333333333, 0.3333333333333333, 0.3333333333333333, 0.25, 0.25, 0.25, 0.3333333333333333, 0.3333333333333333]
Trust scores at iteration 61: [-5.249514706901993, -0.8514580157411825, -0.9102723155195606, -0.8242251565338333, -3.5732610134215794, 0.2991475245897344, 0.021378231934286424, 0.13175515544892633, -0.7481574224897405, -5.068692473679098]
X.shape (10, 5)
s1 and s2 score at iteration 61
S_1 [0.011908450540192992, 0.18621080731311188, 0.34696007408704244, -0.2020261808761634, -0.10681380857865858, 0.4158373540690455, 0.4125638483989597, 0.40656057546178537, 0.3663095569258219, 0.3027221206998173]
S_2 [0.3333333333333333, 0.16666666666666666, 0.16666666666666666, 0.3333333333333333, 0.25, 0.16666666666666666, 0.16666666666666666, 0.16666666666666666, 0.16666666666666666, 0.16666666666666666]
Trust scores at iteration 62: [-1.3991779191289941, -0.13212831182264648, 0.20990113893418832, -1.419669340666504, -1.2635040529622303, 0.47991475245897347, 0.4450529495661594, 0.4430977118920063, 0.26799086352434953, -0.3016854213747354]
X.shape (10, 5)
s1 and s2 score at iteration 62
S_1 [-0.1902725870149863, -0.14151012798567503, 0.07200855500180231, -0.21431207965888194, -0.11563180273472905, 0.08799094861556266, 0.08799094861556268, 0.08799094861556268, -0.16325083721351064, -0.047260954417682986]
S_2 [0.5, 0.3333333333333333, 0.25, 0.5, 0.25, 0.25, 0.25, 0.25, 0.3333333333333333, 0.3333333333333333]
Trust scores at iteration 63: [-2.9860876083296763, -2.060624379653534, 0.30751700127555737, -3.2340204887532913, -1.7590700383795952, 0.4979914752458971, 0.49450529495661594, 0.49430977118920066, -2.2429834970140234, -1.113568933258972]
X.shape (10, 5)
s1 and s2 score at iteration 63
S_1 [-0.051020823971430346, -0.08019114464026761, -0.07579939360745706, -0.07040042692719578, -0.13432977685589698, 0.07036227382058988, 0.07036227382058986, 0.07036227382058988, 0.04548311148822973, -0.2593015760372428]
S_2 [0.5, 0.5, 0.2, 0.3333333333333333, 0.3333333333333333, 0.2, 0.2, 0.2, 0.2, 0.5]
Trust scores at iteration 64: [-1.85121333258645, -2.1317829875920684, -1.2987942019940517, -1.8238900631773238, -2.494111840119553, 0.5897991475245897, 0.5894505294956615, 0.5894309771189201, -0.0025263557521656155, -4.328069184753122]
X.shape (10, 5)
s1 and s2 score at iteration 64
S_1 [-0.2331363403312919, -0.08167181479981701, 0.05277961437450173, -0.3673752334568124, -0.1018599881542336, 0.13857946938940013, 0.13952179137484258, 0.14091053137280166, -0.1351782546818674, -0.028245711554844805]
S_2 [0.3333333333333333, 0.5, 0.25, 0.3333333333333333, 0.3333333333333333, 0.25, 0.25, 0.25, 0.25, 0.25]
Trust scores at iteration 65: [-2.274170478514103, -1.63481875106413, -0.24277436159041993, -3.1288261880523995, -1.4999941350922534, 0.4940913484783678, 0.5000751268625199, 0.5089430977118921, -1.313640403887638, -1.0632131674029002]
X.shape (10, 5)
s1 and s2 score at iteration 65
S_1 [0.012668737937920017, 0.21446969882627506, 0.031980435865923536, -0.2160157609779805, -0.05418986561300399, -0.010732042774579472, -0.004593620497947574, 0.018424390239789843, 0.07666673864807244, 0.027886857478358715]
S_2 [0.25, 0.25, 0.25, 0.25, 0.25, 0.25, 0.25, 0.25, 0.3333333333333333, 0.3333333333333333]
Trust scores at iteration 66: [-0.8492539940189723, 0.06151812489358699, -0.5650748311437502, -1.8943705093750962, -1.0524016028096776, -0.6706267772179763, -0.6442691425745065, -0.5467896343637695, -0.7096399685926977, -0.889296991775611]
X.shape (10, 5)
s1 and s2 score at iteration 66
S_1 [0.09090932942624735, -0.04813232077543717, 0.013057136419082904, 0.22043250391291455, 0.2207697721637224, 0.038346629230333, 0.03811981709553072, 0.037917618034410405, 0.1975199960054047, -0.44153308567264593]
S_2 [0.2, 0.25, 0.2, 0.2, 0.2, 0.25, 0.25, 0.25, 0.2, 0.25]
Trust scores at iteration 67: [-0.4343203311367262, -1.0900665749888334, -0.7232781724981564, -0.01081197388439728, 0.07475983971903219, -0.8107370812913873, -0.8090259503948117, -0.8001022933763937, 0.014254918133457833, -2.7889033695344128]
X.shape (10, 5)
s1 and s2 score at iteration 67
S_1 [0.005074731457413236, -0.1075436075740828, 0.3616985112452178, 0.2691097079640287, 0.029555333839265355, 0.22975645512101212, 0.22995798559416514, 0.23060131448725263, 0.06597426404804334, 0.19685866904691351]
S_2 [0.16666666666666666, 0.25, 0.16666666666666666, 0.2, 0.25, 0.16666666666666666, 0.16666666666666666, 0.16666666666666666, 0.16666666666666666, 0.25]
Trust scores at iteration 68: [-0.6308047809418341, -1.2766031330371945, 0.22767218275018442, -0.05146622901655081, -0.8189826559496054, -0.10937987146658909, -0.10870729812703085, -0.10621416276267254, -0.43441337454299433, -0.68905475114395]
X.shape (10, 5)
s1 and s2 score at iteration 68
S_1 [-0.20932173634628626, 0.14616226605313343, 0.2290722624306883, -0.48875469649944125, 0.17634917252147841, 0.3317468692428197, 0.32864288170846134, 0.3236669174213598, -0.02850887165149564, -0.005469649685490414]
S_2 [0.5, 0.16666666666666666, 0.16666666666666666, 0.5, 0.16666666666666666, 0.16666666666666666, 0.16666666666666666, 0.16666666666666666, 0.16666666666666666, 0.25]
Trust scores at iteration 69: [-1.5309518890336102, -0.031134975331242848, 0.3442200647123377, -2.2310950119655195, 0.09652148748840866, 0.5890620128533411, 0.5807084257425592, 0.5674583869908699, -0.420783392090438, -0.5337441523509788]
X.shape (10, 5)
s1 and s2 score at iteration 69
S_1 [-0.12029787454962183, 0.1688086224664975, -0.07081258752357233, -0.44183181502859054, 0.05590041413598528, 0.2580529634762212, 0.2565342884089598, 0.25365210365714563, 0.061778253573777836, -0.10336496720111847]
S_2 [0.5, 0.2, 0.3333333333333333, 0.5, 0.2, 0.2, 0.2, 0.2, 0.2, 0.5]
Trust scores at iteration 70: [-1.472652808533783, 0.22563292945316152, -0.8125479485050351, -2.6640669394255982, -0.15538642920563128, 0.5989062012853341, 0.5927742261660464, 0.5813971529726665, -0.1866170344156057, -1.3138758767483618]
X.shape (10, 5)
s1 and s2 score at iteration 70
S_1 [-0.04608528890899834, -0.1785165697325506, -0.08050279473270809, 0.20225683187397736, 0.1456755773932528, 0.1947423052585592, 0.1960015948803054, 0.19825814124191068, -0.2463926928222355, -0.18506608074340924]
S_2 [0.25, 0.5, 0.3333333333333333, 0.2, 0.2, 0.2, 0.2, 0.2, 0.3333333333333333, 0.5]
Trust scores at iteration 71: [-0.8023350410874451, -1.6717975762064512, -1.039475155508487, 0.2735933060574402, 0.2726867764097396, 0.5664525706386141, 0.5714429448284203, 0.5803463901694293, -1.7150569227545112, -1.8548923915711446]
X.shape (10, 5)
s1 and s2 score at iteration 71
S_1 [0.2736713881255482, 0.30579490486974825, 0.3106542850496479, 0.3605701271923152, -0.3157801479029812, 0.3921158360517649, 0.3927051047268002, 0.3862041163848282, -0.17160049468702152, -0.22504251155504512]
S_2 [0.14285714285714285, 0.14285714285714285, 0.14285714285714285, 0.14285714285714285, 0.5, 0.14285714285714285, 0.14285714285714285, 0.14285714285714285, 0.5, 0.5]
Trust scores at iteration 72: [0.28982263959750626, 0.2764969342317602, 0.35086588450643785, 0.5965696595230559, -1.5964350116971078, 0.6981519163109154, 0.700001437339985, 0.6859928426004414, -1.4647790247567327, -1.601240773735316]
X.shape (10, 5)
s1 and s2 score at iteration 72
S_1 [0.2818780975176398, 0.3682225903382268, -0.2913639939393693, 0.2968667615027043, 0.08868602816229766, 0.42871432226977785, 0.43290572308513625, 0.43881714516338427, -0.4340550865898684, 0.27304130283978306]
S_2 [0.16666666666666666, 0.16666666666666666, 0.3333333333333333, 0.16666666666666666, 0.2, 0.16666666666666666, 0.16666666666666666, 0.16666666666666666, 0.5, 0.2]
Trust scores at iteration 73: [0.30710527159979994, 0.4828625080478513, -1.1624916908752414, 0.36852124643285755, -0.33775127971526064, 0.6490946233842416, 0.6578760051740926, 0.6685992842600442, -1.9367110718871179, 0.03987494560062704]
X.shape (10, 5)
s1 and s2 score at iteration 73
S_1 [-0.30775219777927343, -0.07100594940395234, 0.0320121077771207, -0.0038543180385903148, -0.011413920631229047, 0.13724349870891533, 0.137224425429982, 0.13711347662263046, -0.06386375398763966, -0.10835061107094421]
S_2 [0.25, 0.25, 0.3333333333333333, 0.25, 0.25, 0.2, 0.2, 0.2, 0.2, 0.2]
Trust scores at iteration 74: [-2.6624322672670004, -1.0923485884752615, -0.8063237644567759, -0.6634232892551064, -0.7836240546219134, 0.4249094623384241, 0.4256625239112204, 0.4260072841932558, -1.1524696596125432, -1.246541972272272]
X.shape (10, 5)
s1 and s2 score at iteration 74
S_1 [0.05336623147249572, 0.40742325082357583, 0.2709590388712625, 0.2995099608423235, 0.009965581666003785, 0.1481779902827022, 0.14601493537577265, 0.14224638700318432, -0.13113958535850193, 0.2430910039839959]
S_2 [0.2, 0.2, 0.2, 0.2, 0.2, 0.25, 0.25, 0.25, 0.25, 0.2]
Trust scores at iteration 75: [-0.8683569543351322, 0.07076514115247381, -0.20208250357714344, -0.12472332654114082, -0.7763483856896988, -0.5301831316818036, -0.5348860246388393, -0.5431762908252084, -1.3049349663001444, -0.3076649528889501]
X.shape (10, 5)
s1 and s2 score at iteration 75
S_1 [0.38558967446735715, 0.13108744194828906, 0.32848096082901795, 0.4347901725702604, -0.716162110838535, 0.44739999669709246, 0.44936810030186286, 0.44061610260832873, 0.3997812620836585, 0.11391802472201351]
S_2 [0.14285714285714285, 0.2, 0.14285714285714285, 0.14285714285714285, 0, 0.14285714285714285, 0.14285714285714285, 0.14285714285714285, 0.14285714285714285, 0.16666666666666666]
Trust scores at iteration 76: [0.04257094008503132, -0.6303799326725686, -0.005179654223760714, 0.2154736701734752, -1.5119731890698354, 0.20018280168566369, 0.2036542546789733, 0.18529661862212868, 0.02733622643322084, -0.5526100636664896]
X.shape (10, 5)
s1 and s2 score at iteration 76
S_1 [0.08240571984853594, 0.01855625961265485, -0.12821669051156545, 0.1465497232035949, 0.14770050257071132, 0.26639114992064683, 0.2619611897439771, 0.25397804937716956, 0.10502403883945984, -0.4365706074456436]
S_2 [0.2, 0.2, 0.3333333333333333, 0.2, 0.2, 0.2, 0.2, 0.2, 0.3333333333333333, 0.3333333333333333]
Trust scores at iteration 77: [-0.25733595483799654, -0.5403458443112418, -1.333696851037694, -0.023335768467729605, -0.19219255710000244, 0.3800182801685663, 0.3653988465849635, 0.3365921181695736, -0.5424436477589786, -2.4302107065279386]
X.shape (10, 5)
s1 and s2 score at iteration 77
S_1 [-0.0010838556963870876, -0.0013023473790718294, -0.06302248068271764, 0.05923294752135561, -0.2136242183711499, 0.18271494412037134, 0.18397794766312806, 0.185933696728254, -0.3602317223850981, -0.1072673838617858]
S_2 [0.3333333333333333, 0.3333333333333333, 0.3333333333333333, 0.25, 0.5, 0.25, 0.25, 0.25, 0.3333333333333333, 0.25]
Trust scores at iteration 78: [-0.6309799286870492, -0.6603385124537984, -1.0384259154294844, -0.16562033601268558, -1.9532534298114785, 0.47242166477550385, 0.4770732081518388, 0.48365921181695737, -2.3979226536039087, -1.2122418852461991]
X.shape (10, 5)
s1 and s2 score at iteration 78
S_1 [-0.017769497230795097, -0.07305520674001917, 0.03537308825365245, -0.14836011901177223, 0.14382868104660493, 0.18457371764112046, 0.18251834788767016, 0.18206222777400388, -0.4140885772924718, -0.2240397406639208]
S_2 [0.2, 0.25, 0.25, 0.25, 0.2, 0.2, 0.2, 0.2, 0.5, 0.5]
Trust scores at iteration 79: [-0.5097438475012209, -0.8722583825941982, -0.3813598576242021, -1.189980886605114, 0.1459977630183474, 0.5872421664775505, 0.5776851312979199, 0.5761196441424052, -3.1589297911475223, -2.113664483786935]
X.shape (10, 5)
s1 and s2 score at iteration 79
S_1 [0.2177982108742419, 0.06278609560857279, -0.07484179650402041, -0.4097440056486536, 0.1928218378907738, 0.23485673157124046, 0.241916120021763, 0.25126780449490954, 0.08170550245913889, -0.10148672153627834]
S_2 [0.2, 0.3333333333333333, 0.3333333333333333, 0.5, 0.2, 0.2, 0.2, 0.2, 0.3333333333333333, 0.3333333333333333]
Trust scores at iteration 80: [0.36914302894260137, -0.4623363576460756, -0.9062070065962213, -2.486633808346434, 0.3452559248304545, 0.5399424492781062, 0.5642723155459014, 0.5976119644142406, -0.6232372910490145, -1.174875213722727]
X.shape (10, 5)
s1 and s2 score at iteration 80
S_1 [0.34370453257683403, 0.5582022740695767, 0.11610773432619707, -0.5276357381091826, 0.602860154075055, 0.5247555875427292, 0.5247555875427292, 0.5572112942532361, 0.5897696298585114, 0.4820499527093044]
S_2 [0.125, 0.125, 0.2, 0, 0.125, 0.125, 0.125, 0.125, 0.125, 0.125]
Trust scores at iteration 81: [-0.012474858334599138, 0.22459735031358882, -0.8172853753984876, -1.0363620885504359, 0.37202559248304545, 0.27489322327471644, 0.2773262099014959, 0.3291127650648795, 0.25563364278267164, 0.039656917733187]
X.shape (10, 5)
s1 and s2 score at iteration 81
S_1 [0.16077066534571927, 0.02291308017776152, 0.12859637327163753, -0.00224833407889325, -0.3449095695083113, -0.22008560057553195, 0.07214116638140038, 0.12245705372734281, -0.22889525854060425, 0.11549809021565853]
S_2 [0.25, 0.3333333333333333, 0.25, 0.25, 0.5, 0.5, 0.25, 0.25, 0.3333333333333333, 0.25]
Trust scores at iteration 82: [0.4487525141665401, -0.44927201332185857, 0.18815861162131764, -0.5662224643554026, -2.793613686924216, -2.104557830628177, -0.018418520117327898, 0.26843029278729635, -1.8558005726287028, 0.2005281785961702]
X.shape (10, 5)
s1 and s2 score at iteration 82
S_1 [-0.11817995437869182, -0.06757823544738048, -0.01701985099756207, -0.1703538959876407, -0.14052749767744213, -0.09291383526352003, -0.0759655035757317, -0.06496401342446032, -0.1777828131046428, -0.023997089559275406]
S_2 [0.25, 0.25, 0.25, 0.3333333333333333, 0.3333333333333333, 0.25, 0.3333333333333333, 0.3333333333333333, 0.3333333333333333, 0.3333333333333333]
Trust scores at iteration 83: [5.61916374143093, 2.8535712923593493, 0.24381586116213178, 8.051594477132607, 6.251652447340058, 4.027774758682003, 3.115170589986245, 2.56210295549014, 8.315473560486053, 0.3890052080093006]
X.shape (10, 5)
s1 and s2 score at iteration 83
S_1 [0.19320873397948088, 0.3282446406889123, 0.27194053537511687, -0.27941009776845244, 0.2611609295377864, 0.22767822701883603, 0.2569247268191053, -0.2114913150733556, -0.24996897096537335, -0.06508766079674155]
S_2 [0.16666666666666666, 0.16666666666666666, 0.16666666666666666, 0.25, 0.16666666666666666, 0.16666666666666666, 0.16666666666666666, 0.3333333333333333, 0.3333333333333333, 0.3333333333333333]
Trust scores at iteration 84: [0.6416671728662069, 0.7353571292359349, 0.32000375781088847, -0.6359431989707177, 0.8912312742987265, 0.5770387094618126, 0.5659680247535865, -1.2236687335998986, -0.7538319189844, -1.0395605641816712]
X.shape (10, 5)
s1 and s2 score at iteration 84
S_1 [-0.03340480550196126, 0.12723227528605202, -0.09239558591066406, 0.08997298758732447, 0.10840733030648224, -0.2675790017149987, 0.01232670161774382, -0.1414432211418142, -0.18994610018808553, -0.015118001635415941]
S_2 [0.25, 0.25, 0.25, 0.25, 0.25, 0.5, 0.25, 0.25, 0.25, 0.25]
Trust scores at iteration 85: [-0.6221280820021017, 0.5235357129235935, -1.0715761411258105, 0.122845519338194, 0.4059615499643934, -2.73506351847658, -0.3062080936799046, -1.5728905120470367, -1.869000523152892, -0.6608959145735289]
X.shape (10, 5)
s1 and s2 score at iteration 85
S_1 [-0.11462712634652633, 0.005237207320116449, -0.032029203614885385, 0.03189165502685329, -0.09701528276162605, -0.12518492888045063, -0.23107377066510443, 0.08770734492734432, -0.28498011041479704, 0.03524358070009592]
S_2 [0.3333333333333333, 0.3333333333333333, 0.25, 0.25, 0.3333333333333333, 0.3333333333333333, 0.5, 0.25, 0.5, 0.25]
Trust scores at iteration 86: [-1.838447407449952, -0.4939053584243092, -0.8858220295874331, -0.11046247343851692, -1.554916302458442, -2.1580787680544997, -3.301760806489905, 0.29271094879529636, -4.011194472420971, -0.15444117242970884]
X.shape (10, 5)
s1 and s2 score at iteration 86
S_1 [-0.2778377098857985, -0.1663726888984124, 0.004430481190937425, 0.07226219231351914, 0.07767018516826786, 0.019419165891064134, -0.2068640248360756, -0.28857368206710904, 0.023832125659659746, 0.07162967578224115]
S_2 [0.3333333333333333, 0.5, 0.5, 0.2, 0.2, 0.2, 0.3333333333333333, 0.3333333333333333, 0.2, 0.2]
Trust scores at iteration 87: [-4.003277504494581, -2.8772270626149403, -0.9372441887232276, 0.4662888631785533, 0.3845083697541558, -0.35078910977027056, -3.327204257537268, -3.914564294436694, -0.48496569471497275, 0.4545617346080802]
X.shape (10, 5)
s1 and s2 score at iteration 87
S_1 [-0.013322407174206815, 0.07978521910919485, 0.06058094750801805, 0.14328676669951018, -0.1301858778801346, -0.07465505339802453, -0.16385591656997545, -0.11658590524571125, -0.20660122274624199, -0.008979526737762157]
S_2 [0.25, 0.25, 0.25, 0.25, 0.25, 0.25, 0.25, 0.25, 0.25, 0.25]
Trust scores at iteration 88: [-1.3840072606580387, -0.6865829370261204, -0.6132087996486906, 0.046628886317855334, -1.6792610340575547, -1.4039955430280995, -2.26191752685268, -2.023745370970178, -2.2461816575966203, -0.9109452252875774]
X.shape (10, 5)
s1 and s2 score at iteration 88
S_1 [-0.06574365006607365, 0.13771769164935138, 0.1541255504168304, -0.07587788000879059, -0.025393261361890948, -0.14186557068199726, 0.1209568032035727, -0.13533796369101522, -0.2199299636086736, -0.060233737740470444]
S_2 [0.2, 0.2, 0.2, 0.25, 0.25, 0.25, 0.2, 0.2, 0.25, 0.2]
Trust scores at iteration 89: [-1.2423038809901092, 0.015529734493921338, 0.1186791200351309, -1.3384180400216528, -1.2162073920298266, -1.8688086874315575, -0.23987717610272197, -1.7126663932655508, -2.4088761405891983, -1.1628231218415404]
X.shape (10, 5)
s1 and s2 score at iteration 89
S_1 [-0.04326143392030944, -0.13712830685070818, 0.004954280920225719, -0.04758881205758506, -0.19724661908448254, -0.12907475416809058, -0.03698216486200496, -0.01605933750960442, -0.18974998848020763, -0.1709178502804243]
S_2 [0.5, 0.3333333333333333, 0.25, 0.25, 0.25, 0.25, 0.25, 0.25, 0.25, 0.25]
Trust scores at iteration 90: [-8.883148999138248, -25.509322722314447, 0.4618679120035131, -9.228876581294369, -36.40365368899105, -24.08473952307011, -7.192207558540899, -3.5386231621749764, -35.16107458609811, -31.615402806016284]
X.shape (10, 5)
s1 and s2 score at iteration 90
S_1 [0.0390420889901805, -0.15688068228139537, 0.1248419812908097, 0.12359758156077302, -0.01464677559005561, 0.23913338014412114, 0.2134073218889578, 0.2625665441873164, -0.1602551710287449, 0.23309101825389142]
S_2 [0.25, 0.3333333333333333, 0.2, 0.2, 0.2, 0.2, 0.25, 0.2, 0.3333333333333333, 0.25]
Trust scores at iteration 91: [-1.4294902338661395, -3.988672579132572, -0.06589203738958488, -1.039231918785364, -4.230570158210138, -2.1287958672872764, -0.6627239450378548, 0.00613768378250229, -4.965414509027386, -3.037573614540614]
X.shape (10, 5)
s1 and s2 score at iteration 91
S_1 [0.3814628418905715, -0.16821968201128593, 0.38201203671614004, 0.2999453402078701, 0.04307492804723403, 0.43542847610215357, 0.3566731372958036, 0.2744593288888054, -0.6642032921977482, 0.3937847964740705]
S_2 [0.14285714285714285, 0.3333333333333333, 0.14285714285714285, 0.14285714285714285, 0.25, 0.14285714285714285, 0.14285714285714285, 0.14285714285714285, 0, 0.14285714285714285]
Trust scores at iteration 92: [0.25979352490039953, -1.6465654956707685, 0.39728849158169943, 0.1303284203741987, -1.0090241726097775, 0.3014061275569866, 0.28523157991913156, 0.18218758979725727, -1.869402886905217, 0.12445379932339323]
X.shape (10, 5)
s1 and s2 score at iteration 92
S_1 [-0.22816778376048552, 0.133287181440985, 0.13347647518974173, -0.2313168229447452, 0.11125649344095281, -0.20937293270471274, -0.23066126597795641, 0.025770560319508196, 0.039475251505623095, 0.04824445845531514]
S_2 [0.25, 0.2, 0.2, 0.25, 0.2, 0.25, 0.25, 0.2, 0.2, 0.2]
Trust scores at iteration 93: [-2.4125015303211295, 0.014067087885598767, 0.21972884915816993, -2.4466812600493175, -0.07072644839067434, -2.281611077318326, -2.426770680005057, -0.5280165064137683, -0.6407680938932228, -0.3822537567652663]
X.shape (10, 5)
s1 and s2 score at iteration 93
S_1 [-0.14704977221018936, -0.15662888848906917, -0.025075500262187227, 0.06542034825145779, -0.16306201379815133, 0.05720209963678978, 0.0994130911764545, -0.09061968655779677, -0.19730472408381003, -0.038409971844869106]
S_2 [0.25, 0.25, 0.25, 0.25, 0.25, 0.25, 0.25, 0.25, 0.25, 0.25]
Trust scores at iteration 94: [-2.4725113926033018, -2.316575550609781, -1.1050389700511636, -0.5524089704998965, -2.383294847384305, -0.6103028552232934, -0.2426770680005057, -1.7731937834768323, -2.750302844351271, -1.2859559839021937]
X.shape (10, 5)
s1 and s2 score at iteration 94
S_1 [0.10732818650762695, 0.08591496648568116, -0.09039791144254265, 0.2192846526437424, -0.2992085347434318, 0.1255319403997622, 0.07261858214582556, 0.2391471390400174, -0.4649316198904157, 0.15475739038251998]
S_2 [0.2, 0.25, 0.25, 0.2, 0.5, 0.2, 0.2, 0.2, 0.5, 0.25]
Trust scores at iteration 95: [-0.20333508889645532, -0.35832744897020774, -0.9007049992423228, 0.4100091484725863, -2.264362948279166, 0.051393289408587235, -0.11097686086479304, 0.3626806216523168, -2.924741611031241, 0.0038142598392009175]
X.shape (10, 5)
s1 and s2 score at iteration 95
S_1 [-0.09308789012077869, -0.1388194571141325, 0.058276856969774186, -0.07112557312465874, 0.01110136016283525, 0.10475121441355345, 0.018418019703700612, -0.31897361527443896, 0.17535816938785886, 0.1939075915147995]
S_2 [0.3333333333333333, 0.3333333333333333, 0.25, 0.3333333333333333, 0.2, 0.2, 0.2, 0.3333333333333333, 0.2, 0.2]
Trust scores at iteration 96: [-1.35239034820275, -1.5801474435981477, -0.4945851060153831, -1.189120331629609, -0.714910596073677, -0.048669840490227136, -0.4656125454386188, -2.344211642132909, -0.018569191131757257, 0.36038142598392003]
X.shape (10, 5)
s1 and s2 score at iteration 96
S_1 [0.05110053668322259, 0.09450723921417414, 0.16946427794201824, 0.12064249781376181, -0.11676982736630606, 0.1596589122514417, -0.1978360502041604, -0.22111375240354628, -0.04409100571934633, -0.09142079072992365]
S_2 [0.25, 0.25, 0.25, 0.25, 0.25, 0.25, 0.3333333333333333, 0.3333333333333333, 0.25, 0.3333333333333333]
Trust scores at iteration 97: [-0.5388515567428251, -0.33110061634601234, 0.1755414893984617, -0.15319736839133635, -1.3666385379191845, 0.1680581525715795, -1.997239588326186, -2.30872397056213, -0.9110178032199062, -1.3494843088357842]
X.shape (10, 5)
s1 and s2 score at iteration 97
S_1 [-0.008507949439272753, 0.07736935568786929, -0.004759521688701529, -0.1980867820183547, -0.1477034928337815, -0.10167901769792541, 0.10226309340661291, -0.25407605123307087, 0.09592294911419255, -0.14052815305860702]
S_2 [0.25, 0.25, 0.25, 0.5, 0.5, 0.3333333333333333, 0.25, 0.5, 0.25, 0.3333333333333333]
Trust scores at iteration 98: [-0.5787621639894869, 0.19780440906514324, -0.4743335876534454, -2.658647636256958, -2.3365770396941077, -1.4780538342966785, 0.2502760411673814, -3.366952281717484, 0.3030996938062178, -1.9717126782730252]
X.shape (10, 5)
s1 and s2 score at iteration 98
S_1 [0.11862008201941417, 0.2188521526368727, 0.35397343478093524, 0.3938895772634553, -0.12334208723319035, 0.13649349666387145, 0.07486622483864165, -0.48558648582093966, 0.39165304053701316, 0.20876364753300633]
S_2 [0.14285714285714285, 0.14285714285714285, 0.14285714285714285, 0.14285714285714285, 0.3333333333333333, 0.14285714285714285, 0.2, 0.3333333333333333, 0.14285714285714285, 0.14285714285714285]
Trust scores at iteration 99: [-0.17255496327218756, 0.13412238603136803, 0.37564778878912125, 0.2484209506600184, -1.4154825729621312, -0.22164508781853987, -0.343910234698656, -2.34621389143543, 0.5394854112194681, -0.10588059168133514]
X.shape (10, 5)
s1 and s2 score at iteration 99
S_1 [-0.04503472804787388, -0.05823063377744976, -0.14159519523346198, -0.04265742828526306, -0.044721882759423535, -0.14974685416563924, -0.20142157520369752, -0.17428200485219117, -0.006486254522133423, -0.062006189990614434]
S_2 [0.2, 0.2, 0.25, 0.25, 0.2, 0.25, 0.3333333333333333, 0.25, 0.2, 0.2]
Trust scores at iteration 100: [5.691536484434457, 7.553201617954718, 19.00960071853556, 5.26877193750906, 5.523834887342163, 20.080954556571566, 27.013851997943725, 23.27287157836655, 0.41394854112194673, 8.053078479220762]
