Matplotlib created a temporary config/cache directory at /tmp/matplotlib-g08f9jjq because the default path (/users/raysuan/.config/matplotlib) is not a writable directory; it is highly recommended to set the MPLCONFIGDIR environment variable to a writable directory, in particular to speed up the import of Matplotlib and to better support multiprocessing.
Loaded dataset for Tower 2 without noise: 552960 chunks
Loaded dataset for Tower 3 without noise: 535674 chunks
Loaded dataset for Tower 4 without noise: 552958 chunks
Loaded dataset for Tower 5 without noise: 518399 chunks
Loaded dataset for Tower 6 without noise: 518400 chunks
Loaded dataset for Tower 7 with same noise: 518398 chunks
Loaded dataset for Tower 8 with same noise: 518398 chunks
Loaded dataset for Tower 9 with same noise: 518399 chunks
Loaded dataset for Tower 10 with random noise: 518399 chunks
Loaded dataset for Tower 11 with random noise: 518396 chunks
W, alpha, th 0.5 0.1 0.4
X.shape (10, 5)
s1 and s2 score at iteration 0
S_1 [-0.23644800833044707, 0.09262767953290613, 0.13136304836337995, 0.35664460235735335, -0.21665800316667794, 0.31109870123151484, 0.09983120307296116, 0.28183199340158643, 0.22131183124501463, 0.30940559292329084]
S_2 [0.5, 0.5, 0.5, 0.25, 0, 0.25, 0.3333333333333333, 0.25, 0.25, 0.25]
Trust scores at iteration 1: [-1.496681419235882, -0.6662521428094266, -0.5685026417178739, 0.45, -0.5467409335824757, 0.33506398038184276, -0.34807390278224815, 0.26120884035495634, 0.10848496459491262, 0.3307913866924119]
X.shape (10, 5)
s1 and s2 score at iteration 1
S_1 [0.056546777769167694, -0.07207536617053481, -0.114551609551739, -0.030524557339044515, -0.13246235988832408, -0.13426905304243741, -0.09462351316748255, -0.016402226113766922, -0.04252486759366132, -0.14449597092374805]
S_2 [0.5, 0.5, 0.5, 0.5, 0.5, 0.5, 0.5, 0.5, 0.5, 0.5]
Trust scores at iteration 2: [-0.1496681419235882, -2.1137786350873657, -2.7800566901403907, -1.340829656241161, -3.062948492054306, -3.0035233763459406, -2.440837710845291, -1.1349373775448708, -1.5659784129451209, -3.1667225292921373]
X.shape (10, 5)
s1 and s2 score at iteration 2
S_1 [0.26038753273556314, 0.05650805022177179, 0.07582527116225439, 0.14778155923535374, 0.35811319726935453, -0.05837312607891801, 0.30731310362760555, -0.413131090649817, 0.36550666763249656, 0.11588839953572647]
S_2 [0.25, 0.25, 0, 0.25, 0.25, 0.3333333333333333, 0.25, 0, 0.25, 0.3333333333333333]
Trust scores at iteration 3: [-0.048805379354634165, -0.7472360920904113, -0.09129842099566773, -0.4451952035394354, -0.09950005287497984, -1.3440865513257352, -0.16237584272756203, -1.1307610395884569, 0.06840215870548791, -0.9313161464107325]
X.shape (10, 5)
s1 and s2 score at iteration 3
S_1 [-0.10599550864155308, 0.17190673336861023, -0.3356889282479486, 0.033658865166877425, -0.12592371610039002, 0.055030236207422305, -0.037528020749355545, -0.2527415581716071, 0.10860080962259998, 0.13445477762781705]
S_2 [0.5, 0.2, 0.5, 0.2, 0.5, 0.2, 0.5, 0.5, 0.2, 0.2]
Trust scores at iteration 4: [-1.4598091082599627, 0.4652763907909589, -2.666594657484862, -0.2283019978835811, -1.5692106536027726, -0.2063035203529976, -1.112711672358635, -2.336278505034669, 0.21540857119354748, 0.2507925277923805]
X.shape (10, 5)
s1 and s2 score at iteration 4
S_1 [-0.11623178541032114, 0.038483913700062315, 0.02288692077554623, 0.09301188589638928, -0.21611228863968174, 0.07627698441300879, 0.28016176306620133, -0.28972379247424873, 0.27451568400633486, 0.22534493938308298]
S_2 [0, 0.25, 0.3333333333333333, 0.25, 0.5, 0.3333333333333333, 0.3333333333333333, 0.5, 0.25, 0.25]
Trust scores at iteration 5: [-0.519367363439697, -0.2798454892486559, -0.793136839132504, -0.17403604461676253, -1.7511666242367525, -0.3755958932983796, 0.18872883276413654, -2.064345198842002, 0.45340322442363573, 0.29898405415233337]
X.shape (10, 5)
s1 and s2 score at iteration 5
S_1 [0.12132087924551133, -0.03623901170677271, 0.1725534743980518, -0.02320004211150792, 0.14798674754747568, -0.1370614220683717, -0.06511033089699715, 0.046339603255257135, -0.39617577952901734, 0.09181140722686919]
S_2 [0, 0.5, 0.3333333333333333, 0.5, 0.3333333333333333, 0.5, 0.5, 0.3333333333333333, 0, 0.3333333333333333]
Trust scores at iteration 6: [0.5808456037500933, -1.1169990596431945, 0.22068631608674966, -1.0384097909392107, -0.003251168220494649, -1.6524410502326459, -1.220727915906098, -0.5647376020144184, -2.0210231791907356, -0.0912340041613587]
X.shape (10, 5)
s1 and s2 score at iteration 6
S_1 [0.18397452379327306, 0.01481522614064277, -0.12556522983690802, 0.08883776960790064, -0.13586438035111997, -0.05116850629291056, 0.01918988880364097, -0.14823414179148062, 0.045397498108148096, -0.1332570390430943]
S_2 [0.25, 0.5, 0.5, 0.25, 0.5, 0.5, 0.25, 0.5, 0.25, 0.5]
Trust scores at iteration 7: [0.5080845603750094, -0.9392240910979024, -1.4921941724097876, -0.1192482376720022, -1.5649711764765277, -1.3155595004057603, -0.4781962071202312, -1.6816324662092497, -0.4300185888520861, -1.5610143941580101]
X.shape (10, 5)
s1 and s2 score at iteration 7
S_1 [-0.31197753298957104, 0.09924136811896786, 0.13838056003968502, 0.0736224979533703, -0.037434436816955186, -0.33875896614375295, -0.14650142561132984, -0.00925073177246809, 0.13461490877776677, 0.16797596395036948]
S_2 [0.5, 0.3333333333333333, 0.3333333333333333, 0.25, 0.5, 0.5, 0.5, 0.25, 0.25, 0.25]
Trust scores at iteration 8: [-2.520738907569674, -0.16219614776527475, -0.007788910716163694, -0.06746214827625527, -1.2570674393944836, -2.846595806692085, -1.732760989401855, -0.6677278295494753, 0.22825262926159753, 0.293898560584199]
X.shape (10, 5)
s1 and s2 score at iteration 8
S_1 [-0.18280961273800245, 0.057614363770606546, -0.20368791155385807, -0.08606565217382342, -0.00762570802848592, -0.10022982027155412, 0.05671649856937284, -0.08602455945726722, -0.10580040886725744, 0.1063617460664008]
S_2 [0, 0.3333333333333333, 0.5, 0, 0.5, 0.3333333333333333, 0.3333333333333333, 0.3333333333333333, 0.3333333333333333, 0.3333333333333333]
Trust scores at iteration 9: [-1.7989519512345407, -0.12870479566877685, -2.6243226196977676, -0.735006983582625, -1.0902331124831983, -1.732773132585546, -0.2933587357881302, -1.3946858379287395, -1.4724248763587517, 0.32938985605841997]
X.shape (10, 5)
s1 and s2 score at iteration 9
S_1 [-0.08299808945522184, 0.03841100752395959, 0.20296106697338853, 0.013896373026928496, -0.0389759786449163, 0.08209056360709083, 0.11849507908013458, 0.2488299953568922, -0.2805719339439934, 0.2917883851303766]
S_2 [0.3333333333333333, 0.3333333333333333, 0.3333333333333333, 0.5, 0, 0.3333333333333333, 0.3333333333333333, 0.3333333333333333, 0.5, 0.3333333333333333]
Trust scores at iteration 10: [-1.0358967507587926, -0.4943945273588515, -0.23641364853377067, -0.93063834892428, -0.22924187568758286, -0.5200749549351755, -0.2638464414875738, 0.028029394994524476, -1.9126461617292276, 0.33293898560584206]
X.shape (10, 5)
s1 and s2 score at iteration 10
S_1 [-0.06838709105682249, -0.009206699542000263, -0.237181138368335, -0.051152857343564076, -0.004108715987454165, -0.16467948220865905, -0.10987877284485649, 0.006054285203747635, -0.06826906598477685, -0.15508409234563922]
S_2 [0.3333333333333333, 0.3333333333333333, 0.3333333333333333, 0.3333333333333333, 0.5, 0.3333333333333333, 0.3333333333333333, 0.5, 0.5, 0.3333333333333333]
Trust scores at iteration 11: [-10.869675328431203, -2.018061727529141, -35.881812618392395, -8.297193812236436, -1.5337055208332968, -25.132442261937857, -16.960417850770217, 0.0028029394994524477, -11.239805247900371, -23.620737818458167]
X.shape (10, 5)
s1 and s2 score at iteration 11
S_1 [-0.1751772127958285, 0.010487043294947287, -0.2895090908208345, -0.13777971543449857, -0.007627315548877572, 0.03295171394817506, 0.04074839379809004, 0.06730364773666248, 0.0736400456478331, -0.135559147080043]
S_2 [0, 0.5, 0.5, 0.5, 0.5, 0.3333333333333333, 0, 0.3333333333333333, 0.3333333333333333, 0.5]
Trust scores at iteration 12: [-3.227915302894983, -0.9736376079126737, -8.026448782541383, -3.413609482053552, -1.1465886365318123, -2.710521192924859, -1.1980307627364866, 0.22283930284402292, -0.8239805247900371, -4.918824959805315]
X.shape (10, 5)
s1 and s2 score at iteration 12
S_1 [0.13647962062344338, 0.3388153406721433, -0.6236707926467084, 0.04683938292845443, 0.24271863542144376, 0.3296933718456559, 0.2870745954886258, 0.3644533462241685, 0.3187049683358848, -0.14041300819981983]
S_2 [0.3333333333333333, 0.2, 0, 0.2, 0.2, 0.2, 0.2, 0.2, 0.2, 0.5]
Trust scores at iteration 13: [-0.5857616749358104, 0.3793244182695714, -2.3427698879358716, -0.5856933461038781, 0.12472312622965226, 0.18310979672565064, 0.22911382246390988, 0.5622839302844024, 0.3446285298640481, -1.7386256626686183]
X.shape (10, 5)
s1 and s2 score at iteration 13
S_1 [-0.02446346652499546, 0.11889686334515377, -0.23753838291942975, -0.18219512326943837, -0.09046524354470835, 0.03905651128974814, 0.185316561125745, 0.18505552800787375, 0.2510243380626018, 0.15064764532318053]
S_2 [0.5, 0.3333333333333333, 0.5, 0.5, 0.5, 0.3333333333333333, 0.3333333333333333, 0.3333333333333333, 0.3333333333333333, 0.3333333333333333]
Trust scores at iteration 14: [-1.046285271887296, -0.13578547797111293, -1.9859256626929762, -1.6117952815765397, -1.2118736046638792, -0.44165933064847157, 0.08732865070892853, 0.11970977691541317, 0.3344628529864049, -0.2337440987218938]
X.shape (10, 5)
s1 and s2 score at iteration 14
S_1 [0.348645242711139, 0.2171363631423848, 0.23291496530615785, -0.09961784746567073, 0.33665976530195274, -0.40519823569878394, -0.44192578959307205, 0.312976740463877, 0.3243880494207563, 0.19544039402098667]
S_2 [0.16666666666666666, 0.16666666666666666, 0.16666666666666666, 0.3333333333333333, 0.16666666666666666, 0.3333333333333333, 0.3333333333333333, 0.2, 0.16666666666666666, 0.16666666666666666]
Trust scores at iteration 15: [0.3453714728112704, 0.09694172578671263, -0.04734108454688629, -1.3183350884111633, 0.29787308164839277, -1.9901529922688945, -2.0320634571186984, 0.2798955724087771, 0.42082826764958753, 0.03113944280820522]
X.shape (10, 5)
s1 and s2 score at iteration 15
S_1 [0.07779930569517296, 0.005826598151978384, 0.057753604957802435, -0.1294925590070909, -0.08404899594996867, -0.15918083541433678, -0.19508256490525688, -0.26482287509134284, 0.022386506116695085, -0.06063936415896665]
S_2 [0.5, 0.5, 0.5, 0.5, 0.5, 0.5, 0.5, 0.5, 0.5, 0.5]
Trust scores at iteration 16: [0.03453714728112704, -0.822902419512691, -0.2366273175576181, -2.5298327784363037, -1.8425105250748877, -2.9404552785786824, -3.3599656682520025, -3.935541478833604, -0.5989449970055092, -1.5983759630572099]
X.shape (10, 5)
s1 and s2 score at iteration 16
S_1 [-0.19937493915231502, 0.03012142549350442, -0.22000609043797031, -0.013678452971372913, -0.05223425314899157, -0.02439434945550586, -0.08895056830809712, -0.24966114887238713, -0.004063299361871183, -0.09623271624240443]
S_2 [0.5, 0.25, 0.5, 0.25, 0, 0.25, 0.5, 0.5, 0.25, 0]
Trust scores at iteration 17: [-6.853682851593377, 0.3677097580487309, -7.497238787672254, -1.1116826495546526, -1.7449616451794767, -1.4729258564030685, -3.893756289868557, -8.753195592595302, -0.6313020813726958, -3.0351810835135558]
X.shape (10, 5)
s1 and s2 score at iteration 17
S_1 [-0.11330853965565003, 0.02318711980240633, 0.16883090362086955, -0.18252305527710563, 0.13727869629205897, 0.1812072669446425, -0.09440143521701927, 0.22963177244614316, -0.2350087349170453, -0.013236461425797054]
S_2 [0.5, 0.5, 0.5, 0.5, 0.3333333333333333, 0.3333333333333333, 0, 0.5, 0.5, 0.3333333333333333]
Trust scores at iteration 18: [-2.029460514225777, -0.772351322038035, -0.9880218344892726, -1.7265342093084943, -0.2364572627286487, -0.03708363453173209, -0.7593648982864418, -0.8753195592595303, -1.8842042353603399, -0.9553960133830355]
X.shape (10, 5)
s1 and s2 score at iteration 18
S_1 [0.12397904310633587, -0.08814723313727793, 0.13553982980089968, -0.2911434381456189, -0.17666373316152562, 0.0022541671897037263, 0.12829225164320426, 0.032677493683493965, -0.18486621794473382, -0.20105828329183667]
S_2 [0.3333333333333333, 0.3333333333333333, 0.3333333333333333, 0.5, 0, 0.3333333333333333, 0.3333333333333333, 0.3333333333333333, 0.5, 0.5]
Trust scores at iteration 19: [0.020289000293280623, -1.2625428601247037, 0.20119781655107277, -3.005879209364868, -1.1967131565546585, -0.5887404350315905, 0.1759387607784466, -0.4705496536879628, -2.31595329261712, -2.3305896396072163]
X.shape (10, 5)
s1 and s2 score at iteration 19
S_1 [-0.02422469480609167, -0.20179027668427738, 0.13203825419015944, 0.13256357820601578, 0.05635024896020954, -0.03726619930347676, -0.2585467765126654, -0.10788751148000945, -0.10917297842883991, 0.1161839917174544]
S_2 [0.3333333333333333, 0.5, 0.3333333333333333, 0.3333333333333333, 0.3333333333333333, 0.3333333333333333, 0.5, 0.3333333333333333, 0.3333333333333333, 0.3333333333333333]
Trust scores at iteration 20: [-0.7624372800522013, -2.39624785041075, 0.31655325440328597, -0.000587920936486741, -0.337098479658443, -0.9118815424483485, -2.6377306407345658, -1.379524333245305, -1.5727919830911503, -0.044263172833202524]
X.shape (10, 5)
s1 and s2 score at iteration 20
S_1 [0.13735077450816563, 0.19594315595656178, 0.03577388800288916, 0.07649939021284136, 0.055348537442234, -0.23135992058716923, -0.20613812946365717, -0.2201493979142217, -0.02304947256268743, -0.011831375517230921]
S_2 [0.3333333333333333, 0.3333333333333333, 0.3333333333333333, 0.5, 0.3333333333333333, 0.5, 0.5, 0.5, 0.3333333333333333, 0.5]
Trust scores at iteration 21: [-0.04536842922850154, 0.06037521495892503, -0.4040291665980775, -0.5486841760452049, -0.3794846699807878, -2.053863334257823, -2.1106002987966734, -2.049135789821675, -0.8631493176564706, -0.9587698227429773]
X.shape (10, 5)
s1 and s2 score at iteration 21
S_1 [0.04416236735708041, -0.21696016893434897, -0.00963734202777485, 0.07340529341305532, -0.025597408278955142, 0.08707860684262184, 0.12584536993889703, -0.19228513433811634, -0.13867270286069425, -0.22293382161723388]
S_2 [0.5, 0, 0.5, 0.25, 0.25, 0.25, 0.25, 0.5, 0.5, 0.5]
Trust scores at iteration 22: [-0.5887037642750563, -1.5455821537907124, -1.009325657553722, 0.020099359150610646, -0.6710117569883688, -0.03263202632325013, 0.23893997012033266, -2.4800664430750667, -1.9780513193278029, -2.590218033938967]
X.shape (10, 5)
s1 and s2 score at iteration 22
S_1 [0.22502584883991966, 0.08450597926062729, 0.31896012230484816, -0.5058222130939792, 0.11726457106294544, -0.36421188433402185, 0.3085669339676763, 0.3021182938724043, 0.2798609591692963, 0.0848369820153177]
S_2 [0.2, 0.2, 0.2, 0.5, 0.5, 0.5, 0.2, 0.2, 0.2, 0.5]
Trust scores at iteration 23: [0.2160781635105522, -0.2761102840672249, 0.43906743424462785, -2.325253097767509, -0.6362193300498621, -1.9309487124445255, 0.5345678560641859, 0.2444712846584458, 0.23186995795709528, -0.9196398917553916]
X.shape (10, 5)
s1 and s2 score at iteration 23
S_1 [0.14062228712238037, 0.17060175123799434, -0.0753179297048876, -0.0256289806539852, 0.25469035130560175, 0.3378956011119017, 0.13753643688196152, 0.29892567646295387, 0.0053464515101570515, 0.15430648587867032]
S_2 [0.5, 0.25, 0.25, 0.25, 0.25, 0.25, 0.25, 0.25, 0.25, 0.25]
Trust scores at iteration 24: [-0.5038384516865415, -0.0232056570170364, -0.6067059206982346, -0.7507892425201305, 0.16475717409422047, 0.25690512875554744, -0.03020878214161514, 0.3706489965320765, -0.4125724922138789, -0.13096178366055392]
X.shape (10, 5)
s1 and s2 score at iteration 24
S_1 [0.16962195415737866, -0.38657976739803357, 0.09639820832917756, -0.11073224723507367, 0.18459304943717147, 0.14855634920521846, 0.051424863161055795, -0.45355487943168415, 0.1906522086531687, 0.1356575170511776]
S_2 [0.3333333333333333, 0.5, 0.25, 0, 0.25, 0.25, 0.5, 0.5, 0.25, 0.25]
Trust scores at iteration 25: [0.1503399430322833, -2.727223582121323, -0.055609577517984746, -0.5978057429738687, 0.4378726221034665, 0.276971212581073, -0.6602627314719628, -3.004003354274578, 0.4087427507786121, 0.1772938082412706]
X.shape (10, 5)
s1 and s2 score at iteration 25
S_1 [-0.10052548548737757, -0.14521236555865136, -0.059290462477628286, -0.19073296601895365, -0.07176120019749382, 0.055299224942579, 0.020178336374318144, -0.1986157601446224, -0.05795686246153467, -0.10265931917888434]
S_2 [0.3333333333333333, 0.5, 0.3333333333333333, 0.3333333333333333, 0.3333333333333333, 0.5, 0.5, 0.3333333333333333, 0, 0.3333333333333333]
Trust scores at iteration 26: [-2.2210275785774782, -3.536067036885149, -1.5705187177434492, -3.7639772351964207, -1.7241329074630545, 0.0276971212581073, -0.6376219825672897, -4.132890199720727, -0.9023790213208451, -2.2530605327222983]
X.shape (10, 5)
s1 and s2 score at iteration 26
S_1 [-0.19624686021483537, 0.12156931238743877, 0.052594030916107926, -0.06012554299740702, 0.0966421140869358, 0.08090199573493471, -0.2661135691768699, -0.19375765448914378, 0.01803831726769746, 0.042325484485249004]
S_2 [0.25, 0.2, 0.2, 0.25, 0.2, 0.2, 0.25, 0.25, 0.2, 0.3333333333333333]
Trust scores at iteration 27: [-2.3499543922443995, 0.006393296311485053, -0.3076885785639442, -1.4965181871873923, 0.0030460712433840464, 0.06170208026647777, -2.7088499412546865, -2.522712606119193, -0.49669691862147003, -0.8119626996854075]
X.shape (10, 5)
s1 and s2 score at iteration 27
S_1 [0.34801028988106375, 0.19691049951627163, 0.22529635533828973, 0.31853858693084, 0.16429351967854952, 0.3206052689543942, 0.022886957935481417, 0.05798495650911595, -0.5035050715375265, -0.06835818160318384]
S_2 [0.25, 0.5, 0.25, 0.25, 0.25, 0.25, 0.25, 0.3333333333333333, 0, 0.5]
Trust scores at iteration 28: [0.21500456077556004, -0.39012443593103907, 0.10187690205420612, 0.22413051350980945, -0.024810922473281417, 0.38529724952179445, -0.6616963357988055, -0.7023146002038618, -1.3517994781355482, -1.1579794434312891]
X.shape (10, 5)
s1 and s2 score at iteration 28
S_1 [0.08512966291052308, 0.01998782523291797, -0.1915912376133385, -0.040649286085459035, 0.03191229539530211, 0.001197492187744424, -0.09089650198200942, -0.24657394376677377, -0.18551133718792434, -0.09548846432514124]
S_2 [0.3333333333333333, 0, 0.5, 0.3333333333333333, 0.3333333333333333, 0.5, 0.5, 0.5, 0, 0.5]
Trust scores at iteration 29: [0.32150045607755606, 0.17230100573341167, -2.9153355875414, -1.0073355959021593, -0.26510085516169973, -0.848810258173294, -1.9271372797197799, -3.5770378516226344, -2.0964258609404296, -2.02531231283012]
X.shape (10, 5)
s1 and s2 score at iteration 29
S_1 [-0.04617481876160052, -0.06784619935636949, 0.2754181441719499, 0.16318339085420416, -0.19081445444940512, 0.19508693950808653, 0.3134809475325164, 0.1499942631750653, -0.08895956504361838, -0.06801437585753077]
S_2 [0.3333333333333333, 0.3333333333333333, 0.3333333333333333, 0.3333333333333333, 0, 0.3333333333333333, 0.3333333333333333, 0.3333333333333333, 0.5, 0.3333333333333333]
Trust scores at iteration 30: [-0.7004172992741208, -0.7775555152714585, -0.1008114057625504, -0.2322360227389535, -0.5743360709746683, -0.12478878755118815, 0.10728627202802204, -0.5270720739844854, -1.365044418867155, -0.9977996798238224]
X.shape (10, 5)
s1 and s2 score at iteration 30
S_1 [-0.16750333405266504, 0.16862423733160933, 0.2817050806849233, 0.1458951161565374, 0.1594894550483113, 0.078757023224508, 0.11458740863417659, -0.3307121891145385, 0.07449837240689162, -0.2152632461180996]
S_2 [0, 0.25, 0.25, 0.25, 0.3333333333333333, 0.5, 0.3333333333333333, 0, 0.25, 0]
Trust scores at iteration 31: [-0.6051865000567453, 0.01097031464985919, 0.439918859423745, -0.007113426974131622, -0.1478918224960562, -0.6608635343327889, -0.22318401817790165, -1.1092766149484141, -0.34849476523060374, -0.7875095646060841]
X.shape (10, 5)
s1 and s2 score at iteration 31
S_1 [-0.049236612599056685, 0.09805135071770699, -0.11131628571399024, 0.05726260760933434, -0.14831118095632828, -0.10954947459071987, -0.16606906568681307, -0.10399266207167474, 0.01988991785048078, 0.08684181891918746]
S_2 [0.3333333333333333, 0.3333333333333333, 0, 0.3333333333333333, 0.3333333333333333, 0, 0.5, 0.5, 0.3333333333333333, 0.3333333333333333]
Trust scores at iteration 32: [-1.1124548142175215, 0.30109703146498595, -0.9777651465642567, -0.07510566290646649, -1.9761173218791033, -1.0716260671645534, -2.446643747915654, -1.9654621495914477, -0.4522826282909534, 0.118358277172359]
X.shape (10, 5)
s1 and s2 score at iteration 32
S_1 [0.09530436777102022, 0.056088347153640195, -0.1558487122725931, 0.19873362248856521, 0.10499721387074477, 0.29822420555130086, 0.14579172003501398, -0.21689592012996062, 0.1883113874612727, 0.2515654666797713]
S_2 [0.3333333333333333, 0.25, 0.3333333333333333, 0.3333333333333333, 0.25, 0.3333333333333333, 0.3333333333333333, 0.25, 0.25, 0.3333333333333333]
Trust scores at iteration 33: [-0.7236298908785384, -0.47562331081204595, -1.468106683819054, -0.30775958394142566, -0.5557444533934842, -0.10716260671645535, -0.7046848372857099, -1.5261085358012905, -0.1519301650880277, -0.12897388592337242]
X.shape (10, 5)
s1 and s2 score at iteration 33
S_1 [0.006092225731146341, 0.04980849968821784, -0.22401990772872946, -0.12507649200754742, -0.18364508475305089, -0.25669106643664036, -0.09866663733606545, 0.07526142754109572, 0.051270673600692554, -0.04326684768730853]
S_2 [0.3333333333333333, 0.3333333333333333, 0.5, 0.5, 0.5, 0.5, 0.5, 0.3333333333333333, 0.3333333333333333, 0.3333333333333333]
Trust scores at iteration 34: [-0.5995102232399331, -0.05193650808019404, -3.7257117142830762, -2.426480285093575, -3.1516605637895476, -3.980309375508979, -2.1503553992932622, 0.147389146419871, -0.0020820545166578726, -1.130296063993688]
X.shape (10, 5)
s1 and s2 score at iteration 34
S_1 [-0.3196240197237109, 0.10345300333589033, -0.07734358583324935, -0.1714631290492318, -0.13154215128251348, -0.00772806661956819, 0.012337505739243887, 0.04255554809468351, -0.1758659652992377, 0.10069280145039018]
S_2 [0, 0.3333333333333333, 0.5, 0, 0.5, 0.5, 0.5, 0.3333333333333333, 0.5, 0.3333333333333333]
Trust scores at iteration 35: [-2.840552923434225, 0.2948063491919806, -1.9454296192774994, -1.7343090839479713, -2.3595304763260607, -1.3652620447525816, -1.007704144926052, -0.2150447354192579, -2.4301721858632717, 0.16295773454921136]
X.shape (10, 5)
s1 and s2 score at iteration 35
S_1 [0.2694582030920377, -0.03030047060912961, -0.37989730846257264, 0.23264098017835227, -0.0014279781064404516, 0.375340725541155, 0.28920991150341496, 0.32012386704104895, 0.31016190235108265, -0.024299528667232406]
S_2 [0.2, 0.5, 0.5, 0.2, 0.5, 0.2, 0.2, 0.2, 0.2, 0.5]
Trust scores at iteration 36: [0.002057336210771532, -0.9431744800004499, -2.0054688336763147, 0.02440059752197682, -1.1393770840036754, 0.40347379552474183, 0.23270328191429734, 0.38609536503555214, 0.14069560850833585, -0.9419701548399054]
X.shape (10, 5)
s1 and s2 score at iteration 36
S_1 [0.146410818482122, 0.161598113150242, -0.20016202532236346, -0.2624128369492571, -0.145331491263469, 0.05712955550949718, -0.22654177774458864, 0.04593562164997685, 0.1476736888148616, 0.16495470463009465]
S_2 [0.5, 0.3333333333333333, 0.3333333333333333, 0.3333333333333333, 0.5, 0.3333333333333333, 0.3333333333333333, 0.3333333333333333, 0.3333333333333333, 0.3333333333333333]
Trust scores at iteration 37: [-0.10097051091587629, 0.18736884376931245, -1.8926395471937285, -2.0292957236189895, -1.8068726078955533, -0.247951295687814, -1.8127514053343938, -0.31076372582511047, 0.21978359144737444, 0.20580298451600948]
X.shape (10, 5)
s1 and s2 score at iteration 37
S_1 [-0.026974247936637066, 0.07478218106330384, -0.01384853609236011, -0.015743513989342026, -0.13667297693605754, -0.22380868578831267, 0.08724552759390553, -0.12860918683368922, 0.07612768802008332, -0.13985605523069303]
S_2 [0.3333333333333333, 0.3333333333333333, 0.3333333333333333, 0.3333333333333333, 0, 0.3333333333333333, 0.3333333333333333, 0.3333333333333333, 0, 0.3333333333333333]
Trust scores at iteration 38: [-1.1883557058615224, -0.10983144670993444, -1.2321215065830942, -1.2653351761925027, -1.5905667426925827, -3.2335417526283687, -0.1812751405334394, -2.257772093755568, 0.8072898943902537, -2.322134912046092]
X.shape (10, 5)
s1 and s2 score at iteration 38
S_1 [0.00031629475703500966, 0.1119398280449281, -0.18523147841891136, -0.011240667805144532, -0.02738856378673601, -0.12067545939910818, -0.09034362303960744, 0.014967993046160557, 0.05325835007578264, -0.2557646226154639]
S_2 [0.25, 0.5, 0.3333333333333333, 0.5, 0.25, 0.3333333333333333, 0.3333333333333333, 0.25, 0.25, 0.5]
Trust scores at iteration 39: [-0.5662925500517875, -0.010983144670993445, -2.212479496237135, -1.1169088666020064, -0.8292616525917997, -1.8935889465330462, -1.3444932960609102, -0.555434039506315, 0.05892792368221729, -3.1885696994840194]
X.shape (10, 5)
s1 and s2 score at iteration 39
S_1 [-0.15169067558727192, -0.08050658651646897, -0.06819224049905273, -0.15666049183674902, -0.0498393607812415, -0.15253044064226437, -0.09148782573349824, -0.1569366108132081, -0.05633048065703845, -0.10392981738292527]
S_2 [0.25, 0.3333333333333333, 0.3333333333333333, 0.25, 0.5, 0.25, 0.3333333333333333, 0.25, 0.5, 0.5]
Trust scores at iteration 40: [2.2326034696634856, 0.8526909542767522, 0.4101686553871394, 2.2672868619095903, -0.08292616525917998, 2.115038321245706, 0.9176393382553784, 2.3284205056556933, 0.12310954227517598, 0.6579093885767673]
X.shape (10, 5)
s1 and s2 score at iteration 40
S_1 [0.08403780255259197, 0.15608225440410262, 0.16717836361301497, -0.06637053957766999, 0.1864264265164437, 0.29001623638521135, 0.158871028190847, -0.4865946418420827, 0.26067092272921216, 0.09829051151340158]
S_2 [0.25, 0.5, 0.3333333333333333, 0.5, 0.25, 0.25, 0.3333333333333333, 0, 0.25, 0.3333333333333333]
Trust scores at iteration 41: [0.03405271928329909, -0.330364819712479, -0.04018277649834186, -0.8792373189004337, 0.1202397648195943, 0.6615038321245705, -0.015215650649018114, -1.2771947084667463, 0.37124438974966056, -0.22918662010711405]
X.shape (10, 5)
s1 and s2 score at iteration 41
S_1 [0.16866839794238528, 0.20698956548566755, -0.010325488876770872, 0.2143830226210802, 0.2182213527507631, -0.31168615020790613, -0.21458973992149266, 0.11552052334201852, 0.16124340942991428, -0.15703760470197092]
S_2 [0.3333333333333333, 0.3333333333333333, 0.3333333333333333, 0.3333333333333333, 0.3333333333333333, 0.5, 0.3333333333333333, 0.5, 0.3333333333333333, 0.3333333333333333]
Trust scores at iteration 42: [0.09903636501170793, 0.22064078924367617, -0.6466032028734786, 0.19624602476681285, 0.31202397648195945, -2.1193220586502908, -1.4865438761030136, -0.5512836422842788, 0.10213300324991825, -1.270581424843986]
X.shape (10, 5)
s1 and s2 score at iteration 42
S_1 [0.047623427151081, 0.2025186700216766, 0.022318004093566508, 0.16150380832503247, 0.07902102727795547, -0.12665367251519546, 0.05712891459004029, -0.15249523737667553, -0.08926839099744524, -0.29452321433327655]
S_2 [0.3333333333333333, 0.3333333333333333, 0.3333333333333333, 0.3333333333333333, 0.3333333333333333, 0.5, 0.3333333333333333, 0.5, 0.5, 0]
Trust scores at iteration 43: [-0.37845619999496427, 0.32206407892436767, -0.5654783353273443, 0.13735313326829332, -0.21762541391827483, -1.674785523297319, -0.49477150794526625, -1.6328224929935333, -1.2864985282145762, -1.435929531337471]
X.shape (10, 5)
s1 and s2 score at iteration 43
S_1 [0.08659596635927927, 0.027405263853494774, -0.04016045916627734, -0.06710084567191266, 0.029472639477338396, -0.18649134515069837, -0.2683134692517237, -0.19219775856973517, -0.03461058302157037, 0.007269623769366684]
S_2 [0.5, 0.5, 0.3333333333333333, 0, 0.3333333333333333, 0.5, 0.5, 0, 0.5, 0.3333333333333333]
Trust scores at iteration 44: [-0.03784561999949643, -0.5829681146042185, -1.0739392522010074, -0.6836500689687534, -0.3154506351356742, -3.0057005930569582, -3.7380842012045035, -2.160811579881459, -1.388360888208217, -0.6680390714981398]
X.shape (10, 5)
s1 and s2 score at iteration 44
S_1 [0.006015783659579283, -0.14563807783233784, -0.17756373150430804, -0.2430188540198327, -0.15996281374282317, 0.03173796970072128, 0.08387385903181564, -0.12492067980062756, -0.009242985964238571, 0.026655109659989726]
S_2 [0.3333333333333333, 0.3333333333333333, 0.3333333333333333, 0, 0.5, 0.25, 0.25, 0.3333333333333333, 0.25, 0.25]
Trust scores at iteration 45: [-0.5392328011042502, -2.2210515429362205, -2.6127236691783216, -2.67605435304803, -2.648009931475949, -0.4100089707809151, 0.07619157987954966, -2.156529935692741, -0.6880170191349879, -0.23078393655455565]
X.shape (10, 5)
s1 and s2 score at iteration 45
S_1 [-0.05724226736911972, 0.2699216039144956, -0.6092923491007833, -0.081125005820511, 0.387719405204912, 0.35045228110674786, 0.364033868270161, -0.0941500044705332, 0.36519420446965706, 0.30147268473537336]
S_2 [0.5, 0.2, 0, 0, 0.2, 0.2, 0.2, 0.5, 0.2, 0.2]
Trust scores at iteration 46: [-1.0867978278906172, 0.044454776062859275, -1.6756021807709507, -0.45591817967175663, 0.2751990068524051, 0.41249218261282206, 0.4926387186415938, -1.3342002287242878, 0.4189113080891468, 0.3167199982213682]
X.shape (10, 5)
s1 and s2 score at iteration 46
S_1 [-0.019399253570531863, -0.11639728639714801, -0.051230631417300616, -0.04424822033254596, -0.1767354361304361, -0.14206767465400358, -0.04254582146623972, -0.18203773135271792, -0.12225283809877811, -0.04393086700417624]
S_2 [0.3333333333333333, 0.3333333333333333, 0.3333333333333333, 0.5, 0.3333333333333333, 0.3333333333333333, 0.3333333333333333, 0, 0.3333333333333333, 0.5]
Trust scores at iteration 47: [0.19132021721093834, 4.804527360991921, 1.60921000702113, 1.1072396559089368, 7.626902002634412, 6.032271224532099, 1.423115039920515, 8.311954311855356, 5.113632772252066, 1.1697803301250036]
X.shape (10, 5)
s1 and s2 score at iteration 47
S_1 [0.18535839322700742, -0.2994470959288153, 0.2645740613254812, -0.4065515589590755, -0.09774944592218236, 0.1744129617523545, 0.22384511321509207, -0.0679565227738499, 0.11788771112925062, 0.13104111530083812]
S_2 [0.25, 0.5, 0.25, 0.5, 0.5, 0.25, 0.25, 0.5, 0.3333333333333333, 0.25]
Trust scores at iteration 48: [0.19966455793627547, -1.4381746568725993, 0.6109210007021131, -2.1722400378721636, -0.46982350455411903, 0.7465266499681585, 0.4537640851116509, -0.29997186537428977, 0.31238119819895527, 0.11273981018712378]
X.shape (10, 5)
s1 and s2 score at iteration 48
S_1 [-0.1528167857985133, -0.14619780830944787, 0.12237525690055223, -0.11231341594387473, 0.04041595168363459, 0.10951578339879417, -0.21804373388686116, 0.13734482286217464, 0.11626097639116113, 0.10662845467041694]
S_2 [0.5, 0.5, 0.5, 0.5, 0.5, 0.25, 0.5, 0.25, 0.25, 0.25]
Trust scores at iteration 49: [-1.8814189939999793, -2.001829749925607, -0.03700121778990136, -1.8531969530619263, -0.6821426880840624, 0.34229314830665136, -2.283431437381221, 0.420002813462571, 0.34307883992513016, 0.2599942327436472]
X.shape (10, 5)
s1 and s2 score at iteration 49
S_1 [0.151385445461301, 0.21823096732354474, -0.40797939364601626, 0.0965981640014548, -0.15258215486682575, 0.1268096742375321, 0.09432650489409099, 0.23492661264984666, 0.045683964552576124, -0.1331992124438576]
S_2 [0.25, 0.25, 0.5, 0.5, 0.5, 0.3333333333333333, 0.3333333333333333, 0.25, 0.25, 0]
Trust scores at iteration 50: [-0.05818674072989802, 0.18585628158980114, -2.466662487514417, -0.7152537133355201, -1.5527540015836867, -0.07996490298711179, -0.46697985054998736, 0.4920002813462571, -0.24067759707514094, -0.4842845749806542]
X.shape (10, 5)
s1 and s2 score at iteration 50
S_1 [-0.1381252057261909, 0.14665537747003385, -0.24346388649989598, 0.02870718466348155, 0.1205976590015046, -0.355521334973115, 0.27036362201209363, 0.15982205998061993, 0.1312917651445057, 0.1916146951227066]
S_2 [0.3333333333333333, 0.3333333333333333, 0.5, 0.25, 0.25, 0.5, 0.25, 0.3333333333333333, 0.3333333333333333, 0.25]
Trust scores at iteration 51: [-1.0656167942062196, -0.09322058770416419, -1.957121058533895, -0.4259634536285965, -0.2038238576261447, -2.0914737610000596, 0.4033020149450013, -0.01877627388383201, -0.18701713969189082, 0.1394281606630936]
X.shape (10, 5)
s1 and s2 score at iteration 51
S_1 [0.0626350610518341, 0.07380244775149729, 0.017596325002692197, -0.164606379082266, -0.016953629967395467, 0.12140793132248565, 0.09120000941793455, -0.26206148463343987, -0.22141601654033113, 0.02560857333593953]
S_2 [0.25, 0.3333333333333333, 0.3333333333333333, 0.5, 0.3333333333333333, 0.25, 0.25, 0.5, 0.5, 0.25]
Trust scores at iteration 52: [-0.09224642149142061, -0.062222686819865106, -0.6652701130616887, -2.1628275078602455, -0.7460600643495814, 0.24085262389999404, 0.2663981287052759, -2.8445458995592787, -2.5600641251034517, -0.2462201959273151]
X.shape (10, 5)
s1 and s2 score at iteration 52
S_1 [-0.1834437489676726, -0.24443956222133809, -0.09218838142197316, -0.012015295473701025, -0.044961230729321136, -0.07956272590906306, -0.032357081177805655, -0.08158765549522029, -0.04907254811803351, -0.12698551295633206]
S_2 [0.5, 0.5, 0.5, 0.5, 0.5, 0.5, 0.5, 0.5, 0.5, 0.5]
Trust scores at iteration 53: [12.83154223555881, 17.403407026804647, 5.93879990815069, -0.21628275078602455, 2.393193624040938, 5.083693453040686, 1.5503316083628398, 4.926829989471917, 2.5197494940255174, 8.587167508251104]
X.shape (10, 5)
s1 and s2 score at iteration 53
S_1 [-0.17177381435153874, 0.2666198858185283, -0.11094947689311635, 0.2032452655354238, -0.19857258688196083, 0.28730923332561065, -0.1376391942031678, 0.07194029374124351, 0.21574404666670946, 0.00896982716457888]
S_2 [0.3333333333333333, 0.25, 0.5, 0.25, 0.3333333333333333, 0.25, 0.3333333333333333, 0.3333333333333333, 0.25, 0.25]
Trust scores at iteration 54: [0.14507046228260845, 2.1255310460577297, -0.6536707232639264, 0.1650402261894211, -0.9827119107475933, 0.9583693453040687, -0.8761234481908329, 0.11803692724834569, 0.4777960490328027, 0.4368148538852789]
X.shape (10, 5)
s1 and s2 score at iteration 54
S_1 [0.009062466317334553, 0.29755389091645035, 0.32597673128217985, 0.10250598843852492, 0.1520673352853811, 0.2712535634554702, -0.1104819450294712, 0.21055129041338919, 0.11867189830863643, -0.2807505761778044]
S_2 [0.5, 0.25, 0.25, 0.25, 0.25, 0.25, 0.5, 0.25, 0.5, 0]
Trust scores at iteration 55: [-0.8604720890814288, 0.5840795392425664, 0.38463292767360735, -0.150483784357955, -0.1284234270379747, 0.3947499202815126, -1.2926456216895414, 0.1431217537615716, -0.524575203804468, -0.7314521186762877]
X.shape (10, 5)
s1 and s2 score at iteration 55
S_1 [0.3041296478536661, -0.1814026836885424, 0.4418709032949897, 0.048604556349510365, 0.3251980080203729, 0.5227057300239045, 0.31899155797586576, 0.36799914574228937, 0.5057265995349596, 0.29770403896746994]
S_2 [0.25, 0, 0.2, 0.25, 0.25, 0.2, 0.25, 0.2, 0.2, 0.2]
Trust scores at iteration 56: [-0.462393712598122, -0.2539330171843283, 0.0792810724907698, -0.83136056289844, -0.3529131312812428, 0.21947499202815124, -0.4800216790554483, -0.07206318241279622, 0.09830764142607937, -0.28055539377156596]
X.shape (10, 5)
s1 and s2 score at iteration 56
S_1 [-0.20848665296171812, 0.0644338281449964, 0.020940151853867224, -0.3176851768694692, 0.03725939640130012, -0.2600012750654811, 0.07334530813870647, 0.04279440773479685, -0.058969015099699734, -0.08080606289394866]
S_2 [0, 0.3333333333333333, 0.3333333333333333, 0.5, 0.5, 0.5, 0.3333333333333333, 0.5, 0.5, 0]
Trust scores at iteration 57: [-2.604521454016844, 0.1652563908403405, -0.33512107821702314, -4.881363038195939, -0.4780915601765989, -4.068456270270801, 0.2519978320944552, -0.3820879713597061, -1.613761718274438, -1.0196043984673597]
X.shape (10, 5)
s1 and s2 score at iteration 57
S_1 [-0.18458302721239644, -0.04220321509386779, -0.14341205952936376, -0.03488928310164793, -0.12758514570458604, -0.19493841050396418, -0.00411233453416221, -0.11662554880851037, -0.08325489980989115, -0.02272360575997859]
S_2 [0.5, 0.3333333333333333, 0.3333333333333333, 0.3333333333333333, 0.3333333333333333, 0.3333333333333333, 0.3333333333333333, 0.5, 0.3333333333333333, 0.5]
Trust scores at iteration 58: [39.23624299482011, 8.652859227450314, 30.752760702476916, 6.547515545666969, 27.274683574141662, 41.65616439711008, 0.32519978320944554, 24.58573461157872, 17.459274217007497, 3.9711868112066577]
X.shape (10, 5)
s1 and s2 score at iteration 58
S_1 [-0.07360492923279979, 0.19379016628540358, -0.20431519468154186, -0.07636886809842056, 0.1460879101194687, -0.0756103035480927, -0.1553573759811742, 0.04168255273527886, 0.15078956506319227, -0.21205650117541083]
S_2 [0.3333333333333333, 0.25, 0.3333333333333333, 0.3333333333333333, 0.25, 0.3333333333333333, 0.3333333333333333, 0.25, 0.25, 0.5]
Trust scores at iteration 59: [2.9817883973859334, 1.3152859227450315, 1.5263957491349383, -0.2999206282692153, 2.9559296107776962, 3.2144671812235357, -1.2889905145135323, 2.202155510138118, 1.996224093911691, -1.487713804015835]
X.shape (10, 5)
s1 and s2 score at iteration 59
S_1 [0.17380335144838893, -0.02978700878724491, 0.15186407458785586, -0.18042685554056448, -0.09058838925302642, 0.24057905648545694, -0.2597163100845092, -0.06112814786850476, -0.07732369220790897, 0.21902877180429003]
S_2 [0.25, 0.3333333333333333, 0.25, 0.5, 0.3333333333333333, 0.25, 0.5, 0, 0.3333333333333333, 0.25]
Trust scores at iteration 60: [0.4983726620466704, -0.5799038337236467, 0.2707591324749496, -1.6049642418633132, -0.6432958496057666, 0.7714467181223537, -2.0004910199741337, -0.008463262035652369, -0.6896435142671725, 0.22060956448867683]
X.shape (10, 5)
s1 and s2 score at iteration 60
S_1 [-0.3212054475896553, -0.00859358657823576, -0.002508187532957574, 0.01719369236635361, -0.1903982875766538, 0.0657031153442677, 0.06564963747219524, 0.06559088081742061, 0.01617254997067452, -0.30593471054081994]
S_2 [0.3333333333333333, 0.5, 0.5, 0.5, 0.3333333333333333, 0.3333333333333333, 0.3333333333333333, 0.3333333333333333, 0.5, 0.3333333333333333]
Trust scores at iteration 61: [-4.950028726693204, -1.075705165691084, -0.9072811909451111, -0.8249775595383354, -3.272401636355909, 0.37714467181223543, 0.09921835914787591, 0.2976162874239149, -0.7474330755147456, -4.768626776454201]
X.shape (10, 5)
s1 and s2 score at iteration 61
S_1 [0.011908450540192992, 0.18621080731311188, 0.34696007408704244, -0.2020261808761634, -0.10681380857865858, 0.4158373540690455, 0.4125638483989597, 0.40656057546178537, 0.3663095569258219, 0.3027221206998173]
S_2 [0.3333333333333333, 0.16666666666666666, 0.16666666666666666, 0, 0, 0.16666666666666666, 0.16666666666666666, 0.16666666666666666, 0.2, 0.16666666666666666]
Trust scores at iteration 62: [-1.3692293211081152, -0.15455302681763664, 0.21020025139163329, -0.5197445809669543, -0.5584181152556633, 0.4877144671812236, 0.4528369622875183, 0.4596838250895051, 0.17806329822184896, -0.2716788516522457]
X.shape (10, 5)
s1 and s2 score at iteration 62
S_1 [-0.1902725870149863, -0.14151012798567503, 0.07200855500180231, -0.21431207965888194, -0.11563180273472905, 0.08799094861556266, 0.08799094861556268, 0.08799094861556268, -0.16325083721351064, -0.047260954417682986]
S_2 [0, 0.5, 0.5, 0, 0, 0.3333333333333333, 0.3333333333333333, 0.3333333333333333, 0.5, 0.5]
Trust scores at iteration 63: [-2.0830927485275885, -2.3628668511530337, -0.14245308747869811, -2.2440280127833363, -1.2385614446089386, 0.3487714467181221, 0.3452836962287519, 0.34596838250895057, -2.551976253544274, -1.4105682762867233]
X.shape (10, 5)
s1 and s2 score at iteration 63
S_1 [-0.051020823971430346, -0.08019114464026761, -0.07579939360745706, -0.07040042692719578, -0.13432977685589698, 0.07036227382058988, 0.07036227382058986, 0.07036227382058988, 0.04548311148822973, -0.2593015760372428]
S_2 [0.5, 0.5, 0.3333333333333333, 0.3333333333333333, 0.5, 0.3333333333333333, 0.3333333333333333, 0.3333333333333333, 0.3333333333333333, 0.5]
Trust scores at iteration 64: [-1.760913846606241, -2.1620072347420183, -1.5837912108694772, -1.7248908155803284, -2.742060980742487, 0.33487714467181223, 0.334528369622875, 0.3345968382508951, -0.2734256314051906, -4.357769119055897]
X.shape (10, 5)
s1 and s2 score at iteration 64
S_1 [-0.2331363403312919, -0.08167181479981701, 0.05277961437450173, -0.3673752334568124, -0.1018599881542336, 0.13857946938940013, 0.13952179137484258, 0.14091053137280166, -0.1351782546818674, -0.028245711554844805]
S_2 [0.5, 0.5, 0.5, 0.5, 0.5, 0.25, 0.25, 0.25, 0, 0.25]
Trust scores at iteration 65: [-2.5651405299160825, -1.6378411757791251, -0.7212740624779624, -3.4189262632927, -1.8247890491545466, 0.46859914819309, 0.47458291087524124, 0.4834596838250895, -0.8907303314529404, -1.0661831608331775]
X.shape (10, 5)
s1 and s2 score at iteration 65
S_1 [0.012668737937920017, 0.21446969882627506, 0.031980435865923536, -0.2160157609779805, -0.05418986561300399, -0.010732042774579472, -0.004593620497947574, 0.018424390239789843, 0.07666673864807244, 0.027886857478358715]
S_2 [0.5, 0.5, 0.5, 0.5, 0.5, 0.3333333333333333, 0.3333333333333333, 0.3333333333333333, 0.5, 0.5]
Trust scores at iteration 66: [-1.1033509991591703, -0.16378411757791253, -0.8379248012325045, -2.148380516899126, -1.309881094215907, -0.598175997246504, -0.5718183641732344, -0.47433797575244974, -0.6673489613492279, -0.8895939911186387]
X.shape (10, 5)
s1 and s2 score at iteration 66
S_1 [0.09090932942624735, -0.04813232077543717, 0.013057136419082904, 0.22043250391291455, 0.2207697721637224, 0.038346629230333, 0.03811981709553072, 0.037917618034410405, 0.1975199960054047, -0.44153308567264593]
S_2 [0.3333333333333333, 0.3333333333333333, 0.25, 0.25, 0.25, 0.3333333333333333, 0.3333333333333333, 0.3333333333333333, 0.25, 0]
Trust scores at iteration 67: [-0.6397300316507459, -1.1125967992359833, -0.7055631695070318, 0.008787025363199752, 0.09401189057840931, -0.8034920032942401, -0.8017808725546846, -0.7928571275152618, 0.06348401885780487, -1.8889330694687156]
X.shape (10, 5)
s1 and s2 score at iteration 67
S_1 [0.005074731457413236, -0.1075436075740828, 0.3616985112452178, 0.2691097079640287, 0.029555333839265355, 0.22975645512101212, 0.22995798559416514, 0.23060131448725263, 0.06597426404804334, 0.19685866904691351]
S_2 [0.5, 0.3333333333333333, 0.3333333333333333, 0.25, 0.3333333333333333, 0.25, 0.25, 0.25, 0.5, 0.3333333333333333]
Trust scores at iteration 68: [-0.9513457509932361, -0.9788561554619096, 0.22944368304929685, 0.22049367090820893, -0.5170574508636676, 0.0413446363331256, 0.04201720965698183, 0.044510353823440624, -0.7294904644705598, -0.29905772113738016]
X.shape (10, 5)
s1 and s2 score at iteration 68
S_1 [-0.20932173634628626, 0.14616226605313343, 0.2290722624306883, -0.48875469649944125, 0.17634917252147841, 0.3317468692428197, 0.32864288170846134, 0.3236669174213598, -0.02850887165149564, -0.005469649685490414]
S_2 [0.5, 0.25, 0.25, 0.5, 0.25, 0.25, 0.25, 0.25, 0.25, 0.5]
Trust scores at iteration 69: [-1.5630059860387504, -0.15136027757371437, 0.19439721474224894, -2.2038990219730437, -0.023285992002997573, 0.45413446363331256, 0.4457808765209605, 0.4325308386494812, -0.6002911010831946, -0.944744449350322]
X.shape (10, 5)
s1 and s2 score at iteration 69
S_1 [-0.12029787454962183, 0.1688086224664975, -0.07081258752357233, -0.44183181502859054, 0.05590041413598528, 0.2580529634762212, 0.2565342884089598, 0.25365210365714563, 0.061778253573777836, -0.10336496720111847]
S_2 [0.5, 0.5, 0.5, 0, 0.25, 0.25, 0.25, 0.25, 0.5, 0]
Trust scores at iteration 70: [-1.4758582182342972, -0.32638960077108564, -1.127530233502044, -1.7613473404263509, -0.2573671771547719, 0.4954134463633313, 0.48928147124388655, 0.4779043981385276, -0.7445678053148813, -0.45497590644829605]
X.shape (10, 5)
s1 and s2 score at iteration 70
S_1 [-0.04608528890899834, -0.1785165697325506, -0.08050279473270809, 0.20225683187397736, 0.1456755773932528, 0.1947423052585592, 0.1960015948803054, 0.19825814124191068, -0.2463926928222355, -0.18506608074340924]
S_2 [0, 0.5, 0.5, 0.25, 0.5, 0.25, 0.25, 0.25, 0.5, 0.5]
Trust scores at iteration 71: [-0.3526555820574966, -1.726999829228876, -1.3709733840081877, 0.27386526595736493, -0.27751129838517447, 0.46610329514641385, 0.47109366933620433, 0.47999711468601547, -2.0708519998444386, -1.769002394541138]
X.shape (10, 5)
s1 and s2 score at iteration 71
S_1 [0.2736713881255482, 0.30579490486974825, 0.3106542850496479, 0.3605701271923152, -0.3157801479029812, 0.3921158360517649, 0.3927051047268002, 0.3862041163848282, -0.17160049468702152, -0.22504251155504512]
S_2 [0.25, 0.16666666666666666, 0.16666666666666666, 0.16666666666666666, 0, 0.16666666666666666, 0.16666666666666666, 0.16666666666666666, 0.5, 0.5]
Trust scores at iteration 72: [0.14193344264335822, 0.22811956607237485, 0.27485891879932495, 0.5537397126559054, -0.7514548191765992, 0.6452598459045527, 0.6471093669336205, 0.6331007721949571, -1.5003585324657254, -1.5926517740323156]
X.shape (10, 5)
s1 and s2 score at iteration 72
S_1 [0.2818780975176398, 0.3682225903382268, -0.2913639939393693, 0.2968667615027043, 0.08868602816229766, 0.42871432226977785, 0.43290572308513625, 0.43881714516338427, -0.4340550865898684, 0.27304130283978306]
S_2 [0.16666666666666666, 0.16666666666666666, 0.5, 0.16666666666666666, 0.2, 0.16666666666666666, 0.16666666666666666, 0.16666666666666666, 0.5, 0.2]
Trust scores at iteration 73: [0.29231635190438515, 0.4780247712319128, -1.4700923874459526, 0.36423825174614255, -0.2532532604632098, 0.6438054163436053, 0.6525867981334561, 0.6633100772194958, -1.940269022658017, 0.0407338455709271]
X.shape (10, 5)
s1 and s2 score at iteration 73
S_1 [-0.30775219777927343, -0.07100594940395234, 0.0320121077771207, -0.0038543180385903148, -0.011413920631229047, 0.13724349870891533, 0.137224425429982, 0.13711347662263046, -0.06386375398763966, -0.10835061107094421]
S_2 [0.5, 0.3333333333333333, 0.3333333333333333, 0.3333333333333333, 0.5, 0.25, 0.25, 0.25, 0.5, 0.25]
Trust scores at iteration 74: [-2.888911159236542, -1.0178323621568555, -0.537083834113847, -0.5888515887237779, -1.0001742526967083, 0.5143805416343605, 0.5151336032071568, 0.5154783634892011, -1.512825454689633, -1.1564560822752419]
X.shape (10, 5)
s1 and s2 score at iteration 74
S_1 [0.05336623147249572, 0.40742325082357583, 0.2709590388712625, 0.2995099608423235, 0.009965581666003785, 0.1481779902827022, 0.14601493537577265, 0.14224638700318432, -0.13113958535850193, 0.2430910039839959]
S_2 [0.3333333333333333, 0.25, 0.25, 0.25, 0.3333333333333333, 0.3333333333333333, 0.3333333333333333, 0.3333333333333333, 0, 0.25]
Trust scores at iteration 75: [-1.0710048435320862, 0.12321676378431445, -0.1301585105428505, -0.07226615648800792, -0.9780034054971782, -0.52123602375221, -0.5259389167092456, -0.5342291828956138, -0.4409705458078534, -0.25365636388924706]
X.shape (10, 5)
s1 and s2 score at iteration 75
S_1 [0.38558967446735715, 0.13108744194828906, 0.32848096082901795, 0.4347901725702604, -0.716162110838535, 0.44739999669709246, 0.44936810030186286, 0.44061610260832873, 0.3997812620836585, 0.11391802472201351]
S_2 [0.16666666666666666, 0.25, 0.25, 0.16666666666666666, 0, 0.16666666666666666, 0.16666666666666666, 0.16666666666666666, 0.16666666666666666, 0.5]
Trust scores at iteration 76: [0.36516329402247866, -0.17513477040938458, 0.19486988793681137, 0.5635765300359313, -1.5321386910505834, 0.5439346553357658, 0.5474061083290755, 0.529048472272231, 0.4565898113395928, -0.6972092047665195]
X.shape (10, 5)
s1 and s2 score at iteration 76
S_1 [0.08240571984853594, 0.01855625961265485, -0.12821669051156545, 0.1465497232035949, 0.14770050257071132, 0.26639114992064683, 0.2619611897439771, 0.25397804937716956, 0.10502403883945984, -0.4365706074456436]
S_2 [0.25, 0.5, 0.5, 0.5, 0.25, 0.25, 0.25, 0.25, 0.5, 0.5]
Trust scores at iteration 77: [-0.13507671944425167, -0.8548213280849233, -1.313691896821637, -0.3485254824814839, -0.10420910729807717, 0.5043934655335766, 0.4897740319499738, 0.46096730353458387, -0.4995182892683414, -2.444670620637942]
X.shape (10, 5)
s1 and s2 score at iteration 77
S_1 [-0.0010838556963870876, -0.0013023473790718294, -0.06302248068271764, 0.05923294752135561, -0.2136242183711499, 0.18271494412037134, 0.18397794766312806, 0.185933696728254, -0.3602317223850981, -0.1072673838617858]
S_2 [0.3333333333333333, 0.3333333333333333, 0.3333333333333333, 0.5, 0.5, 0.25, 0.25, 0.25, 0, 0.25]
Trust scores at iteration 78: [-0.6187540051476748, -0.6917860608311666, -1.0364254200078786, -0.648139307414061, -1.944455084831286, 0.48485918331200484, 0.48951072668833984, 0.4960967303534584, -1.7936301177548453, -1.2136878766571995]
X.shape (10, 5)
s1 and s2 score at iteration 78
S_1 [-0.017769497230795097, -0.07305520674001917, 0.03537308825365245, -0.14836011901177223, 0.14382868104660493, 0.18457371764112046, 0.18251834788767016, 0.18206222777400388, -0.4140885772924718, -0.2240397406639208]
S_2 [0, 0.3333333333333333, 0.3333333333333333, 0.3333333333333333, 0.25, 0.25, 0.25, 0.25, 0.5, 0.5]
Trust scores at iteration 79: [-0.14852125514728354, -1.025403137431935, -0.5311598080820414, -1.3882327837452517, 0.056877597516366646, 0.4984859183312005, 0.48892888315157, 0.4873633959960555, -3.098500537562616, -2.113809082928035]
X.shape (10, 5)
s1 and s2 score at iteration 79
S_1 [0.2177982108742419, 0.06278609560857279, -0.07484179650402041, -0.4097440056486536, 0.1928218378907738, 0.23485673157124046, 0.241916120021763, 0.25126780449490954, 0.08170550245913889, -0.10148672153627834]
S_2 [0.2, 0.3333333333333333, 0.3333333333333333, 0, 0.2, 0.2, 0.2, 0.2, 0.3333333333333333, 0.3333333333333333]
Trust scores at iteration 80: [0.22526528817799504, -0.7776508331298493, -1.2211870016420054, -1.6064589980604478, 0.15634390828025632, 0.3510668244634712, 0.37539669073126625, 0.4087363395996055, -0.9171943656905239, -1.4748896736368369]
X.shape (10, 5)
s1 and s2 score at iteration 80
S_1 [0.34370453257683403, 0.5582022740695767, 0.11610773432619707, -0.5276357381091826, 0.602860154075055, 0.5247555875427292, 0.5247555875427292, 0.5572112942532361, 0.5897696298585114, 0.4820499527093044]
S_2 [0.16666666666666666, 0.14285714285714285, 0.3333333333333333, 0, 0.14285714285714285, 0.14285714285714285, 0.14285714285714285, 0.14285714285714285, 0.14285714285714285, 0.14285714285714285]
Trust scores at iteration 81: [0.08563736758894022, 0.3698516170509258, -0.848783374903066, -0.9483446075218374, 0.5299201051137399, 0.43279137507896726, 0.43522436170574674, 0.48701091686913023, 0.4030236496042351, 0.1864411860274903]
X.shape (10, 5)
s1 and s2 score at iteration 81
S_1 [0.16077066534571927, 0.02291308017776152, 0.12859637327163753, -0.00224833407889325, -0.3449095695083113, -0.22008560057553195, 0.07214116638140038, 0.12245705372734281, -0.22889525854060425, 0.11549809021565853]
S_2 [0.3333333333333333, 0.3333333333333333, 0.3333333333333333, 0.3333333333333333, 0, 0.5, 0.3333333333333333, 0.3333333333333333, 0.5, 0.3333333333333333]
Trust scores at iteration 82: [0.3085637367588941, -0.4347465866481249, 0.035008811670859855, -0.7074207162525425, -1.8778242356611465, -2.088768015447752, -0.15262870493690278, 0.13422010796772144, -2.1410615719465462, 0.06520660542560054]
X.shape (10, 5)
s1 and s2 score at iteration 82
S_1 [-0.11817995437869182, -0.06757823544738048, -0.01701985099756207, -0.1703538959876407, -0.14052749767744213, -0.09291383526352003, -0.0759655035757317, -0.06496401342446032, -0.1777828131046428, -0.023997089559275406]
S_2 [0.5, 0.3333333333333333, 0.3333333333333333, 0.5, 0.3333333333333333, 0.3333333333333333, 0.5, 0.3333333333333333, 0.5, 0.3333333333333333]
Trust scores at iteration 83: [5.380144863690165, 2.9300238350267227, 0.303500881167086, 8.037474651942892, 6.6432313924663635, 4.104353740200045, 3.1017495715042878, 2.848681937008183, 8.286947460554268, 0.6754730506922437]
X.shape (10, 5)
s1 and s2 score at iteration 83
S_1 [0.19320873397948088, 0.3282446406889123, 0.27194053537511687, -0.27941009776845244, 0.2611609295377864, 0.22767822701883603, 0.2569247268191053, -0.2114913150733556, -0.24996897096537335, -0.06508766079674155]
S_2 [0.2, 0.2, 0.2, 0, 0.25, 0.2, 0.2, 0.3333333333333333, 0.3333333333333333, 0.3333333333333333]
Trust scores at iteration 84: [0.5277652850921303, 0.6530023835026721, 0.23597225981138384, 0.03764481851031087, 0.705389168811357, 0.4946966076136167, 0.47462592290539074, -1.1950108354480942, -0.7566845289775785, -1.010913779913377]
X.shape (10, 5)
s1 and s2 score at iteration 84
S_1 [-0.03340480550196126, 0.12723227528605202, -0.09239558591066406, 0.08997298758732447, 0.10840733030648224, -0.2675790017149987, 0.01232670161774382, -0.1414432211418142, -0.18994610018808553, -0.015118001635415941]
S_2 [0.3333333333333333, 0.5, 0.5, 0.5, 0.5, 0, 0.5, 0.3333333333333333, 0.5, 0.3333333333333333]
Trust scores at iteration 85: [-0.7835182707795093, 0.06530023835026721, -1.529979290925761, -0.2597956789137032, -0.06262266058434358, -1.8432977286613998, -0.7653423038647242, -1.720024722231856, -2.31928578415221, -0.8080312361466995]
X.shape (10, 5)
s1 and s2 score at iteration 85
S_1 [-0.11462712634652633, 0.005237207320116449, -0.032029203614885385, 0.03189165502685329, -0.09701528276162605, -0.12518492888045063, -0.23107377066510443, 0.08770734492734432, -0.28498011041479704, 0.03524358070009592]
S_2 [0.5, 0.5, 0.3333333333333333, 0.3333333333333333, 0.5, 0, 0.5, 0.3333333333333333, 0.5, 0.3333333333333333]
Trust scores at iteration 86: [-2.154586426327693, -0.8397289058816418, -1.0816623445674283, -0.29872659326370665, -1.9017747235133153, -1.4689021890729816, -3.347674227508387, 0.12799752777681442, -4.056222998520903, -0.3191547045870259]
X.shape (10, 5)
s1 and s2 score at iteration 86
S_1 [-0.2778377098857985, -0.1663726888984124, 0.004430481190937425, 0.07226219231351914, 0.07767018516826786, 0.019419165891064134, -0.2068640248360756, -0.28857368206710904, 0.023832125659659746, 0.07162967578224115]
S_2 [0.5, 0, 0.5, 0.25, 0.25, 0.25, 0.5, 0.5, 0.25, 0.25]
Trust scores at iteration 87: [-4.334891406382354, -2.011809417360673, -0.956828220221227, 0.3574624511960343, 0.2598225276486685, -0.3718714518721187, -3.6317955996391165, -4.231035636538542, -0.579468547324966, 0.3480903813923485]
X.shape (10, 5)
s1 and s2 score at iteration 87
S_1 [-0.013322407174206815, 0.07978521910919485, 0.06058094750801805, 0.14328676669951018, -0.1301858778801346, -0.07465505339802453, -0.16385591656997545, -0.11658590524571125, -0.20660122274624199, -0.008979526737762157]
S_2 [0.5, 0.5, 0.3333333333333333, 0.5, 0.5, 0.5, 0.3333333333333333, 0.3333333333333333, 0.5, 0.3333333333333333]
Trust scores at iteration 88: [-1.417168650846816, -0.6000411725006937, -0.3151672027984904, 0.035746245119603434, -1.6917296182681034, -1.4061037772382843, -1.992376661062865, -1.7553925051803632, -2.2556319428576197, -0.6215923606091506]
X.shape (10, 5)
s1 and s2 score at iteration 88
S_1 [-0.06574365006607365, 0.13771769164935138, 0.1541255504168304, -0.07587788000879059, -0.025393261361890948, -0.14186557068199726, 0.1209568032035727, -0.13533796369101522, -0.2199299636086736, -0.060233737740470444]
S_2 [0.5, 0.5, 0.5, 0.5, 0.3333333333333333, 0.3333333333333333, 0.5, 0.5, 0.3333333333333333, 0.5]
Trust scores at iteration 89: [-1.425620020008987, -0.15581608905353594, -0.031516720279849045, -1.3395063041414779, -0.9174542504508816, -1.5690195108525757, -0.39292308952374044, -1.865831106686569, -2.1098211691152984, -1.3138878353736976]
X.shape (10, 5)
s1 and s2 score at iteration 89
S_1 [-0.04326143392030944, -0.13712830685070818, 0.004954280920225719, -0.04758881205758506, -0.19724661908448254, -0.12907475416809058, -0.03698216486200496, -0.01605933750960442, -0.18974998848020763, -0.1709178502804243]
S_2 [0.5, 0, 0.25, 0.25, 0.5, 0.5, 0.25, 0.25, 0.5, 0]
Trust scores at iteration 90: [-8.901480613040135, -24.926457304669192, 0.4468483279720151, -9.228985407706352, -36.82377837483316, -24.504760605412212, -7.207512149883001, -3.5539396335170785, -35.581169088950716, -31.180509277369502]
X.shape (10, 5)
s1 and s2 score at iteration 90
S_1 [0.0390420889901805, -0.15688068228139537, 0.1248419812908097, 0.12359758156077302, -0.01464677559005561, 0.23913338014412114, 0.2134073218889578, 0.2625665441873164, -0.1602551710287449, 0.23309101825389142]
S_2 [0.3333333333333333, 0.5, 0.25, 0.25, 0.3333333333333333, 0.25, 0.3333333333333333, 0.25, 0.5, 0.3333333333333333]
Trust scores at iteration 91: [-1.3563233952563283, -3.9303860373680464, 0.022606004207265395, -0.9492428014265624, -4.332582626794348, -2.080797975521487, -0.5892544041720649, 0.09460603664829215, -5.0074239593126455, -2.919084261675936]
X.shape (10, 5)
s1 and s2 score at iteration 91
S_1 [0.3814628418905715, -0.16821968201128593, 0.38201203671614004, 0.2999453402078701, 0.04307492804723403, 0.43542847610215357, 0.3566731372958036, 0.2744593288888054, -0.6642032921977482, 0.3937847964740705]
S_2 [0.2, 0.5, 0.2, 0.2, 0.5, 0.2, 0.2, 0.25, 0, 0.2]
Trust scores at iteration 92: [0.2928244944756664, -1.640736841494316, 0.4318525814556701, 0.16504161782436455, -1.2442254194681985, 0.3319202024478513, 0.31829281971999623, 0.12674871079812194, -1.873603831933743, 0.16201702032414672]
X.shape (10, 5)
s1 and s2 score at iteration 92
S_1 [-0.22816778376048552, 0.133287181440985, 0.13347647518974173, -0.2313168229447452, 0.11125649344095281, -0.20937293270471274, -0.23066126597795641, 0.025770560319508196, 0.039475251505623095, 0.04824445845531514]
S_2 [0.5, 0.2, 0.2, 0.5, 0.3333333333333333, 0.5, 0.5, 0.2, 0.2, 0.2]
Trust scores at iteration 93: [-2.4091984333636027, 0.37464995330324413, 0.5831852581455671, -2.4432099403043006, 0.02575342692348366, -2.278559669829239, -2.4234645560249706, -0.1735603943136817, -0.2811881883960753, -0.018497434665190868]
X.shape (10, 5)
s1 and s2 score at iteration 93
S_1 [-0.14704977221018936, -0.15662888848906917, -0.025075500262187227, 0.06542034825145779, -0.16306201379815133, 0.05720209963678978, 0.0994130911764545, -0.09061968655779677, -0.19730472408381003, -0.038409971844869106]
S_2 [0.5, 0.25, 0.25, 0.25, 0.25, 0.25, 0.25, 0.25, 0.25, 0.3333333333333333]
Trust scores at iteration 94: [-2.4721810829075492, -1.830517264068017, -0.6186933291524239, -0.1020618385253948, -1.9236468598528895, -0.15999771447438474, 0.20765354439750294, -1.2877481722668236, -2.264344853801556, -0.9495803516921859]
X.shape (10, 5)
s1 and s2 score at iteration 94
S_1 [0.10732818650762695, 0.08591496648568116, -0.09039791144254265, 0.2192846526437424, -0.2992085347434318, 0.1255319403997622, 0.07261858214582556, 0.2391471390400174, -0.4649316198904157, 0.15475739038251998]
S_2 [0.2, 0.3333333333333333, 0.5, 0.2, 0.5, 0.2, 0.2, 0.2, 0.5, 0.3333333333333333]
Trust scores at iteration 95: [-0.20330205792688008, -0.45972162031603125, -1.3020704351524488, 0.45504386167003646, -2.2183981495260245, 0.09642380348347811, -0.06594379962499218, 0.41122518277331765, -2.8761458119762695, -0.1125481769397983]
X.shape (10, 5)
s1 and s2 score at iteration 95
S_1 [-0.09308789012077869, -0.1388194571141325, 0.058276856969774186, -0.07112557312465874, 0.01110136016283525, 0.10475121441355345, 0.018418019703700612, -0.31897361527443896, 0.17535816938785886, 0.1939075915147995]
S_2 [0.5, 0.5, 0.5, 0.5, 0.25, 0.25, 0.25, 0.5, 0.25, 0.5]
Trust scores at iteration 96: [-1.3523870451057924, -1.59028686073273, -0.7597216496063958, -1.184616860309864, -0.6203141161983627, 0.04583321091726203, -0.3711092393146386, -2.339357186020809, 0.07629038877374, -0.01125481769397983]
X.shape (10, 5)
s1 and s2 score at iteration 96
S_1 [0.05110053668322259, 0.09450723921417414, 0.16946427794201824, 0.12064249781376181, -0.11676982736630606, 0.1596589122514417, -0.1978360502041604, -0.22111375240354628, -0.04409100571934633, -0.09142079072992365]
S_2 [0.3333333333333333, 0.3333333333333333, 0.3333333333333333, 0.3333333333333333, 0.3333333333333333, 0.3333333333333333, 0.3333333333333333, 0.3333333333333333, 0.3333333333333333, 0.5]
Trust scores at iteration 97: [-0.46385122643312937, -0.2571145580594706, 0.22402783503936047, -0.07774702125936181, -1.2821788899316533, 0.25250845771232844, -1.6877892577137878, -2.0082385249509196, -0.8265318452293565, -1.3866479332035742]
X.shape (10, 5)
s1 and s2 score at iteration 97
S_1 [-0.008507949439272753, 0.07736935568786929, -0.004759521688701529, -0.1980867820183547, -0.1477034928337815, -0.10167901769792541, 0.10226309340661291, -0.25407605123307087, 0.09592294911419255, -0.14052815305860702]
S_2 [0.5, 0.3333333333333333, 0.3333333333333333, 0.5, 0.5, 0.3333333333333333, 0.3333333333333333, 0.5, 0.3333333333333333, 0.3333333333333333]
Trust scores at iteration 98: [-1.0212621309585175, 0.05520301489379743, -0.6194849530893555, -2.6511026015437604, -2.3281310748953548, -1.4696088037826036, 0.13122107422862125, -3.336903737156363, 0.16154828960527284, -1.975429040709804]
X.shape (10, 5)
s1 and s2 score at iteration 98
S_1 [0.11862008201941417, 0.2188521526368727, 0.35397343478093524, 0.3938895772634553, -0.12334208723319035, 0.13649349666387145, 0.07486622483864165, -0.48558648582093966, 0.39165304053701316, 0.20876364753300633]
S_2 [0.2, 0.25, 0.25, 0.2, 0.5, 0.2, 0.3333333333333333, 0.5, 0.2, 0.2]
Trust scores at iteration 99: [-0.19109067425480497, 0.05557653232851914, 0.296846937959816, 0.274889739845624, -1.4146379764822559, -0.1950862990528467, -0.4158157313925319, -2.343209036979318, 0.5510445565136594, -0.08053794221072733]
X.shape (10, 5)
s1 and s2 score at iteration 99
S_1 [-0.04503472804787388, -0.05823063377744976, -0.14159519523346198, -0.04265742828526306, -0.044721882759423535, -0.14974685416563924, -0.20142157520369752, -0.17428200485219117, -0.006486254522133423, -0.062006189990614434]
S_2 [0.25, 0.25, 0.25, 0.25, 0.25, 0.25, 0.3333333333333333, 0.25, 0.25, 0.25]
Trust scores at iteration 100: [5.554682913336196, 7.410347032584433, 19.001720633452628, 5.27141881642762, 5.38891934699015, 20.083610435448133, 27.006661448274336, 23.273172063812165, 0.28010445565136594, 7.920612744167824]
