Matplotlib created a temporary config/cache directory at /tmp/matplotlib-2e990w2d because the default path (/users/raysuan/.config/matplotlib) is not a writable directory; it is highly recommended to set the MPLCONFIGDIR environment variable to a writable directory, in particular to speed up the import of Matplotlib and to better support multiprocessing.
Loaded dataset for Tower 2 without noise: 552960 chunks
Loaded dataset for Tower 3 without noise: 535674 chunks
Loaded dataset for Tower 4 without noise: 552958 chunks
Loaded dataset for Tower 5 without noise: 518399 chunks
Loaded dataset for Tower 6 without noise: 518400 chunks
Loaded dataset for Tower 7 with same noise: 518398 chunks
Loaded dataset for Tower 8 with same noise: 518398 chunks
Loaded dataset for Tower 9 with same noise: 518399 chunks
Loaded dataset for Tower 10 with random noise: 518399 chunks
Loaded dataset for Tower 11 with random noise: 518396 chunks
W, alpha, th 0.5 0.85 0.5
X.shape (10, 5)
s1 and s2 score at iteration 0
S_1 [-0.23644800833044707, 0.09262767953290613, 0.13136304836337995, 0.35664460235735335, -0.21665800316667794, 0.31109870123151484, 0.09983120307296116, 0.28183199340158643, 0.22131183124501463, 0.30940559292329084]
S_2 [0, 0.5, 0, 0.25, 0, 0.25, 0.3333333333333333, 0.25, 0.25, 0.25]
Trust scores at iteration 1: [-0.09944690320598033, -0.1110420238015711, 0.055249559713687696, 0.07500000000000001, -0.09112348893041261, 0.05584399673030713, -0.0580123171303747, 0.04353480672582606, 0.018080827432485437, 0.05513189778206866]
X.shape (10, 5)
s1 and s2 score at iteration 1
S_1 [0.056546777769167694, -0.07207536617053481, -0.114551609551739, -0.030524557339044515, -0.13246235988832408, -0.13426905304243741, -0.09462351316748255, -0.016402226113766922, -0.04252486759366132, -0.14449597092374805]
S_2 [0.5, 0.5, 0.5, 0.5, 0.5, 0.5, 0.5, 0.5, 0.5, 0.5]
Trust scores at iteration 2: [-0.08452986772508328, -0.4355779570324061, -0.4069056119047994, -0.16722160937352684, -0.5788340320401939, -0.45870423184325976, -0.4503155229886629, -0.15650512454644228, -0.24743578158315607, -0.4864381648788048]
X.shape (10, 5)
s1 and s2 score at iteration 2
S_1 [0.26038753273556314, 0.05650805022177179, 0.07582527116225439, 0.14778155923535374, 0.35811319726935453, -0.05837312607891801, 0.30731310362760555, -0.413131090649817, 0.36550666763249656, 0.11588839953572647]
S_2 [0.25, 0.3333333333333333, 0, 0.3333333333333333, 0.25, 0.3333333333333333, 0.25, 0, 0.25, 0.3333333333333333]
Trust scores at iteration 3: [-0.0774901484267, -0.49705096824115763, -0.31475189544935095, -0.23149040762005108, -0.4575431278457563, -0.5638542993486276, -0.3691502064808689, -0.3025739061701376, -0.17282041434568265, -0.5159130890605705]
X.shape (10, 5)
s1 and s2 score at iteration 3
S_1 [-0.10599550864155308, 0.17190673336861023, -0.3356889282479486, 0.033658865166877425, -0.12592371610039002, 0.055030236207422305, -0.037528020749355545, -0.2527415581716071, 0.10860080962259998, 0.13445477762781705]
S_2 [0, 0.25, 0, 0.25, 0.5, 0.3333333333333333, 0, 0.5, 0.25, 0.25]
Trust scores at iteration 4: [-0.15835472121677824, -0.347493323004984, -0.5604499136961643, -0.24239725939864967, -0.6487884333881053, -0.5312586319830708, -0.34652335685638497, -0.6277215537572542, -0.12713595963999713, -0.39620543529590935]
X.shape (10, 5)
s1 and s2 score at iteration 4
S_1 [-0.11623178541032114, 0.038483913700062315, 0.02288692077554623, 0.09301188589638928, -0.21611228863968174, 0.07627698441300879, 0.28016176306620133, -0.28972379247424873, 0.27451568400633486, 0.22534493938308298]
S_2 [0, 0.25, 0.5, 0.25, 0, 0.5, 0.3333333333333333, 0.5, 0.25, 0.25]
Trust scores at iteration 5: [-0.19683258846987828, -0.34976484594219504, -0.6141286555390759, -0.23123864462691962, -0.6671777615259687, -0.5607307607294568, -0.24454485332792722, -0.8386828787500886, -0.03608850447661738, -0.2911238197726737]
X.shape (10, 5)
s1 and s2 score at iteration 5
S_1 [0.12132087924551133, -0.03623901170677271, 0.1725534743980518, -0.02320004211150792, 0.14798674754747568, -0.1370614220683717, -0.06511033089699715, 0.046339603255257135, -0.39617577952901734, 0.09181140722686919]
S_2 [0, 0.5, 0.3333333333333333, 0.5, 0.3333333333333333, 0.5, 0.5, 0.5, 0, 0.3333333333333333]
Trust scores at iteration 6: [-0.061843976850386034, -0.47880253750392066, -0.4720093572082145, -0.3667205456791374, -0.53845684826321, -0.7457680567705063, -0.41446325852582344, -0.8225976272926118, -0.37506914574397465, -0.26764398173620463]
X.shape (10, 5)
s1 and s2 score at iteration 6
S_1 [0.18397452379327306, 0.01481522614064277, -0.12556522983690802, 0.08883776960790064, -0.13586438035111997, -0.05116850629291056, 0.01918988880364097, -0.14823414179148062, 0.045397498108148096, -0.1332570390430943]
S_2 [0.3333333333333333, 0.5, 0.5, 0.3333333333333333, 0.5, 0.5, 0.3333333333333333, 0.5, 0.3333333333333333, 0.5]
Trust scores at iteration 7: [-0.0025673803228281195, -0.5449028544005964, -0.6535850876300594, -0.339280340256947, -0.7184626642994749, -0.8256220808186797, -0.43664767233522017, -0.9700677675333547, -0.38179481903788054, -0.486145883432753]
X.shape (10, 5)
s1 and s2 score at iteration 7
S_1 [-0.31197753298957104, 0.09924136811896786, 0.13838056003968502, 0.0736224979533703, -0.037434436816955186, -0.33875896614375295, -0.14650142561132984, -0.00925073177246809, 0.13461490877776677, 0.16797596395036948]
S_2 [0.5, 0.3333333333333333, 0.3333333333333333, 0.3333333333333333, 0, 0.5, 0.5, 0.3333333333333333, 0.3333333333333333, 0.3333333333333333]
Trust scores at iteration 8: [-0.4307735005422664, -0.47454638268308763, -0.5319755733980812, -0.3226445099699141, -0.6441216516123588, -1.1542854114711294, -0.6519740829332425, -0.9328183662247764, -0.3043165148243974, -0.3632240009178401]
X.shape (10, 5)
s1 and s2 score at iteration 8
S_1 [-0.18280961273800245, 0.057614363770606546, -0.20368791155385807, -0.08606565217382342, -0.00762570802848592, -0.10022982027155412, 0.05671649856937284, -0.08602455945726722, -0.10580040886725744, 0.1063617460664008]
S_2 [0, 0.3333333333333333, 0.5, 0, 0.5, 0.3333333333333333, 0.3333333333333333, 0.3333333333333333, 0.3333333333333333, 0.3333333333333333]
Trust scores at iteration 9: [-0.6239704855405219, -0.4221119554293327, -0.8894365254927276, -0.3956246282669269, -0.7082577986277967, -1.222494858403183, -0.5741917433012469, -1.014214453786692, -0.5078773941482231, -0.2587404007801641]
X.shape (10, 5)
s1 and s2 score at iteration 9
S_1 [-0.08299808945522184, 0.03841100752395959, 0.20296106697338853, 0.013896373026928496, -0.0389759786449163, 0.08209056360709083, 0.11849507908013458, 0.2488299953568922, -0.2805719339439934, 0.2917883851303766]
S_2 [0.5, 0.3333333333333333, 0.3333333333333333, 0.5, 0, 0.3333333333333333, 0.3333333333333333, 0.3333333333333333, 0.5, 0.3333333333333333]
Trust scores at iteration 10: [-0.7230418386486667, -0.4390491700802618, -0.7516846110961507, -0.47913720912122415, -0.6220555562401711, -1.096920236588809, -0.5271480764575199, -0.8341659559207885, -0.7259297307082151, -0.16992934066313944]
X.shape (10, 5)
s1 and s2 score at iteration 10
S_1 [-0.06838709105682249, -0.009206699542000263, -0.237181138368335, -0.051152857343564076, -0.004108715987454165, -0.16467948220865905, -0.10987877284485649, 0.006054285203747635, -0.06826906598477685, -0.15508409234563922]
S_2 [0.3333333333333333, 0.3333333333333333, 0.3333333333333333, 0.3333333333333333, 0.5, 0.3333333333333333, 0.3333333333333333, 0, 0.5, 0]
Trust scores at iteration 11: [-2.4089331717439206, -0.7012955070337652, -6.615293795021566, -1.774621623977042, -0.7805441116815686, -5.112454662174545, -3.2704147327591357, -0.5590410625326702, -2.4584637097232247, -3.986778559066794]
X.shape (10, 5)
s1 and s2 score at iteration 11
S_1 [-0.1751772127958285, 0.010487043294947287, -0.2895090908208345, -0.13777971543449857, -0.007627315548877572, 0.03295171394817506, 0.04074839379809004, 0.06730364773666248, 0.0736400456478331, -0.135559147080043]
S_2 [0, 0.5, 0.5, 0.5, 0.5, 0.3333333333333333, 0, 0.3333333333333333, 0.3333333333333333, 0.5]
Trust scores at iteration 12: [-2.4044178243243097, -0.7247397535053269, -6.362710979218688, -1.9390767305188037, -0.8289988423374137, -4.3784659573035425, -2.6968506857885095, -0.43809173500375664, -2.0396941532647412, -3.814886971533358]
X.shape (10, 5)
s1 and s2 score at iteration 12
S_1 [0.13647962062344338, 0.3388153406721433, -0.6236707926467084, 0.04683938292845443, 0.24271863542144376, 0.3296933718456559, 0.2870745954886258, 0.3644533462241685, 0.3187049683358848, -0.14041300819981983]
S_2 [0.5, 0.2, 0, 0.2, 0.5, 0.2, 0.2, 0.2, 0.25, 0.5]
Trust scores at iteration 13: [-2.137583508116715, -0.5365807606360546, -5.664991833949507, -1.6889372872574036, -0.754752017672996, -3.6460024110383213, -2.2341702664639733, -0.2823779747531931, -1.6775689332178547, -3.450444453584702]
X.shape (10, 5)
s1 and s2 score at iteration 13
S_1 [-0.02446346652499546, 0.11889686334515377, -0.23753838291942975, -0.18219512326943837, -0.09046524354470835, 0.03905651128974814, 0.185316561125745, 0.18505552800787375, 0.2510243380626018, 0.15064764532318053]
S_2 [0.5, 0.3333333333333333, 0.5, 0.5, 0.5, 0.3333333333333333, 0.3333333333333333, 0.3333333333333333, 0, 0.5]
Trust scores at iteration 14: [-1.9815641659648269, -0.48504663317365815, -5.107184504506979, -1.6944676853298184, -0.8455968679031873, -3.1757637677694124, -1.8883085150839543, -0.2294410478923853, -1.2759335932351763, -2.9928580409561683]
X.shape (10, 5)
s1 and s2 score at iteration 14
S_1 [0.348645242711139, 0.2171363631423848, 0.23291496530615785, -0.09961784746567073, 0.33665976530195274, -0.40519823569878394, -0.44192578959307205, 0.312976740463877, 0.3243880494207563, 0.19544039402098667]
S_2 [0.16666666666666666, 0.16666666666666666, 0.16666666666666666, 0.3333333333333333, 0.16666666666666666, 0.3333333333333333, 0.3333333333333333, 0.25, 0.16666666666666666, 0.16666666666666666]
Trust scores at iteration 15: [-1.609329541070103, -0.39386959260030546, -4.3158982485438635, -1.6331567925725972, -0.6489139306985792, -3.023730379138008, -1.945194958186293, -0.17287079158898822, -1.019979890524742, -2.5348436926993436]
X.shape (10, 5)
s1 and s2 score at iteration 15
S_1 [0.07779930569517296, 0.005826598151978384, 0.057753604957802435, -0.1294925590070909, -0.08404899594996867, -0.15918083541433678, -0.19508256490525688, -0.26482287509134284, 0.022386506116695085, -0.06063936415896665]
S_2 [0.5, 0.5, 0.5, 0.5, 0, 0.5, 0.5, 0, 0.5, 0.5]
Trust scores at iteration 16: [-1.3679301099095875, -0.47355525239215335, -3.7071623794461055, -1.7878498186192386, -0.7136264799670801, -3.0270774854926055, -2.179542268215038, -0.6575286788630537, -0.9738208775744419, -2.4215321233507807]
X.shape (10, 5)
s1 and s2 score at iteration 16
S_1 [-0.19937493915231502, 0.03012142549350442, -0.22000609043797031, -0.013678452971372913, -0.05223425314899157, -0.02439434945550586, -0.08895056830809712, -0.24966114887238713, -0.004063299361871183, -0.09623271624240443]
S_2 [0.5, 0.25, 0.5, 0.25, 0, 0.25, 0, 0.5, 0.25, 0]
Trust scores at iteration 17: [-2.3055966878100644, -0.3275219645333303, -4.396684031848605, -1.6627889077781899, -0.8667009400840161, -2.769495917426248, -2.2955708818233416, -1.952172951152253, -0.9229823428836331, -2.5375262193828028]
X.shape (10, 5)
s1 and s2 score at iteration 17
S_1 [-0.11330853965565003, 0.02318711980240633, 0.16883090362086955, -0.18252305527710563, 0.13727869629205897, 0.1812072669446425, -0.09440143521701927, 0.22963177244614316, -0.2350087349170453, -0.013236461425797054]
S_2 [0.5, 0.5, 0.5, 0.5, 0.3333333333333333, 0.3333333333333333, 0, 0.5, 0.5, 0.3333333333333333]
Trust scores at iteration 18: [-2.183772556149628, -0.4132473861604821, -3.776897753024989, -1.6825982290036328, -0.7470226487731972, -2.335703371294215, -2.012900127766438, -1.659347008479415, -1.0880473293216, -2.2655436039806625]
X.shape (10, 5)
s1 and s2 score at iteration 18
S_1 [0.12397904310633587, -0.08814723313727793, 0.13553982980089968, -0.2911434381456189, -0.17666373316152562, 0.0022541671897037263, 0.12829225164320426, 0.032677493683493965, -0.18486621794473382, -0.20105828329183667]
S_2 [0.3333333333333333, 0.3333333333333333, 0.3333333333333333, 0, 0, 0.3333333333333333, 0.3333333333333333, 0.3333333333333333, 0.5, 0.5]
Trust scores at iteration 19: [-1.8190008307745407, -0.5488115662232266, -3.160363090071241, -1.7524127927254243, -0.8304804898375165, -2.0828532108631523, -1.6689859001669571, -1.4742812401678378, -1.2794290414368743, -2.2982204030950486]
X.shape (10, 5)
s1 and s2 score at iteration 19
S_1 [-0.02422469480609167, -0.20179027668427738, 0.13203825419015944, 0.13256357820601578, 0.05635024896020954, -0.03726619930347676, -0.2585467765126654, -0.10788751148000945, -0.10917297842883991, 0.1161839917174544]
S_2 [0.3333333333333333, 0.5, 0.3333333333333333, 0.3333333333333333, 0.3333333333333333, 0.3333333333333333, 0.5, 0.3333333333333333, 0, 0.5]
Trust scores at iteration 20: [-1.6735617361719477, -0.8448220920227892, -2.636903047769192, -1.4395508738166105, -0.7421462770290519, -1.9125931457245444, -1.8611921012773154, -1.4752172821220804, -1.2110474608595827, -1.9720213774428714]
X.shape (10, 5)
s1 and s2 score at iteration 20
S_1 [0.13735077450816563, 0.19594315595656178, 0.03577388800288916, 0.07649939021284136, 0.055348537442234, -0.23135992058716923, -0.20613812946365717, -0.2201493979142217, -0.02304947256268743, -0.011831375517230921]
S_2 [0.3333333333333333, 0.3333333333333333, 0, 0.5, 0.3333333333333333, 0.5, 0, 0.5, 0.5, 0.5]
Trust scores at iteration 21: [-1.4173815926167024, -0.6680987782193708, -2.213981672610214, -1.315055806736045, -0.6884534724771847, -1.9528167038680273, -1.7398178252062544, -1.5724652492199591, -1.1970353616218712, -1.8352754217363836]
X.shape (10, 5)
s1 and s2 score at iteration 21
S_1 [0.04416236735708041, -0.21696016893434897, -0.00963734202777485, 0.07340529341305532, -0.025597408278955142, 0.08707860684262184, 0.12584536993889703, -0.19228513433811634, -0.13867270286069425, -0.22293382161723388]
S_2 [0.5, 0, 0.5, 0.25, 0.25, 0.25, 0.25, 0, 0.5, 0.5]
Trust scores at iteration 22: [-1.3021355072828982, -0.8264872407008994, -2.0433715452010013, -1.1053028062664496, -0.690695999937322, -1.6311018137707345, -1.4038451514253163, -1.5657876058524485, -1.3327694553056166, -1.9757076170867043]
X.shape (10, 5)
s1 and s2 score at iteration 22
S_1 [0.22502584883991966, 0.08450597926062729, 0.31896012230484816, -0.5058222130939792, 0.11726457106294544, -0.36421188433402185, 0.3085669339676763, 0.3021182938724043, 0.2798609591692963, 0.0848369820153177]
S_2 [0.2, 0.25, 0.2, 0.5, 0, 0.5, 0.2, 0.2, 0.2, 0]
Trust scores at iteration 23: [-1.0609904245341204, -0.7377728327104568, -1.646865813420851, -1.3273845576069105, -0.5319446256718945, -1.7077174600071579, -1.1081560688694934, -1.2488398101469225, -1.0612415220281282, -1.6394544892506144]
X.shape (10, 5)
s1 and s2 score at iteration 23
S_1 [0.14062228712238037, 0.17060175123799434, -0.0753179297048876, -0.0256289806539852, 0.25469035130560175, 0.3378956011119017, 0.13753643688196152, 0.29892567646295387, 0.0053464515101570515, 0.15430648587867032]
S_2 [0.5, 0.3333333333333333, 0.3333333333333333, 0.3333333333333333, 0.3333333333333333, 0.3333333333333333, 0.3333333333333333, 0.3333333333333333, 0.3333333333333333, 0.3333333333333333]
Trust scores at iteration 24: [-0.9894162388602684, -0.6513726792389405, -1.5332713854281728, -1.2396541960897705, -0.4390897473045759, -1.401559841006084, -0.9808769198304084, -1.0288135272805121, -0.9996818750588403, -1.4250359482771915]
X.shape (10, 5)
s1 and s2 score at iteration 24
S_1 [0.16962195415737866, -0.38657976739803357, 0.09639820832917756, -0.11073224723507367, 0.18459304943717147, 0.14855634920521846, 0.051424863161055795, -0.45355487943168415, 0.1906522086531687, 0.1356575170511776]
S_2 [0.3333333333333333, 0.5, 0.25, 0, 0.3333333333333333, 0.25, 0, 0.5, 0.25, 0.25]
Trust scores at iteration 25: [-0.8075498383310719, -1.0078172800897027, -1.3024371751886403, -1.1408272031299476, -0.3279934677598821, -1.149445748237585, -0.7932856907321473, -1.3813362071763997, -0.7747295938000143, -1.1795488916010584]
X.shape (10, 5)
s1 and s2 score at iteration 25
S_1 [-0.10052548548737757, -0.14521236555865136, -0.059290462477628286, -0.19073296601895365, -0.07176120019749382, 0.055299224942579, 0.020178336374318144, -0.1986157601446224, -0.05795686246153467, -0.10265931917888434]
S_2 [0.5, 0, 0.3333333333333333, 0.5, 0.3333333333333333, 0.5, 0.5, 0.5, 0, 0.3333333333333333]
Trust scores at iteration 26: [-1.1090942913948623, -1.2505354678550833, -1.3678978922422862, -1.6370692328102945, -0.5734478092081333, -0.9770288860019473, -0.7695587886923407, -1.8628840868154848, -0.8157290374631299, -1.3810815434519705]
X.shape (10, 5)
s1 and s2 score at iteration 26
S_1 [-0.19624686021483537, 0.12156931238743877, 0.052594030916107926, -0.06012554299740702, 0.0966421140869358, 0.08090199573493471, -0.2661135691768699, -0.19375765448914378, 0.01803831726769746, 0.042325484485249004]
S_2 [0.5, 0.25, 0.25, 0.5, 0.25, 0.25, 0.5, 0.5, 0.25, 0.5]
Trust scores at iteration 27: [-1.334872086750075, -0.9879551476768209, -1.17281932620421, -1.6156955918333753, -0.4431874108286317, -0.8056524917448773, -1.132472927554816, -1.9725220714843488, -0.7461128512585579, -1.2716954196697046]
X.shape (10, 5)
s1 and s2 score at iteration 27
S_1 [0.34801028988106375, 0.19691049951627163, 0.22529635533828973, 0.31853858693084, 0.16429351967854952, 0.3206052689543942, 0.022886957935481417, 0.05798495650911595, -0.5035050715375265, -0.06835818160318384]
S_2 [0.25, 0.5, 0.25, 0.25, 0.3333333333333333, 0.25, 0.5, 0, 0, 0.5]
Trust scores at iteration 28: [-1.0596412737375638, -0.9048891697856624, -0.9747888006218116, -1.3110441976869442, -0.40589522080394025, -0.6216167777339546, -1.1027372120338164, -1.6516509840270202, -0.8512175546153411, -1.2604049689630403]
X.shape (10, 5)
s1 and s2 score at iteration 28
S_1 [0.08512966291052308, 0.01998782523291797, -0.1915912376133385, -0.040649286085459035, 0.03191229539530211, 0.001197492187744424, -0.09089650198200942, -0.24657394376677377, -0.18551133718792434, -0.09548846432514124]
S_2 [0.3333333333333333, 0, 0.5, 0.3333333333333333, 0.3333333333333333, 0.5, 0.5, 0.5, 0, 0.5]
Trust scores at iteration 29: [-0.8506950826769292, -0.733936886096727, -1.3161576934863435, -1.2860123425760928, -0.38878089816907785, -0.6762642582614403, -1.2474879045853937, -1.9883710683566753, -1.0504092402775191, -1.389596618366416]
X.shape (10, 5)
s1 and s2 score at iteration 29
S_1 [-0.04617481876160052, -0.06784619935636949, 0.2754181441719499, 0.16318339085420416, -0.19081445444940512, 0.19508693950808653, 0.3134809475325164, 0.1499942631750653, -0.08895956504361838, -0.06801437585753077]
S_2 [0.3333333333333333, 0.3333333333333333, 0.3333333333333333, 0.3333333333333333, 0, 0.3333333333333333, 0.3333333333333333, 0.3333333333333333, 0.5, 0.3333333333333333]
Trust scores at iteration 30: [-0.8451853777557025, -0.7563106224896845, -1.0869470139647937, -1.115027568381135, -0.4217680943534659, -0.5814759131445341, -1.0103647188975846, -1.718343456240211, -1.0854148263647432, -1.3137018670349219]
X.shape (10, 5)
s1 and s2 score at iteration 30
S_1 [-0.16750333405266504, 0.16862423733160933, 0.2817050806849233, 0.1458951161565374, 0.1594894550483113, 0.078757023224508, 0.11458740863417659, -0.3307121891145385, 0.07449837240689162, -0.2152632461180996]
S_2 [0, 0.25, 0.25, 0.25, 0.5, 0.5, 0.5, 0, 0.25, 0]
Trust scores at iteration 31: [-0.8075983661139027, -0.6280763847533977, -0.8489049618700746, -0.9450884039073375, -0.42357924943354425, -0.602318635435799, -0.9477954519597308, -1.6366868390625067, -0.9579343229673464, -1.2312681864169672]
X.shape (10, 5)
s1 and s2 score at iteration 31
S_1 [-0.049236612599056685, 0.09805135071770699, -0.11131628571399024, 0.05726260760933434, -0.14831118095632828, -0.10954947459071987, -0.16606906568681307, -0.10399266207167474, 0.01988991785048078, 0.08684181891918746]
S_2 [0.3333333333333333, 0.5, 0, 0.3333333333333333, 0, 0, 0.5, 0.5, 0.3333333333333333, 0.5]
Trust scores at iteration 32: [-0.8617813052321251, -0.533864927040388, -0.8918620563406686, -0.8157241966894124, -0.5869303852900956, -0.6795607924089749, -1.2096803585154152, -1.7002728945525651, -0.8838163664835599, -1.0637264195155942]
X.shape (10, 5)
s1 and s2 score at iteration 32
S_1 [0.09530436777102022, 0.056088347153640195, -0.1558487122725931, 0.19873362248856521, 0.10499721387074477, 0.29822420555130086, 0.14579172003501398, -0.21689592012996062, 0.1883113874612727, 0.2515654666797713]
S_2 [0.3333333333333333, 0.5, 0.3333333333333333, 0.3333333333333333, 0.5, 0.3333333333333333, 0.3333333333333333, 0.5, 0.5, 0.3333333333333333]
Trust scores at iteration 33: [-0.784578177690104, -0.5755740236440873, -0.9364711094166731, -0.693407070127797, -0.5960796143641769, -0.5276266735476286, -1.0548983818204603, -1.704325680510038, -0.8065275618875146, -0.877635742195023]
X.shape (10, 5)
s1 and s2 score at iteration 33
S_1 [0.006092225731146341, 0.04980849968821784, -0.22401990772872946, -0.12507649200754742, -0.18364508475305089, -0.25669106643664036, -0.09866663733606545, 0.07526142754109572, 0.051270673600692554, -0.04326684768730853]
S_2 [0.3333333333333333, 0.5, 0.5, 0, 0.5, 0.5, 0.5, 0.3333333333333333, 0.3333333333333333, 0.5]
Trust scores at iteration 34: [-0.7547493233952682, -0.5399669495973057, -1.3924839506543674, -0.8386800640585329, -1.0226820252845834, -1.1100815249883733, -1.2433114438081732, -1.3986768284335322, -0.6833632672723632, -0.9822234934326614]
X.shape (10, 5)
s1 and s2 score at iteration 34
S_1 [-0.3196240197237109, 0.10345300333589033, -0.07734358583324935, -0.1714631290492318, -0.13154215128251348, -0.00772806661956819, 0.012337505739243887, 0.04255554809468351, -0.1758659652992377, 0.10069280145039018]
S_2 [0, 0.3333333333333333, 0.5, 0, 0.5, 0.5, 0.5, 0.3333333333333333, 0.5, 0.3333333333333333]
Trust scores at iteration 35: [-1.1049705750710168, -0.40897190715770987, -1.4457544326977443, -0.9614882303561887, -1.2100071248164137, -1.1047744807737312, -1.1889261614030682, -1.2271725791787098, -0.9858527739167764, -0.7888920792596654]
X.shape (10, 5)
s1 and s2 score at iteration 35
S_1 [0.2694582030920377, -0.03030047060912961, -0.37989730846257264, 0.23264098017835227, -0.0014279781064404516, 0.375340725541155, 0.28920991150341496, 0.32012386704104895, 0.31016190235108265, -0.024299528667232406]
S_2 [0.25, 0.5, 0.5, 0.25, 0.5, 0.25, 0.25, 0.3333333333333333, 0.25, 0.5]
Trust scores at iteration 36: [-0.9065395507179986, -0.5097353069039947, -1.5307122464178433, -0.7992930781499646, -1.179076728822463, -0.8640583086576714, -0.9700082877914574, -1.0151633858723237, -0.7890227199801494, -0.8302692554198534]
X.shape (10, 5)
s1 and s2 score at iteration 36
S_1 [0.146410818482122, 0.161598113150242, -0.20016202532236346, -0.2624128369492571, -0.145331491263469, 0.05712955550949718, -0.22654177774458864, 0.04593562164997685, 0.1476736888148616, 0.16495470463009465]
S_2 [0.5, 0.3333333333333333, 0.3333333333333333, 0.3333333333333333, 0, 0.3333333333333333, 0.3333333333333333, 0.3333333333333333, 0.3333333333333333, 0.3333333333333333]
Trust scores at iteration 37: [-0.7874213255331244, -0.3863272955735026, -1.5831208534261831, -1.0180217469893345, -1.1343710360816246, -0.7824993415657354, -1.1305106668770428, -0.9211177550462527, -0.6363836402170369, -0.6557288671068754]
X.shape (10, 5)
s1 and s2 score at iteration 37
S_1 [-0.026974247936637066, 0.07478218106330384, -0.01384853609236011, -0.015743513989342026, -0.13667297693605754, -0.22380868578831267, 0.08724552759390553, -0.12860918683368922, 0.07612768802008332, -0.13985605523069303]
S_2 [0.5, 0, 0.5, 0.5, 0, 0.5, 0.5, 0.5, 0, 0.5]
Trust scores at iteration 38: [-0.8656845691648116, -0.19980625641862146, -1.5194623173895425, -1.0423860855793683, -1.1991952943198854, -1.1999155441741396, -0.9609340668454863, -1.1540660453181575, -0.41004083831022864, -0.9478220721237929]
X.shape (10, 5)
s1 and s2 score at iteration 38
S_1 [0.00031629475703500966, 0.1119398280449281, -0.18523147841891136, -0.011240667805144532, -0.02738856378673601, -0.12067545939910818, -0.09034362303960744, 0.014967993046160557, 0.05325835007578264, -0.2557646226154639]
S_2 [0.3333333333333333, 0.5, 0.3333333333333333, 0.5, 0.3333333333333333, 0.3333333333333333, 0.3333333333333333, 0.3333333333333333, 0.3333333333333333, 0]
Trust scores at iteration 39: [-0.8354080470343624, -0.16983531795582824, -1.6397541940442488, -1.0510907309062558, -1.1560168298923261, -1.2816340077597204, -1.0378549204865912, -1.060898943542227, -0.37716822352316237, -1.148374796018459]
X.shape (10, 5)
s1 and s2 score at iteration 39
S_1 [-0.15169067558727192, -0.08050658651646897, -0.06819224049905273, -0.15666049183674902, -0.0498393607812415, -0.15253044064226437, -0.09148782573349824, -0.1569366108132081, -0.05633048065703845, -0.10392981738292527]
S_2 [0.3333333333333333, 0, 0.5, 0.3333333333333333, 0.5, 0.3333333333333333, 0.5, 0.5, 0.5, 0.5]
Trust scores at iteration 40: [-0.35355805253443057, 0.09793819119485461, -1.3385549641024694, -0.5219308298420189, -0.9826143054084772, -0.730322703945927, -0.7568285711033576, -0.579436783743172, -0.30105686501019563, -0.8133241835281617]
X.shape (10, 5)
s1 and s2 score at iteration 40
S_1 [0.08403780255259197, 0.15608225440410262, 0.16717836361301497, -0.06637053957766999, 0.1864264265164437, 0.29001623638521135, 0.158871028190847, -0.4865946418420827, 0.26067092272921216, 0.09829051151340158]
S_2 [0.3333333333333333, 0.5, 0.5, 0, 0.3333333333333333, 0.3333333333333333, 0.5, 0, 0.3333333333333333, 0.5]
Trust scores at iteration 41: [-0.35705894926810755, 0.013975143325600708, -1.2013049931599418, -0.4779688728809482, -0.8388000960396202, -0.5707742983540379, -0.7111342161836133, -0.7441940593537488, -0.2210760960049758, -0.7904884824930692]
X.shape (10, 5)
s1 and s2 score at iteration 41
S_1 [0.16866839794238528, 0.20698956548566755, -0.010325488876770872, 0.2143830226210802, 0.2182213527507631, -0.31168615020790613, -0.21458973992149266, 0.11552052334201852, 0.16124340942991428, -0.15703760470197092]
S_2 [0.3333333333333333, 0.3333333333333333, 0.5, 0.3333333333333333, 0.3333333333333333, 0.5, 0.5, 0.5, 0.3333333333333333, 0.5]
Trust scores at iteration 42: [-0.28756159136399506, 0.05415841702924795, -1.1782067317232245, -0.3589119158393299, -0.6629800816336772, -0.849403560578057, -0.9019678022624233, -0.7031589790236206, -0.17707992089173738, -0.9298590039246546]
X.shape (10, 5)
s1 and s2 score at iteration 42
S_1 [0.047623427151081, 0.2025186700216766, 0.022318004093566508, 0.16150380832503247, 0.07902102727795547, -0.12665367251519546, 0.05712891459004029, -0.15249523737667553, -0.08926839099744524, -0.29452321433327655]
S_2 [0.5, 0.5, 0.3333333333333333, 0.3333333333333333, 0.5, 0.5, 0.3333333333333333, 0.5, 0.5, 0]
Trust scores at iteration 43: [-0.3591539920754183, 0.046034654474860756, -1.0849453911380735, -0.28545370666482844, -0.6550043713163707, -0.9658019127300634, -0.8243588186455539, -0.8606341536309284, -0.3666365708479048, -1.0085253848114684]
X.shape (10, 5)
s1 and s2 score at iteration 43
S_1 [0.08659596635927927, 0.027405263853494774, -0.04016045916627734, -0.06710084567191266, 0.029472639477338396, -0.18649134515069837, -0.2683134692517237, -0.19219775856973517, -0.03461058302157037, 0.007269623769366684]
S_2 [0.5, 0.5, 0.5, 0, 0.5, 0.5, 0, 0, 0.5, 0.5]
Trust scores at iteration 44: [-0.30528089326410557, -0.06339963077914426, -1.1417688189120747, -0.358866547714368, -0.6557017312428896, -1.2939686326084252, -1.165472837583717, -1.0644605856833067, -0.5215929244518457, -0.9946542634838136]
X.shape (10, 5)
s1 and s2 score at iteration 44
S_1 [0.006015783659579283, -0.14563807783233784, -0.17756373150430804, -0.2430188540198327, -0.15996281374282317, 0.03173796970072128, 0.08387385903181564, -0.12492067980062756, -0.009242985964238571, 0.026655109659989726]
S_2 [0.5, 0.5, 0.5, 0, 0.5, 0.25, 0.25, 0.5, 0.25, 0.25]
Trust scores at iteration 45: [-0.39873013245853983, -0.4643488080749058, -1.4380584534016336, -0.7396514565824053, -0.9934239495501864, -1.1181131562963647, -0.9156519119461592, -1.2781996274482432, -0.5348841408364299, -0.8727861288620318]
X.shape (10, 5)
s1 and s2 score at iteration 45
S_1 [-0.05724226736911972, 0.2699216039144956, -0.6092923491007833, -0.081125005820511, 0.387719405204912, 0.35045228110674786, 0.364033868270161, -0.0941500044705332, 0.36519420446965706, 0.30147268473537336]
S_2 [0.5, 0.2, 0, 0, 0.2, 0.2, 0.2, 0, 0.2, 0.2]
Trust scores at iteration 46: [-0.5110663705531242, -0.35026983180425636, -1.4580713210335752, -0.6600891954895367, -0.7544103571176585, -0.8748140029034244, -0.6974675317119622, -1.122894222523509, -0.37336601804385783, -0.685235144219923]
X.shape (10, 5)
s1 and s2 score at iteration 46
S_1 [-0.019399253570531863, -0.11639728639714801, -0.051230631417300616, -0.04424822033254596, -0.1767354361304361, -0.14206767465400358, -0.04254582146623972, -0.18203773135271792, -0.12225283809877811, -0.04393086700417624]
S_2 [0.3333333333333333, 0.5, 0.3333333333333333, 0, 0.3333333333333333, 0.3333333333333333, 0.3333333333333333, 0, 0.3333333333333333, 0.5]
Trust scores at iteration 47: [-0.3844064149701556, 0.4522842901973214, -0.9432322520288345, -0.218937237186754, 0.6253148801081856, 0.25491176524389214, -0.3638722072791085, 0.453102299976315, 0.5279291582365795, -0.39276515086979014]
X.shape (10, 5)
s1 and s2 score at iteration 47
S_1 [0.18535839322700742, -0.2994470959288153, 0.2645740613254812, -0.4065515589590755, -0.09774944592218236, 0.1744129617523545, 0.22384511321509207, -0.0679565227738499, 0.11788771112925062, 0.13104111530083812]
S_2 [0.3333333333333333, 0.5, 0.3333333333333333, 0.5, 0.5, 0.3333333333333333, 0.3333333333333333, 0.5, 0.3333333333333333, 0.3333333333333333]
Trust scores at iteration 48: [-0.3216566966887686, 0.06467041450575794, -0.7517474142245093, -0.5665906521859172, 0.32609869728903107, 0.21555825504313308, -0.282382612667309, 0.19660907221989685, 0.41557610466338396, -0.3595567487102177]
X.shape (10, 5)
s1 and s2 score at iteration 48
S_1 [-0.1528167857985133, -0.14619780830944787, 0.12237525690055223, -0.11231341594387473, 0.04041595168363459, 0.10951578339879417, -0.21804373388686116, 0.13734482286217464, 0.11626097639116113, 0.10662845467041694]
S_2 [0.5, 0.5, 0.5, 0.5, 0.5, 0.25, 0.5, 0.25, 0.25, 0.25]
Trust scores at iteration 49: [-0.5903057671510545, -0.25469886170983025, -0.6553341884008517, -0.7542642125704813, 0.17132383642423463, 0.22783126400496906, -0.628159861749277, 0.24211771138691232, 0.4052131423147488, -0.2641698611161959]
X.shape (10, 5)
s1 and s2 score at iteration 49
S_1 [0.151385445461301, 0.21823096732354474, -0.40797939364601626, 0.0965981640014548, -0.15258215486682575, 0.1268096742375321, 0.09432650489409099, 0.23492661264984666, 0.045683964552576124, -0.1331992124438576]
S_2 [0.3333333333333333, 0.3333333333333333, 0, 0.5, 0.5, 0.5, 0.5, 0.3333333333333333, 0.3333333333333333, 0]
Trust scores at iteration 50: [-0.5051007089667131, -0.1771541563562954, -0.8175277877632952, -0.7294469170231304, -0.10179802783528069, 0.12462420476792754, -0.6237086669555296, 0.25580005467887545, 0.2736002574562608, -0.30959171499126964]
X.shape (10, 5)
s1 and s2 score at iteration 50
S_1 [-0.1381252057261909, 0.14665537747003385, -0.24346388649989598, 0.02870718466348155, 0.1205976590015046, -0.355521334973115, 0.27036362201209363, 0.15982205998061993, 0.1312917651445057, 0.1916146951227066]
S_2 [0.3333333333333333, 0.3333333333333333, 0.5, 0.3333333333333333, 0.3333333333333333, 0.5, 0.5, 0.3333333333333333, 0.3333333333333333, 0.5]
Trust scores at iteration 51: [-0.6059686226439112, -0.16921540221337514, -0.9799744212292097, -0.7041028931855016, -0.11961973323795125, -0.2413156377308197, -0.5301523669122001, 0.2061006628073012, 0.20540198884042557, -0.306843521382386]
X.shape (10, 5)
s1 and s2 score at iteration 51
S_1 [0.0626350610518341, 0.07380244775149729, 0.017596325002692197, -0.164606379082266, -0.016953629967395467, 0.12140793132248565, 0.09120000941793455, -0.26206148463343987, -0.22141601654033113, 0.02560857333593953]
S_2 [0.25, 0.3333333333333333, 0.3333333333333333, 0, 0.3333333333333333, 0.25, 0.25, 0.5, 0.5, 0.25]
Trust scores at iteration 52: [-0.512687452925791, -0.15264986322294363, -0.9112379259128781, -0.8018593196239072, -0.22262305301675306, -0.13011829207119674, -0.4129515240069075, -0.29859248197560995, -0.24896871134134874, -0.30417749517396553]
X.shape (10, 5)
s1 and s2 score at iteration 52
S_1 [-0.1834437489676726, -0.24443956222133809, -0.09218838142197316, -0.012015295473701025, -0.044961230729321136, -0.07956272590906306, -0.032357081177805655, -0.08158765549522029, -0.04907254811803351, -0.12698551295633206]
S_2 [0.5, 0.5, 0.5, 0.5, 0.5, 0.5, 0.5, 0.5, 0.5, 0.5]
Trust scores at iteration 53: [1.7043434779644036, 2.771852498841604, 0.22633558288353028, -0.6815804216803211, 0.22207034334840936, 0.7326674835145973, -0.09706016282381935, 0.6147438202253726, 0.2510025797824974, 1.1767473837427687]
X.shape (10, 5)
s1 and s2 score at iteration 53
S_1 [-0.17177381435153874, 0.2666198858185283, -0.11094947689311635, 0.2032452655354238, -0.19857258688196083, 0.28730923332561065, -0.1376391942031678, 0.07194029374124351, 0.21574404666670946, 0.00896982716457888]
S_2 [0.3333333333333333, 0.25, 0, 0.25, 0.3333333333333333, 0.25, 0.3333333333333333, 0.5, 0.25, 0.3333333333333333]
Trust scores at iteration 54: [1.259011329390864, 2.4202730145782407, 0.1344601264378348, -0.548231941550269, -0.014912087012466602, 0.6977673609874078, -0.2543605732380993, 0.41009123524175894, 0.250989042753498, 0.9049182933580481]
X.shape (10, 5)
s1 and s2 score at iteration 54
S_1 [0.009062466317334553, 0.29755389091645035, 0.32597673128217985, 0.10250598843852492, 0.1520673352853811, 0.2712535634554702, -0.1104819450294712, 0.21055129041338919, 0.11867189830863643, -0.2807505761778044]
S_2 [0.5, 0.3333333333333333, 0.25, 0.3333333333333333, 0.25, 0.25, 0.5, 0.25, 0.5, 0]
Trust scores at iteration 55: [0.9243297740972862, 2.09415313483097, 0.1892911074721596, -0.5188284514805448, -0.017700646621132507, 0.6429210877978142, -0.41704536673079406, 0.37046389346161795, 0.11794821822251525, 0.6399916153435383]
X.shape (10, 5)
s1 and s2 score at iteration 55
S_1 [0.3041296478536661, -0.1814026836885424, 0.4418709032949897, 0.048604556349510365, 0.3251980080203729, 0.5227057300239045, 0.31899155797586576, 0.36799914574228937, 0.5057265995349596, 0.29770403896746994]
S_2 [0.3333333333333333, 0, 0.25, 0.3333333333333333, 0.3333333333333333, 0.25, 0.3333333333333333, 0.25, 0.25, 0.25]
Trust scores at iteration 56: [0.7229558907010301, 1.7279733360882268, 0.1752004046385705, -0.5770562145022371, -0.07172401439087019, 0.583982924628142, -0.4129480812022573, 0.30799841647754966, 0.13288351245689234, 0.5169245093913514]
X.shape (10, 5)
s1 and s2 score at iteration 56
S_1 [-0.20848665296171812, 0.0644338281449964, 0.020940151853867224, -0.3176851768694692, 0.03725939640130012, -0.2600012750654811, 0.07334530813870647, 0.04279440773479685, -0.058969015099699734, -0.08080606289394866]
S_2 [0, 0.3333333333333333, 0.3333333333333333, 0.5, 0.5, 0.5, 0.3333333333333333, 0.5, 0, 0]
Trust scores at iteration 57: [0.1881321599697035, 1.5005522844347883, 0.09174547969843488, -1.2902022793112509, -0.13476545340698542, -0.18534847564501533, -0.30100586902191867, 0.19931837848617948, -0.007647761481149137, 0.2741276898009481]
X.shape (10, 5)
s1 and s2 score at iteration 57
S_1 [-0.18458302721239644, -0.04220321509386779, -0.14341205952936376, -0.03488928310164793, -0.12758514570458604, -0.19493841050396418, -0.00411233453416221, -0.11662554880851037, -0.08325489980989115, -0.02272360575997859]
S_2 [0.5, 0.3333333333333333, 0.5, 0.3333333333333333, 0.5, 0.5, 0.3333333333333333, 0.5, 0.3333333333333333, 0.5]
Trust scores at iteration 58: [6.742694859344549, 2.71485837316395, 5.159029126126773, 0.07593670416653087, 4.38919815296395, 6.802955466391265, -0.20585498866863086, 4.273411189832368, 2.9302744675468473, 0.9118664115063716]
X.shape (10, 5)
s1 and s2 score at iteration 58
S_1 [-0.07360492923279979, 0.19379016628540358, -0.20431519468154186, -0.07636886809842056, 0.1460879101194687, -0.0756103035480927, -0.1553573759811742, 0.04168255273527886, 0.15078956506319227, -0.21205650117541083]
S_2 [0.3333333333333333, 0.3333333333333333, 0.3333333333333333, 0.5, 0.3333333333333333, 0.3333333333333333, 0.3333333333333333, 0.3333333333333333, 0.3333333333333333, 0.5]
Trust scores at iteration 59: [5.57431798009352, 2.357629617189357, 4.127028037022298, -0.14456583193110084, 3.743895305579946, 5.623987270017996, -0.3952284891740824, 3.5646631861875537, 2.507449409449977, 0.4609477022576657]
X.shape (10, 5)
s1 and s2 score at iteration 59
S_1 [0.17380335144838893, -0.02978700878724491, 0.15186407458785586, -0.18042685554056448, -0.09058838925302642, 0.24057905648545694, -0.2597163100845092, -0.06112814786850476, -0.07732369220790897, 0.21902877180429003]
S_2 [0.25, 0.5, 0.25, 0.5, 0, 0.25, 0.5, 0, 0.5, 0.25]
Trust scores at iteration 60: [4.771535920130837, 1.8354131036112618, 3.527660424395863, -0.3853763203141677, 3.125829541295698, 4.855389179515297, -0.6478762105517668, 2.991850572751176, 1.9331210107560897, 0.45336903773405923]
X.shape (10, 5)
s1 and s2 score at iteration 60
S_1 [-0.3212054475896553, -0.00859358657823576, -0.002508187532957574, 0.01719369236635361, -0.1903982875766538, 0.0657031153442677, 0.06564963747219524, 0.06559088081742061, 0.01617254997067452, -0.30593471054081994]
S_2 [0.3333333333333333, 0.5, 0.5, 0.5, 0.3333333333333333, 0.3333333333333333, 0.3333333333333333, 0.3333333333333333, 0.5, 0.3333333333333333]
Trust scores at iteration 61: [3.2224945332948995, 1.390482007683119, 2.8427851767043824, -0.4383167281590432, 2.1222764348687875, 4.1770808025880015, -0.5008168687781203, 2.592816755776413, 1.5300747384613382, -0.4130842734098944]
X.shape (10, 5)
s1 and s2 score at iteration 61
S_1 [0.011908450540192992, 0.18621080731311188, 0.34696007408704244, -0.2020261808761634, -0.10681380857865858, 0.4158373540690455, 0.4125638483989597, 0.40656057546178537, 0.3663095569258219, 0.3027221206998173]
S_2 [0.5, 0.25, 0.25, 0, 0, 0.25, 0.25, 0.25, 0.5, 0.5]
Trust scores at iteration 62: [2.593415945227532, 1.1740792881558966, 2.4665221286130823, -0.44544368977070686, 1.7654053110351238, 3.6255186821998016, -0.3518751507326137, 2.2755479418011366, 1.2826979619876915, -0.39192432806621447]
X.shape (10, 5)
s1 and s2 score at iteration 62
S_1 [-0.1902725870149863, -0.14151012798567503, 0.07200855500180231, -0.21431207965888194, -0.11563180273472905, 0.08799094861556266, 0.08799094861556268, 0.08799094861556268, -0.16325083721351064, -0.047260954417682986]
S_2 [0, 0.5, 0.5, 0, 0, 0.3333333333333333, 0.3333333333333333, 0.3333333333333333, 0, 0.5]
Trust scores at iteration 63: [1.8800419173739393, 0.6067321368539671, 2.0692982905514765, -0.743969395419541, 1.3034745755326265, 3.131690879869831, -0.24909387812272163, 1.984215750530966, 0.8119961704617946, -0.5637024107098654]
X.shape (10, 5)
s1 and s2 score at iteration 63
S_1 [-0.051020823971430346, -0.08019114464026761, -0.07579939360745706, -0.07040042692719578, -0.13432977685589698, 0.07036227382058988, 0.07036227382058986, 0.07036227382058988, 0.04548311148822973, -0.2593015760372428]
S_2 [0, 0, 0.5, 0.5, 0.5, 0.3333333333333333, 0.3333333333333333, 0.3333333333333333, 0.5, 0]
Trust scores at iteration 64: [1.489268201142268, 0.3447688913880863, 1.4473125632818205, -0.9324553218236089, 0.6715859164891336, 2.711937247889356, -0.1617297964043134, 1.7365833879513213, 0.6371587438840648, -1.0319324310079232]
X.shape (10, 5)
s1 and s2 score at iteration 64
S_1 [-0.2331363403312919, -0.08167181479981701, 0.05277961437450173, -0.3673752334568124, -0.1018599881542336, 0.13857946938940013, 0.13952179137484258, 0.14091053137280166, -0.1351782546818674, -0.028245711554844805]
S_2 [0.5, 0.5, 0.5, 0, 0.5, 0.3333333333333333, 0.3333333333333333, 0.3333333333333333, 0, 0.5]
Trust scores at iteration 65: [0.8677031134283514, 0.05611348229571944, 1.1363998552243781, -1.1836598871725121, 0.31241753716904713, 2.352665232993604, -0.08894864795817407, 1.526095879758623, 0.39768697091605154, -1.0572102745113328]
X.shape (10, 5)
s1 and s2 score at iteration 65
S_1 [0.012668737937920017, 0.21446969882627506, 0.031980435865923536, -0.2160157609779805, -0.05418986561300399, -0.010732042774579472, -0.004593620497947574, 0.018424390239789843, 0.07666673864807244, 0.027886857478358715]
S_2 [0.5, 0.5, 0.5, 0.5, 0.5, 0.3333333333333333, 0.3333333333333333, 0.3333333333333333, 0.5, 0.5]
Trust scores at iteration 66: [0.5964081553861716, 0.04769645995136152, 0.8383069777766033, -1.3071922191916114, 0.07765454171028133, 1.8922594627002611, -0.17881912664124106, 1.2100675071056697, 0.24165460391132143, -1.0291246791738529]
X.shape (10, 5)
s1 and s2 score at iteration 66
S_1 [0.09090932942624735, -0.04813232077543717, 0.013057136419082904, 0.22043250391291455, 0.2207697721637224, 0.038346629230333, 0.03811981709553072, 0.037917618034410405, 0.1975199960054047, -0.44153308567264593]
S_2 [0.3333333333333333, 0.5, 0.25, 0.25, 0.25, 0.3333333333333333, 0.3333333333333333, 0.3333333333333333, 0.25, 0]
Trust scores at iteration 67: [0.46871444345577445, -0.1421610736210414, 0.6464324828794826, -1.036342540137351, 0.14100636045373915, 1.534474809366957, -0.22609609700128175, 0.9543201593831497, 0.26460956582341116, -1.1747515890239169]
X.shape (10, 5)
s1 and s2 score at iteration 67
S_1 [0.005074731457413236, -0.1075436075740828, 0.3616985112452178, 0.2691097079640287, 0.029555333839265355, 0.22975645512101212, 0.22995798559416514, 0.23060131448725263, 0.06597426404804334, 0.19685866904691351]
S_2 [0, 0.3333333333333333, 0.3333333333333333, 0.25, 0.3333333333333333, 0.25, 0.25, 0.25, 0, 0.3333333333333333]
Trust scores at iteration 68: [0.40051181896604804, -0.3154363251676038, 0.5494676104475602, -0.8817886643881001, -0.017887700267906523, 1.2870858940723382, -0.20931579963234778, 0.7943048132381717, 0.2522783198905095, -1.0668995863687474]
X.shape (10, 5)
s1 and s2 score at iteration 68
S_1 [-0.20932173634628626, 0.14616226605313343, 0.2290722624306883, -0.48875469649944125, 0.17634917252147841, 0.3317468692428197, 0.32864288170846134, 0.3236669174213598, -0.02850887165149564, -0.005469649685490414]
S_2 [0.5, 0.25, 0.25, 0.5, 0.5, 0.25, 0.25, 0.25, 0.5, 0.5]
Trust scores at iteration 69: [0.09578981096456965, -0.27703332006371706, 0.495622943286646, -1.1205117629071957, -0.0854679197138257, 1.1690230099614873, -0.10432190376161855, 0.7465057251303021, 0.051546229467576615, -1.0593377612861992]
X.shape (10, 5)
s1 and s2 score at iteration 69
S_1 [-0.12029787454962183, 0.1688086224664975, -0.07081258752357233, -0.44183181502859054, 0.05590041413598528, 0.2580529634762212, 0.2565342884089598, 0.25365210365714563, 0.061778253573777836, -0.10336496720111847]
S_2 [0.5, 0.5, 0.5, 0, 0, 0.3333333333333333, 0.3333333333333333, 0.3333333333333333, 0.5, 0]
Trust scores at iteration 70: [-0.13850493061851954, -0.28735391755644524, 0.23011784263093757, -1.2092612381759573, -0.04015416141583052, 1.0436695584672642, -0.039556387598744004, 0.6819717520730201, -0.07027548748698687, -0.9605206740121466]
X.shape (10, 5)
s1 and s2 score at iteration 70
S_1 [-0.04608528890899834, -0.1785165697325506, -0.08050279473270809, 0.20225683187397736, 0.1456755773932528, 0.1947423052585592, 0.1960015948803054, 0.19825814124191068, -0.2463926928222355, -0.18506608074340924]
S_2 [0, 0.5, 0.5, 0.25, 0.5, 0.25, 0.25, 0.25, 0.5, 0.5]
Trust scores at iteration 71: [-0.15190748439808607, -0.5266443081149397, -0.014103227206700347, -0.9528720524495637, -0.07609346731507216, 0.9565461164488546, 0.03673799090970356, 0.6517104350740942, -0.39246670091609726, -1.1036933735597094]
X.shape (10, 5)
s1 and s2 score at iteration 71
S_1 [0.2736713881255482, 0.30579490486974825, 0.3106542850496479, 0.3605701271923152, -0.3157801479029812, 0.3921158360517649, 0.3927051047268002, 0.3862041163848282, -0.17160049468702152, -0.22504251155504512]
S_2 [0.25, 0.16666666666666666, 0.16666666666666666, 0.16666666666666666, 0, 0.16666666666666666, 0.16666666666666666, 0.16666666666666666, 0.5, 0.5]
Trust scores at iteration 72: [-0.0995881949301885, -0.38084440373182166, 0.05667163307432867, -0.722215713572101, -0.18529672877415831, 0.9128391183798449, 0.13122729227324803, 0.6514707132673727, -0.5491422511922296, -1.17409795662212]
X.shape (10, 5)
s1 and s2 score at iteration 72
S_1 [0.2818780975176398, 0.3682225903382268, -0.2913639939393693, 0.2968667615027043, 0.08868602816229766, 0.42871432226977785, 0.43290572308513625, 0.43881714516338427, -0.4340550865898684, 0.27304130283978306]
S_2 [0.3333333333333333, 0.2, 0.5, 0.3333333333333333, 0.2, 0.2, 0.2, 0.2, 0.5, 0.2]
Trust scores at iteration 73: [-0.08829613108398532, -0.2578489407346025, -0.20142549177446822, -0.6124059764561939, -0.1871868492156262, 0.8624598225817264, 0.1995225086722765, 0.6437501062772668, -0.7651431084153026, -0.9646500926331089]
X.shape (10, 5)
s1 and s2 score at iteration 73
S_1 [-0.30775219777927343, -0.07100594940395234, 0.0320121077771207, -0.0038543180385903148, -0.011413920631229047, 0.13724349870891533, 0.137224425429982, 0.13711347662263046, -0.06386375398763966, -0.10835061107094421]
S_2 [0, 0.3333333333333333, 0.3333333333333333, 0.3333333333333333, 0, 0.25, 0.25, 0.25, 0, 0.25]
Trust scores at iteration 74: [-0.4114088438258843, -0.44677740617108663, -0.28622410056983993, -0.6747576489708301, -0.17158364294168016, 0.7705908491944674, 0.20707328627040356, 0.584545482963552, -0.7201714008903125, -1.0508741565435318]
X.shape (10, 5)
s1 and s2 score at iteration 74
S_1 [0.05336623147249572, 0.40742325082357583, 0.2709590388712625, 0.2995099608423235, 0.009965581666003785, 0.1481779902827022, 0.14601493537577265, 0.14224638700318432, -0.13113958535850193, 0.2430910039839959]
S_2 [0.3333333333333333, 0.25, 0.25, 0.25, 0.3333333333333333, 0.3333333333333333, 0.3333333333333333, 0.3333333333333333, 0, 0.25]
Trust scores at iteration 75: [-0.4800498051867403, -0.34226079524542363, -0.25603217333960826, -0.5757741678944772, -0.29217709320501273, 0.5595565421626897, 0.07977024715818282, 0.39923415731159684, -0.6604270241465806, -0.9162448256722892]
X.shape (10, 5)
s1 and s2 score at iteration 75
S_1 [0.38558967446735715, 0.13108744194828906, 0.32848096082901795, 0.4347901725702604, -0.716162110838535, 0.44739999669709246, 0.44936810030186286, 0.44061610260832873, 0.3997812620836585, 0.11391802472201351]
S_2 [0.25, 0.25, 0.25, 0.2, 0, 0.2, 0.2, 0.2, 0.2, 0]
Trust scores at iteration 76: [-0.42933170467944803, -0.39716441708991274, -0.2579797241734843, -0.4642741850961836, -0.4874069209744051, 0.5049661037901173, 0.09780471008445539, 0.36642759880848935, -0.5479151595378638, -0.7407820298843782]
X.shape (10, 5)
s1 and s2 score at iteration 76
S_1 [0.08240571984853594, 0.01855625961265485, -0.12821669051156545, 0.1465497232035949, 0.14770050257071132, 0.26639114992064683, 0.2619611897439771, 0.25397804937716956, 0.10502403883945984, -0.4365706074456436]
S_2 [0.25, 0.5, 0.5, 0.5, 0.25, 0.25, 0.25, 0.25, 0.5, 0.5]
Trust scores at iteration 77: [-0.39353079045194744, -0.47714106303375664, -0.441479246483348, -0.46211357991260227, -0.40612842252708076, 0.5042211882215997, 0.1556395737579648, 0.3794738683717761, -0.5565907640075677, -1.0254896754286031]
X.shape (10, 5)
s1 and s2 score at iteration 77
S_1 [-0.0010838556963870876, -0.0013023473790718294, -0.06302248068271764, 0.05923294752135561, -0.2136242183711499, 0.18271494412037134, 0.18397794766312806, 0.185933696728254, -0.3602317223850981, -0.1072673838617858]
S_2 [0.3333333333333333, 0.3333333333333333, 0.3333333333333333, 0.5, 0, 0.3333333333333333, 0.3333333333333333, 0.3333333333333333, 0, 0]
Trust scores at iteration 78: [-0.4353755607513636, -0.5066205582491389, -0.5261000645651317, -0.49501100278669735, -0.5175481881649318, 0.47599131611480094, 0.18071585827649383, 0.37255278811600967, -0.7637151975444344, -0.9582030265465469]
X.shape (10, 5)
s1 and s2 score at iteration 78
S_1 [-0.017769497230795097, -0.07305520674001917, 0.03537308825365245, -0.14836011901177223, 0.14382868104660493, 0.18457371764112046, 0.18251834788767016, 0.18206222777400388, -0.4140885772924718, -0.2240397406639208]
S_2 [0, 0.5, 0.5, 0.5, 0.25, 0.25, 0.25, 0.25, 0.5, 0.5]
Trust scores at iteration 79: [-0.38451020241074507, -0.6399982297365712, -0.5684379325605708, -0.6913291612026671, -0.3980287756069428, 0.4795926186975808, 0.22693811461547575, 0.3896288237253932, -1.1356808388772912, -1.146545955108284]
X.shape (10, 5)
s1 and s2 score at iteration 79
S_1 [0.2177982108742419, 0.06278609560857279, -0.07484179650402041, -0.4097440056486536, 0.1928218378907738, 0.23485673157124046, 0.241916120021763, 0.25126780449490954, 0.08170550245913889, -0.10148672153627834]
S_2 [0.25, 0.3333333333333333, 0.3333333333333333, 0, 0.3333333333333333, 0.25, 0.25, 0.25, 0.3333333333333333, 0.3333333333333333]
Trust scores at iteration 80: [-0.30931410310034607, -0.6565169151738615, -0.6778507461487855, -0.8322357403032541, -0.37321510117779805, 0.4353567646646689, 0.22481469782583927, 0.3686845001665843, -1.0665527650347413, -1.185148856066047]
X.shape (10, 5)
s1 and s2 score at iteration 80
S_1 [0.34370453257683403, 0.5582022740695767, 0.11610773432619707, -0.5276357381091826, 0.602860154075055, 0.5247555875427292, 0.5247555875427292, 0.5572112942532361, 0.5897696298585114, 0.4820499527093044]
S_2 [0.2, 0.14285714285714285, 0.3333333333333333, 0, 0.14285714285714285, 0.14285714285714285, 0.14285714285714285, 0.14285714285714285, 0.14285714285714285, 0.14285714285714285]
Trust scores at iteration 81: [-0.2673985145067707, -0.4834365945037971, -0.6972839133496119, -0.838683497210398, -0.2315185502868426, 0.4363340320704052, 0.25737327525740006, 0.3877380389597916, -0.8241126692506489, -0.9517215020909443]
X.shape (10, 5)
s1 and s2 score at iteration 81
S_1 [0.16077066534571927, 0.02291308017776152, 0.12859637327163753, -0.00224833407889325, -0.3449095695083113, -0.22008560057553195, 0.07214116638140038, 0.12245705372734281, -0.22889525854060425, 0.11549809021565853]
S_2 [0.5, 0.5, 0.3333333333333333, 0.3333333333333333, 0, 0.5, 0.5, 0.3333333333333333, 0.5, 0.5]
Trust scores at iteration 82: [-0.2272887373307551, -0.5395430633870971, -0.5727101348203091, -0.8149786818788981, -0.5185934754392363, 0.015542735100569638, 0.13607542711754378, 0.34383050249595754, -1.0640564250142133, -0.8512028623068274]
X.shape (10, 5)
s1 and s2 score at iteration 82
S_1 [-0.11817995437869182, -0.06757823544738048, -0.01701985099756207, -0.1703538959876407, -0.14052749767744213, -0.09291383526352003, -0.0759655035757317, -0.06496401342446032, -0.1777828131046428, -0.023997089559275406]
S_2 [0.5, 0.5, 0.5, 0.5, 0.5, 0.5, 0.5, 0.5, 0.5, 0.5]
Trust scores at iteration 83: [0.6983526549379042, -0.013028521597109988, -0.4868036145972627, 0.6586375743309612, 0.647697848548729, 0.6820830817929544, 0.6351661867162419, 0.7147992481567991, 0.5123943083627394, -0.662030367935856]
X.shape (10, 5)
s1 and s2 score at iteration 83
S_1 [0.19320873397948088, 0.3282446406889123, 0.27194053537511687, -0.27941009776845244, 0.2611609295377864, 0.22767822701883603, 0.2569247268191053, -0.2114913150733556, -0.24996897096537335, -0.06508766079674155]
S_2 [0.2, 0.2, 0.2, 0, 0.25, 0.2, 0.2, 0.3333333333333333, 0.3333333333333333, 0.3333333333333333]
Trust scores at iteration 84: [0.5918915564844042, 0.048925756642456505, -0.3795127104585607, 0.43215816373398724, 0.5573875095272064, 0.5938141584562799, 0.5672997530012993, 0.36093285607512715, 0.17130528293616087, -0.7424693269092445]
X.shape (10, 5)
s1 and s2 score at iteration 84
S_1 [-0.03340480550196126, 0.12723227528605202, -0.09239558591066406, 0.08997298758732447, 0.10840733030648224, -0.2675790017149987, 0.01232670161774382, -0.1414432211418142, -0.18994610018808553, -0.015118001635415941]
S_2 [0.3333333333333333, 0.5, 0.5, 0.5, 0.5, 0, 0.5, 0.3333333333333333, 0.5, 0.3333333333333333]
Trust scores at iteration 85: [0.3637253564636231, 0.04158689314608803, -0.5815152233742599, 0.3234077457131001, 0.45158578685387885, 0.18928080311737766, 0.34673730735856045, 0.04003898788268362, -0.2283267313800053, -0.7489222375654181]
X.shape (10, 5)
s1 and s2 score at iteration 85
S_1 [-0.11462712634652633, 0.005237207320116449, -0.032029203614885385, 0.03189165502685329, -0.09701528276162605, -0.12518492888045063, -0.23107377066510443, 0.08770734492734432, -0.28498011041479704, 0.03524358070009592]
S_2 [0, 0.5, 0.5, 0.5, 0.5, 0, 0.5, 0.5, 0.5, 0.5]
Trust scores at iteration 86: [0.11312745311912267, -0.10569429577860329, -0.6990653424472629, 0.17943874629407902, 0.0679291759166501, -0.05320672005136928, -0.2504632882655428, 0.03403313970028107, -0.8314601250239515, -0.726309165425998]
X.shape (10, 5)
s1 and s2 score at iteration 86
S_1 [-0.2778377098857985, -0.1663726888984124, 0.004430481190937425, 0.07226219231351914, 0.07767018516826786, 0.019419165891064134, -0.2068640248360756, -0.28857368206710904, 0.023832125659659746, 0.07162967578224115]
S_2 [0.5, 0, 0.5, 0.25, 0.25, 0.25, 0.5, 0.5, 0.25, 0.25]
Trust scores at iteration 87: [-0.5904137921403434, -0.411146239207231, -0.7356492053742542, 0.21707878610370135, 0.1327397995291526, -0.08272258420446732, -0.7623984911737577, -0.6783777294741317, -0.7357154808491714, -0.5540284819702564]
X.shape (10, 5)
s1 and s2 score at iteration 87
S_1 [-0.013322407174206815, 0.07978521910919485, 0.06058094750801805, 0.14328676669951018, -0.1301858778801346, -0.07465505339802453, -0.16385591656997545, -0.11658590524571125, -0.20660122274624199, -0.008979526737762157]
S_2 [0.5, 0.5, 0.3333333333333333, 0.5, 0.5, 0.5, 0.3333333333333333, 0.3333333333333333, 0.5, 0.3333333333333333]
Trust scores at iteration 88: [-0.6657983083540553, -0.415951008453584, -0.6618825546975107, 0.18451696818814614, -0.17345648223904875, -0.2984669685823093, -0.9195715676808529, -0.7986692269740967, -0.9916390067426495, -0.580324442799449]
X.shape (10, 5)
s1 and s2 score at iteration 88
S_1 [-0.06574365006607365, 0.13771769164935138, 0.1541255504168304, -0.07587788000879059, -0.025393261361890948, -0.14186557068199726, 0.1209568032035727, -0.13533796369101522, -0.2199299636086736, -0.060233737740470444]
S_2 [0.5, 0.5, 0.5, 0, 0.3333333333333333, 0.3333333333333333, 0.5, 0.5, 0.3333333333333333, 0.5]
Trust scores at iteration 89: [-0.7799124212549979, -0.36952701915279085, -0.5626001714928841, 0.08299260151768452, -0.2721515580072033, -0.49176511214975416, -0.8139167364316339, -0.9605841522894044, -1.1569361515361747, -0.7018972095983287]
X.shape (10, 5)
s1 and s2 score at iteration 89
S_1 [-0.04326143392030944, -0.13712830685070818, 0.004954280920225719, -0.04758881205758506, -0.19724661908448254, -0.12907475416809058, -0.03698216486200496, -0.01605933750960442, -0.18974998848020763, -0.1709178502804243]
S_2 [0.5, 0, 0.25, 0.25, 0.5, 0.5, 0.25, 0.25, 0.5, 0]
Trust scores at iteration 90: [-2.1227453265732876, -4.465910582240513, -0.4032101457689515, -1.445295418258669, -6.3533343159374684, -4.475976787715117, -1.88653253278866, -1.3777226165873975, -6.87842689081228, -5.771466043797269]
X.shape (10, 5)
s1 and s2 score at iteration 90
S_1 [0.0390420889901805, -0.15688068228139537, 0.1248419812908097, 0.12359758156077302, -0.01464677559005561, 0.23913338014412114, 0.2134073218889578, 0.2625665441873164, -0.1602551710287449, 0.23309101825389142]
S_2 [0.3333333333333333, 0.5, 0.25, 0.25, 0.5, 0.25, 0.3333333333333333, 0.25, 0.5, 0.3333333333333333]
Trust scores at iteration 91: [-1.882029416579347, -4.035647379387957, -0.3464084286685981, -1.23289181562919, -5.558701633432021, -3.7429672553878937, -1.5816365177343217, -1.096064224099288, -6.0882140322600335, -4.87258502621751]
X.shape (10, 5)
s1 and s2 score at iteration 91
S_1 [0.3814628418905715, -0.16821968201128593, 0.38201203671614004, 0.2999453402078701, 0.04307492804723403, 0.43542847610215357, 0.3566731372958036, 0.2744593288888054, -0.6642032921977482, 0.3937847964740705]
S_2 [0.2, 0, 0.2, 0.25, 0.5, 0.2, 0.2, 0.3333333333333333, 0, 0.2]
Trust scores at iteration 92: [-1.528315531758895, -3.4882499787726817, -0.22284850086248442, -1.0196303936236413, -4.860057581215345, -3.0915221670797095, -1.2815213300513064, -0.9371065726288459, -5.4037921667547755, -4.066043031202927]
X.shape (10, 5)
s1 and s2 score at iteration 92
S_1 [-0.22816778376048552, 0.133287181440985, 0.13347647518974173, -0.2313168229447452, 0.11125649344095281, -0.20937293270471274, -0.23066126597795641, 0.025770560319508196, 0.039475251505623095, 0.04824445845531514]
S_2 [0.5, 0.2, 0.2, 0.5, 0.3333333333333333, 0.5, 0.5, 0.2, 0.2, 0.2]
Trust scores at iteration 93: [-1.705481682463589, -2.875225209048, -0.09942122573311175, -1.2766381849278847, -4.106019615887992, -3.013085790363424, -1.4985087702097721, -0.8275797976334347, -4.608861309275342, -3.461919765972089]
X.shape (10, 5)
s1 and s2 score at iteration 93
S_1 [-0.14704977221018936, -0.15662888848906917, -0.025075500262187227, 0.06542034825145779, -0.16306201379815133, 0.05720209963678978, 0.0994130911764545, -0.09061968655779677, -0.19730472408381003, -0.038409971844869106]
S_2 [0.5, 0.3333333333333333, 0.25, 0.25, 0.3333333333333333, 0.25, 0.25, 0.3333333333333333, 0.3333333333333333, 0.3333333333333333]
Trust scores at iteration 94: [-1.8215363033559155, -2.7802718042571906, -0.19734335103430845, -1.061432597937863, -3.836153707262333, -2.549813213057487, -1.1987324546783062, -0.9401748501276621, -4.315236452044366, -3.10058690244722]
X.shape (10, 5)
s1 and s2 score at iteration 94
S_1 [0.10732818650762695, 0.08591496648568116, -0.09039791144254265, 0.2192846526437424, -0.2992085347434318, 0.1255319403997622, 0.07261858214582556, 0.2391471390400174, -0.4649316198904157, 0.15475739038251998]
S_2 [0.25, 0.5, 0.5, 0.25, 0.5, 0.25, 0.25, 0.3333333333333333, 0.5, 0.5]
Trust scores at iteration 95: [-1.5559865161252158, -2.4593426826034834, -0.3744420320853633, -0.8396760339934208, -3.5984028950964393, -2.163603968610378, -1.0483741121540173, -0.7491486226085128, -4.109569538670397, -2.6884305573752334]
X.shape (10, 5)
s1 and s2 score at iteration 95
S_1 [-0.09308789012077869, -0.1388194571141325, 0.058276856969774186, -0.07112557312465874, 0.01110136016283525, 0.10475121441355345, 0.018418019703700612, -0.31897361527443896, 0.17535816938785886, 0.1939075915147995]
S_2 [0.5, 0.5, 0.5, 0.5, 0.3333333333333333, 0.3333333333333333, 0.3333333333333333, 0.5, 0.3333333333333333, 0.5]
Trust scores at iteration 96: [-1.544598011925284, -2.3478270633298157, -0.4231948282877506, -0.9187448366405523, -3.1500548443729333, -1.858031568224002, -0.9768704718896046, -1.0335229466002593, -3.4574832795412758, -2.2851659737689483]
X.shape (10, 5)
s1 and s2 score at iteration 96
S_1 [0.05110053668322259, 0.09450723921417414, 0.16946427794201824, 0.12064249781376181, -0.11676982736630606, 0.1596589122514417, -0.1978360502041604, -0.22111375240354628, -0.04409100571934633, -0.09142079072992365]
S_2 [0.5, 0.3333333333333333, 0.5, 0, 0.5, 0.3333333333333333, 0.5, 0.5, 0.3333333333333333, 0.5]
Trust scores at iteration 97: [-1.4176770637902498, -2.012000649161376, -0.359715604044588, -0.674147333682532, -2.9309045307689625, -1.538005976886968, -1.1554529567365512, -1.2242116390016937, -3.077887601627873, -2.173311486275969]
X.shape (10, 5)
s1 and s2 score at iteration 97
S_1 [-0.008507949439272753, 0.07736935568786929, -0.004759521688701529, -0.1980867820183547, -0.1477034928337815, -0.10167901769792541, 0.10226309340661291, -0.25407605123307087, 0.09592294911419255, -0.14052815305860702]
S_2 [0, 0.3333333333333333, 0.5, 0.5, 0.5, 0, 0.3333333333333333, 0.5, 0.3333333333333333, 0.5]
Trust scores at iteration 98: [-1.2175050056075798, -1.6967148066705455, -0.4627395528701151, -1.0135798835331231, -2.8579210488039832, -1.4564483552795622, -0.9321350132260685, -1.5632598739283181, -2.5755042156956574, -2.2034421378994815]
X.shape (10, 5)
s1 and s2 score at iteration 98
S_1 [0.11862008201941417, 0.2188521526368727, 0.35397343478093524, 0.3938895772634553, -0.12334208723319035, 0.13649349666387145, 0.07486622483864165, -0.48558648582093966, 0.39165304053701316, 0.20876364753300633]
S_2 [0.3333333333333333, 0.25, 0.25, 0.25, 0.5, 0.3333333333333333, 0.5, 0, 0.25, 0.3333333333333333]
Trust scores at iteration 99: [-1.0897066649596017, -1.433864880530107, -0.33352938106147256, -0.7865429010031546, -2.6262037029821723, -1.286002005100059, -0.9138044010447238, -1.5136906700496842, -2.1150302954157865, -1.8934249902378504]
X.shape (10, 5)
s1 and s2 score at iteration 99
S_1 [-0.04503472804787388, -0.05823063377744976, -0.14159519523346198, -0.04265742828526306, -0.044721882759423535, -0.14974685416563924, -0.20142157520369752, -0.17428200485219117, -0.006486254522133423, -0.062006189990614434]
S_2 [0.3333333333333333, 0.3333333333333333, 0.3333333333333333, 0.5, 0.3333333333333333, 0.3333333333333333, 0.5, 0.3333333333333333, 0.3333333333333333, 0.3333333333333333]
Trust scores at iteration 100: [0.01521466491128487, 0.027846414774672645, 2.8910060160405227, 0.16792684122116175, -1.2980426234284503, 2.26991813989052, 3.7313067626809175, 2.643778425042785, -1.7477757511034184, -0.27546681863735656]
