Matplotlib created a temporary config/cache directory at /tmp/matplotlib-q7hfct_5 because the default path (/users/raysuan/.config/matplotlib) is not a writable directory; it is highly recommended to set the MPLCONFIGDIR environment variable to a writable directory, in particular to speed up the import of Matplotlib and to better support multiprocessing.
Loaded dataset for Tower 2 without noise: 552960 chunks
Loaded dataset for Tower 3 without noise: 535674 chunks
Loaded dataset for Tower 4 without noise: 552958 chunks
Loaded dataset for Tower 5 without noise: 518399 chunks
Loaded dataset for Tower 6 without noise: 518400 chunks
Loaded dataset for Tower 7 with same noise: 518398 chunks
Loaded dataset for Tower 8 with same noise: 518398 chunks
Loaded dataset for Tower 9 with same noise: 518399 chunks
Loaded dataset for Tower 10 with random noise: 518399 chunks
Loaded dataset for Tower 11 with random noise: 518396 chunks
W, alpha, th 0.5 0.5 0.5
X.shape (10, 5)
s1 and s2 score at iteration 0
S_1 [-0.23644800833044707, 0.09262767953290613, 0.13136304836337995, 0.35664460235735335, -0.21665800316667794, 0.31109870123151484, 0.09983120307296116, 0.28183199340158643, 0.22131183124501463, 0.30940559292329084]
S_2 [0, 0.5, 0, 0.25, 0, 0.25, 0.3333333333333333, 0.25, 0.25, 0.25]
Trust scores at iteration 1: [-0.33148967735326773, -0.3701400793385703, 0.18416519904562562, 0.25, -0.30374496310137533, 0.1861466557676904, -0.1933743904345823, 0.14511602241942018, 0.06026942477495145, 0.1837729926068955]
X.shape (10, 5)
s1 and s2 score at iteration 1
S_1 [0.056546777769167694, -0.07207536617053481, -0.114551609551739, -0.030524557339044515, -0.13246235988832408, -0.13426905304243741, -0.09462351316748255, -0.016402226113766922, -0.04252486759366132, -0.14449597092374805]
S_2 [0.5, 0.5, 0.5, 0.5, 0.5, 0.5, 0.5, 0.5, 0.5, 0.5]
Trust scores at iteration 2: [-0.16574483867663387, -1.3223774956728538, -1.4208098593486336, -0.6449053645784227, -1.8231360363818312, -1.5941654356628907, -1.4333707066434391, -0.5724743563349379, -0.8458802372817531, -1.685781097008429]
X.shape (10, 5)
s1 and s2 score at iteration 2
S_1 [0.26038753273556314, 0.05650805022177179, 0.07582527116225439, 0.14778155923535374, 0.35811319726935453, -0.05837312607891801, 0.30731310362760555, -0.413131090649817, 0.36550666763249656, 0.11588839953572647]
S_2 [0.25, 0.3333333333333333, 0, 0.3333333333333333, 0.25, 0.3333333333333333, 0.25, 0, 0.25, 0.3333333333333333]
Trust scores at iteration 3: [-0.10167162220624767, -1.083887763715135, -0.6066786807752216, -0.6202928144643888, -0.796682020229554, -1.3769350587709681, -0.6712920597900711, -0.851385679186341, -0.29794011864087655, -1.1843593782161694]
X.shape (10, 5)
s1 and s2 score at iteration 3
S_1 [-0.10599550864155308, 0.17190673336861023, -0.3356889282479486, 0.033658865166877425, -0.12592371610039002, 0.055030236207422305, -0.037528020749355545, -0.2527415581716071, 0.10860080962259998, 0.13445477762781705]
S_2 [0, 0.25, 0, 0.25, 0.5, 0.3333333333333333, 0, 0.5, 0.25, 0.25]
Trust scores at iteration 4: [-0.35912946128340123, -0.2919438818575675, -1.2797086822683303, -0.4622477836375486, -1.2645969258454852, -0.8617424545079418, -0.4447983010538571, -1.6608052846352945, -0.08309875080766121, -0.4511107210894993]
X.shape (10, 5)
s1 and s2 score at iteration 4
S_1 [-0.11623178541032114, 0.038483913700062315, 0.02288692077554623, 0.09301188589638928, -0.21611228863968174, 0.07627698441300879, 0.28016176306620133, -0.28972379247424873, 0.27451568400633486, 0.22534493938308298]
S_2 [0, 0.25, 0.5, 0.25, 0, 0.5, 0.3333333333333333, 0.5, 0.25, 0.25]
Trust scores at iteration 5: [-0.3870016487604232, -0.3272903455553125, -1.0990084374586195, -0.31512713894566563, -1.01799044007634, -0.7947409724001264, -0.05573248386026186, -1.8474678358390557, 0.1983741619874366, -0.07338602644858558]
X.shape (10, 5)
s1 and s2 score at iteration 5
S_1 [0.12132087924551133, -0.03623901170677271, 0.1725534743980518, -0.02320004211150792, 0.14798674754747568, -0.1370614220683717, -0.06511033089699715, 0.046339603255257135, -0.39617577952901734, 0.09181140722686919]
S_2 [0, 0.5, 0.3333333333333333, 0.5, 0.3333333333333333, 0.5, 0.5, 0.5, 0, 0.3333333333333333]
Trust scores at iteration 6: [0.15804492011649002, -0.7686532342878389, -0.3828375520626431, -0.7247892286270186, -0.4135143899252919, -1.2945268533682899, -0.7165333525870818, -1.2894578524363158, -1.0487926421357812, -0.10398879632239948]
X.shape (10, 5)
s1 and s2 score at iteration 6
S_1 [0.18397452379327306, 0.01481522614064277, -0.12556522983690802, 0.08883776960790064, -0.13586438035111997, -0.05116850629291056, 0.01918988880364097, -0.14823414179148062, 0.045397498108148096, -0.1332570390430943]
S_2 [0.3333333333333333, 0.5, 0.5, 0.3333333333333333, 0.5, 0.5, 0.3333333333333333, 0.5, 0.3333333333333333, 0.5]
Trust scores at iteration 7: [0.2456891267249117, -0.8440622755514655, -1.0326758893749117, -0.4542875357457765, -1.0760050058818005, -1.286327535229976, -0.6394463515877751, -1.5475948740002734, -0.7343498049195643, -0.9141560613511299]
X.shape (10, 5)
s1 and s2 score at iteration 7
S_1 [-0.31197753298957104, 0.09924136811896786, 0.13838056003968502, 0.0736224979533703, -0.037434436816955186, -0.33875896614375295, -0.14650142561132984, -0.00925073177246809, 0.13461490877776677, 0.16797596395036948]
S_2 [0.5, 0.3333333333333333, 0.3333333333333333, 0.3333333333333333, 0, 0.5, 0.5, 0.3333333333333333, 0.3333333333333333, 0.3333333333333333]
Trust scores at iteration 8: [-1.3057928608637523, -0.45996099258433526, -0.4377654410625586, -0.3413311703779188, -0.6494304594669174, -2.151519243532493, -1.2558017139549051, -1.1346666497382203, -0.2998112979337787, -0.2904113640088983]
X.shape (10, 5)
s1 and s2 score at iteration 8
S_1 [-0.18280961273800245, 0.057614363770606546, -0.20368791155385807, -0.08606565217382342, -0.00762570802848592, -0.10022982027155412, 0.05671649856937284, -0.08602455945726722, -0.10580040886725744, 0.1063617460664008]
S_2 [0, 0.3333333333333333, 0.5, 0, 0.5, 0.3333333333333333, 0.3333333333333333, 0.3333333333333333, 0.3333333333333333, 0.3333333333333333]
Trust scores at iteration 9: [-1.5122731306971946, -0.29247226345452837, -1.6764070142124743, -0.5752549011639592, -0.8605632122577642, -1.8802671506086561, -0.6946134330040885, -1.30506279985455, -0.9806001707918401, 0.021460984662217547]
X.shape (10, 5)
s1 and s2 score at iteration 9
S_1 [-0.08299808945522184, 0.03841100752395959, 0.20296106697338853, 0.013896373026928496, -0.0389759786449163, 0.08209056360709083, 0.11849507908013458, 0.2488299953568922, -0.2805719339439934, 0.2917883851303766]
S_2 [0.5, 0.3333333333333333, 0.3333333333333333, 0.5, 0, 0.3333333333333333, 0.3333333333333333, 0.3333333333333333, 0.5, 0.3333333333333333]
Trust scores at iteration 10: [-1.3983596518126742, -0.41374949161169405, -0.8237487218640116, -0.7638150342297672, -0.49706969748402824, -1.1327989317913396, -0.4775903653402447, -0.5594769672676092, -1.4710799043366714, 0.17739715899777547]
X.shape (10, 5)
s1 and s2 score at iteration 10
S_1 [-0.06838709105682249, -0.009206699542000263, -0.237181138368335, -0.051152857343564076, -0.004108715987454165, -0.16467948220865905, -0.10987877284485649, 0.006054285203747635, -0.06826906598477685, -0.15508409234563922]
S_2 [0.3333333333333333, 0.3333333333333333, 0.3333333333333333, 0.3333333333333333, 0.5, 0.3333333333333333, 0.3333333333333333, 0, 0.5, 0]
Trust scores at iteration 11: [-6.68033852221485, -1.3005537873576558, -20.33308061289813, -4.939757504528221, -1.0878578116667577, -14.499974336142525, -9.646591408570934, 0.2202615163661954, -6.873618080905807, -12.719096818844863]
X.shape (10, 5)
s1 and s2 score at iteration 11
S_1 [-0.1751772127958285, 0.010487043294947287, -0.2895090908208345, -0.13777971543449857, -0.007627315548877572, 0.03295171394817506, 0.04074839379809004, 0.06730364773666248, 0.0736400456478331, -0.135559147080043]
S_2 [0, 0.5, 0.5, 0.5, 0.5, 0.3333333333333333, 0, 0.3333333333333333, 0.3333333333333333, 0.5]
Trust scores at iteration 12: [-4.5295846889140154, -1.0790721354342498, -12.632244484616923, -3.9053732527251706, -1.0957167305269802, -7.359585482921859, -4.546622914096281, 0.23377465201314085, -3.270142373786237, -7.779965730511041]
X.shape (10, 5)
s1 and s2 score at iteration 12
S_1 [0.13647962062344338, 0.3388153406721433, -0.6236707926467084, 0.04683938292845443, 0.24271863542144376, 0.3296933718456559, 0.2870745954886258, 0.3644533462241685, 0.3187049683358848, -0.14041300819981983]
S_2 [0.5, 0.2, 0, 0.2, 0.5, 0.2, 0.2, 0.2, 0.25, 0.5]
Trust scores at iteration 13: [-2.5775535359271813, -0.27470930157221446, -7.171747247687202, -2.0884268474173204, -0.7148683708841381, -3.4274805658952983, -2.0794687355272745, 0.4168873260065704, -1.447834196702534, -4.582617957860013]
X.shape (10, 5)
s1 and s2 score at iteration 13
S_1 [-0.02446346652499546, 0.11889686334515377, -0.23753838291942975, -0.18219512326943837, -0.09046524354470835, 0.03905651128974814, 0.185316561125745, 0.18505552800787375, 0.2510243380626018, 0.15064764532318053]
S_2 [0.5, 0.3333333333333333, 0.5, 0.5, 0.5, 0.3333333333333333, 0.3333333333333333, 0.3333333333333333, 0, 0.5]
Trust scores at iteration 14: [-1.8375040481823213, -0.2338646062294795, -4.559011776009928, -1.9071167275787446, -1.037626361712538, -1.969279344237114, -1.0039469963955607, 0.24371109849604794, -0.22391709835126705, -2.4912431636272463]
X.shape (10, 5)
s1 and s2 score at iteration 14
S_1 [0.348645242711139, 0.2171363631423848, 0.23291496530615785, -0.09961784746567073, 0.33665976530195274, -0.40519823569878394, -0.44192578959307205, 0.312976740463877, 0.3243880494207563, 0.19544039402098667]
S_2 [0.16666666666666666, 0.16666666666666666, 0.16666666666666666, 0.3333333333333333, 0.16666666666666666, 0.3333333333333333, 0.3333333333333333, 0.25, 0.16666666666666666, 0.16666666666666666]
Trust scores at iteration 15: [-0.6687520240911606, -0.05553215112372646, -2.1954772870480688, -1.5964225639302108, -0.28600182412583536, -2.065743593898583, -1.6357492327475534, 0.195702546313155, 0.10325366324155927, -1.2153361081022929]
X.shape (10, 5)
s1 and s2 score at iteration 15
S_1 [0.07779930569517296, 0.005826598151978384, 0.057753604957802435, -0.1294925590070909, -0.08404899594996867, -0.15918083541433678, -0.19508256490525688, -0.26482287509134284, 0.022386506116695085, -0.06063936415896665]
S_2 [0.5, 0.5, 0.5, 0.5, 0, 0.5, 0.5, 0, 0.5, 0.5]
Trust scores at iteration 16: [-0.3343760120455803, -0.49031973783484223, -1.226568204136773, -2.130433098406876, -0.683166374973877, -2.5558940077002874, -2.571629795562739, -1.6041104135514679, -0.3044997371405914, -1.497384669238941]
X.shape (10, 5)
s1 and s2 score at iteration 16
S_1 [-0.19937493915231502, 0.03012142549350442, -0.22000609043797031, -0.013678452971372913, -0.05223425314899157, -0.02439434945550586, -0.08895056830809712, -0.24966114887238713, -0.004063299361871183, -0.09623271624240443]
S_2 [0.5, 0.25, 0.5, 0.25, 0, 0.25, 0, 0.5, 0.25, 0]
Trust scores at iteration 17: [-3.97670832064584, 0.004840131082578886, -4.765270799799771, -1.5422717557095615, -1.2086446278602652, -1.9328805197085883, -2.762348077249901, -5.446300453837924, -0.4696985250548206, -2.3461053830682674]
X.shape (10, 5)
s1 and s2 score at iteration 17
S_1 [-0.11330853965565003, 0.02318711980240633, 0.16883090362086955, -0.18252305527710563, 0.13727869629205897, 0.1812072669446425, -0.09440143521701927, 0.22963177244614316, -0.2350087349170453, -0.013236461425797054]
S_2 [0.5, 0.5, 0.5, 0.5, 0.3333333333333333, 0.3333333333333333, 0, 0.5, 0.5, 0.3333333333333333]
Trust scores at iteration 18: [-2.7350720653598306, -0.44709232214921507, -2.515023153078801, -1.6685614024953526, -0.6387451462694109, -0.9052130647939749, -1.586723632680276, -2.723150226918962, -1.246557055429116, -1.5352070832184004]
X.shape (10, 5)
s1 and s2 score at iteration 18
S_1 [0.12397904310633587, -0.08814723313727793, 0.13553982980089968, -0.2911434381456189, -0.17666373316152562, 0.0022541671897037263, 0.12829225164320426, 0.032677493683493965, -0.18486621794473382, -0.20105828329183667]
S_2 [0.3333333333333333, 0.3333333333333333, 0.3333333333333333, 0, 0, 0.3333333333333333, 0.3333333333333333, 0.3333333333333333, 0.5, 0.5]
Trust scores at iteration 19: [-1.2435165595044384, -0.8820504543639966, -1.0908449098727337, -1.9082950281554645, -0.9710767010690352, -0.7776243499405526, -0.653431121558421, -1.5743627233272641, -1.8052412327596057, -2.0092980073141513]
X.shape (10, 5)
s1 and s2 score at iteration 19
S_1 [-0.02422469480609167, -0.20179027668427738, 0.13203825419015944, 0.13256357820601578, 0.05635024896020954, -0.03726619930347676, -0.2585467765126654, -0.10788751148000945, -0.10917297842883991, 0.1161839917174544]
S_2 [0.3333333333333333, 0.5, 0.3333333333333333, 0.3333333333333333, 0.3333333333333333, 0.3333333333333333, 0.5, 0.3333333333333333, 0, 0.5]
Trust scores at iteration 20: [-1.0464617131308467, -1.7021327629588203, -0.38073719229848985, -0.7874808474110655, -0.6063312194250604, -0.862705229939826, -1.8018958478972162, -1.5274421215950258, -1.314396535173935, -1.0664291196973428]
X.shape (10, 5)
s1 and s2 score at iteration 20
S_1 [0.13735077450816563, 0.19594315595656178, 0.03577388800288916, 0.07649939021284136, 0.055348537442234, -0.23135992058716923, -0.20613812946365717, -0.2201493979142217, -0.02304947256268743, -0.011831375517230921]
S_2 [0.3333333333333333, 0.3333333333333333, 0, 0.5, 0.3333333333333333, 0.5, 0, 0.5, 0.5, 0.5]
Trust scores at iteration 21: [-0.5060779128005797, -0.6843997148127434, -0.09908220283724838, -0.6985323036786195, -0.49526273305416546, -1.5217277149771287, -1.4269630543503955, -1.8254895921848153, -1.2160150005577206, -1.0634053962151475]
X.shape (10, 5)
s1 and s2 score at iteration 21
S_1 [0.04416236735708041, -0.21696016893434897, -0.00963734202777485, 0.07340529341305532, -0.025597408278955142, 0.08707860684262184, 0.12584536993889703, -0.19228513433811634, -0.13867270286069425, -0.22293382161723388]
S_2 [0.5, 0, 0.5, 0.25, 0.25, 0.25, 0.25, 0, 0.5, 0.5]
Trust scores at iteration 22: [-0.5775761349292933, -1.2042107881211521, -0.5878315130263543, -0.307617386975348, -0.5993331942994661, -0.664889242431602, -0.46348152717519775, -1.6767186094773519, -1.6589721600356135, -1.9174477268101677]
X.shape (10, 5)
s1 and s2 score at iteration 22
S_1 [0.22502584883991966, 0.08450597926062729, 0.31896012230484816, -0.5058222130939792, 0.11726457106294544, -0.36421188433402185, 0.3085669339676763, 0.3021182938724043, 0.2798609591692963, 0.0848369820153177]
S_2 [0.2, 0.25, 0.2, 0.5, 0, 0.5, 0.2, 0.2, 0.2, 0]
Trust scores at iteration 23: [-0.13603887861017006, -0.7196343211095503, 0.006084243486822849, -1.446732601089102, -0.11584334956696926, -1.4033810155559123, 0.05196693588581919, -0.5647604553131468, -0.5907776967456537, -0.8257339124948033]
X.shape (10, 5)
s1 and s2 score at iteration 23
S_1 [0.14062228712238037, 0.17060175123799434, -0.0753179297048876, -0.0256289806539852, 0.25469035130560175, 0.3378956011119017, 0.13753643688196152, 0.29892567646295387, 0.0053464515101570515, 0.15430648587867032]
S_2 [0.5, 0.3333333333333333, 0.3333333333333333, 0.3333333333333333, 0.3333333333333333, 0.3333333333333333, 0.3333333333333333, 0.3333333333333333, 0.3333333333333333, 0.3333333333333333]
Trust scores at iteration 24: [-0.35993403265930546, -0.44070306533828285, -0.441742691658087, -1.0946240409575396, -0.01437772639503647, -0.5350238411112895, -0.10383073636155357, -0.17337918984200007, -0.6208107861559315, -0.5178657309612987]
X.shape (10, 5)
s1 and s2 score at iteration 24
S_1 [0.16962195415737866, -0.38657976739803357, 0.09639820832917756, -0.11073224723507367, 0.18459304943717147, 0.14855634920521846, 0.051424863161055795, -0.45355487943168415, 0.1906522086531687, 0.1356575170511776]
S_2 [0.3333333333333333, 0.5, 0.25, 0, 0.3333333333333333, 0.25, 0, 0.5, 0.25, 0.25]
Trust scores at iteration 25: [-0.06845380066246526, -1.7341865417911522, -0.218059671078022, -0.8377158086575784, 0.1435871949658398, -0.12791153183035686, 0.0829502688982225, -1.7761719582142141, -0.060405393077965774, -0.15316065069880158]
X.shape (10, 5)
s1 and s2 score at iteration 25
S_1 [-0.10052548548737757, -0.14521236555865136, -0.059290462477628286, -0.19073296601895365, -0.07176120019749382, 0.055299224942579, 0.020178336374318144, -0.1986157601446224, -0.05795686246153467, -0.10265931917888434]
S_2 [0.5, 0, 0.3333333333333333, 0.5, 0.3333333333333333, 0.5, 0.5, 0.5, 0, 0.3333333333333333]
Trust scores at iteration 26: [-1.4431499963760697, -2.1800625368250297, -0.9784508133121502, -2.6434116048282523, -0.9103842745578584, -0.06395576591517843, -0.27607803745094067, -3.1839136814922564, -0.5542323056493753, -1.338130277319637]
X.shape (10, 5)
s1 and s2 score at iteration 26
S_1 [-0.19624686021483537, 0.12156931238743877, 0.052594030916107926, -0.06012554299740702, 0.0966421140869358, 0.08090199573493471, -0.2661135691768699, -0.19375765448914378, 0.01803831726769746, 0.042325484485249004]
S_2 [0.5, 0.25, 0.25, 0.5, 0.25, 0.25, 0.5, 0.5, 0.25, 0.5]
Trust scores at iteration 27: [-2.028714795069508, -0.8400312684125149, -0.5229124659836302, -2.0689949488962096, -0.3077147139513239, 0.050762321565003626, -1.7325322092798912, -2.888858833050084, -0.4529267175410129, -0.9949854977782505]
X.shape (10, 5)
s1 and s2 score at iteration 27
S_1 [0.34801028988106375, 0.19691049951627163, 0.22529635533828973, 0.31853858693084, 0.16429351967854952, 0.3206052689543942, 0.022886957935481417, 0.05798495650911595, -0.5035050715375265, -0.06835818160318384]
S_2 [0.25, 0.5, 0.25, 0.25, 0.3333333333333333, 0.25, 0.5, 0, 0, 0.5]
Trust scores at iteration 28: [-0.764357397534754, -0.6371066150741393, -0.18776414415259257, -0.8268406232100223, -0.25114376230767294, 0.23600729494647216, -1.3333835166806882, -1.3611201607427879, -0.9498687955890626, -1.0957056230350966]
X.shape (10, 5)
s1 and s2 score at iteration 28
S_1 [0.08512966291052308, 0.01998782523291797, -0.1915912376133385, -0.040649286085459035, 0.03191229539530211, 0.001197492187744424, -0.09089650198200942, -0.24657394376677377, -0.18551133718792434, -0.09548846432514124]
S_2 [0.3333333333333333, 0, 0.5, 0.3333333333333333, 0.3333333333333333, 0.5, 0.5, 0.5, 0, 0.5]
Trust scores at iteration 29: [-0.2155120321007103, -0.2011569468001166, -1.719172781935641, -0.9855028934123113, -0.2714717494395985, -0.37496300981869357, -1.7005626728625103, -2.628785853483754, -1.5645154606427951, -1.6086941273436544]
X.shape (10, 5)
s1 and s2 score at iteration 29
S_1 [-0.04617481876160052, -0.06784619935636949, 0.2754181441719499, 0.16318339085420416, -0.19081445444940512, 0.19508693950808653, 0.3134809475325164, 0.1499942631750653, -0.08895956504361838, -0.06801437585753077]
S_2 [0.3333333333333333, 0.3333333333333333, 0.3333333333333333, 0.3333333333333333, 0, 0.3333333333333333, 0.3333333333333333, 0.3333333333333333, 0.5, 0.3333333333333333]
Trust scores at iteration 30: [-0.5147378743180642, -0.5421260377582803, -0.7536296393058263, -0.5658083706776765, -0.440083644418965, -0.20965248365037942, -0.6836146697645884, -1.4084864205320002, -1.424147637417571, -1.2461628684167219]
X.shape (10, 5)
s1 and s2 score at iteration 30
S_1 [-0.16750333405266504, 0.16862423733160933, 0.2817050806849233, 0.1458951161565374, 0.1594894550483113, 0.078757023224508, 0.11458740863417659, -0.3307121891145385, 0.07449837240689162, -0.2152632461180996]
S_2 [0, 0.25, 0.25, 0.25, 0.5, 0.5, 0.5, 0, 0.25, 0]
Trust scores at iteration 31: [-0.5546715872308838, -0.22177087100302623, -0.12681481965291314, -0.27395408795008064, -0.43696305298647664, -0.46503993936833976, -0.6384254712049074, -1.2912262144604254, -0.8298462205665011, -1.0051534323326397]
X.shape (10, 5)
s1 and s2 score at iteration 31
S_1 [-0.049236612599056685, 0.09805135071770699, -0.11131628571399024, 0.05726260760933434, -0.14831118095632828, -0.10954947459071987, -0.16606906568681307, -0.10399266207167474, 0.01988991785048078, 0.08684181891918746]
S_2 [0.3333333333333333, 0.5, 0, 0.3333333333333333, 0, 0, 0.5, 0.5, 0.3333333333333333, 0.5]
Trust scores at iteration 32: [-0.8617447737331346, -0.11088543550151311, -0.6310502056634738, -0.17830722186895884, -0.9747749373985148, -0.7911531439793223, -1.666060150101267, -1.6759100450616606, -0.6468304168209689, -0.5597382530368935]
X.shape (10, 5)
s1 and s2 score at iteration 32
S_1 [0.09530436777102022, 0.056088347153640195, -0.1558487122725931, 0.19873362248856521, 0.10499721387074477, 0.29822420555130086, 0.14579172003501398, -0.21689592012996062, 0.1883113874612727, 0.2515654666797713]
S_2 [0.3333333333333333, 0.5, 0.3333333333333333, 0.3333333333333333, 0.5, 0.3333333333333333, 0.3333333333333333, 0.5, 0.5, 0.3333333333333333]
Trust scores at iteration 33: [-0.6044192810092263, -0.4614055032832813, -0.9101529745887527, -0.08929195407380107, -0.8113500915912429, -0.2289099053229945, -0.9219303319918248, -1.7016007563320223, -0.5076940429987802, -0.1914300785410069]
X.shape (10, 5)
s1 and s2 score at iteration 33
S_1 [0.006092225731146341, 0.04980849968821784, -0.22401990772872946, -0.12507649200754742, -0.18364508475305089, -0.25669106643664036, -0.09866663733606545, 0.07526142754109572, 0.051270673600692554, -0.04326684768730853]
S_2 [0.3333333333333333, 0.5, 0.5, 0, 0.5, 0.5, 0.5, 0.3333333333333333, 0.3333333333333333, 0.5]
Trust scores at iteration 34: [-0.5950692150335459, -0.39979951664107927, -2.44335484612836, -0.8755928252032518, -2.125722889379065, -2.31978446090446, -1.6164578968651853, -0.6841337114993444, -0.24656315372597626, -0.8831587478268095]
X.shape (10, 5)
s1 and s2 score at iteration 34
S_1 [-0.3196240197237109, 0.10345300333589033, -0.07734358583324935, -0.1714631290492318, -0.13154215128251348, -0.00772806661956819, 0.012337505739243887, 0.04255554809468351, -0.1758659652992377, 0.10069280145039018]
S_2 [0, 0.3333333333333333, 0.5, 0, 0.5, 0.5, 0.5, 0.3333333333333333, 0.5, 0.3333333333333333]
Trust scores at iteration 35: [-1.8423134414669016, -0.03323309165387295, -2.0954876718692867, -1.2664969989564114, -2.198619455771258, -1.6972428455642765, -1.2486003956529959, -0.46972443911703055, -1.4732615659805468, -0.28825307338641576]
X.shape (10, 5)
s1 and s2 score at iteration 35
S_1 [0.2694582030920377, -0.03030047060912961, -0.37989730846257264, 0.23264098017835227, -0.0014279781064404516, 0.375340725541155, 0.28920991150341496, 0.32012386704104895, 0.31016190235108265, -0.024299528667232406]
S_2 [0.25, 0.5, 0.5, 0.25, 0.5, 0.25, 0.25, 0.3333333333333333, 0.25, 0.5]
Trust scores at iteration 36: [-0.8122052604255652, -0.5569804985600743, -2.053813764683846, -0.5733421073022202, -1.6012119703140009, -0.5986214227821383, -0.4890370331559965, -0.14175119812658304, -0.573456990159905, -0.6764964968570004]
X.shape (10, 5)
s1 and s2 score at iteration 36
S_1 [0.146410818482122, 0.161598113150242, -0.20016202532236346, -0.2624128369492571, -0.145331491263469, 0.05712955550949718, -0.22654177774458864, 0.04593562164997685, 0.1476736888148616, 0.16495470463009465]
S_2 [0.5, 0.3333333333333333, 0.3333333333333333, 0.3333333333333333, 0, 0.3333333333333333, 0.3333333333333333, 0.3333333333333333, 0.3333333333333333, 0.3333333333333333]
Trust scores at iteration 37: [-0.4623116549555345, -0.12199786496372744, -1.9669583622453102, -1.415413155523992, -1.2411253737654369, -0.4594766420801181, -1.2645305907590112, -0.26497185591255024, -0.1724429225263187, -0.17158158176183352]
X.shape (10, 5)
s1 and s2 score at iteration 37
S_1 [-0.026974247936637066, 0.07478218106330384, -0.01384853609236011, -0.015743513989342026, -0.13667297693605754, -0.22380868578831267, 0.08724552759390553, -0.12860918683368922, 0.07612768802008332, -0.13985605523069303]
S_2 [0.5, 0, 0.5, 0.5, 0, 0.5, 0.5, 0.5, 0, 0.5]
Trust scores at iteration 38: [-0.8857439690166198, 0.367574216914322, -1.5628444877136114, -1.2979319132234424, -1.4038290657177335, -2.0123753338509407, -0.6322652953795056, -1.369539106385751, 0.35006272498434965, -1.387299241157413]
X.shape (10, 5)
s1 and s2 score at iteration 38
S_1 [0.00031629475703500966, 0.1119398280449281, -0.18523147841891136, -0.011240667805144532, -0.02738856378673601, -0.12067545939910818, -0.09034362303960744, 0.014967993046160557, 0.05325835007578264, -0.2557646226154639]
S_2 [0.3333333333333333, 0.5, 0.3333333333333333, 0.5, 0.3333333333333333, 0.3333333333333333, 0.3333333333333333, 0.3333333333333333, 0.3333333333333333, 0]
Trust scores at iteration 39: [-0.774792528655885, 0.183787108457161, -1.9421263247339309, -1.1991744838243634, -1.1575839652602786, -1.8785403176311422, -1.053002526582845, -0.9512455699321856, 0.0795863259606148, -1.83606973628949]
X.shape (10, 5)
s1 and s2 score at iteration 39
S_1 [-0.15169067558727192, -0.08050658651646897, -0.06819224049905273, -0.15666049183674902, -0.0498393607812415, -0.15253044064226437, -0.09148782573349824, -0.1569366108132081, -0.05633048065703845, -0.10392981738292527]
S_2 [0.3333333333333333, 0, 0.5, 0.3333333333333333, 0.5, 0.3333333333333333, 0.5, 0.5, 0.5, 0.5]
Trust scores at iteration 40: [0.8010663604879822, 0.8995542590862757, -0.7869428262498249, 0.63873372951548, -0.5787919826301393, 0.25761718335054595, -0.10867422559060635, 0.5988016092596431, 0.10491357959528198, -0.37538689118631763]
X.shape (10, 5)
s1 and s2 score at iteration 40
S_1 [0.08403780255259197, 0.15608225440410262, 0.16717836361301497, -0.06637053957766999, 0.1864264265164437, 0.29001623638521135, 0.158871028190847, -0.4865946418420827, 0.26067092272921216, 0.09829051151340158]
S_2 [0.3333333333333333, 0.5, 0.5, 0, 0.3333333333333333, 0.3333333333333333, 0.5, 0, 0.3333333333333333, 0.5]
Trust scores at iteration 41: [0.21208449819785252, 0.21886939890971885, -0.605248992034388, 0.20494130637363295, -0.30132244612311837, 0.29547525834193966, -0.2804368819478343, -0.539508505943687, 0.168530920643276, -0.5182365339069315]
X.shape (10, 5)
s1 and s2 score at iteration 41
S_1 [0.16866839794238528, 0.20698956548566755, -0.010325488876770872, 0.2143830226210802, 0.2182213527507631, -0.31168615020790613, -0.21458973992149266, 0.11552052334201852, 0.16124340942991428, -0.15703760470197092]
S_2 [0.3333333333333333, 0.3333333333333333, 0.5, 0.3333333333333333, 0.3333333333333333, 0.5, 0.5, 0.5, 0.3333333333333333, 0.5]
Trust scores at iteration 42: [0.15917063414524737, 0.2503665167964839, -0.8262827878081076, 0.26034274021840326, 0.0160054436051075, -1.0664137274194458, -1.131897502661757, -0.5050676815482903, 0.1203813293632781, -1.1189309129719516]
X.shape (10, 5)
s1 and s2 score at iteration 42
S_1 [0.047623427151081, 0.2025186700216766, 0.022318004093566508, 0.16150380832503247, 0.07902102727795547, -0.12665367251519546, 0.05712891459004029, -0.15249523737667553, -0.08926839099744524, -0.29452321433327655]
S_2 [0.5, 0.5, 0.3333333333333333, 0.3333333333333333, 0.5, 0.5, 0.3333333333333333, 0.5, 0.5, 0]
Trust scores at iteration 43: [-0.3028368143141181, 0.12518325839824196, -0.6913736244818296, 0.19557610943787498, -0.2969016179565967, -1.3459031511721062, -0.758236040405859, -1.1290305789769814, -0.660204795618121, -1.2866162280710158]
X.shape (10, 5)
s1 and s2 score at iteration 43
S_1 [0.08659596635927927, 0.027405263853494774, -0.04016045916627734, -0.06710084567191266, 0.029472639477338396, -0.18649134515069837, -0.2683134692517237, -0.19219775856973517, -0.03461058302157037, 0.007269623769366684]
S_2 [0.5, 0.5, 0.5, 0, 0.5, 0.5, 0, 0, 0.5, 0.5]
Trust scores at iteration 44: [-0.15141840715705904, -0.27917199441013196, -1.0775709337232886, -0.28964826877860844, -0.47827752772487986, -2.24974159821229, -1.9283441593195834, -1.6742538064785495, -1.0299418619128158, -1.1013337353490593]
X.shape (10, 5)
s1 and s2 score at iteration 44
S_1 [0.006015783659579283, -0.14563807783233784, -0.17756373150430804, -0.2430188540198327, -0.15996281374282317, 0.03173796970072128, 0.08387385903181564, -0.12492067980062756, -0.009242985964238571, 0.026655109659989726]
S_2 [0.5, 0.5, 0.5, 0, 0.5, 0.25, 0.25, 0.5, 0.25, 0.25]
Trust scores at iteration 45: [-0.5398471141920299, -1.5077830702471764, -2.0973019912828783, -1.5935404378066123, -1.6927303571748742, -1.1856701943701558, -0.7141720796597917, -2.0818206686307166, -0.8200714477976114, -0.6417668840104973]
X.shape (10, 5)
s1 and s2 score at iteration 45
S_1 [-0.05724226736911972, 0.2699216039144956, -0.6092923491007833, -0.081125005820511, 0.387719405204912, 0.35045228110674786, 0.364033868270161, -0.0941500044705332, 0.36519420446965706, 0.30147268473537336]
S_2 [0.5, 0.2, 0, 0, 0.2, 0.2, 0.2, 0, 0.2, 0.2]
Trust scores at iteration 46: [-0.8437427503072328, -0.605802684925543, -1.834389781115394, -0.9013884102182803, -0.546365178587437, -0.34089449735679256, -0.08763072835565205, -1.1623254649570325, -0.13908405167511373, -0.13210655762923545]
X.shape (10, 5)
s1 and s2 score at iteration 46
S_1 [-0.019399253570531863, -0.11639728639714801, -0.051230631417300616, -0.04424822033254596, -0.1767354361304361, -0.14206767465400358, -0.04254582146623972, -0.18203773135271792, -0.12225283809877811, -0.04393086700417624]
S_2 [0.3333333333333333, 0.5, 0.3333333333333333, 0, 0.3333333333333333, 0.3333333333333333, 0.3333333333333333, 0, 0.3333333333333333, 0.5]
Trust scores at iteration 47: [-0.2552047084869497, 2.197144148307026, 0.06989967894131688, 0.6897677248220334, 3.9486963562335986, 3.157898310360946, 0.7194352847423715, 4.110711897925809, 2.748092219408638, 0.566229126909197]
X.shape (10, 5)
s1 and s2 score at iteration 47
S_1 [0.18535839322700742, -0.2994470959288153, 0.2645740613254812, -0.4065515589590755, -0.09774944592218236, 0.1744129617523545, 0.22384511321509207, -0.0679565227738499, 0.11788771112925062, 0.13104111530083812]
S_2 [0.3333333333333333, 0.5, 0.3333333333333333, 0.5, 0.5, 0.3333333333333333, 0.3333333333333333, 0.5, 0.3333333333333333, 0.3333333333333333]
Trust scores at iteration 48: [-0.1106398341239295, 0.03266796694696228, 0.20161650613732512, -0.9234294728462373, 1.2896183421070435, 1.5752266704665556, 0.4494135207709632, 1.4269296730963346, 1.2635005102452905, 0.19742666188494487]
X.shape (10, 5)
s1 and s2 score at iteration 48
S_1 [-0.1528167857985133, -0.14619780830944787, 0.12237525690055223, -0.11231341594387473, 0.04041595168363459, 0.10951578339879417, -0.21804373388686116, 0.13734482286217464, 0.11626097639116113, 0.10662845467041694]
S_2 [0.5, 0.5, 0.5, 0.5, 0.5, 0.25, 0.5, 0.25, 0.25, 0.25]
Trust scores at iteration 49: [-1.1116451669473018, -1.0158950633256003, 0.04631196536859997, -1.3705885971312908, 0.2919423168153826, 0.9363024926276309, -1.0690753762213994, 0.9634648365481673, 0.8049950996255534, 0.2368912485674362]
X.shape (10, 5)
s1 and s2 score at iteration 49
S_1 [0.151385445461301, 0.21823096732354474, -0.40797939364601626, 0.0965981640014548, -0.15258215486682575, 0.1268096742375321, 0.09432650489409099, 0.23492661264984666, 0.045683964552576124, -0.1331992124438576]
S_2 [0.3333333333333333, 0.3333333333333333, 0, 0.5, 0.5, 0.5, 0.5, 0.3333333333333333, 0.3333333333333333, 0]
Trust scores at iteration 50: [-0.5669586064347065, -0.3768146113392658, -0.8451564427242706, -0.9797020863597162, -0.6787731375785757, 0.23804334752616158, -0.8337803030061804, 0.6483990849407504, 0.1663945047751912, -0.16504548585795906]
X.shape (10, 5)
s1 and s2 score at iteration 50
S_1 [-0.1381252057261909, 0.14665537747003385, -0.24346388649989598, 0.02870718466348155, 0.1205976590015046, -0.355521334973115, 0.27036362201209363, 0.15982205998061993, 0.1312917651445057, 0.1916146951227066]
S_2 [0.3333333333333333, 0.3333333333333333, 0.5, 0.3333333333333333, 0.3333333333333333, 0.5, 0.5, 0.3333333333333333, 0.3333333333333333, 0.5]
Trust scores at iteration 51: [-0.8722560366247032, -0.2505218700380464, -1.3728308934634983, -0.7700944222326606, -0.44969126738249676, -1.0384656988487795, -0.4168901515030902, 0.2864349302378987, -0.007330180937058145, -0.22815795506166897]
X.shape (10, 5)
s1 and s2 score at iteration 51
S_1 [0.0626350610518341, 0.07380244775149729, 0.017596325002692197, -0.164606379082266, -0.016953629967395467, 0.12140793132248565, 0.09120000941793455, -0.26206148463343987, -0.22141601654033113, 0.02560857333593953]
S_2 [0.25, 0.3333333333333333, 0.3333333333333333, 0, 0.3333333333333333, 0.25, 0.25, 0.5, 0.5, 0.25]
Trust scores at iteration 52: [-0.42817509724057307, -0.15465017282427246, -0.9472810062919154, -1.0629534125037667, -0.6279998995728967, -0.26923284942438974, -0.08285178285666969, -1.4360426860871036, -1.4155330966542305, -0.2586139841939592]
X.shape (10, 5)
s1 and s2 score at iteration 52
S_1 [-0.1834437489676726, -0.24443956222133809, -0.09218838142197316, -0.012015295473701025, -0.044961230729321136, -0.07956272590906306, -0.032357081177805655, -0.08158765549522029, -0.04907254811803351, -0.12698551295633206]
S_2 [0.5, 0.5, 0.5, 0.5, 0.5, 0.5, 0.5, 0.5, 0.5, 0.5]
Trust scores at iteration 53: [6.919671827884132, 9.594691188858217, 2.8626522298856307, -0.5314767062518834, 1.056999844922383, 2.6762770145381864, 0.8050695505118385, 2.1771367566385846, 0.8343200664150306, 4.655020523371818]
X.shape (10, 5)
s1 and s2 score at iteration 53
S_1 [-0.17177381435153874, 0.2666198858185283, -0.11094947689311635, 0.2032452655354238, -0.19857258688196083, 0.28730923332561065, -0.1376391942031678, 0.07194029374124351, 0.21574404666670946, 0.00896982716457888]
S_2 [0.3333333333333333, 0.25, 0, 0.25, 0.3333333333333333, 0.25, 0.3333333333333333, 0.5, 0.25, 0.3333333333333333]
Trust scores at iteration 54: [2.8275671576791366, 5.0113402296387, 1.238242384898929, -0.16203363019926192, -0.15040634040085687, 1.5881385072690932, -0.17033000753692346, 0.7137650051532667, 0.5426161996687658, 2.009786985608225]
X.shape (10, 5)
s1 and s2 score at iteration 54
S_1 [0.009062466317334553, 0.29755389091645035, 0.32597673128217985, 0.10250598843852492, 0.1520673352853811, 0.2712535634554702, -0.1104819450294712, 0.21055129041338919, 0.11867189830863643, -0.2807505761778044]
S_2 [0.5, 0.3333333333333333, 0.25, 0.3333333333333333, 0.25, 0.25, 0.5, 0.25, 0.5, 0]
Trust scores at iteration 55: [0.9276840592230741, 2.628740356284235, 0.8691211924494645, -0.2571211523090182, -0.09195441240221475, 0.960132023496272, -0.7546279353631606, 0.42983698093037614, -0.04666679389214384, 0.5742637127681038]
X.shape (10, 5)
s1 and s2 score at iteration 55
S_1 [0.3041296478536661, -0.1814026836885424, 0.4418709032949897, 0.048604556349510365, 0.3251980080203729, 0.5227057300239045, 0.31899155797586576, 0.36799914574228937, 0.5057265995349596, 0.29770403896746994]
S_2 [0.3333333333333333, 0, 0.25, 0.3333333333333333, 0.3333333333333333, 0.25, 0.3333333333333333, 0.25, 0.25, 0.25]
Trust scores at iteration 56: [0.25476063867265974, 1.1408474164151259, 0.4822371405155151, -0.5820673453004226, -0.23490542207746587, 0.605066011748136, -0.5721790326185214, 0.19193218058243622, 0.08542502627977597, 0.19690397754853128]
X.shape (10, 5)
s1 and s2 score at iteration 56
S_1 [-0.20848665296171812, 0.0644338281449964, 0.020940151853867224, -0.3176851768694692, 0.03725939640130012, -0.2600012750654811, 0.07334530813870647, 0.04279440773479685, -0.058969015099699734, -0.08080606289394866]
S_2 [0, 0.3333333333333333, 0.3333333333333333, 0.5, 0.5, 0.5, 0.3333333333333333, 0.5, 0, 0]
Trust scores at iteration 57: [-1.2938875044175768, 0.6763402040735481, 0.05053568944325748, -2.9567153292647084, -0.3634528482878855, -1.9699135327223851, -0.11942284964259403, -0.1123014947745744, -0.3592833104251374, -0.45240848849806947]
X.shape (10, 5)
s1 and s2 score at iteration 57
S_1 [-0.18458302721239644, -0.04220321509386779, -0.14341205952936376, -0.03488928310164793, -0.12758514570458604, -0.19493841050396418, -0.00411233453416221, -0.11662554880851037, -0.08325489980989115, -0.02272360575997859]
S_2 [0.5, 0.3333333333333333, 0.5, 0.3333333333333333, 0.5, 0.5, 0.3333333333333333, 0.5, 0.3333333333333333, 0.5]
Trust scores at iteration 58: [21.295664659025544, 5.136133206684708, 16.962086072665304, 2.4303378073046256, 14.830769537055682, 22.21671546927056, 0.10695524184536967, 13.623817813009763, 9.609608560806844, 2.036655339669517]
X.shape (10, 5)
s1 and s2 score at iteration 58
S_1 [-0.07360492923279979, 0.19379016628540358, -0.20431519468154186, -0.07636886809842056, 0.1460879101194687, -0.0756103035480927, -0.1553573759811742, 0.04168255273527886, 0.15078956506319227, -0.21205650117541083]
S_2 [0.3333333333333333, 0.3333333333333333, 0.3333333333333333, 0.5, 0.3333333333333333, 0.3333333333333333, 0.3333333333333333, 0.3333333333333333, 0.3333333333333333, 0.5]
Trust scores at iteration 59: [10.124590161681617, 2.7347332700090203, 7.620553969047789, 0.518128802076806, 7.458974353729802, 10.579941479920018, -0.680694875096469, 6.5861211559383515, 4.860524653853945, -0.028801488574408562]
X.shape (10, 5)
s1 and s2 score at iteration 59
S_1 [0.17380335144838893, -0.02978700878724491, 0.15186407458785586, -0.18042685554056448, -0.09058838925302642, 0.24057905648545694, -0.2597163100845092, -0.06112814786850476, -0.07732369220790897, 0.21902877180429003]
S_2 [0.25, 0.5, 0.25, 0.5, 0, 0.25, 0.5, 0, 0.5, 0.25]
Trust scores at iteration 60: [5.173513871011963, 0.8054597316722046, 3.8758989609469254, -0.6159201428707035, 3.541215615374048, 5.539970739960009, -1.3801207533942237, 3.166016792941696, 1.7695590360056714, 0.19081089176294036]
X.shape (10, 5)
s1 and s2 score at iteration 60
S_1 [-0.3212054475896553, -0.00859358657823576, -0.002508187532957574, 0.01719369236635361, -0.1903982875766538, 0.0657031153442677, 0.06564963747219524, 0.06559088081742061, 0.01617254997067452, -0.30593471054081994]
S_2 [0.3333333333333333, 0.5, 0.5, 0.5, 0.3333333333333333, 0.3333333333333333, 0.3333333333333333, 0.3333333333333333, 0.5, 0.3333333333333333]
Trust scores at iteration 61: [-0.19094639388172485, -0.16266723545207512, 1.4188622003664593, -0.6771162577420207, -0.01165444308816066, 2.936652036646671, -0.52380067606084, 1.7488209595972257, 0.5078524490650422, -2.5660877390646784]
X.shape (10, 5)
s1 and s2 score at iteration 61
S_1 [0.011908450540192992, 0.18621080731311188, 0.34696007408704244, -0.2020261808761634, -0.10681380857865858, 0.4158373540690455, 0.4125638483989597, 0.40656057546178537, 0.3663095569258219, 0.3027221206998173]
S_2 [0.5, 0.25, 0.25, 0, 0, 0.25, 0.25, 0.25, 0.5, 0.5]
Trust scores at iteration 62: [-0.5811545571846373, -0.10743501230855323, 0.8766135282310876, -0.5814730316560774, -0.134259416888565, 1.7183260183233355, -0.015836378934458495, 1.1132561444358982, 0.19437433885103422, -1.4190528550916868]
X.shape (10, 5)
s1 and s2 score at iteration 62
S_1 [-0.1902725870149863, -0.14151012798567503, 0.07200855500180231, -0.21431207965888194, -0.11563180273472905, 0.08799094861556266, 0.08799094861556268, 0.08799094861556268, -0.16325083721351064, -0.047260954417682986]
S_2 [0, 0.5, 0.5, 0, 0, 0.3333333333333333, 0.3333333333333333, 0.3333333333333333, 0, 0.5]
Trust scores at iteration 63: [-1.3717827321571947, -1.3578350330827598, 0.3474883682167319, -1.508544046209506, -0.7241961712683781, 1.0258296758283343, 0.15874847719943744, 0.7232947388846158, -0.8304698213336266, -1.4780822003911203]
X.shape (10, 5)
s1 and s2 score at iteration 63
S_1 [-0.051020823971430346, -0.08019114464026761, -0.07579939360745706, -0.07040042692719578, -0.13432977685589698, 0.07036227382058988, 0.07036227382058986, 0.07036227382058988, 0.04548311148822973, -0.2593015760372428]
S_2 [0, 0, 0.5, 0.5, 0.5, 0.3333333333333333, 0.3333333333333333, 0.3333333333333333, 0.5, 0]
Trust scores at iteration 64: [-1.0484494614971986, -1.248762266333999, -0.8648924281814159, -1.7545431421614168, -1.816656328012852, 0.6795815045808338, 0.24604090526638528, 0.5283140361089746, -0.5920282473616818, -2.5816590398773522]
X.shape (10, 5)
s1 and s2 score at iteration 64
S_1 [-0.2331363403312919, -0.08167181479981701, 0.05277961437450173, -0.3673752334568124, -0.1018599881542336, 0.13857946938940013, 0.13952179137484258, 0.14091053137280166, -0.1351782546818674, -0.028245711554844805]
S_2 [0.5, 0.5, 0.5, 0, 0.5, 0.3333333333333333, 0.3333333333333333, 0.3333333333333333, 0, 0.5]
Trust scores at iteration 65: [-1.8514742558905204, -1.4141813844475124, -0.745165625974605, -2.1808477831555235, -1.7697631368288138, 0.4981859932492551, 0.2847593825848336, 0.430823684721154, -0.7756739949655194, -1.891055213787336]
X.shape (10, 5)
s1 and s2 score at iteration 65
S_1 [0.012668737937920017, 0.21446969882627506, 0.031980435865923536, -0.2160157609779805, -0.05418986561300399, -0.010732042774579472, -0.004593620497947574, 0.018424390239789843, 0.07666673864807244, 0.027886857478358715]
S_2 [0.5, 0.5, 0.5, 0.5, 0.5, 0.3333333333333333, 0.3333333333333333, 0.3333333333333333, 0.5, 0.5]
Trust scores at iteration 66: [-1.3962020980383503, -0.7070906922237562, -0.7980258102010294, -2.0940282752276818, -1.5112161180257693, -0.10926028785637967, -0.20166289496356016, -0.07496812660328891, -0.7091014020405008, -1.3805140930244018]
X.shape (10, 5)
s1 and s2 score at iteration 66
S_1 [0.09090932942624735, -0.04813232077543717, 0.013057136419082904, 0.22043250391291455, 0.2207697721637224, 0.038346629230333, 0.03811981709553072, 0.037917618034410405, 0.1975199960054047, -0.44153308567264593]
S_2 [0.3333333333333333, 0.5, 0.25, 0.25, 0.25, 0.3333333333333333, 0.3333333333333333, 0.3333333333333333, 0.25, 0]
Trust scores at iteration 67: [-0.8255426777607467, -0.9625555613775403, -0.619441065869282, -0.7977779836954451, -0.5056080590128846, -0.301115923689073, -0.34783091200253624, -0.28494146882387605, -0.1572068593576239, -1.6902424189326741]
X.shape (10, 5)
s1 and s2 score at iteration 67
S_1 [0.005074731457413236, -0.1075436075740828, 0.3616985112452178, 0.2691097079640287, 0.029555333839265355, 0.22975645512101212, 0.22995798559416514, 0.23060131448725263, 0.06597426404804334, 0.19685866904691351]
S_2 [0, 0.3333333333333333, 0.3333333333333333, 0.25, 0.3333333333333333, 0.25, 0.25, 0.25, 0, 0.3333333333333333]
Trust scores at iteration 68: [-0.40575619878490754, -1.1299424893211651, -0.309720532934641, -0.401880676085562, -0.7119477183517249, -0.2079502748097867, -0.23102917993879574, -0.1986951418702898, 0.012597200123221297, -1.072990328461064]
X.shape (10, 5)
s1 and s2 score at iteration 68
S_1 [-0.20932173634628626, 0.14616226605313343, 0.2290722624306883, -0.48875469649944125, 0.17634917252147841, 0.3317468692428197, 0.32864288170846134, 0.3236669174213598, -0.02850887165149564, -0.005469649685490414]
S_2 [0.5, 0.25, 0.25, 0.5, 0.5, 0.25, 0.25, 0.25, 0.5, 0.5]
Trust scores at iteration 69: [-1.0183622165810242, -0.5946793902314289, -0.05960868511325426, -1.43757833196715, -0.5901851074628796, 0.14602486259510666, 0.12980716311685894, 0.13847454199104242, -0.5366692080695774, -1.0447388738064118]
X.shape (10, 5)
s1 and s2 score at iteration 69
S_1 [-0.12029787454962183, 0.1688086224664975, -0.07081258752357233, -0.44183181502859054, 0.05590041413598528, 0.2580529634762212, 0.2565342884089598, 0.25365210365714563, 0.061778253573777836, -0.10336496720111847]
S_2 [0.5, 0.5, 0.5, 0, 0, 0.3333333333333333, 0.3333333333333333, 0.3333333333333333, 0.5, 0]
Trust scores at iteration 70: [-1.2422686747518576, -0.4702583467900001, -0.6670098730989987, -1.5748766316663785, -0.1867806525950354, 0.23967909796422002, 0.22862768355386864, 0.2273768900363987, -0.6486338791495453, -0.7226480266327969]
X.shape (10, 5)
s1 and s2 score at iteration 70
S_1 [-0.04608528890899834, -0.1785165697325506, -0.08050279473270809, 0.20225683187397736, 0.1456755773932528, 0.1947423052585592, 0.1960015948803054, 0.19825814124191068, -0.2463926928222355, -0.18506608074340924]
S_2 [0, 0.5, 0.5, 0.25, 0.5, 0.25, 0.25, 0.25, 0.5, 0.5]
Trust scores at iteration 71: [-0.7350619819504104, -1.176440767368204, -1.0325162480261567, -0.5374383158331892, -0.2332650933362384, 0.35126285482104375, 0.3488502430057208, 0.3538032643916231, -1.433425394748634, -1.3188266821476808]
X.shape (10, 5)
s1 and s2 score at iteration 71
S_1 [0.2736713881255482, 0.30579490486974825, 0.3106542850496479, 0.3605701271923152, -0.3157801479029812, 0.3921158360517649, 0.3927051047268002, 0.3862041163848282, -0.17160049468702152, -0.22504251155504512]
S_2 [0.25, 0.16666666666666666, 0.16666666666666666, 0.16666666666666666, 0, 0.16666666666666666, 0.16666666666666666, 0.16666666666666666, 0.5, 0.5]
Trust scores at iteration 72: [-0.2690871016145897, -0.3655428564645118, -0.28739353667966516, 0.0236992787834992, -0.5186901518559424, 0.5082144920715836, 0.5077584548361938, 0.5019577770437869, -1.43519788208614, -1.4459419713950634]
X.shape (10, 5)
s1 and s2 score at iteration 72
S_1 [0.2818780975176398, 0.3682225903382268, -0.2913639939393693, 0.2968667615027043, 0.08868602816229766, 0.42871432226977785, 0.43290572308513625, 0.43881714516338427, -0.4340550865898684, 0.27304130283978306]
S_2 [0.3333333333333333, 0.2, 0.5, 0.3333333333333333, 0.2, 0.2, 0.2, 0.2, 0.5, 0.2]
Trust scores at iteration 73: [-0.14669743545171188, 0.03679124655923033, -0.9756847012986577, 0.016774239658722934, -0.35829384178661, 0.5425958192319862, 0.5471435948848158, 0.5509788885218934, -1.7121729240494281, -0.6118604173785547]
X.shape (10, 5)
s1 and s2 score at iteration 73
S_1 [-0.30775219777927343, -0.07100594940395234, 0.0320121077771207, -0.0038543180385903148, -0.011413920631229047, 0.13724349870891533, 0.137224425429982, 0.13711347662263046, -0.06386375398763966, -0.10835061107094421]
S_2 [0, 0.3333333333333333, 0.3333333333333333, 0.3333333333333333, 0, 0.25, 0.25, 0.25, 0, 0.25]
Trust scores at iteration 74: [-1.1945391590741785, -0.740290398542633, -0.8712171258544688, -0.5056547767808564, -0.220729657921298, 0.3962979096159931, 0.39850231043896966, 0.40001575302053083, -1.088752324482398, -1.0756688013739075]
X.shape (10, 5)
s1 and s2 score at iteration 74
S_1 [0.05336623147249572, 0.40742325082357583, 0.2709590388712625, 0.2995099608423235, 0.009965581666003785, 0.1481779902827022, 0.14601493537577265, 0.14224638700318432, -0.13113958535850193, 0.2430910039839959]
S_2 [0.3333333333333333, 0.25, 0.25, 0.25, 0.3333333333333333, 0.3333333333333333, 0.3333333333333333, 0.3333333333333333, 0, 0.25]
Trust scores at iteration 75: [-1.0317772059862182, -0.2451451992713165, -0.4780808557780487, -0.26026127595466714, -0.5981348179759309, -0.1200033107006957, -0.12155566535271584, -0.12542380084780902, -0.705313940207249, -0.6145070427212442]
X.shape (10, 5)
s1 and s2 score at iteration 75
S_1 [0.38558967446735715, 0.13108744194828906, 0.32848096082901795, 0.4347901725702604, -0.716162110838535, 0.44739999669709246, 0.44936810030186286, 0.44061610260832873, 0.3997812620836585, 0.11391802472201351]
S_2 [0.25, 0.25, 0.25, 0.2, 0, 0.2, 0.2, 0.2, 0.2, 0]
Trust scores at iteration 76: [-0.5868531705621718, -0.4767150700733338, -0.3735483506717486, -0.0463511125969269, -1.095922048155113, 0.037808487822422576, 0.03922216732364206, 0.027549983221535623, -0.3078309334811923, -0.18049994823706358]
X.shape (10, 5)
s1 and s2 score at iteration 76
S_1 [0.08240571984853594, 0.01855625961265485, -0.12821669051156545, 0.1465497232035949, 0.14770050257071132, 0.26639114992064683, 0.2619611897439771, 0.25397804937716956, 0.10502403883945984, -0.4365706074456436]
S_2 [0.25, 0.5, 0.5, 0.5, 0.25, 0.25, 0.25, 0.25, 0.5, 0.5]
Trust scores at iteration 77: [-0.3887560568624745, -0.7035285633944363, -0.9274291117888287, -0.2481106315679507, -0.5207361564070114, 0.26890424391121126, 0.26129631761574673, 0.24047635622596822, -0.4567917280752076, -1.4096664742081373]
X.shape (10, 5)
s1 and s2 score at iteration 77
S_1 [-0.0010838556963870876, -0.0013023473790718294, -0.06302248068271764, 0.05923294752135561, -0.2136242183711499, 0.18271494412037134, 0.18397794766312806, 0.185933696728254, -0.3602317223850981, -0.1072673838617858]
S_2 [0.3333333333333333, 0.3333333333333333, 0.3333333333333333, 0.5, 0, 0.3333333333333333, 0.3333333333333333, 0.3333333333333333, 0, 0]
Trust scores at iteration 78: [-0.5306259913219314, -0.6885997972653705, -0.9665235727420337, -0.46477018198726017, -0.8348315082598827, 0.2924631423770763, 0.29205556074861916, 0.2869048447796508, -1.19710602449761, -0.9932892452115161]
X.shape (10, 5)
s1 and s2 score at iteration 78
S_1 [-0.017769497230795097, -0.07305520674001917, 0.03537308825365245, -0.14836011901177223, 0.14382868104660493, 0.18457371764112046, 0.18251834788767016, 0.18206222777400388, -0.4140885772924718, -0.2240397406639208]
S_2 [0, 0.5, 0.5, 0.5, 0.25, 0.25, 0.25, 0.25, 0.5, 0.5]
Trust scores at iteration 79: [-0.3134495815679191, -1.0422024160486953, -0.8874380453050467, -1.1342844537735441, -0.277791806352444, 0.39623157118853813, 0.3904598973091629, 0.38664893514577514, -2.2202960821305444, -1.6035558977514883]
X.shape (10, 5)
s1 and s2 score at iteration 79
S_1 [0.2177982108742419, 0.06278609560857279, -0.07484179650402041, -0.4097440056486536, 0.1928218378907738, 0.23485673157124046, 0.241916120021763, 0.25126780449490954, 0.08170550245913889, -0.10148672153627834]
S_2 [0.25, 0.3333333333333333, 0.3333333333333333, 0, 0.3333333333333333, 0.25, 0.25, 0.25, 0.3333333333333333, 0.3333333333333333]
Trust scores at iteration 80: [-0.09832622762133539, -0.8961626076836009, -1.0926473675601907, -1.3824954044900624, -0.25519804288254433, 0.2904592481666864, 0.3016209499968644, 0.31832446757288757, -1.447561547695418, -1.5037272629557625]
X.shape (10, 5)
s1 and s2 score at iteration 80
S_1 [0.34370453257683403, 0.5582022740695767, 0.11610773432619707, -0.5276357381091826, 0.602860154075055, 0.5247555875427292, 0.5247555875427292, 0.5572112942532361, 0.5897696298585114, 0.4820499527093044]
S_2 [0.2, 0.14285714285714285, 0.3333333333333333, 0, 0.14285714285714285, 0.14285714285714285, 0.14285714285714285, 0.14285714285714285, 0.14285714285714285, 0.14285714285714285]
Trust scores at iteration 81: [-0.06410153671558956, -0.1994053591951834, -0.9500262808572428, -1.1288580954204714, 0.15811526427301353, 0.3661655644347988, 0.37174641534988784, 0.40701627984709365, -0.4489235037514382, -0.5663468795938957]
X.shape (10, 5)
s1 and s2 score at iteration 81
S_1 [0.16077066534571927, 0.02291308017776152, 0.12859637327163753, -0.00224833407889325, -0.3449095695083113, -0.22008560057553195, 0.07214116638140038, 0.12245705372734281, -0.22889525854060425, 0.11549809021565853]
S_2 [0.5, 0.5, 0.3333333333333333, 0.3333333333333333, 0, 0.5, 0.5, 0.3333333333333333, 0.5, 0.5]
Trust scores at iteration 82: [-0.03205076835779478, -0.5284425397938236, -0.40840916867241783, -0.9047547452104351, -0.9936180601815602, -1.0013878583135163, -0.08976631516254358, 0.25101870452399594, -1.4363306057129246, -0.42397205822869705]
X.shape (10, 5)
s1 and s2 score at iteration 82
S_1 [-0.11817995437869182, -0.06757823544738048, -0.01701985099756207, -0.1703538959876407, -0.14052749767744213, -0.09291383526352003, -0.0759655035757317, -0.06496401342446032, -0.1777828131046428, -0.023997089559275406]
S_2 [0.5, 0.5, 0.5, 0.5, 0.5, 0.5, 0.5, 0.5, 0.5, 0.5]
Trust scores at iteration 83: [2.9558015547179224, 1.22105567104283, -0.20420458433620892, 4.05218747382153, 3.131531978816153, 1.7288785940348088, 1.6867904213064937, 1.533987089046115, 4.004642262559606, -0.007012479031190982]
X.shape (10, 5)
s1 and s2 score at iteration 83
S_1 [0.19320873397948088, 0.3282446406889123, 0.27194053537511687, -0.27941009776845244, 0.2611609295377864, 0.22767822701883603, 0.2569247268191053, -0.2114913150733556, -0.24996897096537335, -0.06508766079674155]
S_2 [0.2, 0.2, 0.2, 0, 0.25, 0.2, 0.2, 0.3333333333333333, 0.3333333333333333, 0.3333333333333333]
Trust scores at iteration 84: [1.4722067766495799, 0.8105278355214149, 0.012132247662270668, 1.600481155419666, 1.5885804502773657, 0.9112510934583, 0.9347568582948924, -0.05516147167078278, 1.1215548673725777, -0.6026512867281517]
X.shape (10, 5)
s1 and s2 score at iteration 84
S_1 [-0.03340480550196126, 0.12723227528605202, -0.09239558591066406, 0.08997298758732447, 0.10840733030648224, -0.2675790017149987, 0.01232670161774382, -0.1414432211418142, -0.18994610018808553, -0.015118001635415941]
S_2 [0.3333333333333333, 0.5, 0.5, 0.5, 0.5, 0, 0.5, 0.3333333333333333, 0.5, 0.3333333333333333]
Trust scores at iteration 85: [0.271495166497722, 0.40526391776070747, -0.8570319411171421, 0.6538182661738696, 0.7203115709911944, -0.5959118918390508, 0.01582015350563326, -0.9167605351059729, -0.6856766392328512, -0.6940700090059435]
X.shape (10, 5)
s1 and s2 score at iteration 85
S_1 [-0.11462712634652633, 0.005237207320116449, -0.032029203614885385, 0.03189165502685329, -0.09701528276162605, -0.12518492888045063, -0.23107377066510443, 0.08770734492734432, -0.28498011041479704, 0.03524358070009592]
S_2 [0, 0.5, 0.5, 0.5, 0.5, 0, 0.5, 0.5, 0.5, 0.5]
Trust scores at iteration 86: [-0.5177160830009955, -0.26751189096223993, -1.1111073124890445, 0.008716341213414636, -0.6929066908682255, -1.0116072882566596, -1.809389921648247, -0.45838026755298644, -2.467446330786249, -0.6461192161542806]
X.shape (10, 5)
s1 and s2 score at iteration 86
S_1 [-0.2778377098857985, -0.1663726888984124, 0.004430481190937425, 0.07226219231351914, 0.07767018516826786, 0.019419165891064134, -0.2068640248360756, -0.28857368206710904, 0.023832125659659746, 0.07162967578224115]
S_2 [0.5, 0, 0.5, 0.25, 0.25, 0.25, 0.5, 0.5, 0.25, 0.25]
Trust scores at iteration 87: [-2.547431799139156, -1.2047762381325138, -1.0270325372247913, 0.21954434311915452, -0.09645334543411277, -0.6307932179976745, -2.736377281317611, -2.586876461174395, -1.3303044139891664, -0.11194524593766747]
X.shape (10, 5)
s1 and s2 score at iteration 87
S_1 [-0.013322407174206815, 0.07978521910919485, 0.06058094750801805, 0.14328676669951018, -0.1301858778801346, -0.07465505339802453, -0.16385591656997545, -0.11658590524571125, -0.20660122274624199, -0.008979526737762157]
S_2 [0.5, 0.5, 0.3333333333333333, 0.5, 0.5, 0.5, 0.3333333333333333, 0.3333333333333333, 0.5, 0.3333333333333333]
Trust scores at iteration 88: [-1.8202045163521228, -0.823977136157716, -0.6354520357103777, 0.10977217155957726, -1.002511045513151, -1.0759058490272109, -2.2732981412693354, -2.03359875365748, -1.886088367064096, -0.42064006671793674]
X.shape (10, 5)
s1 and s2 score at iteration 88
S_1 [-0.06574365006607365, 0.13771769164935138, 0.1541255504168304, -0.07587788000879059, -0.025393261361890948, -0.14186557068199726, 0.1209568032035727, -0.13533796369101522, -0.2199299636086736, -0.060233737740470444]
S_2 [0.5, 0.5, 0.5, 0, 0.3333333333333333, 0.3333333333333333, 0.5, 0.5, 0.3333333333333333, 0.5]
Trust scores at iteration 89: [-1.6233817886895645, -0.4652174413030061, -0.31772601785518884, -0.19126998569434372, -0.9169673497699483, -1.3315135540295762, -1.2442520836443642, -1.9558504080334804, -1.989854169548457, -0.9057248107549587]
X.shape (10, 5)
s1 and s2 score at iteration 89
S_1 [-0.04326143392030944, -0.13712830685070818, 0.004954280920225719, -0.04758881205758506, -0.19724661908448254, -0.12907475416809058, -0.03698216486200496, -0.01605933750960442, -0.18974998848020763, -0.1709178502804243]
S_2 [0.5, 0, 0.25, 0.25, 0.5, 0.5, 0.25, 0.25, 0.5, 0]
Trust scores at iteration 90: [-5.67775678936658, -14.07198410718697, 0.09113699107240558, -5.1484320913428405, -20.865168646989456, -14.19234491830754, -4.604470397894752, -2.8486788278214186, -20.645030958129333, -17.702373790839776]
X.shape (10, 5)
s1 and s2 score at iteration 90
S_1 [0.0390420889901805, -0.15688068228139537, 0.1248419812908097, 0.12359758156077302, -0.01464677559005561, 0.23913338014412114, 0.2134073218889578, 0.2625665441873164, -0.1602551710287449, 0.23309101825389142]
S_2 [0.3333333333333333, 0.5, 0.25, 0.25, 0.5, 0.25, 0.3333333333333333, 0.25, 0.5, 0.3333333333333333]
Trust scores at iteration 91: [-3.0978646913234646, -7.8347366685385555, 0.03330247965290495, -2.5888517460358242, -10.96047587311197, -6.890795745253918, -2.2291814151605784, -1.1743394139107093, -11.127686062629985, -8.740649858719324]
X.shape (10, 5)
s1 and s2 score at iteration 91
S_1 [0.3814628418905715, -0.16821968201128593, 0.38201203671614004, 0.2999453402078701, 0.04307492804723403, 0.43542847610215357, 0.3566731372958036, 0.2744593288888054, -0.6642032921977482, 0.3937847964740705]
S_2 [0.2, 0, 0.2, 0.25, 0.5, 0.2, 0.2, 0.3333333333333333, 0, 0.2]
Trust scores at iteration 92: [-1.3109007712165661, -4.11053402191234, 0.25531345151253226, -1.200000374147345, -5.930775245883075, -3.145397872626959, -0.9050250075040656, -0.605342980770192, -6.326543829094147, -4.1181441257531395]
X.shape (10, 5)
s1 and s2 score at iteration 92
S_1 [-0.22816778376048552, 0.133287181440985, 0.13347647518974173, -0.2313168229447452, 0.11125649344095281, -0.20937293270471274, -0.23066126597795641, 0.025770560319508196, 0.039475251505623095, 0.04824445845531514]
S_2 [0.5, 0.2, 0.2, 0.5, 0.3333333333333333, 0.5, 0.5, 0.2, 0.2, 0.2]
Trust scores at iteration 93: [-2.0101619871700436, -1.755976101260239, 0.4276567257562661, -1.9665080215663044, -2.8819565291247025, -2.857005430799049, -1.8165646359725718, -0.4061355267148148, -3.2153984729930185, -2.078349361041906]
X.shape (10, 5)
s1 and s2 score at iteration 93
S_1 [-0.14704977221018936, -0.15662888848906917, -0.025075500262187227, 0.06542034825145779, -0.16306201379815133, 0.05720209963678978, 0.0994130911764545, -0.09061968655779677, -0.19730472408381003, -0.038409971844869106]
S_2 [0.5, 0.3333333333333333, 0.25, 0.25, 0.3333333333333333, 0.25, 0.25, 0.3333333333333333, 0.3333333333333333, 0.3333333333333333]
Trust scores at iteration 94: [-2.244670571124571, -1.9990893058514203, -0.16228933432574505, -0.9042211466136882, -2.59443504375415, -1.390803686228114, -0.6582823179862859, -0.9921745038215493, -2.9333803670309253, -1.5656916850907678]
X.shape (10, 5)
s1 and s2 score at iteration 94
S_1 [0.10732818650762695, 0.08591496648568116, -0.09039791144254265, 0.2192846526437424, -0.2992085347434318, 0.1255319403997622, 0.07261858214582556, 0.2391471390400174, -0.4649316198904157, 0.15475739038251998]
S_2 [0.25, 0.5, 0.5, 0.25, 0.5, 0.25, 0.25, 0.3333333333333333, 0.5, 0.5]
Trust scores at iteration 95: [-1.1479374798045772, -1.3199168162086155, -0.7701452795168761, -0.24363832579430195, -2.4227916682885944, -0.6829443014857699, -0.4273129112513332, -0.32942058524410794, -2.938752031624415, -0.959284810195706]
X.shape (10, 5)
s1 and s2 score at iteration 95
S_1 [-0.09308789012077869, -0.1388194571141325, 0.058276856969774186, -0.07112557312465874, 0.01110136016283525, 0.10475121441355345, 0.018418019703700612, -0.31897361527443896, 0.17535816938785886, 0.1939075915147995]
S_2 [0.5, 0.5, 0.5, 0.5, 0.3333333333333333, 0.3333333333333333, 0.3333333333333333, 0.5, 0.3333333333333333, 0.5]
Trust scores at iteration 96: [-1.3140003172984578, -1.5179110184938227, -0.734802976475744, -0.8052198553842996, -1.5161037792808307, -0.40469946709348814, -0.4994980441546329, -1.4871990172321323, -1.3505399213836704, -0.479642405097853]
X.shape (10, 5)
s1 and s2 score at iteration 96
S_1 [0.05110053668322259, 0.09450723921417414, 0.16946427794201824, 0.12064249781376181, -0.11676982736630606, 0.1596589122514417, -0.1978360502041604, -0.22111375240354628, -0.04409100571934633, -0.09142079072992365]
S_2 [0.5, 0.3333333333333333, 0.5, 0, 0.5, 0.3333333333333333, 0.5, 0.5, 0.3333333333333333, 0.5]
Trust scores at iteration 97: [-1.0062293374950901, -0.8134476603503544, -0.367401488237872, -0.0466573361523584, -1.6025782664803137, -0.06461354653529838, -1.333459207511941, -1.8959899565876435, -1.1386926740844632, -1.0095558977901355]
X.shape (10, 5)
s1 and s2 score at iteration 97
S_1 [-0.008507949439272753, 0.07736935568786929, -0.004759521688701529, -0.1980867820183547, -0.1477034928337815, -0.10167901769792541, 0.10226309340661291, -0.25407605123307087, 0.09592294911419255, -0.14052815305860702]
S_2 [0, 0.3333333333333333, 0.5, 0.5, 0.5, 0, 0.3333333333333333, 0.5, 0.3333333333333333, 0.5]
Trust scores at iteration 98: [-0.5447130067004364, -0.36177134645309694, -0.7069717088929869, -1.4918441677527483, -2.02346312540804, -0.5294510230197805, -0.5000629370893037, -2.6902615808834165, -0.4336788514154491, -1.6918691974447606]
X.shape (10, 5)
s1 and s2 score at iteration 98
S_1 [0.11862008201941417, 0.2188521526368727, 0.35397343478093524, 0.3938895772634553, -0.12334208723319035, 0.13649349666387145, 0.07486622483864165, -0.48558648582093966, 0.39165304053701316, 0.20876364753300633]
S_2 [0.3333333333333333, 0.25, 0.25, 0.25, 0.5, 0.3333333333333333, 0.5, 0, 0.25, 0.3333333333333333]
Trust scores at iteration 99: [-0.4551145373274144, -0.15307665609369325, -0.15415505818607594, -0.49592208387637415, -1.6683009343666424, -0.4247951885513271, -0.6549969345532041, -1.9615300478104203, 0.03032153404401547, -0.9142651754666842]
X.shape (10, 5)
s1 and s2 score at iteration 99
S_1 [-0.04503472804787388, -0.05823063377744976, -0.14159519523346198, -0.04265742828526306, -0.044721882759423535, -0.14974685416563924, -0.20142157520369752, -0.17428200485219117, -0.006486254522133423, -0.062006189990614434]
S_2 [0.3333333333333333, 0.3333333333333333, 0.3333333333333333, 0.5, 0.3333333333333333, 0.3333333333333333, 0.5, 0.3333333333333333, 0.3333333333333333, 0.3333333333333333]
Trust scores at iteration 100: [2.910660498426113, 4.078900216037365, 10.50460910404954, 2.540333314974623, 2.2799512798379986, 10.997668553142901, 14.699303211286503, 12.120619958044843, 0.18182743368867443, 3.9893488224827114]
