Matplotlib created a temporary config/cache directory at /tmp/matplotlib-y1dyxyk4 because the default path (/users/raysuan/.config/matplotlib) is not a writable directory; it is highly recommended to set the MPLCONFIGDIR environment variable to a writable directory, in particular to speed up the import of Matplotlib and to better support multiprocessing.
Loaded dataset for Tower 2 without noise: 552960 chunks
Loaded dataset for Tower 3 without noise: 535674 chunks
Loaded dataset for Tower 4 without noise: 552958 chunks
Loaded dataset for Tower 5 without noise: 518399 chunks
Loaded dataset for Tower 6 without noise: 518400 chunks
Loaded dataset for Tower 7 with same noise: 518398 chunks
Loaded dataset for Tower 8 with same noise: 518398 chunks
Loaded dataset for Tower 9 with same noise: 518399 chunks
Loaded dataset for Tower 10 with random noise: 518399 chunks
Loaded dataset for Tower 11 with random noise: 518396 chunks
W, alpha, th 0.5 0.9 0.5
X.shape (10, 5)
s1 and s2 score at iteration 0
S_1 [-0.23644800833044707, 0.09262767953290613, 0.13136304836337995, 0.35664460235735335, -0.21665800316667794, 0.31109870123151484, 0.09983120307296116, 0.28183199340158643, 0.22131183124501463, 0.30940559292329084]
S_2 [0, 0.5, 0, 0.25, 0, 0.25, 0.3333333333333333, 0.25, 0.25, 0.25]
Trust scores at iteration 1: [-0.06629793547065353, -0.07402801586771404, 0.03683303980912511, 0.04999999999999999, -0.060748992620275055, 0.037229331153538076, -0.03867487808691645, 0.02902320448388403, 0.012053884954990287, 0.03675459852137909]
X.shape (10, 5)
s1 and s2 score at iteration 1
S_1 [0.056546777769167694, -0.07207536617053481, -0.114551609551739, -0.030524557339044515, -0.13246235988832408, -0.13426905304243741, -0.09462351316748255, -0.016402226113766922, -0.04252486759366132, -0.14449597092374805]
S_2 [0.5, 0.5, 0.5, 0.5, 0.5, 0.5, 0.5, 0.5, 0.5, 0.5]
Trust scores at iteration 2: [-0.05966814192358818, -0.2940867054816563, -0.26942875594607657, -0.10898107291568454, -0.38892680432447624, -0.3039413546711628, -0.30214409256345437, -0.10288558947343394, -0.16435449347435446, -0.32245437999313414]
X.shape (10, 5)
s1 and s2 score at iteration 2
S_1 [0.26038753273556314, 0.05650805022177179, 0.07582527116225439, 0.14778155923535374, 0.35811319726935453, -0.05837312607891801, 0.30731310362760555, -0.413131090649817, 0.36550666763249656, 0.11588839953572647]
S_2 [0.25, 0.3333333333333333, 0, 0.3333333333333333, 0.25, 0.3333333333333333, 0.25, 0, 0.25, 0.3333333333333333]
Trust scores at iteration 3: [-0.05746116830481551, -0.3492178381092323, -0.2217406305716499, -0.15765099205915156, -0.32705692429975636, -0.38951768739195103, -0.26285102460077925, -0.20562673072986493, -0.12291904412691904, -0.3585027079362117]
X.shape (10, 5)
s1 and s2 score at iteration 3
S_1 [-0.10599550864155308, 0.17190673336861023, -0.3356889282479486, 0.033658865166877425, -0.12592371610039002, 0.055030236207422305, -0.037528020749355545, -0.2527415581716071, 0.10860080962259998, 0.13445477762781705]
S_2 [0, 0.25, 0, 0.25, 0.5, 0.3333333333333333, 0, 0.5, 0.25, 0.25]
Trust scores at iteration 4: [-0.11337378151038943, -0.2642960542983091, -0.3948404358906288, -0.17230616813430724, -0.46760241501592237, -0.3852209036772475, -0.2583963763724656, -0.4320865466653032, -0.09745287801167173, -0.29443864353887345]
X.shape (10, 5)
s1 and s2 score at iteration 4
S_1 [-0.11623178541032114, 0.038483913700062315, 0.02288692077554623, 0.09301188589638928, -0.21611228863968174, 0.07627698441300879, 0.28016176306620133, -0.28972379247424873, 0.27451568400633486, 0.22534493938308298]
S_2 [0, 0.25, 0.5, 0.25, 0, 0.5, 0.3333333333333333, 0.5, 0.25, 0.25]
Trust scores at iteration 5: [-0.143523786983095, -0.2741301297937839, -0.44718721156645674, -0.1718762007462548, -0.49798056894504955, -0.4194727623387538, -0.1992234054018857, -0.5922909307030546, -0.03972288273225113, -0.2345609123657533]
X.shape (10, 5)
s1 and s2 score at iteration 5
S_1 [0.12132087924551133, -0.03623901170677271, 0.1725534743980518, -0.02320004211150792, 0.14798674754747568, -0.1370614220683717, -0.06511033089699715, 0.046339603255257135, -0.39617577952901734, 0.09181140722686919]
S_2 [0, 0.5, 0.3333333333333333, 0.5, 0.3333333333333333, 0.5, 0.5, 0.5, 0, 0.3333333333333333]
Trust scores at iteration 6: [-0.058862259385445204, -0.36771872911644204, -0.36913515707647776, -0.2681337125024664, -0.42908634602796897, -0.5569567595385236, -0.3170344869930873, -0.6062066245361067, -0.2653465390849259, -0.2245639777487993]
X.shape (10, 5)
s1 and s2 score at iteration 6
S_1 [0.18397452379327306, 0.01481522614064277, -0.12556522983690802, 0.08883776960790064, -0.13586438035111997, -0.05116850629291056, 0.01918988880364097, -0.14823414179148062, 0.045397498108148096, -0.1332570390430943]
S_2 [0.3333333333333333, 0.5, 0.5, 0.3333333333333333, 0.5, 0.5, 0.3333333333333333, 0.5, 0.3333333333333333, 0.5]
Trust scores at iteration 7: [-0.01964270011356735, -0.42289398788630705, -0.500473064037548, -0.25969892553867324, -0.560027273609003, -0.6290739052938374, -0.34156697335262537, -0.7261591516389192, -0.28080258194676805, -0.37453991261190533]
X.shape (10, 5)
s1 and s2 score at iteration 7
S_1 [-0.31197753298957104, 0.09924136811896786, 0.13838056003968502, 0.0736224979533703, -0.037434436816955186, -0.33875896614375295, -0.14650142561132984, -0.00925073177246809, 0.13461490877776677, 0.16797596395036948]
S_2 [0.5, 0.3333333333333333, 0.3333333333333333, 0.3333333333333333, 0, 0.5, 0.5, 0.3333333333333333, 0.3333333333333333, 0.3333333333333333]
Trust scores at iteration 8: [-0.30340591494745217, -0.38819056005939684, -0.4347112569088138, -0.25656651348581205, -0.5263101375533061, -0.8678376099479546, -0.49462598364956634, -0.725717079022644, -0.23924960284689056, -0.3037525880173815]
X.shape (10, 5)
s1 and s2 score at iteration 8
S_1 [-0.18280961273800245, 0.057614363770606546, -0.20368791155385807, -0.08606565217382342, -0.00762570802848592, -0.10022982027155412, 0.05671649856937284, -0.08602455945726722, -0.10580040886725744, 0.1063617460664008]
S_2 [0, 0.3333333333333333, 0.5, 0, 0.5, 0.3333333333333333, 0.3333333333333333, 0.3333333333333333, 0.3333333333333333, 0.3333333333333333]
Trust scores at iteration 9: [-0.4449406635057706, -0.3618698574859293, -0.6827449899541713, -0.3118277253322308, -0.5808487203028366, -0.941955354721641, -0.4585059004899369, -0.8006912661174675, -0.38146354692719164, -0.24004399588231]
X.shape (10, 5)
s1 and s2 score at iteration 9
S_1 [-0.08299808945522184, 0.03841100752395959, 0.20296106697338853, 0.013896373026928496, -0.0389759786449163, 0.08209056360709083, 0.11849507908013458, 0.2488299953568922, -0.2805719339439934, 0.2917883851303766]
S_2 [0.5, 0.3333333333333333, 0.3333333333333333, 0.5, 0, 0.3333333333333333, 0.3333333333333333, 0.3333333333333333, 0.5, 0.3333333333333333]
Trust scores at iteration 10: [-0.5288912144480089, -0.37918554371422236, -0.6115795339103091, -0.37588246952856524, -0.5361214665435822, -0.8862928905468793, -0.4387120402085833, -0.7020112529737877, -0.5394731560226227, -0.18270626296074569]
X.shape (10, 5)
s1 and s2 score at iteration 10
S_1 [-0.06838709105682249, -0.009206699542000263, -0.237181138368335, -0.051152857343564076, -0.004108715987454165, -0.16467948220865905, -0.10987877284485649, 0.006054285203747635, -0.06826906598477685, -0.15508409234563922]
S_2 [0.3333333333333333, 0.3333333333333333, 0.3333333333333333, 0.3333333333333333, 0.5, 0.3333333333333333, 0.3333333333333333, 0, 0.5, 0]
Trust scores at iteration 11: [-1.6722338322649104, -0.5600027976531619, -4.534662830912501, -1.249864220058376, -0.6503739124741726, -3.584378575541562, -2.276400081367887, -0.531810127676409, -1.7131414661678543, -2.7259947163334206]
X.shape (10, 5)
s1 and s2 score at iteration 11
S_1 [-0.1751772127958285, 0.010487043294947287, -0.2895090908208345, -0.13777971543449857, -0.007627315548877572, 0.03295171394817506, 0.04074839379809004, 0.06730364773666248, 0.0736400456478331, -0.135559147080043]
S_2 [0, 0.5, 0.5, 0.5, 0.5, 0.3333333333333333, 0, 0.3333333333333333, 0.3333333333333333, 0.5]
Trust scores at iteration 12: [-1.7428935345997374, -0.5897615662389301, -4.574337383454823, -1.4119766981447504, -0.6956940861654757, -3.2478603809575253, -1.993425515193261, -0.4539003361427595, -1.5084939862177356, -2.7374787089178003]
X.shape (10, 5)
s1 and s2 score at iteration 12
S_1 [0.13647962062344338, 0.3388153406721433, -0.6236707926467084, 0.04683938292845443, 0.24271863542144376, 0.3296933718456559, 0.2870745954886258, 0.3644533462241685, 0.3187049683358848, -0.14041300819981983]
S_2 [0.5, 0.2, 0, 0.2, 0.5, 0.2, 0.2, 0.2, 0.25, 0.5]
Trust scores at iteration 13: [-1.6311564194337984, -0.47782005638605496, -4.288028646185089, -1.2979270725412224, -0.6595266786730577, -2.8726119077486465, -1.7553144193697616, -0.34851030252848353, -1.320197189557845, -2.602257856546919]
X.shape (10, 5)
s1 and s2 score at iteration 13
S_1 [-0.02446346652499546, 0.11889686334515377, -0.23753838291942975, -0.18219512326943837, -0.09046524354470835, 0.03905651128974814, 0.185316561125745, 0.18505552800787375, 0.2510243380626018, 0.15064764532318053]
S_2 [0.5, 0.3333333333333333, 0.5, 0.5, 0.5, 0.3333333333333333, 0.3333333333333333, 0.3333333333333333, 0, 0.5]
Trust scores at iteration 14: [-1.5777862335341646, -0.44934004183612397, -4.053853411999846, -1.340715026061117, -0.7296124460598457, -2.6364585292316747, -1.57262550315917, -0.30660578517708265, -1.0881774706020604, -2.382018907831675]
X.shape (10, 5)
s1 and s2 score at iteration 14
S_1 [0.348645242711139, 0.2171363631423848, 0.23291496530615785, -0.09961784746567073, 0.33665976530195274, -0.40519823569878394, -0.44192578959307205, 0.312976740463877, 0.3243880494207563, 0.19544039402098667]
S_2 [0.16666666666666666, 0.16666666666666666, 0.16666666666666666, 0.3333333333333333, 0.16666666666666666, 0.3333333333333333, 0.3333333333333333, 0.25, 0.16666666666666666, 0.16666666666666666]
Trust scores at iteration 15: [-1.3700076101807481, -0.39212600725430896, -3.631662350608482, -1.3352163634831729, -0.6100889301077744, -2.5890334606645125, -1.6421180997532074, -0.2611758072463482, -0.9363172810584158, -2.1377599223062416]
X.shape (10, 5)
s1 and s2 score at iteration 15
S_1 [0.07779930569517296, 0.005826598151978384, 0.057753604957802435, -0.1294925590070909, -0.08404899594996867, -0.15918083541433678, -0.19508256490525688, -0.26482287509134284, 0.022386506116695085, -0.06063936415896665]
S_2 [0.5, 0.5, 0.5, 0.5, 0, 0.5, 0.5, 0, 0.5, 0.5]
Trust scores at iteration 16: [-1.2330068491626733, -0.4454241389834739, -3.2942620276701815, -1.4681390904232097, -0.6571131296791889, -2.6347345567482603, -1.828657325615679, -0.5754505638633224, -0.9139108667048486, -2.1019272531131765]
X.shape (10, 5)
s1 and s2 score at iteration 16
S_1 [-0.19937493915231502, 0.03012142549350442, -0.22000609043797031, -0.013678452971372913, -0.05223425314899157, -0.02439434945550586, -0.08895056830809712, -0.24966114887238713, -0.004063299361871183, -0.09623271624240443]
S_2 [0.5, 0.25, 0.5, 0.25, 0, 0.25, 0, 0.5, 0.25, 0]
Trust scores at iteration 17: [-1.8716102271710158, -0.3508817250851265, -3.7952331644494404, -1.4167362226821134, -0.7648141047859354, -2.502247804245123, -1.9410982289478174, -1.446754556889428, -0.8860095113312687, -2.2112171374916185]
X.shape (10, 5)
s1 and s2 score at iteration 17
S_1 [-0.11330853965565003, 0.02318711980240633, 0.16883090362086955, -0.18252305527710563, 0.13727869629205897, 0.1812072669446425, -0.09440143521701927, 0.22963177244614316, -0.2350087349170453, -0.013236461425797054]
S_2 [0.5, 0.5, 0.5, 0.5, 0.3333333333333333, 0.3333333333333333, 0, 0.5, 0.5, 0.3333333333333333]
Trust scores at iteration 18: [-1.8337927854612963, -0.4056960301147147, -3.4421873986402796, -1.4545477053420164, -0.6952172607751975, -2.239777584808547, -1.7880983248641007, -1.3020791012004853, -0.999750118778483, -2.06252630207931]
X.shape (10, 5)
s1 and s2 score at iteration 18
S_1 [0.12397904310633587, -0.08814723313727793, 0.13553982980089968, -0.2911434381456189, -0.17666373316152562, 0.0022541671897037263, 0.12829225164320426, 0.032677493683493965, -0.18486621794473382, -0.20105828329183667]
S_2 [0.3333333333333333, 0.3333333333333333, 0.3333333333333333, 0, 0, 0.3333333333333333, 0.3333333333333333, 0.3333333333333333, 0.5, 0.5]
Trust scores at iteration 19: [-1.6256096122800712, -0.49682728576112106, -3.0646353254429184, -1.5238958001893725, -0.7560363602845437, -2.0808033898364053, -1.5813023534213473, -1.2144287130539935, -1.136167647909644, -2.1046125650123693]
X.shape (10, 5)
s1 and s2 score at iteration 19
S_1 [-0.02422469480609167, -0.20179027668427738, 0.13203825419015944, 0.13256357820601578, 0.05635024896020954, -0.03726619930347676, -0.2585467765126654, -0.10788751148000945, -0.10917297842883991, 0.1161839917174544]
S_2 [0.3333333333333333, 0.5, 0.3333333333333333, 0.3333333333333333, 0.3333333333333333, 0.3333333333333333, 0.5, 0.3333333333333333, 0, 0.5]
Trust scores at iteration 20: [-1.5479893377277896, -0.6993660643403733, -2.725234740371051, -1.338172886837102, -0.704591298034198, -1.9675016618466747, -1.7182081755028136, -1.241037993734873, -1.1049060668775061, -1.9065073317191858]
X.shape (10, 5)
s1 and s2 score at iteration 20
S_1 [0.13735077450816563, 0.19594315595656178, 0.03577388800288916, 0.07649939021284136, 0.055348537442234, -0.23135992058716923, -0.20613812946365717, -0.2201493979142217, -0.02304947256268743, -0.011831375517230921]
S_2 [0.3333333333333333, 0.3333333333333333, 0, 0.5, 0.3333333333333333, 0.5, 0, 0.5, 0.5, 0.5]
Trust scores at iteration 21: [-1.389759815202042, -0.5960961245730027, -2.4344539876715467, -1.265313974148009, -0.6725515928991053, -1.9888265156634506, -1.6515903840328896, -1.3292879006388463, -1.1061788067839062, -1.8218947658205626]
X.shape (10, 5)
s1 and s2 score at iteration 21
S_1 [0.04416236735708041, -0.21696016893434897, -0.00963734202777485, 0.07340529341305532, -0.025597408278955142, 0.08707860684262184, 0.12584536993889703, -0.19228513433811634, -0.13867270286069425, -0.22293382161723388]
S_2 [0.5, 0, 0.5, 0.25, 0.25, 0.25, 0.25, 0, 0.5, 0.5]
Trust scores at iteration 22: [-1.3156912693876386, -0.7088886982586585, -2.298666671225938, -1.130452823760416, -0.6756367991636714, -1.7707489410857131, -1.4364313456296007, -1.3491538732519504, -1.2057538580568663, -1.9168542949790253]
X.shape (10, 5)
s1 and s2 score at iteration 22
S_1 [0.22502584883991966, 0.08450597926062729, 0.31896012230484816, -0.5058222130939792, 0.11726457106294544, -0.36421188433402185, 0.3085669339676763, 0.3021182938724043, 0.2798609591692963, 0.0848369820153177]
S_2 [0.2, 0.25, 0.2, 0.5, 0, 0.5, 0.2, 0.2, 0.2, 0]
Trust scores at iteration 23: [-1.1535723046779796, -0.6615056138425875, -2.0088000041033442, -1.27599232290466, -0.5713084697307514, -1.807861325845164, -1.236046671171957, -1.1595187160416496, -1.0374367955967492, -1.6985708752990667]
X.shape (10, 5)
s1 and s2 score at iteration 23
S_1 [0.14062228712238037, 0.17060175123799434, -0.0753179297048876, -0.0256289806539852, 0.25469035130560175, 0.3378956011119017, 0.13753643688196152, 0.29892567646295387, 0.0053464515101570515, 0.15430648587867032]
S_2 [0.5, 0.3333333333333333, 0.3333333333333333, 0.3333333333333333, 0.3333333333333333, 0.3333333333333333, 0.3333333333333333, 0.3333333333333333, 0.3333333333333333, 0.3333333333333333]
Trust scores at iteration 24: [-1.0965979928810257, -0.6115322334150303, -1.8968769663733096, -1.2226446386967917, -0.5054688330799867, -1.593741859927314, -1.138404844915654, -1.02176663687457, -0.9987775035936952, -1.5497135427119395]
X.shape (10, 5)
s1 and s2 score at iteration 24
S_1 [0.16962195415737866, -0.38657976739803357, 0.09639820832917756, -0.11073224723507367, 0.18459304943717147, 0.14855634920521846, 0.051424863161055795, -0.45355487943168415, 0.1906522086531687, 0.1356575170511776]
S_2 [0.3333333333333333, 0.5, 0.25, 0, 0.3333333333333333, 0.25, 0, 0.5, 0.25, 0.25]
Trust scores at iteration 25: [-0.9646355504594857, -0.8531460118979294, -1.7066269347857745, -1.1584609324628745, -0.4247667381393164, -1.406447596189525, -0.9975912330082888, -1.2574864458457558, -0.8488997532343256, -1.3735877454843761]
X.shape (10, 5)
s1 and s2 score at iteration 25
S_1 [-0.10052548548737757, -0.14521236555865136, -0.059290462477628286, -0.19073296601895365, -0.07176120019749382, 0.055299224942579, 0.020178336374318144, -0.1986157601446224, -0.05795686246153467, -0.10265931917888434]
S_2 [0.5, 0, 0.3333333333333333, 0.5, 0.3333333333333333, 0.5, 0.5, 0.5, 0, 0.3333333333333333]
Trust scores at iteration 26: [-1.1499566146225044, -1.0304252638940272, -1.709848436861825, -1.4875255793164794, -0.5787256387335404, -1.2658028365705727, -0.9613427440874703, -1.5909033417382101, -0.8688156997329716, -1.4885389613299858]
X.shape (10, 5)
s1 and s2 score at iteration 26
S_1 [-0.19624686021483537, 0.12156931238743877, 0.052594030916107926, -0.06012554299740702, 0.0966421140869358, 0.08090199573493471, -0.2661135691768699, -0.19375765448914378, 0.01803831726769746, 0.042325484485249004]
S_2 [0.5, 0.25, 0.25, 0.5, 0.25, 0.25, 0.5, 0.5, 0.25, 0.5]
Trust scores at iteration 27: [-1.2963889125365484, -0.8773827375046246, -1.5456010050411535, -1.488230850681248, -0.49135759019466535, -1.1226745120089967, -1.1841071077896075, -1.69119340602518, -0.8170962427029395, -1.4048691370206736]
X.shape (10, 5)
s1 and s2 score at iteration 27
S_1 [0.34801028988106375, 0.19691049951627163, 0.22529635533828973, 0.31853858693084, 0.16429351967854952, 0.3206052689543942, 0.022886957935481417, 0.05798495650911595, -0.5035050715375265, -0.06835818160318384]
S_2 [0.25, 0.5, 0.25, 0.25, 0.3333333333333333, 0.25, 0.5, 0, 0, 0.5]
Trust scores at iteration 28: [-1.1167500212828936, -0.8330626599277385, -1.3763024867691938, -1.2978763953655068, -0.461679112241601, -0.968281833975303, -1.1591198794187954, -1.5054122142662112, -0.8800677057963567, -1.3840247981478007]
X.shape (10, 5)
s1 and s2 score at iteration 28
S_1 [0.08512966291052308, 0.01998782523291797, -0.1915912376133385, -0.040649286085459035, 0.03191229539530211, 0.001197492187744424, -0.09089650198200942, -0.24657394376677377, -0.18551133718792434, -0.09548846432514124]
S_2 [0.3333333333333333, 0, 0.5, 0.3333333333333333, 0.3333333333333333, 0.5, 0.5, 0.5, 0, 0.5]
Trust scores at iteration 29: [-0.971741685821271, -0.7262771217875741, -1.5637303800641433, -1.2825052721904162, -0.44469117467459335, -0.9700469820361586, -1.249982074381349, -1.744516147462062, -1.0099771477863737, -1.4577905814982417]
X.shape (10, 5)
s1 and s2 score at iteration 29
S_1 [-0.04617481876160052, -0.06784619935636949, 0.2754181441719499, 0.16318339085420416, -0.19081445444940512, 0.19508693950808653, 0.3134809475325164, 0.1499942631750653, -0.08895956504361838, -0.06801437585753077]
S_2 [0.3333333333333333, 0.3333333333333333, 0.3333333333333333, 0.3333333333333333, 0, 0.3333333333333333, 0.3333333333333333, 0.3333333333333333, 0.5, 0.3333333333333333]
Trust scores at iteration 30: [-0.9559638888926856, -0.741958922480461, -1.3861659917253302, -1.1688661297656788, -0.4610916111469671, -0.8774764795807493, -1.0916505336098807, -1.5888832314738806, -1.037357414426971, -1.4003746842973965]
X.shape (10, 5)
s1 and s2 score at iteration 30
S_1 [-0.16750333405266504, 0.16862423733160933, 0.2817050806849233, 0.1458951161565374, 0.1594894550483113, 0.078757023224508, 0.11458740863417659, -0.3307121891145385, 0.07449837240689162, -0.2152632461180996]
S_2 [0, 0.25, 0.25, 0.25, 0.5, 0.5, 0.5, 0, 0.25, 0]
Trust scores at iteration 31: [-0.9198280300177873, -0.6579046006571921, -1.1975493925527971, -1.0501894973113595, -0.45836669618766923, -0.8617715711313043, -1.0418091075134153, -1.5473915091653776, -0.9571761533558172, -1.3367516154925125]
X.shape (10, 5)
s1 and s2 score at iteration 31
S_1 [-0.049236612599056685, 0.09805135071770699, -0.11131628571399024, 0.05726260760933434, -0.14831118095632828, -0.10954947459071987, -0.16606906568681307, -0.10399266207167474, 0.01988991785048078, 0.08684181891918746]
S_2 [0.3333333333333333, 0.5, 0, 0.3333333333333333, 0, 0, 0.5, 0.5, 0.3333333333333333, 0.5]
Trust scores at iteration 32: [-0.9447270230395471, -0.5921141405914729, -1.1913230124649208, -0.9534365831590073, -0.5637887087499576, -0.8873210488772043, -1.2069976796618365, -1.5987117458151294, -0.9078399993277791, -1.214508761317376]
X.shape (10, 5)
s1 and s2 score at iteration 32
S_1 [0.09530436777102022, 0.056088347153640195, -0.1558487122725931, 0.19873362248856521, 0.10499721387074477, 0.29822420555130086, 0.14579172003501398, -0.21689592012996062, 0.1883113874612727, 0.2515654666797713]
S_2 [0.3333333333333333, 0.5, 0.3333333333333333, 0.3333333333333333, 0.5, 0.3333333333333333, 0.3333333333333333, 0.5, 0.5, 0.3333333333333333]
Trust scores at iteration 33: [-0.8849636995641242, -0.6140952836388306, -1.1911162855698318, -0.8581205934709708, -0.572202362453359, -0.7652556106561506, -1.104077963083891, -1.6115697179938548, -0.8539117663126604, -1.0753700755901503]
X.shape (10, 5)
s1 and s2 score at iteration 33
S_1 [0.006092225731146341, 0.04980849968821784, -0.22401990772872946, -0.12507649200754742, -0.18364508475305089, -0.25669106643664036, -0.09866663733606545, 0.07526142754109572, 0.051270673600692554, -0.04326684768730853]
S_2 [0.3333333333333333, 0.5, 0.5, 0, 0.5, 0.5, 0.5, 0.3333333333333333, 0.3333333333333333, 0.5]
Trust scores at iteration 34: [-0.8550392445134984, -0.5865051082748353, -1.4696603287796455, -0.938497903757144, -0.8589916949247118, -1.129795951239128, -1.2247687129493565, -1.417079412861136, -0.7670638161267116, -1.1253218097423965]
X.shape (10, 5)
s1 and s2 score at iteration 34
S_1 [-0.3196240197237109, 0.10345300333589033, -0.07734358583324935, -0.1714631290492318, -0.13154215128251348, -0.00772806661956819, 0.012337505739243887, 0.04255554809468351, -0.1758659652992377, 0.10069280145039018]
S_2 [0, 0.3333333333333333, 0.5, 0, 0.5, 0.5, 0.5, 0.3333333333333333, 0.5, 0.3333333333333333]
Trust scores at iteration 35: [-1.0784910868521744, -0.4945212641140184, -1.4974563456627021, -1.0103882306523868, -1.0002441276485858, -1.1242864791376246, -1.1903661310985016, -1.3009029882484942, -0.9603534323375521, -0.982124368662759]
X.shape (10, 5)
s1 and s2 score at iteration 35
S_1 [0.2694582030920377, -0.03030047060912961, -0.37989730846257264, 0.23264098017835227, -0.0014279781064404516, 0.375340725541155, 0.28920991150341496, 0.32012386704104895, 0.31016190235108265, -0.024299528667232406]
S_2 [0.25, 0.5, 0.5, 0.25, 0.5, 0.25, 0.25, 0.3333333333333333, 0.25, 0.5]
Trust scores at iteration 36: [-0.9488516861053798, -0.5531419282492441, -1.5489246968462724, -0.897368129151951, -1.0006001633694017, -0.9618578312238621, -1.0442768850545512, -1.1521904851372584, -0.8316833305377233, -0.9903859238292416]
X.shape (10, 5)
s1 and s2 score at iteration 36
S_1 [0.146410818482122, 0.161598113150242, -0.20016202532236346, -0.2624128369492571, -0.145331491263469, 0.05712955550949718, -0.22654177774458864, 0.04593562164997685, 0.1476736888148616, 0.16495470463009465]
S_2 [0.5, 0.3333333333333333, 0.3333333333333333, 0.3333333333333333, 0, 0.3333333333333333, 0.3333333333333333, 0.3333333333333333, 0.3333333333333333, 0.3333333333333333]
Trust scores at iteration 37: [-0.8652083224433923, -0.4665292585610578, -1.5820425231423225, -1.0333797366113322, -0.9886440247541488, -0.8977052342392857, -1.1438516113852986, -1.0757906879933843, -0.7256578829732241, -0.8580139981129842]
X.shape (10, 5)
s1 and s2 score at iteration 37
S_1 [-0.026974247936637066, 0.07478218106330384, -0.01384853609236011, -0.015743513989342026, -0.13667297693605754, -0.22380868578831267, 0.08724552759390553, -0.12860918683368922, 0.07612768802008332, -0.13985605523069303]
S_2 [0.5, 0, 0.5, 0.5, 0, 0.5, 0.5, 0.5, 0, 0.5]
Trust scores at iteration 38: [-0.9096051185068235, -0.33416170282571495, -1.5397113321462816, -1.0480868300424884, -1.046432898045737, -1.1644621133775335, -1.0294664502467687, -1.215622254879941, -0.5658352574264, -1.0325142883569849]
X.shape (10, 5)
s1 and s2 score at iteration 38
S_1 [0.00031629475703500966, 0.1119398280449281, -0.18523147841891136, -0.011240667805144532, -0.02738856378673601, -0.12067545939910818, -0.09034362303960744, 0.014967993046160557, 0.05325835007578264, -0.2557646226154639]
S_2 [0.3333333333333333, 0.5, 0.3333333333333333, 0.5, 0.3333333333333333, 0.3333333333333333, 0.3333333333333333, 0.3333333333333333, 0.3333333333333333, 0]
Trust scores at iteration 39: [-0.8850287154856562, -0.30074553254314346, -1.6178810151070786, -1.0533198524807679, -1.0329234947214456, -1.2224864321809144, -1.0738937810007103, -1.1473552327398089, -0.528340738990072, -1.157746882663443]
X.shape (10, 5)
s1 and s2 score at iteration 39
S_1 [-0.15169067558727192, -0.08050658651646897, -0.06819224049905273, -0.15666049183674902, -0.0498393607812415, -0.15253044064226437, -0.09148782573349824, -0.1569366108132081, -0.05633048065703845, -0.10392981738292527]
S_2 [0.3333333333333333, 0, 0.5, 0.3333333333333333, 0.5, 0.3333333333333333, 0.5, 0.5, 0.5, 0.5]
Trust scores at iteration 40: [-0.5588333189739056, -0.1091388383172901, -1.4192688463729426, -0.7003236729471588, -0.9296311452493011, -0.8608603205295996, -0.8829389953604762, -0.8177348306206809, -0.46248258176806983, -0.9334425990054133]
X.shape (10, 5)
s1 and s2 score at iteration 40
S_1 [0.08403780255259197, 0.15608225440410262, 0.16717836361301497, -0.06637053957766999, 0.1864264265164437, 0.29001623638521135, 0.158871028190847, -0.4865946418420827, 0.26067092272921216, 0.09829051151340158]
S_2 [0.3333333333333333, 0.5, 0.5, 0, 0.3333333333333333, 0.3333333333333333, 0.5, 0, 0.3333333333333333, 0.5]
Trust scores at iteration 41: [-0.5406397234857427, -0.1444065006122449, -1.3196974775175434, -0.6531764173292643, -0.8390533216859808, -0.7414409551433063, -0.8398650496549348, -0.9037432096733145, -0.3930194974221358, -0.9062069567676265]
X.shape (10, 5)
s1 and s2 score at iteration 41
S_1 [0.16866839794238528, 0.20698956548566755, -0.010325488876770872, 0.2143830226210802, 0.2182213527507631, -0.31168615020790613, -0.21458973992149266, 0.11552052334201852, 0.16124340942991428, -0.15703760470197092]
S_2 [0.3333333333333333, 0.3333333333333333, 0.5, 0.3333333333333333, 0.3333333333333333, 0.5, 0.5, 0.5, 0.3333333333333333, 0.5]
Trust scores at iteration 42: [-0.4759500741279043, -0.1017794870826955, -1.2924593881239719, -0.5562843581900205, -0.7218146561840494, -0.9101271309470588, -0.9542143570270093, -0.8604315744212724, -0.3464943738715942, -0.987548790294561]
X.shape (10, 5)
s1 and s2 score at iteration 42
S_1 [0.047623427151081, 0.2025186700216766, 0.022318004093566508, 0.16150380832503247, 0.07902102727795547, -0.12665367251519546, 0.05712891459004029, -0.15249523737667553, -0.08926839099744524, -0.29452321433327655]
S_2 [0.5, 0.5, 0.3333333333333333, 0.3333333333333333, 0.5, 0.5, 0.3333333333333333, 0.5, 0.5, 0]
Trust scores at iteration 43: [-0.5048394929924622, -0.09160153837442596, -1.21885989542713, -0.48757497450528386, -0.7106140585174746, -0.9816536753448296, -0.8972503791393045, -0.9496877646197124, -0.45592402854438674, -1.0342240655821129]
X.shape (10, 5)
s1 and s2 score at iteration 43
S_1 [0.08659596635927927, 0.027405263853494774, -0.04016045916627734, -0.06710084567191266, 0.029472639477338396, -0.18649134515069837, -0.2683134692517237, -0.19219775856973517, -0.03461058302157037, 0.007269623769366684]
S_2 [0.5, 0.5, 0.5, 0, 0.5, 0.5, 0, 0, 0.5, 0.5]
Trust scores at iteration 44: [-0.454355543693216, -0.15079410925883394, -1.2433507301808917, -0.5163047417542647, -0.7055179964150434, -1.198846312335594, -1.1173705690487048, -1.0766666915557528, -0.5502995185106991, -1.022406783286612]
X.shape (10, 5)
s1 and s2 score at iteration 44
S_1 [0.006015783659579283, -0.14563807783233784, -0.17756373150430804, -0.2430188540198327, -0.15996281374282317, 0.03173796970072128, 0.08387385903181564, -0.12492067980062756, -0.009242985964238571, 0.026655109659989726]
S_2 [0.5, 0.5, 0.5, 0, 0.5, 0.25, 0.25, 0.5, 0.25, 0.25]
Trust scores at iteration 45: [-0.5017475714465944, -0.4093541129413726, -1.4307189620470493, -0.7544175282622998, -0.9256845154360258, -1.0911215601548367, -0.9556335121438344, -1.2179387754784659, -0.5562896700278699, -0.9383861082251443]
X.shape (10, 5)
s1 and s2 score at iteration 45
S_1 [-0.05724226736911972, 0.2699216039144956, -0.6092923491007833, -0.081125005820511, 0.387719405204912, 0.35045228110674786, 0.364033868270161, -0.0941500044705332, 0.36519420446965706, 0.30147268473537336]
S_2 [0.5, 0.2, 0, 0, 0.2, 0.2, 0.2, 0, 0.2, 0.2]
Trust scores at iteration 46: [-0.5663366529441786, -0.3388009316076263, -1.4447948229371352, -0.6998994136990646, -0.7731160638924233, -0.931621284173696, -0.8061790986346022, -1.120427924058954, -0.44647036858034456, -0.8067921205274273]
X.shape (10, 5)
s1 and s2 score at iteration 46
S_1 [-0.019399253570531863, -0.11639728639714801, -0.051230631417300616, -0.04424822033254596, -0.1767354361304361, -0.14206767465400358, -0.04254582146623972, -0.18203773135271792, -0.12225283809877811, -0.04393086700417624]
S_2 [0.3333333333333333, 0.5, 0.3333333333333333, 0, 0.3333333333333333, 0.3333333333333333, 0.3333333333333333, 0, 0.3333333333333333, 0.5]
Trust scores at iteration 47: [-0.4763696543164274, 0.19508825970709565, -1.102896426743619, -0.4018170863429235, 0.1485713316022823, -0.1727900439484581, -0.5729110589871026, -0.07001020557219406, 0.16170351732692878, -0.5996564273299216]
X.shape (10, 5)
s1 and s2 score at iteration 47
S_1 [0.18535839322700742, -0.2994470959288153, 0.2645740613254812, -0.4065515589590755, -0.09774944592218236, 0.1744129617523545, 0.22384511321509207, -0.0679565227738499, 0.11788771112925062, 0.13104111530083812]
S_2 [0.3333333333333333, 0.5, 0.3333333333333333, 0.5, 0.5, 0.3333333333333333, 0.3333333333333333, 0.5, 0.3333333333333333, 0.3333333333333333]
Trust scores at iteration 48: [-0.4253401848608756, -0.037601387704923994, -0.9592734507359237, -0.615298044760082, -0.0032317687598970024, -0.15625553649639579, -0.49768077740843686, -0.18869444018828854, 0.12342404570243021, -0.5568283649108603]
X.shape (10, 5)
s1 and s2 score at iteration 48
S_1 [-0.1528167857985133, -0.14619780830944787, 0.12237525690055223, -0.11231341594387473, 0.04041595168363459, 0.10951578339879417, -0.21804373388686116, 0.13734482286217464, 0.11626097639116113, 0.10662845467041694]
S_2 [0.5, 0.5, 0.5, 0.5, 0.5, 0.25, 0.5, 0.25, 0.25, 0.25]
Trust scores at iteration 49: [-0.5940712163518553, -0.24028705829424787, -0.8742453632023439, -0.7355430124257082, -0.07348196273153512, -0.1108921513678856, -0.7066691269889693, -0.11982499616945971, 0.1457306100327688, -0.4735099448947816]
X.shape (10, 5)
s1 and s2 score at iteration 49
S_1 [0.151385445461301, 0.21823096732354474, -0.40797939364601626, 0.0965981640014548, -0.15258215486682575, 0.1268096742375321, 0.09432650489409099, 0.23492661264984666, 0.045683964552576124, -0.1331992124438576]
S_2 [0.3333333333333333, 0.3333333333333333, 0, 0.5, 0.5, 0.5, 0.5, 0.3333333333333333, 0.3333333333333333, 0]
Trust scores at iteration 50: [-0.536891299308881, -0.1900317684001162, -0.9604833119638236, -0.7208702687419516, -0.23108262565563498, -0.1458245159886278, -0.6958507372691686, -0.07450916321918041, 0.08393694002197483, -0.48285717243363885]
X.shape (10, 5)
s1 and s2 score at iteration 50
S_1 [-0.1381252057261909, 0.14665537747003385, -0.24346388649989598, 0.02870718466348155, 0.1205976590015046, -0.355521334973115, 0.27036362201209363, 0.15982205998061993, 0.1312917651445057, 0.1916146951227066]
S_2 [0.3333333333333333, 0.3333333333333333, 0.5, 0.3333333333333333, 0.3333333333333333, 0.5, 0.5, 0.3333333333333333, 0.3333333333333333, 0.5]
Trust scores at iteration 51: [-0.6009575160594629, -0.18345150443378727, -1.054485515187714, -0.704831917678317, -0.23003530280871323, -0.362739538912137, -0.6262656635422518, -0.07461116934375768, 0.0574377593548466, -0.4636984976168128]
X.shape (10, 5)
s1 and s2 score at iteration 51
S_1 [0.0626350610518341, 0.07380244775149729, 0.017596325002692197, -0.164606379082266, -0.016953629967395467, 0.12140793132248565, 0.09120000941793455, -0.26206148463343987, -0.22141601654033113, 0.02560857333593953]
S_2 [0.25, 0.3333333333333333, 0.3333333333333333, 0, 0.3333333333333333, 0.25, 0.25, 0.5, 0.5, 0.25]
Trust scores at iteration 52: [-0.539271180239161, -0.1709842015514584, -1.0012100755809759, -0.7699299661879726, -0.28766262570417156, -0.27646558502092333, -0.5385204386090515, -0.38300208265059243, -0.2306796178177783, -0.44623564918775643]
X.shape (10, 5)
s1 and s2 score at iteration 52
S_1 [-0.1834437489676726, -0.24443956222133809, -0.09218838142197316, -0.012015295473701025, -0.044961230729321136, -0.07956272590906306, -0.032357081177805655, -0.08158765549522029, -0.04907254811803351, -0.12698551295633206]
S_2 [0.5, 0.5, 0.5, 0.5, 0.5, 0.5, 0.5, 0.5, 0.5, 0.5]
Trust scores at iteration 53: [0.9414078130856385, 1.7805174736577576, -0.2338305214165607, -0.6929369695691754, 0.015303595808011772, 0.31335966133124515, -0.31536930636011173, 0.23432974555089398, 0.10080566691242865, 0.5552534188247784]
X.shape (10, 5)
s1 and s2 score at iteration 53
S_1 [-0.17177381435153874, 0.2666198858185283, -0.11094947689311635, 0.2032452655354238, -0.19857258688196083, 0.28730923332561065, -0.1376391942031678, 0.07194029374124351, 0.21574404666670946, 0.00896982716457888]
S_2 [0.3333333333333333, 0.25, 0, 0.25, 0.3333333333333333, 0.25, 0.3333333333333333, 0.5, 0.25, 0.3333333333333333]
Trust scores at iteration 54: [0.7208132805244888, 1.6452646533339002, -0.2490642152836819, -0.6029023280269219, -0.12200801634519905, 0.33202369519812064, -0.3984053322826691, 0.13593609636259948, 0.11581633351343587, 0.4361834217267638]
X.shape (10, 5)
s1 and s2 score at iteration 54
S_1 [0.009062466317334553, 0.29755389091645035, 0.32597673128217985, 0.10250598843852492, 0.1520673352853811, 0.2712535634554702, -0.1104819450294712, 0.21055129041338919, 0.11867189830863643, -0.2807505761778044]
S_2 [0.5, 0.3333333333333333, 0.25, 0.3333333333333333, 0.25, 0.25, 0.5, 0.25, 0.5, 0]
Trust scores at iteration 55: [0.5515120485487411, 1.5053522362934872, -0.1741577937553137, -0.5778329626661072, -0.1131574631510364, 0.3320338796506537, -0.49245738537334194, 0.1369333823970881, 0.04063972141678694, 0.30643912354688574]
X.shape (10, 5)
s1 and s2 score at iteration 55
S_1 [0.3041296478536661, -0.1814026836885424, 0.4418709032949897, 0.048604556349510365, 0.3251980080203729, 0.5227057300239045, 0.31899155797586576, 0.36799914574228937, 0.5057265995349596, 0.29770403896746994]
S_2 [0.3333333333333333, 0, 0.25, 0.3333333333333333, 0.3333333333333333, 0.25, 0.3333333333333333, 0.25, 0.25, 0.25]
Trust scores at iteration 56: [0.45454456550609157, 1.3201124603187402, -0.14720670552162576, -0.6107510202286791, -0.13962736001120446, 0.3238304916855883, -0.482184659823396, 0.11864278218082892, 0.058327433920277824, 0.25774963542509305]
X.shape (10, 5)
s1 and s2 score at iteration 56
S_1 [-0.20848665296171812, 0.0644338281449964, 0.020940151853867224, -0.3176851768694692, 0.03725939640130012, -0.2600012750654811, 0.07334530813870647, 0.04279440773479685, -0.058969015099699734, -0.08080606289394866]
S_2 [0, 0.3333333333333333, 0.3333333333333333, 0.5, 0.5, 0.5, 0.3333333333333333, 0.5, 0, 0]
Trust scores at iteration 57: [0.12483654420470114, 1.2092845134600632, -0.1706026111323632, -1.0828122495287105, -0.17486465145991453, -0.16304186520226105, -0.40063286050772307, 0.06512498694958754, -0.027904474184755022, 0.12180257642811675]
X.shape (10, 5)
s1 and s2 score at iteration 57
S_1 [-0.18458302721239644, -0.04220321509386779, -0.14341205952936376, -0.03488928310164793, -0.12758514570458604, -0.19493841050396418, -0.00411233453416221, -0.11662554880851037, -0.08325489980989115, -0.02272360575997859]
S_2 [0.5, 0.3333333333333333, 0.5, 0.3333333333333333, 0.5, 0.5, 0.3333333333333333, 0.5, 0.3333333333333333, 0.5]
Trust scores at iteration 58: [4.500874572031096, 2.0479486830436433, 3.2338212955696073, -0.19279193018844365, 2.8451210059260013, 4.4935967684443145, -0.32723624112361743, 2.794606200334038, 1.9327360164376026, 0.5621942355690154]
X.shape (10, 5)
s1 and s2 score at iteration 58
S_1 [-0.07360492923279979, 0.19379016628540358, -0.20431519468154186, -0.07636886809842056, 0.1460879101194687, -0.0756103035480927, -0.1553573759811742, 0.04168255273527886, 0.15078956506319227, -0.21205650117541083]
S_2 [0.3333333333333333, 0.3333333333333333, 0.3333333333333333, 0.5, 0.3333333333333333, 0.3333333333333333, 0.3333333333333333, 0.3333333333333333, 0.3333333333333333, 0.5]
Trust scores at iteration 59: [3.946138681261756, 1.8764871480726124, 2.738341352555674, -0.3129207574847006, 2.5693268223737937, 3.9385538406568306, -0.44134711621508643, 2.4699880301873285, 1.750606489483947, 0.29654898033028043]
X.shape (10, 5)
s1 and s2 score at iteration 59
S_1 [0.17380335144838893, -0.02978700878724491, 0.15186407458785586, -0.18042685554056448, -0.09058838925302642, 0.24057905648545694, -0.2597163100845092, -0.06112814786850476, -0.07732369220790897, 0.21902877180429003]
S_2 [0.25, 0.5, 0.25, 0.5, 0, 0.25, 0.5, 0, 0.5, 0.25]
Trust scores at iteration 60: [3.5737685711698113, 1.5764570525988901, 2.477631612584713, -0.45662559051805185, 2.2747398278382436, 3.5946984565911473, -0.6051670677627756, 2.1975804701630994, 1.4434051823512923, 0.30793640950728135]
X.shape (10, 5)
s1 and s2 score at iteration 60
S_1 [-0.3212054475896553, -0.00859358657823576, -0.002508187532957574, 0.01719369236635361, -0.1903982875766538, 0.0657031153442677, 0.06564963747219524, 0.06559088081742061, 0.01617254997067452, -0.30593471054081994]
S_2 [0.3333333333333333, 0.5, 0.5, 0.5, 0.3333333333333333, 0.3333333333333333, 0.3333333333333333, 0.3333333333333333, 0.5, 0.3333333333333333]
Trust scores at iteration 61: [2.660851048175289, 1.3057319270813657, 2.126050995304841, -0.48479426872758047, 1.6908133948993824, 3.268561944265366, -0.5113984208592437, 2.0109849357720653, 1.2236792503286045, -0.2551558684326764]
X.shape (10, 5)
s1 and s2 score at iteration 61
S_1 [0.011908450540192992, 0.18621080731311188, 0.34696007408704244, -0.2020261808761634, -0.10681380857865858, 0.4158373540690455, 0.4125638483989597, 0.40656057546178537, 0.3663095569258219, 0.3027221206998173]
S_2 [0.5, 0.25, 0.25, 0, 0, 0.25, 0.25, 0.25, 0.5, 0.5]
Trust scores at iteration 62: [2.2976296713090054, 1.1699384554567258, 1.9468823813839287, -0.4848978224118358, 1.4960456163405473, 2.9917057498388293, -0.411045786954127, 1.8576555751223158, 1.0894009481594467, -0.2568420787012783]
X.shape (10, 5)
s1 and s2 score at iteration 62
S_1 [-0.1902725870149863, -0.14151012798567503, 0.07200855500180231, -0.21431207965888194, -0.11563180273472905, 0.08799094861556266, 0.08799094861556268, 0.08799094861556268, -0.16325083721351064, -0.047260954417682986]
S_2 [0, 0.5, 0.5, 0, 0, 0.3333333333333333, 0.3333333333333333, 0.3333333333333333, 0, 0.5]
Trust scores at iteration 63: [1.8516256134651299, 0.7921211045253567, 1.7340304640657735, -0.6799695462469457, 1.2150277621416736, 2.7258685081882796, -0.336607874925381, 1.7052233509434178, 0.7949294551916732, -0.38486902540020584]
X.shape (10, 5)
s1 and s2 score at iteration 63
S_1 [-0.051020823971430346, -0.08019114464026761, -0.07579939360745706, -0.07040042692719578, -0.13432977685589698, 0.07036227382058988, 0.07036227382058986, 0.07036227382058988, 0.04548311148822973, -0.2593015760372428]
S_2 [0, 0, 0.5, 0.5, 0.5, 0.3333333333333333, 0.3333333333333333, 0.3333333333333333, 0.5, 0]
Trust scores at iteration 64: [1.5939514330348967, 0.5989400441142972, 1.35290009520124, -0.8120268154335839, 0.8026133374517737, 2.486614990702785, -0.2696137540995096, 1.5680343491824096, 0.6800778423335323, -0.7149057107965435]
X.shape (10, 5)
s1 and s2 score at iteration 64
S_1 [-0.2331363403312919, -0.08167181479981701, 0.05277961437450173, -0.3673752334568124, -0.1018599881542336, 0.13857946938940013, 0.13952179137484258, 0.14091053137280166, -0.1351782546818674, -0.028245711554844805]
S_2 [0.5, 0.5, 0.5, 0, 0.5, 0.3333333333333333, 0.3333333333333333, 0.3333333333333333, 0, 0.5]
Trust scores at iteration 65: [1.169106384703023, 0.381085989446765, 1.1550662033043366, -0.9915393763051885, 0.5500650091421189, 2.2696325398242743, -0.21030459269923046, 1.444564247597502, 0.5161380838432434, -0.7634602784866211]
X.shape (10, 5)
s1 and s2 score at iteration 65
S_1 [0.012668737937920017, 0.21446969882627506, 0.031980435865923536, -0.2160157609779805, -0.05418986561300399, -0.010732042774579472, -0.004593620497947574, 0.018424390239789843, 0.07666673864807244, 0.027886857478358715]
S_2 [0.5, 0.5, 0.5, 0.5, 0.5, 0.3333333333333333, 0.3333333333333333, 0.3333333333333333, 0.5, 0.5]
Trust scores at iteration 66: [0.9581027522141028, 0.34297739050208853, 0.9544709835311577, -1.0931063154046536, 0.3697915983056346, 1.9709986289456454, -0.2580826506805028, 1.2420318290449788, 0.40027139454737093, -0.7741115478641059]
X.shape (10, 5)
s1 and s2 score at iteration 66
S_1 [0.09090932942624735, -0.04813232077543717, 0.013057136419082904, 0.22043250391291455, 0.2207697721637224, 0.038346629230333, 0.03811981709553072, 0.037917618034410405, 0.1975199960054047, -0.44153308567264593]
S_2 [0.3333333333333333, 0.5, 0.25, 0.25, 0.25, 0.3333333333333333, 0.3333333333333333, 0.3333333333333333, 0.25, 0]
Trust scores at iteration 67: [0.8368041512443782, 0.18687760839874729, 0.8149382530242885, -0.9339484530805091, 0.3828124384750711, 1.7246016100989041, -0.2816742785166037, 1.0683371650360347, 0.39971302342515913, -0.8966974675617898]
X.shape (10, 5)
s1 and s2 score at iteration 67
S_1 [0.005074731457413236, -0.1075436075740828, 0.3616985112452178, 0.2691097079640287, 0.029555333839265355, 0.22975645512101212, 0.22995798559416514, 0.23060131448725263, 0.06597426404804334, 0.19685866904691351]
S_2 [0, 0.3333333333333333, 0.3333333333333333, 0.25, 0.3333333333333333, 0.25, 0.25, 0.25, 0, 0.3333333333333333]
Trust scores at iteration 68: [0.7545267641390336, 0.038456905832393556, 0.7334444277218596, -0.8411519446200262, 0.25270245685850756, 1.5406629864959638, -0.2649295954524489, 0.950258567040761, 0.3779818470430499, -0.8526015446045562]
X.shape (10, 5)
s1 and s2 score at iteration 68
S_1 [-0.20932173634628626, 0.14616226605313343, 0.2290722624306883, -0.48875469649944125, 0.17634917252147841, 0.3317468692428197, 0.32864288170846134, 0.3236669174213598, -0.02850887165149564, -0.005469649685490414]
S_2 [0.5, 0.25, 0.25, 0.5, 0.5, 0.25, 0.25, 0.25, 0.5, 0.5]
Trust scores at iteration 69: [0.5159772642874163, 0.02866958613498494, 0.6791503012204868, -1.0043643489428975, 0.1805899615152534, 1.4365966878463674, -0.18937228528995265, 0.9027971329219223, 0.23159010071250735, -0.8689901320592764]
X.shape (10, 5)
s1 and s2 score at iteration 69
S_1 [-0.12029787454962183, 0.1688086224664975, -0.07081258752357233, -0.44183181502859054, 0.05590041413598528, 0.2580529634762212, 0.2565342884089598, 0.25365210365714563, 0.061778253573777836, -0.10336496720111847]
S_2 [0.5, 0.5, 0.5, 0, 0, 0.3333333333333333, 0.3333333333333333, 0.3333333333333333, 0.5, 0]
Trust scores at iteration 70: [0.31776202456640557, -0.008781102813370675, 0.48379416498996386, -1.0751454071851685, 0.18419334559100892, 1.326270352395064, -0.13769023636186956, 0.8441453434379056, 0.13237123561830533, -0.822146836799267]
X.shape (10, 5)
s1 and s2 score at iteration 70
S_1 [-0.04608528890899834, -0.1785165697325506, -0.08050279473270809, 0.20225683187397736, 0.1456755773932528, 0.1947423052585592, 0.1960015948803054, 0.19825814124191068, -0.2463926928222355, -0.18506608074340924]
S_2 [0, 0.5, 0.5, 0.25, 0.5, 0.25, 0.25, 0.25, 0.5, 0.5]
Trust scores at iteration 71: [0.2632002931948687, -0.1961653113266744, 0.29561248619563607, -0.9176308664666517, 0.1377990576241639, 1.2399279783233443, -0.07701393247992531, 0.8077537729687998, -0.1026875789782974, -0.9314326868855968]
X.shape (10, 5)
s1 and s2 score at iteration 71
S_1 [0.2736713881255482, 0.30579490486974825, 0.3106542850496479, 0.3605701271923152, -0.3157801479029812, 0.3921158360517649, 0.3927051047268002, 0.3862041163848282, -0.17160049468702152, -0.22504251155504512]
S_2 [0.25, 0.16666666666666666, 0.16666666666666666, 0.16666666666666666, 0, 0.16666666666666666, 0.16666666666666666, 0.16666666666666666, 0.5, 0.5]
Trust scores at iteration 72: [0.25656904174750494, -0.13201327475008892, 0.31182415504275507, -0.7673840924799679, 0.04360763082418288, 1.1824517934232224, -0.002645872565266119, 0.7919896246415148, -0.23611585802283225, -0.9955951442612816]
X.shape (10, 5)
s1 and s2 score at iteration 72
S_1 [0.2818780975176398, 0.3682225903382268, -0.2913639939393693, 0.2968667615027043, 0.08868602816229766, 0.42871432226977785, 0.43290572308513625, 0.43881714516338427, -0.4340550865898684, 0.27304130283978306]
S_2 [0.3333333333333333, 0.2, 0.5, 0.3333333333333333, 0.2, 0.2, 0.2, 0.2, 0.5, 0.2]
Trust scores at iteration 73: [0.22848136064387103, -0.07489941231678279, 0.11424415294671461, -0.6896607631785764, 0.01945711457003684, 1.121904328720139, 0.05627158818460426, 0.7727906621773633, -0.4114190688218206, -0.873813516171358]
X.shape (10, 5)
s1 and s2 score at iteration 73
S_1 [-0.30775219777927343, -0.07100594940395234, 0.0320121077771207, -0.0038543180385903148, -0.011413920631229047, 0.13724349870891533, 0.137224425429982, 0.13711347662263046, -0.06386375398763966, -0.10835061107094421]
S_2 [0, 0.3333333333333333, 0.3333333333333333, 0.3333333333333333, 0, 0.25, 0.25, 0.25, 0, 0.25]
Trust scores at iteration 74: [-0.018604863690180495, -0.21914667544955413, 0.026144782611015202, -0.7235030661827623, 0.009194855707434559, 1.034713895848125, 0.07563053196545619, 0.7204168577115438, -0.4168103344311753, -0.9403798830911483]
X.shape (10, 5)
s1 and s2 score at iteration 74
S_1 [0.05336623147249572, 0.40742325082357583, 0.2709590388712625, 0.2995099608423235, 0.009965581666003785, 0.1481779902827022, 0.14601493537577265, 0.14224638700318432, -0.13113958535850193, 0.2430910039839959]
S_2 [0.3333333333333333, 0.25, 0.25, 0.25, 0.3333333333333333, 0.3333333333333333, 0.3333333333333333, 0.3333333333333333, 0, 0.25]
Trust scores at iteration 75: [-0.10364590261098822, -0.17223200790459872, 0.015035845779750819, -0.6526395370773338, -0.08927862766636525, 0.8676120531615741, 0.0039061146544704523, 0.5832888364687746, -0.4073168565812678, -0.8616764231888916]
X.shape (10, 5)
s1 and s2 score at iteration 75
S_1 [0.38558967446735715, 0.13108744194828906, 0.32848096082901795, 0.4347901725702604, -0.716162110838535, 0.44739999669709246, 0.44936810030186286, 0.44061610260832873, 0.3997812620836585, 0.11391802472201351]
S_2 [0.25, 0.25, 0.25, 0.2, 0, 0.2, 0.2, 0.2, 0.2, 0]
Trust scores at iteration 76: [-0.10747422586370192, -0.22583730120167395, -0.0133693233547691, -0.570619678293519, -0.2397216927331582, 0.8004128764799707, 0.023515503189023398, 0.5430123295509851, -0.35761996359865456, -0.7501580662452907]
X.shape (10, 5)
s1 and s2 score at iteration 76
S_1 [0.08240571984853594, 0.01855625961265485, -0.12821669051156545, 0.1465497232035949, 0.14770050257071132, 0.26639114992064683, 0.2619611897439771, 0.25397804937716956, 0.10502403883945984, -0.4365706074456436]
S_2 [0.25, 0.5, 0.5, 0.5, 0.25, 0.25, 0.25, 0.25, 0.5, 0.5]
Trust scores at iteration 77: [-0.11579269759360945, -0.2962877767530604, -0.16016337830988303, -0.5585447255180646, -0.21030454992573336, 0.7703715888319738, 0.0695009996609062, 0.5340513695189267, -0.3824332195057114, -0.9390255596386827]
X.shape (10, 5)
s1 and s2 score at iteration 77
S_1 [-0.0010838556963870876, -0.0013023473790718294, -0.06302248068271764, 0.05923294752135561, -0.2136242183711499, 0.18271494412037134, 0.18397794766312806, 0.185933696728254, -0.3602317223850981, -0.1072673838617858]
S_2 [0.3333333333333333, 0.3333333333333333, 0.3333333333333333, 0.5, 0, 0.3333333333333333, 0.3333333333333333, 0.3333333333333333, 0, 0]
Trust scores at iteration 78: [-0.17146302041238734, -0.33402610219138484, -0.24470884384841857, -0.5708332262069151, -0.3041667809444354, 0.7249366340330705, 0.09483238008296474, 0.5139795659003674, -0.5379319296471414, -0.902814205296304]
X.shape (10, 5)
s1 and s2 score at iteration 78
S_1 [-0.017769497230795097, -0.07305520674001917, 0.03537308825365245, -0.14836011901177223, 0.14382868104660493, 0.18457371764112046, 0.18251834788767016, 0.18206222777400388, -0.4140885772924718, -0.2240397406639208]
S_2 [0, 0.5, 0.5, 0.5, 0.25, 0.25, 0.25, 0.25, 0.5, 0.5]
Trust scores at iteration 79: [-0.16394403555253928, -0.44020399545544836, -0.30107321125038267, -0.6941297761422064, -0.2458253132944924, 0.7024429706297635, 0.13423556546163892, 0.5112209118615206, -0.8084873506587751, -1.0339150397958197]
X.shape (10, 5)
s1 and s2 score at iteration 79
S_1 [0.2177982108742419, 0.06278609560857279, -0.07484179650402041, -0.4097440056486536, 0.1928218378907738, 0.23485673157124046, 0.241916120021763, 0.25126780449490954, 0.08170550245913889, -0.10148672153627834]
S_2 [0.25, 0.3333333333333333, 0.3333333333333333, 0, 0.3333333333333333, 0.25, 0.25, 0.25, 0.3333333333333333, 0.3333333333333333]
Trust scores at iteration 80: [-0.13586991936476053, -0.47119587584175415, -0.4007515591068778, -0.7877874340486438, -0.2445032099063076, 0.6506673660812706, 0.14209020918393162, 0.4850988206753686, -0.7951213169189267, -1.0709133986322414]
X.shape (10, 5)
s1 and s2 score at iteration 80
S_1 [0.34370453257683403, 0.5582022740695767, 0.11610773432619707, -0.5276357381091826, 0.602860154075055, 0.5247555875427292, 0.5247555875427292, 0.5572112942532361, 0.5897696298585114, 0.4820499527093044]
S_2 [0.2, 0.14285714285714285, 0.3333333333333333, 0, 0.14285714285714285, 0.14285714285714285, 0.14285714285714285, 0.14285714285714285, 0.14285714285714285, 0.14285714285714285]
Trust scores at iteration 81: [-0.12527061200926884, -0.3743410993282554, -0.4414169226116195, -0.7965307692788675, -0.1629100317728197, 0.6297878175434347, 0.17206837633582958, 0.4861597478199617, -0.6606377312077799, -0.9267187083922201]
X.shape (10, 5)
s1 and s2 score at iteration 81
S_1 [0.16077066534571927, 0.02291308017776152, 0.12859637327163753, -0.00224833407889325, -0.3449095695083113, -0.22008560057553195, 0.07214116638140038, 0.12245705372734281, -0.22889525854060425, 0.11549809021565853]
S_2 [0.5, 0.5, 0.3333333333333333, 0.3333333333333333, 0, 0.5, 0.5, 0.3333333333333333, 0.5, 0.5]
Trust scores at iteration 82: [-0.11274355080834196, -0.42265496143467624, -0.38395443599921686, -0.7849428318510207, -0.36115416705915104, 0.32991490768290815, 0.09973363413474913, 0.4470458859580554, -0.836947728854443, -0.8622065612393479]
X.shape (10, 5)
s1 and s2 score at iteration 82
S_1 [-0.11817995437869182, -0.06757823544738048, -0.01701985099756207, -0.1703538959876407, -0.14052749767744213, -0.09291383526352003, -0.0759655035757317, -0.06496401342446032, -0.1777828131046428, -0.023997089559275406]
S_2 [0.5, 0.5, 0.5, 0.5, 0.5, 0.5, 0.5, 0.5, 0.5, 0.5]
Trust scores at iteration 83: [0.4928961920518561, -0.0833340771032603, -0.34555899239929516, 0.1944644206194308, 0.40062945142815043, 0.7428379215529306, 0.4360949864988273, 0.6840368447190732, 0.19130855711421468, -0.7349911950987816]
X.shape (10, 5)
s1 and s2 score at iteration 83
S_1 [0.19320873397948088, 0.3282446406889123, 0.27194053537511687, -0.27941009776845244, 0.2611609295377864, 0.22767822701883603, 0.2569247268191053, -0.2114913150733556, -0.24996897096537335, -0.06508766079674155]
S_2 [0.2, 0.2, 0.2, 0, 0.25, 0.2, 0.2, 0.3333333333333333, 0.3333333333333333, 0.3333333333333333]
Trust scores at iteration 84: [0.44246777270479426, -0.035000669392934294, -0.2881561851932906, 0.08989546225926794, 0.36512939845919323, 0.6779164886858167, 0.4107578173772736, 0.45120215700839794, -0.003975551378651743, -0.7813210850314146]
X.shape (10, 5)
s1 and s2 score at iteration 84
S_1 [-0.03340480550196126, 0.12723227528605202, -0.09239558591066406, 0.08997298758732447, 0.10840733030648224, -0.2675790017149987, 0.01232670161774382, -0.1414432211418142, -0.18994610018808553, -0.015118001635415941]
S_2 [0.3333333333333333, 0.5, 0.5, 0.5, 0.5, 0, 0.5, 0.3333333333333333, 0.5, 0.3333333333333333]
Trust scores at iteration 85: [0.30529935106890127, -0.031500602453640864, -0.431960179663617, 0.05162145372614846, 0.31382072778377623, 0.39981735210359487, 0.2793703805111837, 0.2282459814534419, -0.25286881082461454, -0.7817378496566467]
X.shape (10, 5)
s1 and s2 score at iteration 85
S_1 [-0.11462712634652633, 0.005237207320116449, -0.032029203614885385, 0.03189165502685329, -0.09701528276162605, -0.12518492888045063, -0.23107377066510443, 0.08770734492734432, -0.28498011041479704, 0.03524358070009592]
S_2 [0, 0.5, 0.5, 0.5, 0.5, 0, 0.5, 0.5, 0.5, 0.5]
Trust scores at iteration 86: [0.1440766827120399, -0.12237931217679549, -0.52528243008335, -0.0171792500211704, 0.07182615973263409, 0.2171053484258086, -0.11202665722014732, 0.20542138330809773, -0.6525035319761177, -0.7633809070212438]
X.shape (10, 5)
s1 and s2 score at iteration 86
S_1 [-0.2778377098857985, -0.1663726888984124, 0.004430481190937425, 0.07226219231351914, 0.07767018516826786, 0.019419165891064134, -0.2068640248360756, -0.28857368206710904, 0.023832125659659746, 0.07162967578224115]
S_2 [0.5, 0, 0.5, 0.25, 0.25, 0.25, 0.5, 0.5, 0.25, 0.25]
Trust scores at iteration 87: [-0.32804573708689566, -0.32434543948939465, -0.5670499632710688, 0.02757590948343607, 0.11464354375937068, 0.1703968988093588, -0.46716045559683, -0.2866580205022923, -0.6065694284977143, -0.6448199438912249]
X.shape (10, 5)
s1 and s2 score at iteration 87
S_1 [-0.013322407174206815, 0.07978521910919485, 0.06058094750801805, 0.14328676669951018, -0.1301858778801346, -0.07465505339802453, -0.16385591656997545, -0.11658590524571125, -0.20660122274624199, -0.008979526737762157]
S_2 [0.5, 0.5, 0.3333333333333333, 0.5, 0.5, 0.5, 0.3333333333333333, 0.3333333333333333, 0.5, 0.3333333333333333]
Trust scores at iteration 88: [-0.404538886734715, -0.33622869895874696, -0.5347321203635583, 0.024818318535092466, -0.08767768517578527, 0.0012553609227482498, -0.6014663101592529, -0.4060243230661196, -0.7900997176618454, -0.6532714382519229]
X.shape (10, 5)
s1 and s2 score at iteration 88
S_1 [-0.06574365006607365, 0.13771769164935138, 0.1541255504168304, -0.07587788000879059, -0.025393261361890948, -0.14186557068199726, 0.1209568032035727, -0.13533796369101522, -0.2199299636086736, -0.060233737740470444]
S_2 [0.5, 0.5, 0.5, 0, 0.3333333333333333, 0.3333333333333333, 0.5, 0.5, 0.3333333333333333, 0.5]
Trust scores at iteration 89: [-0.5067409041639441, -0.3132516037077019, -0.48125890832720253, -0.026894727613243238, -0.1620522820608813, -0.1575823010727207, -0.5628402817452669, -0.5532320970004557, -0.9204517430989426, -0.7270252499059286]
X.shape (10, 5)
s1 and s2 score at iteration 89
S_1 [-0.04326143392030944, -0.13712830685070818, 0.004954280920225719, -0.04758881205758506, -0.19724661908448254, -0.12907475416809058, -0.03698216486200496, -0.01605933750960442, -0.18974998848020763, -0.1709178502804243]
S_2 [0.5, 0, 0.25, 0.25, 0.5, 0.5, 0.25, 0.25, 0.5, 0]
Trust scores at iteration 90: [-1.429279992751909, -3.0498015206440243, -0.3831330174944823, -1.0347646745510524, -4.227184048275689, -2.8471416992239984, -1.303025124785254, -0.8720596120613457, -4.758427343460068, -4.104225002007794]
X.shape (10, 5)
s1 and s2 score at iteration 90
S_1 [0.0390420889901805, -0.15688068228139537, 0.1248419812908097, 0.12359758156077302, -0.01464677559005561, 0.23913338014412114, 0.2134073218889578, 0.2625665441873164, -0.1602551710287449, 0.23309101825389142]
S_2 [0.3333333333333333, 0.5, 0.25, 0.25, 0.5, 0.25, 0.3333333333333333, 0.25, 0.5, 0.3333333333333333]
Trust scores at iteration 91: [-1.3381492528047532, -2.904570291568636, -0.34727291892169365, -0.9342153471688279, -3.910043953371568, -2.521352186521628, -1.1581118555493692, -0.7348536508552113, -4.443618725827125, -3.671695094466902]
X.shape (10, 5)
s1 and s2 score at iteration 91
S_1 [0.3814628418905715, -0.16821968201128593, 0.38201203671614004, 0.2999453402078701, 0.04307492804723403, 0.43542847610215357, 0.3566731372958036, 0.2744593288888054, -0.6642032921977482, 0.3937847964740705]
S_2 [0.2, 0, 0.2, 0.25, 0.5, 0.2, 0.2, 0.3333333333333333, 0, 0.2]
Trust scores at iteration 92: [-1.1567280126352446, -2.652746399940385, -0.26481318469230836, -0.8219087126778317, -3.609147019899829, -2.2092169678694655, -1.0003875299791876, -0.6650029405326576, -4.151797012800244, -3.254089424298907]
X.shape (10, 5)
s1 and s2 score at iteration 92
S_1 [-0.22816778376048552, 0.133287181440985, 0.13347647518974173, -0.2313168229447452, 0.11125649344095281, -0.20937293270471274, -0.23066126597795641, 0.025770560319508196, 0.039475251505623095, 0.04824445845531514]
S_2 [0.5, 0.2, 0.2, 0.5, 0.3333333333333333, 0.5, 0.5, 0.2, 0.2, 0.2]
Trust scores at iteration 93: [-1.3119975316840722, -2.3276135780071603, -0.17833186622307756, -1.0130194083085748, -3.2315460991464793, -2.245156569979633, -1.1731592034253766, -0.6191954537453357, -3.747042623209408, -2.932535941502084]
X.shape (10, 5)
s1 and s2 score at iteration 93
S_1 [-0.14704977221018936, -0.15662888848906917, -0.025075500262187227, 0.06542034825145779, -0.16306201379815133, 0.05720209963678978, 0.0994130911764545, -0.09061968655779677, -0.19730472408381003, -0.038409971844869106]
S_2 [0.5, 0.3333333333333333, 0.25, 0.25, 0.3333333333333333, 0.25, 0.25, 0.3333333333333333, 0.3333333333333333, 0.3333333333333333]
Trust scores at iteration 94: [-1.4287156940235748, -2.319072471250704, -0.2357222190415454, -0.8959108946438247, -3.1390828450701913, -2.0131011071473877, -1.005843283082839, -0.7150972564636304, -3.63747458699535, -2.744585748265839]
X.shape (10, 5)
s1 and s2 score at iteration 94
S_1 [0.10732818650762695, 0.08591496648568116, -0.09039791144254265, 0.2192846526437424, -0.2992085347434318, 0.1255319403997622, 0.07261858214582556, 0.2391471390400174, -0.4649316198904157, 0.15475739038251998]
S_2 [0.25, 0.5, 0.5, 0.25, 0.5, 0.25, 0.25, 0.3333333333333333, 0.5, 0.5]
Trust scores at iteration 95: [-1.2909645634696756, -2.1512396567822147, -0.34995011960819156, -0.7646253556769338, -3.050289389845476, -1.8092994881069915, -0.9248933052261932, -0.6102541974839341, -3.5681394979176058, -2.5054149669693198]
X.shape (10, 5)
s1 and s2 score at iteration 95
S_1 [-0.09308789012077869, -0.1388194571141325, 0.058276856969774186, -0.07112557312465874, 0.01110136016283525, 0.10475121441355345, 0.018418019703700612, -0.31897361527443896, 0.17535816938785886, 0.1939075915147995]
S_2 [0.5, 0.5, 0.5, 0.5, 0.3333333333333333, 0.3333333333333333, 0.3333333333333333, 0.5, 0.3333333333333333, 0.5]
Trust scores at iteration 96: [-1.3098744226019419, -2.1077062131818964, -0.3849011749908336, -0.8248429586066701, -2.8062020398882352, -1.6410150025664132, -0.8895722924093671, -0.8137265226575563, -3.1875583292401375, -2.254873470272388]
X.shape (10, 5)
s1 and s2 score at iteration 96
S_1 [0.05110053668322259, 0.09450723921417414, 0.16946427794201824, 0.12064249781376181, -0.11676982736630606, 0.1596589122514417, -0.1978360502041604, -0.22111375240354628, -0.04409100571934633, -0.09142079072992365]
S_2 [0.5, 0.3333333333333333, 0.5, 0, 0.5, 0.3333333333333333, 0.5, 0.5, 0.3333333333333333, 0.5]
Trust scores at iteration 97: [-1.24873281611092, -1.9078340220843955, -0.3464110574917502, -0.6711681444380448, -2.6944871112673914, -1.4493662649074828, -1.0173571002553552, -0.962831959986116, -2.9614870389946493, -2.183333062293391]
X.shape (10, 5)
s1 and s2 score at iteration 97
S_1 [-0.008507949439272753, 0.07736935568786929, -0.004759521688701529, -0.1980867820183547, -0.1477034928337815, -0.10167901769792541, 0.10226309340661291, -0.25407605123307087, 0.09592294911419255, -0.14052815305860702]
S_2 [0, 0.3333333333333333, 0.5, 0.5, 0.5, 0, 0.3333333333333333, 0.5, 0.3333333333333333, 0.5]
Trust scores at iteration 98: [-1.1321792020904062, -1.7080601231315398, -0.41642414469738537, -0.8977544299295541, -2.669473198574229, -1.4038584883671608, -0.8822880568964864, -1.2150020845054235, -2.6382048379698277, -2.2024180057739904]
X.shape (10, 5)
s1 and s2 score at iteration 98
S_1 [0.11862008201941417, 0.2188521526368727, 0.35397343478093524, 0.3938895772634553, -0.12334208723319035, 0.13649349666387145, 0.07486622483864165, -0.48558648582093966, 0.39165304053701316, 0.20876364753300633]
S_2 [0.3333333333333333, 0.25, 0.25, 0.25, 0.5, 0.3333333333333333, 0.5, 0, 0.25, 0.3333333333333333]
Trust scores at iteration 99: [-1.0555128886768048, -1.531692307391815, -0.33491557097556335, -0.7579789869365987, -2.533839753049331, -1.295486574938732, -0.8750523444085482, -1.2167817275286235, -2.324952162222497, -1.9958423205454523]
X.shape (10, 5)
s1 and s2 score at iteration 99
S_1 [-0.04503472804787388, -0.05823063377744976, -0.14159519523346198, -0.04265742828526306, -0.044721882759423535, -0.14974685416563924, -0.20142157520369752, -0.17428200485219117, -0.006486254522133423, -0.062006189990614434]
S_2 [0.3333333333333333, 0.3333333333333333, 0.3333333333333333, 0.5, 0.3333333333333333, 0.3333333333333333, 0.5, 0.3333333333333333, 0.3333333333333333, 0.3333333333333333]
Trust scores at iteration 100: [-0.32231804639116046, -0.5474353678357914, 1.8149133127505084, -0.12452221686037701, -1.657635428340134, 1.0760753120388535, 2.2178132257449272, 1.525173441614249, -2.059123612666914, -0.9069618064476966]
