Matplotlib created a temporary config/cache directory at /tmp/matplotlib-hsa93cfj because the default path (/users/raysuan/.config/matplotlib) is not a writable directory; it is highly recommended to set the MPLCONFIGDIR environment variable to a writable directory, in particular to speed up the import of Matplotlib and to better support multiprocessing.
Loaded dataset for Tower 2 without noise: 552960 chunks
Loaded dataset for Tower 3 without noise: 535674 chunks
Loaded dataset for Tower 4 without noise: 552958 chunks
Loaded dataset for Tower 5 without noise: 518399 chunks
Loaded dataset for Tower 6 without noise: 518400 chunks
Loaded dataset for Tower 7 with same noise: 518398 chunks
Loaded dataset for Tower 8 with same noise: 518398 chunks
Loaded dataset for Tower 9 with same noise: 518399 chunks
Loaded dataset for Tower 10 with random noise: 518399 chunks
Loaded dataset for Tower 11 with random noise: 518396 chunks
W, alpha, th 0.5 0.1 0.2
X.shape (10, 5)
s1 and s2 score at iteration 0
S_1 [-0.23644800833044707, 0.09262767953290613, 0.13136304836337995, 0.35664460235735335, -0.21665800316667794, 0.31109870123151484, 0.09983120307296116, 0.28183199340158643, 0.22131183124501463, 0.30940559292329084]
S_2 [0.5, 0.25, 0.5, 0.2, 0.5, 0.2, 0.25, 0.2, 0.2, 0.2]
Trust scores at iteration 1: [-1.496681419235882, -0.21625214280942648, -0.5685026417178739, 0.54, -1.4467409335824757, 0.42506398038184273, -0.19807390278224818, 0.3512088403549563, 0.1984849645949126, 0.4207913866924119]
X.shape (10, 5)
s1 and s2 score at iteration 1
S_1 [0.056546777769167694, -0.07207536617053481, -0.114551609551739, -0.030524557339044515, -0.13246235988832408, -0.13426905304243741, -0.09462351316748255, -0.016402226113766922, -0.04252486759366132, -0.14449597092374805]
S_2 [0.3333333333333333, 0.3333333333333333, 0.3333333333333333, 0.3333333333333333, 0.3333333333333333, 0.3333333333333333, 0.3333333333333333, 0.3333333333333333, 0.5, 0.3333333333333333]
Trust scores at iteration 2: [0.15033185807641183, -1.7687786350873658, -2.480056690140391, -1.031829656241161, -2.8529484920543062, -2.6945233763459404, -2.1258377108452917, -0.8259373775448708, -1.556978412945121, -2.857722529292137]
X.shape (10, 5)
s1 and s2 score at iteration 2
S_1 [0.26038753273556314, 0.05650805022177179, 0.07582527116225439, 0.14778155923535374, 0.35811319726935453, -0.05837312607891801, 0.30731310362760555, -0.413131090649817, 0.36550666763249656, 0.11588839953572647]
S_2 [0.25, 0.25, 0.3333333333333333, 0.25, 0.25, 0.3333333333333333, 0.25, 0, 0.25, 0.25]
Trust scores at iteration 3: [-0.018805379354634156, -0.7127360920904113, -0.9612984209956678, -0.41429520353943544, -0.07850005287497983, -1.3131865513257353, -0.1308758427275621, -1.0998610395884567, 0.06930215870548789, -0.6754161464107324]
X.shape (10, 5)
s1 and s2 score at iteration 3
S_1 [-0.10599550864155308, 0.17190673336861023, -0.3356889282479486, 0.033658865166877425, -0.12592371610039002, 0.055030236207422305, -0.037528020749355545, -0.2527415581716071, 0.10860080962259998, 0.13445477762781705]
S_2 [0.5, 0.2, 0.5, 0.2, 0.5, 0.2, 0.5, 0.5, 0.2, 0.2]
Trust scores at iteration 4: [-1.4568091082599626, 0.4687263907909589, -2.753594657484862, -0.2252119978835811, -1.5671106536027726, -0.2032135203529976, -1.109561672358635, -2.333188505034669, 0.21549857119354748, 0.2763825277923805]
X.shape (10, 5)
s1 and s2 score at iteration 4
S_1 [-0.11623178541032114, 0.038483913700062315, 0.02288692077554623, 0.09301188589638928, -0.21611228863968174, 0.07627698441300879, 0.28016176306620133, -0.28972379247424873, 0.27451568400633486, 0.22534493938308298]
S_2 [0.25, 0.25, 0.3333333333333333, 0.25, 0.5, 0.3333333333333333, 0.25, 0.3333333333333333, 0.25, 0.25]
Trust scores at iteration 5: [-0.9690673634396969, -0.2795004892486559, -0.801836839132504, -0.17372704461676253, -1.7509566242367525, -0.3752868932983796, 0.3390438327641365, -1.7640361988420021, 0.4534122244236357, 0.30154305415233335]
X.shape (10, 5)
s1 and s2 score at iteration 5
S_1 [0.12132087924551133, -0.03623901170677271, 0.1725534743980518, -0.02320004211150792, 0.14798674754747568, -0.1370614220683717, -0.06511033089699715, 0.046339603255257135, -0.39617577952901734, 0.09181140722686919]
S_2 [0.2, 0.5, 0.2, 0.5, 0.2, 0.5, 0.2, 0.25, 0.5, 0.2]
Trust scores at iteration 6: [0.1758756037500932, -1.1169645596431945, 0.4598163160867496, -1.0383788909392107, 0.23676983177950534, -1.6524101502326458, -0.665696415906098, -0.3847067020144184, -2.921022279190735, 0.14902189583864126]
X.shape (10, 5)
s1 and s2 score at iteration 6
S_1 [0.18397452379327306, 0.01481522614064277, -0.12556522983690802, 0.08883776960790064, -0.13586438035111997, -0.05116850629291056, 0.01918988880364097, -0.14823414179148062, 0.045397498108148096, -0.1332570390430943]
S_2 [0.25, 0.5, 0.5, 0.25, 0.3333333333333333, 0.3333333333333333, 0.25, 0.5, 0.25, 0.3333333333333333]
Trust scores at iteration 7: [0.4675875603750093, -0.9392206410979024, -1.4682811724097875, -0.11924514767200219, -1.2409690764765275, -1.0155564104057602, -0.4226930571202312, -1.6636293762092498, -0.5200184988520861, -1.2369888041580102]
X.shape (10, 5)
s1 and s2 score at iteration 7
S_1 [-0.31197753298957104, 0.09924136811896786, 0.13838056003968502, 0.0736224979533703, -0.037434436816955186, -0.33875896614375295, -0.14650142561132984, -0.00925073177246809, 0.13461490877776677, 0.16797596395036948]
S_2 [0.3333333333333333, 0.2, 0.2, 0.2, 0.3333333333333333, 0.3333333333333333, 0.3333333333333333, 0.2, 0.2, 0.2]
Trust scores at iteration 8: [-2.5247886075696737, -0.10219580276527486, 0.054602389283836206, -0.15746183927625534, -1.2246672293944836, -2.816595497692085, -1.727210674401855, -0.7559275205494755, 0.12925263826159744, 0.23630111958419892]
X.shape (10, 5)
s1 and s2 score at iteration 8
S_1 [-0.18280961273800245, 0.057614363770606546, -0.20368791155385807, -0.08606565217382342, -0.00762570802848592, -0.10022982027155412, 0.05671649856937284, -0.08602455945726722, -0.10580040886725744, 0.1063617460664008]
S_2 [0.5, 0.3333333333333333, 0.5, 0.5, 0.25, 0.3333333333333333, 0.25, 0.25, 0.25, 0.3333333333333333]
Trust scores at iteration 9: [-2.6993569212345405, -0.12270476116877688, -2.6180834896977676, -1.644006952682625, -0.6369930914831984, -1.729773101685546, -0.14280370428813022, -1.2535058070287397, -1.332324875458752, 0.32363011195841995]
X.shape (10, 5)
s1 and s2 score at iteration 9
S_1 [-0.08299808945522184, 0.03841100752395959, 0.20296106697338853, 0.013896373026928496, -0.0389759786449163, 0.08209056360709083, 0.11849507908013458, 0.2488299953568922, -0.2805719339439934, 0.2917883851303766]
S_2 [0.3333333333333333, 0.25, 0.3333333333333333, 0.3333333333333333, 0.5, 0.3333333333333333, 0.25, 0.25, 0.3333333333333333, 0.25]
Trust scores at iteration 10: [-1.1259372477587926, -0.3437945239088515, -0.2357897355337707, -0.72153834583428, -1.0839178735875827, -0.5197749518451755, -0.09879093833757384, 0.1921473980845244, -1.598636161639228, 0.482363011195842]
X.shape (10, 5)
s1 and s2 score at iteration 10
S_1 [-0.06838709105682249, -0.009206699542000263, -0.237181138368335, -0.051152857343564076, -0.004108715987454165, -0.16467948220865905, -0.10987877284485649, 0.006054285203747635, -0.06826906598477685, -0.15508409234563922]
S_2 [0.3333333333333333, 0.3333333333333333, 0.3333333333333333, 0.3333333333333333, 0.3333333333333333, 0.3333333333333333, 0.3333333333333333, 0.3333333333333333, 0.3333333333333333, 0.3333333333333333]
Trust scores at iteration 11: [-11.178679378131203, -2.303001727184141, -36.1817502270924, -8.576283811927437, -1.6191731206232969, -25.43241226162886, -17.243912300455218, 0.019214739808452442, -11.208404247891371, -23.905795415899167]
X.shape (10, 5)
s1 and s2 score at iteration 11
S_1 [-0.1751772127958285, 0.010487043294947287, -0.2895090908208345, -0.13777971543449857, -0.007627315548877572, 0.03295171394817506, 0.04074839379809004, 0.06730364773666248, 0.0736400456478331, -0.135559147080043]
S_2 [0, 0.3333333333333333, 0.5, 0.3333333333333333, 0.3333333333333333, 0.3333333333333333, 0.3333333333333333, 0.3333333333333333, 0.3333333333333333, 0.3333333333333333]
Trust scores at iteration 12: [-3.2588157078649833, -0.7021316078781736, -8.056442543411382, -3.141518482022652, -0.8551353965108123, -2.7405181928939593, -1.8263802077049869, 0.22448048287492292, -0.8208404247891372, -4.647330719549415]
X.shape (10, 5)
s1 and s2 score at iteration 12
S_1 [0.13647962062344338, 0.3388153406721433, -0.6236707926467084, 0.04683938292845443, 0.24271863542144376, 0.3296933718456559, 0.2870745954886258, 0.3644533462241685, 0.3187049683358848, -0.14041300819981983]
S_2 [0.25, 0.16666666666666666, 0, 0.16666666666666666, 0.2, 0.16666666666666666, 0.16666666666666666, 0.16666666666666666, 0.16666666666666666, 0.3333333333333333]
Trust scores at iteration 13: [-0.6638517154328105, 0.3164750182730215, -2.345769264022872, -0.6484842461007881, -0.026131549768247796, 0.09011009672874065, 0.07627887796705987, 0.4724480482874923, 0.2549425398641382, -1.7114762386430282]
X.shape (10, 5)
s1 and s2 score at iteration 13
S_1 [-0.02446346652499546, 0.11889686334515377, -0.23753838291942975, -0.18219512326943837, -0.09046524354470835, 0.03905651128974814, 0.185316561125745, 0.18505552800787375, 0.2510243380626018, 0.15064764532318053]
S_2 [0.25, 0.25, 0.3333333333333333, 0.3333333333333333, 0.3333333333333333, 0.25, 0.25, 0.25, 0.25, 0.25]
Trust scores at iteration 14: [-0.8290942759369959, -0.21707041797076798, -1.9862256003016763, -1.618074371576231, -1.2269590722636692, -0.5259593006481627, -0.0029548437407565, 0.035726188715722126, 0.25049425398641384, -0.3060291563193348]
X.shape (10, 5)
s1 and s2 score at iteration 14
S_1 [0.348645242711139, 0.2171363631423848, 0.23291496530615785, -0.09961784746567073, 0.33665976530195274, -0.40519823569878394, -0.44192578959307205, 0.312976740463877, 0.3243880494207563, 0.19544039402098667]
S_2 [0.14285714285714285, 0.14285714285714285, 0.14285714285714285, 0.3333333333333333, 0.14285714285714285, 0.3333333333333333, 0.3333333333333333, 0.14285714285714285, 0.14285714285714285, 0.14285714285714285]
Trust scores at iteration 15: [0.43137628669201467, 0.1530989460724614, 0.016914635977958004, -1.3189629974111323, 0.3606502491741281, -1.9985829892688636, -2.0410918065636667, 0.42578292787452243, 0.4767171220353027, 0.08819665133417542]
X.shape (10, 5)
s1 and s2 score at iteration 15
S_1 [0.07779930569517296, 0.005826598151978384, 0.057753604957802435, -0.1294925590070909, -0.08404899594996867, -0.15918083541433678, -0.19508256490525688, -0.26482287509134284, 0.022386506116695085, -0.06063936415896665]
S_2 [0.25, 0.25, 0.25, 0.3333333333333333, 0.3333333333333333, 0.5, 0.5, 0.3333333333333333, 0.25, 0.3333333333333333]
Trust scores at iteration 16: [0.49313762866920147, -0.36728669748411613, 0.21979825449486634, -2.2298955693363007, -1.536232808322314, -2.941298278278679, -3.360868503196499, -3.6209527432870297, -0.14335611156693756, -1.2926702422046128]
X.shape (10, 5)
s1 and s2 score at iteration 16
S_1 [-0.19937493915231502, 0.03012142549350442, -0.22000609043797031, -0.013678452971372913, -0.05223425314899157, -0.02439434945550586, -0.08895056830809712, -0.24966114887238713, -0.004063299361871183, -0.09623271624240443]
S_2 [0.3333333333333333, 0.25, 0.3333333333333333, 0.25, 0.5, 0.25, 0.5, 0.3333333333333333, 0.25, 0.5]
Trust scores at iteration 17: [-6.5078228034545695, 0.4132713302515884, -7.151596230467006, -1.0816889286446523, -2.6143338735042194, -1.4730101563730682, -3.8938465733630068, -8.421736719040645, -0.5857431928288387, -3.9046105114282965]
X.shape (10, 5)
s1 and s2 score at iteration 17
S_1 [-0.11330853965565003, 0.02318711980240633, 0.16883090362086955, -0.18252305527710563, 0.13727869629205897, 0.1812072669446425, -0.09440143521701927, 0.22963177244614316, -0.2350087349170453, -0.013236461425797054]
S_2 [0.5, 0.25, 0.3333333333333333, 0.5, 0.25, 0.25, 0.5, 0.25, 0.5, 0.3333333333333333]
Trust scores at iteration 18: [-1.9948745094118963, -0.3177951648177493, -0.6534575787687478, -1.7235348372174943, -0.17339448556112297, 0.1129079354712679, -1.6593739266358867, -0.39217367190406455, -1.8796483465059541, -1.0423389561745096]
X.shape (10, 5)
s1 and s2 score at iteration 18
S_1 [0.12397904310633587, -0.08814723313727793, 0.13553982980089968, -0.2911434381456189, -0.17666373316152562, 0.0022541671897037263, 0.12829225164320426, 0.032677493683493965, -0.18486621794473382, -0.20105828329183667]
S_2 [0.25, 0.3333333333333333, 0.25, 0.3333333333333333, 0, 0.25, 0.25, 0.25, 0.3333333333333333, 0.3333333333333333]
Trust scores at iteration 19: [-0.05125239922533134, -1.5170872444026753, 0.15965424212312523, -3.005579272155768, -1.1904068788379059, -0.6487412780312907, 0.010937857943502077, -0.4972350649524162, -2.315497703731681, -2.339283933886364]
X.shape (10, 5)
s1 and s2 score at iteration 19
S_1 [-0.02422469480609167, -0.20179027668427738, 0.13203825419015944, 0.13256357820601578, 0.05635024896020954, -0.03726619930347676, -0.2585467765126654, -0.10788751148000945, -0.10917297842883991, 0.1161839917174544]
S_2 [0.25, 0.5, 0.25, 0.25, 0.25, 0.25, 0.5, 0.25, 0.25, 0.25]
Trust scores at iteration 20: [-0.6195914200040625, -2.421702288838547, 0.46239889696049113, 0.14944207278442317, -0.18646785188676773, -0.7678816267483186, -2.6542307310180604, -1.2321928743717505, -1.4227464242026064, 0.10486739773888273]
X.shape (10, 5)
s1 and s2 score at iteration 20
S_1 [0.13735077450816563, 0.19594315595656178, 0.03577388800288916, 0.07649939021284136, 0.055348537442234, -0.23135992058716923, -0.20613812946365717, -0.2201493979142217, -0.02304947256268743, -0.011831375517230921]
S_2 [0.25, 0.25, 0.25, 0.25, 0.25, 0.3333333333333333, 0.3333333333333333, 0.3333333333333333, 0.3333333333333333, 0.25]
Trust scores at iteration 21: [-0.10608384322368769, -0.01717022888385472, -0.46444460234235707, -0.30868117667311396, -0.4394216072036203, -2.03946334268782, -2.112250307825023, -2.0344026439343192, -1.1481447617676162, -0.7188567656857687]
X.shape (10, 5)
s1 and s2 score at iteration 21
S_1 [0.04416236735708041, -0.21696016893434897, -0.00963734202777485, 0.07340529341305532, -0.025597408278955142, 0.08707860684262184, 0.12584536993889703, -0.19228513433811634, -0.13867270286069425, -0.22293382161723388]
S_2 [0.3333333333333333, 0.5, 0.3333333333333333, 0.25, 0.25, 0.25, 0.25, 0.3333333333333333, 0.3333333333333333, 0.5]
Trust scores at iteration 22: [-0.294775305674575, -2.4533366981749904, -0.7153672011281498, 0.04409965908781974, -0.6770054507106521, -0.03119202716624983, 0.2387749692174977, -2.178593128486331, -1.7065508637389173, -2.566226728233246]
X.shape (10, 5)
s1 and s2 score at iteration 22
S_1 [0.22502584883991966, 0.08450597926062729, 0.31896012230484816, -0.5058222130939792, 0.11726457106294544, -0.36421188433402185, 0.3085669339676763, 0.3021182938724043, 0.2798609591692963, 0.0848369820153177]
S_2 [0.2, 0.2, 0.2, 0.5, 0.5, 0.5, 0.2, 0.2, 0.2, 0.25]
Trust scores at iteration 23: [0.24547100937060035, -0.36688573850565265, 0.46846327988718506, -2.322853067773788, -0.6368186994220904, -1.9308047125288255, 0.5345513559739024, 0.27461861611731936, 0.25902000351598387, -0.46724076118481955]
X.shape (10, 5)
s1 and s2 score at iteration 23
S_1 [0.14062228712238037, 0.17060175123799434, -0.0753179297048876, -0.0256289806539852, 0.25469035130560175, 0.3378956011119017, 0.13753643688196152, 0.29892567646295387, 0.0053464515101570515, 0.15430648587867032]
S_2 [0.25, 0.2, 0.25, 0.2, 0.2, 0.2, 0.25, 0.25, 0.25, 0.2]
Trust scores at iteration 24: [-0.5008991671005367, -0.30228320246087925, -1.0537663361339789, -1.0205492395207585, -0.10530276284300241, -0.013080471252882586, -0.4802104321506435, -0.07633627032203613, -0.8598574876579901, -0.35572187060349675]
X.shape (10, 5)
s1 and s2 score at iteration 24
S_1 [0.16962195415737866, -0.38657976739803357, 0.09639820832917756, -0.11073224723507367, 0.18459304943717147, 0.14855634920521846, 0.051424863161055795, -0.45355487943168415, 0.1906522086531687, 0.1356575170511776]
S_2 [0.25, 0.3333333333333333, 0.25, 0.3333333333333333, 0.25, 0.25, 0.5, 0.3333333333333333, 0.25, 0.25]
Trust scores at iteration 25: [0.3006338714908837, -2.4551313366657075, -0.10031561906155917, -1.2247817426739314, 0.4108666284097442, 0.24997265258023, -0.7052628964728657, -2.748701880959989, 0.364014251234201, 0.15481779954697633]
X.shape (10, 5)
s1 and s2 score at iteration 25
S_1 [-0.10052548548737757, -0.14521236555865136, -0.059290462477628286, -0.19073296601895365, -0.07176120019749382, 0.055299224942579, 0.020178336374318144, -0.1986157601446224, -0.05795686246153467, -0.10265931917888434]
S_2 [0.3333333333333333, 0.5, 0.25, 0.3333333333333333, 0.25, 0.25, 0.25, 0.3333333333333333, 0.3333333333333333, 0.25]
Trust scores at iteration 26: [-2.205998185731618, -3.508857812339587, -1.4249893218978067, -3.826674835166427, -1.5768335068324266, 0.474997265258023, -0.19212199906738003, -4.107360052389268, -1.506851871275286, -2.105308133591728]
X.shape (10, 5)
s1 and s2 score at iteration 26
S_1 [-0.19624686021483537, 0.12156931238743877, 0.052594030916107926, -0.06012554299740702, 0.0966421140869358, 0.08090199573493471, -0.2661135691768699, -0.19375765448914378, 0.01803831726769746, 0.042325484485249004]
S_2 [0.25, 0.2, 0.2, 0.25, 0.2, 0.2, 0.25, 0.25, 0.2, 0.3333333333333333]
Trust scores at iteration 27: [-2.3484514529598135, 0.009114218766041182, -0.29313563897938, -1.5027879471843928, 0.01777601130644682, 0.10643209466646934, -2.6642999429046954, -2.5201595913860473, -0.5571442036169141, -0.7971874597723504]
X.shape (10, 5)
s1 and s2 score at iteration 27
S_1 [0.34801028988106375, 0.19691049951627163, 0.22529635533828973, 0.31853858693084, 0.16429351967854952, 0.3206052689543942, 0.022886957935481417, 0.05798495650911595, -0.5035050715375265, -0.06835818160318384]
S_2 [0.2, 0.2, 0.2, 0.2, 0.25, 0.2, 0.25, 0.25, 0, 0.25]
Trust scores at iteration 28: [-0.05484514529598139, -0.20985234368558348, -0.16666780398733755, -0.046496462489890686, -0.47333792846697514, 0.11977025096179354, -1.1072413359638063, -1.002059298730547, -1.3578442066350926, -1.1565019194399835]
X.shape (10, 5)
s1 and s2 score at iteration 28
S_1 [0.08512966291052308, 0.01998782523291797, -0.1915912376133385, -0.040649286085459035, 0.03191229539530211, 0.001197492187744424, -0.09089650198200942, -0.24657394376677377, -0.18551133718792434, -0.09548846432514124]
S_2 [0.3333333333333333, 0.5, 0.5, 0.3333333333333333, 0.3333333333333333, 0.5, 0.5, 0.5, 0.5, 0.5]
Trust scores at iteration 29: [0.2945154854704019, -0.7096717850420429, -2.9421900581455547, -1.0343982935021294, -0.30995355576106914, -0.8753629580292941, -1.97169177973628, -3.607012321475303, -2.9970303337903843, -2.0251645604309894]
X.shape (10, 5)
s1 and s2 score at iteration 29
S_1 [-0.04617481876160052, -0.06784619935636949, 0.2754181441719499, 0.16318339085420416, -0.19081445444940512, 0.19508693950808653, 0.3134809475325164, 0.1499942631750653, -0.08895956504361838, -0.06801437585753077]
S_2 [0.25, 0.25, 0.25, 0.25, 0, 0.25, 0.25, 0.25, 0.25, 0.25]
Trust scores at iteration 30: [-1.003115796334836, -1.165752794349004, -0.4034968528229658, -0.5349422924989505, -0.5788213410346053, -0.4274440575367882, -0.197169177973628, -0.8300695209697522, -1.4551048661521506, -1.2977849045839096]
X.shape (10, 5)
s1 and s2 score at iteration 30
S_1 [-0.16750333405266504, 0.16862423733160933, 0.2817050806849233, 0.1458951161565374, 0.1594894550483113, 0.078757023224508, 0.11458740863417659, -0.3307121891145385, 0.07449837240689162, -0.2152632461180996]
S_2 [0, 0.25, 0.25, 0.25, 0.25, 0.25, 0.25, 0.5, 0.25, 0.5]
Trust scores at iteration 31: [-0.6354563497628168, -0.02784941325789536, 0.4096503147177034, -0.03738405395013132, 0.0016596504979500964, -0.24112906133134893, -0.1036295631780667, -2.039576359646941, -0.3575008099591033, -1.717508087082093]
X.shape (10, 5)
s1 and s2 score at iteration 31
S_1 [-0.049236612599056685, 0.09805135071770699, -0.11131628571399024, 0.05726260760933434, -0.14831118095632828, -0.10954947459071987, -0.16606906568681307, -0.10399266207167474, 0.01988991785048078, 0.08684181891918746]
S_2 [0.3333333333333333, 0.3333333333333333, 0.3333333333333333, 0.3333333333333333, 0.3333333333333333, 0.5, 0.5, 0.5, 0.3333333333333333, 0.3333333333333333]
Trust scores at iteration 32: [-1.1154817991881287, 0.2972150586742105, -1.5807920010348608, -0.07813272560406646, -1.9611621745797028, -1.9296526198644093, -2.4346883024156707, -2.0584921240613006, -0.45318323276380335, 0.02535842492475812]
X.shape (10, 5)
s1 and s2 score at iteration 32
S_1 [0.09530436777102022, 0.056088347153640195, -0.1558487122725931, 0.19873362248856521, 0.10499721387074477, 0.29822420555130086, 0.14579172003501398, -0.21689592012996062, 0.1883113874612727, 0.2515654666797713]
S_2 [0.25, 0.25, 0.3333333333333333, 0.25, 0.25, 0.25, 0.25, 0.25, 0.25, 0.25]
Trust scores at iteration 33: [-0.49893258937559903, -0.47601150809112347, -1.5284093692661145, -0.08306229021118565, -0.5542489386635442, 0.03203473801355908, -0.47848929273571145, -1.5354115332482756, -0.1520202255353127, 0.08672612885186749]
X.shape (10, 5)
s1 and s2 score at iteration 33
S_1 [0.006092225731146341, 0.04980849968821784, -0.22401990772872946, -0.12507649200754742, -0.18364508475305089, -0.25669106643664036, -0.09866663733606545, 0.07526142754109572, 0.051270673600692554, -0.04326684768730853]
S_2 [0.25, 0.3333333333333333, 0.3333333333333333, 0.3333333333333333, 0.3333333333333333, 0.3333333333333333, 0.25, 0.25, 0.25, 0.3333333333333333]
Trust scores at iteration 34: [-0.6520404930896391, -0.35197532780810187, -3.7317419828277822, -2.4040105557205513, -3.1515110123165537, -3.9663896410359776, -1.9027358448382623, 0.07145884667517244, -0.0770910605613864, -1.4087260625161642]
X.shape (10, 5)
s1 and s2 score at iteration 34
S_1 [-0.3196240197237109, 0.10345300333589033, -0.07734358583324935, -0.1714631290492318, -0.13154215128251348, -0.00772806661956819, 0.012337505739243887, 0.04255554809468351, -0.1758659652992377, 0.10069280145039018]
S_2 [0.5, 0.3333333333333333, 0.5, 0.5, 0.5, 0.3333333333333333, 0.5, 0.3333333333333333, 0.5, 0.3333333333333333]
Trust scores at iteration 35: [-3.7458059504191956, 0.2648024672191899, -1.9460326461319701, -2.6320621110106694, -2.359515521178761, -1.0638700713052813, -0.982942189480552, -0.22263776539372773, -2.4376730864677447, 0.13511473469696375]
X.shape (10, 5)
s1 and s2 score at iteration 35
S_1 [0.2694582030920377, -0.03030047060912961, -0.37989730846257264, 0.23264098017835227, -0.0014279781064404516, 0.375340725541155, 0.28920991150341496, 0.32012386704104895, 0.31016190235108265, -0.024299528667232406]
S_2 [0.16666666666666666, 0.5, 0.5, 0.16666666666666666, 0.5, 0.16666666666666666, 0.16666666666666666, 0.16666666666666666, 0.16666666666666666, 0.3333333333333333]
Trust scores at iteration 36: [-0.028467966487725593, -0.946174868197729, -2.0055291363617616, -0.005374705184292949, -1.1393755884889454, 0.49361299286947197, 0.29517947745884743, 0.4453360620381053, 0.1999455184478886, -0.6447544548251303]
X.shape (10, 5)
s1 and s2 score at iteration 36
S_1 [0.146410818482122, 0.161598113150242, -0.20016202532236346, -0.2624128369492571, -0.145331491263469, 0.05712955550949718, -0.22654177774458864, 0.04593562164997685, 0.1476736888148616, 0.16495470463009465]
S_2 [0.25, 0.25, 0.3333333333333333, 0.3333333333333333, 0.25, 0.25, 0.3333333333333333, 0.25, 0.25, 0.25]
Trust scores at iteration 37: [0.120976958814274, 0.1120688049495845, -2.1926455774622733, -2.3322732538896167, -1.58187245834408, -0.31393737595334104, -2.106503785779939, -0.37983965612485515, 0.15070858244132967, 0.16052455451748698]
X.shape (10, 5)
s1 and s2 score at iteration 37
S_1 [-0.026974247936637066, 0.07478218106330384, -0.01384853609236011, -0.015743513989342026, -0.13667297693605754, -0.22380868578831267, 0.08724552759390553, -0.12860918683368922, 0.07612768802008332, -0.13985605523069303]
S_2 [0.25, 0.3333333333333333, 0.3333333333333333, 0.25, 0.5, 0.3333333333333333, 0.25, 0.25, 0.25, 0.3333333333333333]
Trust scores at iteration 38: [-0.7161609588885073, 0.18263854940809282, -0.9621221096099488, -0.8456329292195655, -2.468066727737435, -2.940140360654921, 0.2393496214220061, -1.8146796867855421, 0.3503823934896491, -2.026662755045945]
X.shape (10, 5)
s1 and s2 score at iteration 38
S_1 [0.00031629475703500966, 0.1119398280449281, -0.18523147841891136, -0.011240667805144532, -0.02738856378673601, -0.12067545939910818, -0.09034362303960744, 0.014967993046160557, 0.05325835007578264, -0.2557646226154639]
S_2 [0.25, 0.25, 0.3333333333333333, 0.25, 0.25, 0.25, 0.25, 0.25, 0.25, 0.3333333333333333]
Trust scores at iteration 39: [-0.7440730753544861, 0.2432638549408093, -2.4854795565398202, -0.8499386419047126, -1.142011651096285, -1.9392488073357013, -1.3774308198653655, -0.7361247988093124, -0.2117628264078432, -3.1590224837840046]
X.shape (10, 5)
s1 and s2 score at iteration 39
S_1 [-0.15169067558727192, -0.08050658651646897, -0.06819224049905273, -0.15666049183674902, -0.0498393607812415, -0.15253044064226437, -0.09148782573349824, -0.1569366108132081, -0.05633048065703845, -0.10392981738292527]
S_2 [0.25, 0.25, 0.25, 0.25, 0.3333333333333333, 0.25, 0.25, 0.25, 0.3333333333333333, 0.25]
Trust scores at iteration 40: [1.9898254171332157, 0.8031156542379324, 0.30786864935687097, 2.06898388437932, -0.11420116510962851, 1.8854723351654403, 0.8393455858749326, 2.0853514297253932, 0.09604046726616994, 0.8858641101467688]
X.shape (10, 5)
s1 and s2 score at iteration 40
S_1 [0.08403780255259197, 0.15608225440410262, 0.16717836361301497, -0.06637053957766999, 0.1864264265164437, 0.29001623638521135, 0.158871028190847, -0.4865946418420827, 0.26067092272921216, 0.09829051151340158]
S_2 [0.25, 0.25, 0.25, 0.3333333333333333, 0.25, 0.25, 0.3333333333333333, 0.5, 0.25, 0.25]
Trust scores at iteration 41: [0.009774914030272114, 0.11467765028363902, 0.09958722289863127, -0.5990676166534608, 0.11711226483454944, 0.6385472335165441, -0.023045025887062684, -2.201501616059776, 0.36853748224875993, -0.05639114795011389]
X.shape (10, 5)
s1 and s2 score at iteration 41
S_1 [0.16866839794238528, 0.20698956548566755, -0.010325488876770872, 0.2143830226210802, 0.2182213527507631, -0.31168615020790613, -0.21458973992149266, 0.11552052334201852, 0.16124340942991428, -0.15703760470197092]
S_2 [0.25, 0.25, 0.25, 0.25, 0.25, 0.5, 0.25, 0.25, 0.25, 0.3333333333333333]
Trust scores at iteration 42: [0.24660858448640519, 0.4151450362432879, -0.4826262029337814, 0.3742629949915101, 0.461711226483455, -2.121617718511094, -1.3373268136268182, -0.1937143330435818, 0.25186231249982816, -1.253301877628286]
X.shape (10, 5)
s1 and s2 score at iteration 42
S_1 [0.047623427151081, 0.2025186700216766, 0.022318004093566508, 0.16150380832503247, 0.07902102727795547, -0.12665367251519546, 0.05712891459004029, -0.15249523737667553, -0.08926839099744524, -0.29452321433327655]
S_2 [0.3333333333333333, 0.25, 0.25, 0.25, 0.3333333333333333, 0.25, 0.25, 0.5, 0.3333333333333333, 0.5]
Trust scores at iteration 43: [-0.36369897804749457, 0.4915145036243288, -0.39908063533337457, 0.305154830290763, -0.2026566889181253, -1.2250150892833993, -0.32984980169764677, -1.5970655620694636, -0.9715255972895853, -2.3342015766159014]
X.shape (10, 5)
s1 and s2 score at iteration 43
S_1 [0.08659596635927927, 0.027405263853494774, -0.04016045916627734, -0.06710084567191266, 0.029472639477338396, -0.18649134515069837, -0.2683134692517237, -0.19219775856973517, -0.03461058302157037, 0.007269623769366684]
S_2 [0.3333333333333333, 0.3333333333333333, 0.3333333333333333, 0.3333333333333333, 0.3333333333333333, 0.3333333333333333, 0.3333333333333333, 0.3333333333333333, 0.3333333333333333, 0.3333333333333333]
Trust scores at iteration 44: [-0.03636989780474946, -0.5660230721342224, -1.3572994822016105, -1.5668698992665064, -0.6139537626356594, -2.9607235496555666, -3.7215920305797416, -3.057235886789052, -1.3568635951157177, -1.057866276025983]
X.shape (10, 5)
s1 and s2 score at iteration 44
S_1 [0.006015783659579283, -0.14563807783233784, -0.17756373150430804, -0.2430188540198327, -0.15996281374282317, 0.03173796970072128, 0.08387385903181564, -0.12492067980062756, -0.009242985964238571, 0.026655109659989726]
S_2 [0.2, 0.3333333333333333, 0.3333333333333333, 0.3333333333333333, 0.5, 0.2, 0.2, 0.3333333333333333, 0.2, 0.2]
Trust scores at iteration 45: [-0.2990852288847756, -2.2193570386892207, -2.641059692178382, -3.364376336077805, -2.6778602442259474, -0.31551126644077593, 0.16784079694202586, -2.2461723663835005, -0.5948672898257381, -0.17976665700733999]
X.shape (10, 5)
s1 and s2 score at iteration 45
S_1 [-0.05724226736911972, 0.2699216039144956, -0.6092923491007833, -0.081125005820511, 0.387719405204912, 0.35045228110674786, 0.364033868270161, -0.0941500044705332, 0.36519420446965706, 0.30147268473537336]
S_2 [0.3333333333333333, 0.16666666666666666, 0, 0.5, 0.16666666666666666, 0.16666666666666666, 0.16666666666666666, 0.3333333333333333, 0.16666666666666666, 0.16666666666666666]
Trust scores at iteration 46: [-0.7627830706686697, 0.10462422648755931, -1.6784357830709566, -1.4247503779747341, 0.33221397557740534, 0.481941953046836, 0.5618036403478415, -1.0431644717933635, 0.4882262810200718, 0.38182172617608984]
X.shape (10, 5)
s1 and s2 score at iteration 46
S_1 [-0.019399253570531863, -0.11639728639714801, -0.051230631417300616, -0.04424822033254596, -0.1767354361304361, -0.14206767465400358, -0.04254582146623972, -0.18203773135271792, -0.12225283809877811, -0.04393086700417624]
S_2 [0.25, 0.25, 0.25, 0.3333333333333333, 0.3333333333333333, 0.3333333333333333, 0.25, 0.5, 0.3333333333333333, 0.3333333333333333]
Trust scores at iteration 47: [0.37372169293313307, 4.960544306034391, 1.758926646791129, 1.310356436078639, 7.632603499506912, 6.039216201575501, 1.5800315320911398, 7.441057887548449, 5.1205642695451585, 1.4762905029204758]
X.shape (10, 5)
s1 and s2 score at iteration 47
S_1 [0.18535839322700742, -0.2994470959288153, 0.2645740613254812, -0.4065515589590755, -0.09774944592218236, 0.1744129617523545, 0.22384511321509207, -0.0679565227738499, 0.11788771112925062, 0.13104111530083812]
S_2 [0.2, 0.5, 0.2, 0.5, 0.3333333333333333, 0.2, 0.2, 0.3333333333333333, 0.25, 0.2]
Trust scores at iteration 48: [0.3079047055084949, -1.4225729623683523, 0.7158926646791129, -2.1519283598551935, -0.16925335486686888, 0.8372211476724987, 0.5594557343287133, -0.08706150780498034, 0.4630743479282646, 0.233390827466671]
X.shape (10, 5)
s1 and s2 score at iteration 48
S_1 [-0.1528167857985133, -0.14619780830944787, 0.12237525690055223, -0.11231341594387473, 0.04041595168363459, 0.10951578339879417, -0.21804373388686116, 0.13734482286217464, 0.11626097639116113, 0.10662845467041694]
S_2 [0.3333333333333333, 0.5, 0.25, 0.5, 0.3333333333333333, 0.25, 0.5, 0.25, 0.25, 0.25]
Trust scores at iteration 49: [-1.5705949792427571, -2.000269580475182, 0.42349594860779866, -1.8511657852602292, -0.3520856731153374, 0.3513625980770854, -2.2728622724595144, 0.441293849219502, 0.35814815489806107, 0.2720593344716019]
X.shape (10, 5)
s1 and s2 score at iteration 49
S_1 [0.151385445461301, 0.21823096732354474, -0.40797939364601626, 0.0965981640014548, -0.15258215486682575, 0.1268096742375321, 0.09432650489409099, 0.23492661264984666, 0.045683964552576124, -0.1331992124438576]
S_2 [0.25, 0.25, 0.5, 0.5, 0.5, 0.25, 0.3333333333333333, 0.25, 0.25, 0.5]
Trust scores at iteration 50: [-0.027104339254175824, 0.1860122985348436, -2.420612770874647, -0.7150505965553504, -1.5197483000868142, 0.07094204198993159, -0.46592293405781676, 0.49412938492195024, -0.23917066557784786, -1.3830780648078587]
X.shape (10, 5)
s1 and s2 score at iteration 50
S_1 [-0.1381252057261909, 0.14665537747003385, -0.24346388649989598, 0.02870718466348155, 0.1205976590015046, -0.355521334973115, 0.27036362201209363, 0.15982205998061993, 0.1312917651445057, 0.1916146951227066]
S_2 [0.3333333333333333, 0.25, 0.5, 0.25, 0.25, 0.5, 0.25, 0.25, 0.25, 0.25]
Trust scores at iteration 51: [-1.0625085540586474, 0.056795013990340024, -1.952516086869918, -0.42594314195057953, -0.20052328747645742, -2.076383066502355, 0.4034077065942183, 0.13143663647373727, -0.03686644654216155, 0.04954881168037317]
X.shape (10, 5)
s1 and s2 score at iteration 51
S_1 [0.0626350610518341, 0.07380244775149729, 0.017596325002692197, -0.164606379082266, -0.016953629967395467, 0.12140793132248565, 0.09120000941793455, -0.26206148463343987, -0.22141601654033113, 0.02560857333593953]
S_2 [0.25, 0.25, 0.25, 0.3333333333333333, 0.25, 0.25, 0.25, 0.3333333333333333, 0.3333333333333333, 0.25]
Trust scores at iteration 52: [-0.3169355974766634, -0.12222112665041471, -0.7398096158952912, -2.1628254766924435, -0.8207300073346128, 0.01736169334976448, 0.04140869787019759, -2.8295246085235215, -2.545049055788479, -0.4802081308255871]
X.shape (10, 5)
s1 and s2 score at iteration 52
S_1 [-0.1834437489676726, -0.24443956222133809, -0.09218838142197316, -0.012015295473701025, -0.044961230729321136, -0.07956272590906306, -0.032357081177805655, -0.08158765549522029, -0.04907254811803351, -0.12698551295633206]
S_2 [0.5, 0.5, 0.3333333333333333, 0.3333333333333333, 0.3333333333333333, 0.3333333333333333, 0.3333333333333333, 0.3333333333333333, 0.3333333333333333, 0.3333333333333333]
Trust scores at iteration 53: [12.809073317960287, 17.397407182821592, 6.23134595786733, 0.08371745233075567, 2.6857266297424354, 5.361344359985663, 1.827832665279332, 5.2283321185754925, 2.821251000957015, 8.863768714761278]
X.shape (10, 5)
s1 and s2 score at iteration 53
S_1 [-0.17177381435153874, 0.2666198858185283, -0.11094947689311635, 0.2032452655354238, -0.19857258688196083, 0.28730923332561065, -0.1376391942031678, 0.07194029374124351, 0.21574404666670946, 0.00896982716457888]
S_2 [0.3333333333333333, 0.16666666666666666, 0.5, 0.16666666666666666, 0.3333333333333333, 0.16666666666666666, 0.3333333333333333, 0.16666666666666666, 0.16666666666666666, 0.16666666666666666]
Trust scores at iteration 54: [0.1428235705227563, 2.2749310616594243, -0.6244161182922624, 0.34504024650109916, -0.9534586101774436, 1.1361344359985663, -0.8483733424991837, 0.4481871401587032, 0.6579461997259525, 0.6144749745362963]
X.shape (10, 5)
s1 and s2 score at iteration 54
S_1 [0.009062466317334553, 0.29755389091645035, 0.32597673128217985, 0.10250598843852492, 0.1520673352853811, 0.2712535634554702, -0.1104819450294712, 0.21055129041338919, 0.11867189830863643, -0.2807505761778044]
S_2 [0.5, 0.2, 0.2, 0.25, 0.2, 0.2, 0.5, 0.2, 0.3333333333333333, 0.5]
Trust scores at iteration 55: [-0.860696778257414, 0.6890195408027359, 0.4775583881707738, -0.1324837823267872, -0.035498096980959744, 0.5025264293509624, -1.2898706111203766, 0.26613677505260736, -0.2065601887351529, -1.6136861066111858]
X.shape (10, 5)
s1 and s2 score at iteration 55
S_1 [0.3041296478536661, -0.1814026836885424, 0.4418709032949897, 0.048604556349510365, 0.3251980080203729, 0.5227057300239045, 0.31899155797586576, 0.36799914574228937, 0.5057265995349596, 0.29770403896746994]
S_2 [0.25, 0.3333333333333333, 0.16666666666666666, 0.25, 0.16666666666666666, 0.16666666666666666, 0.2, 0.16666666666666666, 0.16666666666666666, 0.16666666666666666]
Trust scores at iteration 56: [-0.23741618151572053, -1.1434390170283115, 0.3585736185404865, -0.6045605626953231, 0.10637940172445874, 0.5002526429350962, -0.11974417799853185, 0.2102383197163074, 0.4001091429330109, -0.09877879256505574]
X.shape (10, 5)
s1 and s2 score at iteration 56
S_1 [-0.20848665296171812, 0.0644338281449964, 0.020940151853867224, -0.3176851768694692, 0.03725939640130012, -0.2600012750654811, 0.07334530813870647, 0.04279440773479685, -0.058969015099699734, -0.08080606289394866]
S_2 [0.5, 0.25, 0.25, 0.5, 0.3333333333333333, 0.5, 0.25, 0.3333333333333333, 0.3333333333333333, 0.25]
Trust scores at iteration 57: [-3.482023700908604, 0.22630579085594216, -0.15719182361205147, -4.858683038175627, -0.13216230687602867, -4.040378505180106, 0.4380255822001468, -0.053857821146795756, -1.2835815681237444, -1.4514267383467088]
X.shape (10, 5)
s1 and s2 score at iteration 57
S_1 [-0.18458302721239644, -0.04220321509386779, -0.14341205952936376, -0.03488928310164793, -0.12758514570458604, -0.19493841050396418, -0.00411233453416221, -0.11662554880851037, -0.08325489980989115, -0.02272360575997859]
S_2 [0.5, 0.25, 0.3333333333333333, 0.25, 0.3333333333333333, 0.3333333333333333, 0.25, 0.5, 0.25, 0.5]
Trust scores at iteration 58: [39.148492770130936, 8.808964167451874, 30.770553627937414, 6.699783545669001, 27.309276499471718, 41.658972173619155, 0.4938025582200147, 24.618557626600012, 17.64229223202257, 3.9280045772187226]
X.shape (10, 5)
s1 and s2 score at iteration 58
S_1 [-0.07360492923279979, 0.19379016628540358, -0.20431519468154186, -0.07636886809842056, 0.1460879101194687, -0.0756103035480927, -0.1553573759811742, 0.04168255273527886, 0.15078956506319227, -0.21205650117541083]
S_2 [0.25, 0.25, 0.3333333333333333, 0.25, 0.25, 0.3333333333333333, 0.3333333333333333, 0.25, 0.25, 0.3333333333333333]
Trust scores at iteration 59: [2.898013374917016, 1.1058964167451875, 1.2281750416809876, -0.3596938282690122, 2.7343889033107023, 2.914747958874443, -1.5721302370124755, 1.9804378116402472, 1.789525895413198, -1.4920320274146286]
X.shape (10, 5)
s1 and s2 score at iteration 59
S_1 [0.17380335144838893, -0.02978700878724491, 0.15186407458785586, -0.18042685554056448, -0.09058838925302642, 0.24057905648545694, -0.2597163100845092, -0.06112814786850476, -0.07732369220790897, 0.21902877180429003]
S_2 [0.25, 0.3333333333333333, 0.25, 0.5, 0.3333333333333333, 0.25, 0.5, 0.5, 0.3333333333333333, 0.25]
Trust scores at iteration 60: [0.4899951597997787, -0.6008427843236311, 0.2409370617295545, -1.610941561863293, -0.665449920352466, 0.7414747958874444, -2.0288049922240283, -0.9306350318854395, -0.7103133341170218, 0.22017774214879748]
X.shape (10, 5)
s1 and s2 score at iteration 60
S_1 [-0.3212054475896553, -0.00859358657823576, -0.002508187532957574, 0.01719369236635361, -0.1903982875766538, 0.0657031153442677, 0.06564963747219524, 0.06559088081742061, 0.01617254997067452, -0.30593471054081994]
S_2 [0.3333333333333333, 0.25, 0.3333333333333333, 0.3333333333333333, 0.3333333333333333, 0.25, 0.25, 0.25, 0.3333333333333333, 0.3333333333333333]
Trust scores at iteration 61: [-5.250866476917893, -0.8527990607510825, -0.9102633980196505, -0.8255752915383333, -3.5746170434305795, 0.29914747958874444, 0.021386961922886416, 0.1303991104389361, -0.7495000574997305, -5.068669958688188]
X.shape (10, 5)
s1 and s2 score at iteration 61
S_1 [0.011908450540192992, 0.18621080731311188, 0.34696007408704244, -0.2020261808761634, -0.10681380857865858, 0.4158373540690455, 0.4125638483989597, 0.40656057546178537, 0.3663095569258219, 0.3027221206998173]
S_2 [0.3333333333333333, 0.16666666666666666, 0.16666666666666666, 0.5, 0.5, 0.16666666666666666, 0.16666666666666666, 0.16666666666666666, 0.16666666666666666, 0.16666666666666666]
Trust scores at iteration 62: [-1.0993130961305841, 0.01773758367636355, 0.3599020306841794, -1.419804354166954, -1.4886396559631303, 0.6299147479588745, 0.5950538225650194, 0.5929621073910072, 0.4178566000233505, -0.15168316987564445]
X.shape (10, 5)
s1 and s2 score at iteration 62
S_1 [-0.1902725870149863, -0.14151012798567503, 0.07200855500180231, -0.21431207965888194, -0.11563180273472905, 0.08799094861556266, 0.08799094861556268, 0.08799094861556268, -0.16325083721351064, -0.047260954417682986]
S_2 [0.5, 0.3333333333333333, 0.25, 0, 0, 0.25, 0.25, 0.25, 0.3333333333333333, 0.3333333333333333]
Trust scores at iteration 63: [-2.9561011260298353, -2.0456377901036333, 0.3225170904505565, -2.3340339901033365, -1.3315835986796853, 0.5129914747958871, 0.509505382256502, 0.5092962107391007, -2.2279969233641235, -1.098568708109063]
X.shape (10, 5)
s1 and s2 score at iteration 63
S_1 [-0.051020823971430346, -0.08019114464026761, -0.07579939360745706, -0.07040042692719578, -0.13432977685589698, 0.07036227382058988, 0.07036227382058986, 0.07036227382058988, 0.04548311148822973, -0.2593015760372428]
S_2 [0.5, 0.5, 0.3333333333333333, 0.3333333333333333, 0.5, 0.3333333333333333, 0.3333333333333333, 0.3333333333333333, 0.3333333333333333, 0.5]
Trust scores at iteration 64: [-1.8482146843564657, -2.130284328637078, -1.5372941930765518, -1.7338914133123284, -2.751363196149562, 0.3512991474795888, 0.35095053822565003, 0.3509296210739101, -0.24102769838717555, -4.3265691622381315]
X.shape (10, 5)
s1 and s2 score at iteration 64
S_1 [-0.2331363403312919, -0.08167181479981701, 0.05277961437450173, -0.3673752334568124, -0.1018599881542336, 0.13857946938940013, 0.13952179137484258, 0.14091053137280166, -0.1351782546818674, -0.028245711554844805]
S_2 [0.5, 0.5, 0.25, 0.5, 0.5, 0.25, 0.25, 0.25, 0, 0.25]
Trust scores at iteration 65: [-2.573870613691105, -1.634668885168631, -0.2666243606986699, -3.4198263230659, -1.825719270695254, 0.47024134847386767, 0.4762251277355187, 0.485092962107391, -0.8874905381511389, -1.063063165151401]
X.shape (10, 5)
s1 and s2 score at iteration 65
S_1 [0.012668737937920017, 0.21446969882627506, 0.031980435865923536, -0.2160157609779805, -0.05418986561300399, -0.010732042774579472, -0.004593620497947574, 0.018424390239789843, 0.07666673864807244, 0.027886857478358715]
S_2 [0.3333333333333333, 0.3333333333333333, 0.25, 0.5, 0.3333333333333333, 0.25, 0.25, 0.25, 0.3333333333333333, 0.3333333333333333]
Trust scores at iteration 66: [-0.8042240075366726, 0.13653311148313693, -0.3424598310545752, -2.148470522876446, -1.0099741163699778, -0.4480117772184263, -0.4216541424872067, -0.3241746479242197, -0.36702498201904776, -0.5892819915504612]
X.shape (10, 5)
s1 and s2 score at iteration 66
S_1 [0.09090932942624735, -0.04813232077543717, 0.013057136419082904, 0.22043250391291455, 0.2207697721637224, 0.038346629230333, 0.03811981709553072, 0.037917618034410405, 0.1975199960054047, -0.44153308567264593]
S_2 [0.25, 0.3333333333333333, 0.25, 0.25, 0.25, 0.3333333333333333, 0.3333333333333333, 0.3333333333333333, 0.25, 0]
Trust scores at iteration 67: [-0.38481733248849614, -1.0825650763298784, -0.6560166724892389, 0.008778024765467796, 0.12400258836300222, -0.7884755812914324, -0.7867644503860818, -0.7778407947324388, 0.0935164167908229, -1.858901869511898]
X.shape (10, 5)
s1 and s2 score at iteration 67
S_1 [0.005074731457413236, -0.1075436075740828, 0.3616985112452178, 0.2691097079640287, 0.029555333839265355, 0.22975645512101212, 0.22995798559416514, 0.23060131448725263, 0.06597426404804334, 0.19685866904691351]
S_2 [0.2, 0.25, 0.2, 0.2, 0.25, 0.2, 0.2, 0.2, 0.3333333333333333, 0.25]
Trust scores at iteration 68: [-0.5658544810770112, -1.0508529831712992, 0.294398332751076, 0.13049277084843566, -0.5890583810852084, -0.0471537214665937, -0.04648114812615797, -0.043988012898277175, -0.7264872246772579, -0.3710546011416984]
X.shape (10, 5)
s1 and s2 score at iteration 68
S_1 [-0.20932173634628626, 0.14616226605313343, 0.2290722624306883, -0.48875469649944125, 0.17634917252147841, 0.3317468692428197, 0.32864288170846134, 0.3236669174213598, -0.02850887165149564, -0.005469649685490414]
S_2 [0.5, 0.2, 0.2, 0.5, 0.2, 0.2, 0.2, 0.2, 0.2, 0.5]
Trust scores at iteration 69: [-1.524456859047128, -0.06855996034465334, 0.2908926797124268, -2.212899111979021, 0.059513914974848335, 0.5352846278533406, 0.5269310407426464, 0.5136810019773095, -0.5099907771038643, -0.9519441373507538]
X.shape (10, 5)
s1 and s2 score at iteration 69
S_1 [-0.12029787454962183, 0.1688086224664975, -0.07081258752357233, -0.44183181502859054, 0.05590041413598528, 0.2580529634762212, 0.2565342884089598, 0.25365210365714563, 0.061778253573777836, -0.10336496720111847]
S_2 [0.5, 0.2, 0.3333333333333333, 0.5, 0.2, 0.2, 0.2, 0.2, 0.2, 0.5]
Trust scores at iteration 70: [-1.472003305535135, 0.22189043095182048, -0.8178806870050261, -2.6622473494269485, -0.15908718645698733, 0.5935284627853341, 0.5873964876660551, 0.5760194144713104, -0.19553777291694835, -1.3556958752483392]
X.shape (10, 5)
s1 and s2 score at iteration 70
S_1 [-0.04608528890899834, -0.1785165697325506, -0.08050279473270809, 0.20225683187397736, 0.1456755773932528, 0.1947423052585592, 0.1960015948803054, 0.19825814124191068, -0.2463926928222355, -0.18506608074340924]
S_2 [0.25, 0.5, 0.3333333333333333, 0.25, 0.3333333333333333, 0.25, 0.25, 0.25, 0.3333333333333333, 0.5]
Trust scores at iteration 71: [-0.8022700907875804, -1.6721718260565852, -1.0400084293584861, 0.18377526505730513, 0.03231670068460404, 0.47591479678861415, 0.4809051709784212, 0.48980861631929373, -1.7159489966046455, -1.8590743914211423]
X.shape (10, 5)
s1 and s2 score at iteration 71
S_1 [0.2736713881255482, 0.30579490486974825, 0.3106542850496479, 0.3605701271923152, -0.3157801479029812, 0.3921158360517649, 0.3927051047268002, 0.3862041163848282, -0.17160049468702152, -0.22504251155504512]
S_2 [0.14285714285714285, 0.14285714285714285, 0.14285714285714285, 0.14285714285714285, 0.5, 0.14285714285714285, 0.14285714285714285, 0.14285714285714285, 0.5, 0.5]
Trust scores at iteration 72: [0.2898291346274927, 0.2764595092467468, 0.35081255712143794, 0.5875878554230424, -1.6204720192696214, 0.6890981389259155, 0.6909476599549851, 0.6769390652154278, -1.464868232141746, -1.601658973720316]
X.shape (10, 5)
s1 and s2 score at iteration 72
S_1 [0.2818780975176398, 0.3682225903382268, -0.2913639939393693, 0.2968667615027043, 0.08868602816229766, 0.42871432226977785, 0.43290572308513625, 0.43881714516338427, -0.4340550865898684, 0.27304130283978306]
S_2 [0.16666666666666666, 0.16666666666666666, 0.5, 0.16666666666666666, 0.2, 0.16666666666666666, 0.16666666666666666, 0.16666666666666666, 0.5, 0.2]
Trust scores at iteration 73: [0.3071059211027986, 0.48285876554935, -1.4624970236137413, 0.3676230660228562, -0.340154980472512, 0.6481892456457417, 0.6569706274355925, 0.6676939065215428, -1.9367199926256191, 0.03983312560212707]
X.shape (10, 5)
s1 and s2 score at iteration 73
S_1 [-0.30775219777927343, -0.07100594940395234, 0.0320121077771207, -0.0038543180385903148, -0.011413920631229047, 0.13724349870891533, 0.137224425429982, 0.13711347662263046, -0.06386375398763966, -0.10835061107094421]
S_2 [0.3333333333333333, 0.3333333333333333, 0.3333333333333333, 0.3333333333333333, 0.5, 0.2, 0.2, 0.2, 0.2, 0.2]
Trust scores at iteration 74: [-2.5874322023167005, -1.0173489627251118, -0.5363242977306258, -0.5885131072961065, -1.0088644246976386, 0.6048189245645742, 0.6055719861373704, 0.6059167464194057, -0.9724705516863932, -1.0665461542721217]
X.shape (10, 5)
s1 and s2 score at iteration 74
S_1 [0.05336623147249572, 0.40742325082357583, 0.2709590388712625, 0.2995099608423235, 0.009965581666003785, 0.1481779902827022, 0.14601493537577265, 0.14224638700318432, -0.13113958535850193, 0.2430910039839959]
S_2 [0.2, 0.2, 0.2, 0.2, 0.25, 0.25, 0.25, 0.25, 0.3333333333333333, 0.2]
Trust scores at iteration 75: [-0.6808569478401023, 0.25826510372748873, 0.004917443095471541, 0.06276769165475914, -0.7538724226972713, -0.2871921854591886, -0.29189507841622414, -0.30018534460259333, -1.2869350555075294, -0.1096653710889351]
X.shape (10, 5)
s1 and s2 score at iteration 75
S_1 [0.38558967446735715, 0.13108744194828906, 0.32848096082901795, 0.4347901725702604, -0.716162110838535, 0.44739999669709246, 0.44936810030186286, 0.44061610260832873, 0.3997812620836585, 0.11391802472201351]
S_2 [0.14285714285714285, 0.2, 0.14285714285714285, 0.14285714285714285, 0, 0.14285714285714285, 0.14285714285714285, 0.14285714285714285, 0.14285714285714285, 0.25]
Trust scores at iteration 76: [0.18989236930596282, -0.4316299364150672, 0.14409176901492932, 0.36279420056449374, -1.5097255927705926, 0.3530533248793537, 0.35652477787266335, 0.3381671418158187, 0.15770764608391083, -0.6828101054864882]
X.shape (10, 5)
s1 and s2 score at iteration 76
S_1 [0.08240571984853594, 0.01855625961265485, -0.12821669051156545, 0.1465497232035949, 0.14770050257071132, 0.26639114992064683, 0.2619611897439771, 0.25397804937716956, 0.10502403883945984, -0.4365706074456436]
S_2 [0.2, 0.2, 0.3333333333333333, 0.5, 0.25, 0.2, 0.2, 0.2, 0.3333333333333333, 0.3333333333333333]
Trust scores at iteration 77: [-0.06260381191590327, -0.3404708446854916, -1.0187697087138252, -0.3686037154286277, -0.10196779747007809, 0.5753053324879354, 0.5606858989043326, 0.5318791704889426, -0.22940650579390956, -2.1432307107099384]
X.shape (10, 5)
s1 and s2 score at iteration 77
S_1 [-0.0010838556963870876, -0.0013023473790718294, -0.06302248068271764, 0.05923294752135561, -0.2136242183711499, 0.18271494412037134, 0.18397794766312806, 0.185933696728254, -0.3602317223850981, -0.1072673838617858]
S_2 [0.3333333333333333, 0.3333333333333333, 0.3333333333333333, 0.25, 0.5, 0.25, 0.25, 0.25, 0, 0.25]
Trust scores at iteration 78: [-0.61150671439484, -0.6403510124912234, -1.0069332011970975, -0.20014713070877538, -1.944230953848486, 0.49195037000744074, 0.49660191338377574, 0.5031879170488943, -1.7666189394074021, -1.1835438856643992]
X.shape (10, 5)
s1 and s2 score at iteration 78
S_1 [-0.017769497230795097, -0.07305520674001917, 0.03537308825365245, -0.14836011901177223, 0.14382868104660493, 0.18457371764112046, 0.18251834788767016, 0.18206222777400388, -0.4140885772924718, -0.2240397406639208]
S_2 [0.2, 0.3333333333333333, 0.3333333333333333, 0.3333333333333333, 0.2, 0.2, 0.2, 0.2, 0.5, 0.5]
Trust scores at iteration 79: [-0.5077965260720001, -1.0202596325979407, -0.5282105862009634, -1.343433566074723, 0.14690001061464666, 0.5891950370007442, 0.5796380018211136, 0.578072514665599, -3.0957994197278715, -2.110794683828755]
X.shape (10, 5)
s1 and s2 score at iteration 79
S_1 [0.2177982108742419, 0.06278609560857279, -0.07484179650402041, -0.4097440056486536, 0.1928218378907738, 0.23485673157124046, 0.241916120021763, 0.25126780449490954, 0.08170550245913889, -0.10148672153627834]
S_2 [0.2, 0.3333333333333333, 0.3333333333333333, 0.5, 0.2, 0.2, 0.2, 0.2, 0.3333333333333333, 0.3333333333333333]
Trust scores at iteration 80: [0.36933776108552346, -0.47713648264644987, -0.9208920794538975, -2.501979076293395, 0.3453461495900844, 0.5401377363304256, 0.5644676025982207, 0.5978072514665599, -0.6169242539070494, -1.174588233726909]
X.shape (10, 5)
s1 and s2 score at iteration 80
S_1 [0.34370453257683403, 0.5582022740695767, 0.11610773432619707, -0.5276357381091826, 0.602860154075055, 0.5247555875427292, 0.5247555875427292, 0.5572112942532361, 0.5897696298585114, 0.4820499527093044]
S_2 [0.125, 0.125, 0.25, 0, 0.125, 0.125, 0.125, 0.125, 0.125, 0.125]
Trust scores at iteration 81: [0.10004461487969307, 0.3356173378135514, -0.8187538826842552, -1.0378966153451321, 0.48453461495900846, 0.38741275197994834, 0.3898457386067279, 0.44163229377011143, 0.36876494649686814, 0.15218561573276881]
X.shape (10, 5)
s1 and s2 score at iteration 81
S_1 [0.16077066534571927, 0.02291308017776152, 0.12859637327163753, -0.00224833407889325, -0.3449095695083113, -0.22008560057553195, 0.07214116638140038, 0.12245705372734281, -0.22889525854060425, 0.11549809021565853]
S_2 [0.25, 0.3333333333333333, 0.25, 0.25, 0.5, 0.5, 0.25, 0.25, 0.5, 0.25]
Trust scores at iteration 82: [0.4600044614879693, -0.43817001457186233, 0.18801176089274088, -0.5663759170348721, -2.7823627846766197, -2.0933058777576536, -0.0071665672468047, 0.2796822456578195, -2.144487442257283, 0.21178104839612838]
X.shape (10, 5)
s1 and s2 score at iteration 82
S_1 [-0.11817995437869182, -0.06757823544738048, -0.01701985099756207, -0.1703538959876407, -0.14052749767744213, -0.09291383526352003, -0.0759655035757317, -0.06496401342446032, -0.1777828131046428, -0.023997089559275406]
S_2 [0.25, 0.25, 0.25, 0.3333333333333333, 0.3333333333333333, 0.25, 0.3333333333333333, 0.3333333333333333, 0.3333333333333333, 0.3333333333333333]
Trust scores at iteration 83: [5.620288936163074, 2.854681492234349, 0.2438011760892741, 8.05157913186466, 6.252777537564818, 4.028899953969056, 3.1162957852732975, 2.5632281507771926, 8.286604873523194, 0.3901304949892964]
X.shape (10, 5)
s1 and s2 score at iteration 83
S_1 [0.19320873397948088, 0.3282446406889123, 0.27194053537511687, -0.27941009776845244, 0.2611609295377864, 0.22767822701883603, 0.2569247268191053, -0.2114913150733556, -0.24996897096537335, -0.06508766079674155]
S_2 [0.16666666666666666, 0.16666666666666666, 0.16666666666666666, 0.3333333333333333, 0.16666666666666666, 0.16666666666666666, 0.16666666666666666, 0.3333333333333333, 0.3333333333333333, 0.3333333333333333]
Trust scores at iteration 84: [0.6417796923394212, 0.735468149223435, 0.3200022893036027, -0.8609447334975125, 0.8913437833212023, 0.5771512289905179, 0.5660805442822918, -1.2235562140711933, -0.7567187876806859, -1.0394480354836717]
X.shape (10, 5)
s1 and s2 score at iteration 84
S_1 [-0.03340480550196126, 0.12723227528605202, -0.09239558591066406, 0.08997298758732447, 0.10840733030648224, -0.2675790017149987, 0.01232670161774382, -0.1414432211418142, -0.18994610018808553, -0.015118001635415941]
S_2 [0.3333333333333333, 0.3333333333333333, 0.3333333333333333, 0.3333333333333333, 0.3333333333333333, 0.5, 0.3333333333333333, 0.3333333333333333, 0.3333333333333333, 0.3333333333333333]
Trust scores at iteration 85: [-0.7721168300547802, 0.37354681492234354, -1.2215762879765393, -0.049654634114485466, 0.255972800866641, -2.73505226652371, -0.45619684172703395, -1.722879260094166, -2.019289210022521, -0.810884661703729]
X.shape (10, 5)
s1 and s2 score at iteration 85
S_1 [-0.11462712634652633, 0.005237207320116449, -0.032029203614885385, 0.03189165502685329, -0.09701528276162605, -0.12518492888045063, -0.23107377066510443, 0.08770734492734432, -0.28498011041479704, 0.03524358070009592]
S_2 [0.5, 0.3333333333333333, 0.25, 0.25, 0.3333333333333333, 0.3333333333333333, 0.5, 0.25, 0.5, 0.25]
Trust scores at iteration 86: [-2.15344628225522, -0.5089042482244343, -0.9008220442725059, -0.12771248878378488, -1.5699151773682172, -2.1580776428592126, -3.316759681294618, 0.2777120739905834, -4.026223341107934, -0.16944004714272887]
X.shape (10, 5)
s1 and s2 score at iteration 86
S_1 [-0.2778377098857985, -0.1663726888984124, 0.004430481190937425, 0.07226219231351914, 0.07767018516826786, 0.019419165891064134, -0.2068640248360756, -0.28857368206710904, 0.023832125659659746, 0.07162967578224115]
S_2 [0.3333333333333333, 0.5, 0.5, 0.2, 0.2, 0.2, 0.3333333333333333, 0.3333333333333333, 0.2, 0.2]
Trust scores at iteration 87: [-4.0347773919751075, -2.8787269515949525, -0.9387441901917348, 0.46456386164402647, 0.3830084822631783, -0.3507889972507418, -3.3287041450177393, -3.9160641819171653, -0.486468581583669, 0.4530618471367782]
X.shape (10, 5)
s1 and s2 score at iteration 87
S_1 [-0.013322407174206815, 0.07978521910919485, 0.06058094750801805, 0.14328676669951018, -0.1301858778801346, -0.07465505339802453, -0.16385591656997545, -0.11658590524571125, -0.20660122274624199, -0.008979526737762157]
S_2 [0.3333333333333333, 0.25, 0.25, 0.3333333333333333, 0.25, 0.25, 0.25, 0.25, 0.25, 0.25]
Trust scores at iteration 88: [-1.3871572494060913, -0.4617329259241216, -0.3883587997955412, 0.04645638616440265, -1.4544110228066525, -1.1789955317761465, -2.0370675156007274, -1.7988953597182253, -2.0213319462834898, -0.6860952140347075]
X.shape (10, 5)
s1 and s2 score at iteration 88
S_1 [-0.06574365006607365, 0.13771769164935138, 0.1541255504168304, -0.07587788000879059, -0.025393261361890948, -0.14186557068199726, 0.1209568032035727, -0.13533796369101522, -0.2199299636086736, -0.060233737740470444]
S_2 [0.3333333333333333, 0.3333333333333333, 0.3333333333333333, 0.25, 0.25, 0.25, 0.3333333333333333, 0.3333333333333333, 0.25, 0.3333333333333333]
Trust scores at iteration 89: [-1.4226188798649146, -0.14198526439587875, -0.03883587997955412, -1.113435290036998, -0.9687223909047364, -1.6213086863063622, -0.39739217497752666, -1.8701813921403554, -2.1613911694578856, -1.3203381207162532]
X.shape (10, 5)
s1 and s2 score at iteration 89
S_1 [-0.04326143392030944, -0.13712830685070818, 0.004954280920225719, -0.04758881205758506, -0.19724661908448254, -0.12907475416809058, -0.03698216486200496, -0.01605933750960442, -0.18974998848020763, -0.1709178502804243]
S_2 [0.5, 0, 0.25, 0.25, 0.3333333333333333, 0.3333333333333333, 0.25, 0.25, 0.3333333333333333, 0.5]
Trust scores at iteration 90: [-8.901180499025727, -24.925074222203428, 0.4461164120020446, -9.206378306295903, -36.52890518887854, -24.209989522957592, -7.207959058428379, -3.554374662062457, -35.28632608898498, -32.08115430590376]
X.shape (10, 5)
s1 and s2 score at iteration 90
S_1 [0.0390420889901805, -0.15688068228139537, 0.1248419812908097, 0.12359758156077302, -0.01464677559005561, 0.23913338014412114, 0.2134073218889578, 0.2625665441873164, -0.1602551710287449, 0.23309101825389142]
S_2 [0.3333333333333333, 0.3333333333333333, 0.25, 0.25, 0.25, 0.25, 0.3333333333333333, 0.25, 0.3333333333333333, 0.3333333333333333]
Trust scores at iteration 91: [-1.6562933838548874, -3.93024772912147, -0.20246718738973166, -1.1719820912855174, -4.378095308198886, -2.276320867276025, -0.8892990950266028, -0.13043746620624572, -4.977939659316072, -3.309148764529361]
X.shape (10, 5)
s1 and s2 score at iteration 91
S_1 [0.3814628418905715, -0.16821968201128593, 0.38201203671614004, 0.2999453402078701, 0.04307492804723403, 0.43542847610215357, 0.3566731372958036, 0.2744593288888054, -0.6642032921977482, 0.3937847964740705]
S_2 [0.14285714285714285, 0.3333333333333333, 0.14285714285714285, 0.14285714285714285, 0.25, 0.14285714285714285, 0.14285714285714285, 0.14285714285714285, 0, 0.14285714285714285]
Trust scores at iteration 92: [0.23711320990152474, -1.6407230106696582, 0.38363097658168477, 0.11705340312418336, -1.0237766876086523, 0.28665362755811175, 0.26257406492025676, 0.16853007479838247, -1.8706554019340857, 0.09729628432451848]
X.shape (10, 5)
s1 and s2 score at iteration 92
S_1 [-0.22816778376048552, 0.133287181440985, 0.13347647518974173, -0.2313168229447452, 0.11125649344095281, -0.20937293270471274, -0.23066126597795641, 0.025770560319508196, 0.039475251505623095, 0.04824445845531514]
S_2 [0.3333333333333333, 0.2, 0.2, 0.3333333333333333, 0.25, 0.3333333333333333, 0.3333333333333333, 0.2, 0.2, 0.2]
Trust scores at iteration 93: [-2.414769561821017, 0.19465133638570978, 0.3983630976581684, -2.448008761774319, -0.027201699890561773, -2.283086327318213, -2.4290364315049446, -0.3493822579136557, -0.46089334539610965, -0.20496950826515375]
X.shape (10, 5)
s1 and s2 score at iteration 93
S_1 [-0.14704977221018936, -0.15662888848906917, -0.025075500262187227, 0.06542034825145779, -0.16306201379815133, 0.05720209963678978, 0.0994130911764545, -0.09061968655779677, -0.19730472408381003, -0.038409971844869106]
S_2 [0.25, 0.25, 0.25, 0.25, 0.25, 0.25, 0.25, 0.25, 0.25, 0.3333333333333333]
Trust scores at iteration 94: [-2.2477381957532905, -2.0735171257597704, -0.8621755452011638, -0.3275417206723966, -2.153942372534294, -0.38545038022328215, -0.017903643150494475, -1.530330358626821, -2.5073153695015598, -1.2682275590521823]
X.shape (10, 5)
s1 and s2 score at iteration 94
S_1 [0.10732818650762695, 0.08591496648568116, -0.09039791144254265, 0.2192846526437424, -0.2992085347434318, 0.1255319403997622, 0.07261858214582556, 0.2391471390400174, -0.4649316198904157, 0.15475739038251998]
S_2 [0.2, 0.3333333333333333, 0.3333333333333333, 0.2, 0.5, 0.2, 0.2, 0.2, 0.5, 0.3333333333333333]
Trust scores at iteration 95: [-0.1808577692114542, -0.48402160648520665, -1.026418656757323, 0.43249587345533624, -2.2414277007941648, 0.07387853690858837, -0.08849951837979192, 0.3869669641373179, -2.90044286354627, -0.14441289767579796]
X.shape (10, 5)
s1 and s2 score at iteration 95
S_1 [-0.09308789012077869, -0.1388194571141325, 0.058276856969774186, -0.07112557312465874, 0.01110136016283525, 0.10475121441355345, 0.018418019703700612, -0.31897361527443896, 0.17535816938785886, 0.1939075915147995]
S_2 [0.3333333333333333, 0.3333333333333333, 0.3333333333333333, 0.3333333333333333, 0.2, 0.2, 0.2, 0.3333333333333333, 0.2, 0.2]
Trust scores at iteration 96: [-1.3501426162342498, -1.5927168593496477, -0.7321564717668831, -1.186871659131334, -0.7126170713251769, -0.04642131574022702, -0.4633648111901187, -2.341783007884409, -0.01613931638326016, 0.34555871023242013]
X.shape (10, 5)
s1 and s2 score at iteration 96
S_1 [0.05110053668322259, 0.09450723921417414, 0.16946427794201824, 0.12064249781376181, -0.11676982736630606, 0.1596589122514417, -0.1978360502041604, -0.22111375240354628, -0.04409100571934633, -0.09142079072992365]
S_2 [0.3333333333333333, 0.3333333333333333, 0.3333333333333333, 0.3333333333333333, 0.3333333333333333, 0.3333333333333333, 0.3333333333333333, 0.3333333333333333, 0.3333333333333333, 0.5]
Trust scores at iteration 97: [-0.4636267835459751, -0.2573575579211623, 0.22678435282331172, -0.0779725011415088, -1.2914091854443346, 0.24328300504657954, -1.697014814901336, -2.0084811071372797, -0.8357748157450565, -1.350966580410934]
X.shape (10, 5)
s1 and s2 score at iteration 97
S_1 [-0.008507949439272753, 0.07736935568786929, -0.004759521688701529, -0.1980867820183547, -0.1477034928337815, -0.10167901769792541, 0.10226309340661291, -0.25407605123307087, 0.09592294911419255, -0.14052815305860702]
S_2 [0.3333333333333333, 0.3333333333333333, 0.3333333333333333, 0.5, 0.5, 0.3333333333333333, 0.3333333333333333, 0.5, 0.3333333333333333, 0.3333333333333333]
Trust scores at iteration 98: [-0.7212396866698019, 0.055178714907628254, -0.6192093013109604, -2.651125149531975, -2.3290541044466226, -1.4705313490491785, 0.13029851850986643, -3.336927995374999, 0.16062399255370285, -1.9718609054305403]
X.shape (10, 5)
s1 and s2 score at iteration 98
S_1 [0.11862008201941417, 0.2188521526368727, 0.35397343478093524, 0.3938895772634553, -0.12334208723319035, 0.13649349666387145, 0.07486622483864165, -0.48558648582093966, 0.39165304053701316, 0.20876364753300633]
S_2 [0.2, 0.2, 0.25, 0.2, 0.3333333333333333, 0.2, 0.25, 0.3333333333333333, 0.2, 0.2]
Trust scores at iteration 99: [-0.34108842982593346, -0.03442589767009786, 0.07187450313765548, 0.09488748504680239, -1.4147302794373826, -0.37517855357950425, -0.49090798696440746, -2.3432114628011815, 0.37095212680850226, -0.260181128682801]
X.shape (10, 5)
s1 and s2 score at iteration 99
S_1 [-0.04503472804787388, -0.05823063377744976, -0.14159519523346198, -0.04265742828526306, -0.044721882759423535, -0.14974685416563924, -0.20142157520369752, -0.17428200485219117, -0.006486254522133423, -0.062006189990614434]
S_2 [0.25, 0.25, 0.25, 0.25, 0.25, 0.25, 0.3333333333333333, 0.25, 0.25, 0.25]
Trust scores at iteration 100: [5.5396831377790825, 7.40134678958457, 18.97922338997041, 5.253418590947739, 5.388910116694637, 20.065601209995467, 26.99915222271715, 23.27317182122998, 0.26209521268085023, 7.902648425520616]
