Matplotlib created a temporary config/cache directory at /tmp/matplotlib-ag_3e_hs because the default path (/users/raysuan/.config/matplotlib) is not a writable directory; it is highly recommended to set the MPLCONFIGDIR environment variable to a writable directory, in particular to speed up the import of Matplotlib and to better support multiprocessing.
Loaded dataset for Tower 2 without noise: 552960 chunks
Loaded dataset for Tower 3 without noise: 535674 chunks
Loaded dataset for Tower 4 without noise: 552958 chunks
Loaded dataset for Tower 5 without noise: 518399 chunks
Loaded dataset for Tower 6 without noise: 518400 chunks
Loaded dataset for Tower 7 with same noise: 518398 chunks
Loaded dataset for Tower 8 with same noise: 518398 chunks
Loaded dataset for Tower 9 with same noise: 518399 chunks
Loaded dataset for Tower 10 with random noise: 518399 chunks
Loaded dataset for Tower 11 with random noise: 518396 chunks
W, alpha, th 0.5 0.5 0.1
X.shape (10, 5)
s1 and s2 score at iteration 0
S_1 [-0.23644800833044707, 0.09262767953290613, 0.13136304836337995, 0.35664460235735335, -0.21665800316667794, 0.31109870123151484, 0.09983120307296116, 0.28183199340158643, 0.22131183124501463, 0.30940559292329084]
S_2 [0.3333333333333333, 0.25, 0.25, 0.2, 0.3333333333333333, 0.2, 0.25, 0.2, 0.2, 0.2]
Trust scores at iteration 1: [-0.8314896773532677, -0.24514007933857027, -0.19083480095437438, 0.19999999999999996, -0.8037449631013753, 0.13614665576769036, -0.23504105710124898, 0.09511602241942013, 0.010269424774951408, 0.13377299260689546]
X.shape (10, 5)
s1 and s2 score at iteration 1
S_1 [0.056546777769167694, -0.07207536617053481, -0.114551609551739, -0.030524557339044515, -0.13246235988832408, -0.13426905304243741, -0.09462351316748255, -0.016402226113766922, -0.04252486759366132, -0.14449597092374805]
S_2 [0.25, 0.25, 0.25, 0.25, 0.25, 0.25, 0.3333333333333333, 0.25, 0.5, 0.25]
Trust scores at iteration 2: [-0.16574483867663387, -1.0098774956728536, -1.3583098593486336, -0.41990536457842276, -1.8231360363818312, -1.3691654356628906, -1.2875373733101059, -0.34747435633493795, -0.8708802372817532, -1.4607810970084292]
X.shape (10, 5)
s1 and s2 score at iteration 2
S_1 [0.26038753273556314, 0.05650805022177179, 0.07582527116225439, 0.14778155923535374, 0.35811319726935453, -0.05837312607891801, 0.30731310362760555, -0.413131090649817, 0.36550666763249656, 0.11588839953572647]
S_2 [0.25, 0.25, 0.25, 0.25, 0.25, 0.25, 0.25, 0.5, 0.25, 0.25]
Trust scores at iteration 3: [0.023328377793752325, -0.677637763715135, -0.8254286807752216, -0.2577928144643888, -0.671682020229554, -1.0144350587709683, -0.47337539312340454, -1.238885679186341, -0.18544011864087662, -0.8218593782161694]
X.shape (10, 5)
s1 and s2 score at iteration 3
S_1 [-0.10599550864155308, 0.17190673336861023, -0.3356889282479486, 0.033658865166877425, -0.12592371610039002, 0.055030236207422305, -0.037528020749355545, -0.2527415581716071, 0.10860080962259998, 0.13445477762781705]
S_2 [0.25, 0.2, 0.3333333333333333, 0.2, 0.3333333333333333, 0.2, 0.5, 0.3333333333333333, 0.2, 0.2]
Trust scores at iteration 4: [-0.5466294612834012, -0.03881888185756749, -1.7224170156016636, -0.23099778363754858, -1.0354302591788185, -0.5471591211746086, -0.8458399677205238, -1.6878886179686279, 0.02315124919233874, -0.21986072108949928]
X.shape (10, 5)
s1 and s2 score at iteration 4
S_1 [-0.11623178541032114, 0.038483913700062315, 0.02288692077554623, 0.09301188589638928, -0.21611228863968174, 0.07627698441300879, 0.28016176306620133, -0.28972379247424873, 0.27451568400633486, 0.22534493938308298]
S_2 [0.25, 0.2, 0.25, 0.2, 0.5, 0.25, 0.2, 0.3333333333333333, 0.2, 0.2]
Trust scores at iteration 5: [-0.7307516487604232, -0.15072784555531252, -1.070362604125286, -0.14950213894566564, -1.4034071067430065, -0.3874493057334598, -0.12291998386026193, -1.6943428358390558, 0.30149916198743654, 0.09223897355141442]
X.shape (10, 5)
s1 and s2 score at iteration 5
S_1 [0.12132087924551133, -0.03623901170677271, 0.1725534743980518, -0.02320004211150792, 0.14798674754747568, -0.1370614220683717, -0.06511033089699715, 0.046339603255257135, -0.39617577952901734, 0.09181140722686919]
S_2 [0.2, 0.5, 0.2, 0.3333333333333333, 0.2, 0.5, 0.2, 0.25, 0.5, 0.2]
Trust scores at iteration 6: [-0.21383007988351, -0.680371984287839, -0.23518130206264304, -0.47531006196035197, -0.47288938992529184, -1.0908810200349566, -0.45012710258708183, -0.9628953524363157, -1.4972301421357812, 0.11215703701093382]
X.shape (10, 5)
s1 and s2 score at iteration 6
S_1 [0.18397452379327306, 0.01481522614064277, -0.12556522983690802, 0.08883776960790064, -0.13586438035111997, -0.05116850629291056, 0.01918988880364097, -0.14823414179148062, 0.045397498108148096, -0.1332570390430943]
S_2 [0.25, 0.25, 0.5, 0.25, 0.3333333333333333, 0.3333333333333333, 0.25, 0.5, 0.25, 0.3333333333333333]
Trust scores at iteration 7: [0.143084960058245, -0.5499216505514656, -0.9588477643749117, -0.24621461907910994, -0.9390258392151338, -1.0178379518966425, -0.4229098932544417, -1.3843136240002734, -0.8752352215862309, -0.6394164780177967]
X.shape (10, 5)
s1 and s2 score at iteration 7
S_1 [-0.31197753298957104, 0.09924136811896786, 0.13838056003968502, 0.0736224979533703, -0.037434436816955186, -0.33875896614375295, -0.14650142561132984, -0.00925073177246809, 0.13461490877776677, 0.16797596395036948]
S_2 [0.3333333333333333, 0.16666666666666666, 0.16666666666666666, 0.16666666666666666, 0.3333333333333333, 0.3333333333333333, 0.3333333333333333, 0.16666666666666666, 0.16666666666666666, 0.16666666666666666]
Trust scores at iteration 8: [-1.3570949441970857, -0.22955734675100198, -0.3175180452292253, -0.1539613787112522, -1.080940876133584, -2.017274451865826, -1.1475334847882386, -0.9696926914048869, -0.2869206729337787, -0.06970823900889833]
X.shape (10, 5)
s1 and s2 score at iteration 8
S_1 [-0.18280961273800245, 0.057614363770606546, -0.20368791155385807, -0.08606565217382342, -0.00762570802848592, -0.10022982027155412, 0.05671649856937284, -0.08602455945726722, -0.10580040886725744, 0.1063617460664008]
S_2 [0.3333333333333333, 0.3333333333333333, 0.3333333333333333, 0.25, 0.25, 0.3333333333333333, 0.25, 0.25, 0.25, 0.3333333333333333]
Trust scores at iteration 9: [-2.0379241723638613, -0.3439371072045284, -1.6162833162958077, -0.8565700053306258, -0.9513184205910975, -1.9798114214419895, -0.6821459850874219, -1.2642424873545501, -1.015821524958507, -0.034854119504449166]
X.shape (10, 5)
s1 and s2 score at iteration 9
S_1 [-0.08299808945522184, 0.03841100752395959, 0.20296106697338853, 0.013896373026928496, -0.0389759786449163, 0.08209056360709083, 0.11849507908013458, 0.2488299953568922, -0.2805719339439934, 0.2917883851303766]
S_2 [0.25, 0.25, 0.25, 0.25, 0.3333333333333333, 0.25, 0.25, 0.25, 0.25, 0.25]
Trust scores at iteration 10: [-1.5361851726460074, -0.48114858015336076, -0.8353535395723449, -0.7794725863131005, -1.0424473016506948, -1.224237733874673, -0.513023308048578, -0.580733477684276, -1.3636905814200049, 0.10757294024777542]
X.shape (10, 5)
s1 and s2 score at iteration 10
S_1 [-0.06838709105682249, -0.009206699542000263, -0.237181138368335, -0.051152857343564076, -0.004108715987454165, -0.16467948220865905, -0.10987877284485649, 0.006054285203747635, -0.06826906598477685, -0.15508409234563922]
S_2 [0.3333333333333333, 0.3333333333333333, 0.3333333333333333, 0.3333333333333333, 0.3333333333333333, 0.3333333333333333, 0.3333333333333333, 0.3333333333333333, 0.3333333333333333, 0.3333333333333333]
Trust scores at iteration 11: [-6.9159179492981835, -1.5009199982951558, -20.505549688418963, -5.1142529472365545, -1.360546613750091, -14.712360403850859, -9.830974546591767, -0.290366738842138, -6.819923419447474, -13.254008928219863]
X.shape (10, 5)
s1 and s2 score at iteration 11
S_1 [-0.1751772127958285, 0.010487043294947287, -0.2895090908208345, -0.13777971543449857, -0.007627315548877572, 0.03295171394817506, 0.04074839379809004, 0.06730364773666248, 0.0736400456478331, -0.135559147080043]
S_2 [0.3333333333333333, 0.3333333333333333, 0.5, 0.3333333333333333, 0.25, 0.25, 0.3333333333333333, 0.25, 0.25, 0.3333333333333333]
Trust scores at iteration 12: [-4.980707735789015, -1.0125885742363332, -12.718479022377338, -3.8259543074126707, -0.9820611315686469, -7.382445183442693, -4.972147816440031, 0.06179385774230747, -3.159961709723737, -7.880755118531875]
X.shape (10, 5)
s1 and s2 score at iteration 12
S_1 [0.13647962062344338, 0.3388153406721433, -0.6236707926467084, 0.04683938292845443, 0.24271863542144376, 0.3296933718456559, 0.2870745954886258, 0.3644533462241685, 0.3187049683358848, -0.14041300819981983]
S_2 [0.25, 0.16666666666666666, 0.5, 0.16666666666666666, 0.16666666666666666, 0.16666666666666666, 0.16666666666666666, 0.16666666666666666, 0.16666666666666666, 0.3333333333333333]
Trust scores at iteration 13: [-2.553115059364681, -0.20813418763992275, -7.71486451656741, -2.015384041427737, -0.32470723807163815, -3.4055770828223815, -2.2588978533658164, 0.3642302622044871, -1.3094105313379507, -4.4663459852037635]
X.shape (10, 5)
s1 and s2 score at iteration 13
S_1 [-0.02446346652499546, 0.11889686334515377, -0.23753838291942975, -0.18219512326943837, -0.09046524354470835, 0.03905651128974814, 0.185316561125745, 0.18505552800787375, 0.2510243380626018, 0.15064764532318053]
S_2 [0.2, 0.25, 0.25, 0.25, 0.25, 0.2, 0.2, 0.2, 0.25, 0.2]
Trust scores at iteration 14: [-1.7252848099010711, -0.3672437159300003, -4.830570410450032, -1.8705953245839528, -0.8425457953062883, -2.024994269367322, -1.1603282219814985, 0.1507158999283396, -0.6547052656689754, -2.3331071772991216]
X.shape (10, 5)
s1 and s2 score at iteration 14
S_1 [0.348645242711139, 0.2171363631423848, 0.23291496530615785, -0.09961784746567073, 0.33665976530195274, -0.40519823569878394, -0.44192578959307205, 0.312976740463877, 0.3243880494207563, 0.19544039402098667]
S_2 [0.14285714285714285, 0.14285714285714285, 0.14285714285714285, 0.3333333333333333, 0.14285714285714285, 0.3333333333333333, 0.3333333333333333, 0.14285714285714285, 0.14285714285714285, 0.14285714285714285]
Trust scores at iteration 15: [-0.5769281192362499, -0.08650742025970115, -2.295542318553835, -1.5781618624328149, -0.1527472552084247, -2.0936010564636875, -1.7139398455405224, 0.30991923274358657, -0.07642613470300919, -1.1005538292239447]
X.shape (10, 5)
s1 and s2 score at iteration 15
S_1 [0.07779930569517296, 0.005826598151978384, 0.057753604957802435, -0.1294925590070909, -0.08404899594996867, -0.15918083541433678, -0.19508256490525688, -0.26482287509134284, 0.022386506116695085, -0.06063936415896665]
S_2 [0.25, 0.25, 0.25, 0.3333333333333333, 0.3333333333333333, 0.25, 0.3333333333333333, 0.3333333333333333, 0.25, 0.3333333333333333]
Trust scores at iteration 16: [-0.16346405961812494, -0.3808073724028296, -1.151600719889656, -2.121302747658178, -1.1165390905151718, -2.4448227389828396, -2.6107251019592237, -2.047002070336252, -0.2693396361128756, -1.439993529799767]
X.shape (10, 5)
s1 and s2 score at iteration 16
S_1 [-0.19937493915231502, 0.03012142549350442, -0.22000609043797031, -0.013678452971372913, -0.05223425314899157, -0.02439434945550586, -0.08895056830809712, -0.24966114887238713, -0.004063299361871183, -0.09623271624240443]
S_2 [0.3333333333333333, 0.25, 0.3333333333333333, 0.25, 0.5, 0.25, 0.5, 0.3333333333333333, 0.25, 0.5]
Trust scores at iteration 17: [-3.724585677765446, 0.05959631379858521, -4.561120391009546, -1.5377065803352123, -1.9253309856309127, -1.8773448853498644, -3.2818957304481433, -5.501079615563649, -0.4521184745409627, -2.817409813348681]
X.shape (10, 5)
s1 and s2 score at iteration 17
S_1 [-0.11330853965565003, 0.02318711980240633, 0.16883090362086955, -0.18252305527710563, 0.13727869629205897, 0.1812072669446425, -0.09440143521701927, 0.22963177244614316, -0.2350087349170453, -0.013236461425797054]
S_2 [0.5, 0.25, 0.25, 0.5, 0.25, 0.25, 0.25, 0.25, 0.3333333333333333, 0.3333333333333333]
Trust scores at iteration 18: [-2.6090107439196335, -0.1697142307912119, -2.1629479486836884, -1.666278814808178, -0.9137549918214014, -0.7941119142812796, -2.0964974592793975, -2.5005398077818244, -1.0711003635055203, -1.7708592983586071]
X.shape (10, 5)
s1 and s2 score at iteration 18
S_1 [0.12397904310633587, -0.08814723313727793, 0.13553982980089968, -0.2911434381456189, -0.17666373316152562, 0.0022541671897037263, 0.12829225164320426, 0.032677493683493965, -0.18486621794473382, -0.20105828329183667]
S_2 [0.25, 0.25, 0.25, 0.3333333333333333, 0.3333333333333333, 0.25, 0.25, 0.25, 0.3333333333333333, 0.3333333333333333]
Trust scores at iteration 19: [-1.2221525654510066, -0.7850280753516616, -0.9564739743418442, -2.407153734311877, -1.6085816238450306, -0.7637404413508717, -0.9499847015246483, -1.5047241804253622, -1.7175128867978078, -2.127124114884255]
X.shape (10, 5)
s1 and s2 score at iteration 19
S_1 [-0.02422469480609167, -0.20179027668427738, 0.13203825419015944, 0.13256357820601578, 0.05635024896020954, -0.03726619930347676, -0.2585467765126654, -0.10788751148000945, -0.10917297842883991, 0.1161839917174544]
S_2 [0.25, 0.5, 0.25, 0.25, 0.25, 0.25, 0.5, 0.25, 0.25, 0.25]
Trust scores at iteration 20: [-0.9524463827707974, -1.6536215734526527, -0.23021839119971177, -0.9535768671559386, -0.8417503474797248, -0.7724299423116523, -1.95017263788033, -1.4092895168107415, -1.5205323621930362, -0.8753421734823945]
X.shape (10, 5)
s1 and s2 score at iteration 20
S_1 [0.13735077450816563, 0.19594315595656178, 0.03577388800288916, 0.07649939021284136, 0.055348537442234, -0.23135992058716923, -0.20613812946365717, -0.2201493979142217, -0.02304947256268743, -0.011831375517230921]
S_2 [0.25, 0.25, 0.25, 0.25, 0.25, 0.3333333333333333, 0.3333333333333333, 0.3333333333333333, 0.25, 0.25]
Trust scores at iteration 21: [-0.5007369142872218, -0.7018107867263264, -0.3988228022878593, -0.6565803135510562, -0.6546389637481643, -1.476590071163042, -2.0011014493419523, -1.7664132897926732, -1.194082914067271, -0.8428619231076733]
X.shape (10, 5)
s1 and s2 score at iteration 21
S_1 [0.04416236735708041, -0.21696016893434897, -0.00963734202777485, 0.07340529341305532, -0.025597408278955142, 0.08707860684262184, 0.12584536993889703, -0.19228513433811634, -0.13867270286069425, -0.22293382161723388]
S_2 [0.25, 0.5, 0.25, 0.25, 0.25, 0.25, 0.25, 0.3333333333333333, 0.3333333333333333, 0.5]
Trust scores at iteration 22: [-0.3249056356726143, -1.7129163240779437, -0.4877018127516597, -0.28664139191156635, -0.6790213096464655, -0.6423204205245587, -0.7505507246709762, -1.980513791614614, -1.481339450123722, -1.8071759902564306]
X.shape (10, 5)
s1 and s2 score at iteration 22
S_1 [0.22502584883991966, 0.08450597926062729, 0.31896012230484816, -0.5058222130939792, 0.11726457106294544, -0.36421188433402185, 0.3085669339676763, 0.3021182938724043, 0.2798609591692963, 0.0848369820153177]
S_2 [0.2, 0.2, 0.2, 0.5, 0.25, 0.5, 0.2, 0.2, 0.2, 0.2]
Trust scores at iteration 23: [-0.009703628981830581, -0.923987089087946, 0.05614909362417014, -1.4362446035572112, -0.4056874072404689, -1.3920966046023908, -0.09156766286207002, -0.7166580463817779, -0.501961341789708, -0.9705980442179347]
X.shape (10, 5)
s1 and s2 score at iteration 23
S_1 [0.14062228712238037, 0.17060175123799434, -0.0753179297048876, -0.0256289806539852, 0.25469035130560175, 0.3378956011119017, 0.13753643688196152, 0.29892567646295387, 0.0053464515101570515, 0.15430648587867032]
S_2 [0.25, 0.2, 0.25, 0.2, 0.2, 0.2, 0.25, 0.25, 0.25, 0.2]
Trust scores at iteration 24: [-0.29676640784513575, -0.6095461159941474, -0.5833769332560801, -1.1560467088582609, -0.225966421898453, -0.5960483023011954, -0.3422647024021649, -0.4159946520429823, -0.7430692753446253, -0.6569644634895311]
X.shape (10, 5)
s1 and s2 score at iteration 24
S_1 [0.16962195415737866, -0.38657976739803357, 0.09639820832917756, -0.11073224723507367, 0.18459304943717147, 0.14855634920521846, 0.051424863161055795, -0.45355487943168415, 0.1906522086531687, 0.1356575170511776]
S_2 [0.16666666666666666, 0.3333333333333333, 0.16666666666666666, 0.3333333333333333, 0.16666666666666666, 0.16666666666666666, 0.2, 0.3333333333333333, 0.16666666666666666, 0.16666666666666666]
Trust scores at iteration 25: [0.04646334507795291, -1.8186080671190845, -0.28887679187701854, -1.368427142607939, 0.12112618054746485, -0.1584237624253098, -0.3362667141220832, -1.8974796893147052, -0.12153463767231265, -0.22271001696291776]
X.shape (10, 5)
s1 and s2 score at iteration 25
S_1 [-0.10052548548737757, -0.14521236555865136, -0.059290462477628286, -0.19073296601895365, -0.07176120019749382, 0.055299224942579, 0.020178336374318144, -0.1986157601446224, -0.05795686246153467, -0.10265931917888434]
S_2 [0.3333333333333333, 0.3333333333333333, 0.25, 0.3333333333333333, 0.25, 0.25, 0.25, 0.3333333333333333, 0.3333333333333333, 0.25]
Trust scores at iteration 26: [-1.3856914235058606, -2.7222732994889958, -1.0555260403783153, -2.9087672718034328, -0.9632814484337127, 0.045788118787345095, -0.36068652896109354, -3.244567547042502, -1.0847969279465488, -1.414571627118362]
X.shape (10, 5)
s1 and s2 score at iteration 26
S_1 [-0.19624686021483537, 0.12156931238743877, 0.052594030916107926, -0.06012554299740702, 0.0966421140869358, 0.08090199573493471, -0.2661135691768699, -0.19375765448914378, 0.01803831726769746, 0.042325484485249004]
S_2 [0.25, 0.2, 0.2, 0.25, 0.2, 0.2, 0.25, 0.25, 0.2, 0.3333333333333333]
Trust scores at iteration 27: [-1.8749855086344034, -1.161136649744498, -0.6114500795167128, -2.0766727823838, -0.38416330088925105, 0.055634263916265345, -1.6498364550349676, -2.7941857658252065, -0.7682090286895997, -1.033206172677613]
X.shape (10, 5)
s1 and s2 score at iteration 27
S_1 [0.34801028988106375, 0.19691049951627163, 0.22529635533828973, 0.31853858693084, 0.16429351967854952, 0.3206052689543942, 0.022886957935481417, 0.05798495650911595, -0.5035050715375265, -0.06835818160318384]
S_2 [0.2, 0.2, 0.2, 0.2, 0.2, 0.2, 0.25, 0.25, 0, 0.25]
Trust scores at iteration 28: [-0.8374927543172017, -0.697659305740131, -0.3820329509191339, -0.9806795399538173, -0.35603472244330325, 0.08844326612210301, -1.2920356395582264, -1.813783627130349, -1.107509951163356, -1.1148159604847778]
X.shape (10, 5)
s1 and s2 score at iteration 28
S_1 [0.08512966291052308, 0.01998782523291797, -0.1915912376133385, -0.040649286085459035, 0.03191229539530211, 0.001197492187744424, -0.09089650198200942, -0.24657394376677377, -0.18551133718792434, -0.09548846432514124]
S_2 [0.25, 0.25, 0.5, 0.3333333333333333, 0.3333333333333333, 0.25, 0.25, 0.5, 0.5, 0.5]
Trust scores at iteration 29: [-0.16874637715860086, -0.4814332921331124, -1.8163071853189117, -1.0624223517842089, -0.32391722950741364, -0.19874502423087817, -1.4298887343012796, -2.8551175866775345, -2.1433360384299416, -1.618249296068495]
X.shape (10, 5)
s1 and s2 score at iteration 29
S_1 [-0.04617481876160052, -0.06784619935636949, 0.2754181441719499, 0.16318339085420416, -0.19081445444940512, 0.19508693950808653, 0.3134809475325164, 0.1499942631750653, -0.08895956504361838, -0.06801437585753077]
S_2 [0.25, 0.25, 0.25, 0.25, 0.5, 0.25, 0.25, 0.25, 0.25, 0.25]
Trust scores at iteration 30: [-0.40802171351367617, -0.5989308770914449, -0.7188635076641283, -0.5209347665302919, -0.9663063844528725, -0.0382101575231384, -0.4649443671506398, -1.4383189537955572, -1.4635579263111442, -1.167607119445809]
X.shape (10, 5)
s1 and s2 score at iteration 30
S_1 [-0.16750333405266504, 0.16862423733160933, 0.2817050806849233, 0.1458951161565374, 0.1594894550483113, 0.078757023224508, 0.11458740863417659, -0.3307121891145385, 0.07449837240689162, -0.2152632461180996]
S_2 [0.5, 0.25, 0.25, 0.25, 0.25, 0.25, 0.25, 0.25, 0.25, 0.5]
Trust scores at iteration 31: [-1.00131350682869, -0.25017329066960853, -0.10943175383206416, -0.25151728587638833, -0.45007442300343037, -0.12931877630471925, -0.2790903198979332, -1.5561424810922038, -0.8495513650132878, -1.4658755578471834]
X.shape (10, 5)
s1 and s2 score at iteration 31
S_1 [-0.049236612599056685, 0.09805135071770699, -0.11131628571399024, 0.05726260760933434, -0.14831118095632828, -0.10954947459071987, -0.16606906568681307, -0.10399266207167474, 0.01988991785048078, 0.08684181891918746]
S_2 [0.3333333333333333, 0.3333333333333333, 0.3333333333333333, 0.3333333333333333, 0.3333333333333333, 0.5, 0.5, 0.5, 0.3333333333333333, 0.3333333333333333]
Trust scores at iteration 32: [-1.0850657335320377, 0.04158002133186242, -0.9556920060863827, -0.16708882083211268, -1.314663955740325, -1.123292562447512, -1.48639257444778, -1.8083681783775498, -0.6566829890443622, -0.6234326491274986]
X.shape (10, 5)
s1 and s2 score at iteration 32
S_1 [0.09530436777102022, 0.056088347153640195, -0.1558487122725931, 0.19873362248856521, 0.10499721387074477, 0.29822420555130086, 0.14579172003501398, -0.21689592012996062, 0.1883113874612727, 0.2515654666797713]
S_2 [0.2, 0.25, 0.2, 0.2, 0.25, 0.2, 0.25, 0.25, 0.25, 0.2]
Trust scores at iteration 33: [-0.7827464275753445, -0.3851727748665935, -1.1391405414668738, -0.1503494202220447, -0.981294600762148, -0.46164628122375606, -0.9987632108317479, -1.767829822989967, -0.5126203291104768, -0.2899439432529762]
X.shape (10, 5)
s1 and s2 score at iteration 33
S_1 [0.006092225731146341, 0.04980849968821784, -0.22401990772872946, -0.12507649200754742, -0.18364508475305089, -0.25669106643664036, -0.09866663733606545, 0.07526142754109572, 0.051270673600692554, -0.04326684768730853]
S_2 [0.25, 0.25, 0.3333333333333333, 0.3333333333333333, 0.3333333333333333, 0.3333333333333333, 0.25, 0.25, 0.25, 0.25]
Trust scores at iteration 34: [-0.7258994549832718, -0.23668315243273536, -2.5578486295674208, -1.4061215582773736, -2.210695143964518, -2.4361526488548413, -1.5298743362851468, -0.7589149114949835, -0.29069296344849127, -0.8074156801827942]
X.shape (10, 5)
s1 and s2 score at iteration 34
S_1 [-0.3196240197237109, 0.10345300333589033, -0.07734358583324935, -0.1714631290492318, -0.13154215128251348, -0.00772806661956819, 0.012337505739243887, 0.04255554809468351, -0.1758659652992377, 0.10069280145039018]
S_2 [0.3333333333333333, 0.3333333333333333, 0.3333333333333333, 0.5, 0.25, 0.25, 0.3333333333333333, 0.25, 0.3333333333333333, 0.25]
Trust scores at iteration 35: [-2.2410618947750978, 0.04832509045029901, -1.9860678969221501, -2.0317613654934723, -1.9911055830639843, -1.505426939539467, -1.0386419486963099, -0.42378170578151675, -1.3286598041751378, -0.1670482062310748]
X.shape (10, 5)
s1 and s2 score at iteration 35
S_1 [0.2694582030920377, -0.03030047060912961, -0.37989730846257264, 0.23264098017835227, -0.0014279781064404516, 0.375340725541155, 0.28920991150341496, 0.32012386704104895, 0.31016190235108265, -0.024299528667232406]
S_2 [0.16666666666666666, 0.3333333333333333, 0.5, 0.16666666666666666, 0.3333333333333333, 0.16666666666666666, 0.16666666666666666, 0.16666666666666666, 0.16666666666666666, 0.25]
Trust scores at iteration 36: [-0.92824615374633, -0.3495347408413216, -1.9991038772102776, -0.8726409572374173, -1.3307883672936973, -0.41938013643640015, -0.3007244763443202, 0.04788683520784054, -0.4178227759238672, -0.36589406327933005]
X.shape (10, 5)
s1 and s2 score at iteration 36
S_1 [0.146410818482122, 0.161598113150242, -0.20016202532236346, -0.2624128369492571, -0.145331491263469, 0.05712955550949718, -0.22654177774458864, 0.04593562164997685, 0.1476736888148616, 0.16495470463009465]
S_2 [0.2, 0.2, 0.3333333333333333, 0.3333333333333333, 0.25, 0.2, 0.3333333333333333, 0.2, 0.2, 0.2]
Trust scores at iteration 37: [-0.32033210161591696, 0.015058347228982166, -2.1062700851751925, -1.7317292471582573, -1.480913572255285, -0.3365226655739158, -1.3370409790198399, -0.13681950591200515, -0.061292482074966514, 0.01705296836033493]
X.shape (10, 5)
s1 and s2 score at iteration 37
S_1 [-0.026974247936637066, 0.07478218106330384, -0.01384853609236011, -0.015743513989342026, -0.13667297693605754, -0.22380868578831267, 0.08724552759390553, -0.12860918683368922, 0.07612768802008332, -0.13985605523069303]
S_2 [0.2, 0.25, 0.25, 0.2, 0.25, 0.3333333333333333, 0.2, 0.2, 0.2, 0.3333333333333333]
Trust scores at iteration 38: [-0.6147541923468112, 0.06110232301067682, -1.5075003491785526, -1.2560899590405752, -1.8987231649626577, -1.9508983455978397, -0.46852048950992, -1.1054629313854785, 0.10563794521002567, -1.2929819660963286]
X.shape (10, 5)
s1 and s2 score at iteration 38
S_1 [0.00031629475703500966, 0.1119398280449281, -0.18523147841891136, -0.011240667805144532, -0.02738856378673601, -0.12067545939910818, -0.09034362303960744, 0.014967993046160557, 0.05325835007578264, -0.2557646226154639]
S_2 [0.25, 0.25, 0.25, 0.25, 0.25, 0.25, 0.25, 0.25, 0.25, 0.25]
Trust scores at iteration 39: [-0.8059643069876474, 0.03055116150533841, -2.081120922133068, -1.1782535067329298, -1.5716976815494075, -2.014468490171258, -1.137796790314719, -0.985874149098716, -0.2092927305932139, -2.288911098758948]
X.shape (10, 5)
s1 and s2 score at iteration 39
S_1 [-0.15169067558727192, -0.08050658651646897, -0.06819224049905273, -0.15666049183674902, -0.0498393607812415, -0.15253044064226437, -0.09148782573349824, -0.1569366108132081, -0.05633048065703845, -0.10392981738292527]
S_2 [0.25, 0.25, 0.25, 0.25, 0.3333333333333333, 0.25, 0.25, 0.25, 0.3333333333333333, 0.25]
Trust scores at iteration 40: [0.7438138046554342, 0.44793628561036447, -0.7314401249493935, 0.6075275513945301, -0.7858488407747037, 0.1479864304138212, -0.02607135745654332, 0.7064873196763779, -0.03952594868163237, -0.47680757242104654]
X.shape (10, 5)
s1 and s2 score at iteration 40
S_1 [0.08403780255259197, 0.15608225440410262, 0.16717836361301497, -0.06637053957766999, 0.1864264265164437, 0.29001623638521135, 0.158871028190847, -0.4865946418420827, 0.26067092272921216, 0.09829051151340158]
S_2 [0.2, 0.25, 0.2, 0.3333333333333333, 0.2, 0.2, 0.2, 0.5, 0.2, 0.2]
Trust scores at iteration 41: [0.31679155361491185, 0.24306041217176322, -0.2774976413841722, -0.14399511602017534, -0.2715175418620673, 0.3739932152069106, 0.060864552119197224, -0.9856656507353196, 0.2296444898381521, -0.26894687452429594]
X.shape (10, 5)
s1 and s2 score at iteration 41
S_1 [0.16866839794238528, 0.20698956548566755, -0.010325488876770872, 0.2143830226210802, 0.2182213527507631, -0.31168615020790613, -0.21458973992149266, 0.11552052334201852, 0.16124340942991428, -0.15703760470197092]
S_2 [0.2, 0.2, 0.25, 0.2, 0.2, 0.3333333333333333, 0.25, 0.25, 0.2, 0.3333333333333333]
Trust scores at iteration 42: [0.2448574951871103, 0.29579535676083935, -0.5374071124829998, 0.11920786235483238, 0.06424122906896632, -1.0271547489869604, -0.8362467856282413, -0.6031462539441066, 0.18427144729404943, -0.9942860832806338]
X.shape (10, 5)
s1 and s2 score at iteration 42
S_1 [0.047623427151081, 0.2025186700216766, 0.022318004093566508, 0.16150380832503247, 0.07902102727795547, -0.12665367251519546, 0.05712891459004029, -0.15249523737667553, -0.08926839099744524, -0.29452321433327655]
S_2 [0.25, 0.25, 0.25, 0.25, 0.25, 0.25, 0.25, 0.5, 0.25, 0.5]
Trust scores at iteration 43: [-0.009993383793186567, 0.3978976783804197, -0.4636024534859423, 0.20834200383942286, -0.022783725224667303, -1.0762736619558635, -0.5270773485557678, -1.1780698651748898, -0.37825973665273527, -1.7242938132253571]
X.shape (10, 5)
s1 and s2 score at iteration 43
S_1 [0.08659596635927927, 0.027405263853494774, -0.04016045916627734, -0.06710084567191266, 0.029472639477338396, -0.18649134515069837, -0.2683134692517237, -0.19219775856973517, -0.03461058302157037, 0.007269623769366684]
S_2 [0.25, 0.25, 0.25, 0.3333333333333333, 0.25, 0.3333333333333333, 0.3333333333333333, 0.3333333333333333, 0.3333333333333333, 0.25]
Trust scores at iteration 44: [0.12000330810340672, -0.017814784419043078, -0.8386853482253449, -0.7832653215778346, -0.21621858135891517, -2.1149268536041688, -2.3127648133945375, -2.1987734495775033, -0.8889693324301229, -1.1951725279262302]
X.shape (10, 5)
s1 and s2 score at iteration 44
S_1 [0.006015783659579283, -0.14563807783233784, -0.17756373150430804, -0.2430188540198327, -0.15996281374282317, 0.03173796970072128, 0.08387385903181564, -0.12492067980062756, -0.009242985964238571, 0.026655109659989726]
S_2 [0.2, 0.3333333333333333, 0.3333333333333333, 0.3333333333333333, 0.5, 0.2, 0.2, 0.3333333333333333, 0.2, 0.2]
Trust scores at iteration 45: [-0.10413625656179704, -1.2104377985849653, -1.8111925318672397, -2.1736822975395587, -1.5617008839918918, -1.068262822066095, -0.8563824066972687, -2.1774138235135267, -0.6995851830562649, -0.6386862802990827]
X.shape (10, 5)
s1 and s2 score at iteration 45
S_1 [-0.05724226736911972, 0.2699216039144956, -0.6092923491007833, -0.081125005820511, 0.387719405204912, 0.35045228110674786, 0.364033868270161, -0.0941500044705332, 0.36519420446965706, 0.30147268473537336]
S_2 [0.25, 0.16666666666666666, 0, 0.5, 0.16666666666666666, 0.16666666666666666, 0.16666666666666666, 0.2, 0.16666666666666666, 0.16666666666666666]
Trust scores at iteration 46: [-0.37588732149211634, -0.4237967157611041, -1.6913350514075747, -1.6914593400847535, -0.4475171086626125, -0.24885747787142887, -0.1254025585410572, -1.4101220423984375, -0.045507585971107156, -0.0972329224401948]
X.shape (10, 5)
s1 and s2 score at iteration 46
S_1 [-0.019399253570531863, -0.11639728639714801, -0.051230631417300616, -0.04424822033254596, -0.1767354361304361, -0.14206767465400358, -0.04254582146623972, -0.18203773135271792, -0.12225283809877811, -0.04393086700417624]
S_2 [0.25, 0.25, 0.25, 0.3333333333333333, 0.3333333333333333, 0.3333333333333333, 0.25, 0.5, 0.3333333333333333, 0.3333333333333333]
Trust scores at iteration 47: [0.06205633925394183, 2.5381471328892453, 0.22476037712855979, -0.03860107344453645, 3.998120391196011, 3.203916820103628, 0.7838827029830022, 3.4868136092051056, 2.7948804522606414, 0.7503326111703841]
X.shape (10, 5)
s1 and s2 score at iteration 47
S_1 [0.18535839322700742, -0.2994470959288153, 0.2645740613254812, -0.4065515589590755, -0.09774944592218236, 0.1744129617523545, 0.22384511321509207, -0.0679565227738499, 0.11788771112925062, 0.13104111530083812]
S_2 [0.2, 0.5, 0.2, 0.5, 0.3333333333333333, 0.2, 0.2, 0.3333333333333333, 0.25, 0.2]
Trust scores at iteration 48: [0.18132402307984957, 0.20316945923807195, 0.4123801885642799, -1.2876138719795223, 1.4809970262549164, 1.73156925867123, 0.6149705632246119, 1.28164719540265, 1.3702279600046254, 0.4228117373488717]
X.shape (10, 5)
s1 and s2 score at iteration 48
S_1 [-0.1528167857985133, -0.14619780830944787, 0.12237525690055223, -0.11231341594387473, 0.04041595168363459, 0.10951578339879417, -0.21804373388686116, 0.13734482286217464, 0.11626097639116113, 0.10662845467041694]
S_2 [0.3333333333333333, 0.5, 0.2, 0.5, 0.3333333333333333, 0.2, 0.5, 0.2, 0.2, 0.2]
Trust scores at iteration 49: [-0.7989965716787455, -0.9306443171800456, 0.45169380658207736, -1.5526807966979332, 0.5542983255559857, 1.064473786729968, -0.986296854994575, 0.9408235977013251, 0.9083588245052208, 0.3995837862993996]
X.shape (10, 5)
s1 and s2 score at iteration 49
S_1 [0.151385445461301, 0.21823096732354474, -0.40797939364601626, 0.0965981640014548, -0.15258215486682575, 0.1268096742375321, 0.09432650489409099, 0.23492661264984666, 0.045683964552576124, -0.1331992124438576]
S_2 [0.2, 0.2, 0.5, 0.25, 0.5, 0.2, 0.2, 0.2, 0.2, 0.5]
Trust scores at iteration 50: [-0.27730097546709503, -0.20085590493315514, -1.142465522117532, -0.8207481861430375, -0.5475951332082741, 0.6021289945773302, -0.4923910423927682, 0.7704117988506625, 0.3514097005483582, -0.5836992169919774]
X.shape (10, 5)
s1 and s2 score at iteration 50
S_1 [-0.1381252057261909, 0.14665537747003385, -0.24346388649989598, 0.02870718466348155, 0.1205976590015046, -0.355521334973115, 0.27036362201209363, 0.15982205998061993, 0.1312917651445057, 0.1916146951227066]
S_2 [0.25, 0.2, 0.5, 0.25, 0.2, 0.5, 0.2, 0.2, 0.2, 0.2]
Trust scores at iteration 51: [-0.6440938878075642, -0.02920918350165777, -1.5214854331601289, -0.6072841387909879, -0.2507689318640126, -0.856422875323195, 0.053804478803615885, 0.480774620526188, 0.21851075028285866, -0.13748482062867812]
X.shape (10, 5)
s1 and s2 score at iteration 51
S_1 [0.0626350610518341, 0.07380244775149729, 0.017596325002692197, -0.164606379082266, -0.016953629967395467, 0.12140793132248565, 0.09120000941793455, -0.26206148463343987, -0.22141601654033113, 0.02560857333593953]
S_2 [0.25, 0.25, 0.25, 0.3333333333333333, 0.25, 0.25, 0.25, 0.3333333333333333, 0.3333333333333333, 0.25]
Trust scores at iteration 52: [-0.43909402283200355, -0.08566049622274484, -1.0632749428068973, -1.4815482707829304, -0.5702053984803213, -0.3032114376615975, 0.02749553229668336, -1.3388728409429589, -1.302612631044272, -0.3382774169774637]
X.shape (10, 5)
s1 and s2 score at iteration 52
S_1 [-0.1834437489676726, -0.24443956222133809, -0.09218838142197316, -0.012015295473701025, -0.044961230729321136, -0.07956272590906306, -0.032357081177805655, -0.08158765549522029, -0.04907254811803351, -0.12698551295633206]
S_2 [0.5, 0.5, 0.3333333333333333, 0.3333333333333333, 0.3333333333333333, 0.3333333333333333, 0.3333333333333333, 0.3333333333333333, 0.3333333333333333, 0.3333333333333333]
Trust scores at iteration 53: [6.914212365088416, 9.629186027158982, 2.9713219282948065, -0.5741074687247985, 1.2525637621353374, 2.825954387086249, 1.0269098747551817, 2.392388345877323, 1.0574469658866765, 4.781855473646733]
X.shape (10, 5)
s1 and s2 score at iteration 53
S_1 [-0.17177381435153874, 0.2666198858185283, -0.11094947689311635, 0.2032452655354238, -0.19857258688196083, 0.28730923332561065, -0.1376391942031678, 0.07194029374124351, 0.21574404666670946, 0.00896982716457888]
S_2 [0.3333333333333333, 0.16666666666666666, 0.25, 0.16666666666666666, 0.3333333333333333, 0.16666666666666666, 0.3333333333333333, 0.16666666666666666, 0.16666666666666666, 0.16666666666666666]
Trust scores at iteration 54: [2.6581707596146122, 5.028587648789083, 0.9175772341035169, -0.18334901143571947, -0.2192910484610464, 1.6629771935431246, -0.2260765120819186, 1.071390799772636, 0.6541796494045888, 2.1565377940790156]
X.shape (10, 5)
s1 and s2 score at iteration 54
S_1 [0.009062466317334553, 0.29755389091645035, 0.32597673128217985, 0.10250598843852492, 0.1520673352853811, 0.2712535634554702, -0.1104819450294712, 0.21055129041338919, 0.11867189830863643, -0.2807505761778044]
S_2 [0.25, 0.16666666666666666, 0.16666666666666666, 0.16666666666666666, 0.16666666666666666, 0.16666666666666666, 0.3333333333333333, 0.16666666666666666, 0.25, 0.5]
Trust scores at iteration 55: [1.092985860190812, 2.804030732526093, 0.7921219503850918, -0.10111217626058033, -0.04306343309897617, 1.080884699966621, -0.6158345209689915, 0.6919832115733942, 0.25911493097576765, 0.1476391170034992]
X.shape (10, 5)
s1 and s2 score at iteration 55
S_1 [0.3041296478536661, -0.1814026836885424, 0.4418709032949897, 0.048604556349510365, 0.3251980080203729, 0.5227057300239045, 0.31899155797586576, 0.36799914574228937, 0.5057265995349596, 0.29770403896746994]
S_2 [0.2, 0.3333333333333333, 0.16666666666666666, 0.25, 0.16666666666666666, 0.16666666666666666, 0.2, 0.16666666666666666, 0.16666666666666666, 0.16666666666666666]
Trust scores at iteration 56: [0.5374115391565286, 0.7284926045360549, 0.5687375194833287, -0.3790628572762037, 0.03954006757415342, 0.7904423499833105, -0.30278232542143696, 0.4480052959039452, 0.3633158887137317, 0.10859167966622896]
X.shape (10, 5)
s1 and s2 score at iteration 56
S_1 [-0.20848665296171812, 0.0644338281449964, 0.020940151853867224, -0.3176851768694692, 0.03725939640130012, -0.2600012750654811, 0.07334530813870647, 0.04279440773479685, -0.058969015099699734, -0.08080606289394866]
S_2 [0.3333333333333333, 0.2, 0.2, 0.3333333333333333, 0.2, 0.3333333333333333, 0.2, 0.2, 0.25, 0.25]
Trust scores at iteration 57: [-1.6525620541756423, 0.5034961314673458, 0.12711921226049758, -2.855213085252599, -0.026230103462075875, -1.877225363604798, 0.048608837289281476, 0.21573506288618005, -0.5953378792081595, -0.8715646374392206]
X.shape (10, 5)
s1 and s2 score at iteration 57
S_1 [-0.18458302721239644, -0.04220321509386779, -0.14341205952936376, -0.03488928310164793, -0.12758514570458604, -0.19493841050396418, -0.00411233453416221, -0.11662554880851037, -0.08325489980989115, -0.02272360575997859]
S_2 [0.5, 0.25, 0.3333333333333333, 0.25, 0.3333333333333333, 0.3333333333333333, 0.25, 0.5, 0.25, 0.5]
Trust scores at iteration 58: [21.116327384146512, 5.133044503714939, 17.16704450074059, 2.5644222626440136, 15.166047576135252, 22.429726220496022, 0.2743044186446407, 13.78783609184014, 9.574914609748667, 1.8270772651989415]
X.shape (10, 5)
s1 and s2 score at iteration 58
S_1 [-0.07360492923279979, 0.19379016628540358, -0.20431519468154186, -0.07636886809842056, 0.1460879101194687, -0.0756103035480927, -0.1553573759811742, 0.04168255273527886, 0.15078956506319227, -0.21205650117541083]
S_2 [0.2, 0.2, 0.3333333333333333, 0.2, 0.2, 0.3333333333333333, 0.3333333333333333, 0.2, 0.2, 0.3333333333333333]
Trust scores at iteration 59: [10.068254857575434, 2.7665222518574693, 7.556366516418766, 0.7851710297465, 7.659946706602921, 10.519780188866083, -0.7636869533635002, 6.701463628686873, 4.87651101165819, -0.13359052580969633]
X.shape (10, 5)
s1 and s2 score at iteration 59
S_1 [0.17380335144838893, -0.02978700878724491, 0.15186407458785586, -0.18042685554056448, -0.09058838925302642, 0.24057905648545694, -0.2597163100845092, -0.06112814786850476, -0.07732369220790897, 0.21902877180429003]
S_2 [0.25, 0.3333333333333333, 0.25, 0.5, 0.3333333333333333, 0.25, 0.5, 0.5, 0.3333333333333333, 0.25]
Trust scores at iteration 60: [5.1453462189588715, 0.9880208892630957, 3.843805234632414, -0.4823990290358565, 3.3083684584772737, 5.509890094433041, -1.4216167925277392, 2.723688029315956, 1.9442188815744608, 0.13841637314529648]
X.shape (10, 5)
s1 and s2 score at iteration 60
S_1 [-0.3212054475896553, -0.00859358657823576, -0.002508187532957574, 0.01719369236635361, -0.1903982875766538, 0.0657031153442677, 0.06564963747219524, 0.06559088081742061, 0.01617254997067452, -0.30593471054081994]
S_2 [0.3333333333333333, 0.25, 0.3333333333333333, 0.3333333333333333, 0.3333333333333333, 0.25, 0.25, 0.25, 0.3333333333333333, 0.3333333333333333]
Trust scores at iteration 61: [-0.37169688657493705, 0.05361334334337042, 1.4028153372092036, -0.6103557008245972, -0.29474468820321453, 2.8799450472165207, -0.5862153622942645, 1.485989911117689, 0.5951823718494369, -2.758951665040167]
X.shape (10, 5)
s1 and s2 score at iteration 61
S_1 [0.011908450540192992, 0.18621080731311188, 0.34696007408704244, -0.2020261808761634, -0.10681380857865858, 0.4158373540690455, 0.4125638483989597, 0.40656057546178537, 0.3663095569258219, 0.3027221206998173]
S_2 [0.3333333333333333, 0.16666666666666666, 0.16666666666666666, 0.3333333333333333, 0.25, 0.16666666666666666, 0.16666666666666666, 0.16666666666666666, 0.16666666666666666, 0.16666666666666666]
Trust scores at iteration 62: [-0.6715298035312434, 0.000705277089169537, 0.8685900966524598, -1.0480927531973656, -0.650804539446092, 1.6899725236082603, -0.047043722051170744, 0.9818406201961298, 0.48803930024323156, -1.2654848180794311]
X.shape (10, 5)
s1 and s2 score at iteration 62
S_1 [-0.1902725870149863, -0.14151012798567503, 0.07200855500180231, -0.21431207965888194, -0.11563180273472905, 0.08799094861556266, 0.08799094861556268, 0.08799094861556268, -0.16325083721351064, -0.047260954417682986]
S_2 [0.5, 0.3333333333333333, 0.25, 0.5, 0.25, 0.25, 0.25, 0.25, 0.3333333333333333, 0.3333333333333333]
Trust scores at iteration 63: [-1.9169703553304978, -1.1370982217172318, 0.593476652427418, -2.24185390698015, -1.2324687325471415, 1.09498626180413, 0.22647813897441463, 0.7409203100980649, -1.016970673970861, -1.2346315152183258]
X.shape (10, 5)
s1 and s2 score at iteration 63
S_1 [-0.051020823971430346, -0.08019114464026761, -0.07579939360745706, -0.07040042692719578, -0.13432977685589698, 0.07036227382058988, 0.07036227382058986, 0.07036227382058988, 0.04548311148822973, -0.2593015760372428]
S_2 [0.5, 0.5, 0.2, 0.3333333333333333, 0.3333333333333333, 0.2, 0.2, 0.2, 0.2, 0.5]
Trust scores at iteration 64: [-1.8210432730838502, -1.6383938606512354, -0.44189828607607284, -1.954531405880072, -1.9041259419855672, 0.847493130902065, 0.4132390694872072, 0.6704601550490324, -0.385278673680299, -2.9599336972909547]
X.shape (10, 5)
s1 and s2 score at iteration 64
S_1 [-0.2331363403312919, -0.08167181479981701, 0.05277961437450173, -0.3673752334568124, -0.1018599881542336, 0.13857946938940013, 0.13952179137484258, 0.14091053137280166, -0.1351782546818674, -0.028245711554844805]
S_2 [0.3333333333333333, 0.5, 0.25, 0.3333333333333333, 0.3333333333333333, 0.25, 0.25, 0.25, 0.25, 0.25]
Trust scores at iteration 65: [-2.0711044950171793, -1.6089971816061306, -0.2836685549219335, -2.614175248348184, -1.6468312771485047, 0.665475139743204, 0.45169179802857784, 0.5852300775245163, -0.922299208124828, -1.8301925424941372]
X.shape (10, 5)
s1 and s2 score at iteration 65
S_1 [0.012668737937920017, 0.21446969882627506, 0.031980435865923536, -0.2160157609779805, -0.05418986561300399, -0.010732042774579472, -0.004593620497947574, 0.018424390239789843, 0.07666673864807244, 0.027886857478358715]
S_2 [0.25, 0.25, 0.25, 0.25, 0.25, 0.25, 0.25, 0.25, 0.3333333333333333, 0.3333333333333333]
Trust scores at iteration 66: [-1.3810172176016797, -0.6794985908030653, -0.4422772746746936, -2.185692007824012, -1.3247501881856147, -0.06728238127607189, -0.1598633539083547, -0.039431596868274466, -0.7824140086201551, -1.3500827573778025]
X.shape (10, 5)
s1 and s2 score at iteration 66
S_1 [0.09090932942624735, -0.04813232077543717, 0.013057136419082904, 0.22043250391291455, 0.2207697721637224, 0.038346629230333, 0.03811981709553072, 0.037917618034410405, 0.1975199960054047, -0.44153308567264593]
S_2 [0.2, 0.25, 0.2, 0.2, 0.2, 0.25, 0.25, 0.25, 0.2, 0.25]
Trust scores at iteration 67: [-0.8846169042090781, -0.9487595106671949, -0.5915667981061141, -0.9936098499936104, -0.5623750940928074, -0.4467936370655858, -0.4935978081416002, -0.4338398706230355, -0.3438631626474511, -2.1750267511093746]
X.shape (10, 5)
s1 and s2 score at iteration 67
S_1 [0.005074731457413236, -0.1075436075740828, 0.3616985112452178, 0.2691097079640287, 0.029555333839265355, 0.22975645512101212, 0.22995798559416514, 0.23060131448725263, 0.06597426404804334, 0.19685866904691351]
S_2 [0.16666666666666666, 0.25, 0.16666666666666666, 0.2, 0.25, 0.16666666666666666, 0.16666666666666666, 0.16666666666666666, 0.16666666666666666, 0.25]
Trust scores at iteration 68: [-0.7686266453424065, -1.1230444639659924, -0.12911673238639038, -0.5247966092346447, -0.7403312358916863, -0.23912246483137642, -0.262245961341661, -0.23147767610320283, -0.4140642848550256, -1.3153824945494144]
X.shape (10, 5)
s1 and s2 score at iteration 68
S_1 [-0.20932173634628626, 0.14616226605313343, 0.2290722624306883, -0.48875469649944125, 0.17634917252147841, 0.3317468692428197, 0.32864288170846134, 0.3236669174213598, -0.02850887165149564, -0.005469649685490414]
S_2 [0.5, 0.16666666666666666, 0.16666666666666666, 0.5, 0.16666666666666666, 0.16666666666666666, 0.16666666666666666, 0.16666666666666666, 0.16666666666666666, 0.25]
Trust scores at iteration 69: [-1.1997974398597737, -0.5078970442205092, 0.1140265484942044, -1.4990362985416914, -0.2710435328995269, 0.21377210091764515, 0.19753210574875968, 0.20541660820791924, -0.4166666172253676, -0.915934956850587]
X.shape (10, 5)
s1 and s2 score at iteration 69
S_1 [-0.12029787454962183, 0.1688086224664975, -0.07081258752357233, -0.44183181502859054, 0.05590041413598528, 0.2580529634762212, 0.2565342884089598, 0.25365210365714563, 0.061778253573777836, -0.10336496720111847]
S_2 [0.5, 0.2, 0.3333333333333333, 0.5, 0.2, 0.2, 0.2, 0.2, 0.2, 0.5]
Trust scores at iteration 70: [-1.3329862863912325, -0.12686717378454027, -0.41352558962860264, -2.105605614953649, -0.22720986531335907, 0.40688605045882253, 0.39582348820315233, 0.39418125647817037, -0.2886325837274404, -1.1582460681548845]
X.shape (10, 5)
s1 and s2 score at iteration 70
S_1 [-0.04608528890899834, -0.1785165697325506, -0.08050279473270809, 0.20225683187397736, 0.1456755773932528, 0.1947423052585592, 0.1960015948803054, 0.19825814124191068, -0.2463926928222355, -0.18506608074340924]
S_2 [0.25, 0.5, 0.3333333333333333, 0.2, 0.2, 0.2, 0.2, 0.2, 0.3333333333333333, 0.5]
Trust scores at iteration 71: [-1.030420787770098, -1.0047451808654742, -0.739107439624292, -0.7528028074768245, 0.04652030030459975, 0.484866331068345, 0.4824481453303626, 0.4872054476125089, -1.086758080370915, -1.5366257029087247]
X.shape (10, 5)
s1 and s2 score at iteration 71
S_1 [0.2736713881255482, 0.30579490486974825, 0.3106542850496479, 0.3605701271923152, -0.3157801479029812, 0.3921158360517649, 0.3927051047268002, 0.3862041163848282, -0.17160049468702152, -0.22504251155504512]
S_2 [0.14285714285714285, 0.14285714285714285, 0.14285714285714285, 0.14285714285714285, 0.5, 0.14285714285714285, 0.14285714285714285, 0.14285714285714285, 0.5, 0.5]
Trust scores at iteration 72: [-0.30962364738157633, -0.255885539403623, -0.11687960866920905, -0.06017344322879459, -0.8787974550355233, 0.5988257540047581, 0.5983669298080385, 0.5924683924637536, -1.2618642248972805, -1.5548414817755853]
X.shape (10, 5)
s1 and s2 score at iteration 72
S_1 [0.2818780975176398, 0.3682225903382268, -0.2913639939393693, 0.2968667615027043, 0.08868602816229766, 0.42871432226977785, 0.43290572308513625, 0.43881714516338427, -0.4340550865898684, 0.27304130283978306]
S_2 [0.16666666666666666, 0.16666666666666666, 0.3333333333333333, 0.16666666666666666, 0.2, 0.16666666666666666, 0.16666666666666666, 0.16666666666666666, 0.5, 0.2]
Trust scores at iteration 73: [-0.00029904166853853, 0.1249532384230081, -0.7237610706267629, 0.1415045453192427, -0.5383474933764004, 0.6212347835319069, 0.6257811657040715, 0.6295675295652101, -1.6255060954549982, -0.6663101725688156]
X.shape (10, 5)
s1 and s2 score at iteration 73
S_1 [-0.30775219777927343, -0.07100594940395234, 0.0320121077771207, -0.0038543180385903148, -0.011413920631229047, 0.13724349870891533, 0.137224425429982, 0.13711347662263046, -0.06386375398763966, -0.10835061107094421]
S_2 [0.25, 0.25, 0.3333333333333333, 0.25, 0.25, 0.2, 0.2, 0.2, 0.2, 0.2]
Trust scores at iteration 74: [-1.4963399621825917, -0.5712094026107442, -0.7452553105185213, -0.3182896239505965, -0.6857564837161931, 0.5106173917659533, 0.5128210958485975, 0.5143100735421892, -1.3454189101851832, -1.027893678969038]
X.shape (10, 5)
s1 and s2 score at iteration 74
S_1 [0.05336623147249572, 0.40742325082357583, 0.2709590388712625, 0.2995099608423235, 0.009965581666003785, 0.1481779902827022, 0.14601493537577265, 0.14224638700318432, -0.13113958535850193, 0.2430910039839959]
S_2 [0.2, 0.2, 0.2, 0.2, 0.2, 0.25, 0.25, 0.25, 0.25, 0.2]
Trust scores at iteration 75: [-1.0826776075404247, -0.1856047013053721, -0.440099948110075, -0.19157869953953724, -0.7306482308733785, -0.06284356962571558, -0.06439627264790193, -0.06827664058697985, -1.3336472330586417, -0.6156194815188095]
X.shape (10, 5)
s1 and s2 score at iteration 75
S_1 [0.38558967446735715, 0.13108744194828906, 0.32848096082901795, 0.4347901725702604, -0.716162110838535, 0.44739999669709246, 0.44936810030186286, 0.44061610260832873, 0.3997812620836585, 0.11391802472201351]
S_2 [0.14285714285714285, 0.2, 0.14285714285714285, 0.14285714285714285, 0, 0.14285714285714285, 0.14285714285714285, 0.14285714285714285, 0.14285714285714285, 0.16666666666666666]
Trust scores at iteration 76: [-0.4694462284821321, -0.4469448210903616, -0.21170075398061883, 0.03084731846778098, -1.1621787546038367, 0.10924550121705556, 0.11065900653319194, 0.09898070620909313, -0.5791404370497457, -0.5977228343025129]
X.shape (10, 5)
s1 and s2 score at iteration 76
S_1 [0.08240571984853594, 0.01855625961265485, -0.12821669051156545, 0.1465497232035949, 0.14770050257071132, 0.26639114992064683, 0.2619611897439771, 0.25397804937716956, 0.10502403883945984, -0.4365706074456436]
S_2 [0.2, 0.2, 0.3333333333333333, 0.2, 0.2, 0.2, 0.2, 0.2, 0.3333333333333333, 0.3333333333333333]
Trust scores at iteration 77: [-0.3800525858224547, -0.4886434389029502, -0.8465053134432639, -0.009511416035596805, -0.6038645096313733, 0.25462275060852774, 0.24701473722052164, 0.22619171771974694, -0.5924464798594844, -1.618277917240862]
X.shape (10, 5)
s1 and s2 score at iteration 77
S_1 [-0.0010838556963870876, -0.0013023473790718294, -0.06302248068271764, 0.05923294752135561, -0.2136242183711499, 0.18271494412037134, 0.18397794766312806, 0.185933696728254, -0.3602317223850981, -0.1072673838617858]
S_2 [0.3333333333333333, 0.3333333333333333, 0.3333333333333333, 0.25, 0.5, 0.25, 0.25, 0.25, 0.3333333333333333, 0.25]
Trust scores at iteration 78: [-0.5262742558019216, -0.5811572350196275, -0.9260616735692513, -0.09547057422108318, -1.3763956848720635, 0.36865572905906785, 0.36824810388433993, 0.3630958588598735, -1.5982667337230816, -1.3475949667278784]
X.shape (10, 5)
s1 and s2 score at iteration 78
S_1 [-0.017769497230795097, -0.07305520674001917, 0.03537308825365245, -0.14836011901177223, 0.14382868104660493, 0.18457371764112046, 0.18251834788767016, 0.18206222777400388, -0.4140885772924718, -0.2240397406639208]
S_2 [0.2, 0.25, 0.25, 0.25, 0.2, 0.2, 0.2, 0.2, 0.5, 0.5]
Trust scores at iteration 79: [-0.5112737138079142, -0.7384811349258239, -0.6172070957186555, -0.6996346498904558, -0.4985738946585344, 0.4843278645295339, 0.4785561688770233, 0.4747444421858865, -2.4208764367432805, -1.7807087585096695]
X.shape (10, 5)
s1 and s2 score at iteration 79
S_1 [0.2177982108742419, 0.06278609560857279, -0.07484179650402041, -0.4097440056486536, 0.1928218378907738, 0.23485673157124046, 0.241916120021763, 0.25126780449490954, 0.08170550245913889, -0.10148672153627834]
S_2 [0.2, 0.3333333333333333, 0.3333333333333333, 0.5, 0.2, 0.2, 0.2, 0.2, 0.3333333333333333, 0.3333333333333333]
Trust scores at iteration 80: [-0.02223829374133296, -0.5776353004554985, -0.7908652261003284, -1.6651705025485182, -0.06558908703558958, 0.5095073948371842, 0.5206690857807946, 0.5373722210929432, -1.3811850583351193, -1.4256370266681866]
X.shape (10, 5)
s1 and s2 score at iteration 80
S_1 [0.34370453257683403, 0.5582022740695767, 0.11610773432619707, -0.5276357381091826, 0.602860154075055, 0.5247555875427292, 0.5247555875427292, 0.5572112942532361, 0.5897696298585114, 0.4820499527093044]
S_2 [0.125, 0.125, 0.2, 0, 0.125, 0.125, 0.125, 0.125, 0.125, 0.125]
Trust scores at iteration 81: [-0.0385575697755883, -0.13835599129541792, -0.7991352101273117, -1.2701956444496993, 0.1547054564822052, 0.377475352055762, 0.3830561975275672, 0.41832587089283574, -0.5139495447855746, -0.6255160471643935]
X.shape (10, 5)
s1 and s2 score at iteration 81
S_1 [0.16077066534571927, 0.02291308017776152, 0.12859637327163753, -0.00224833407889325, -0.3449095695083113, -0.22008560057553195, 0.07214116638140038, 0.12245705372734281, -0.22889525854060425, 0.11549809021565853]
S_2 [0.25, 0.3333333333333333, 0.25, 0.25, 0.5, 0.5, 0.25, 0.25, 0.3333333333333333, 0.25]
Trust scores at iteration 82: [0.23072121511220584, -0.33125118917727425, -0.24963029997411895, -0.8920901863917157, -1.4953229640769643, -0.9957329645030348, 0.1658885759262961, 0.3400068333802003, -1.3021769595633261, -0.2035566420139459]
X.shape (10, 5)
s1 and s2 score at iteration 82
S_1 [-0.11817995437869182, -0.06757823544738048, -0.01701985099756207, -0.1703538959876407, -0.14052749767744213, -0.09291383526352003, -0.0759655035757317, -0.06496401342446032, -0.1777828131046428, -0.023997089559275406]
S_2 [0.25, 0.25, 0.25, 0.3333333333333333, 0.3333333333333333, 0.25, 0.3333333333333333, 0.3333333333333333, 0.3333333333333333, 0.3333333333333333]
Trust scores at iteration 83: [3.212187546452923, 1.4446513463511046, 0.00018485001294052394, 4.05851975323089, 2.880679526868451, 1.8567060409400495, 1.8146178668509136, 1.5784811534742171, 4.071719085634405, 0.10319522907618459]
X.shape (10, 5)
s1 and s2 score at iteration 83
S_1 [0.19320873397948088, 0.3282446406889123, 0.27194053537511687, -0.27941009776845244, 0.2611609295377864, 0.22767822701883603, 0.2569247268191053, -0.2114913150733556, -0.24996897096537335, -0.06508766079674155]
S_2 [0.16666666666666666, 0.16666666666666666, 0.16666666666666666, 0.25, 0.16666666666666666, 0.16666666666666666, 0.16666666666666666, 0.3333333333333333, 0.3333333333333333, 0.3333333333333333]
Trust scores at iteration 84: [1.6503997725170803, 0.9723256731755523, 0.16432696483684545, 1.2286472951243457, 1.5881542243035147, 1.0251648169109204, 1.0486705810671024, -0.03291443945673167, 1.1550932789099775, -0.5475474326744639]
X.shape (10, 5)
s1 and s2 score at iteration 84
S_1 [-0.03340480550196126, 0.12723227528605202, -0.09239558591066406, 0.08997298758732447, 0.10840733030648224, -0.2675790017149987, 0.01232670161774382, -0.1414432211418142, -0.18994610018808553, -0.015118001635415941]
S_2 [0.25, 0.25, 0.25, 0.25, 0.25, 0.5, 0.25, 0.25, 0.25, 0.25]
Trust scores at iteration 85: [0.4439249977648055, 0.7361628365877761, -0.5309345825298547, 0.7179013360262094, 0.9700984580042689, -1.0389550301127406, 0.32277701489173827, -0.8223036856656141, -0.41890743346415116, -0.5831847486457663]
X.shape (10, 5)
s1 and s2 score at iteration 85
S_1 [-0.11462712634652633, 0.005237207320116449, -0.032029203614885385, 0.03189165502685329, -0.09701528276162605, -0.12518492888045063, -0.23107377066510443, 0.08770734492734432, -0.28498011041479704, 0.03524358070009592]
S_2 [0.3333333333333333, 0.3333333333333333, 0.25, 0.25, 0.3333333333333333, 0.3333333333333333, 0.5, 0.25, 0.5, 0.25]
Trust scores at iteration 86: [-0.7648345007007871, 0.0646042351179611, -0.6980586331954006, 0.29075787613958454, -0.4013465806950218, -1.566462190726838, -1.6559114909551944, -0.16115184283280704, -2.334061727901899, -0.34067658597419204]
X.shape (10, 5)
s1 and s2 score at iteration 86
S_1 [-0.2778377098857985, -0.1663726888984124, 0.004430481190937425, 0.07226219231351914, 0.07767018516826786, 0.019419165891064134, -0.2068640248360756, -0.28857368206710904, 0.023832125659659746, 0.07162967578224115]
S_2 [0.3333333333333333, 0.5, 0.5, 0.2, 0.2, 0.2, 0.3333333333333333, 0.3333333333333333, 0.2, 0.2]
Trust scores at iteration 87: [-2.5043243413223855, -1.5387181750924133, -0.8205081975779693, 0.41056511058223943, 0.09932670965248908, -0.8582206692327636, -2.492971399304418, -2.271595582147639, -1.2136121125469914, 0.09077606915237679]
X.shape (10, 5)
s1 and s2 score at iteration 87
S_1 [-0.013322407174206815, 0.07978521910919485, 0.06058094750801805, 0.14328676669951018, -0.1301858778801346, -0.07465505339802453, -0.16385591656997545, -0.11658590524571125, -0.20660122274624199, -0.008979526737762157]
S_2 [0.25, 0.25, 0.25, 0.25, 0.25, 0.25, 0.25, 0.25, 0.25, 0.25]
Trust scores at iteration 88: [-1.7986507874437374, -0.9909481046376657, -0.6988565325536334, 0.20528255529111972, -0.9046210179698501, -1.1896195746447553, -2.3182618669294053, -2.0426249808107686, -1.8277422163430086, -0.4859460758395812]
X.shape (10, 5)
s1 and s2 score at iteration 88
S_1 [-0.06574365006607365, 0.13771769164935138, 0.1541255504168304, -0.07587788000879059, -0.025393261361890948, -0.14186557068199726, 0.1209568032035727, -0.13533796369101522, -0.2199299636086736, -0.060233737740470444]
S_2 [0.2, 0.2, 0.2, 0.25, 0.25, 0.25, 0.2, 0.2, 0.25, 0.2]
Trust scores at iteration 89: [-1.5126049242353719, -0.44870292554298097, -0.24942826627681675, -0.6435147938285725, -1.0346890026649644, -1.5550370835050151, -1.1667339464743993, -1.8603635216101249, -2.12734776085458, -0.8383778153157809]
X.shape (10, 5)
s1 and s2 score at iteration 89
S_1 [-0.04326143392030944, -0.13712830685070818, 0.004954280920225719, -0.04758881205758506, -0.19724661908448254, -0.12907475416809058, -0.03698216486200496, -0.01605933750960442, -0.18974998848020763, -0.1709178502804243]
S_2 [0.5, 0.3333333333333333, 0.25, 0.25, 0.25, 0.25, 0.25, 0.25, 0.25, 0.25]
Trust scores at iteration 90: [-5.622368357139484, -14.39706018264029, 0.12528586686159163, -5.374554495409955, -20.674029473436963, -14.05410668304526, -4.56571132930977, -2.800935384609741, -20.463777753782395, -17.918700293120185]
X.shape (10, 5)
s1 and s2 score at iteration 90
S_1 [0.0390420889901805, -0.15688068228139537, 0.1248419812908097, 0.12359758156077302, -0.01464677559005561, 0.23913338014412114, 0.2134073218889578, 0.2625665441873164, -0.1602551710287449, 0.23309101825389142]
S_2 [0.25, 0.3333333333333333, 0.2, 0.2, 0.2, 0.2, 0.25, 0.2, 0.3333333333333333, 0.25]
Trust scores at iteration 91: [-3.1118371418765833, -7.997274706265216, 0.0003769175474979264, -2.751912948069381, -10.664906286335722, -6.871676627622778, -2.2514685475347544, -1.2004676923048705, -11.037059460456517, -8.890479776526195]
X.shape (10, 5)
s1 and s2 score at iteration 91
S_1 [0.3814628418905715, -0.16821968201128593, 0.38201203671614004, 0.2999453402078701, 0.04307492804723403, 0.43542847610215357, 0.3566731372958036, 0.2744593288888054, -0.6642032921977482, 0.3937847964740705]
S_2 [0.14285714285714285, 0.3333333333333333, 0.14285714285714285, 0.14285714285714285, 0.25, 0.14285714285714285, 0.14285714285714285, 0.14285714285714285, 0, 0.14285714285714285]
Trust scores at iteration 92: [-1.3321727107788397, -4.69180304077567, 0.22456495617411446, -1.2458166894498377, -5.657990452494952, -3.1501240280971032, -0.9304542879768678, -0.49935950091965353, -6.281230528007413, -4.207344798942289]
X.shape (10, 5)
s1 and s2 score at iteration 92
S_1 [-0.22816778376048552, 0.133287181440985, 0.13347647518974173, -0.2313168229447452, 0.11125649344095281, -0.20937293270471274, -0.23066126597795641, 0.025770560319508196, 0.039475251505623095, 0.04824445845531514]
S_2 [0.25, 0.2, 0.2, 0.25, 0.2, 0.25, 0.25, 0.2, 0.2, 0.2]
Trust scores at iteration 93: [-2.0207979569511805, -2.246610610691904, 0.2122824780870572, -1.9894161792175507, -2.812230799097307, -2.8593685085341205, -1.829279276208973, -0.5531437867895457, -3.3927418224496515, -2.322949697636481]
X.shape (10, 5)
s1 and s2 score at iteration 93
S_1 [-0.14704977221018936, -0.15662888848906917, -0.025075500262187227, 0.06542034825145779, -0.16306201379815133, 0.05720209963678978, 0.0994130911764545, -0.09061968655779677, -0.19730472408381003, -0.038409971844869106]
S_2 [0.25, 0.25, 0.25, 0.25, 0.25, 0.25, 0.25, 0.25, 0.25, 0.25]
Trust scores at iteration 94: [-2.24998855601514, -2.4110732272339197, -0.5199764581603495, -1.1656752254393112, -2.726238845407119, -1.6419852250956497, -0.9146396381044865, -1.2323453005255813, -3.1887187084259083, -1.854658520054722]
X.shape (10, 5)
s1 and s2 score at iteration 94
S_1 [0.10732818650762695, 0.08591496648568116, -0.09039791144254265, 0.2192846526437424, -0.2992085347434318, 0.1255319403997622, 0.07261858214582556, 0.2391471390400174, -0.4649316198904157, 0.15475739038251998]
S_2 [0.2, 0.25, 0.25, 0.2, 0.5, 0.2, 0.2, 0.2, 0.5, 0.25]
Trust scores at iteration 95: [-1.1005964722498616, -1.2759087768998651, -0.6989888414341783, -0.32436536520711345, -2.488693569115079, -0.7585350709195379, -0.5054915713104335, -0.3161726502627907, -3.0664212023219064, -0.8537682276776831]
X.shape (10, 5)
s1 and s2 score at iteration 95
S_1 [-0.09308789012077869, -0.1388194571141325, 0.058276856969774186, -0.07112557312465874, 0.01110136016283525, 0.10475121441355345, 0.018418019703700612, -0.31897361527443896, 0.17535816938785886, 0.1939075915147995]
S_2 [0.3333333333333333, 0.3333333333333333, 0.25, 0.3333333333333333, 0.2, 0.2, 0.2, 0.3333333333333333, 0.2, 0.2]
Trust scores at iteration 96: [-1.2903298135210999, -1.4959069988394476, -0.5742247574343952, -0.8455833750907054, -1.5157213963607399, -0.40916151847703885, -0.5052540408508498, -1.4805750497414736, -1.3810411733990828, -0.2268841138388416]
X.shape (10, 5)
s1 and s2 score at iteration 96
S_1 [0.05110053668322259, 0.09450723921417414, 0.16946427794201824, 0.12064249781376181, -0.11676982736630606, 0.1596589122514417, -0.1978360502041604, -0.22111375240354628, -0.04409100571934633, -0.09142079072992365]
S_2 [0.25, 0.25, 0.25, 0.25, 0.25, 0.25, 0.3333333333333333, 0.3333333333333333, 0.25, 0.3333333333333333]
Trust scores at iteration 97: [-0.8693940856064112, -0.8441123171898335, -0.16211237871719758, -0.44183909600556126, -1.4773870750202682, -0.10851123889374042, -1.3363372058600493, -1.892677972842314, -1.1956099667588362, -0.8831767521606297]
X.shape (10, 5)
s1 and s2 score at iteration 97
S_1 [-0.008507949439272753, 0.07736935568786929, -0.004759521688701529, -0.1980867820183547, -0.1477034928337815, -0.10167901769792541, 0.10226309340661291, -0.25407605123307087, 0.09592294911419255, -0.14052815305860702]
S_2 [0.25, 0.25, 0.25, 0.5, 0.5, 0.3333333333333333, 0.25, 0.5, 0.25, 0.3333333333333333]
Trust scores at iteration 98: [-0.7262953807560969, -0.29377034153950315, -0.3543271541326497, -1.6894350476793496, -1.960867529678017, -0.8847332025323349, -0.41816860293002467, -2.688605589010752, -0.3788041644193023, -1.4620129579633407]
X.shape (10, 5)
s1 and s2 score at iteration 98
S_1 [0.11862008201941417, 0.2188521526368727, 0.35397343478093524, 0.3938895772634553, -0.12334208723319035, 0.13649349666387145, 0.07486622483864165, -0.48558648582093966, 0.39165304053701316, 0.20876364753300633]
S_2 [0.14285714285714285, 0.14285714285714285, 0.14285714285714285, 0.14285714285714285, 0.3333333333333333, 0.14285714285714285, 0.2, 0.3333333333333333, 0.14285714285714285, 0.14285714285714285]
Trust scores at iteration 99: [-0.4268581053076256, -0.08336186792261063, 0.05788150490837837, -0.5590032381253891, -1.6370031365016309, -0.4833886592599852, -0.41404976747356464, -2.460702051874088, 0.09347316325637456, -0.6802894366783552]
X.shape (10, 5)
s1 and s2 score at iteration 99
S_1 [-0.04503472804787388, -0.05823063377744976, -0.14159519523346198, -0.04265742828526306, -0.044721882759423535, -0.14974685416563924, -0.20142157520369752, -0.17428200485219117, -0.006486254522133423, -0.062006189990614434]
S_2 [0.2, 0.2, 0.25, 0.25, 0.2, 0.25, 0.3333333333333333, 0.25, 0.2, 0.2]
Trust scores at iteration 100: [2.9581220477693404, 4.14709094345624, 10.568960718930104, 2.6337927378501154, 2.3289335121038377, 10.926705151121906, 14.819776794826323, 11.829367289346344, 0.24673658162818723, 4.139670025210209]
