Matplotlib created a temporary config/cache directory at /tmp/matplotlib-siquw6gg because the default path (/users/raysuan/.config/matplotlib) is not a writable directory; it is highly recommended to set the MPLCONFIGDIR environment variable to a writable directory, in particular to speed up the import of Matplotlib and to better support multiprocessing.
Loaded dataset for Tower 2 without noise: 552960 chunks
Loaded dataset for Tower 3 without noise: 535674 chunks
Loaded dataset for Tower 4 without noise: 552958 chunks
Loaded dataset for Tower 5 without noise: 518399 chunks
Loaded dataset for Tower 6 without noise: 518400 chunks
Loaded dataset for Tower 7 with same noise: 518398 chunks
Loaded dataset for Tower 8 with same noise: 518398 chunks
Loaded dataset for Tower 9 with same noise: 518399 chunks
Loaded dataset for Tower 10 with random noise: 518399 chunks
Loaded dataset for Tower 11 with random noise: 518396 chunks
W, alpha, th 0.5 0.9 0.2
X.shape (10, 5)
s1 and s2 score at iteration 0
S_1 [-0.23644800833044707, 0.09262767953290613, 0.13136304836337995, 0.35664460235735335, -0.21665800316667794, 0.31109870123151484, 0.09983120307296116, 0.28183199340158643, 0.22131183124501463, 0.30940559292329084]
S_2 [0.5, 0.25, 0.5, 0.2, 0.5, 0.2, 0.25, 0.2, 0.2, 0.2]
Trust scores at iteration 1: [-0.1662979354706535, -0.024028015867714046, -0.06316696019087487, 0.059999999999999984, -0.16074899262027503, 0.04722933115353807, -0.02200821142024979, 0.03902320448388402, 0.022053884954990284, 0.04675459852137909]
X.shape (10, 5)
s1 and s2 score at iteration 1
S_1 [0.056546777769167694, -0.07207536617053481, -0.114551609551739, -0.030524557339044515, -0.13246235988832408, -0.13426905304243741, -0.09462351316748255, -0.016402226113766922, -0.04252486759366132, -0.14449597092374805]
S_2 [0.3333333333333333, 0.3333333333333333, 0.3333333333333333, 0.3333333333333333, 0.3333333333333333, 0.3333333333333333, 0.3333333333333333, 0.3333333333333333, 0.5, 0.3333333333333333]
Trust scores at iteration 2: [-0.11633480859025483, -0.21575337214832294, -0.32609542261274327, -0.0666477395823512, -0.4455934709911429, -0.26160802133782945, -0.2538107592301211, -0.06055225614010063, -0.15535449347435448, -0.28012104665980075]
X.shape (10, 5)
s1 and s2 score at iteration 2
S_1 [0.26038753273556314, 0.05650805022177179, 0.07582527116225439, 0.14778155923535374, 0.35811319726935453, -0.05837312607891801, 0.30731310362760555, -0.413131090649817, 0.36550666763249656, 0.11588839953572647]
S_2 [0.25, 0.25, 0.3333333333333333, 0.25, 0.25, 0.3333333333333333, 0.25, 0, 0.25, 0.25]
Trust scores at iteration 3: [-0.1084611683048155, -0.25371783810923226, -0.37274063057164986, -0.09455099205915156, -0.3780569242997563, -0.35141768739195106, -0.2193510246007793, -0.16752673072986496, -0.11481904412691904, -0.29540270793621165]
X.shape (10, 5)
s1 and s2 score at iteration 3
S_1 [-0.10599550864155308, 0.17190673336861023, -0.3356889282479486, 0.033658865166877425, -0.12592371610039002, 0.055030236207422305, -0.037528020749355545, -0.2527415581716071, 0.10860080962259998, 0.13445477762781705]
S_2 [0.5, 0.2, 0.5, 0.2, 0.5, 0.2, 0.5, 0.5, 0.2, 0.2]
Trust scores at iteration 4: [-0.2592737815103894, -0.16834605429830907, -0.6307404358906288, -0.10551616813430724, -0.5135024150159223, -0.3242642370105808, -0.31924637637246567, -0.3977965466653032, -0.08016287801167174, -0.22764864353887343]
X.shape (10, 5)
s1 and s2 score at iteration 4
S_1 [-0.11623178541032114, 0.038483913700062315, 0.02288692077554623, 0.09301188589638928, -0.21611228863968174, 0.07627698441300879, 0.28016176306620133, -0.28972379247424873, 0.27451568400633486, 0.22534493938308298]
S_2 [0.25, 0.25, 0.3333333333333333, 0.25, 0.5, 0.3333333333333333, 0.25, 0.3333333333333333, 0.25, 0.25]
Trust scores at iteration 5: [-0.32483378698309495, -0.1877751297937839, -0.6261638782331234, -0.11176520074625478, -0.6392905689450495, -0.3312784290054205, -0.2373217387352191, -0.5280965973697211, -0.024161882732251137, -0.1744499123657533]
X.shape (10, 5)
s1 and s2 score at iteration 5
S_1 [0.12132087924551133, -0.03623901170677271, 0.1725534743980518, -0.02320004211150792, 0.14798674754747568, -0.1370614220683717, -0.06511033089699715, 0.046339603255257135, -0.39617577952901734, 0.09181140722686919]
S_2 [0.2, 0.5, 0.2, 0.5, 0.2, 0.5, 0.2, 0.25, 0.5, 0.2]
Trust scores at iteration 6: [-0.26204125938544515, -0.28999922911644205, -0.5035474904098111, -0.21403381250246642, -0.5295986793613023, -0.4775818595385237, -0.29132298699308734, -0.4984317245361066, -0.3513416390849258, -0.14379741108213265]
X.shape (10, 5)
s1 and s2 score at iteration 6
S_1 [0.18397452379327306, 0.01481522614064277, -0.12556522983690802, 0.08883776960790064, -0.13586438035111997, -0.05116850629291056, 0.01918988880364097, -0.14823414179148062, 0.045397498108148096, -0.1332570390430943]
S_2 [0.25, 0.5, 0.5, 0.25, 0.3333333333333333, 0.3333333333333333, 0.25, 0.5, 0.25, 0.3333333333333333]
Trust scores at iteration 7: [-0.18583713344690064, -0.35294643788630703, -0.621444164037548, -0.19434234887200658, -0.6171550402756696, -0.5243031619605042, -0.3017599566859588, -0.629161741638919, -0.34153150528010134, -0.26851666927857204]
X.shape (10, 5)
s1 and s2 score at iteration 7
S_1 [-0.31197753298957104, 0.09924136811896786, 0.13838056003968502, 0.0736224979533703, -0.037434436816955186, -0.33875896614375295, -0.14650142561132984, -0.00925073177246809, 0.13461490877776677, 0.16797596395036948]
S_2 [0.3333333333333333, 0.2, 0.2, 0.2, 0.3333333333333333, 0.3333333333333333, 0.3333333333333333, 0.2, 0.2, 0.2]
Trust scores at iteration 8: [-0.45298090494745213, -0.3185710983927302, -0.5369185802421471, -0.1910789278191454, -0.677725127553306, -0.7735439409479546, -0.45879966864956645, -0.6317527433559772, -0.2872389671802239, -0.20166500235071486]
X.shape (10, 5)
s1 and s2 score at iteration 8
S_1 [-0.18280961273800245, 0.057614363770606546, -0.20368791155385807, -0.08606565217382342, -0.00762570802848592, -0.10022982027155412, 0.05671649856937284, -0.08602455945726722, -0.10580040886725744, 0.1063617460664008]
S_2 [0.5, 0.3333333333333333, 0.5, 0.5, 0.25, 0.3333333333333333, 0.25, 0.25, 0.25, 0.3333333333333333]
Trust scores at iteration 9: [-0.6795581545057705, -0.2992123419859293, -0.7747315809541713, -0.35288889823223074, -0.6671222113028366, -0.8570910526216411, -0.40959555032327033, -0.6994566973508008, -0.407987308160525, -0.14816516878231004]
X.shape (10, 5)
s1 and s2 score at iteration 9
S_1 [-0.08299808945522184, 0.03841100752395959, 0.20296106697338853, 0.013896373026928496, -0.0389759786449163, 0.08209056360709083, 0.11849507908013458, 0.2488299953568922, -0.2805719339439934, 0.2917883851303766]
S_2 [0.3333333333333333, 0.25, 0.3333333333333333, 0.3333333333333333, 0.5, 0.3333333333333333, 0.25, 0.25, 0.3333333333333333, 0.25]
Trust scores at iteration 10: [-0.7067136230146754, -0.30612711309755564, -0.6943674658103091, -0.3795041918052318, -0.7137676084435821, -0.8099150186568793, -0.3780260583919167, -0.5942334744171209, -0.5300112077992893, -0.08334865190407906]
X.shape (10, 5)
s1 and s2 score at iteration 10
S_1 [-0.06838709105682249, -0.009206699542000263, -0.237181138368335, -0.051152857343564076, -0.004108715987454165, -0.16467948220865905, -0.10987877284485649, 0.006054285203747635, -0.06826906598477685, -0.15508409234563922]
S_2 [0.3333333333333333, 0.3333333333333333, 0.3333333333333333, 0.3333333333333333, 0.3333333333333333, 0.3333333333333333, 0.3333333333333333, 0.3333333333333333, 0.3333333333333333, 0.3333333333333333]
Trust scores at iteration 11: [-1.8656073333082437, -0.527583543431495, -4.642505302955835, -1.2864571034407093, -0.8102554401841726, -3.5489718241738952, -2.2551160310662204, -0.5348101269754089, -1.7046257127668545, -2.7365728663824207]
X.shape (10, 5)
s1 and s2 score at iteration 11
S_1 [-0.1751772127958285, 0.010487043294947287, -0.2895090908208345, -0.13777971543449857, -0.007627315548877572, 0.03295171394817506, 0.04074839379809004, 0.06730364773666248, 0.0736400456478331, -0.135559147080043]
S_2 [0, 0.3333333333333333, 0.5, 0.3333333333333333, 0.3333333333333333, 0.3333333333333333, 0.3333333333333333, 0.3333333333333333, 0.3333333333333333, 0.3333333333333333]
Trust scores at iteration 12: [-1.9169296855387374, -0.5272509041060965, -4.671395608293824, -1.411576959855517, -0.8062541277711424, -3.215994304726625, -2.0409365365884278, -0.4566003355118594, -1.5008298081568356, -2.7136657106285673]
X.shape (10, 5)
s1 and s2 score at iteration 12
S_1 [0.13647962062344338, 0.3388153406721433, -0.6236707926467084, 0.04683938292845443, 0.24271863542144376, 0.3296933718456559, 0.2870745954886258, 0.3644533462241685, 0.3187049683358848, -0.14041300819981983]
S_2 [0.25, 0.16666666666666666, 0, 0.16666666666666666, 0.2, 0.16666666666666666, 0.16666666666666666, 0.16666666666666666, 0.16666666666666666, 0.3333333333333333]
Trust scores at iteration 13: [-1.7627889552788985, -0.4315604604665048, -4.37538104854019, -1.3075673080809125, -0.7190307161181577, -2.8539324391408365, -1.808074338625412, -0.3609403019606735, -1.3132994293030351, -2.580826158086609]
X.shape (10, 5)
s1 and s2 score at iteration 13
S_1 [-0.02446346652499546, 0.11889686334515377, -0.23753838291942975, -0.18219512326943837, -0.09046524354470835, 0.03905651128974814, 0.185316561125745, 0.18505552800787375, 0.2510243380626018, 0.15064764532318053]
S_2 [0.25, 0.25, 0.3333333333333333, 0.3333333333333333, 0.3333333333333333, 0.25, 0.25, 0.25, 0.25, 0.25]
Trust scores at iteration 14: [-1.6712555157947548, -0.41603973884186213, -4.132470574119436, -1.349391238046838, -0.7831660797604357, -2.627980340817979, -1.6284427638225887, -0.32612611799938696, -1.1569694863727318, -2.3377303792173962]
X.shape (10, 5)
s1 and s2 score at iteration 14
S_1 [0.348645242711139, 0.2171363631423848, 0.23291496530615785, -0.09961784746567073, 0.33665976530195274, -0.40519823569878394, -0.44192578959307205, 0.312976740463877, 0.3243880494207563, 0.19544039402098667]
S_2 [0.14285714285714285, 0.14285714285714285, 0.14285714285714285, 0.3333333333333333, 0.14285714285714285, 0.3333333333333333, 0.3333333333333333, 0.14285714285714285, 0.14285714285714285, 0.14285714285714285]
Trust scores at iteration 15: [-1.4469871070724223, -0.35501287741661613, -3.6952749393732565, -1.3430249542703219, -0.6511443432954482, -2.5814030910921866, -1.6923536343502843, -0.24660124964356495, -0.9910872381091629, -2.090757389410533]
X.shape (10, 5)
s1 and s2 score at iteration 15
S_1 [0.07779930569517296, 0.005826598151978384, 0.057753604957802435, -0.1294925590070909, -0.08404899594996867, -0.15918083541433678, -0.19508256490525688, -0.26482287509134284, 0.022386506116695085, -0.06063936415896665]
S_2 [0.25, 0.25, 0.25, 0.3333333333333333, 0.3333333333333333, 0.5, 0.5, 0.3333333333333333, 0.25, 0.3333333333333333]
Trust scores at iteration 16: [-1.25228839636518, -0.3620223221295503, -3.3015133575584787, -1.4418334887983104, -0.760729668214762, -2.627867224133167, -1.8738693067530483, -0.6290001286874841, -0.9132038280505208, -2.026291640173705]
X.shape (10, 5)
s1 and s2 score at iteration 16
S_1 [-0.19937493915231502, 0.03012142549350442, -0.22000609043797031, -0.013678452971372913, -0.05223425314899157, -0.02439434945550586, -0.08895056830809712, -0.24966114887238713, -0.004063299361871183, -0.09623271624240443]
S_2 [0.3333333333333333, 0.25, 0.3333333333333333, 0.25, 0.5, 0.25, 0.5, 0.3333333333333333, 0.25, 0.5]
Trust scores at iteration 17: [-1.8556302863199385, -0.2758200899165953, -3.7684260280155746, -1.393061181219704, -0.958068989467951, -2.4960672048915393, -2.0817890119714497, -1.46161583189784, -0.8853731765423737, -2.243145085846094]
X.shape (10, 5)
s1 and s2 score at iteration 17
S_1 [-0.11330853965565003, 0.02318711980240633, 0.16883090362086955, -0.18252305527710563, 0.13727869629205897, 0.1812072669446425, -0.09440143521701927, 0.22963177244614316, -0.2350087349170453, -0.013236461425797054]
S_2 [0.5, 0.25, 0.3333333333333333, 0.5, 0.25, 0.25, 0.5, 0.25, 0.5, 0.3333333333333333]
Trust scores at iteration 18: [-1.819410838695327, -0.28814055846303666, -3.384727642516467, -1.433240168025848, -0.852479990322345, -2.217548378723655, -2.0147200295853698, -1.265454248708056, -0.9991774174684774, -2.091261455598338]
X.shape (10, 5)
s1 and s2 score at iteration 18
S_1 [0.12397904310633587, -0.08814723313727793, 0.13553982980089968, -0.2911434381456189, -0.17666373316152562, 0.0022541671897037263, 0.12829225164320426, 0.032677493683493965, -0.18486621794473382, -0.20105828329183667]
S_2 [0.25, 0.3333333333333333, 0.25, 0.3333333333333333, 0, 0.25, 0.25, 0.25, 0.3333333333333333, 0.3333333333333333]
Trust scores at iteration 19: [-1.6209991935240324, -0.4243606946079441, -3.0212548782648203, -1.6047190166048209, -0.8975728168769764, -2.0691304376933357, -1.7935952210038228, -1.1897996791441403, -1.135652216730639, -2.1304742031794945]
X.shape (10, 5)
s1 and s2 score at iteration 19
S_1 [-0.02422469480609167, -0.20179027668427738, 0.13203825419015944, 0.13256357820601578, 0.05635024896020954, -0.03726619930347676, -0.2585467765126654, -0.10788751148000945, -0.10917297842883991, 0.1161839917174544]
S_2 [0.25, 0.5, 0.25, 0.25, 0.25, 0.25, 0.5, 0.25, 0.25, 0.25]
Trust scores at iteration 20: [-1.527173294180688, -0.634146132302514, -2.669525671244096, -1.3942471149443387, -0.8153074423007207, -1.9403293382512454, -1.9092717563270416, -1.2022051965493386, -1.1544421788164017, -1.8797828060695987]
X.shape (10, 5)
s1 and s2 score at iteration 20
S_1 [0.13735077450816563, 0.19594315595656178, 0.03577388800288916, 0.07649939021284136, 0.055348537442234, -0.23135992058716923, -0.20613812946365717, -0.2201493979142217, -0.02304947256268743, -0.011831375517230921]
S_2 [0.25, 0.25, 0.25, 0.25, 0.25, 0.3333333333333333, 0.3333333333333333, 0.3333333333333333, 0.3333333333333333, 0.25]
Trust scores at iteration 21: [-1.3793587093429838, -0.5457315190722626, -2.459315825457287, -1.2907807794445223, -0.7805294560723091, -1.964371424427564, -1.9235476067746948, -1.2943383831718653, -1.150761307528912, -1.772842692735934]
X.shape (10, 5)
s1 and s2 score at iteration 21
S_1 [0.04416236735708041, -0.21696016893434897, -0.00963734202777485, 0.07340529341305532, -0.025597408278955142, 0.08707860684262184, 0.12584536993889703, -0.19228513433811634, -0.13867270286069425, -0.22293382161723388]
S_2 [0.3333333333333333, 0.5, 0.3333333333333333, 0.25, 0.25, 0.25, 0.25, 0.3333333333333333, 0.3333333333333333, 0.5]
Trust scores at iteration 22: [-1.2729969407811528, -0.7635605533079923, -2.287708991899771, -1.1533729485272777, -0.7728168760195548, -1.7487393589734153, -1.6811928460972254, -1.3843659741983343, -1.2125447753940382, -1.8727074292028594]
X.shape (10, 5)
s1 and s2 score at iteration 22
S_1 [0.22502584883991966, 0.08450597926062729, 0.31896012230484816, -0.5058222130939792, 0.11726457106294544, -0.36421188433402185, 0.3085669339676763, 0.3021182938724043, 0.2798609591692963, 0.0848369820153177]
S_2 [0.2, 0.2, 0.2, 0.5, 0.5, 0.5, 0.2, 0.2, 0.2, 0.25]
Trust scores at iteration 23: [-1.1151474089321423, -0.7007102833869879, -1.998938092709794, -1.2966204351948354, -0.7587705389010466, -1.788052701944096, -1.4563320215928193, -1.191209606893395, -1.0435486212002039, -1.7088386961005173]
X.shape (10, 5)
s1 and s2 score at iteration 23
S_1 [0.14062228712238037, 0.17060175123799434, -0.0753179297048876, -0.0256289806539852, 0.25469035130560175, 0.3378956011119017, 0.13753643688196152, 0.29892567646295387, 0.0053464515101570515, 0.15430648587867032]
S_2 [0.25, 0.2, 0.25, 0.2, 0.2, 0.2, 0.25, 0.25, 0.25, 0.2]
Trust scores at iteration 24: [-1.062015586709772, -0.660149769338324, -1.9213345794524475, -1.2545432730912829, -0.6875180286665856, -1.5892474317496863, -1.3699949936277633, -1.0836217719744743, -1.0376114799701377, -1.5722879147665785]
X.shape (10, 5)
s1 and s2 score at iteration 24
S_1 [0.16962195415737866, -0.38657976739803357, 0.09639820832917756, -0.11073224723507367, 0.18459304943717147, 0.14855634920521846, 0.051424863161055795, -0.45355487943168415, 0.1906522086531687, 0.1356575170511776]
S_2 [0.25, 0.3333333333333333, 0.25, 0.3333333333333333, 0.25, 0.25, 0.5, 0.3333333333333333, 0.25, 0.25]
Trust scores at iteration 25: [-0.9168447182386907, -0.8635684608955604, -1.7286387865569985, -1.2538363700845832, -0.5719443475005889, -1.4024026108296601, -1.306022366849187, -1.2798227341023363, -0.8838503319731239, -1.393904680333551]
X.shape (10, 5)
s1 and s2 score at iteration 25
S_1 [-0.10052548548737757, -0.14521236555865136, -0.059290462477628286, -0.19073296601895365, -0.07176120019749382, 0.055299224942579, 0.020178336374318144, -0.1986157601446224, -0.05795686246153467, -0.10265931917888434]
S_2 [0.3333333333333333, 0.5, 0.25, 0.3333333333333333, 0.25, 0.25, 0.25, 0.3333333333333333, 0.3333333333333333, 0.25]
Trust scores at iteration 26: [-1.0736115322904558, -1.139805467991895, -1.71299243678926, -1.540030139842684, -0.694518820492019, -1.212162349746694, -1.1889307645442788, -1.577672667835799, -0.9669378872645567, -1.4901575360275765]
X.shape (10, 5)
s1 and s2 score at iteration 26
S_1 [-0.19624686021483537, 0.12156931238743877, 0.052594030916107926, -0.06012554299740702, 0.0966421140869358, 0.08090199573493471, -0.2661135691768699, -0.19375765448914378, 0.01803831726769746, 0.042325484485249004]
S_2 [0.25, 0.2, 0.2, 0.25, 0.2, 0.2, 0.25, 0.25, 0.2, 0.3333333333333333]
Trust scores at iteration 27: [-1.2026783384377047, -0.9858249211927055, -1.558430604975845, -1.5104849551548325, -0.605571453777296, -1.084398073867506, -1.3639363262007351, -1.6542857995130102, -0.915406211481366, -1.4063258542485053]
X.shape (10, 5)
s1 and s2 score at iteration 27
S_1 [0.34801028988106375, 0.19691049951627163, 0.22529635533828973, 0.31853858693084, 0.16429351967854952, 0.3206052689543942, 0.022886957935481417, 0.05798495650911595, -0.5035050715375265, -0.06835818160318384]
S_2 [0.2, 0.2, 0.2, 0.2, 0.25, 0.2, 0.25, 0.25, 0, 0.25]
Trust scores at iteration 28: [-1.0624105045939343, -0.9106606252470114, -1.417849126710416, -1.3479050893917328, -0.597804922799302, -0.9638330396479614, -1.3209661759888103, -1.5721953684052585, -0.9685466776969407, -1.3853358436528491]
X.shape (10, 5)
s1 and s2 score at iteration 28
S_1 [0.08512966291052308, 0.01998782523291797, -0.1915912376133385, -0.040649286085459035, 0.03191229539530211, 0.001197492187744424, -0.09089650198200942, -0.24657394376677377, -0.18551133718792434, -0.09548846432514124]
S_2 [0.3333333333333333, 0.5, 0.5, 0.3333333333333333, 0.3333333333333333, 0.5, 0.5, 0.5, 0.5, 0.5]
Trust scores at iteration 29: [-0.9228361208012076, -0.8961152905749196, -1.6011223560112433, -1.3275310968140197, -0.5672044041765242, -0.9660430671415512, -1.3956437412943625, -1.8046209861872047, -1.1896082224968993, -1.4589705224527854]
X.shape (10, 5)
s1 and s2 score at iteration 29
S_1 [-0.04617481876160052, -0.06784619935636949, 0.2754181441719499, 0.16318339085420416, -0.19081445444940512, 0.19508693950808653, 0.3134809475325164, 0.1499942631750653, -0.08895956504361838, -0.06801437585753077]
S_2 [0.25, 0.25, 0.25, 0.25, 0, 0.25, 0.25, 0.25, 0.25, 0.25]
Trust scores at iteration 30: [-0.945282213707962, -0.9281466077224053, -1.4531521034110535, -1.2427227052602554, -0.5713535176987049, -0.9072062895089359, -1.2560793671649264, -1.6763109196598422, -1.1990253816664442, -1.434769964489819]
X.shape (10, 5)
s1 and s2 score at iteration 30
S_1 [-0.16750333405266504, 0.16862423733160933, 0.2817050806849233, 0.1458951161565374, 0.1594894550483113, 0.078757023224508, 0.11458740863417659, -0.3307121891145385, 0.07449837240689162, -0.2152632461180996]
S_2 [0, 0.25, 0.25, 0.25, 0.25, 0.25, 0.25, 0.5, 0.25, 0.5]
Trust scores at iteration 31: [-0.9102145223515361, -0.825473517374942, -1.2578368930699482, -1.1166604152564783, -0.5076024120842332, -0.8385284000666723, -1.1397950577129565, -1.726076428532743, -1.102677323871343, -1.4677073676656929]
X.shape (10, 5)
s1 and s2 score at iteration 31
S_1 [-0.049236612599056685, 0.09805135071770699, -0.11131628571399024, 0.05726260760933434, -0.14831118095632828, -0.10954947459071987, -0.16606906568681307, -0.10399266207167474, 0.01988991785048078, 0.08684181891918746]
S_2 [0.3333333333333333, 0.3333333333333333, 0.3333333333333333, 0.3333333333333333, 0.3333333333333333, 0.5, 0.5, 0.5, 0.3333333333333333, 0.3333333333333333]
Trust scores at iteration 32: [-0.9360748661399211, -0.7095928323041145, -1.3122484295970234, -1.0132604093096143, -0.6747675197235318, -0.9664021949190355, -1.2951850348414236, -1.7595281732457582, -1.0387910527917523, -1.2990356049399052]
X.shape (10, 5)
s1 and s2 score at iteration 32
S_1 [0.09530436777102022, 0.056088347153640195, -0.1558487122725931, 0.19873362248856521, 0.10499721387074477, 0.29822420555130086, 0.14579172003501398, -0.21689592012996062, 0.1883113874612727, 0.2515654666797713]
S_2 [0.25, 0.25, 0.3333333333333333, 0.25, 0.25, 0.25, 0.25, 0.25, 0.25, 0.25]
Trust scores at iteration 33: [-0.885510091687794, -0.694826106180208, -1.3332824943220576, -0.9202953703398505, -0.6470832923295757, -0.8447619754271319, -1.1917799160788527, -1.7313045026814209, -0.9467677144302362, -1.15977756818376]
X.shape (10, 5)
s1 and s2 score at iteration 33
S_1 [0.006092225731146341, 0.04980849968821784, -0.22401990772872946, -0.12507649200754742, -0.18364508475305089, -0.25669106643664036, -0.09866663733606545, 0.07526142754109572, 0.051270673600692554, -0.04326684768730853]
S_2 [0.25, 0.3333333333333333, 0.3333333333333333, 0.3333333333333333, 0.3333333333333333, 0.3333333333333333, 0.25, 0.25, 0.25, 0.3333333333333333]
Trust scores at iteration 34: [-0.8638643307581346, -0.659162848562075, -1.5976099166566486, -1.0944552029391357, -0.9263845318133068, -1.2013516795330113, -1.278700470644822, -1.5331740524132789, -0.8589675027658632, -1.2012885530766453]
X.shape (10, 5)
s1 and s2 score at iteration 34
S_1 [-0.3196240197237109, 0.10345300333589033, -0.07734358583324935, -0.1714631290492318, -0.13154215128251348, -0.00772806661956819, 0.012337505739243887, 0.04255554809468351, -0.1758659652992377, 0.10069280145039018]
S_2 [0.5, 0.3333333333333333, 0.5, 0.5, 0.5, 0.3333333333333333, 0.5, 0.3333333333333333, 0.5, 0.3333333333333333]
Trust scores at iteration 35: [-1.1864336644723468, -0.5599132303725342, -1.612610974752005, -1.2507497999161792, -1.0608976808483213, -1.155353301268786, -1.2389047130244204, -1.4053881638454229, -1.0430667503127886, -1.050494437663583]
X.shape (10, 5)
s1 and s2 score at iteration 35
S_1 [0.2694582030920377, -0.03030047060912961, -0.37989730846257264, 0.23264098017835227, -0.0014279781064404516, 0.375340725541155, 0.28920991150341496, 0.32012386704104895, 0.31016190235108265, -0.024299528667232406]
S_2 [0.16666666666666666, 0.5, 0.5, 0.16666666666666666, 0.5, 0.16666666666666666, 0.16666666666666666, 0.16666666666666666, 0.16666666666666666, 0.3333333333333333]
Trust scores at iteration 36: [-1.0293333392968684, -0.6119946978819083, -1.652563863026645, -1.0970268748226975, -1.0551883612491635, -0.9731513044752407, -1.0712949421212115, -1.2128938098411608, -0.8894586500487695, -1.01858565259665]
X.shape (10, 5)
s1 and s2 score at iteration 36
S_1 [0.146410818482122, 0.161598113150242, -0.20016202532236346, -0.2624128369492571, -0.145331491263469, 0.05712955550949718, -0.22654177774458864, 0.04593562164997685, 0.1476736888148616, 0.16495470463009465]
S_2 [0.25, 0.25, 0.3333333333333333, 0.3333333333333333, 0.25, 0.25, 0.3333333333333333, 0.25, 0.25, 0.25]
Trust scores at iteration 37: [-0.912641810315732, -0.5278300845637889, -1.7086511060379914, -1.2464059410483372, -1.1127734028459344, -0.9162026934988597, -1.2015011960786262, -1.1387570135602298, -0.7859890038664992, -0.8917270873369849]
X.shape (10, 5)
s1 and s2 score at iteration 37
S_1 [-0.026974247936637066, 0.07478218106330384, -0.01384853609236011, -0.015743513989342026, -0.13667297693605754, -0.22380868578831267, 0.08724552759390553, -0.12860918683368922, 0.07612768802008332, -0.13985605523069303]
S_2 [0.25, 0.3333333333333333, 0.3333333333333333, 0.25, 0.5, 0.3333333333333333, 0.25, 0.25, 0.25, 0.3333333333333333]
Trust scores at iteration 38: [-0.9022952575919293, -0.4559991128948395, -1.6203257234190502, -1.1898104140357928, -1.258149338328344, -1.1477764933778167, -1.0313510764707636, -1.222291947890102, -0.6701332662303475, -1.0295227353252523]
X.shape (10, 5)
s1 and s2 score at iteration 38
S_1 [0.00031629475703500966, 0.1119398280449281, -0.18523147841891136, -0.011240667805144532, -0.02738856378673601, -0.12067545939910818, -0.09034362303960744, 0.014967993046160557, 0.05325835007578264, -0.2557646226154639]
S_2 [0.25, 0.25, 0.3333333333333333, 0.25, 0.25, 0.25, 0.25, 0.25, 0.25, 0.3333333333333333]
Trust scores at iteration 39: [-0.8867831739955847, -0.38539920160535557, -1.7237673005859036, -1.155871078074742, -1.2318016243091254, -1.2158027075145026, -1.0839232779356391, -1.161691289782287, -0.6305422802469581, -1.2550544849348837]
X.shape (10, 5)
s1 and s2 score at iteration 39
S_1 [-0.15169067558727192, -0.08050658651646897, -0.06819224049905273, -0.15666049183674902, -0.0498393607812415, -0.15253044064226437, -0.09148782573349824, -0.1569366108132081, -0.05633048065703845, -0.10392981738292527]
S_2 [0.25, 0.25, 0.25, 0.25, 0.3333333333333333, 0.25, 0.25, 0.25, 0.3333333333333333, 0.25]
Trust scores at iteration 40: [-0.5687456649661747, -0.260327140473281, -1.4895665033038852, -0.800953109315069, -1.1086214618782129, -0.8631783016631625, -0.866965542601912, -0.8056372819589113, -0.5544639688992674, -0.99601944104971]
X.shape (10, 5)
s1 and s2 score at iteration 40
S_1 [0.08403780255259197, 0.15608225440410262, 0.16717836361301497, -0.06637053957766999, 0.1864264265164437, 0.29001623638521135, 0.158871028190847, -0.4865946418420827, 0.26067092272921216, 0.09829051151340158]
S_2 [0.25, 0.25, 0.25, 0.3333333333333333, 0.25, 0.25, 0.3333333333333333, 0.5, 0.25, 0.25]
Trust scores at iteration 41: [-0.5328941682121183, -0.2304759725526367, -1.3329653687553917, -0.8104095767270502, -0.9834779399853346, -0.7268604714968463, -0.7921556088388938, -0.9928554158777219, -0.459136079173547, -0.9125261146074934]
X.shape (10, 5)
s1 and s2 score at iteration 41
S_1 [0.16866839794238528, 0.20698956548566755, -0.010325488876770872, 0.2143830226210802, 0.2182213527507631, -0.31168615020790613, -0.21458973992149266, 0.11552052334201852, 0.16124340942991428, -0.15703760470197092]
S_2 [0.25, 0.25, 0.25, 0.25, 0.25, 0.5, 0.25, 0.25, 0.25, 0.3333333333333333]
Trust scores at iteration 42: [-0.45231240771497566, -0.16257534516238148, -1.2544004902380352, -0.6811275349813611, -0.8351301459868012, -0.8970046956652448, -0.8612758602925724, -0.890632560005239, -0.3893326307811976, -0.9599026990171079]
X.shape (10, 5)
s1 and s2 score at iteration 42
S_1 [0.047623427151081, 0.2025186700216766, 0.022318004093566508, 0.16150380832503247, 0.07902102727795547, -0.12665367251519546, 0.05712891459004029, -0.15249523737667553, -0.08926839099744524, -0.29452321433327655]
S_2 [0.3333333333333333, 0.25, 0.25, 0.25, 0.3333333333333333, 0.25, 0.25, 0.5, 0.3333333333333333, 0.5]
Trust scores at iteration 43: [-0.4502322598874931, -0.09631781064614334, -1.1679402206631202, -0.5832671669508237, -0.7792646660066179, -0.9198434835911969, -0.7969390654116446, -0.9768686516452824, -0.4611451264296965, -1.109342583432405]
X.shape (10, 5)
s1 and s2 score at iteration 43
S_1 [0.08659596635927927, 0.027405263853494774, -0.04016045916627734, -0.06710084567191266, 0.029472639477338396, -0.18649134515069837, -0.2683134692517237, -0.19219775856973517, -0.03461058302157037, 0.007269623769366684]
S_2 [0.3333333333333333, 0.3333333333333333, 0.3333333333333333, 0.3333333333333333, 0.3333333333333333, 0.3333333333333333, 0.3333333333333333, 0.3333333333333333, 0.3333333333333333, 0.3333333333333333]
Trust scores at iteration 44: [-0.4052090338987438, -0.15503875430337957, -1.197523022893283, -0.7024277149552505, -0.7673035431552724, -1.1432171397573245, -1.1270903866938107, -1.2011294898787659, -0.5549985066074778, -1.090013449351875]
X.shape (10, 5)
s1 and s2 score at iteration 44
S_1 [0.006015783659579283, -0.14563807783233784, -0.17756373150430804, -0.2430188540198327, -0.15996281374282317, 0.03173796970072128, 0.08387385903181564, -0.12492067980062756, -0.009242985964238571, 0.026655109659989726]
S_2 [0.2, 0.3333333333333333, 0.3333333333333333, 0.3333333333333333, 0.5, 0.2, 0.2, 0.3333333333333333, 0.2, 0.2]
Trust scores at iteration 45: [-0.39751571263156954, -0.3798409601481303, -1.356140692154868, -0.9885948708098535, -0.9812915075022319, -1.0310553048343942, -0.9543813480244298, -1.2966219606358445, -0.5505187593149707, -0.989232107683881]
X.shape (10, 5)
s1 and s2 score at iteration 45
S_1 [-0.05724226736911972, 0.2699216039144956, -0.6092923491007833, -0.081125005820511, 0.387719405204912, 0.35045228110674786, 0.364033868270161, -0.0941500044705332, 0.36519420446965706, 0.30147268473537336]
S_2 [0.3333333333333333, 0.16666666666666666, 0, 0.5, 0.16666666666666666, 0.16666666666666666, 0.16666666666666666, 0.3333333333333333, 0.16666666666666666, 0.16666666666666666]
Trust scores at iteration 46: [-0.43919464667732283, -0.3055724274270416, -1.377674380034172, -1.010659021991863, -0.8164956900853421, -0.8708949877186312, -0.7983854842604713, -1.2579094573672616, -0.43460988227206865, -0.8458868533736237]
X.shape (10, 5)
s1 and s2 score at iteration 46
S_1 [-0.019399253570531863, -0.11639728639714801, -0.051230631417300616, -0.04424822033254596, -0.1767354361304361, -0.14206767465400358, -0.04254582146623972, -0.18203773135271792, -0.12225283809877811, -0.04393086700417624]
S_2 [0.25, 0.25, 0.25, 0.3333333333333333, 0.3333333333333333, 0.3333333333333333, 0.25, 0.5, 0.3333333333333333, 0.3333333333333333]
Trust scores at iteration 47: [-0.34527518200959056, 0.27499391346962193, -1.0258213614642855, -0.7481674004731086, 0.10952966802865538, -0.11813637713889968, -0.549230139383718, -0.2937435855496707, 0.17237795500437708, -0.6015083535581651]
X.shape (10, 5)
s1 and s2 score at iteration 47
S_1 [0.18535839322700742, -0.2994470959288153, 0.2645740613254812, -0.4065515589590755, -0.09774944592218236, 0.1744129617523545, 0.22384511321509207, -0.0679565227738499, 0.11788771112925062, 0.13104111530083812]
S_2 [0.2, 0.5, 0.2, 0.5, 0.3333333333333333, 0.2, 0.2, 0.3333333333333333, 0.25, 0.2]
Trust scores at iteration 48: [-0.28068849311805577, 0.034313700681349646, -0.863239225317857, -0.9270133274772485, -0.005035932642827923, -0.08040056970112655, -0.4497012830987241, -0.3567211488346842, 0.14969770627880036, -0.5318284318496127]
X.shape (10, 5)
s1 and s2 score at iteration 48
S_1 [-0.1528167857985133, -0.14619780830944787, 0.12237525690055223, -0.11231341594387473, 0.04041595168363459, 0.10951578339879417, -0.21804373388686116, 0.13734482286217464, 0.11626097639116113, 0.10662845467041694]
S_2 [0.3333333333333333, 0.5, 0.25, 0.5, 0.3333333333333333, 0.25, 0.5, 0.25, 0.25, 0.25]
Trust scores at iteration 49: [-0.4305513604499842, -0.17556347874660158, -0.7378145603260838, -1.016086766871158, -0.04177237689283962, -0.0426226812521433, -0.6634875821102277, -0.2710490339512158, 0.16937690455150195, -0.4510100051396587]
X.shape (10, 5)
s1 and s2 score at iteration 49
S_1 [0.151385445461301, 0.21823096732354474, -0.40797939364601626, 0.0965981640014548, -0.15258215486682575, 0.1268096742375321, 0.09432650489409099, 0.23492661264984666, 0.045683964552576124, -0.1331992124438576]
S_2 [0.25, 0.25, 0.5, 0.5, 0.5, 0.25, 0.3333333333333333, 0.25, 0.25, 0.5]
Trust scores at iteration 50: [-0.37305676233053026, -0.1151138801405679, -0.9376955893751895, -0.9733596477428563, -0.202543998400809, -0.03438199288445974, -0.6236540135449679, -0.19394413055609425, 0.12188527175550132, -0.5626072266540283]
X.shape (10, 5)
s1 and s2 score at iteration 50
S_1 [-0.1381252057261909, 0.14665537747003385, -0.24346388649989598, 0.02870718466348155, 0.1205976590015046, -0.355521334973115, 0.27036362201209363, 0.15982205998061993, 0.1312917651445057, 0.1916146951227066]
S_2 [0.3333333333333333, 0.25, 0.5, 0.25, 0.25, 0.5, 0.25, 0.25, 0.25, 0.25]
Trust scores at iteration 51: [-0.4535064327789472, -0.09935873833352715, -1.033976564857943, -0.9154056921124645, -0.18768387161270322, -0.26244126811838575, -0.5112886121904712, -0.16543597328031345, 0.10825792458168709, -0.4854735464151634]
X.shape (10, 5)
s1 and s2 score at iteration 51
S_1 [0.0626350610518341, 0.07380244775149729, 0.017596325002692197, -0.164606379082266, -0.016953629967395467, 0.12140793132248565, 0.09120000941793455, -0.26206148463343987, -0.22141601654033113, 0.02560857333593953]
S_2 [0.25, 0.25, 0.25, 0.3333333333333333, 0.25, 0.25, 0.25, 0.3333333333333333, 0.3333333333333333, 0.25]
Trust scores at iteration 52: [-0.43156520528669673, -0.10363404539455762, -0.9910853536175154, -1.0594463631787052, -0.2578796709610959, -0.21119714130654718, -0.460041092392449, -0.4647444061934926, -0.18494146911362186, -0.490833193106272]
X.shape (10, 5)
s1 and s2 score at iteration 52
S_1 [-0.1834437489676726, -0.24443956222133809, -0.09218838142197316, -0.012015295473701025, -0.044961230729321136, -0.07956272590906306, -0.032357081177805655, -0.08158765549522029, -0.04907254811803351, -0.12698551295633206]
S_2 [0.5, 0.5, 0.3333333333333333, 0.3333333333333333, 0.3333333333333333, 0.3333333333333333, 0.3333333333333333, 0.3333333333333333, 0.3333333333333333, 0.3333333333333333]
Trust scores at iteration 53: [1.0383431905428564, 1.8411326141989683, -0.19138493831611292, -0.9201683935275013, 0.07544158841011323, 0.405434594007517, -0.2114045614318361, 0.194094987695617, 0.17530333407950274, 0.5484489626314479]
X.shape (10, 5)
s1 and s2 score at iteration 53
S_1 [-0.17177381435153874, 0.2666198858185283, -0.11094947689311635, 0.2032452655354238, -0.19857258688196083, 0.28730923332561065, -0.1376391942031678, 0.07194029374124351, 0.21574404666670946, 0.00896982716457888]
S_2 [0.3333333333333333, 0.16666666666666666, 0.5, 0.16666666666666666, 0.3333333333333333, 0.16666666666666666, 0.3333333333333333, 0.16666666666666666, 0.16666666666666666, 0.16666666666666666]
Trust scores at iteration 54: [0.8080551202359849, 1.7164849464876566, -0.3108631904932789, -0.7907439429227486, -0.06788382300330774, 0.43155780127343196, -0.30483706184722104, 0.16639148095951686, 0.19953090063046924, 0.4633927444860997]
X.shape (10, 5)
s1 and s2 score at iteration 54
S_1 [0.009062466317334553, 0.29755389091645035, 0.32597673128217985, 0.10250598843852492, 0.1520673352853811, 0.2712535634554702, -0.1104819450294712, 0.21055129041338919, 0.11867189830863643, -0.2807505761778044]
S_2 [0.5, 0.2, 0.2, 0.25, 0.2, 0.2, 0.5, 0.2, 0.3333333333333333, 0.5]
Trust scores at iteration 55: [0.6300297042890877, 1.5961171667985348, -0.21977687144395097, -0.7302237494056846, -0.05444568914333423, 0.4316145751184339, -0.4082459419814387, 0.17434322853431372, 0.14931616515545032, 0.23092751403028802]
X.shape (10, 5)
s1 and s2 score at iteration 55
S_1 [0.3041296478536661, -0.1814026836885424, 0.4418709032949897, 0.048604556349510365, 0.3251980080203729, 0.5227057300239045, 0.31899155797586576, 0.36799914574228937, 0.5057265995349596, 0.29770403896746994]
S_2 [0.25, 0.3333333333333333, 0.16666666666666666, 0.25, 0.16666666666666666, 0.16666666666666666, 0.2, 0.16666666666666666, 0.16666666666666666, 0.16666666666666666]
Trust scores at iteration 56: [0.5502104556724035, 1.3018008977732831, -0.1632638754413993, -0.7229027282942989, -0.036786763404272504, 0.4384531176065905, -0.36639436077068305, 0.177311643704332, 0.18113623328507486, 0.2147891868601551]
X.shape (10, 5)
s1 and s2 score at iteration 56
S_1 [-0.20848665296171812, 0.0644338281449964, 0.020940151853867224, -0.3176851768694692, 0.03725939640130012, -0.2600012750654811, 0.07334530813870647, 0.04279440773479685, -0.058969015099699734, -0.08080606289394866]
S_2 [0.5, 0.25, 0.25, 0.5, 0.3333333333333333, 0.5, 0.25, 0.3333333333333333, 0.3333333333333333, 0.25]
Trust scores at iteration 57: [0.11093584535438183, 1.2094707738358186, -0.16838739739349273, -1.1837487867877683, -0.048974781180342424, -0.059881501873359055, -0.27975492469361474, 0.15126029565407362, 0.015956778576895675, 0.03313817271967262]
X.shape (10, 5)
s1 and s2 score at iteration 57
S_1 [-0.18458302721239644, -0.04220321509386779, -0.14341205952936376, -0.03488928310164793, -0.12758514570458604, -0.19493841050396418, -0.00411233453416221, -0.11662554880851037, -0.08325489980989115, -0.02272360575997859]
S_2 [0.5, 0.25, 0.3333333333333333, 0.25, 0.3333333333333333, 0.3333333333333333, 0.25, 0.5, 0.25, 0.5]
Trust scores at iteration 58: [4.488363943065809, 2.06478298404849, 3.269148321267924, -0.266968147054929, 2.991755222510949, 4.619774428773661, -0.20177943222425326, 2.8721279781680757, 1.988877810589755, 0.4823962722314156]
X.shape (10, 5)
s1 and s2 score at iteration 58
S_1 [-0.07360492923279979, 0.19379016628540358, -0.20431519468154186, -0.07636886809842056, 0.1460879101194687, -0.0756103035480927, -0.1553573759811742, 0.04168255273527886, 0.15078956506319227, -0.21205650117541083]
S_2 [0.25, 0.25, 0.3333333333333333, 0.25, 0.25, 0.3333333333333333, 0.3333333333333333, 0.25, 0.25, 0.3333333333333333]
Trust scores at iteration 59: [3.9265457818596636, 1.8833046856436408, 2.736802342350826, -0.35467935266453743, 2.6929642839669135, 4.0187804016199085, -0.361769321538992, 2.531424296904629, 1.7928007708875509, 0.22473081332644068]
X.shape (10, 5)
s1 and s2 score at iteration 59
S_1 [0.17380335144838893, -0.02978700878724491, 0.15186407458785586, -0.18042685554056448, -0.09058838925302642, 0.24057905648545694, -0.2597163100845092, -0.06112814786850476, -0.07732369220790897, 0.21902877180429003]
S_2 [0.25, 0.3333333333333333, 0.25, 0.5, 0.3333333333333333, 0.25, 0.5, 0.5, 0.3333333333333333, 0.25]
Trust scores at iteration 60: [3.556134961707928, 1.615926169746149, 2.4762465034003496, -0.49420832617990496, 2.319346876605385, 3.6669023614579177, -0.5335470525542907, 2.1528731102086702, 1.514713368947869, 0.24330005920382555]
X.shape (10, 5)
s1 and s2 score at iteration 60
S_1 [-0.3212054475896553, -0.00859358657823576, -0.002508187532957574, 0.01719369236635361, -0.1903982875766538, 0.0657031153442677, 0.06564963747219524, 0.06559088081742061, 0.01617254997067452, -0.30593471054081994]
S_2 [0.3333333333333333, 0.25, 0.3333333333333333, 0.3333333333333333, 0.3333333333333333, 0.25, 0.25, 0.25, 0.3333333333333333, 0.3333333333333333]
Trust scores at iteration 61: [2.6116474663262608, 1.3662541325138988, 2.1248043970389143, -0.5186187308232483, 1.6976264054564763, 3.325212125312126, -0.4552737405049406, 1.9624149784797453, 1.2878566182655233, -0.34666191703911997]
X.shape (10, 5)
s1 and s2 score at iteration 61
S_1 [0.011908450540192992, 0.18621080731311188, 0.34696007408704244, -0.2020261808761634, -0.10681380857865858, 0.4158373540690455, 0.4125638483989597, 0.40656057546178537, 0.3663095569258219, 0.3027221206998173]
S_2 [0.3333333333333333, 0.16666666666666666, 0.16666666666666666, 0.5, 0.5, 0.16666666666666666, 0.16666666666666666, 0.16666666666666666, 0.16666666666666666, 0.16666666666666666]
Trust scores at iteration 62: [2.286679780978213, 1.2410751070126727, 1.9624271096112613, -0.6153398382979368, 1.4021773258419317, 3.0593575794475805, -0.3438669079685876, 1.8306092802258946, 1.2138272459693402, -0.2725308557804108]
X.shape (10, 5)
s1 and s2 score at iteration 62
S_1 [-0.1902725870149863, -0.14151012798567503, 0.07200855500180231, -0.21431207965888194, -0.11563180273472905, 0.08799094861556266, 0.08799094861556268, 0.08799094861556268, -0.16325083721351064, -0.047260954417682986]
S_2 [0.5, 0.3333333333333333, 0.25, 0, 0, 0.25, 0.25, 0.25, 0.3333333333333333, 0.3333333333333333]
Trust scores at iteration 63: [1.7417707121674169, 0.8894774242590422, 1.798020719470373, -0.7973673605444365, 1.1305463006929195, 2.8034218215028224, -0.25948021717172887, 1.6975483522033052, 0.840246456553911, -0.3656555914380918]
X.shape (10, 5)
s1 and s2 score at iteration 63
S_1 [-0.051020823971430346, -0.08019114464026761, -0.07579939360745706, -0.07040042692719578, -0.13432977685589698, 0.07036227382058988, 0.07036227382058986, 0.07036227382058988, 0.04548311148822973, -0.2593015760372428]
S_2 [0.5, 0.5, 0.3333333333333333, 0.3333333333333333, 0.5, 0.3333333333333333, 0.3333333333333333, 0.3333333333333333, 0.3333333333333333, 0.5]
Trust scores at iteration 64: [1.395082021866955, 0.5865607318746142, 1.4438246583987129, -0.8843515149679921, 0.7265800221478951, 2.5564129726858735, -0.20019886212122268, 1.5611268503163083, 0.7541964768928796, -0.7976136202306409]
X.shape (10, 5)
s1 and s2 score at iteration 64
S_1 [-0.2331363403312919, -0.08167181479981701, 0.05277961437450173, -0.3673752334568124, -0.1018599881542336, 0.13857946938940013, 0.13952179137484258, 0.14091053137280166, -0.1351782546818674, -0.028245711554844805]
S_2 [0.5, 0.5, 0.25, 0.5, 0.5, 0.25, 0.25, 0.25, 0, 0.25]
Trust scores at iteration 65: [0.9901239146518753, 0.3699446084310503, 1.2868983101820621, -1.1566316058861559, 0.4816350253686281, 2.3491173902757203, -0.1311645232521056, 1.4550141652846775, 0.5828448549466559, -0.7878973969773088]
X.shape (10, 5)
s1 and s2 score at iteration 65
S_1 [0.012668737937920017, 0.21446969882627506, 0.031980435865923536, -0.2160157609779805, -0.05418986561300399, -0.010732042774579472, -0.004593620497947574, 0.018424390239789843, 0.07666673864807244, 0.027886857478358715]
S_2 [0.3333333333333333, 0.3333333333333333, 0.25, 0.5, 0.3333333333333333, 0.25, 0.25, 0.25, 0.3333333333333333, 0.3333333333333333]
Trust scores at iteration 66: [0.8303518625014032, 0.3662834809212786, 1.1231198797211106, -1.2416893220275242, 0.3415379462428262, 2.0592016610186135, -0.17018992151142376, 1.2681034216301033, 0.4936408218737755, -0.7627716211723914]
X.shape (10, 5)
s1 and s2 score at iteration 66
S_1 [0.09090932942624735, -0.04813232077543717, 0.013057136419082904, 0.22043250391291455, 0.2207697721637224, 0.038346629230333, 0.03811981709553072, 0.037917618034410405, 0.1975199960054047, -0.44153308567264593]
S_2 [0.25, 0.3333333333333333, 0.25, 0.25, 0.25, 0.3333333333333333, 0.3333333333333333, 0.3333333333333333, 0.25, 0]
Trust scores at iteration 67: [0.7134950171696153, 0.20785308977601835, 0.9417222595952461, -1.0926731590410927, 0.3323841516185436, 1.7706510056312423, -0.23590415559776595, 1.0584682650293133, 0.4587455080189233, -0.8864915335392469]
X.shape (10, 5)
s1 and s2 score at iteration 67
S_1 [0.005074731457413236, -0.1075436075740828, 0.3616985112452178, 0.2691097079640287, 0.029555333839265355, 0.22975645512101212, 0.22995798559416514, 0.23060131448725263, 0.06597426404804334, 0.19685866904691351]
S_2 [0.2, 0.25, 0.2, 0.2, 0.25, 0.2, 0.2, 0.2, 0.3333333333333333, 0.25]
Trust scores at iteration 68: [0.5835485434717469, 0.08233483907193752, 0.8875500336357216, -0.9690041799845515, 0.23231699868763278, 1.597107442475068, -0.2087364848254949, 0.9563765570347117, 0.3311110831774376, -0.8184162039842676]
X.shape (10, 5)
s1 and s2 score at iteration 68
S_1 [-0.20932173634628626, 0.14616226605313343, 0.2290722624306883, -0.48875469649944125, 0.17634917252147841, 0.3317468692428197, 0.32864288170846134, 0.3236669174213598, -0.02850887165149564, -0.005469649685490414]
S_2 [0.5, 0.2, 0.2, 0.5, 0.2, 0.2, 0.2, 0.2, 0.2, 0.5]
Trust scores at iteration 69: [0.36209686568685817, 0.0781597260505745, 0.8278453465429627, -1.11943136077097, 0.2222430491614661, 1.4973966982275613, -0.12879848572569405, 0.918303323916478, 0.2494064132334562, -0.8382233255010167]
X.shape (10, 5)
s1 and s2 score at iteration 69
S_1 [-0.12029787454962183, 0.1688086224664975, -0.07081258752357233, -0.44183181502859054, 0.05590041413598528, 0.2580529634762212, 0.2565342884089598, 0.25365210365714563, 0.061778253573777836, -0.10336496720111847]
S_2 [0.5, 0.2, 0.3333333333333333, 0.5, 0.2, 0.2, 0.2, 0.2, 0.2, 0.5]
Trust scores at iteration 70: [0.17926966582590328, 0.09576002311065991, 0.6509530391135255, -1.2787057178304337, 0.18168112447260037, 1.4076570284048053, -0.05650715008737016, 0.8847675819996723, 0.20840591688715926, -0.8944567108968333]
X.shape (10, 5)
s1 and s2 score at iteration 70
S_1 [-0.04608528890899834, -0.1785165697325506, -0.08050279473270809, 0.20225683187397736, 0.1456755773932528, 0.1947423052585592, 0.1960015948803054, 0.19825814124191068, -0.2463926928222355, -0.18506608074340924]
S_2 [0.25, 0.5, 0.3333333333333333, 0.25, 0.3333333333333333, 0.25, 0.25, 0.25, 0.3333333333333333, 0.5]
Trust scores at iteration 71: [0.08855717032841666, -0.10207829799504686, 0.4793888062401749, -1.1008351460473904, 0.16887139195092954, 1.3131759867321116, -0.003949154832875862, 0.8443137876743898, -0.0009230325029955522, -0.9965115735734065]
X.shape (10, 5)
s1 and s2 score at iteration 71
S_1 [0.2736713881255482, 0.30579490486974825, 0.3106542850496479, 0.3605701271923152, -0.3157801479029812, 0.3921158360517649, 0.3927051047268002, 0.3862041163848282, -0.17160049468702152, -0.22504251155504512]
S_2 [0.14285714285714285, 0.14285714285714285, 0.14285714285714285, 0.14285714285714285, 0.5, 0.14285714285714285, 0.14285714285714285, 0.14285714285714285, 0.5, 0.5]
Trust scores at iteration 72: [0.12081880259626951, -0.04257305798971937, 0.4819847478447448, -0.927506039340728, -0.028427268281728008, 1.2531369057530175, 0.06787433207898314, 0.8296555426384506, -0.14452776619506058, -1.0541661422803104]
X.shape (10, 5)
s1 and s2 score at iteration 72
S_1 [0.2818780975176398, 0.3682225903382268, -0.2913639939393693, 0.2968667615027043, 0.08868602816229766, 0.42871432226977785, 0.43290572308513625, 0.43881714516338427, -0.4340550865898684, 0.27304130283978306]
S_2 [0.16666666666666666, 0.16666666666666666, 0.5, 0.16666666666666666, 0.2, 0.16666666666666666, 0.16666666666666666, 0.16666666666666666, 0.5, 0.2]
Trust scores at iteration 73: [0.13963947874109248, 0.012263449434216471, 0.26738868646850533, -0.8004371820199272, -0.04537429462528296, 1.1921875964836215, 0.12640643903109525, 0.8133566550412723, -0.3289897861768261, -0.9265274143884838]
X.shape (10, 5)
s1 and s2 score at iteration 73
S_1 [-0.30775219777927343, -0.07100594940395234, 0.0320121077771207, -0.0038543180385903148, -0.011413920631229047, 0.13724349870891533, 0.137224425429982, 0.13711347662263046, -0.06386375398763966, -0.10835061107094421]
S_2 [0.3333333333333333, 0.3333333333333333, 0.3333333333333333, 0.3333333333333333, 0.5, 0.2, 0.2, 0.2, 0.2, 0.2]
Trust scores at iteration 74: [-0.1652292240693478, -0.10736676654032146, 0.1973081961139602, -0.7898685098066447, -0.14915341256835324, 1.1329688368352595, 0.17375189772729804, 0.7919262512890619, -0.3826239800506803, -0.9528223914865614]
X.shape (10, 5)
s1 and s2 score at iteration 74
S_1 [0.05336623147249572, 0.40742325082357583, 0.2709590388712625, 0.2995099608423235, 0.009965581666003785, 0.1481779902827022, 0.14601493537577265, 0.14224638700318432, -0.13113958535850193, 0.2430910039839959]
S_2 [0.2, 0.2, 0.2, 0.2, 0.25, 0.25, 0.25, 0.25, 0.3333333333333333, 0.2]
Trust scores at iteration 75: [-0.19560782695223883, -0.05663008988628933, 0.18408291793240128, -0.6973684363388281, -0.20679206911457426, 0.9810415000499951, 0.1172153438401281, 0.6726472906885409, -0.47654913763882223, -0.8578746807447635]
X.shape (10, 5)
s1 and s2 score at iteration 75
S_1 [0.38558967446735715, 0.13108744194828906, 0.32848096082901795, 0.4347901725702604, -0.716162110838535, 0.44739999669709246, 0.44936810030186286, 0.44061610260832873, 0.3997812620836585, 0.11391802472201351]
S_2 [0.14285714285714285, 0.2, 0.14285714285714285, 0.14285714285714285, 0, 0.14285714285714285, 0.14285714285714285, 0.14285714285714285, 0.14285714285714285, 0.25]
Trust scores at iteration 76: [-0.14738281491368463, -0.10179557498519551, 0.18163018443975915, -0.5880185447717211, -0.3454837900365463, 0.9253565215366926, 0.14835095231325815, 0.6462920812059177, -0.3970718736933107, -0.8467364980455754]
X.shape (10, 5)
s1 and s2 score at iteration 76
S_1 [0.08240571984853594, 0.01855625961265485, -0.12821669051156545, 0.1465497232035949, 0.14770050257071132, 0.26639114992064683, 0.2619611897439771, 0.25397804937716956, 0.10502403883945984, -0.4365706074456436]
S_2 [0.2, 0.2, 0.3333333333333333, 0.5, 0.25, 0.2, 0.2, 0.2, 0.3333333333333333, 0.3333333333333333]
Trust scores at iteration 77: [-0.14171042773859388, -0.12465022315822982, 0.048669512038525695, -0.5742037053484464, -0.3054904374987827, 0.8928208693830233, 0.19185290387271747, 0.637003146008366, -0.3846066052575686, -0.9926128149256056]
X.shape (10, 5)
s1 and s2 score at iteration 77
S_1 [-0.0010838556963870876, -0.0013023473790718294, -0.06302248068271764, 0.05923294752135561, -0.2136242183711499, 0.18271494412037134, 0.18397794766312806, 0.185933696728254, -0.3602317223850981, -0.1072673838617858]
S_2 [0.3333333333333333, 0.3333333333333333, 0.3333333333333333, 0.25, 0.5, 0.25, 0.25, 0.25, 0, 0.25]
Trust scores at iteration 78: [-0.19478897754287333, -0.17955230395603727, -0.05675924253485072, -0.5349263080542588, -0.4898340797601798, 0.8518076531956817, 0.22161576054026155, 0.6233028314075295, -0.539887976823813, -1.0010427350545346]
X.shape (10, 5)
s1 and s2 score at iteration 78
S_1 [-0.017769497230795097, -0.07305520674001917, 0.03537308825365245, -0.14836011901177223, 0.14382868104660493, 0.18457371764112046, 0.18251834788767016, 0.18206222777400388, -0.4140885772924718, -0.2240397406639208]
S_2 [0.2, 0.3333333333333333, 0.3333333333333333, 0.3333333333333333, 0.2, 0.2, 0.2, 0.2, 0.5, 0.5]
Trust scores at iteration 79: [-0.22493739696997667, -0.26784424371030224, -0.09858523673483827, -0.6284802164714823, -0.4029258822286623, 0.8266268878761135, 0.25834060787320606, 0.6196118508179665, -0.8102477931177795, -1.1223207165782272]
X.shape (10, 5)
s1 and s2 score at iteration 79
S_1 [0.2177982108742419, 0.06278609560857279, -0.07484179650402041, -0.4097440056486536, 0.1928218378907738, 0.23485673157124046, 0.241916120021763, 0.25126780449490954, 0.08170550245913889, -0.10148672153627834]
S_2 [0.2, 0.3333333333333333, 0.3333333333333333, 0.5, 0.2, 0.2, 0.2, 0.2, 0.3333333333333333, 0.3333333333333333]
Trust scores at iteration 80: [-0.15576394464045418, -0.28273876593778935, -0.18517904870955454, -0.8287028303449921, -0.32589372194706057, 0.7974328916029857, 0.28878474735434206, 0.6176506657361699, -0.7633723817986974, -1.117145174403075]
X.shape (10, 5)
s1 and s2 score at iteration 80
S_1 [0.34370453257683403, 0.5582022740695767, 0.11610773432619707, -0.5276357381091826, 0.602860154075055, 0.5247555875427292, 0.5247555875427292, 0.5572112942532361, 0.5897696298585114, 0.4820499527093044]
S_2 [0.125, 0.125, 0.25, 0, 0.125, 0.125, 0.125, 0.125, 0.125, 0.125]
Trust scores at iteration 81: [-0.13317523475739312, -0.21187255755754414, -0.24740166325402857, -0.833354625945581, -0.24330434975235454, 0.7547339333701211, 0.29695060354634184, 0.5983135512318257, -0.6392065467424307, -0.9754701637288276]
X.shape (10, 5)
s1 and s2 score at iteration 81
S_1 [0.16077066534571927, 0.02291308017776152, 0.12859637327163753, -0.00224833407889325, -0.3449095695083113, -0.22008560057553195, 0.07214116638140038, 0.12245705372734281, -0.22889525854060425, 0.11549809021565853]
S_2 [0.25, 0.3333333333333333, 0.25, 0.25, 0.5, 0.5, 0.25, 0.25, 0.5, 0.25]
Trust scores at iteration 82: [-0.06985771128165383, -0.24309994050770276, -0.19267403591071836, -0.8014176361843961, -0.5335090532407324, 0.4423664119269259, 0.2621276386242102, 0.5646509756953996, -0.8176596628356287, -0.8560828710422946]
X.shape (10, 5)
s1 and s2 score at iteration 82
S_1 [-0.11817995437869182, -0.06757823544738048, -0.01701985099756207, -0.1703538959876407, -0.14052749767744213, -0.09291383526352003, -0.0759655035757317, -0.06496401342446032, -0.1777828131046428, -0.023997089559275406]
S_2 [0.25, 0.25, 0.25, 0.3333333333333333, 0.3333333333333333, 0.25, 0.3333333333333333, 0.3333333333333333, 0.3333333333333333, 0.3333333333333333]
Trust scores at iteration 83: [0.5564934476258755, 0.10326544173101579, -0.14840663231964654, 0.17963709671939287, 0.24551005386472718, 0.8690442753725466, 0.5822495905393422, 0.7898814254826829, 0.20866781653114752, -0.7294798739214338]
X.shape (10, 5)
s1 and s2 score at iteration 83
S_1 [0.19320873397948088, 0.3282446406889123, 0.27194053537511687, -0.27941009776845244, 0.2611609295377864, 0.22767822701883603, 0.2569247268191053, -0.2114913150733556, -0.24996897096537335, -0.06508766079674155]
S_2 [0.16666666666666666, 0.16666666666666666, 0.16666666666666666, 0.3333333333333333, 0.16666666666666666, 0.16666666666666666, 0.16666666666666666, 0.3333333333333333, 0.3333333333333333, 0.3333333333333333]
Trust scores at iteration 84: [0.5097053027214117, 0.1429388975579142, -0.10071906112160686, -0.0234491292507662, 0.2505219406521123, 0.801502207123471, 0.5522969610137372, 0.5464622796956466, 0.011647782096587789, -0.7763608959718016]
X.shape (10, 5)
s1 and s2 score at iteration 84
S_1 [-0.03340480550196126, 0.12723227528605202, -0.09239558591066406, 0.08997298758732447, 0.10840733030648224, -0.2675790017149987, 0.01232670161774382, -0.1414432211418142, -0.18994610018808553, -0.015118001635415941]
S_2 [0.3333333333333333, 0.3333333333333333, 0.3333333333333333, 0.3333333333333333, 0.3333333333333333, 0.5, 0.3333333333333333, 0.3333333333333333, 0.3333333333333333, 0.3333333333333333]
Trust scores at iteration 85: [0.36581312808385696, 0.16197834113545612, -0.2299334346657683, -0.017055345299548934, 0.2440073490907367, 0.4110444986974838, 0.44008894311733426, 0.31398009187196574, -0.20547447736356558, -0.777273679502995]
X.shape (10, 5)
s1 and s2 score at iteration 85
S_1 [-0.11462712634652633, 0.005237207320116449, -0.032029203614885385, 0.03189165502685329, -0.09701528276162605, -0.12518492888045063, -0.23107377066510443, 0.08770734492734432, -0.28498011041479704, 0.03524358070009592]
S_2 [0.5, 0.3333333333333333, 0.25, 0.25, 0.3333333333333333, 0.3333333333333333, 0.5, 0.25, 0.5, 0.25]
Trust scores at iteration 86: [0.09853908202550005, 0.08508507038672512, -0.2934583595852861, -0.028988369144298073, 0.04232745224223183, 0.16054311369364194, 0.032620049125388184, 0.3325820826847692, -0.6098486318611736, -0.7093631538829573]
X.shape (10, 5)
s1 and s2 score at iteration 86
S_1 [-0.2778377098857985, -0.1663726888984124, 0.004430481190937425, 0.07226219231351914, 0.07767018516826786, 0.019419165891064134, -0.2068640248360756, -0.28857368206710904, 0.023832125659659746, 0.07162967578224115]
S_2 [0.3333333333333333, 0.5, 0.5, 0.2, 0.2, 0.2, 0.3333333333333333, 0.3333333333333333, 0.2, 0.2]
Trust scores at iteration 87: [-0.33569624437144824, -0.2376274951822261, -0.3584082998228113, 0.026947702272621162, 0.09809470701800863, 0.1294908875504088, -0.3036450865525147, -0.1388800577299547, -0.5581800183942647, -0.5862039660667671]
X.shape (10, 5)
s1 and s2 score at iteration 87
S_1 [-0.013322407174206815, 0.07978521910919485, 0.06058094750801805, 0.14328676669951018, -0.1301858778801346, -0.07465505339802453, -0.16385591656997545, -0.11658590524571125, -0.20660122274624199, -0.008979526737762157]
S_2 [0.3333333333333333, 0.25, 0.25, 0.3333333333333333, 0.25, 0.25, 0.25, 0.25, 0.25, 0.25]
Trust scores at iteration 88: [-0.4114243432908123, -0.2331825490822953, -0.35528795659345996, 0.024252932045359048, -0.07757163824301111, -0.010560049210306746, -0.46263581135270243, -0.28135748990434906, -0.7215492485687407, -0.6088503915432443]
X.shape (10, 5)
s1 and s2 score at iteration 88
S_1 [-0.06574365006607365, 0.13771769164935138, 0.1541255504168304, -0.07587788000879059, -0.025393261361890948, -0.14186557068199726, 0.1209568032035727, -0.13533796369101522, -0.2199299636086736, -0.060233737740470444]
S_2 [0.3333333333333333, 0.3333333333333333, 0.3333333333333333, 0.25, 0.25, 0.25, 0.3333333333333333, 0.3333333333333333, 0.25, 0.3333333333333333]
Trust scores at iteration 89: [-0.5129378150644317, -0.2205100688188954, -0.319759160934114, -0.10240357545400329, -0.1612901731547179, -0.1765495035258035, -0.4378928328193715, -0.44103194715486216, -0.8670896542484818, -0.6870463078681179]
X.shape (10, 5)
s1 and s2 score at iteration 89
S_1 [-0.04326143392030944, -0.13712830685070818, 0.004954280920225719, -0.04758881205758506, -0.19724661908448254, -0.12907475416809058, -0.03698216486200496, -0.01605933750960442, -0.18974998848020763, -0.1709178502804243]
S_2 [0.5, 0, 0.25, 0.25, 0.3333333333333333, 0.3333333333333333, 0.25, 0.25, 0.3333333333333333, 0.5]
Trust scores at iteration 90: [-1.4348572125623478, -2.9663341392440983, -0.23778324484070262, -1.1027226376077364, -4.193164816926808, -2.8308788480984397, -1.1905724207519481, -0.7710794772003116, -4.67706813016132, -4.168243954173764]
X.shape (10, 5)
s1 and s2 score at iteration 90
S_1 [0.0390420889901805, -0.15688068228139537, 0.1248419812908097, 0.12359758156077302, -0.01464677559005561, 0.23913338014412114, 0.2134073218889578, 0.2625665441873164, -0.1602551710287449, 0.23309101825389142]
S_2 [0.3333333333333333, 0.3333333333333333, 0.25, 0.25, 0.25, 0.25, 0.3333333333333333, 0.25, 0.3333333333333333, 0.3333333333333333]
Trust scores at iteration 91: [-1.3765020839674813, -2.8294496483087026, -0.24145812353329194, -1.0203775139198437, -3.8544266451575755, -2.5317156205086255, -1.0902377552527271, -0.6689715294802804, -4.370395433858253, -3.7626454847496085]
X.shape (10, 5)
s1 and s2 score at iteration 91
S_1 [0.3814628418905715, -0.16821968201128593, 0.38201203671614004, 0.2999453402078701, 0.04307492804723403, 0.43542847610215357, 0.3566731372958036, 0.2744593288888054, -0.6642032921977482, 0.3937847964740705]
S_2 [0.14285714285714285, 0.3333333333333333, 0.14285714285714285, 0.14285714285714285, 0.25, 0.14285714285714285, 0.14285714285714285, 0.14285714285714285, 0, 0.14285714285714285]
Trust scores at iteration 92: [-1.1941027035388427, -2.6851378210064447, -0.17243701169988965, -0.8923118056108887, -3.5340914425072363, -2.2214012013149063, -0.9421579825693526, -0.5818995074856961, -4.085896050028259, -3.338801918410486]
X.shape (10, 5)
s1 and s2 score at iteration 92
S_1 [-0.22816778376048552, 0.133287181440985, 0.13347647518974173, -0.2313168229447452, 0.11125649344095281, -0.20937293270471274, -0.23066126597795641, 0.025770560319508196, 0.039475251505623095, 0.04824445845531514]
S_2 [0.3333333333333333, 0.2, 0.2, 0.3333333333333333, 0.25, 0.3333333333333333, 0.3333333333333333, 0.2, 0.2, 0.2]
Trust scores at iteration 93: [-1.3456347534973105, -2.3767658569666144, -0.1151933105299007, -1.0763821919483263, -3.172329412826479, -2.2561223800805297, -1.120752610756525, -0.5644023640030702, -3.707731756714622, -3.028777186202505]
X.shape (10, 5)
s1 and s2 score at iteration 93
S_1 [-0.14704977221018936, -0.15662888848906917, -0.025075500262187227, 0.06542034825145779, -0.16306201379815133, 0.05720209963678978, 0.0994130911764545, -0.09061968655779677, -0.19730472408381003, -0.038409971844869106]
S_2 [0.25, 0.25, 0.25, 0.25, 0.25, 0.25, 0.25, 0.25, 0.25, 0.3333333333333333]
Trust scores at iteration 94: [-1.4339891936554892, -2.371642855647546, -0.20389751891768623, -0.9779373999196008, -3.0941211607155243, -2.047970336238195, -0.9836773496808725, -0.6741168090289249, -3.6104281404833762, -2.8645362018295506]
X.shape (10, 5)
s1 and s2 score at iteration 94
S_1 [0.10732818650762695, 0.08591496648568116, -0.09039791144254265, 0.2192846526437424, -0.2992085347434318, 0.1255319403997622, 0.07261858214582556, 0.2391471390400174, -0.4649316198904157, 0.15475739038251998]
S_2 [0.2, 0.3333333333333333, 0.3333333333333333, 0.2, 0.5, 0.2, 0.2, 0.2, 0.5, 0.3333333333333333]
Trust scores at iteration 95: [-1.2857107131383985, -2.1652196694060395, -0.28797455616338496, -0.8284492104251323, -3.0098238739262757, -1.8306817942887181, -0.8949439651644233, -0.5467051281260324, -3.543797696056829, -2.5800370418433265]
X.shape (10, 5)
s1 and s2 score at iteration 95
S_1 [-0.09308789012077869, -0.1388194571141325, 0.058276856969774186, -0.07112557312465874, 0.01110136016283525, 0.10475121441355345, 0.018418019703700612, -0.31897361527443896, 0.17535816938785886, 0.1939075915147995]
S_2 [0.3333333333333333, 0.3333333333333333, 0.3333333333333333, 0.3333333333333333, 0.2, 0.2, 0.2, 0.3333333333333333, 0.2, 0.2]
Trust scores at iteration 96: [-1.3051459573037925, -2.1202882245433385, -0.32912316789050766, -0.8822844278800488, -2.7631164088942883, -1.6535924114633003, -0.8559512196871076, -0.7565323602354448, -3.158984040898772, -2.282033337658994]
X.shape (10, 5)
s1 and s2 score at iteration 96
S_1 [0.05110053668322259, 0.09450723921417414, 0.16946427794201824, 0.12064249781376181, -0.11676982736630606, 0.1596589122514417, -0.1978360502041604, -0.22111375240354628, -0.04409100571934633, -0.09142079072992365]
S_2 [0.3333333333333333, 0.3333333333333333, 0.3333333333333333, 0.3333333333333333, 0.3333333333333333, 0.3333333333333333, 0.3333333333333333, 0.3333333333333333, 0.3333333333333333, 0.5]
Trust scores at iteration 97: [-1.211143864009252, -1.9191578323096934, -0.26287751776812357, -0.7895321334507522, -2.622376710039506, -1.460685932914681, -0.9537648014719884, -0.8780238804728824, -2.9357701794874203, -2.207776942941336]
X.shape (10, 5)
s1 and s2 score at iteration 97
S_1 [-0.008507949439272753, 0.07736935568786929, -0.004759521688701529, -0.1980867820183547, -0.1477034928337815, -0.10167901769792541, 0.10226309340661291, -0.25407605123307087, 0.09592294911419255, -0.14052815305860702]
S_2 [0.3333333333333333, 0.3333333333333333, 0.3333333333333333, 0.5, 0.5, 0.3333333333333333, 0.3333333333333333, 0.5, 0.3333333333333333, 0.3333333333333333]
Trust scores at iteration 98: [-1.1650158118655718, -1.718251552334308, -0.30791062561278804, -1.0042820200409908, -2.604573837469132, -1.480712856240306, -0.8250549879914563, -1.1386748129435131, -2.6150596644133217, -2.1910841650238075]
X.shape (10, 5)
s1 and s2 score at iteration 98
S_1 [0.11862008201941417, 0.2188521526368727, 0.35397343478093524, 0.3938895772634553, -0.12334208723319035, 0.13649349666387145, 0.07486622483864165, -0.48558648582093966, 0.39165304053701316, 0.20876364753300633]
S_2 [0.2, 0.2, 0.25, 0.2, 0.3333333333333333, 0.2, 0.25, 0.3333333333333333, 0.2, 0.2]
Trust scores at iteration 99: [-1.0783991708077874, -1.5508645936743064, -0.26225340379942574, -0.8638538180368918, -2.4754303280547436, -1.3579888393578963, -0.7985425823940211, -1.2480871831229043, -2.3141215060216416, -1.978975197203621]
X.shape (10, 5)
s1 and s2 score at iteration 99
S_1 [-0.04503472804787388, -0.05823063377744976, -0.14159519523346198, -0.04265742828526306, -0.044721882759423535, -0.14974685416563924, -0.20142157520369752, -0.17428200485219117, -0.006486254522133423, -0.062006189990614434]
S_2 [0.25, 0.25, 0.25, 0.25, 0.25, 0.25, 0.3333333333333333, 0.25, 0.25, 0.25]
Trust scores at iteration 100: [-0.35124903364237814, -0.5730237588233671, 1.871975929875699, -0.19480956485064072, -1.613400279178339, 1.0114899407282725, 2.2866720115580015, 1.4886651982460628, -2.0577093554194774, -0.9001147287733817]
