Matplotlib created a temporary config/cache directory at /tmp/matplotlib-w65uh_ep because the default path (/users/raysuan/.config/matplotlib) is not a writable directory; it is highly recommended to set the MPLCONFIGDIR environment variable to a writable directory, in particular to speed up the import of Matplotlib and to better support multiprocessing.
Loaded dataset for Tower 2 without noise: 552960 chunks
Loaded dataset for Tower 3 without noise: 535674 chunks
Loaded dataset for Tower 4 without noise: 552958 chunks
Loaded dataset for Tower 5 without noise: 518399 chunks
Loaded dataset for Tower 6 without noise: 518400 chunks
Loaded dataset for Tower 7 with same noise: 518398 chunks
Loaded dataset for Tower 8 with same noise: 518398 chunks
Loaded dataset for Tower 9 with same noise: 518399 chunks
Loaded dataset for Tower 10 with random noise: 518399 chunks
Loaded dataset for Tower 11 with random noise: 518396 chunks
W, alpha, th 0.5 0.9 0.1
X.shape (10, 5)
s1 and s2 score at iteration 0
S_1 [-0.23644800833044707, 0.09262767953290613, 0.13136304836337995, 0.35664460235735335, -0.21665800316667794, 0.31109870123151484, 0.09983120307296116, 0.28183199340158643, 0.22131183124501463, 0.30940559292329084]
S_2 [0.3333333333333333, 0.25, 0.25, 0.2, 0.3333333333333333, 0.2, 0.25, 0.2, 0.2, 0.2]
Trust scores at iteration 1: [-0.1662979354706535, -0.04902801586771404, -0.03816696019087487, 0.03999999999999998, -0.16074899262027503, 0.027229331153538067, -0.04700821142024979, 0.01902320448388402, 0.002053884954990281, 0.026754598521379087]
X.shape (10, 5)
s1 and s2 score at iteration 1
S_1 [0.056546777769167694, -0.07207536617053481, -0.114551609551739, -0.030524557339044515, -0.13246235988832408, -0.13426905304243741, -0.09462351316748255, -0.016402226113766922, -0.04252486759366132, -0.14449597092374805]
S_2 [0.25, 0.25, 0.25, 0.25, 0.25, 0.25, 0.3333333333333333, 0.25, 0.5, 0.25]
Trust scores at iteration 2: [-0.09966814192358817, -0.22158670548165632, -0.2869287559460766, -0.06798107291568453, -0.4289268043244762, -0.2629413546711628, -0.27631075923012105, -0.06188558947343396, -0.17335449347435447, -0.28145437999313416]
X.shape (10, 5)
s1 and s2 score at iteration 2
S_1 [0.26038753273556314, 0.05650805022177179, 0.07582527116225439, 0.14778155923535374, 0.35811319726935453, -0.05837312607891801, 0.30731310362760555, -0.413131090649817, 0.36550666763249656, 0.11588839953572647]
S_2 [0.25, 0.25, 0.25, 0.25, 0.25, 0.25, 0.25, 0.5, 0.25, 0.25]
Trust scores at iteration 3: [-0.06846116830481551, -0.23396783810923233, -0.2874906305716499, -0.07075099205915156, -0.3380569242997563, -0.3026176873919511, -0.2146010246007793, -0.2687267307298649, -0.10601904412691904, -0.2716027079362117]
X.shape (10, 5)
s1 and s2 score at iteration 3
S_1 [-0.10599550864155308, 0.17190673336861023, -0.3356889282479486, 0.033658865166877425, -0.12592371610039002, 0.055030236207422305, -0.037528020749355545, -0.2527415581716071, 0.10860080962259998, 0.13445477762781705]
S_2 [0.25, 0.2, 0.3333333333333333, 0.2, 0.3333333333333333, 0.2, 0.5, 0.3333333333333333, 0.2, 0.2]
Trust scores at iteration 4: [-0.17327378151038939, -0.15057105429830914, -0.5206821025572954, -0.08409616813430724, -0.44416908168258895, -0.28034423701058087, -0.31497137637246564, -0.45554321333196984, -0.07224287801167173, -0.2062286435388735]
X.shape (10, 5)
s1 and s2 score at iteration 4
S_1 [-0.11623178541032114, 0.038483913700062315, 0.02288692077554623, 0.09301188589638928, -0.21611228863968174, 0.07627698441300879, 0.28016176306620133, -0.28972379247424873, 0.27451568400633486, 0.22534493938308298]
S_2 [0.25, 0.2, 0.25, 0.2, 0.5, 0.25, 0.2, 0.3333333333333333, 0.2, 0.2]
Trust scores at iteration 5: [-0.24743378698309496, -0.161777629793784, -0.5104447115664568, -0.08248720074625479, -0.5768905689450495, -0.27508376233875387, -0.2234742387352191, -0.5800685973697212, -0.007033882732251133, -0.14517191236575333]
X.shape (10, 5)
s1 and s2 score at iteration 5
S_1 [0.12132087924551133, -0.03623901170677271, 0.1725534743980518, -0.02320004211150792, 0.14798674754747568, -0.1370614220683717, -0.06511033089699715, 0.046339603255257135, -0.39617577952901734, 0.09181140722686919]
S_2 [0.2, 0.5, 0.2, 0.3333333333333333, 0.2, 0.5, 0.2, 0.25, 0.5, 0.2]
Trust scores at iteration 6: [-0.19238125938544515, -0.2666014791164421, -0.3994002404098111, -0.15435027916913313, -0.4734386793613023, -0.4270066595385238, -0.2788602369930874, -0.5452065245361066, -0.3359264390849258, -0.11744721108213269]
X.shape (10, 5)
s1 and s2 score at iteration 6
S_1 [0.18397452379327306, 0.01481522614064277, -0.12556522983690802, 0.08883776960790064, -0.13586438035111997, -0.05116850629291056, 0.01918988880364097, -0.14823414179148062, 0.045397498108148096, -0.1332570390430943]
S_2 [0.25, 0.25, 0.5, 0.25, 0.3333333333333333, 0.3333333333333333, 0.25, 0.5, 0.25, 0.3333333333333333]
Trust scores at iteration 7: [-0.12314313344690064, -0.2818884628863071, -0.527711639037548, -0.1406271688720066, -0.5666110402756697, -0.47878548196050424, -0.29054348168595884, -0.671259061638919, -0.3276578252801013, -0.2448014892785721]
X.shape (10, 5)
s1 and s2 score at iteration 7
S_1 [-0.31197753298957104, 0.09924136811896786, 0.13838056003968502, 0.0736224979533703, -0.037434436816955186, -0.33875896614375295, -0.14650142561132984, -0.00925073177246809, 0.13461490877776677, 0.16797596395036948]
S_2 [0.3333333333333333, 0.16666666666666666, 0.16666666666666666, 0.16666666666666666, 0.3333333333333333, 0.3333333333333333, 0.3333333333333333, 0.16666666666666666, 0.16666666666666666, 0.16666666666666666]
Trust scores at iteration 8: [-0.39655630494745214, -0.2446189208927302, -0.44255930774214713, -0.1327352658191454, -0.632235527553306, -0.7325780289479547, -0.44870484114956644, -0.6596403313559771, -0.26475265518022384, -0.1703213403507149]
X.shape (10, 5)
s1 and s2 score at iteration 8
S_1 [-0.18280961273800245, 0.057614363770606546, -0.20368791155385807, -0.08606565217382342, -0.00762570802848592, -0.10022982027155412, 0.05671649856937284, -0.08602455945726722, -0.10580040886725744, 0.1063617460664008]
S_2 [0.3333333333333333, 0.3333333333333333, 0.3333333333333333, 0.25, 0.25, 0.3333333333333333, 0.25, 0.25, 0.25, 0.3333333333333333]
Trust scores at iteration 9: [-0.6287760145057706, -0.2659887155692627, -0.6898082357041714, -0.27537960243223075, -0.6511815713028366, -0.8535550651549744, -0.4255102055732703, -0.7495555265508007, -0.41274962736052495, -0.1532892063156434]
X.shape (10, 5)
s1 and s2 score at iteration 9
S_1 [-0.08299808945522184, 0.03841100752395959, 0.20296106697338853, 0.013896373026928496, -0.0389759786449163, 0.08209056360709083, 0.11849507908013458, 0.2488299953568922, -0.2805719339439934, 0.2917883851303766]
S_2 [0.25, 0.25, 0.25, 0.25, 0.3333333333333333, 0.25, 0.25, 0.25, 0.25, 0.25]
Trust scores at iteration 10: [-0.6693430303480089, -0.3012258493225557, -0.6262697884186424, -0.31807915891856514, -0.6994210324435821, -0.8150659632702126, -0.4173492481169167, -0.6643224206971209, -0.5426306284126228, -0.11296028568407909]
X.shape (10, 5)
s1 and s2 score at iteration 10
S_1 [-0.06838709105682249, -0.009206699542000263, -0.237181138368335, -0.051152857343564076, -0.004108715987454165, -0.16467948220865905, -0.10987877284485649, 0.006054285203747635, -0.06826906598477685, -0.15508409234563922]
S_2 [0.3333333333333333, 0.3333333333333333, 0.3333333333333333, 0.3333333333333333, 0.3333333333333333, 0.3333333333333333, 0.3333333333333333, 0.3333333333333333, 0.3333333333333333, 0.3333333333333333]
Trust scores at iteration 11: [-1.8319737999082437, -0.5231724060339952, -4.581217393303335, -1.2311745738427093, -0.7973435217841726, -3.553607674325895, -2.2905069018187203, -0.5978901786274088, -1.7159831913188546, -2.763223336784421]
X.shape (10, 5)
s1 and s2 score at iteration 11
S_1 [-0.1751772127958285, 0.010487043294947287, -0.2895090908208345, -0.13777971543449857, -0.007627315548877572, 0.03295171394817506, 0.04074839379809004, 0.06730364773666248, 0.0736400456478331, -0.135559147080043]
S_2 [0.3333333333333333, 0.3333333333333333, 0.5, 0.3333333333333333, 0.25, 0.25, 0.3333333333333333, 0.25, 0.25, 0.3333333333333333]
Trust scores at iteration 12: [-1.953326172145404, -0.5232808804483468, -4.616236489606574, -1.361822683217317, -0.7779667345444755, -3.203499903196758, -2.0727883202656776, -0.4967057153319927, -1.494384872186969, -2.7376511339903673]
X.shape (10, 5)
s1 and s2 score at iteration 12
S_1 [0.13647962062344338, 0.3388153406721433, -0.6236707926467084, 0.04683938292845443, 0.24271863542144376, 0.3296933718456559, 0.2870745954886258, 0.3644533462241685, 0.3187049683358848, -0.14041300819981983]
S_2 [0.25, 0.16666666666666666, 0.5, 0.16666666666666666, 0.16666666666666666, 0.16666666666666666, 0.16666666666666666, 0.16666666666666666, 0.16666666666666666, 0.3333333333333333]
Trust scores at iteration 13: [-1.7705457932248982, -0.4113207725078633, -4.425737841721665, -1.2461217924398655, -0.666905395547491, -2.8260208110972895, -1.82007427726827, -0.3803684771321268, -1.2908323202634886, -2.5690797057788957]
X.shape (10, 5)
s1 and s2 score at iteration 13
S_1 [-0.02446346652499546, 0.11889686334515377, -0.23753838291942975, -0.18219512326943837, -0.09046524354470835, 0.03905651128974814, 0.185316561125745, 0.18505552800787375, 0.2510243380626018, 0.15064764532318053]
S_2 [0.2, 0.25, 0.25, 0.25, 0.25, 0.2, 0.2, 0.2, 0.25, 0.2]
Trust scores at iteration 14: [-1.6832366699461545, -0.4228240196790848, -4.177791687982764, -1.2940902739698958, -0.7362532912468356, -2.6078598755787867, -1.6442427086011613, -0.3486114756536949, -1.1617490882371397, -2.332158572140454]
X.shape (10, 5)
s1 and s2 score at iteration 14
S_1 [0.348645242711139, 0.2171363631423848, 0.23291496530615785, -0.09961784746567073, 0.33665976530195274, -0.40519823569878394, -0.44192578959307205, 0.312976740463877, 0.3243880494207563, 0.19544039402098667]
S_2 [0.14285714285714285, 0.14285714285714285, 0.14285714285714285, 0.3333333333333333, 0.14285714285714285, 0.3333333333333333, 0.3333333333333333, 0.14285714285714285, 0.14285714285714285, 0.14285714285714285]
Trust scores at iteration 15: [-1.457770145808682, -0.36111873017011653, -3.7360639418502517, -1.293254086601074, -0.6089228336332082, -2.5632946723769137, -1.7065735846509997, -0.2668380715324421, -0.9953888797871302, -2.085742763041285]
X.shape (10, 5)
s1 and s2 score at iteration 15
S_1 [0.07779930569517296, 0.005826598151978384, 0.057753604957802435, -0.1294925590070909, -0.08404899594996867, -0.15918083541433678, -0.19508256490525688, -0.26482287509134284, 0.022386506116695085, -0.06063936415896665]
S_2 [0.25, 0.25, 0.25, 0.3333333333333333, 0.3333333333333333, 0.25, 0.3333333333333333, 0.3333333333333333, 0.25, 0.3333333333333333]
Trust scores at iteration 16: [-1.286993131227814, -0.39251758960770067, -3.363223459787774, -1.4303730412293207, -0.7560636428520793, -2.5865696472894215, -1.8866672620236922, -0.6805466017208068, -0.9420753055606914, -2.0551118097747154]
X.shape (10, 5)
s1 and s2 score at iteration 16
S_1 [-0.19937493915231502, 0.03012142549350442, -0.22000609043797031, -0.013678452971372913, -0.05223425314899157, -0.02439434945550586, -0.08895056830809712, -0.24966114887238713, -0.004063299361871183, -0.09623271624240443]
S_2 [0.3333333333333333, 0.25, 0.3333333333333333, 0.25, 0.5, 0.25, 0.5, 0.3333333333333333, 0.25, 0.5]
Trust scores at iteration 17: [-1.8868645476963093, -0.30326583064693063, -3.8239651200219402, -1.3827467784076133, -0.9538695666415367, -2.458899385732168, -2.093307171715029, -1.5080076576278305, -0.9113575063015272, -2.269083238487003]
X.shape (10, 5)
s1 and s2 score at iteration 17
S_1 [-0.11330853965565003, 0.02318711980240633, 0.16883090362086955, -0.18252305527710563, 0.13727869629205897, 0.1812072669446425, -0.09440143521701927, 0.22963177244614316, -0.2350087349170453, -0.013236461425797054]
S_2 [0.5, 0.25, 0.25, 0.5, 0.25, 0.25, 0.25, 0.25, 0.3333333333333333, 0.3333333333333333]
Trust scores at iteration 18: [-1.8475216739340605, -0.3128417251203385, -3.4180461586555295, -1.4239572054949663, -0.848700509778572, -2.1840973414802205, -1.9750863733545914, -1.3072068918650475, -0.9892299809183823, -2.1146057929751563]
X.shape (10, 5)
s1 and s2 score at iteration 18
S_1 [0.12397904310633587, -0.08814723313727793, 0.13553982980089968, -0.2911434381456189, -0.17666373316152562, 0.0022541671897037263, 0.12829225164320426, 0.032677493683493965, -0.18486621794473382, -0.20105828329183667]
S_2 [0.25, 0.25, 0.25, 0.3333333333333333, 0.3333333333333333, 0.25, 0.25, 0.25, 0.3333333333333333, 0.3333333333333333]
Trust scores at iteration 19: [-1.6462989452388925, -0.42159174459951576, -3.0512415427899766, -1.5963643503270273, -0.9941712843875807, -2.039024504174245, -1.7579249303961222, -1.2273770579854326, -1.1266995238355535, -2.1514841068186312]
X.shape (10, 5)
s1 and s2 score at iteration 19
S_1 [-0.02422469480609167, -0.20179027668427738, 0.13203825419015944, 0.13256357820601578, 0.05635024896020954, -0.03726619930347676, -0.2585467765126654, -0.10788751148000945, -0.10917297842883991, 0.1161839917174544]
S_2 [0.25, 0.5, 0.25, 0.25, 0.25, 0.25, 0.5, 0.25, 0.25, 0.25]
Trust scores at iteration 20: [-1.549943070724062, -0.6316540772949286, -2.6965136693167366, -1.3867279152943246, -0.9022460630602646, -1.9132339980840638, -1.877168494780111, -1.2360248375065015, -1.1463847552108246, -1.8986917193448216]
X.shape (10, 5)
s1 and s2 score at iteration 20
S_1 [0.13735077450816563, 0.19594315595656178, 0.03577388800288916, 0.07649939021284136, 0.055348537442234, -0.23135992058716923, -0.20613812946365717, -0.2201493979142217, -0.02304947256268743, -0.011831375517230921]
S_2 [0.25, 0.25, 0.25, 0.25, 0.25, 0.3333333333333333, 0.3333333333333333, 0.3333333333333333, 0.25, 0.25]
Trust scores at iteration 21: [-1.3998515082320204, -0.5434886695654357, -2.4836050237226637, -1.2840134997595096, -0.8587742147558984, -1.9399856182771007, -1.8946546713824575, -1.3247760600333118, -1.1185096262838927, -1.7898607146836347]
X.shape (10, 5)
s1 and s2 score at iteration 21
S_1 [0.04416236735708041, -0.21696016893434897, -0.00963734202777485, 0.07340529341305532, -0.025597408278955142, 0.08707860684262184, 0.12584536993889703, -0.19228513433811634, -0.13867270286069425, -0.22293382161723388]
S_2 [0.25, 0.5, 0.25, 0.25, 0.25, 0.25, 0.25, 0.3333333333333333, 0.3333333333333333, 0.5]
Trust scores at iteration 22: [-1.2747737931146192, -0.7615419887518482, -2.2929026036719433, -1.1472823968107664, -0.8432371588347852, -1.7267921334379983, -1.6551892042442118, -1.411759883373636, -1.1835182622735207, -1.88802364895579]
X.shape (10, 5)
s1 and s2 score at iteration 22
S_1 [0.22502584883991966, 0.08450597926062729, 0.31896012230484816, -0.5058222130939792, 0.11726457106294544, -0.36421188433402185, 0.3085669339676763, 0.3021182938724043, 0.2798609591692963, 0.0848369820153177]
S_2 [0.2, 0.2, 0.2, 0.5, 0.25, 0.5, 0.2, 0.2, 0.2, 0.2]
Trust scores at iteration 23: [-1.1167465760322621, -0.6988935752864582, -2.003612343304749, -1.2911389386499752, -0.772148793434754, -1.7683001989622207, -1.432928743925107, -1.2158641251511666, -1.0174247593917383, -1.712623293878155]
X.shape (10, 5)
s1 and s2 score at iteration 23
S_1 [0.14062228712238037, 0.17060175123799434, -0.0753179297048876, -0.0256289806539852, 0.25469035130560175, 0.3378956011119017, 0.13753643688196152, 0.29892567646295387, 0.0053464515101570515, 0.15430648587867032]
S_2 [0.25, 0.2, 0.25, 0.2, 0.2, 0.2, 0.25, 0.25, 0.25, 0.2]
Trust scores at iteration 24: [-1.06345483709988, -0.6585147320478474, -1.9255414049879072, -1.2496099262009088, -0.6995584577469223, -1.5714701790659986, -1.3489320437268224, -1.1058108384064687, -1.0141000043425186, -1.5756940527664522]
X.shape (10, 5)
s1 and s2 score at iteration 24
S_1 [0.16962195415737866, -0.38657976739803357, 0.09639820832917756, -0.11073224723507367, 0.18459304943717147, 0.14855634920521846, 0.051424863161055795, -0.45355487943168415, 0.1906522086531687, 0.1356575170511776]
S_2 [0.16666666666666666, 0.3333333333333333, 0.16666666666666666, 0.3333333333333333, 0.16666666666666666, 0.16666666666666666, 0.2, 0.3333333333333333, 0.16666666666666666, 0.16666666666666666]
Trust scores at iteration 25: [-0.9181400435897878, -0.8954302606674648, -1.7324249295389123, -1.2827296912165798, -0.5827807336728918, -1.386403083414341, -1.2470657119383404, -1.3331262272244646, -0.8626900039082668, -1.3969702045334376]
X.shape (10, 5)
s1 and s2 score at iteration 25
S_1 [-0.10052548548737757, -0.14521236555865136, -0.059290462477628286, -0.19073296601895365, -0.07176120019749382, 0.055299224942579, 0.020178336374318144, -0.1986157601446224, -0.05795686246153467, -0.10265931917888434]
S_2 [0.3333333333333333, 0.3333333333333333, 0.25, 0.3333333333333333, 0.25, 0.25, 0.25, 0.3333333333333333, 0.3333333333333333, 0.25]
Trust scores at iteration 26: [-1.1081106584397764, -1.168481087786609, -1.7413999654729821, -1.5993674621948144, -0.7292715680470916, -1.222762775072907, -1.1608697751245167, -1.6589791449790479, -0.9812269253395186, -1.5179165078074743]
X.shape (10, 5)
s1 and s2 score at iteration 26
S_1 [-0.19624686021483537, 0.12156931238743877, 0.052594030916107926, -0.06012554299740702, 0.0966421140869358, 0.08090199573493471, -0.2661135691768699, -0.19375765448914378, 0.01803831726769746, 0.042325484485249004]
S_2 [0.25, 0.2, 0.2, 0.25, 0.2, 0.2, 0.25, 0.25, 0.2, 0.3333333333333333]
Trust scores at iteration 27: [-1.2337275519720934, -1.0116329790079481, -1.583997380791195, -1.5638885452717497, -0.6368489265768613, -1.0939384566610977, -1.3386814357229493, -1.7274616289419342, -0.9282663457488317, -1.4313089288504135]
X.shape (10, 5)
s1 and s2 score at iteration 27
S_1 [0.34801028988106375, 0.19691049951627163, 0.22529635533828973, 0.31853858693084, 0.16429351967854952, 0.3206052689543942, 0.022886957935481417, 0.05798495650911595, -0.5035050715375265, -0.06835818160318384]
S_2 [0.2, 0.2, 0.2, 0.2, 0.2, 0.2, 0.25, 0.25, 0, 0.25]
Trust scores at iteration 28: [-1.0903547967748841, -0.9338878772807298, -1.440859224944231, -1.3959683204969582, -0.6059546483189108, -0.9724193841621939, -1.298236774558803, -1.63805361489129, -0.9801207985376598, -1.4078206107945666]
X.shape (10, 5)
s1 and s2 score at iteration 28
S_1 [0.08512966291052308, 0.01998782523291797, -0.1915912376133385, -0.040649286085459035, 0.03191229539530211, 0.001197492187744424, -0.09089650198200942, -0.24657394376677377, -0.18551133718792434, -0.09548846432514124]
S_2 [0.25, 0.25, 0.5, 0.3333333333333333, 0.3333333333333333, 0.25, 0.25, 0.5, 0.5, 0.5]
Trust scores at iteration 29: [-0.9313193170973957, -0.8670198174052662, -1.6218314444216766, -1.3707880048087224, -0.5745391571441721, -0.9237707772043604, -1.325187280007356, -1.863893408024633, -1.2000249312535465, -1.479206812880331]
X.shape (10, 5)
s1 and s2 score at iteration 29
S_1 [-0.04617481876160052, -0.06784619935636949, 0.2754181441719499, 0.16318339085420416, -0.19081445444940512, 0.19508693950808653, 0.3134809475325164, 0.1499942631750653, -0.08895956504361838, -0.06801437585753077]
S_2 [0.25, 0.25, 0.25, 0.25, 0.5, 0.25, 0.25, 0.25, 0.25, 0.25]
Trust scores at iteration 30: [-0.9029170903745313, -0.8519606818697174, -1.4217902829804436, -1.2316539224554877, -0.6779547953695881, -0.8191612285654643, -1.1426685520066204, -1.6796560993135277, -1.1584004195474265, -1.40298262587461]
X.shape (10, 5)
s1 and s2 score at iteration 30
S_1 [-0.16750333405266504, 0.16862423733160933, 0.2817050806849233, 0.1458951161565374, 0.1594894550483113, 0.078757023224508, 0.11458740863417659, -0.3307121891145385, 0.07449837240689162, -0.2152632461180996]
S_2 [0.5, 0.25, 0.25, 0.25, 0.25, 0.25, 0.25, 0.25, 0.25, 0.5]
Trust scores at iteration 31: [-0.9720859113514485, -0.756906184107523, -1.2296112546823992, -1.1066985107321874, -0.6035435619880282, -0.7592878452175479, -1.0377253240704811, -1.67908709022106, -1.066114857964227, -1.439098762912005]
X.shape (10, 5)
s1 and s2 score at iteration 31
S_1 [-0.049236612599056685, 0.09805135071770699, -0.11131628571399024, 0.05726260760933434, -0.14831118095632828, -0.10954947459071987, -0.16606906568681307, -0.10399266207167474, 0.01988991785048078, 0.08684181891918746]
S_2 [0.3333333333333333, 0.3333333333333333, 0.3333333333333333, 0.3333333333333333, 0.3333333333333333, 0.5, 0.5, 0.5, 0.3333333333333333, 0.3333333333333333]
Trust scores at iteration 32: [-0.9917591162398423, -0.6478822323634373, -1.2868453550482293, -1.0042946952377525, -0.7611145546369473, -0.8950856955548235, -1.2033222745631957, -1.7172377687652436, -1.005884833475348, -1.2732878606615858]
X.shape (10, 5)
s1 and s2 score at iteration 32
S_1 [0.09530436777102022, 0.056088347153640195, -0.1558487122725931, 0.19873362248856521, 0.10499721387074477, 0.29822420555130086, 0.14579172003501398, -0.21689592012996062, 0.1883113874612727, 0.2515654666797713]
S_2 [0.2, 0.25, 0.2, 0.2, 0.25, 0.2, 0.25, 0.25, 0.25, 0.2]
Trust scores at iteration 33: [-0.9406259167777231, -0.6642865662335986, -1.2904197272281428, -0.917226227675175, -0.7497956237516498, -0.7855771259993412, -1.134103431828448, -1.7182431386489576, -0.9421521170454724, -1.1416045983332728]
X.shape (10, 5)
s1 and s2 score at iteration 33
S_1 [0.006092225731146341, 0.04980849968821784, -0.22401990772872946, -0.12507649200754742, -0.18364508475305089, -0.25669106643664036, -0.09866663733606545, 0.07526142754109572, 0.051270673600692554, -0.04326684768730853]
S_2 [0.25, 0.25, 0.3333333333333333, 0.3333333333333333, 0.3333333333333333, 0.3333333333333333, 0.25, 0.25, 0.25, 0.25]
Trust scores at iteration 34: [-0.9134685733390707, -0.6066772626101264, -1.5590334262721253, -1.0916929745409276, -1.0188256300931735, -1.1480853150479997, -1.2267916348194576, -1.5214188247840619, -0.8548134651195757, -1.1599328802112068]
X.shape (10, 5)
s1 and s2 score at iteration 34
S_1 [-0.3196240197237109, 0.10345300333589033, -0.07734358583324935, -0.1714631290492318, -0.13154215128251348, -0.00772806661956819, 0.012337505739243887, 0.04255554809468351, -0.1758659652992377, 0.10069280145039018]
S_2 [0.3333333333333333, 0.3333333333333333, 0.3333333333333333, 0.5, 0.25, 0.25, 0.3333333333333333, 0.25, 0.3333333333333333, 0.25]
Trust scores at iteration 35: [-1.197744149461856, -0.5126762030157805, -1.5445588000726007, -1.248263794357792, -1.0940946693002012, -1.090746906565609, -1.1588534274482591, -1.3781417923124606, -1.0059947830977964, -0.9966076654180216]
X.shape (10, 5)
s1 and s2 score at iteration 35
S_1 [0.2694582030920377, -0.03030047060912961, -0.37989730846257264, 0.23264098017835227, -0.0014279781064404516, 0.375340725541155, 0.28920991150341496, 0.32012386704104895, 0.31016190235108265, -0.024299528667232406]
S_2 [0.16666666666666666, 0.3333333333333333, 0.5, 0.16666666666666666, 0.3333333333333333, 0.16666666666666666, 0.16666666666666666, 0.16666666666666666, 0.16666666666666666, 0.25]
Trust scores at iteration 36: [-1.0395127757874267, -0.5361480399274967, -1.5913169058151813, -1.094789469820149, -1.0517323175225222, -0.9150055492423815, -0.9992487851026663, -1.1883720754614948, -0.8560938795552765, -0.953420890908978]
X.shape (10, 5)
s1 and s2 score at iteration 36
S_1 [0.146410818482122, 0.161598113150242, -0.20016202532236346, -0.2624128369492571, -0.145331491263469, 0.05712955550949718, -0.22654177774458864, 0.04593562164997685, 0.1476736888148616, 0.16495470463009465]
S_2 [0.2, 0.2, 0.3333333333333333, 0.3333333333333333, 0.25, 0.2, 0.3333333333333333, 0.2, 0.2, 0.2]
Trust scores at iteration 37: [-0.9068033031572345, -0.4445680924048185, -1.653528844547674, -1.2443922765460438, -1.1096629634919573, -0.8488715137892865, -1.1366596547619356, -1.1016874526185305, -0.7409607104223555, -0.8180788018180802]
X.shape (10, 5)
s1 and s2 score at iteration 37
S_1 [-0.026974247936637066, 0.07478218106330384, -0.01384853609236011, -0.015743513989342026, -0.13667297693605754, -0.22380868578831267, 0.08724552759390553, -0.12860918683368922, 0.07612768802008332, -0.13985605523069303]
S_2 [0.2, 0.25, 0.25, 0.2, 0.25, 0.3333333333333333, 0.2, 0.2, 0.2, 0.3333333333333333]
Trust scores at iteration 38: [-0.9070406011492815, -0.3893966532850995, -1.5790490214110977, -1.1979981159837287, -1.2303499429097644, -1.120511764972534, -0.982993689285742, -1.1989293430425727, -0.6396078021306182, -0.9965726116915714]
X.shape (10, 5)
s1 and s2 score at iteration 38
S_1 [0.00031629475703500966, 0.1119398280449281, -0.18523147841891136, -0.011240667805144532, -0.02738856378673601, -0.12067545939910818, -0.09034362303960744, 0.014967993046160557, 0.05325835007578264, -0.2557646226154639]
S_2 [0.25, 0.25, 0.25, 0.25, 0.25, 0.25, 0.25, 0.25, 0.25, 0.25]
Trust scores at iteration 39: [-0.9160539831972018, -0.3504569879565895, -1.6866182687787463, -1.1882400098278842, -1.2317821684324037, -1.2162644519497483, -1.0654016294691195, -1.165664945419511, -0.6280693625572017, -1.225399373664571]
X.shape (10, 5)
s1 and s2 score at iteration 39
S_1 [-0.15169067558727192, -0.08050658651646897, -0.06819224049905273, -0.15666049183674902, -0.0498393607812415, -0.15253044064226437, -0.09148782573349824, -0.1569366108132081, -0.05633048065703845, -0.10392981738292527]
S_2 [0.25, 0.25, 0.25, 0.25, 0.3333333333333333, 0.25, 0.25, 0.25, 0.3333333333333333, 0.25]
Trust scores at iteration 40: [-0.5950893932476301, -0.22887914818939153, -1.4561323746774437, -0.830085147892897, -1.1086039515891635, -0.8635938716548834, -0.8502960589820444, -0.8092135720324127, -0.5522383429784866, -0.9693298409064285]
X.shape (10, 5)
s1 and s2 score at iteration 40
S_1 [0.08403780255259197, 0.15608225440410262, 0.16717836361301497, -0.06637053957766999, 0.1864264265164437, 0.29001623638521135, 0.158871028190847, -0.4865946418420827, 0.26067092272921216, 0.09829051151340158]
S_2 [0.2, 0.25, 0.2, 0.3333333333333333, 0.2, 0.2, 0.2, 0.5, 0.2, 0.2]
Trust scores at iteration 41: [-0.5466035236654282, -0.2021727794971362, -1.2928746529915944, -0.8366284114470953, -0.9734621807251902, -0.7172344844893952, -0.7504864069143462, -0.9960740769438732, -0.44713301584484433, -0.8785054744785401]
X.shape (10, 5)
s1 and s2 score at iteration 41
S_1 [0.16866839794238528, 0.20698956548566755, -0.010325488876770872, 0.2143830226210802, 0.2182213527507631, -0.31168615020790613, -0.21458973992149266, 0.11552052334201852, 0.16124340942991428, -0.15703760470197092]
S_2 [0.2, 0.2, 0.25, 0.2, 0.2, 0.3333333333333333, 0.25, 0.25, 0.2, 0.3333333333333333]
Trust scores at iteration 42: [-0.4746508276229545, -0.14710247141243105, -1.2433188460506177, -0.7147244862294018, -0.8361159626526713, -0.8883413073585388, -0.8487735785604795, -0.9185293549647753, -0.3885298737853652, -0.9626174562343832]
X.shape (10, 5)
s1 and s2 score at iteration 42
S_1 [0.047623427151081, 0.2025186700216766, 0.022318004093566508, 0.16150380832503247, 0.07902102727795547, -0.12665367251519546, 0.05712891459004029, -0.15249523737667553, -0.08926839099744524, -0.29452321433327655]
S_2 [0.25, 0.25, 0.25, 0.25, 0.25, 0.25, 0.25, 0.5, 0.25, 0.5]
Trust scores at iteration 43: [-0.4536701711380074, -0.08239222427118795, -1.1579667408944443, -0.6135044230740603, -0.7634852343392342, -0.9120464341151615, -0.785687011852761, -1.001975767108865, -0.44375597846678067, -1.111785864927953]
X.shape (10, 5)
s1 and s2 score at iteration 43
S_1 [0.08659596635927927, 0.027405263853494774, -0.04016045916627734, -0.06710084567191266, 0.029472639477338396, -0.18649134515069837, -0.2683134692517237, -0.19219775856973517, -0.03461058302157037, 0.007269623769366684]
S_2 [0.25, 0.25, 0.25, 0.3333333333333333, 0.25, 0.3333333333333333, 0.3333333333333333, 0.3333333333333333, 0.3333333333333333, 0.25]
Trust scores at iteration 44: [-0.38330315402420667, -0.11750572656591973, -1.1635468911014746, -0.7296412454661634, -0.7281020546546271, -1.1361997952288927, -1.1169635384908156, -1.22372589379599, -0.5393482734408537, -1.0672124026978682]
X.shape (10, 5)
s1 and s2 score at iteration 44
S_1 [0.006015783659579283, -0.14563807783233784, -0.17756373150430804, -0.2430188540198327, -0.15996281374282317, 0.03173796970072128, 0.08387385903181564, -0.12492067980062756, -0.009242985964238571, 0.026655109659989726]
S_2 [0.2, 0.3333333333333333, 0.3333333333333333, 0.3333333333333333, 0.5, 0.2, 0.2, 0.3333333333333333, 0.2, 0.2]
Trust scores at iteration 45: [-0.3778004207444861, -0.34606123518441645, -1.3255621735422405, -1.0130870482696752, -0.9460101678516512, -1.0247396947588057, -0.9452671846417341, -1.316958724161346, -0.536433549465009, -0.9687111656952749]
X.shape (10, 5)
s1 and s2 score at iteration 45
S_1 [-0.05724226736911972, 0.2699216039144956, -0.6092923491007833, -0.081125005820511, 0.387719405204912, 0.35045228110674786, 0.364033868270161, -0.0941500044705332, 0.36519420446965706, 0.30147268473537336]
S_2 [0.25, 0.16666666666666666, 0, 0.5, 0.16666666666666666, 0.16666666666666666, 0.16666666666666666, 0.2, 0.16666666666666666, 0.16666666666666666]
Trust scores at iteration 46: [-0.40478421731228104, -0.27517067495969916, -1.3501537132828072, -1.0327019817057026, -0.7847424843998194, -0.8652109386506015, -0.7901827372160453, -1.2495458778735464, -0.421933193407103, -0.8274180055838781]
X.shape (10, 5)
s1 and s2 score at iteration 46
S_1 [-0.019399253570531863, -0.11639728639714801, -0.051230631417300616, -0.04424822033254596, -0.1767354361304361, -0.14206767465400358, -0.04254582146623972, -0.18203773135271792, -0.12225283809877811, -0.04393086700417624]
S_2 [0.25, 0.25, 0.25, 0.3333333333333333, 0.3333333333333333, 0.3333333333333333, 0.25, 0.5, 0.3333333333333333, 0.3333333333333333]
Trust scores at iteration 47: [-0.3143057955810529, 0.30235549069023016, -1.001052761388057, -0.7680060642155643, 0.13810755314562584, -0.11302073297767301, -0.5418476670437347, -0.28621636400532713, 0.18378697498284619, -0.5848863905473941]
X.shape (10, 5)
s1 and s2 score at iteration 47
S_1 [0.18535839322700742, -0.2994470959288153, 0.2645740613254812, -0.4065515589590755, -0.09774944592218236, 0.1744129617523545, 0.22384511321509207, -0.0679565227738499, 0.11788771112925062, 0.13104111530083812]
S_2 [0.2, 0.5, 0.2, 0.5, 0.3333333333333333, 0.2, 0.2, 0.3333333333333333, 0.25, 0.2]
Trust scores at iteration 48: [-0.2528160453323719, 0.05893912017989708, -0.8409474852492514, -0.9448681248454587, 0.02068416396244549, -0.07579648995602256, -0.4430570579927391, -0.34994664944477494, 0.15996582425942255, -0.5168686651399187]
X.shape (10, 5)
s1 and s2 score at iteration 48
S_1 [-0.1528167857985133, -0.14619780830944787, 0.12237525690055223, -0.11231341594387473, 0.04041595168363459, 0.10951578339879417, -0.21804373388686116, 0.13734482286217464, 0.11626097639116113, 0.10662845467041694]
S_2 [0.3333333333333333, 0.5, 0.2, 0.5, 0.3333333333333333, 0.2, 0.5, 0.2, 0.2, 0.2]
Trust scores at iteration 49: [-0.40546615744286874, -0.15340060119790888, -0.7077519942643389, -1.0321560845025473, -0.01862428994809355, -0.02847900948154971, -0.6575077795148413, -0.25495198450029743, 0.1886182107340619, -0.4275462151009341]
X.shape (10, 5)
s1 and s2 score at iteration 49
S_1 [0.151385445461301, 0.21823096732354474, -0.40797939364601626, 0.0965981640014548, -0.15258215486682575, 0.1268096742375321, 0.09432650489409099, 0.23492661264984666, 0.045683964552576124, -0.1331992124438576]
S_2 [0.2, 0.2, 0.5, 0.25, 0.5, 0.2, 0.2, 0.2, 0.2, 0.5]
Trust scores at iteration 50: [-0.34048007962412635, -0.08516729034674447, -0.910639279919619, -0.9378220336111067, -0.18171072015053755, -0.011652688290925516, -0.5916055245424533, -0.1694567860502677, 0.14920244731980525, -0.5414898156191761]
X.shape (10, 5)
s1 and s2 score at iteration 50
S_1 [-0.1381252057261909, 0.14665537747003385, -0.24346388649989598, 0.02870718466348155, 0.1205976590015046, -0.355521334973115, 0.27036362201209363, 0.15982205998061993, 0.1312917651445057, 0.1916146951227066]
S_2 [0.25, 0.2, 0.5, 0.25, 0.2, 0.5, 0.2, 0.2, 0.2, 0.2]
Trust scores at iteration 51: [-0.407520751676517, -0.062406807519086074, -1.0096258863479297, -0.8834218393938899, -0.15893392118745892, -0.24198489398420495, -0.47244497208820796, -0.13339736322506957, 0.14284338258956064, -0.4564678764837964]
X.shape (10, 5)
s1 and s2 score at iteration 51
S_1 [0.0626350610518341, 0.07380244775149729, 0.017596325002692197, -0.164606379082266, -0.016953629967395467, 0.12140793132248565, 0.09120000941793455, -0.26206148463343987, -0.22141601654033113, 0.02560857333593953]
S_2 [0.25, 0.25, 0.25, 0.3333333333333333, 0.25, 0.25, 0.25, 0.3333333333333333, 0.3333333333333333, 0.25]
Trust scores at iteration 52: [-0.3901780922945096, -0.07037730766156065, -0.9691697429585033, -1.030660895731988, -0.23200471557837601, -0.19278640458578447, -0.4250818163004121, -0.4359096571437731, -0.15381455690653564, -0.4647280901680417]
X.shape (10, 5)
s1 and s2 score at iteration 52
S_1 [-0.1834437489676726, -0.24443956222133809, -0.09218838142197316, -0.012015295473701025, -0.044961230729321136, -0.07956272590906306, -0.032357081177805655, -0.08158765549522029, -0.04907254811803351, -0.12698551295633206]
S_2 [0.5, 0.5, 0.3333333333333333, 0.3333333333333333, 0.3333333333333333, 0.3333333333333333, 0.3333333333333333, 0.3333333333333333, 0.3333333333333333, 0.3333333333333333]
Trust scores at iteration 53: [1.0755915922358248, 1.8710636781586656, -0.17166088872300211, -0.894261472825456, 0.09872904825456111, 0.4220042570562035, -0.1799412129490029, 0.22004626184036458, 0.20331755506588034, 0.5719435552758552]
X.shape (10, 5)
s1 and s2 score at iteration 53
S_1 [-0.17177381435153874, 0.2666198858185283, -0.11094947689311635, 0.2032452655354238, -0.19857258688196083, 0.28730923332561065, -0.1376391942031678, 0.07194029374124351, 0.21574404666670946, 0.00896982716457888]
S_2 [0.3333333333333333, 0.16666666666666666, 0.25, 0.16666666666666666, 0.3333333333333333, 0.16666666666666666, 0.3333333333333333, 0.16666666666666666, 0.16666666666666666, 0.16666666666666666]
Trust scores at iteration 54: [0.8082453484263231, 1.7267562373847174, -0.26811154585947916, -0.7840943809575744, -0.08025844247663799, 0.42980383135058314, -0.3098533815460045, 0.173080961023123, 0.20807703285154242, 0.46787121119939956]
X.shape (10, 5)
s1 and s2 score at iteration 54
S_1 [0.009062466317334553, 0.29755389091645035, 0.32597673128217985, 0.10250598843852492, 0.1520673352853811, 0.2712535634554702, -0.1104819450294712, 0.21055129041338919, 0.11867189830863643, -0.2807505761778044]
S_2 [0.25, 0.16666666666666666, 0.16666666666666666, 0.16666666666666666, 0.16666666666666666, 0.16666666666666666, 0.3333333333333333, 0.16666666666666666, 0.25, 0.5]
Trust scores at iteration 55: [0.680200909660392, 1.612027995272556, -0.1746337246068646, -0.7075724769703612, -0.05891618000266479, 0.43670266885453657, -0.3794272963770105, 0.18703042725822594, 0.17367435082108282, 0.23495813407225793]
X.shape (10, 5)
s1 and s2 score at iteration 55
S_1 [0.3041296478536661, -0.1814026836885424, 0.4418709032949897, 0.048604556349510365, 0.3251980080203729, 0.5227057300239045, 0.31899155797586576, 0.36799914574228937, 0.5057265995349596, 0.29770403896746994]
S_2 [0.2, 0.3333333333333333, 0.16666666666666666, 0.25, 0.16666666666666666, 0.16666666666666666, 0.2, 0.16666666666666666, 0.16666666666666666, 0.16666666666666666]
Trust scores at iteration 56: [0.6103645405065774, 1.3161206433999022, -0.12263504328802158, -0.7025165831025079, -0.04081020517767002, 0.4430324019690829, -0.34045757972669766, 0.18873012255585297, 0.2030586003841441, 0.21841674489792803]
X.shape (10, 5)
s1 and s2 score at iteration 56
S_1 [-0.20848665296171812, 0.0644338281449964, 0.020940151853867224, -0.3176851768694692, 0.03725939640130012, -0.2600012750654811, 0.07334530813870647, 0.04279440773479685, -0.058969015099699734, -0.08080606289394866]
S_2 [0.3333333333333333, 0.2, 0.2, 0.3333333333333333, 0.2, 0.3333333333333333, 0.2, 0.2, 0.25, 0.25]
Trust scores at iteration 57: [0.16507452170513842, 1.2123585448997756, -0.14182144845545278, -1.1654012561151563, -0.04592921210973353, -0.055760145947115924, -0.26641182175402794, 0.16820359328710915, 0.02735357563272464, 0.011402974953668266]
X.shape (10, 5)
s1 and s2 score at iteration 57
S_1 [-0.18458302721239644, -0.04220321509386779, -0.14341205952936376, -0.03488928310164793, -0.12758514570458604, -0.19493841050396418, -0.00411233453416221, -0.11662554880851037, -0.08325489980989115, -0.02272360575997859]
S_2 [0.5, 0.25, 0.3333333333333333, 0.25, 0.3333333333333333, 0.3333333333333333, 0.25, 0.5, 0.25, 0.5]
Trust scores at iteration 58: [4.537088751781489, 2.0673819780060514, 3.29305767531216, -0.25045536944957836, 2.9944962346744974, 4.623483649107279, -0.18977063957862517, 2.887376946037808, 1.999134927940001, 0.46283459424201173]
X.shape (10, 5)
s1 and s2 score at iteration 58
S_1 [-0.07360492923279979, 0.19379016628540358, -0.20431519468154186, -0.07636886809842056, 0.1460879101194687, -0.0756103035480927, -0.1553573759811742, 0.04168255273527886, 0.15078956506319227, -0.21205650117541083]
S_2 [0.2, 0.2, 0.3333333333333333, 0.2, 0.2, 0.3333333333333333, 0.3333333333333333, 0.2, 0.2, 0.3333333333333333]
Trust scores at iteration 59: [3.9853981097037767, 1.9006437802054463, 2.758320760990638, -0.32481785281972186, 2.7104311949141064, 4.022118699920165, -0.35096140815792676, 2.560148367987388, 1.8170321765027722, 0.2071253031359772]
X.shape (10, 5)
s1 and s2 score at iteration 59
S_1 [0.17380335144838893, -0.02978700878724491, 0.15186407458785586, -0.18042685554056448, -0.09058838925302642, 0.24057905648545694, -0.2597163100845092, -0.06112814786850476, -0.07732369220790897, 0.21902877180429003]
S_2 [0.25, 0.3333333333333333, 0.25, 0.5, 0.3333333333333333, 0.25, 0.5, 0.5, 0.3333333333333333, 0.25]
Trust scores at iteration 60: [3.60910205676763, 1.631531354851774, 2.4956130801761804, -0.46733297631957094, 2.3350670964578586, 3.6699068299281485, -0.5238199305113319, 2.1787247741831535, 1.5365216340015682, 0.22745510003240843]
X.shape (10, 5)
s1 and s2 score at iteration 60
S_1 [-0.3212054475896553, -0.00859358657823576, -0.002508187532957574, 0.01719369236635361, -0.1903982875766538, 0.0657031153442677, 0.06564963747219524, 0.06559088081742061, 0.01617254997067452, -0.30593471054081994]
S_2 [0.3333333333333333, 0.25, 0.3333333333333333, 0.3333333333333333, 0.3333333333333333, 0.25, 0.25, 0.25, 0.3333333333333333, 0.3333333333333333]
Trust scores at iteration 61: [2.659317851879993, 1.3802987991089612, 2.142234316137162, -0.4944309159489476, 1.7117746033237025, 3.3279161469353338, -0.4465193306662777, 1.9856814760567802, 1.3074840568138526, -0.3609223802933954]
X.shape (10, 5)
s1 and s2 score at iteration 61
S_1 [0.011908450540192992, 0.18621080731311188, 0.34696007408704244, -0.2020261808761634, -0.10681380857865858, 0.4158373540690455, 0.4125638483989597, 0.40656057546178537, 0.3663095569258219, 0.3027221206998173]
S_2 [0.3333333333333333, 0.16666666666666666, 0.16666666666666666, 0.3333333333333333, 0.25, 0.16666666666666666, 0.16666666666666666, 0.16666666666666666, 0.16666666666666666, 0.16666666666666666]
Trust scores at iteration 62: [2.2962497946432388, 1.237048640281562, 1.9614473701330175, -0.5935708049110662, 1.4399107039224355, 3.0451245322418004, -0.35265460578045765, 1.8348824613785593, 1.21482527399617, -0.3020319393759254]
X.shape (10, 5)
s1 and s2 score at iteration 62
S_1 [-0.1902725870149863, -0.14151012798567503, 0.07200855500180231, -0.21431207965888194, -0.11563180273472905, 0.08799094861556266, 0.08799094861556268, 0.08799094861556268, -0.16325083721351064, -0.047260954417682986]
S_2 [0.5, 0.3333333333333333, 0.25, 0.5, 0.25, 0.25, 0.25, 0.25, 0.3333333333333333, 0.3333333333333333]
Trust scores at iteration 63: [1.75038372446594, 0.8858536042010425, 1.7971389539399534, -0.877775230496253, 1.1145063409653728, 2.7906120790176203, -0.2673891452024119, 1.7013942152407033, 0.8411446817780577, -0.39220656667405485]
X.shape (10, 5)
s1 and s2 score at iteration 63
S_1 [-0.051020823971430346, -0.08019114464026761, -0.07579939360745706, -0.07040042692719578, -0.13432977685589698, 0.07036227382058988, 0.07036227382058986, 0.07036227382058988, 0.04548311148822973, -0.2593015760372428]
S_2 [0.5, 0.5, 0.2, 0.3333333333333333, 0.3333333333333333, 0.2, 0.2, 0.2, 0.2, 0.5]
Trust scores at iteration 64: [1.4028337329356257, 0.5832992938224145, 1.4696977360880017, -0.9567185979246271, 0.7454773917264363, 2.5715508711158583, -0.18065023068217076, 1.591254793716633, 0.7816715462612782, -0.8215094979430075]
X.shape (10, 5)
s1 and s2 score at iteration 64
S_1 [-0.2331363403312919, -0.08167181479981701, 0.05277961437450173, -0.3673752334568124, -0.1018599881542336, 0.13857946938940013, 0.13952179137484258, 0.14091053137280166, -0.1351782546818674, -0.028245711554844805]
S_2 [0.3333333333333333, 0.5, 0.25, 0.3333333333333333, 0.3333333333333333, 0.25, 0.25, 0.25, 0.25, 0.25]
Trust scores at iteration 65: [1.0304337879470125, 0.3670093141840705, 1.3101840801024223, -1.188428647213794, 0.5319759913226486, 2.3627414988627065, -0.11357075495695883, 1.4821293143449699, 0.5575724173782148, -0.8094036869184388]
X.shape (10, 5)
s1 and s2 score at iteration 65
S_1 [0.012668737937920017, 0.21446969882627506, 0.031980435865923536, -0.2160157609779805, -0.05418986561300399, -0.010732042774579472, -0.004593620497947574, 0.018424390239789843, 0.07666673864807244, 0.027886857478358715]
S_2 [0.25, 0.25, 0.25, 0.25, 0.25, 0.25, 0.25, 0.25, 0.3333333333333333, 0.3333333333333333]
Trust scores at iteration 66: [0.8582974151336932, 0.35530838276566346, 1.1190770726494348, -1.2453066592223987, 0.3785114822681113, 2.046463358746901, -0.17935553004579166, 1.2675070557843664, 0.43756229472884517, -0.8154606154527417]
X.shape (10, 5)
s1 and s2 score at iteration 66
S_1 [0.09090932942624735, -0.04813232077543717, 0.013057136419082904, 0.22043250391291455, 0.2207697721637224, 0.038346629230333, 0.03811981709553072, 0.037917618034410405, 0.1975199960054047, -0.44153308567264593]
S_2 [0.2, 0.25, 0.2, 0.2, 0.2, 0.25, 0.25, 0.25, 0.2, 0.25]
Trust scores at iteration 67: [0.7336460145386762, 0.1979755014359647, 0.9330837332307378, -1.1009287625164796, 0.36066033404130016, 1.7591865335867012, -0.24415320327869705, 1.05793153576815, 0.403274833588486, -1.0339116283915621]
X.shape (10, 5)
s1 and s2 score at iteration 67
S_1 [0.005074731457413236, -0.1075436075740828, 0.3616985112452178, 0.2691097079640287, 0.029555333839265355, 0.22975645512101212, 0.22995798559416514, 0.23060131448725263, 0.06597426404804334, 0.19685866904691351]
S_2 [0.16666666666666666, 0.25, 0.16666666666666666, 0.2, 0.25, 0.16666666666666666, 0.16666666666666666, 0.16666666666666666, 0.16666666666666666, 0.25]
Trust scores at iteration 68: [0.5950177744372351, 0.048445009565889235, 0.8731086932409974, -0.9964342231123996, 0.23276556286811367, 1.5801227509683144, -0.22282729440499954, 0.949226834032998, 0.31452080952337735, -0.9760942893513513]
X.shape (10, 5)
s1 and s2 score at iteration 68
S_1 [-0.20932173634628626, 0.14616226605313343, 0.2290722624306883, -0.48875469649944125, 0.17634917252147841, 0.3317468692428197, 0.32864288170846134, 0.3236669174213598, -0.02850887165149564, -0.005469649685490414]
S_2 [0.5, 0.16666666666666666, 0.16666666666666666, 0.5, 0.16666666666666666, 0.16666666666666666, 0.16666666666666666, 0.16666666666666666, 0.16666666666666666, 0.25]
Trust scores at iteration 69: [0.37241917355579757, 0.054325546161797716, 0.8215148068543776, -1.1441183995860333, 0.22931342359056556, 1.4887771425381497, -0.13481354768058157, 0.9185352398816024, 0.2411418336114687, -0.9301336023313922]
X.shape (10, 5)
s1 and s2 score at iteration 69
S_1 [-0.12029787454962183, 0.1688086224664975, -0.07081258752357233, -0.44183181502859054, 0.05590041413598528, 0.2580529634762212, 0.2565342884089598, 0.25365210365714563, 0.061778253573777836, -0.10336496720111847]
S_2 [0.5, 0.2, 0.3333333333333333, 0.5, 0.2, 0.2, 0.2, 0.2, 0.2, 0.5]
Trust scores at iteration 70: [0.18855974290794872, 0.0743092612107608, 0.6452555533937989, -1.3009240527639907, 0.1880444614587899, 1.399899428284335, -0.061920705846768925, 0.8849763063682843, 0.20096779522737052, -0.9771759600441712]
X.shape (10, 5)
s1 and s2 score at iteration 70
S_1 [-0.04608528890899834, -0.1785165697325506, -0.08050279473270809, 0.20225683187397736, 0.1456755773932528, 0.1947423052585592, 0.1960015948803054, 0.19825814124191068, -0.2463926928222355, -0.18506608074340924]
S_2 [0.25, 0.5, 0.3333333333333333, 0.2, 0.2, 0.2, 0.2, 0.2, 0.3333333333333333, 0.5]
Trust scores at iteration 71: [0.09691823970225756, -0.12138398370495607, 0.47426106909242094, -1.1108316474875917, 0.20126506190516677, 1.3161941466236882, 0.001178644983665253, 0.8545016396061407, -0.0076173419968054434, -1.0709588978060105]
X.shape (10, 5)
s1 and s2 score at iteration 71
S_1 [0.2736713881255482, 0.30579490486974825, 0.3106542850496479, 0.3605701271923152, -0.3157801479029812, 0.3921158360517649, 0.3927051047268002, 0.3862041163848282, -0.17160049468702152, -0.22504251155504512]
S_2 [0.14285714285714285, 0.14285714285714285, 0.14285714285714285, 0.14285714285714285, 0.5, 0.14285714285714285, 0.14285714285714285, 0.14285714285714285, 0.5, 0.5]
Trust scores at iteration 72: [0.12834376503272632, -0.05994817512863766, 0.47736978441176625, -0.9365028906369091, 0.0007270346770854863, 1.2558532496554364, 0.07248935191387014, 0.8388246093770265, -0.15055264473948948, -1.1211687340896541]
X.shape (10, 5)
s1 and s2 score at iteration 72
S_1 [0.2818780975176398, 0.3682225903382268, -0.2913639939393693, 0.2968667615027043, 0.08868602816229766, 0.42871432226977785, 0.43290572308513625, 0.43881714516338427, -0.4340550865898684, 0.27304130283978306]
S_2 [0.16666666666666666, 0.16666666666666666, 0.3333333333333333, 0.16666666666666666, 0.2, 0.16666666666666666, 0.16666666666666666, 0.16666666666666666, 0.5, 0.2]
Trust scores at iteration 73: [0.1464119449339036, -0.0033741559908099863, 0.296568552712158, -0.8085343481864902, -0.01913542196235082, 1.1946323059957984, 0.13055995688249356, 0.8216088151059905, -0.3344121768668121, -0.9868297470168932]
X.shape (10, 5)
s1 and s2 score at iteration 73
S_1 [-0.30775219777927343, -0.07100594940395234, 0.0320121077771207, -0.0038543180385903148, -0.011413920631229047, 0.13724349870891533, 0.137224425429982, 0.13711347662263046, -0.06386375398763966, -0.10835061107094421]
S_2 [0.25, 0.25, 0.3333333333333333, 0.25, 0.25, 0.2, 0.2, 0.2, 0.2, 0.2]
Trust scores at iteration 74: [-0.16746733782915116, -0.1297739447561786, 0.19023674239991423, -0.8054892926898847, -0.10053842717171431, 1.1151690753962187, 0.15749006379355654, 0.7793531953473082, -0.40750413167166777, -1.02709449085213]
X.shape (10, 5)
s1 and s2 score at iteration 74
S_1 [0.05336623147249572, 0.40742325082357583, 0.2709590388712625, 0.2995099608423235, 0.009965581666003785, 0.1481779902827022, 0.14601493537577265, 0.14224638700318432, -0.13113958535850193, 0.2430910039839959]
S_2 [0.2, 0.2, 0.2, 0.2, 0.2, 0.25, 0.25, 0.25, 0.25, 0.2]
Trust scores at iteration 75: [-0.21762212933606184, -0.09679655028056075, 0.15771860958975994, -0.731427140933744, -0.16803858225759927, 0.9400217147548584, 0.07757969329976078, 0.6363315403409625, -0.49894127409771094, -0.9447195701737752]
X.shape (10, 5)
s1 and s2 score at iteration 75
S_1 [0.38558967446735715, 0.13108744194828906, 0.32848096082901795, 0.4347901725702604, -0.716162110838535, 0.44739999669709246, 0.44936810030186286, 0.44061610260832873, 0.3997812620836585, 0.11391802472201351]
S_2 [0.14285714285714285, 0.2, 0.14285714285714285, 0.14285714285714285, 0, 0.14285714285714285, 0.14285714285714285, 0.14285714285714285, 0.14285714285714285, 0.16666666666666666]
Trust scores at iteration 76: [-0.18148140134483962, -0.15794538934003977, 0.1436165926456677, -0.6329570931928596, -0.3106056518652688, 0.8741530004853553, 0.09839315254121328, 0.5993221916073829, -0.43151051079202485, -0.9082302318650193]
X.shape (10, 5)
s1 and s2 score at iteration 76
S_1 [0.08240571984853594, 0.01855625961265485, -0.12821669051156545, 0.1465497232035949, 0.14770050257071132, 0.26639114992064683, 0.2619611897439771, 0.25397804937716956, 0.10502403883945984, -0.4365706074456436]
S_2 [0.2, 0.2, 0.3333333333333333, 0.2, 0.2, 0.2, 0.2, 0.2, 0.3333333333333333, 0.3333333333333333]
Trust scores at iteration 77: [-0.1923991555266334, -0.19518505607758965, -0.018876053909489904, -0.5746483989274711, -0.2841001131446329, 0.8267377004368197, 0.12689088407787708, 0.5747302453696846, -0.44893471197974466, -1.0812905086964384]
X.shape (10, 5)
s1 and s2 score at iteration 77
S_1 [-0.0010838556963870876, -0.0013023473790718294, -0.06302248068271764, 0.05923294752135561, -0.2136242183711499, 0.18271494412037134, 0.18397794766312806, 0.185933696728254, -0.3602317223850981, -0.1072673838617858]
S_2 [0.3333333333333333, 0.3333333333333333, 0.3333333333333333, 0.25, 0.5, 0.25, 0.25, 0.25, 0.3333333333333333, 0.25]
Trust scores at iteration 78: [-0.24040883255210888, -0.24303365358346113, -0.11755025188806476, -0.535326532275381, -0.4705827878414449, 0.7923328011440985, 0.16314994272490518, 0.5672572208327162, -0.6644499395404381, -1.080852659448284]
X.shape (10, 5)
s1 and s2 score at iteration 78
S_1 [-0.017769497230795097, -0.07305520674001917, 0.03537308825365245, -0.14836011901177223, 0.14382868104660493, 0.18457371764112046, 0.18251834788767016, 0.18206222777400388, -0.4140885772924718, -0.2240397406639208]
S_2 [0.2, 0.25, 0.25, 0.25, 0.2, 0.2, 0.2, 0.2, 0.5, 0.5]
Trust scores at iteration 79: [-0.26599526647828864, -0.30831079170831704, -0.13663047848606424, -0.6121737516038257, -0.38559971950180094, 0.7730995210296886, 0.20572137183938533, 0.5691708013006346, -0.9223535595627421, -1.1941496485326015]
X.shape (10, 5)
s1 and s2 score at iteration 79
S_1 [0.2177982108742419, 0.06278609560857279, -0.07484179650402041, -0.4097440056486536, 0.1928218378907738, 0.23485673157124046, 0.241916120021763, 0.25126780449490954, 0.08170550245913889, -0.10148672153627834]
S_2 [0.2, 0.3333333333333333, 0.3333333333333333, 0.5, 0.2, 0.2, 0.2, 0.2, 0.3333333333333333, 0.3333333333333333]
Trust scores at iteration 80: [-0.19271602719793496, -0.3191586591360026, -0.21941976628565793, -0.8140270119641012, -0.31030017549288536, 0.7492582614412032, 0.2414274349239034, 0.572253721170571, -0.8642675715991638, -1.1817912131620119]
X.shape (10, 5)
s1 and s2 score at iteration 80
S_1 [0.34370453257683403, 0.5582022740695767, 0.11610773432619707, -0.5276357381091826, 0.602860154075055, 0.5247555875427292, 0.5247555875427292, 0.5572112942532361, 0.5897696298585114, 0.4820499527093044]
S_2 [0.125, 0.125, 0.2, 0, 0.125, 0.125, 0.125, 0.125, 0.125, 0.125]
Trust scores at iteration 81: [-0.17893210905912582, -0.2571504614359361, -0.27821830907252165, -0.8201463894027791, -0.24177015794359685, 0.6988767662245169, 0.24182902235894702, 0.5449563011227867, -0.7425122175628505, -1.0461515986118708]
X.shape (10, 5)
s1 and s2 score at iteration 81
S_1 [0.16077066534571927, 0.02291308017776152, 0.12859637327163753, -0.00224833407889325, -0.3449095695083113, -0.22008560057553195, 0.07214116638140038, 0.12245705372734281, -0.22889525854060425, 0.11549809021565853]
S_2 [0.25, 0.3333333333333333, 0.25, 0.25, 0.5, 0.5, 0.25, 0.25, 0.3333333333333333, 0.25]
Trust scores at iteration 82: [-0.11103889815321324, -0.2838500539982556, -0.22040901714736214, -0.7895302232958743, -0.5321282806128504, 0.39209496149588213, 0.2125182155555548, 0.5166294505972645, -0.8773014332406731, -0.9196961624370336]
X.shape (10, 5)
s1 and s2 score at iteration 82
S_1 [-0.11817995437869182, -0.06757823544738048, -0.01701985099756207, -0.1703538959876407, -0.14052749767744213, -0.09291383526352003, -0.0759655035757317, -0.06496401342446032, -0.1777828131046428, -0.023997089559275406]
S_2 [0.25, 0.25, 0.25, 0.3333333333333333, 0.3333333333333333, 0.25, 0.3333333333333333, 0.3333333333333333, 0.3333333333333333, 0.3333333333333333]
Trust scores at iteration 83: [0.519430379441472, 0.06659033958951821, -0.17336811543262592, 0.19033576831906251, 0.24675274922982093, 0.8237999699846072, 0.5376011097775524, 0.7466620528943614, 0.1549902231666076, -0.7867318361766987]
X.shape (10, 5)
s1 and s2 score at iteration 83
S_1 [0.19320873397948088, 0.3282446406889123, 0.27194053537511687, -0.27941009776845244, 0.2611609295377864, 0.22767822701883603, 0.2569247268191053, -0.2114913150733556, -0.24996897096537335, -0.06508766079674155]
S_2 [0.16666666666666666, 0.16666666666666666, 0.16666666666666666, 0.25, 0.16666666666666666, 0.16666666666666666, 0.16666666666666666, 0.3333333333333333, 0.3333333333333333, 0.3333333333333333]
Trust scores at iteration 84: [0.4763485413554486, 0.10993130563056638, -0.12318439592328831, 0.011179675188936478, 0.2516403664806967, 0.7607823322743257, 0.5121133283281263, 0.5075648443661572, -0.03666205193149813, -0.8278876620015401]
X.shape (10, 5)
s1 and s2 score at iteration 84
S_1 [-0.03340480550196126, 0.12723227528605202, -0.09239558591066406, 0.08997298758732447, 0.10840733030648224, -0.2675790017149987, 0.01232670161774382, -0.1414432211418142, -0.18994610018808553, -0.015118001635415941]
S_2 [0.25, 0.25, 0.25, 0.25, 0.25, 0.5, 0.25, 0.25, 0.25, 0.25]
Trust scores at iteration 85: [0.3524587095211568, 0.14893817506750973, -0.23348556932061493, 0.03077724536285013, 0.26168059900312934, 0.374396611333253, 0.4205903403669511, 0.2956390667420919, -0.23228666132217626, -0.8069811022630929]
X.shape (10, 5)
s1 and s2 score at iteration 85
S_1 [-0.11462712634652633, 0.005237207320116449, -0.032029203614885385, 0.03189165502685329, -0.09701528276162605, -0.12518492888045063, -0.23107377066510443, 0.08770734492734432, -0.28498011041479704, 0.03524358070009592]
S_2 [0.3333333333333333, 0.3333333333333333, 0.25, 0.25, 0.3333333333333333, 0.3333333333333333, 0.5, 0.25, 0.5, 0.25]
Trust scores at iteration 86: [0.11985343865240322, 0.07334892092557337, -0.2966552807746481, 0.014060962451861085, 0.0582333771633852, 0.12756001506583425, 0.015071306650043359, 0.3160751600678827, -0.6339795974239232, -0.7360998343670455]
X.shape (10, 5)
s1 and s2 score at iteration 86
S_1 [-0.2778377098857985, -0.1663726888984124, 0.004430481190937425, 0.07226219231351914, 0.07767018516826786, 0.019419165891064134, -0.2068640248360756, -0.28857368206710904, 0.023832125659659746, 0.07162967578224115]
S_2 [0.3333333333333333, 0.5, 0.5, 0.2, 0.2, 0.2, 0.3333333333333333, 0.3333333333333333, 0.2, 0.2]
Trust scores at iteration 87: [-0.31651332340723537, -0.24819002969726267, -0.36128552889323706, 0.0656921007091644, 0.11241003944704667, 0.0998060987853819, -0.3194389547803251, -0.1537362880851525, -0.5798978874007393, -0.6102669785024464]
X.shape (10, 5)
s1 and s2 score at iteration 87
S_1 [-0.013322407174206815, 0.07978521910919485, 0.06058094750801805, 0.14328676669951018, -0.1301858778801346, -0.07465505339802453, -0.16385591656997545, -0.11658590524571125, -0.20660122274624199, -0.008979526737762157]
S_2 [0.25, 0.25, 0.25, 0.25, 0.25, 0.25, 0.25, 0.25, 0.25, 0.25]
Trust scores at iteration 88: [-0.3941597144230207, -0.2676888301458282, -0.3828774627568431, 0.05912289063824796, -0.08968783905687687, -0.06227635909883096, -0.5018502927577317, -0.31972809722402706, -0.7660953306745679, -0.6555071027353556]
X.shape (10, 5)
s1 and s2 score at iteration 88
S_1 [-0.06574365006607365, 0.13771769164935138, 0.1541255504168304, -0.07587788000879059, -0.025393261361890948, -0.14186557068199726, 0.1209568032035727, -0.13533796369101522, -0.2199299636086736, -0.060233737740470444]
S_2 [0.2, 0.2, 0.2, 0.25, 0.25, 0.25, 0.2, 0.2, 0.25, 0.2]
Trust scores at iteration 89: [-0.47739964908341925, -0.23156572177607504, -0.32458971648115875, -0.09602061272040327, -0.19719475388719704, -0.24809418242547532, -0.4531858660838979, -0.4555654937425725, -0.9321811281437262, -0.7090373479410181]
X.shape (10, 5)
s1 and s2 score at iteration 89
S_1 [-0.04326143392030944, -0.13712830685070818, 0.004954280920225719, -0.04758881205758506, -0.19724661908448254, -0.12907475416809058, -0.03698216486200496, -0.01605933750960442, -0.18974998848020763, -0.1709178502804243]
S_2 [0.5, 0.3333333333333333, 0.25, 0.25, 0.25, 0.25, 0.25, 0.25, 0.25, 0.25]
Trust scores at iteration 90: [-1.4028728631794367, -3.0429508935722267, -0.24213074483304292, -1.0969779711474963, -4.208812272919372, -2.8786023924414774, -1.2043361506900219, -0.784159669129251, -4.718983790000373, -4.138035890239375]
X.shape (10, 5)
s1 and s2 score at iteration 90
S_1 [0.0390420889901805, -0.15688068228139537, 0.1248419812908097, 0.12359758156077302, -0.01464677559005561, 0.23913338014412114, 0.2134073218889578, 0.2625665441873164, -0.1602551710287449, 0.23309101825389142]
S_2 [0.25, 0.3333333333333333, 0.2, 0.2, 0.2, 0.2, 0.25, 0.2, 0.3333333333333333, 0.25]
Trust scores at iteration 91: [-1.3227161695228613, -2.898404727204018, -0.2303708735263982, -1.0002073141056276, -3.8535093555508833, -2.559666810417359, -1.0776251121969935, -0.665743702216326, -4.4081195277134, -3.710458227208658]
X.shape (10, 5)
s1 and s2 score at iteration 91
S_1 [0.3814628418905715, -0.16821968201128593, 0.38201203671614004, 0.2999453402078701, 0.04307492804723403, 0.43542847610215357, 0.3566731372958036, 0.2744593288888054, -0.6642032921977482, 0.3937847964740705]
S_2 [0.14285714285714285, 0.3333333333333333, 0.14285714285714285, 0.14285714285714285, 0.25, 0.14285714285714285, 0.14285714285714285, 0.14285714285714285, 0, 0.14285714285714285]
Trust scores at iteration 92: [-1.1456953805386847, -2.747197392012229, -0.1624584866936853, -0.8741586257780942, -3.533265881861213, -2.2465572722327662, -0.9308066038191922, -0.5789944629481371, -4.119847734497891, -3.291833386623631]
X.shape (10, 5)
s1 and s2 score at iteration 92
S_1 [-0.22816778376048552, 0.133287181440985, 0.13347647518974173, -0.2313168229447452, 0.11125649344095281, -0.20937293270471274, -0.23066126597795641, 0.025770560319508196, 0.039475251505623095, 0.04824445845531514]
S_2 [0.25, 0.2, 0.2, 0.25, 0.2, 0.25, 0.25, 0.2, 0.2, 0.2]
Trust scores at iteration 93: [-1.3020681627971682, -2.45261947087182, -0.1262126380243168, -1.0600443300988112, -3.176586408245058, -2.2787628439066037, -1.1105363698813808, -0.5817878239192671, -3.758288272737291, -3.006505507594335]
X.shape (10, 5)
s1 and s2 score at iteration 93
S_1 [-0.14704977221018936, -0.15662888848906917, -0.025075500262187227, 0.06542034825145779, -0.16306201379815133, 0.05720209963678978, 0.0994130911764545, -0.09061968655779677, -0.19730472408381003, -0.038409971844869106]
S_2 [0.25, 0.25, 0.25, 0.25, 0.25, 0.25, 0.25, 0.25, 0.25, 0.25]
Trust scores at iteration 94: [-1.4197792620253613, -2.464911108162232, -0.23881491366266072, -0.9882333242550373, -3.1229524565922455, -2.0933467536816615, -0.9994827328932427, -0.7147637229535021, -3.6809290049037786, -2.8444916910821982]
X.shape (10, 5)
s1 and s2 score at iteration 94
S_1 [0.10732818650762695, 0.08591496648568116, -0.09039791144254265, 0.2192846526437424, -0.2992085347434318, 0.1255319403997622, 0.07261858214582556, 0.2391471390400174, -0.4649316198904157, 0.15475739038251998]
S_2 [0.2, 0.25, 0.25, 0.2, 0.5, 0.2, 0.2, 0.2, 0.5, 0.25]
Trust scores at iteration 95: [-1.2729217746712835, -2.23249443000259, -0.30273354476719533, -0.8377155423270252, -3.035772040215325, -1.871520569987838, -0.9091688100555566, -0.583287350658152, -3.6072484740351913, -2.5453303155040428]
X.shape (10, 5)
s1 and s2 score at iteration 95
S_1 [-0.09308789012077869, -0.1388194571141325, 0.058276856969774186, -0.07112557312465874, 0.01110136016283525, 0.10475121441355345, 0.018418019703700612, -0.31897361527443896, 0.17535816938785886, 0.1939075915147995]
S_2 [0.3333333333333333, 0.3333333333333333, 0.25, 0.3333333333333333, 0.2, 0.2, 0.2, 0.3333333333333333, 0.2, 0.2]
Trust scores at iteration 96: [-1.293635912683389, -2.180835509080234, -0.317406257633937, -0.8906241265917523, -2.786469758554433, -1.6903473095925081, -0.8687535800891276, -0.7894563605143524, -3.216089741079298, -2.2507972839536383]
X.shape (10, 5)
s1 and s2 score at iteration 96
S_1 [0.05110053668322259, 0.09450723921417414, 0.16946427794201824, 0.12064249781376181, -0.11676982736630606, 0.1596589122514417, -0.1978360502041604, -0.22111375240354628, -0.04409100571934633, -0.09142079072992365]
S_2 [0.25, 0.25, 0.25, 0.25, 0.25, 0.25, 0.3333333333333333, 0.3333333333333333, 0.25, 0.3333333333333333]
Trust scores at iteration 97: [-1.2091181571842224, -1.9819837217262326, -0.26066563187054326, -0.8053711956246188, -2.6517280580669693, -1.5020986745643015, -0.9986202591671397, -0.9409888140572326, -2.995498642983227, -2.1796644946065165]
X.shape (10, 5)
s1 and s2 score at iteration 97
S_1 [-0.008507949439272753, 0.07736935568786929, -0.004759521688701529, -0.1980867820183547, -0.1477034928337815, -0.10167901769792541, 0.10226309340661291, -0.25407605123307087, 0.09592294911419255, -0.14052815305860702]
S_2 [0.25, 0.25, 0.25, 0.5, 0.5, 0.3333333333333333, 0.25, 0.5, 0.25, 0.3333333333333333]
Trust scores at iteration 98: [-1.1465260090563785, -1.7581281861425266, -0.2892532616382991, -1.0185371759974706, -2.6309900506938493, -1.5179843237249644, -0.8487582332504258, -1.1953432531694284, -2.6521486148928815, -2.1657829615224697]
X.shape (10, 5)
s1 and s2 score at iteration 98
S_1 [0.11862008201941417, 0.2188521526368727, 0.35397343478093524, 0.3938895772634553, -0.12334208723319035, 0.13649349666387145, 0.07486622483864165, -0.48558648582093966, 0.39165304053701316, 0.20876364753300633]
S_2 [0.14285714285714285, 0.14285714285714285, 0.14285714285714285, 0.14285714285714285, 0.3333333333333333, 0.14285714285714285, 0.2, 0.3333333333333333, 0.14285714285714285, 0.14285714285714285]
Trust scores at iteration 99: [-1.044615491136656, -1.5696107069588459, -0.21331891907952855, -0.8595406012548664, -2.499204919956989, -1.3743903029512317, -0.8048755031270937, -1.299088779326228, -2.330358704310388, -1.9390612569095598]
X.shape (10, 5)
s1 and s2 score at iteration 99
S_1 [-0.04503472804787388, -0.05823063377744976, -0.14159519523346198, -0.04265742828526306, -0.044721882759423535, -0.14974685416563924, -0.20142157520369752, -0.17428200485219117, -0.006486254522133423, -0.062006189990614434]
S_2 [0.2, 0.2, 0.25, 0.25, 0.2, 0.25, 0.3333333333333333, 0.25, 0.2, 0.2]
Trust scores at iteration 100: [-0.30584372193835996, -0.5748952607794524, 1.9160169661236064, -0.19092766974681785, -1.6197974118903598, 0.9967286234942707, 2.280972382898236, 1.4427637616630715, -2.057322833879349, -0.8491921825087266]
