Matplotlib created a temporary config/cache directory at /tmp/matplotlib-tdtzx_9_ because the default path (/users/raysuan/.config/matplotlib) is not a writable directory; it is highly recommended to set the MPLCONFIGDIR environment variable to a writable directory, in particular to speed up the import of Matplotlib and to better support multiprocessing.
Loaded dataset for Tower 2 without noise: 552960 chunks
Loaded dataset for Tower 3 without noise: 535674 chunks
Loaded dataset for Tower 4 without noise: 552958 chunks
Loaded dataset for Tower 5 without noise: 518399 chunks
Loaded dataset for Tower 6 without noise: 518400 chunks
Loaded dataset for Tower 7 with same noise: 518398 chunks
Loaded dataset for Tower 8 with same noise: 518398 chunks
Loaded dataset for Tower 9 with same noise: 518399 chunks
Loaded dataset for Tower 10 with random noise: 518399 chunks
Loaded dataset for Tower 11 with random noise: 518396 chunks
W, alpha, th 0.5 0.9 0.4
X.shape (10, 5)
s1 and s2 score at iteration 0
S_1 [-0.23644800833044707, 0.09262767953290613, 0.13136304836337995, 0.35664460235735335, -0.21665800316667794, 0.31109870123151484, 0.09983120307296116, 0.28183199340158643, 0.22131183124501463, 0.30940559292329084]
S_2 [0.5, 0.5, 0.5, 0.25, 0, 0.25, 0.3333333333333333, 0.25, 0.25, 0.25]
Trust scores at iteration 1: [-0.1662979354706535, -0.07402801586771404, -0.06316696019087487, 0.04999999999999999, -0.060748992620275055, 0.037229331153538076, -0.03867487808691645, 0.02902320448388403, 0.012053884954990287, 0.03675459852137909]
X.shape (10, 5)
s1 and s2 score at iteration 1
S_1 [0.056546777769167694, -0.07207536617053481, -0.114551609551739, -0.030524557339044515, -0.13246235988832408, -0.13426905304243741, -0.09462351316748255, -0.016402226113766922, -0.04252486759366132, -0.14449597092374805]
S_2 [0.5, 0.5, 0.5, 0.5, 0.5, 0.5, 0.5, 0.5, 0.5, 0.5]
Trust scores at iteration 2: [-0.14966814192358815, -0.2940867054816563, -0.3594287559460766, -0.10898107291568454, -0.38892680432447624, -0.3039413546711628, -0.30214409256345437, -0.10288558947343394, -0.16435449347435446, -0.32245437999313414]
X.shape (10, 5)
s1 and s2 score at iteration 2
S_1 [0.26038753273556314, 0.05650805022177179, 0.07582527116225439, 0.14778155923535374, 0.35811319726935453, -0.05837312607891801, 0.30731310362760555, -0.413131090649817, 0.36550666763249656, 0.11588839953572647]
S_2 [0.25, 0.25, 0, 0.25, 0.25, 0.3333333333333333, 0.25, 0, 0.25, 0.3333333333333333]
Trust scores at iteration 3: [-0.13846116830481547, -0.3242178381092323, -0.30274063057164996, -0.13265099205915157, -0.32705692429975636, -0.38951768739195103, -0.26285102460077925, -0.20562673072986493, -0.12291904412691904, -0.3585027079362117]
X.shape (10, 5)
s1 and s2 score at iteration 3
S_1 [-0.10599550864155308, 0.17190673336861023, -0.3356889282479486, 0.033658865166877425, -0.12592371610039002, 0.055030236207422305, -0.037528020749355545, -0.2527415581716071, 0.10860080962259998, 0.13445477762781705]
S_2 [0.5, 0.2, 0.5, 0.2, 0.5, 0.2, 0.5, 0.5, 0.2, 0.2]
Trust scores at iteration 4: [-0.28627378151038935, -0.23179605429830913, -0.5677404358906288, -0.13980616813430724, -0.46760241501592237, -0.3585542370105808, -0.3583963763724656, -0.4320865466653032, -0.08745287801167173, -0.28443864353887344]
X.shape (10, 5)
s1 and s2 score at iteration 4
S_1 [-0.11623178541032114, 0.038483913700062315, 0.02288692077554623, 0.09301188589638928, -0.21611228863968174, 0.07627698441300879, 0.28016176306620133, -0.28972379247424873, 0.27451568400633486, 0.22534493938308298]
S_2 [0, 0.25, 0.3333333333333333, 0.25, 0.5, 0.3333333333333333, 0.3333333333333333, 0.5, 0.25, 0.25]
Trust scores at iteration 5: [-0.2991337869830949, -0.24488012979378396, -0.5694638782331234, -0.1426262007462548, -0.5979805689450496, -0.36213942900542045, -0.2892234054018857, -0.5922909307030546, -0.030722882732251135, -0.2255609123657533]
X.shape (10, 5)
s1 and s2 score at iteration 5
S_1 [0.12132087924551133, -0.03623901170677271, 0.1725534743980518, -0.02320004211150792, 0.14798674754747568, -0.1370614220683717, -0.06511033089699715, 0.046339603255257135, -0.39617577952901734, 0.09181140722686919]
S_2 [0, 0.5, 0.3333333333333333, 0.5, 0.3333333333333333, 0.5, 0.5, 0.3333333333333333, 0, 0.3333333333333333]
Trust scores at iteration 6: [-0.19891125938544513, -0.34139372911644206, -0.47918415707647777, -0.24180871250246644, -0.5190863460279691, -0.5053567595385238, -0.3980344869930873, -0.5728732912027734, -0.2572465390849259, -0.2164639777487993]
X.shape (10, 5)
s1 and s2 score at iteration 6
S_1 [0.18397452379327306, 0.01481522614064277, -0.12556522983690802, 0.08883776960790064, -0.13586438035111997, -0.05116850629291056, 0.01918988880364097, -0.14823414179148062, 0.045397498108148096, -0.1332570390430943]
S_2 [0.25, 0.5, 0.5, 0.25, 0.5, 0.5, 0.25, 0.5, 0.25, 0.5]
Trust scores at iteration 7: [-0.12902013344690064, -0.39920148788630705, -0.5995171640375481, -0.21933975887200657, -0.6410272736090031, -0.5826339052938375, -0.3978003066859587, -0.6961591516389192, -0.25684591528010137, -0.36724991261190537]
X.shape (10, 5)
s1 and s2 score at iteration 7
S_1 [-0.31197753298957104, 0.09924136811896786, 0.13838056003968502, 0.0736224979533703, -0.037434436816955186, -0.33875896614375295, -0.14650142561132984, -0.00925073177246809, 0.13461490877776677, 0.16797596395036948]
S_2 [0.5, 0.3333333333333333, 0.3333333333333333, 0.25, 0.5, 0.5, 0.5, 0.25, 0.25, 0.25]
Trust scores at iteration 8: [-0.40184560494745214, -0.3668673100593968, -0.5238509469088138, -0.2035765968191454, -0.6992101375533062, -0.8260416099479546, -0.5452359836495664, -0.6820504123559773, -0.20102193618022388, -0.28052492135071483]
X.shape (10, 5)
s1 and s2 score at iteration 8
S_1 [-0.18280961273800245, 0.057614363770606546, -0.20368791155385807, -0.08606565217382342, -0.00762570802848592, -0.10022982027155412, 0.05671649856937284, -0.08602455945726722, -0.10580040886725744, 0.1063617460664008]
S_2 [0, 0.3333333333333333, 0.5, 0, 0.5, 0.3333333333333333, 0.3333333333333333, 0.3333333333333333, 0.3333333333333333, 0.3333333333333333]
Trust scores at iteration 9: [-0.5335363845057706, -0.3426789324859293, -0.7629707109541715, -0.2641368003322308, -0.7364587203028368, -0.9043389547216412, -0.504054900489937, -0.7613912661174675, -0.3470586469271916, -0.21913909588231]
X.shape (10, 5)
s1 and s2 score at iteration 9
S_1 [-0.08299808945522184, 0.03841100752395959, 0.20296106697338853, 0.013896373026928496, -0.0389759786449163, 0.08209056360709083, 0.11849507908013458, 0.2488299953568922, -0.2805719339439934, 0.2917883851303766]
S_2 [0.3333333333333333, 0.3333333333333333, 0.3333333333333333, 0.5, 0, 0.3333333333333333, 0.3333333333333333, 0.3333333333333333, 0.5, 0.3333333333333333]
Trust scores at iteration 10: [-0.5752940300146755, -0.36191371121422233, -0.6837826828103092, -0.3329606370285652, -0.6761704665435824, -0.8524381305468794, -0.4797061402085833, -0.6666412529737877, -0.5085087460226227, -0.16389185296074568]
X.shape (10, 5)
s1 and s2 score at iteration 10
S_1 [-0.06838709105682249, -0.009206699542000263, -0.237181138368335, -0.051152857343564076, -0.004108715987454165, -0.16467948220865905, -0.10987877284485649, 0.006054285203747635, -0.06826906598477685, -0.15508409234563922]
S_2 [0.3333333333333333, 0.3333333333333333, 0.3333333333333333, 0.3333333333333333, 0.5, 0.3333333333333333, 0.3333333333333333, 0.5, 0.5, 0.3333333333333333]
Trust scores at iteration 11: [-1.7139963662749103, -0.5444581484031618, -4.599645664922502, -1.211234570808376, -0.7764180124741729, -3.553909291541562, -2.313294771367887, -0.599977127676409, -1.6852734971678545, -2.7757284140000875]
X.shape (10, 5)
s1 and s2 score at iteration 11
S_1 [-0.1751772127958285, 0.010487043294947287, -0.2895090908208345, -0.13777971543449857, -0.007627315548877572, 0.03295171394817506, 0.04074839379809004, 0.06730364773666248, 0.0736400456478331, -0.135559147080043]
S_2 [0, 0.5, 0.5, 0.5, 0.5, 0.3333333333333333, 0, 0.3333333333333333, 0.3333333333333333, 0.5]
Trust scores at iteration 12: [-1.7804798152087373, -0.57577138191393, -4.6328219340638235, -1.3772100138197505, -0.8091337761654759, -3.220438025357525, -2.0266307361932614, -0.5152506361427595, -1.4834128141177356, -2.782239036817801]
X.shape (10, 5)
s1 and s2 score at iteration 12
S_1 [0.13647962062344338, 0.3388153406721433, -0.6236707926467084, 0.04683938292845443, 0.24271863542144376, 0.3296933718456559, 0.2870745954886258, 0.3644533462241685, 0.3187049683358848, -0.14041300819981983]
S_2 [0.3333333333333333, 0.2, 0, 0.2, 0.2, 0.2, 0.2, 0.2, 0.2, 0.5]
Trust scores at iteration 13: [-1.6316507386485648, -0.46522889049355487, -4.34066474173319, -1.2666370566487226, -0.701622399673058, -2.8479317877086463, -1.7851991182697622, -0.4037255725284835, -1.2876241346678452, -2.642542151656919]
X.shape (10, 5)
s1 and s2 score at iteration 13
S_1 [-0.02446346652499546, 0.11889686334515377, -0.23753838291942975, -0.18219512326943837, -0.09046524354470835, 0.03905651128974814, 0.185316561125745, 0.18505552800787375, 0.2510243380626018, 0.15064764532318053]
S_2 [0.5, 0.3333333333333333, 0.5, 0.5, 0.5, 0.3333333333333333, 0.3333333333333333, 0.3333333333333333, 0.3333333333333333, 0.3333333333333333]
Trust scores at iteration 14: [-1.5782311208274544, -0.4380079925328738, -4.101225897993136, -1.3125540117578671, -0.767498594959846, -2.614246421195675, -1.5995217321691706, -0.35629952817708266, -1.1255283878677274, -2.384941440097342]
X.shape (10, 5)
s1 and s2 score at iteration 14
S_1 [0.348645242711139, 0.2171363631423848, 0.23291496530615785, -0.09961784746567073, 0.33665976530195274, -0.40519823569878394, -0.44192578959307205, 0.312976740463877, 0.3243880494207563, 0.19544039402098667]
S_2 [0.16666666666666666, 0.16666666666666666, 0.16666666666666666, 0.3333333333333333, 0.16666666666666666, 0.3333333333333333, 0.3333333333333333, 0.2, 0.16666666666666666, 0.16666666666666666]
Trust scores at iteration 15: [-1.370408008744709, -0.3819271628813838, -3.6742975880024433, -1.309871450610248, -0.6441864641177747, -2.5690425634321126, -1.666324705862208, -0.2909001759463482, -0.9699331065975161, -2.1403902013453417]
X.shape (10, 5)
s1 and s2 score at iteration 15
S_1 [0.07779930569517296, 0.005826598151978384, 0.057753604957802435, -0.1294925590070909, -0.08404899594996867, -0.15918083541433678, -0.19508256490525688, -0.26482287509134284, 0.022386506116695085, -0.06063936415896665]
S_2 [0.5, 0.5, 0.5, 0.5, 0.5, 0.5, 0.5, 0.5, 0.5, 0.5]
Trust scores at iteration 16: [-1.2333672078702382, -0.4362451790478412, -3.3326337413247464, -1.4453286688375773, -0.7878009102881891, -2.6167427492391004, -1.8504432711137797, -0.7022024956933224, -0.9441651096900388, -2.1042945042483665]
X.shape (10, 5)
s1 and s2 score at iteration 16
S_1 [-0.19937493915231502, 0.03012142549350442, -0.22000609043797031, -0.013678452971372913, -0.05223425314899157, -0.02439434945550586, -0.08895056830809712, -0.24966114887238713, -0.004063299361871183, -0.09623271624240443]
S_2 [0.5, 0.25, 0.5, 0.25, 0, 0.25, 0.5, 0.5, 0.25, 0]
Trust scores at iteration 17: [-1.8719345500078242, -0.3426206611430571, -3.829767706738549, -1.396206843255044, -0.8824331073340355, -2.4860551774868793, -2.060705579896108, -1.560831295536428, -0.9132383300179399, -2.2133476635132894]
X.shape (10, 5)
s1 and s2 score at iteration 17
S_1 [-0.11330853965565003, 0.02318711980240633, 0.16883090362086955, -0.18252305527710563, 0.13727869629205897, 0.1812072669446425, -0.09440143521701927, 0.22963177244614316, -0.2350087349170453, -0.013236461425797054]
S_2 [0.5, 0.5, 0.5, 0.5, 0.3333333333333333, 0.3333333333333333, 0, 0.5, 0.5, 0.3333333333333333]
Trust scores at iteration 18: [-1.8340846760144238, -0.3982610725668523, -3.4732684867004773, -1.436071263857654, -0.8010743630684876, -2.225204220726128, -1.8957449407175624, -1.4047481659827854, -1.024256055596487, -2.064443775498814]
X.shape (10, 5)
s1 and s2 score at iteration 18
S_1 [0.12397904310633587, -0.08814723313727793, 0.13553982980089968, -0.2911434381456189, -0.17666373316152562, 0.0022541671897037263, 0.12829225164320426, 0.032677493683493965, -0.18486621794473382, -0.20105828329183667]
S_2 [0.3333333333333333, 0.3333333333333333, 0.3333333333333333, 0.5, 0, 0.3333333333333333, 0.3333333333333333, 0.3333333333333333, 0.5, 0.5]
Trust scores at iteration 19: [-1.625872313777886, -0.49013582396804484, -3.0926083046970962, -1.6072670028534461, -0.8513077523485048, -2.067687362162228, -1.6781843076894627, -1.3068308713580634, -1.158222991045848, -2.106338291089923]
X.shape (10, 5)
s1 and s2 score at iteration 19
S_1 [-0.02422469480609167, -0.20179027668427738, 0.13203825419015944, 0.13256357820601578, 0.05635024896020954, -0.03726619930347676, -0.2585467765126654, -0.10788751148000945, -0.10917297842883991, 0.1161839917174544]
S_2 [0.3333333333333333, 0.5, 0.3333333333333333, 0.3333333333333333, 0.3333333333333333, 0.3333333333333333, 0.5, 0.3333333333333333, 0.3333333333333333, 0.3333333333333333]
Trust scores at iteration 20: [-1.548225769075823, -0.6933437487266048, -2.750410421699811, -1.4132069692347682, -0.7903355508917629, -1.9556972369399153, -1.8054019343441174, -1.324199936208536, -1.1914225423667562, -1.8747271518556508]
X.shape (10, 5)
s1 and s2 score at iteration 20
S_1 [0.13735077450816563, 0.19594315595656178, 0.03577388800288916, 0.07649939021284136, 0.055348537442234, -0.23135992058716923, -0.20613812946365717, -0.2201493979142217, -0.02304947256268743, -0.011831375517230921]
S_2 [0.3333333333333333, 0.3333333333333333, 0.3333333333333333, 0.5, 0.3333333333333333, 0.5, 0.5, 0.5, 0.3333333333333333, 0.5]
Trust scores at iteration 21: [-1.3899726034152722, -0.590676040520611, -2.5237787675340972, -1.3328446483059087, -0.7497214204709136, -1.978202533247367, -1.8300647669900632, -1.4041336488651428, -1.150710301390898, -1.793292603943381]
X.shape (10, 5)
s1 and s2 score at iteration 21
S_1 [0.04416236735708041, -0.21696016893434897, -0.00963734202777485, 0.07340529341305532, -0.025597408278955142, 0.08707860684262184, 0.12584536993889703, -0.19228513433811634, -0.13867270286069425, -0.22293382161723388]
S_2 [0.5, 0, 0.5, 0.25, 0.25, 0.25, 0.25, 0.5, 0.5, 0.5]
Trust scores at iteration 22: [-1.3158827787795455, -0.7040106226115059, -2.3790589731022336, -1.1912304305025254, -0.7450896439782989, -1.761187356911238, -1.5970582902910568, -1.5165150466556172, -1.2458322032031588, -1.8911123492895616]
X.shape (10, 5)
s1 and s2 score at iteration 22
S_1 [0.22502584883991966, 0.08450597926062729, 0.31896012230484816, -0.5058222130939792, 0.11726457106294544, -0.36421188433402185, 0.3085669339676763, 0.3021182938724043, 0.2798609591692963, 0.0848369820153177]
S_2 [0.2, 0.2, 0.2, 0.5, 0.5, 0.5, 0.2, 0.2, 0.2, 0.5]
Trust scores at iteration 23: [-1.1537446631306958, -0.6471153457601502, -2.08115307579201, -1.3306921689725584, -0.7338160300639163, -1.7992559000881363, -1.3806109213672677, -1.3101437721049496, -1.0735073062284124, -1.7754031241785495]
X.shape (10, 5)
s1 and s2 score at iteration 23
S_1 [0.14062228712238037, 0.17060175123799434, -0.0753179297048876, -0.0256289806539852, 0.25469035130560175, 0.3378956011119017, 0.13753643688196152, 0.29892567646295387, 0.0053464515101570515, 0.15430648587867032]
S_2 [0.5, 0.25, 0.25, 0.25, 0.25, 0.25, 0.25, 0.25, 0.25, 0.25]
Trust scores at iteration 24: [-1.0967531154884702, -0.5819143254741701, -1.9453280642264419, -1.2552078334912335, -0.6350589707131683, -1.5693303100793226, -1.251846003424767, -1.1406625206648733, -1.0145742964955256, -1.6021959000368073]
X.shape (10, 5)
s1 and s2 score at iteration 24
S_1 [0.16962195415737866, -0.38657976739803357, 0.09639820832917756, -0.11073224723507367, 0.18459304943717147, 0.14855634920521846, 0.051424863161055795, -0.45355487943168415, 0.1906522086531687, 0.1356575170511776]
S_2 [0.3333333333333333, 0.5, 0.25, 0, 0.25, 0.25, 0.5, 0.5, 0.25, 0.25]
Trust scores at iteration 25: [-0.9647751608061857, -0.8264898947511552, -1.7502329228535936, -1.187767807777872, -0.5247311953425132, -1.3844772013263327, -1.1996882756664904, -1.364492741257029, -0.863116866845973, -1.4208218670767572]
X.shape (10, 5)
s1 and s2 score at iteration 25
S_1 [-0.10052548548737757, -0.14521236555865136, -0.059290462477628286, -0.19073296601895365, -0.07176120019749382, 0.055299224942579, 0.020178336374318144, -0.1986157601446224, -0.05795686246153467, -0.10265931917888434]
S_2 [0.3333333333333333, 0.5, 0.3333333333333333, 0.3333333333333333, 0.3333333333333333, 0.5, 0.5, 0.3333333333333333, 0, 0.3333333333333333]
Trust scores at iteration 26: [-1.1167489306012013, -1.1064347584619303, -1.749093826122862, -1.480568433766644, -0.6686936502164176, -1.2460294811936994, -1.1432300824798518, -1.6538756742750225, -0.8816111019834542, -1.5310496707631287]
X.shape (10, 5)
s1 and s2 score at iteration 26
S_1 [-0.19624686021483537, 0.12156931238743877, 0.052594030916107926, -0.06012554299740702, 0.0966421140869358, 0.08090199573493471, -0.2661135691768699, -0.19375765448914378, 0.01803831726769746, 0.042325484485249004]
S_2 [0.25, 0.2, 0.2, 0.25, 0.2, 0.2, 0.25, 0.25, 0.2, 0.3333333333333333]
Trust scores at iteration 27: [-1.2415019969173757, -0.9557912826157373, -1.5909218553760869, -1.4569694196863963, -0.5823288005292547, -1.1148784921698107, -1.3228057123427508, -1.7228685053083113, -0.8386121047283738, -1.4431287755105022]
X.shape (10, 5)
s1 and s2 score at iteration 27
S_1 [0.34801028988106375, 0.19691049951627163, 0.22529635533828973, 0.31853858693084, 0.16429351967854952, 0.3206052689543942, 0.022886957935481417, 0.05798495650911595, -0.5035050715375265, -0.06835818160318384]
S_2 [0.25, 0.5, 0.25, 0.25, 0.25, 0.25, 0.25, 0.3333333333333333, 0, 0.5]
Trust scores at iteration 28: [-1.067351797225638, -0.90363035052774, -1.4170912520706338, -1.2697411074701401, -0.5268865348760647, -0.9612654161200356, -1.2339486235166244, -1.600586470287696, -0.8994319816192476, -1.4184584727886462]
X.shape (10, 5)
s1 and s2 score at iteration 28
S_1 [0.08512966291052308, 0.01998782523291797, -0.1915912376133385, -0.040649286085459035, 0.03191229539530211, 0.001197492187744424, -0.09089650198200942, -0.24657394376677377, -0.18551133718792434, -0.09548846432514124]
S_2 [0.3333333333333333, 0, 0.5, 0.3333333333333333, 0.3333333333333333, 0.5, 0.5, 0.5, 0, 0.5]
Trust scores at iteration 29: [-0.927283284169741, -0.7897880433275754, -1.6004402688354396, -1.2571835130845863, -0.5033778550456106, -0.963732205966418, -1.3173279440693952, -1.8301729778813984, -1.0274049960269755, -1.4887808886750027]
X.shape (10, 5)
s1 and s2 score at iteration 29
S_1 [-0.04617481876160052, -0.06784619935636949, 0.2754181441719499, 0.16318339085420416, -0.19081445444940512, 0.19508693950808653, 0.3134809475325164, 0.1499942631750653, -0.08895956504361838, -0.06801437585753077]
S_2 [0.3333333333333333, 0.3333333333333333, 0.3333333333333333, 0.3333333333333333, 0, 0.3333333333333333, 0.3333333333333333, 0.3333333333333333, 0.5, 0.3333333333333333]
Trust scores at iteration 30: [-0.9159513274063087, -0.7991187518664622, -1.4192048916194968, -1.146076546570432, -0.5139096234808828, -0.8717931811179827, -1.1522618163291223, -1.665974378851283, -1.0530424778435128, -1.4282659607564814]
X.shape (10, 5)
s1 and s2 score at iteration 30
S_1 [-0.16750333405266504, 0.16862423733160933, 0.2817050806849233, 0.1458951161565374, 0.1594894550483113, 0.078757023224508, 0.11458740863417659, -0.3307121891145385, 0.07449837240689162, -0.2152632461180996]
S_2 [0, 0.25, 0.25, 0.25, 0.3333333333333333, 0.5, 0.3333333333333333, 0, 0.25, 0]
Trust scores at iteration 31: [-0.8838167246800482, -0.7093484471045932, -1.227284402457547, -1.0296788724356372, -0.47256957395486, -0.8566566025148143, -1.0630259286273995, -1.6167735418050397, -0.9712927104307048, -1.361853764305689]
X.shape (10, 5)
s1 and s2 score at iteration 31
S_1 [-0.049236612599056685, 0.09805135071770699, -0.11131628571399024, 0.05726260760933434, -0.14831118095632828, -0.10954947459071987, -0.16606906568681307, -0.10399266207167474, 0.01988991785048078, 0.08684181891918746]
S_2 [0.3333333333333333, 0.3333333333333333, 0, 0.3333333333333333, 0.3333333333333333, 0, 0.5, 0.5, 0.3333333333333333, 0.3333333333333333]
Trust scores at iteration 32: [-0.912316848235582, -0.6050802690608006, -1.2180845213791958, -0.9349770207708572, -0.6432379654070959, -0.8827175771223634, -1.2260928186644222, -1.6611555751908254, -0.9205449006951779, -1.2037673619159015]
X.shape (10, 5)
s1 and s2 score at iteration 32
S_1 [0.09530436777102022, 0.056088347153640195, -0.1558487122725931, 0.19873362248856521, 0.10499721387074477, 0.29822420555130086, 0.14579172003501398, -0.21689592012996062, 0.1883113874612727, 0.2515654666797713]
S_2 [0.3333333333333333, 0.25, 0.3333333333333333, 0.3333333333333333, 0.25, 0.3333333333333333, 0.3333333333333333, 0.25, 0.25, 0.3333333333333333]
Trust scores at iteration 33: [-0.889127875573889, -0.6007647992612255, -1.2485349769260128, -0.8748403206549691, -0.6187066934447835, -0.7944458194101272, -1.1545969215195517, -1.6427691644319813, -0.8403461775433192, -1.0990361494621568]
X.shape (10, 5)
s1 and s2 score at iteration 33
S_1 [0.006092225731146341, 0.04980849968821784, -0.22401990772872946, -0.12507649200754742, -0.18364508475305089, -0.25669106643664036, -0.09866663733606545, 0.07526142754109572, 0.051270673600692554, -0.04326684768730853]
S_2 [0.3333333333333333, 0.3333333333333333, 0.5, 0.5, 0.5, 0.5, 0.5, 0.3333333333333333, 0.3333333333333333, 0.3333333333333333]
Trust scores at iteration 34: [-0.8587870029222866, -0.5411743390016573, -1.5213371510002083, -1.0535456582227423, -0.9008455928169938, -1.156067139117707, -1.2702357755414513, -1.4451589146554498, -0.7548547862343046, -1.113287942893869]
X.shape (10, 5)
s1 and s2 score at iteration 34
S_1 [-0.3196240197237109, 0.10345300333589033, -0.07734358583324935, -0.1714631290492318, -0.13154215128251348, -0.00772806661956819, 0.012337505739243887, 0.04255554809468351, -0.1758659652992377, 0.10069280145039018]
S_2 [0, 0.3333333333333333, 0.5, 0, 0.5, 0.5, 0.5, 0.3333333333333333, 0.5, 0.3333333333333333]
Trust scores at iteration 35: [-1.0818640694200836, -0.4537235717681583, -1.5439654856612086, -1.1139312096714251, -1.0379126357516395, -1.1479305482283457, -1.231286487431387, -1.3261745398633766, -0.9493653054343858, -0.9712938884990843]
X.shape (10, 5)
s1 and s2 score at iteration 35
S_1 [0.2694582030920377, -0.03030047060912961, -0.37989730846257264, 0.23264098017835227, -0.0014279781064404516, 0.375340725541155, 0.28920991150341496, 0.32012386704104895, 0.31016190235108265, -0.024299528667232406]
S_2 [0.2, 0.5, 0.5, 0.2, 0.5, 0.2, 0.2, 0.2, 0.2, 0.5]
Trust scores at iteration 36: [-0.9418873704164982, -0.51642400513797, -1.5907829228449284, -0.9805568102690856, -1.03450182066215, -0.9731374934055111, -1.071105205754148, -1.148268214923986, -0.8117940163248736, -0.9806384916819344]
X.shape (10, 5)
s1 and s2 score at iteration 36
S_1 [0.146410818482122, 0.161598113150242, -0.20016202532236346, -0.2624128369492571, -0.145331491263469, 0.05712955550949718, -0.22654177774458864, 0.04593562164997685, 0.1476736888148616, 0.16495470463009465]
S_2 [0.5, 0.3333333333333333, 0.3333333333333333, 0.3333333333333333, 0.5, 0.3333333333333333, 0.3333333333333333, 0.3333333333333333, 0.3333333333333333, 0.3333333333333333]
Trust scores at iteration 37: [-0.8589404383233988, -0.43348312776091114, -1.6197149265411128, -1.1082495496167533, -1.1191555163176221, -0.9078569302027698, -1.1679971000149356, -1.0722606448014391, -0.7077575001816594, -0.8492413091804076]
X.shape (10, 5)
s1 and s2 score at iteration 37
S_1 [-0.026974247936637066, 0.07478218106330384, -0.01384853609236011, -0.015743513989342026, -0.13667297693605754, -0.22380868578831267, 0.08724552759390553, -0.12860918683368922, 0.07612768802008332, -0.13985605523069303]
S_2 [0.3333333333333333, 0.3333333333333333, 0.3333333333333333, 0.3333333333333333, 0, 0.3333333333333333, 0.3333333333333333, 0.3333333333333333, 0, 0.3333333333333333]
Trust scores at iteration 38: [-0.9039640227988295, -0.4044201851055829, -1.573616495205193, -1.1154696617473672, -1.1638932404528628, -1.1735986397446692, -1.0511973900134421, -1.2124452160071904, -0.5497249129139917, -1.024618868317666]
X.shape (10, 5)
s1 and s2 score at iteration 38
S_1 [0.00031629475703500966, 0.1119398280449281, -0.18523147841891136, -0.011240667805144532, -0.02738856378673601, -0.12067545939910818, -0.09034362303960744, 0.014967993046160557, 0.05325835007578264, -0.2557646226154639]
S_2 [0.25, 0.5, 0.3333333333333333, 0.5, 0.25, 0.3333333333333333, 0.3333333333333333, 0.25, 0.25, 0.5]
Trust scores at iteration 39: [-0.863285062681795, -0.36397816659502463, -1.6483956618600988, -1.113964401015159, -1.1219711362211924, -1.2307093059113365, -1.0934516267907164, -1.1278292310876668, -0.49717476226223795, -1.250641004628056]
X.shape (10, 5)
s1 and s2 score at iteration 39
S_1 [-0.15169067558727192, -0.08050658651646897, -0.06819224049905273, -0.15666049183674902, -0.0498393607812415, -0.15253044064226437, -0.09148782573349824, -0.1569366108132081, -0.05633048065703845, -0.10392981738292527]
S_2 [0.25, 0.3333333333333333, 0.3333333333333333, 0.25, 0.5, 0.25, 0.3333333333333333, 0.25, 0.5, 0.5]
Trust scores at iteration 40: [-0.522597364783764, -0.2327148756306498, -1.4133986951173276, -0.7382370999614442, -1.0097740225990732, -0.8515942402203128, -0.8672077232381482, -0.7501614291337529, -0.4344332027130192, -1.0170473087735652]
X.shape (10, 5)
s1 and s2 score at iteration 40
S_1 [0.08403780255259197, 0.15608225440410262, 0.16717836361301497, -0.06637053957766999, 0.1864264265164437, 0.29001623638521135, 0.158871028190847, -0.4865946418420827, 0.26067092272921216, 0.09829051151340158]
S_2 [0.25, 0.5, 0.3333333333333333, 0.5, 0.25, 0.25, 0.3333333333333333, 0, 0.25, 0.3333333333333333]
Trust scores at iteration 41: [-0.4913606980479486, -0.2556249341942686, -1.2810810080541566, -0.7872985016421211, -0.894515244634109, -0.7164348161982816, -0.7923735714115063, -0.8429271483350793, -0.3511083896059236, -0.9481178622256299]
X.shape (10, 5)
s1 and s2 score at iteration 41
S_1 [0.16866839794238528, 0.20698956548566755, -0.010325488876770872, 0.2143830226210802, 0.2182213527507631, -0.31168615020790613, -0.21458973992149266, 0.11552052334201852, 0.16124340942991428, -0.15703760470197092]
S_2 [0.3333333333333333, 0.3333333333333333, 0.3333333333333333, 0.3333333333333333, 0.3333333333333333, 0.5, 0.3333333333333333, 0.5, 0.3333333333333333, 0.3333333333333333]
Trust scores at iteration 42: [-0.4315989512338895, -0.20187607730651688, -1.2243712322735902, -0.6769942340715916, -0.7717303868373648, -0.8876216058965366, -0.8781386932745903, -0.8056971192168608, -0.3087743768370032, -0.9919352718734308]
X.shape (10, 5)
s1 and s2 score at iteration 42
S_1 [0.047623427151081, 0.2025186700216766, 0.022318004093566508, 0.16150380832503247, 0.07902102727795547, -0.12665367251519546, 0.05712891459004029, -0.15249523737667553, -0.08926839099744524, -0.29452321433327655]
S_2 [0.3333333333333333, 0.3333333333333333, 0.3333333333333333, 0.3333333333333333, 0.3333333333333333, 0.5, 0.3333333333333333, 0.5, 0.5, 0]
Trust scores at iteration 43: [-0.43159014905451554, -0.14835513624253188, -1.1575805551617866, -0.5962138627986978, -0.7222048827721251, -0.9613987027993596, -0.8287822817621273, -0.900426754935742, -0.42197603121325483, -1.0381718990030957]
X.shape (10, 5)
s1 and s2 score at iteration 43
S_1 [0.08659596635927927, 0.027405263853494774, -0.04016045916627734, -0.06710084567191266, 0.029472639477338396, -0.18649134515069837, -0.2683134692517237, -0.19219775856973517, -0.03461058302157037, 0.007269623769366684]
S_2 [0.5, 0.5, 0.3333333333333333, 0, 0.3333333333333333, 0.5, 0.5, 0, 0.5, 0.3333333333333333]
Trust scores at iteration 44: [-0.388431134149064, -0.20187234734012927, -1.1548659906087495, -0.6140797412183372, -0.6826164049108956, -1.180616837044671, -1.1557492814092454, -1.0323317828401795, -0.5197463209126804, -0.9926265000321631]
X.shape (10, 5)
s1 and s2 score at iteration 44
S_1 [0.006015783659579283, -0.14563807783233784, -0.17756373150430804, -0.2430188540198327, -0.15996281374282317, 0.03173796970072128, 0.08387385903181564, -0.12492067980062756, -0.009242985964238571, 0.026655109659989726]
S_2 [0.3333333333333333, 0.3333333333333333, 0.3333333333333333, 0, 0.5, 0.25, 0.25, 0.3333333333333333, 0.25, 0.25]
Trust scores at iteration 45: [-0.40908226952352433, -0.421991193881205, -1.317749363098788, -0.842415027779965, -0.9050730830822928, -1.0747150323930061, -0.9901743532683209, -1.1447040243011166, -0.528791792189653, -0.9115838532961403]
X.shape (10, 5)
s1 and s2 score at iteration 45
S_1 [-0.05724226736911972, 0.2699216039144956, -0.6092923491007833, -0.081125005820511, 0.387719405204912, 0.35045228110674786, 0.364033868270161, -0.0941500044705332, 0.36519420446965706, 0.30147268473537336]
S_2 [0.5, 0.2, 0, 0, 0.2, 0.2, 0.2, 0.5, 0.2, 0.2]
Trust scores at iteration 46: [-0.48293788121341547, -0.35017430445347547, -1.3431221838837, -0.7790971632649634, -0.7545657747740636, -0.9168554091880485, -0.8372658556466401, -1.1545166479993398, -0.42172227852594935, -0.7826700910913237]
X.shape (10, 5)
s1 and s2 score at iteration 46
S_1 [-0.019399253570531863, -0.11639728639714801, -0.051230631417300616, -0.04424822033254596, -0.1767354361304361, -0.14206767465400358, -0.04254582146623972, -0.18203773135271792, -0.12225283809877811, -0.04393086700417624]
S_2 [0.3333333333333333, 0.3333333333333333, 0.3333333333333333, 0.5, 0.3333333333333333, 0.3333333333333333, 0.3333333333333333, 0, 0.3333333333333333, 0.5]
Trust scores at iteration 47: [-0.4013107597587406, 0.21818555747916474, -1.0113910515955271, -0.5730950609522323, 0.16526659180880598, -0.1595007564613753, -0.6008891402979367, -0.10069005711854118, 0.1839767983758845, -0.5779466008374284]
X.shape (10, 5)
s1 and s2 score at iteration 47
S_1 [0.18535839322700742, -0.2994470959288153, 0.2645740613254812, -0.4065515589590755, -0.09774944592218236, 0.1744129617523545, 0.22384511321509207, -0.0679565227738499, 0.11788771112925062, 0.13104111530083812]
S_2 [0.25, 0.5, 0.25, 0.5, 0.5, 0.25, 0.25, 0.5, 0.3333333333333333, 0.25]
Trust scores at iteration 48: [-0.3411205130922908, -0.016813819710061823, -0.8602519464359744, -0.7694482219084597, 0.011793965425974301, -0.12762851109135462, -0.5061943839215209, -0.21630630658000094, 0.14346999864649035, -0.5206228544009497]
X.shape (10, 5)
s1 and s2 score at iteration 48
S_1 [-0.1528167857985133, -0.14619780830944787, 0.12237525690055223, -0.11231341594387473, 0.04041595168363459, 0.10951578339879417, -0.21804373388686116, 0.13734482286217464, 0.11626097639116113, 0.10662845467041694]
S_2 [0.5, 0.5, 0.5, 0.5, 0.5, 0.25, 0.5, 0.25, 0.25, 0.25]
Trust scores at iteration 49: [-0.5182735117601291, -0.22157824709887192, -0.7851260093323895, -0.8742781718592482, -0.059958801964250956, -0.08512782850334856, -0.714331372850745, -0.14467567592200087, 0.16377196768242294, -0.440924985435862]
X.shape (10, 5)
s1 and s2 score at iteration 49
S_1 [0.151385445461301, 0.21823096732354474, -0.40797939364601626, 0.0965981640014548, -0.15258215486682575, 0.1268096742375321, 0.09432650489409099, 0.23492661264984666, 0.045683964552576124, -0.1331992124438576]
S_2 [0.25, 0.25, 0.5, 0.5, 0.5, 0.3333333333333333, 0.3333333333333333, 0.25, 0.25, 0]
Trust scores at iteration 50: [-0.4520066985096607, -0.1565271716576112, -0.9802758934808646, -0.8457319122321375, -0.2189117809650792, -0.08930329207721113, -0.6694134252114333, -0.0802081083298008, 0.11684082857333022, -0.4535307089206112]
X.shape (10, 5)
s1 and s2 score at iteration 50
S_1 [-0.1381252057261909, 0.14665537747003385, -0.24346388649989598, 0.02870718466348155, 0.1205976590015046, -0.355521334973115, 0.27036362201209363, 0.15982205998061993, 0.1312917651445057, 0.1916146951227066]
S_2 [0.3333333333333333, 0.3333333333333333, 0.5, 0.25, 0.25, 0.5, 0.25, 0.3333333333333333, 0.3333333333333333, 0.25]
Trust scores at iteration 51: [-0.5245613753401646, -0.1532973673655328, -1.0722988385530507, -0.8005407301528176, -0.2024148759205464, -0.31187043739186204, -0.55247208269029, -0.07974021994331602, 0.08705125905106646, -0.38730468045508804]
X.shape (10, 5)
s1 and s2 score at iteration 51
S_1 [0.0626350610518341, 0.07380244775149729, 0.017596325002692197, -0.164606379082266, -0.016953629967395467, 0.12140793132248565, 0.09120000941793455, -0.26206148463343987, -0.22141601654033113, 0.02560857333593953]
S_2 [0.25, 0.3333333333333333, 0.3333333333333333, 0.5, 0.3333333333333333, 0.25, 0.25, 0.5, 0.5, 0.25]
Trust scores at iteration 52: [-0.4705146535917924, -0.14384547819002938, -1.017242066609779, -0.956067897415023, -0.2628042415048214, -0.23068339365267587, -0.47210621584228596, -0.3876182281901949, -0.20402746809118041, -0.37748121374220417]
X.shape (10, 5)
s1 and s2 score at iteration 52
S_1 [-0.1834437489676726, -0.24443956222133809, -0.09218838142197316, -0.012015295473701025, -0.044961230729321136, -0.07956272590906306, -0.032357081177805655, -0.08158765549522029, -0.04907254811803351, -0.12698551295633206]
S_2 [0.5, 0.5, 0.5, 0.5, 0.5, 0.5, 0.5, 0.5, 0.5, 0.5]
Trust scores at iteration 53: [1.0032886870682702, 1.8049423246830438, -0.24825931334248352, -0.8604611076735207, 0.03767614158742691, 0.3545636335626679, -0.2555965058700228, 0.2301752145652517, 0.12479260166636674, 0.6171324107257755]
X.shape (10, 5)
s1 and s2 score at iteration 53
S_1 [-0.17177381435153874, 0.2666198858185283, -0.11094947689311635, 0.2032452655354238, -0.19857258688196083, 0.28730923332561065, -0.1376391942031678, 0.07194029374124351, 0.21574404666670946, 0.00896982716457888]
S_2 [0.3333333333333333, 0.25, 0.5, 0.25, 0.3333333333333333, 0.25, 0.3333333333333333, 0.3333333333333333, 0.25, 0.25]
Trust scores at iteration 54: [0.7765060671088574, 1.6672470192566577, -0.3620501280170124, -0.7536740523208327, -0.10187272514372542, 0.3691072702064011, -0.34460981184158906, 0.16553035180885475, 0.13740457479198018, 0.5085411811043278]
X.shape (10, 5)
s1 and s2 score at iteration 54
S_1 [0.009062466317334553, 0.29755389091645035, 0.32597673128217985, 0.10250598843852492, 0.1520673352853811, 0.2712535634554702, -0.1104819450294712, 0.21055129041338919, 0.11867189830863643, -0.2807505761778044]
S_2 [0.5, 0.25, 0.25, 0.25, 0.25, 0.25, 0.5, 0.25, 0.5, 0]
Trust scores at iteration 55: [0.6016355564746728, 1.5418030322906358, -0.2758451152153112, -0.6968608478639602, -0.09503570106971014, 0.3654090971581061, -0.4440414169763699, 0.16356821229871785, 0.060069138567476824, 0.3715611069866933]
X.shape (10, 5)
s1 and s2 score at iteration 55
S_1 [0.3041296478536661, -0.1814026836885424, 0.4418709032949897, 0.048604556349510365, 0.3251980080203729, 0.5227057300239045, 0.31899155797586576, 0.36799914574228937, 0.5057265995349596, 0.29770403896746994]
S_2 [0.25, 0, 0.2, 0.25, 0.25, 0.2, 0.25, 0.2, 0.2, 0.2]
Trust scores at iteration 56: [0.49965572263943014, 1.3529181767161738, -0.24372529483562352, -0.7178761169067468, -0.12331777413801082, 0.34886818744229553, -0.43861028826612114, 0.1376141290922957, 0.07081390935589871, 0.31135942052091986]
X.shape (10, 5)
s1 and s2 score at iteration 56
S_1 [-0.20848665296171812, 0.0644338281449964, 0.020940151853867224, -0.3176851768694692, 0.03725939640130012, -0.2600012750654811, 0.07334530813870647, 0.04279440773479685, -0.058969015099699734, -0.08080606289394866]
S_2 [0, 0.3333333333333333, 0.3333333333333333, 0.5, 0.5, 0.5, 0.3333333333333333, 0.5, 0.5, 0]
Trust scores at iteration 57: [0.16543658562470587, 1.2388096582177535, -0.25746934151496115, -1.1792248365389715, -0.16018602417404024, -0.14050793902122455, -0.36141592610617573, 0.08219919916990764, -0.1166666462926962, 0.1700513830143609]
X.shape (10, 5)
s1 and s2 score at iteration 57
S_1 [-0.18458302721239644, -0.04220321509386779, -0.14341205952936376, -0.03488928310164793, -0.12758514570458604, -0.19493841050396418, -0.00411233453416221, -0.11662554880851037, -0.08325489980989115, -0.02272360575997859]
S_2 [0.5, 0.3333333333333333, 0.3333333333333333, 0.3333333333333333, 0.3333333333333333, 0.3333333333333333, 0.3333333333333333, 0.5, 0.3333333333333333, 0.5]
Trust scores at iteration 58: [4.5374146093091, 2.0745213133255644, 3.1889745715586026, -0.2795632584976787, 2.8916651038166212, 4.547210635340582, -0.29194100016222485, 2.809972991332326, 1.8528500615404555, 0.6056181614966352]
X.shape (10, 5)
s1 and s2 score at iteration 58
S_1 [-0.07360492923279979, 0.19379016628540358, -0.20431519468154186, -0.07636886809842056, 0.1460879101194687, -0.0756103035480927, -0.1553573759811742, 0.04168255273527886, 0.15078956506319227, -0.21205650117541083]
S_2 [0.3333333333333333, 0.25, 0.3333333333333333, 0.3333333333333333, 0.25, 0.3333333333333333, 0.3333333333333333, 0.25, 0.25, 0.5]
Trust scores at iteration 59: [3.979024714811959, 1.9170691819930081, 2.69797930094577, -0.3576816196296788, 2.627883177142018, 3.986806320863471, -0.4095813993498331, 2.500484808752454, 1.6953757967431813, 0.3356305136651383]
X.shape (10, 5)
s1 and s2 score at iteration 59
S_1 [0.17380335144838893, -0.02978700878724491, 0.15186407458785586, -0.18042685554056448, -0.09058838925302642, 0.24057905648545694, -0.2597163100845092, -0.06112814786850476, -0.07732369220790897, 0.21902877180429003]
S_2 [0.25, 0.3333333333333333, 0.25, 0.5, 0.3333333333333333, 0.25, 0.5, 0, 0.3333333333333333, 0.25]
Trust scores at iteration 60: [3.603366001364994, 1.6463142164605795, 2.4413057661357995, -0.49691036644853215, 2.2607738804629793, 3.638125688777124, -0.5765779225840476, 2.2250275708717124, 1.4270308922179362, 0.3431097895086534]
X.shape (10, 5)
s1 and s2 score at iteration 60
S_1 [-0.3212054475896553, -0.00859358657823576, -0.002508187532957574, 0.01719369236635361, -0.1903982875766538, 0.0657031153442677, 0.06564963747219524, 0.06559088081742061, 0.01617254997067452, -0.30593471054081994]
S_2 [0.3333333333333333, 0.5, 0.5, 0.5, 0.3333333333333333, 0.3333333333333333, 0.3333333333333333, 0.3333333333333333, 0.5, 0.3333333333333333]
Trust scores at iteration 61: [2.6874887353509536, 1.3686033745568862, 2.0933577335008193, -0.5210505670650127, 1.6782440422616447, 3.3076464532327448, -0.4856681901983885, 2.0356873264098168, 1.208942389208584, -0.22349982643144156]
X.shape (10, 5)
s1 and s2 score at iteration 61
S_1 [0.011908450540192992, 0.18621080731311188, 0.34696007408704244, -0.2020261808761634, -0.10681380857865858, 0.4158373540690455, 0.4125638483989597, 0.40656057546178537, 0.3663095569258219, 0.3027221206998173]
S_2 [0.3333333333333333, 0.16666666666666666, 0.16666666666666666, 0, 0, 0.16666666666666666, 0.16666666666666666, 0.16666666666666666, 0.2, 0.16666666666666666]
Trust scores at iteration 62: [2.3216035897671032, 1.2265227581846945, 1.9174584457603092, -0.5175284909155249, 1.4847331989665833, 3.0268818079094704, -0.3878885793593574, 1.8798877266962921, 1.1161377731514284, -0.17835164090016695]
X.shape (10, 5)
s1 and s2 score at iteration 62
S_1 [-0.1902725870149863, -0.14151012798567503, 0.07200855500180231, -0.21431207965888194, -0.11563180273472905, 0.08799094861556266, 0.08799094861556268, 0.08799094861556268, -0.16325083721351064, -0.047260954417682986]
S_2 [0, 0.5, 0.5, 0, 0, 0.3333333333333333, 0.3333333333333333, 0.3333333333333333, 0.5, 0.5]
Trust scores at iteration 63: [1.873202140077418, 0.8430469769805284, 1.707548922004516, -0.7093371479002658, 1.204846586505106, 2.7575269604518566, -0.31576638809008833, 1.7252322873599963, 0.7189925976844569, -0.3142276313792056]
X.shape (10, 5)
s1 and s2 score at iteration 63
S_1 [-0.051020823971430346, -0.08019114464026761, -0.07579939360745706, -0.07040042692719578, -0.13432977685589698, 0.07036227382058988, 0.07036227382058986, 0.07036227382058988, 0.04548311148822973, -0.2593015760372428]
S_2 [0.5, 0.5, 0.3333333333333333, 0.3333333333333333, 0.5, 0.3333333333333333, 0.3333333333333333, 0.3333333333333333, 0.3333333333333333, 0.5]
Trust scores at iteration 64: [1.513370306985956, 0.5447733293239518, 1.3624000406794414, -0.8051243235882386, 0.7934502793788627, 2.515107597740004, -0.25085641594774616, 1.58604239195733, 0.6450680039103709, -0.7513284561776433]
X.shape (10, 5)
s1 and s2 score at iteration 64
S_1 [-0.2331363403312919, -0.08167181479981701, 0.05277961437450173, -0.3673752334568124, -0.1018599881542336, 0.13857946938940013, 0.13952179137484258, 0.14091053137280166, -0.1351782546818674, -0.028245711554844805]
S_2 [0.5, 0.5, 0.5, 0.5, 0.5, 0.25, 0.25, 0.25, 0, 0.25]
Trust scores at iteration 65: [1.0965833712589763, 0.33233594613545414, 1.1636161542347179, -1.0853271336443777, 0.541818256876499, 2.311942552824438, -0.17675632169597671, 1.4774381527615972, 0.48462922926239815, -0.7462407493296109]
X.shape (10, 5)
s1 and s2 score at iteration 65
S_1 [0.012668737937920017, 0.21446969882627506, 0.031980435865923536, -0.2160157609779805, -0.05418986561300399, -0.010732042774579472, -0.004593620497947574, 0.018424390239789843, 0.07666673864807244, 0.027886857478358715]
S_2 [0.5, 0.5, 0.5, 0.5, 0.5, 0.3333333333333333, 0.3333333333333333, 0.3333333333333333, 0.5, 0.5]
Trust scores at iteration 66: [0.8928320401144607, 0.2991023515219087, 0.9621659393685008, -1.1775152970099239, 0.3623695212665766, 2.009077640645793, -0.2278892067775744, 1.2716183436926642, 0.37191342542461014, -0.7586139716227966]
X.shape (10, 5)
s1 and s2 score at iteration 66
S_1 [0.09090932942624735, -0.04813232077543717, 0.013057136419082904, 0.22043250391291455, 0.2207697721637224, 0.038346629230333, 0.03811981709553072, 0.037917618034410405, 0.1975199960054047, -0.44153308567264593]
S_2 [0.3333333333333333, 0.3333333333333333, 0.25, 0.25, 0.25, 0.3333333333333333, 0.3333333333333333, 0.3333333333333333, 0.25, 0]
Trust scores at iteration 67: [0.744727177021367, 0.14739007331658543, 0.7968637132778973, -1.0349165365252524, 0.35113256913991897, 1.7255393872957037, -0.28783351233730153, 1.0616316948856181, 0.34919085121467447, -0.8827496489446116]
X.shape (10, 5)
s1 and s2 score at iteration 67
S_1 [0.005074731457413236, -0.1075436075740828, 0.3616985112452178, 0.2691097079640287, 0.029555333839265355, 0.22975645512101212, 0.22995798559416514, 0.23060131448725263, 0.06597426404804334, 0.19685866904691351]
S_2 [0.5, 0.3333333333333333, 0.3333333333333333, 0.25, 0.3333333333333333, 0.25, 0.25, 0.25, 0.5, 0.3333333333333333]
Trust scores at iteration 68: [0.5716574873383236, 0.03625145759178122, 0.750510675283441, -0.9070232197202951, 0.25752390779020395, 1.5665069859730834, -0.2454729058910769, 0.9692236439053861, 0.23251189205361367, -0.8067151745157625]
X.shape (10, 5)
s1 and s2 score at iteration 68
S_1 [-0.20932173634628626, 0.14616226605313343, 0.2290722624306883, -0.48875469649944125, 0.17634917252147841, 0.3317468692428197, 0.32864288170846134, 0.3236669174213598, -0.02850887165149564, -0.005469649685490414]
S_2 [0.5, 0.25, 0.25, 0.5, 0.25, 0.25, 0.25, 0.25, 0.25, 0.5]
Trust scores at iteration 69: [0.35139491516677723, 0.026684682718433838, 0.69450992402591, -1.0636484965331392, 0.23492926735378014, 1.459856287375775, -0.17186126468471785, 0.9198657021000849, 0.1506671412220147, -0.8276923989793622]
X.shape (10, 5)
s1 and s2 score at iteration 69
S_1 [-0.12029787454962183, 0.1688086224664975, -0.07081258752357233, -0.44183181502859054, 0.05590041413598528, 0.2580529634762212, 0.2565342884089598, 0.25365210365714563, 0.061778253573777836, -0.10336496720111847]
S_2 [0.5, 0.5, 0.5, 0, 0.25, 0.25, 0.25, 0.25, 0.5, 0]
Trust scores at iteration 70: [0.1696379103578304, -0.010567515888266668, 0.4976178255148448, -1.128501140016386, 0.18309872084568302, 1.3638706586381977, -0.10526365115049158, 0.8761737223649186, 0.05954057207686193, -0.7849788770273443]
X.shape (10, 5)
s1 and s2 score at iteration 70
S_1 [-0.04608528890899834, -0.1785165697325506, -0.08050279473270809, 0.20225683187397736, 0.1456755773932528, 0.1947423052585592, 0.1960015948803054, 0.19825814124191068, -0.2463926928222355, -0.18506608074340924]
S_2 [0, 0.5, 0.5, 0.25, 0.5, 0.25, 0.25, 0.25, 0.5, 0.5]
Trust scores at iteration 71: [0.12988859040715106, -0.1977730830940808, 0.3080537806680289, -0.9656510260147475, 0.13681389535337057, 1.2737682539421646, -0.04783000578968513, 0.8365793140031116, -0.16823517616559647, -0.8979815230908663]
X.shape (10, 5)
s1 and s2 score at iteration 71
S_1 [0.2736713881255482, 0.30579490486974825, 0.3106542850496479, 0.3605701271923152, -0.3157801479029812, 0.3921158360517649, 0.3927051047268002, 0.3862041163848282, -0.17160049468702152, -0.22504251155504512]
S_2 [0.25, 0.16666666666666666, 0.16666666666666666, 0.16666666666666666, 0, 0.16666666666666666, 0.16666666666666666, 0.16666666666666666, 0.5, 0.5]
Trust scores at iteration 72: [0.13658850923855906, -0.13346026934075467, 0.3230213200679086, -0.810602236073254, 0.0427209847804689, 1.2129080414801605, 0.02361966145595005, 0.8179326115723955, -0.2951086954914014, -0.9654890968460244]
X.shape (10, 5)
s1 and s2 score at iteration 72
S_1 [0.2818780975176398, 0.3682225903382268, -0.2913639939393693, 0.2968667615027043, 0.08868602816229766, 0.42871432226977785, 0.43290572308513625, 0.43881714516338427, -0.4340550865898684, 0.27304130283978306]
S_2 [0.16666666666666666, 0.16666666666666666, 0.5, 0.16666666666666666, 0.2, 0.16666666666666666, 0.16666666666666666, 0.16666666666666666, 0.5, 0.2]
Trust scores at iteration 73: [0.15383221471915307, -0.0695350407817153, 0.12432160146935281, -0.6952237590792006, 0.018659133130694255, 1.15598161863805, 0.08657723547036547, 0.8028060170818226, -0.46451262254353287, -0.8467180734976265]
X.shape (10, 5)
s1 and s2 score at iteration 73
S_1 [-0.30775219777927343, -0.07100594940395234, 0.0320121077771207, -0.0038543180385903148, -0.011413920631229047, 0.13724349870891533, 0.137224425429982, 0.13711347662263046, -0.06386375398763966, -0.10835061107094421]
S_2 [0.5, 0.3333333333333333, 0.3333333333333333, 0.3333333333333333, 0.5, 0.25, 0.25, 0.25, 0.5, 0.25]
Trust scores at iteration 74: [-0.1857890950224267, -0.18098540773466004, 0.06854781961472291, -0.6951764291599908, -0.09152332758797374, 1.0903834567742452, 0.12790561452264126, 0.7724306771255571, -0.5645945327807164, -0.8909939846847899]
X.shape (10, 5)
s1 and s2 score at iteration 74
S_1 [0.05336623147249572, 0.40742325082357583, 0.2709590388712625, 0.2995099608423235, 0.009965581666003785, 0.1481779902827022, 0.14601493537577265, 0.14224638700318432, -0.13113958535850193, 0.2430910039839959]
S_2 [0.3333333333333333, 0.25, 0.25, 0.25, 0.3333333333333333, 0.3333333333333333, 0.3333333333333333, 0.3333333333333333, 0, 0.25]
Trust scores at iteration 75: [-0.25411171081000977, -0.13788686696119404, 0.053198579083087755, -0.6271455637568395, -0.17992499263223272, 0.9177146579950822, 0.05095368895593702, 0.6301012739413865, -0.5403226350958547, -0.817229114623169]
X.shape (10, 5)
s1 and s2 score at iteration 75
S_1 [0.38558967446735715, 0.13108744194828906, 0.32848096082901795, 0.4347901725702604, -0.716162110838535, 0.44739999669709246, 0.44936810030186286, 0.44061610260832873, 0.3997812620836585, 0.11391802472201351]
S_2 [0.16666666666666666, 0.25, 0.25, 0.16666666666666666, 0, 0.16666666666666666, 0.16666666666666666, 0.16666666666666666, 0.16666666666666666, 0.5]
Trust scores at iteration 76: [-0.17622678657615468, -0.14492667435260975, 0.07097713661823413, -0.5010084356384076, -0.32130342120243893, 0.8921718874967948, 0.11252498672700999, 0.6318101899430026, -0.4306584975951161, -0.8101554885361404]
X.shape (10, 5)
s1 and s2 score at iteration 76
S_1 [0.08240571984853594, 0.01855625961265485, -0.12821669051156545, 0.1465497232035949, 0.14770050257071132, 0.26639114992064683, 0.2619611897439771, 0.25397804937716956, 0.10502403883945984, -0.4365706074456436]
S_2 [0.25, 0.5, 0.5, 0.5, 0.25, 0.25, 0.25, 0.25, 0.5, 0.5]
Trust scores at iteration 77: [-0.17767000223481694, -0.22346821258890262, -0.08425156433418013, -0.4958946071284643, -0.28372810554808603, 0.8529546987471153, 0.14960953484509412, 0.6139694438717425, -0.4481679001025268, -0.9930232397004474]
X.shape (10, 5)
s1 and s2 score at iteration 77
S_1 [-0.0010838556963870876, -0.0013023473790718294, -0.06302248068271764, 0.05923294752135561, -0.2136242183711499, 0.18271494412037134, 0.18397794766312806, 0.185933696728254, -0.3602317223850981, -0.1072673838617858]
S_2 [0.3333333333333333, 0.3333333333333333, 0.3333333333333333, 0.5, 0.5, 0.25, 0.25, 0.25, 0, 0.25]
Trust scores at iteration 78: [-0.22715259458947407, -0.2684884944436428, -0.17638821127028598, -0.5144481196562748, -0.4702479810045528, 0.8159280996233645, 0.18359672841540053, 0.6025724994845683, -0.5970931421842753, -1.0014121173518922]
X.shape (10, 5)
s1 and s2 score at iteration 78
S_1 [-0.017769497230795097, -0.07305520674001917, 0.03537308825365245, -0.14836011901177223, 0.14382868104660493, 0.18457371764112046, 0.18251834788767016, 0.18206222777400388, -0.4140885772924718, -0.2240397406639208]
S_2 [0, 0.3333333333333333, 0.3333333333333333, 0.3333333333333333, 0.25, 0.25, 0.25, 0.25, 0.5, 0.5]
Trust scores at iteration 79: [-0.21406465231191735, -0.3478868151491472, -0.20625130859673002, -0.6100498469132968, -0.395298393348598, 0.7843352896610281, 0.21412347896083114, 0.5909545520873014, -0.8617324419421957, -1.122653160645849]
X.shape (10, 5)
s1 and s2 score at iteration 79
S_1 [0.2177982108742419, 0.06278609560857279, -0.07484179650402041, -0.4097440056486536, 0.1928218378907738, 0.23485673157124046, 0.241916120021763, 0.25126780449490954, 0.08170550245913889, -0.10148672153627834]
S_2 [0.2, 0.3333333333333333, 0.3333333333333333, 0, 0.2, 0.2, 0.2, 0.2, 0.3333333333333333, 0.3333333333333333]
Trust scores at iteration 80: [-0.16597847444820082, -0.3881104135660831, -0.31541184671859046, -0.7121154977426252, -0.3390289819550027, 0.7393704532094088, 0.2289893313332046, 0.5718590968785713, -0.8430418990740053, -1.1507777073972678]
X.shape (10, 5)
s1 and s2 score at iteration 80
S_1 [0.34370453257683403, 0.5582022740695767, 0.11610773432619707, -0.5276357381091826, 0.602860154075055, 0.5247555875427292, 0.5247555875427292, 0.5572112942532361, 0.5897696298585114, 0.4820499527093044]
S_2 [0.16666666666666666, 0.14285714285714285, 0.3333333333333333, 0, 0.14285714285714285, 0.14285714285714285, 0.14285714285714285, 0.14285714285714285, 0.14285714285714285, 0.14285714285714285]
Trust scores at iteration 81: [-0.1423683115843651, -0.29956418328015144, -0.3646111814621609, -0.7284260266034507, -0.24798322661664532, 0.709620595958759, 0.25027758627017527, 0.5642439964028442, -0.7037662551473506, -0.9985965862807439]
X.shape (10, 5)
s1 and s2 score at iteration 81
S_1 [0.16077066534571927, 0.02291308017776152, 0.12859637327163753, -0.00224833407889325, -0.3449095695083113, -0.22008560057553195, 0.07214116638140038, 0.12245705372734281, -0.22889525854060425, 0.11549809021565853]
S_2 [0.3333333333333333, 0.3333333333333333, 0.3333333333333333, 0.3333333333333333, 0, 0.5, 0.3333333333333333, 0.3333333333333333, 0.5, 0.3333333333333333]
Trust scores at iteration 82: [-0.09479814709259526, -0.32202240365804935, -0.3148292689647041, -0.7236485634431455, -0.4377200424185941, 0.40176440825670007, 0.2034552564089936, 0.5173217096826496, -0.8757634004000566, -0.893563318005686]
X.shape (10, 5)
s1 and s2 score at iteration 82
S_1 [-0.11817995437869182, -0.06757823544738048, -0.01701985099756207, -0.1703538959876407, -0.14052749767744213, -0.09291383526352003, -0.0759655035757317, -0.06496401342446032, -0.1777828131046428, -0.023997089559275406]
S_2 [0.5, 0.3333333333333333, 0.3333333333333333, 0.5, 0.3333333333333333, 0.3333333333333333, 0.5, 0.3333333333333333, 0.5, 0.3333333333333333]
Trust scores at iteration 83: [0.5090470553960281, 0.04056855822903721, -0.25001300873490034, 0.24962926218651837, 0.365053496937985, 0.8408358054026767, 0.5294444465456473, 0.7806184194045414, 0.15637445272316253, -0.7298789428551526]
X.shape (10, 5)
s1 and s2 score at iteration 83
S_1 [0.19320873397948088, 0.3282446406889123, 0.27194053537511687, -0.27941009776845244, 0.2611609295377864, 0.22767822701883603, 0.2569247268191053, -0.2114913150733556, -0.24996897096537335, -0.06508766079674155]
S_2 [0.2, 0.2, 0.2, 0, 0.25, 0.2, 0.2, 0.3333333333333333, 0.3333333333333333, 0.3333333333333333]
Trust scores at iteration 84: [0.4570035497145491, 0.07651170240613347, -0.20216479989533528, 0.13954381966964674, 0.3331110394180444, 0.7661145841505881, 0.4947723314194116, 0.5381255742253193, -0.0354162453305987, -0.7767200580121486]
X.shape (10, 5)
s1 and s2 score at iteration 84
S_1 [-0.03340480550196126, 0.12723227528605202, -0.09239558591066406, 0.08997298758732447, 0.10840733030648224, -0.2675790017149987, 0.01232670161774382, -0.1414432211418142, -0.18994610018808553, -0.015118001635415941]
S_2 [0.3333333333333333, 0.5, 0.5, 0.5, 0.5, 0, 0.5, 0.3333333333333333, 0.5, 0.3333333333333333]
Trust scores at iteration 85: [0.3183815503776806, 0.06886053216552013, -0.3545679328954572, 0.09630497539548939, 0.28500420464674225, 0.4791956380218892, 0.3549834431491079, 0.3064770569486711, -0.2811654353813668, -0.7775969253393074]
X.shape (10, 5)
s1 and s2 score at iteration 85
S_1 [-0.11462712634652633, 0.005237207320116449, -0.032029203614885385, 0.03189165502685329, -0.09701528276162605, -0.12518492888045063, -0.23107377066510443, 0.08770734492734432, -0.28498011041479704, 0.03524358070009592]
S_2 [0.5, 0.5, 0.3333333333333333, 0.3333333333333333, 0.5, 0, 0.5, 0.3333333333333333, 0.5, 0.3333333333333333]
Trust scores at iteration 86: [0.05585066208994133, -0.03205429101955059, -0.4222960746586728, 0.05636925281456977, 0.045891288909303524, 0.28854580575227345, -0.04397490084601552, 0.30916268458713736, -0.6779704940771947, -0.7263207418023051]
X.shape (10, 5)
s1 and s2 score at iteration 86
S_1 [-0.2778377098857985, -0.1663726888984124, 0.004430481190937425, 0.07226219231351914, 0.07767018516826786, 0.019419165891064134, -0.2068640248360756, -0.28857368206710904, 0.023832125659659746, 0.07162967578224115]
S_2 [0.5, 0, 0.5, 0.25, 0.25, 0.25, 0.5, 0.5, 0.25, 0.25]
Trust scores at iteration 87: [-0.4074491556467844, -0.24305292044787424, -0.4743622433888593, 0.09376956203560222, 0.09130216001837316, 0.23469331040317717, -0.4059138748601114, -0.1932908493511566, -0.6294896943886836, -0.61146579519418]
X.shape (10, 5)
s1 and s2 score at iteration 87
S_1 [-0.013322407174206815, 0.07978521910919485, 0.06058094750801805, 0.14328676669951018, -0.1301858778801346, -0.07465505339802453, -0.16385591656997545, -0.11658590524571125, -0.20660122274624199, -0.008979526737762157]
S_2 [0.5, 0.5, 0.3333333333333333, 0.5, 0.5, 0.5, 0.3333333333333333, 0.3333333333333333, 0.5, 0.3333333333333333]
Trust scores at iteration 88: [-0.4760019634386149, -0.2630654318213786, -0.45131317246956976, 0.084392605832042, -0.10868493054268304, 0.059122131357184804, -0.5463443874962062, -0.3219938690300974, -0.8107279569637178, -0.6232527044245826]
X.shape (10, 5)
s1 and s2 score at iteration 88
S_1 [-0.06574365006607365, 0.13771769164935138, 0.1541255504168304, -0.07587788000879059, -0.025393261361890948, -0.14186557068199726, 0.1209568032035727, -0.13533796369101522, -0.2199299636086736, -0.060233737740470444]
S_2 [0.5, 0.5, 0.5, 0.5, 0.3333333333333333, 0.3333333333333333, 0.5, 0.5, 0.3333333333333333, 0.5]
Trust scores at iteration 89: [-0.5710576731974539, -0.24740466328407035, -0.4061818552226128, -0.07327786904598864, -0.1809588028910893, -0.10550220768172779, -0.5132305513485249, -0.4776046883680357, -0.9390171584706278, -0.7000083894613223]
X.shape (10, 5)
s1 and s2 score at iteration 89
S_1 [-0.04326143392030944, -0.13712830685070818, 0.004954280920225719, -0.04758881205758506, -0.19724661908448254, -0.12907475416809058, -0.03698216486200496, -0.01605933750960442, -0.18974998848020763, -0.1709178502804243]
S_2 [0.5, 0, 0.25, 0.25, 0.5, 0.5, 0.25, 0.25, 0.5, 0]
Trust scores at iteration 90: [-1.487165084882068, -2.9905392742627557, -0.31556366970035155, -1.0765095018405233, -4.2441999170228755, -2.8002696151721045, -1.2583763674281863, -0.8039949442921678, -4.775136217294585, -4.079909827607648]
X.shape (10, 5)
s1 and s2 score at iteration 90
S_1 [0.0390420889901805, -0.15688068228139537, 0.1248419812908097, 0.12359758156077302, -0.01464677559005561, 0.23913338014412114, 0.2134073218889578, 0.2625665441873164, -0.1602551710287449, 0.23309101825389142]
S_2 [0.3333333333333333, 0.5, 0.25, 0.25, 0.3333333333333333, 0.25, 0.3333333333333333, 0.25, 0.5, 0.3333333333333333]
Trust scores at iteration 91: [-1.390245835721896, -2.851234269825494, -0.28646050590697597, -0.9717856917293517, -3.8920249019107027, -2.479167310874924, -1.1179279739280081, -0.6735954498629511, -4.458656712278191, -3.6498114375067705]
X.shape (10, 5)
s1 and s2 score at iteration 91
S_1 [0.3814628418905715, -0.16821968201128593, 0.38201203671614004, 0.2999453402078701, 0.04307492804723403, 0.43542847610215357, 0.3566731372958036, 0.2744593288888054, -0.6642032921977482, 0.3937847964740705]
S_2 [0.2, 0.5, 0.2, 0.2, 0.5, 0.2, 0.2, 0.25, 0, 0.2]
Trust scores at iteration 92: [-1.2036149372606733, -2.7047439803715574, -0.21008201297906245, -0.8457220227823031, -3.592929873585051, -2.1712505797874315, -0.9642220365199626, -0.5932038929729568, -4.165331200606203, -3.234394133034789]
X.shape (10, 5)
s1 and s2 score at iteration 92
S_1 [-0.22816778376048552, 0.133287181440985, 0.13347647518974173, -0.2313168229447452, 0.11125649344095281, -0.20937293270471274, -0.23066126597795641, 0.025770560319508196, 0.039475251505623095, 0.04824445845531514]
S_2 [0.5, 0.2, 0.2, 0.5, 0.3333333333333333, 0.5, 0.5, 0.2, 0.2, 0.2]
Trust scores at iteration 93: [-1.354195763846958, -2.3744114003952155, -0.12907381168115623, -1.0344513874025991, -3.2169506674631787, -2.210986820705802, -1.1406102593120742, -0.554576310941605, -3.7592233922347713, -2.9148101793643773]
X.shape (10, 5)
s1 and s2 score at iteration 93
S_1 [-0.14704977221018936, -0.15662888848906917, -0.025075500262187227, 0.06542034825145779, -0.16306201379815133, 0.05720209963678978, 0.0994130911764545, -0.09061968655779677, -0.19730472408381003, -0.038409971844869106]
S_2 [0.5, 0.25, 0.25, 0.25, 0.25, 0.25, 0.25, 0.25, 0.25, 0.3333333333333333]
Trust scores at iteration 94: [-1.466694102970172, -2.3445238447332875, -0.1913899699538162, -0.9151996758284465, -3.109280289888554, -1.9823483328009397, -0.9765492333808667, -0.6402733612736062, -3.631770612451511, -2.7286325623419025]
X.shape (10, 5)
s1 and s2 score at iteration 94
S_1 [0.10732818650762695, 0.08591496648568116, -0.09039791144254265, 0.2192846526437424, -0.2992085347434318, 0.1255319403997622, 0.07261858214582556, 0.2391471390400174, -0.4649316198904157, 0.15475739038251998]
S_2 [0.2, 0.3333333333333333, 0.5, 0.2, 0.5, 0.2, 0.2, 0.2, 0.5, 0.3333333333333333]
Trust scores at iteration 95: [-1.3151451315216132, -2.1408125595832064, -0.31005109542923526, -0.7719852587430934, -3.0234670901820024, -1.7716219911951885, -0.8885286604944181, -0.5162460251462457, -3.56300592082815, -2.457723766304443]
X.shape (10, 5)
s1 and s2 score at iteration 95
S_1 [-0.09308789012077869, -0.1388194571141325, 0.058276856969774186, -0.07112557312465874, 0.01110136016283525, 0.10475121441355345, 0.018418019703700612, -0.31897361527443896, 0.17535816938785886, 0.1939075915147995]
S_2 [0.5, 0.5, 0.5, 0.5, 0.25, 0.25, 0.25, 0.5, 0.25, 0.5]
Trust scores at iteration 96: [-1.3316369338486855, -2.0983218257027887, -0.34899205322977295, -0.8314668713662138, -2.7653953035244423, -1.5904385886791235, -0.840177445484103, -0.7291191675536368, -3.166271443192961, -2.211951389673999]
X.shape (10, 5)
s1 and s2 score at iteration 96
S_1 [0.05110053668322259, 0.09450723921417414, 0.16946427794201824, 0.12064249781376181, -0.11676982736630606, 0.1596589122514417, -0.1978360502041604, -0.22111375240354628, -0.04409100571934633, -0.09142079072992365]
S_2 [0.3333333333333333, 0.3333333333333333, 0.3333333333333333, 0.3333333333333333, 0.3333333333333333, 0.3333333333333333, 0.3333333333333333, 0.3333333333333333, 0.3333333333333333, 0.5]
Trust scores at iteration 97: [-1.2349857428996558, -1.8993880733531985, -0.2807595145734623, -0.7437963325883008, -2.6244277152066444, -1.403847492408922, -0.9395684046892843, -0.8533520070592552, -2.9423288415521904, -2.144703189754841]
X.shape (10, 5)
s1 and s2 score at iteration 97
S_1 [-0.008507949439272753, 0.07736935568786929, -0.004759521688701529, -0.1980867820183547, -0.1477034928337815, -0.10167901769792541, 0.10226309340661291, -0.25407605123307087, 0.09592294911419255, -0.14052815305860702]
S_2 [0.5, 0.3333333333333333, 0.3333333333333333, 0.5, 0.5, 0.3333333333333333, 0.3333333333333333, 0.5, 0.3333333333333333, 0.3333333333333333]
Trust scores at iteration 98: [-1.2198068362002685, -1.7004587692734625, -0.32400442273759295, -0.9631197992647845, -2.6064197421195567, -1.4295582597851229, -0.8122782308870226, -1.1164701268712487, -2.620962460271615, -2.134317787155962]
X.shape (10, 5)
s1 and s2 score at iteration 98
S_1 [0.11862008201941417, 0.2188521526368727, 0.35397343478093524, 0.3938895772634553, -0.12334208723319035, 0.13649349666387145, 0.07486622483864165, -0.48558648582093966, 0.39165304053701316, 0.20876364753300633]
S_2 [0.2, 0.25, 0.25, 0.2, 0.5, 0.2, 0.3333333333333333, 0.5, 0.2, 0.2]
Trust scores at iteration 99: [-1.1077110927090144, -1.5248510889195452, -0.2517378212117502, -0.8068078193383061, -2.4770916422401257, -1.2919497025482314, -0.7787101676666974, -1.2281029656578664, -2.299434022294106, -1.9078854571225599]
X.shape (10, 5)
s1 and s2 score at iteration 99
S_1 [-0.04503472804787388, -0.05823063377744976, -0.14159519523346198, -0.04265742828526306, -0.044721882759423535, -0.14974685416563924, -0.20142157520369752, -0.17428200485219117, -0.006486254522133423, -0.062006189990614434]
S_2 [0.25, 0.25, 0.25, 0.25, 0.25, 0.25, 0.3333333333333333, 0.25, 0.25, 0.25]
Trust scores at iteration 100: [-0.3776297633534824, -0.549611604544082, 1.881439954204607, -0.1434681660219137, -1.6148954619451827, 1.070925163856971, 2.3045211848125926, 1.5066509939645971, -2.0444906200646953, -0.8361339627004267]
