Matplotlib created a temporary config/cache directory at /tmp/matplotlib-af9twoec because the default path (/users/raysuan/.config/matplotlib) is not a writable directory; it is highly recommended to set the MPLCONFIGDIR environment variable to a writable directory, in particular to speed up the import of Matplotlib and to better support multiprocessing.
Loaded dataset for Tower 2 without noise: 552960 chunks
Loaded dataset for Tower 3 without noise: 535674 chunks
Loaded dataset for Tower 4 without noise: 552958 chunks
Loaded dataset for Tower 5 without noise: 518399 chunks
Loaded dataset for Tower 6 without noise: 518400 chunks
Loaded dataset for Tower 7 with same noise: 518398 chunks
Loaded dataset for Tower 8 with same noise: 518398 chunks
Loaded dataset for Tower 9 with same noise: 518399 chunks
Loaded dataset for Tower 10 with random noise: 518399 chunks
Loaded dataset for Tower 11 with random noise: 518396 chunks
W, alpha, th 0.5 0.85 0.2
X.shape (10, 5)
s1 and s2 score at iteration 0
S_1 [-0.23644800833044707, 0.09262767953290613, 0.13136304836337995, 0.35664460235735335, -0.21665800316667794, 0.31109870123151484, 0.09983120307296116, 0.28183199340158643, 0.22131183124501463, 0.30940559292329084]
S_2 [0.5, 0.25, 0.5, 0.2, 0.5, 0.2, 0.25, 0.2, 0.2, 0.2]
Trust scores at iteration 1: [-0.24944690320598037, -0.03604202380157109, -0.09475044028631233, 0.09000000000000001, -0.24112348893041263, 0.07084399673030713, -0.033012317130374697, 0.05853480672582606, 0.033080827432485437, 0.07013189778206866]
X.shape (10, 5)
s1 and s2 score at iteration 1
S_1 [0.056546777769167694, -0.07207536617053481, -0.114551609551739, -0.030524557339044515, -0.13246235988832408, -0.13426905304243741, -0.09462351316748255, -0.016402226113766922, -0.04252486759366132, -0.14449597092374805]
S_2 [0.3333333333333333, 0.3333333333333333, 0.3333333333333333, 0.3333333333333333, 0.3333333333333333, 0.3333333333333333, 0.3333333333333333, 0.3333333333333333, 0.5, 0.3333333333333333]
Trust scores at iteration 2: [-0.1620298677250833, -0.321827957032406, -0.48440561190479936, -0.10447160937352684, -0.6563340320401938, -0.39595423184325973, -0.379065522988663, -0.09375512454644228, -0.23468578158315606, -0.4236881648788048]
X.shape (10, 5)
s1 and s2 score at iteration 2
S_1 [0.26038753273556314, 0.05650805022177179, 0.07582527116225439, 0.14778155923535374, 0.35811319726935453, -0.05837312607891801, 0.30731310362760555, -0.413131090649817, 0.36550666763249656, 0.11588839953572647]
S_2 [0.25, 0.25, 0.3333333333333333, 0.25, 0.25, 0.3333333333333333, 0.25, 0, 0.25, 0.25]
Trust scores at iteration 3: [-0.14336514842670003, -0.36286346824115756, -0.5306268954493509, -0.14065290762005103, -0.5234181278457563, -0.5105167993486277, -0.308587706480869, -0.2492364061701376, -0.16198291434568265, -0.4250755890605705]
X.shape (10, 5)
s1 and s2 score at iteration 3
S_1 [-0.10599550864155308, 0.17190673336861023, -0.3356889282479486, 0.033658865166877425, -0.12592371610039002, 0.055030236207422305, -0.037528020749355545, -0.2527415581716071, 0.10860080962259998, 0.13445477762781705]
S_2 [0.5, 0.2, 0.5, 0.2, 0.5, 0.2, 0.5, 0.5, 0.2, 0.2]
Trust scores at iteration 4: [-0.36434847121677827, -0.2184339480049839, -0.8939436636961642, -0.15018538439864965, -0.7047821833881053, -0.4459217569830709, -0.4450452318563851, -0.5823846787572542, -0.10292408463999714, -0.3039935602959093]
X.shape (10, 5)
s1 and s2 score at iteration 4
S_1 [-0.11623178541032114, 0.038483913700062315, 0.02288692077554623, 0.09301188589638928, -0.21611228863968174, 0.07627698441300879, 0.28016176306620133, -0.28972379247424873, 0.27451568400633486, 0.22534493938308298]
S_2 [0.25, 0.25, 0.3333333333333333, 0.25, 0.5, 0.3333333333333333, 0.25, 0.3333333333333333, 0.25, 0.25]
Trust scores at iteration 5: [-0.4469272759698783, -0.24006437719219495, -0.8475983430390759, -0.1528585508769196, -0.8647724490259687, -0.43819441697945694, -0.30328844707792735, -0.7501465350000887, -0.015508410726617392, -0.21274372602267363]
X.shape (10, 5)
s1 and s2 score at iteration 5
S_1 [0.12132087924551133, -0.03623901170677271, 0.1725534743980518, -0.02320004211150792, 0.14798674754747568, -0.1370614220683717, -0.06511033089699715, 0.046339603255257135, -0.39617577952901734, 0.09181140722686919]
S_2 [0.2, 0.5, 0.2, 0.5, 0.2, 0.5, 0.2, 0.25, 0.5, 0.2]
Trust scores at iteration 6: [-0.33442446122538605, -0.38555713906642053, -0.6304585915832145, -0.30009746599163745, -0.66641233263821, -0.6416121645830064, -0.37439531321332353, -0.6723417351051116, -0.5075760660564748, -0.1610209020487046]
X.shape (10, 5)
s1 and s2 score at iteration 6
S_1 [0.18397452379327306, 0.01481522614064277, -0.12556522983690802, 0.08883776960790064, -0.13586438035111997, -0.05116850629291056, 0.01918988880364097, -0.14823414179148062, 0.045397498108148096, -0.1332570390430943]
S_2 [0.25, 0.5, 0.5, 0.25, 0.3333333333333333, 0.3333333333333333, 0.25, 0.5, 0.25, 0.3333333333333333]
Trust scores at iteration 7: [-0.2092607920415781, -0.4656442657287213, -0.7882669368488093, -0.25765072252257204, -0.7772248260182248, -0.6870895724593047, -0.3775899188195952, -0.8423502591739795, -0.46942570130350564, -0.345516265698378]
X.shape (10, 5)
s1 and s2 score at iteration 7
S_1 [-0.31197753298957104, 0.09924136811896786, 0.13838056003968502, 0.0736224979533703, -0.037434436816955186, -0.33875896614375295, -0.14650142561132984, -0.00925073177246809, 0.13461490877776677, 0.16797596395036948]
S_2 [0.3333333333333333, 0.2, 0.2, 0.2, 0.3333333333333333, 0.3333333333333333, 0.3333333333333333, 0.2, 0.2, 0.2]
Trust scores at iteration 8: [-0.6064629005032038, -0.3971765823119939, -0.6364551452340188, -0.2432593348956954, -0.8440694890732963, -1.0365327793656605, -0.6017749924449612, -0.8142584841193077, -0.36880276475017876, -0.23368882584362133]
X.shape (10, 5)
s1 and s2 score at iteration 8
S_1 [-0.18280961273800245, 0.057614363770606546, -0.20368791155385807, -0.08606565217382342, -0.00762570802848592, -0.10022982027155412, 0.05671649856937284, -0.08602455945726722, -0.10580040886725744, 0.1063617460664008]
S_2 [0.5, 0.3333333333333333, 0.5, 0.5, 0.25, 0.3333333333333333, 0.25, 0.25, 0.25, 0.3333333333333333]
Trust scores at iteration 9: [-0.9233064755073188, -0.356347625113903, -0.9782441615532744, -0.478147229453841, -0.8032134604695934, -1.1224051211135344, -0.5065225163862078, -0.8884385539970435, -0.5376907065851373, -0.14863550196707812]
X.shape (10, 5)
s1 and s2 score at iteration 9
S_1 [-0.08299808945522184, 0.03841100752395959, 0.20296106697338853, 0.013896373026928496, -0.0389759786449163, 0.08209056360709083, 0.11849507908013458, 0.2488299953568922, -0.2805719339439934, 0.2917883851303766]
S_2 [0.3333333333333333, 0.25, 0.3333333333333333, 0.3333333333333333, 0.5, 0.3333333333333333, 0.25, 0.25, 0.3333333333333333, 0.25]
Trust scores at iteration 10: [-0.927477430120444, -0.3581494893121465, -0.8271711017476155, -0.49928142013010113, -0.8527678688056983, -1.0118439598926077, -0.44462923357973677, -0.7022564410995873, -0.7012710462795921, -0.051340176672016374]
X.shape (10, 5)
s1 and s2 score at iteration 10
S_1 [-0.06838709105682249, -0.009206699542000263, -0.237181138368335, -0.051152857343564076, -0.004108715987454165, -0.16467948220865905, -0.10987877284485649, 0.006054285203747635, -0.06826906598477685, -0.15508409234563922]
S_2 [0.3333333333333333, 0.3333333333333333, 0.3333333333333333, 0.3333333333333333, 0.3333333333333333, 0.3333333333333333, 0.3333333333333333, 0.3333333333333333, 0.3333333333333333, 0.3333333333333333]
Trust scores at iteration 11: [-2.6327034244949314, -0.6825307783808672, -6.7294573120753105, -1.8417442033345877, -0.9766495773622667, -5.090139826982774, -3.25027371631302, -0.5969179749346492, -2.437503827958895, -4.035977769674339]
X.shape (10, 5)
s1 and s2 score at iteration 11
S_1 [-0.1751772127958285, 0.010487043294947287, -0.2895090908208345, -0.13777971543449857, -0.007627315548877572, 0.03295171394817506, 0.04074839379809004, 0.06730364773666248, 0.0736400456478331, -0.135559147080043]
S_2 [0, 0.3333333333333333, 0.5, 0.3333333333333333, 0.3333333333333333, 0.3333333333333333, 0.3333333333333333, 0.3333333333333333, 0.3333333333333333, 0.3333333333333333]
Trust scores at iteration 12: [-2.594622539162669, -0.6587897341503637, -6.459749968714371, -1.9461309229727175, -0.945688488166007, -4.359498347390537, -2.779730821809311, -0.4702871105454388, -2.021878253765061, -3.8067063005497714]
X.shape (10, 5)
s1 and s2 score at iteration 12
S_1 [0.13647962062344338, 0.3388153406721433, -0.6236707926467084, 0.04683938292845443, 0.24271863542144376, 0.3296933718456559, 0.2870745954886258, 0.3644533462241685, 0.3187049683358848, -0.14041300819981983]
S_2 [0.25, 0.16666666666666666, 0, 0.16666666666666666, 0.2, 0.16666666666666666, 0.16666666666666666, 0.16666666666666666, 0.16666666666666666, 0.3333333333333333]
Trust scores at iteration 13: [-2.2617575157293204, -0.49552324418433596, -5.747474975020838, -1.7099333508432302, -0.7939382166273005, -3.644879942612267, -2.319618382081655, -0.324744043963623, -1.6624254186431264, -3.4434908832486535]
X.shape (10, 5)
s1 and s2 score at iteration 13
S_1 [-0.02446346652499546, 0.11889686334515377, -0.23753838291942975, -0.18219512326943837, -0.09046524354470835, 0.03905651128974814, 0.185316561125745, 0.18505552800787375, 0.2510243380626018, 0.15064764532318053]
S_2 [0.25, 0.25, 0.3333333333333333, 0.3333333333333333, 0.3333333333333333, 0.25, 0.25, 0.25, 0.25, 0.25]
Trust scores at iteration 14: [-2.0496120724355413, -0.46264774418969723, -5.17729517441761, -1.712314339377771, -0.8789051370143461, -3.1873096696072665, -1.9734394133589839, -0.27795220672125076, -1.3755616058466573, -2.9494475061705274]
X.shape (10, 5)
s1 and s2 score at iteration 14
S_1 [0.348645242711139, 0.2171363631423848, 0.23291496530615785, -0.09961784746567073, 0.33665976530195274, -0.40519823569878394, -0.44192578959307205, 0.312976740463877, 0.3243880494207563, 0.19544039402098667]
S_2 [0.14285714285714285, 0.14285714285714285, 0.14285714285714285, 0.3333333333333333, 0.14285714285714285, 0.3333333333333333, 0.3333333333333333, 0.14285714285714285, 0.14285714285714285, 0.14285714285714285]
Trust scores at iteration 15: [-1.6564559758559245, -0.3641162512496529, -4.364778032253614, -1.648326448513357, -0.6665116737287784, -3.033544395700184, -2.017556221720068, -0.1658909908792381, -1.0939494155302152, -2.4872304524172635]
X.shape (10, 5)
s1 and s2 score at iteration 15
S_1 [0.07779930569517296, 0.005826598151978384, 0.057753604957802435, -0.1294925590070909, -0.08404899594996867, -0.15918083541433678, -0.19508256490525688, -0.26482287509134284, 0.022386506116695085, -0.06063936415896665]
S_2 [0.25, 0.25, 0.25, 0.3333333333333333, 0.3333333333333333, 0.5, 0.5, 0.3333333333333333, 0.25, 0.3333333333333333]
Trust scores at iteration 16: [-1.3329875794775359, -0.3732649122440987, -3.673710195599394, -1.750744026168885, -0.8285845615427494, -3.035419399570455, -2.2410493422187465, -0.7515958482597661, -0.9616949738290942, -2.3310608691110124]
X.shape (10, 5)
s1 and s2 score at iteration 16
S_1 [-0.19937493915231502, 0.03012142549350442, -0.22000609043797031, -0.013678452971372913, -0.05223425314899157, -0.02439434945550586, -0.08895056830809712, -0.24966114887238713, -0.004063299361871183, -0.09623271624240443]
S_2 [0.3333333333333333, 0.25, 0.3333333333333333, 0.25, 0.5, 0.25, 0.5, 0.3333333333333333, 0.25, 0.5]
Trust scores at iteration 17: [-2.2258955369428204, -0.2422751754074839, -4.3182496755789, -1.6312489841953892, -1.114415309423335, -2.77658654439242, -2.497851894726494, -1.9821300451394581, -0.9126753247000876, -2.610625653279]
X.shape (10, 5)
s1 and s2 score at iteration 17
S_1 [-0.11330853965565003, 0.02318711980240633, 0.16883090362086955, -0.18252305527710563, 0.13727869629205897, 0.1812072669446425, -0.09440143521701927, 0.22963177244614316, -0.2350087349170453, -0.013236461425797054]
S_2 [0.5, 0.25, 0.3333333333333333, 0.5, 0.25, 0.25, 0.5, 0.25, 0.5, 0.3333333333333333]
Trust scores at iteration 18: [-2.1160265779124705, -0.2657876154035127, -3.6602285501957392, -1.6557892939582524, -0.9325798627116183, -2.3167304042154613, -2.334838988734117, -1.6098105383685395, -1.0792863638655863, -2.32767812279243]
X.shape (10, 5)
s1 and s2 score at iteration 18
S_1 [0.12397904310633587, -0.08814723313727793, 0.13553982980089968, -0.2911434381456189, -0.17666373316152562, 0.0022541671897037263, 0.12829225164320426, 0.032677493683493965, -0.18486621794473382, -0.20105828329183667]
S_2 [0.25, 0.3333333333333333, 0.25, 0.3333333333333333, 0, 0.25, 0.25, 0.25, 0.3333333333333333, 0.3333333333333333]
Trust scores at iteration 19: [-1.7739167492729568, -0.47347076107980257, -3.073694267666378, -1.8796251979368512, -0.9882041216851745, -2.079226188846212, -1.9551339319894843, -1.4446752405735934, -1.2719822207992626, -2.3510347440850508]
X.shape (10, 5)
s1 and s2 score at iteration 19
S_1 [-0.02422469480609167, -0.20179027668427738, 0.13203825419015944, 0.13256357820601578, 0.05635024896020954, -0.03726619930347676, -0.2585467765126654, -0.10788751148000945, -0.10917297842883991, 0.1161839917174544]
S_2 [0.25, 0.5, 0.25, 0.25, 0.25, 0.25, 0.5, 0.25, 0.25, 0.25]
Trust scores at iteration 20: [-1.6102402668956015, -0.7807824076508788, -2.5382345487250584, -1.5226814182463235, -0.8512113640995611, -1.884510177010145, -2.1044179283264635, -1.4250521824669724, -1.279717663317613, -1.9419135672843733]
X.shape (10, 5)
s1 and s2 score at iteration 20
S_1 [0.13735077450816563, 0.19594315595656178, 0.03577388800288916, 0.07649939021284136, 0.055348537442234, -0.23135992058716923, -0.20613812946365717, -0.2201493979142217, -0.02304947256268743, -0.011831375517230921]
S_2 [0.25, 0.25, 0.25, 0.25, 0.25, 0.3333333333333333, 0.3333333333333333, 0.3333333333333333, 0.3333333333333333, 0.25]
Trust scores at iteration 21: [-1.3760583437318081, -0.626165046503247, -2.2426134484227007, -1.348216769501301, -0.7936587964871175, -1.928946180460788, -2.09655977819803, -1.5298249145131173, -1.255405033711197, -1.77218378310166]
X.shape (10, 5)
s1 and s2 score at iteration 21
S_1 [0.04416236735708041, -0.21696016893434897, -0.00963734202777485, 0.07340529341305532, -0.025597408278955142, 0.08707860684262184, 0.12584536993889703, -0.19228513433811634, -0.13867270286069425, -0.22293382161723388]
S_2 [0.3333333333333333, 0.5, 0.3333333333333333, 0.25, 0.25, 0.25, 0.25, 0.3333333333333333, 0.3333333333333333, 0.5]
Trust scores at iteration 22: [-1.217010745730738, -0.9408435687421941, -2.0177085546416147, -1.1334896246169173, -0.7801205253457648, -1.610811868874581, -1.7070758114683255, -1.6295433213516328, -1.3323836765815433, -1.9220797242471892]
X.shape (10, 5)
s1 and s2 score at iteration 22
S_1 [0.22502584883991966, 0.08450597926062729, 0.31896012230484816, -0.5058222130939792, 0.11726457106294544, -0.36421188433402185, 0.3085669339676763, 0.3021182938724043, 0.2798609591692963, 0.0848369820153177]
S_2 [0.2, 0.2, 0.2, 0.5, 0.5, 0.5, 0.2, 0.2, 0.2, 0.25]
Trust scores at iteration 23: [-0.9886343772147843, -0.8199757115455573, -1.6250522714453723, -1.351343353204808, -0.7579554722690709, -1.6904710068454274, -1.3659021299060512, -1.3030321683212291, -1.0609136101126657, -1.6688707803370266]
X.shape (10, 5)
s1 and s2 score at iteration 23
S_1 [0.14062228712238037, 0.17060175123799434, -0.0753179297048876, -0.0256289806539852, 0.25469035130560175, 0.3378956011119017, 0.13753643688196152, 0.29892567646295387, 0.0053464515101570515, 0.15430648587867032]
S_2 [0.25, 0.2, 0.25, 0.2, 0.2, 0.2, 0.25, 0.25, 0.25, 0.2]
Trust scores at iteration 24: [-0.9279135986388327, -0.7412451262487759, -1.564729874749016, -1.2800191723479832, -0.6511989669121758, -1.4069003558186133, -1.2499610717114824, -1.1248770317286727, -1.0494031499306973, -1.470039795700642]
X.shape (10, 5)
s1 and s2 score at iteration 24
S_1 [0.16962195415737866, -0.38657976739803357, 0.09639820832917756, -0.11073224723507367, 0.18459304943717147, 0.14855634920521846, 0.051424863161055795, -0.45355487943168415, 0.1906522086531687, 0.1356575170511776]
S_2 [0.25, 0.3333333333333333, 0.25, 0.3333333333333333, 0.25, 0.25, 0.5, 0.3333333333333333, 0.25, 0.25]
Trust scores at iteration 25: [-0.7302725941428515, -1.0342088600480628, -1.329176891111357, -1.2751374329494285, -0.483286304426342, -1.1539851858282348, -1.1720072198310603, -1.412990185957336, -0.8169926774410927, -1.217802161910991]
X.shape (10, 5)
s1 and s2 score at iteration 25
S_1 [-0.10052548548737757, -0.14521236555865136, -0.059290462477628286, -0.19073296601895365, -0.07176120019749382, 0.055299224942579, 0.020178336374318144, -0.1986157601446224, -0.05795686246153467, -0.10265931917888434]
S_2 [0.3333333333333333, 0.5, 0.25, 0.3333333333333333, 0.25, 0.25, 0.25, 0.3333333333333333, 0.3333333333333333, 0.25]
Trust scores at iteration 26: [-0.9934086338348749, -1.4229683108196896, -1.3656266507765955, -1.7012329281568532, -0.6804467203746243, -0.9058874079539996, -1.016472088426417, -1.8397899687792805, -0.9516526585580465, -1.3885968232154133]
X.shape (10, 5)
s1 and s2 score at iteration 26
S_1 [-0.19624686021483537, 0.12156931238743877, 0.052594030916107926, -0.06012554299740702, 0.0966421140869358, 0.08090199573493471, -0.2661135691768699, -0.19375765448914378, 0.01803831726769746, 0.042325484485249004]
S_2 [0.25, 0.2, 0.2, 0.25, 0.2, 0.2, 0.25, 0.25, 0.2, 0.3333333333333333]
Trust scores at iteration 27: [-1.1990392778240855, -1.149523064196736, -1.1858887709583728, -1.6327347328779505, -0.549136485320149, -0.7601822354041218, -1.3048492323287806, -1.915392071153575, -0.8766479291892371, -1.278083407468631]
X.shape (10, 5)
s1 and s2 score at iteration 27
S_1 [0.34801028988106375, 0.19691049951627163, 0.22529635533828973, 0.31853858693084, 0.16429351967854952, 0.3206052689543942, 0.022886957935481417, 0.05798495650911595, -0.5035050715375265, -0.06835818160318384]
S_2 [0.2, 0.2, 0.2, 0.2, 0.25, 0.2, 0.25, 0.25, 0, 0.25]
Trust scores at iteration 28: [-0.9891833861504726, -1.0122218988275902, -1.03089782866285, -1.3705274675748331, -0.54595193412173, -0.6279670598443124, -1.2492570710916864, -1.7530904837458623, -0.9621723708564183, -1.2658347585921277]
X.shape (10, 5)
s1 and s2 score at iteration 28
S_1 [0.08512966291052308, 0.01998782523291797, -0.1915912376133385, -0.040649286085459035, 0.03191229539530211, 0.001197492187744424, -0.09089650198200942, -0.24657394376677377, -0.18551133718792434, -0.09548846432514124]
S_2 [0.3333333333333333, 0.5, 0.5, 0.3333333333333333, 0.3333333333333333, 0.5, 0.5, 0.5, 0.5, 0.5]
Trust scores at iteration 29: [-0.7908058782279017, -0.9751697057823656, -1.363850367321226, -1.3365731219807984, -0.5078291044891992, -0.6816619980552444, -1.3720297847845833, -2.074594643117691, -1.2947208340824348, -1.3942119395511403]
X.shape (10, 5)
s1 and s2 score at iteration 29
S_1 [-0.04617481876160052, -0.06784619935636949, 0.2754181441719499, 0.16318339085420416, -0.19081445444940512, 0.19508693950808653, 0.3134809475325164, 0.1499942631750653, -0.08895956504361838, -0.06801437585753077]
S_2 [0.25, 0.25, 0.25, 0.25, 0, 0.25, 0.25, 0.25, 0.25, 0.25]
Trust scores at iteration 30: [-0.8442795539740292, -1.0113585192224774, -1.177485786724444, -1.2080042308751349, -0.522959069725569, -0.6360639919692676, -1.1662253170668957, -1.8416334947870743, -1.2930796810989216, -1.3676248900419377]
X.shape (10, 5)
s1 and s2 score at iteration 30
S_1 [-0.16750333405266504, 0.16862423733160933, 0.2817050806849233, 0.1458951161565374, 0.1594894550483113, 0.078757023224508, 0.11458740863417659, -0.3307121891145385, 0.07449837240689162, -0.2152632461180996]
S_2 [0, 0.25, 0.25, 0.25, 0.25, 0.25, 0.25, 0.5, 0.25, 0.5]
Trust scores at iteration 31: [-0.8068284158994804, -0.8448670969762716, -0.9258629187157774, -1.0241185670272372, -0.4345915784998319, -0.5737185024368224, -1.0052769604036453, -1.8914833718273407, -1.134449449491398, -1.4271027559729306]
X.shape (10, 5)
s1 and s2 score at iteration 31
S_1 [-0.049236612599056685, 0.09805135071770699, -0.11131628571399024, 0.05726260760933434, -0.14831118095632828, -0.10954947459071987, -0.16606906568681307, -0.10399266207167474, 0.01988991785048078, 0.08684181891918746]
S_2 [0.3333333333333333, 0.3333333333333333, 0.3333333333333333, 0.3333333333333333, 0.3333333333333333, 0.5, 0.5, 0.5, 0.3333333333333333, 0.3333333333333333]
Trust scores at iteration 32: [-0.8611268475498662, -0.6681370324298308, -1.057276319659516, -0.8828998353413272, -0.6962908649964401, -0.8052506793598448, -1.2585396406927425, -1.9168499474026741, -1.0338542240290038, -1.180185803638163]
X.shape (10, 5)
s1 and s2 score at iteration 32
S_1 [0.09530436777102022, 0.056088347153640195, -0.1558487122725931, 0.19873362248856521, 0.10499721387074477, 0.29822420555130086, 0.14579172003501398, -0.21689592012996062, 0.1883113874612727, 0.2515654666797713]
S_2 [0.25, 0.25, 0.3333333333333333, 0.25, 0.25, 0.25, 0.25, 0.25, 0.25, 0.25]
Trust scores at iteration 33: [-0.796521888660184, -0.6522053132251135, -1.1270732332376934, -0.7630063629819246, -0.6515360221145696, -0.6469630774558681, -1.1089287716711884, -1.8509161754326307, -0.896559740801142, -0.9891262186992066]
X.shape (10, 5)
s1 and s2 score at iteration 33
S_1 [0.006092225731146341, 0.04980849968821784, -0.22401990772872946, -0.12507649200754742, -0.18364508475305089, -0.25669106643664036, -0.09866663733606545, 0.07526142754109572, 0.051270673600692554, -0.04326684768730853]
S_2 [0.25, 0.3333333333333333, 0.3333333333333333, 0.3333333333333333, 0.3333333333333333, 0.3333333333333333, 0.25, 0.25, 0.25, 0.3333333333333333]
Trust scores at iteration 34: [-0.7774014777198363, -0.6051035457411781, -1.5544957559022345, -1.0478394629845413, -1.0698199718724175, -1.2115174683103769, -1.251737275181292, -1.535778749117736, -0.7723906193489465, -1.0769903984612175]
X.shape (10, 5)
s1 and s2 score at iteration 34
S_1 [-0.3196240197237109, 0.10345300333589033, -0.07734358583324935, -0.1714631290492318, -0.13154215128251348, -0.00772806661956819, 0.012337505739243887, 0.04255554809468351, -0.1758659652992377, 0.10069280145039018]
S_2 [0.5, 0.3333333333333333, 0.5, 0.5, 0.5, 0.3333333333333333, 0.5, 0.3333333333333333, 0.5, 0.3333333333333333]
Trust scores at iteration 35: [-1.2742249062468995, -0.46433801388000134, -1.5834644671584313, -1.2892737194432957, -1.2500743794160725, -1.1409950325974343, -1.1960881180702192, -1.3437092117602831, -1.0615260231818722, -0.869443948533938]
X.shape (10, 5)
s1 and s2 score at iteration 35
S_1 [0.2694582030920377, -0.03030047060912961, -0.37989730846257264, 0.23264098017835227, -0.0014279781064404516, 0.375340725541155, 0.28920991150341496, 0.32012386704104895, 0.31016190235108265, -0.024299528667232406]
S_2 [0.16666666666666666, 0.5, 0.5, 0.16666666666666666, 0.5, 0.16666666666666666, 0.16666666666666666, 0.16666666666666666, 0.16666666666666666, 0.3333333333333333]
Trust scores at iteration 36: [-1.025405732217499, -0.5567964976179425, -1.6477657757094273, -1.0529107438740057, -1.2131338952321733, -0.8698457777078191, -0.9510959509585357, -1.064219523566661, -0.8283449818554809, -0.8487383443029851]
X.shape (10, 5)
s1 and s2 score at iteration 36
S_1 [0.146410818482122, 0.161598113150242, -0.20016202532236346, -0.2624128369492571, -0.145331491263469, 0.05712955550949718, -0.22654177774458864, 0.04593562164997685, 0.1476736888148616, 0.16495470463009465]
S_2 [0.25, 0.25, 0.3333333333333333, 0.3333333333333333, 0.25, 0.25, 0.3333333333333333, 0.25, 0.25, 0.25]
Trust scores at iteration 37: [-0.8509575798076997, -0.4388293076803582, -1.7326163533240293, -1.2835967628547695, -1.2758196275298783, -0.7999186902583609, -1.1644351805690594, -0.9753154720864393, -0.6823075628110686, -0.6839275926575373]
X.shape (10, 5)
s1 and s2 score at iteration 37
S_1 [-0.026974247936637066, 0.07478218106330384, -0.01384853609236011, -0.015743513989342026, -0.13667297693605754, -0.22380868578831267, 0.08724552759390553, -0.12860918683368922, 0.07612768802008332, -0.13985605523069303]
S_2 [0.25, 0.3333333333333333, 0.3333333333333333, 0.25, 0.5, 0.3333333333333333, 0.25, 0.25, 0.25, 0.3333333333333333]
Trust scores at iteration 38: [-0.8446903852982005, -0.34443296670944873, -1.596533492302712, -1.1931248490649882, -1.469426597050901, -1.1647219905628714, -0.9147699034837005, -1.1251341048023162, -0.5240761725151556, -0.9217909888418556]
X.shape (10, 5)
s1 and s2 score at iteration 38
S_1 [0.00031629475703500966, 0.1119398280449281, -0.18523147841891136, -0.011240667805144532, -0.02738856378673601, -0.12067545939910818, -0.09034362303960744, 0.014967993046160557, 0.05325835007578264, -0.2557646226154639]
S_2 [0.25, 0.25, 0.3333333333333333, 0.25, 0.25, 0.25, 0.25, 0.25, 0.25, 0.3333333333333333]
Trust scores at iteration 39: [-0.830062990747743, -0.2552680217030314, -1.7552646927204427, -1.1417186798690326, -1.3982134372136894, -1.2642194871901422, -1.011115381629073, -1.0488067941037618, -0.4865982575973502, -1.2762483752288123]
X.shape (10, 5)
s1 and s2 score at iteration 39
S_1 [-0.15169067558727192, -0.08050658651646897, -0.06819224049905273, -0.15666049183674902, -0.0498393607812415, -0.15253044064226437, -0.09148782573349824, -0.1569366108132081, -0.05633048065703845, -0.10392981738292527]
S_2 [0.25, 0.25, 0.25, 0.25, 0.3333333333333333, 0.25, 0.25, 0.25, 0.3333333333333333, 0.25]
Trust scores at iteration 40: [-0.3615147546908041, -0.08717960699026811, -1.3992388879772342, -0.6114645864603792, -1.188481421631636, -0.7280203614617857, -0.6965999630744671, -0.5316584567204767, -0.3940723939732553, -0.8845167258569622]
X.shape (10, 5)
s1 and s2 score at iteration 40
S_1 [0.08403780255259197, 0.15608225440410262, 0.16717836361301497, -0.06637053957766999, 0.1864264265164437, 0.29001623638521135, 0.158871028190847, -0.4865946418420827, 0.26067092272921216, 0.09829051151340158]
S_2 [0.25, 0.25, 0.25, 0.3333333333333333, 0.25, 0.25, 0.3333333333333333, 0.5, 0.25, 0.25]
Trust scores at iteration 41: [-0.338822146101025, -0.0683749851317536, -1.1778863284534917, -0.6540725660065544, -0.9887871448293052, -0.5438173072425179, -0.6099398993590563, -0.8535824813844579, -0.2751392956235765, -0.7760021434725496]
X.shape (10, 5)
s1 and s2 score at iteration 41
S_1 [0.16866839794238528, 0.20698956548566755, -0.010325488876770872, 0.2143830226210802, 0.2182213527507631, -0.31168615020790613, -0.21458973992149266, 0.11552052334201852, 0.16124340942991428, -0.15703760470197092]
S_2 [0.25, 0.25, 0.25, 0.25, 0.25, 0.5, 0.25, 0.25, 0.25, 0.3333333333333333]
Trust scores at iteration 42: [-0.24706030867197493, 0.00916080784049679, -1.0833008667227422, -0.48360005499609515, -0.7654690731049094, -0.8264901181332649, -0.7409526329615499, -0.7211391377497232, -0.19803364056754796, -0.867545615757213]
X.shape (10, 5)
s1 and s2 score at iteration 42
S_1 [0.047623427151081, 0.2025186700216766, 0.022318004093566508, 0.16150380832503247, 0.07902102727795547, -0.12665367251519546, 0.05712891459004029, -0.15249523737667553, -0.08926839099744524, -0.29452321433327655]
S_2 [0.3333333333333333, 0.25, 0.25, 0.25, 0.3333333333333333, 0.25, 0.25, 0.5, 0.3333333333333333, 0.5]
Trust scores at iteration 43: [-0.2747279017872012, 0.08278668666442228, -0.9792754058876636, -0.3664386249480789, -0.6921200140669181, -0.8713254866519902, -0.6624959247398116, -0.8759172885481157, -0.33444723257234377, -1.1055590048691433]
X.shape (10, 5)
s1 and s2 score at iteration 43
S_1 [0.08659596635927927, 0.027405263853494774, -0.04016045916627734, -0.06710084567191266, 0.029472639477338396, -0.18649134515069837, -0.2683134692517237, -0.19219775856973517, -0.03461058302157037, 0.007269623769366684]
S_2 [0.3333333333333333, 0.3333333333333333, 0.3333333333333333, 0.3333333333333333, 0.3333333333333333, 0.3333333333333333, 0.3333333333333333, 0.3333333333333333, 0.3333333333333333, 0.3333333333333333]
Trust scores at iteration 44: [-0.233518716519121, -0.03216040341801697, -1.0519493314492263, -0.5777037282551309, -0.6872500275808548, -1.2136636704420627, -1.1778893777638362, -1.227451250362916, -0.49423198691761877, -1.0771328405328373]
X.shape (10, 5)
s1 and s2 score at iteration 44
S_1 [0.006015783659579283, -0.14563807783233784, -0.17756373150430804, -0.2430188540198327, -0.15996281374282317, 0.03173796970072128, 0.08387385903181564, -0.12492067980062756, -0.009242985964238571, 0.026655109659989726]
S_2 [0.2, 0.3333333333333333, 0.3333333333333333, 0.3333333333333333, 0.5, 0.2, 0.2, 0.3333333333333333, 0.2, 0.2]
Trust scores at iteration 45: [-0.24773228222530297, -0.38779546481794763, -1.3117118890582127, -1.0256630600420538, -1.020240001437457, -1.0348539384549567, -0.9112059710992607, -1.366741692425911, -0.496627343932337, -0.927892919353702]
X.shape (10, 5)
s1 and s2 score at iteration 45
S_1 [-0.05724226736911972, 0.2699216039144956, -0.6092923491007833, -0.081125005820511, 0.387719405204912, 0.35045228110674786, 0.364033868270161, -0.0941500044705332, 0.36519420446965706, 0.30147268473537336]
S_2 [0.3333333333333333, 0.16666666666666666, 0, 0.5, 0.16666666666666666, 0.16666666666666666, 0.16666666666666666, 0.3333333333333333, 0.16666666666666666, 0.16666666666666666]
Trust scores at iteration 46: [-0.3327181978548729, -0.2751994900358419, -1.3506767413416672, -1.053199058430238, -0.7672040012218385, -0.7940436677382275, -0.6836884819920984, -1.2981549777545267, -0.3308477406753788, -0.7220759161378427]
X.shape (10, 5)
s1 and s2 score at iteration 46
S_1 [-0.019399253570531863, -0.11639728639714801, -0.051230631417300616, -0.04424822033254596, -0.1767354361304361, -0.14206767465400358, -0.04254582146623972, -0.18203773135271792, -0.12225283809877811, -0.04393086700417624]
S_2 [0.25, 0.25, 0.25, 0.3333333333333333, 0.3333333333333333, 0.3333333333333333, 0.25, 0.5, 0.3333333333333333, 0.3333333333333333]
Trust scores at iteration 47: [-0.20781046817664195, 0.5910940807004736, -0.826946859290713, -0.6530806206863502, 0.6144402826196326, 0.32356655013430946, -0.3271600150172244, 0.15413065802994974, 0.5640696939997866, -0.37407980700002175]
X.shape (10, 5)
s1 and s2 score at iteration 47
S_1 [0.18535839322700742, -0.2994470959288153, 0.2645740613254812, -0.4065515589590755, -0.09774944592218236, 0.1744129617523545, 0.22384511321509207, -0.0679565227738499, 0.11788771112925062, 0.13104111530083812]
S_2 [0.2, 0.5, 0.2, 0.5, 0.3333333333333333, 0.2, 0.2, 0.3333333333333333, 0.25, 0.2]
Trust scores at iteration 48: [-0.13155014191428205, 0.18265873643343733, -0.6129048303971061, -0.9356125281605738, 0.366855289423761, 0.3139148221999878, -0.2111772492447075, -0.007516823434513598, 0.47129556006211004, -0.3036742064209146]
X.shape (10, 5)
s1 and s2 score at iteration 48
S_1 [-0.1528167857985133, -0.14619780830944787, 0.12237525690055223, -0.11231341594387473, 0.04041595168363459, 0.10951578339879417, -0.21804373388686116, 0.13734482286217464, 0.11626097639116113, 0.10662845467041694]
S_2 [0.3333333333333333, 0.5, 0.25, 0.5, 0.3333333333333333, 0.25, 0.5, 0.25, 0.25, 0.25]
Trust scores at iteration 49: [-0.37871519559274086, -0.1544087880713028, -0.462317992147559, -1.0679328071489393, 0.2559669397387551, 0.31143434608829557, -0.5676353028400657, 0.06861070008066346, 0.45257467940366597, -0.21666970017028825]
X.shape (10, 5)
s1 and s2 score at iteration 49
S_1 [0.151385445461301, 0.21823096732354474, -0.40797939364601626, 0.0965981640014548, -0.15258215486682575, 0.1268096742375321, 0.09432650489409099, 0.23492661264984666, 0.045683964552576124, -0.1331992124438576]
S_2 [0.25, 0.25, 0.5, 0.5, 0.5, 0.25, 0.3333333333333333, 0.25, 0.25, 0.5]
Trust scores at iteration 50: [-0.3002487231421464, -0.06690759376354706, -0.8034640209479964, -0.9960652224148197, -0.029851390017938295, 0.2706868245387551, -0.5222627918827001, 0.13331909506856396, 0.3388575639818404, -0.4192165781872482]
X.shape (10, 5)
s1 and s2 score at iteration 50
S_1 [-0.1381252057261909, 0.14665537747003385, -0.24346388649989598, 0.02870718466348155, 0.1205976590015046, -0.355521334973115, 0.27036362201209363, 0.15982205998061993, 0.1312917651445057, 0.1916146951227066]
S_2 [0.3333333333333333, 0.25, 0.5, 0.25, 0.25, 0.5, 0.25, 0.25, 0.25, 0.25]
Trust scores at iteration 51: [-0.43184443469302947, -0.050505824009539055, -0.9680202194362059, -0.9057284527684374, -0.03346509109321022, -0.11716241092561633, -0.36892337310029505, 0.1269918471385364, 0.28587069938716825, -0.32502465509896783]
X.shape (10, 5)
s1 and s2 score at iteration 51
S_1 [0.0626350610518341, 0.07380244775149729, 0.017596325002692197, -0.164606379082266, -0.016953629967395467, 0.12140793132248565, 0.09120000941793455, -0.26206148463343987, -0.22141601654033113, 0.02560857333593953]
S_2 [0.25, 0.25, 0.25, 0.3333333333333333, 0.25, 0.25, 0.25, 0.3333333333333333, 0.3333333333333333, 0.25]
Trust scores at iteration 52: [-0.4021818931675415, -0.06424672174968299, -0.9135768543888249, -1.1232410452694028, -0.1618916071937232, -0.062088049286773875, -0.3134068792667882, -0.36583497529406, -0.18057030737661747, -0.3571314588330601]
X.shape (10, 5)
s1 and s2 score at iteration 52
S_1 [-0.1834437489676726, -0.24443956222133809, -0.09218838142197316, -0.012015295473701025, -0.044961230729321136, -0.07956272590906306, -0.032357081177805655, -0.08158765549522029, -0.04907254811803351, -0.12698551295633206]
S_2 [0.5, 0.5, 0.3333333333333333, 0.3333333333333333, 0.3333333333333333, 0.3333333333333333, 0.3333333333333333, 0.3333333333333333, 0.3333333333333333, 0.3333333333333333]
Trust scores at iteration 53: [1.7982732037589155, 2.8469951690938755, 0.2743474936789756, -0.9047548884789923, 0.3236920722979848, 0.8404931898813567, 0.0375527852052821, 0.6075877009046899, 0.359141223152519, 1.1817365146325387]
X.shape (10, 5)
s1 and s2 score at iteration 53
S_1 [-0.17177381435153874, 0.2666198858185283, -0.11094947689311635, 0.2032452655354238, -0.19857258688196083, 0.28730923332561065, -0.1376391942031678, 0.07194029374124351, 0.21574404666670946, 0.00896982716457888]
S_2 [0.3333333333333333, 0.16666666666666666, 0.5, 0.16666666666666666, 0.3333333333333333, 0.16666666666666666, 0.3333333333333333, 0.16666666666666666, 0.16666666666666666, 0.16666666666666666]
Trust scores at iteration 54: [1.3388515963161993, 2.5091442842926717, 0.02527025061396332, -0.7129302383291395, 0.07146638259467253, 0.8144192113991532, -0.13993956741336305, 0.5040085338191787, 0.3679068896180163, 0.9591590546143526]
X.shape (10, 5)
s1 and s2 score at iteration 54
S_1 [0.009062466317334553, 0.29755389091645035, 0.32597673128217985, 0.10250598843852492, 0.1520673352853811, 0.2712535634554702, -0.1104819450294712, 0.21055129041338919, 0.11867189830863643, -0.2807505761778044]
S_2 [0.5, 0.2, 0.2, 0.25, 0.2, 0.2, 0.5, 0.2, 0.3333333333333333, 0.5]
Trust scores at iteration 55: [0.9921940009838213, 2.2096937140882362, 0.11147971302186883, -0.6338220037425847, 0.07072105254493576, 0.7570751606477978, -0.3197875117797683, 0.4652935972524247, 0.2673283880573558, 0.536096262411397]
X.shape (10, 5)
s1 and s2 score at iteration 55
S_1 [0.3041296478536661, -0.1814026836885424, 0.4418709032949897, 0.048604556349510365, 0.3251980080203729, 0.5227057300239045, 0.31899155797586576, 0.36799914574228937, 0.5057265995349596, 0.29770403896746994]
S_2 [0.25, 0.3333333333333333, 0.16666666666666666, 0.25, 0.16666666666666666, 0.16666666666666666, 0.2, 0.16666666666666666, 0.16666666666666666, 0.16666666666666666]
Trust scores at iteration 56: [0.8181404835545849, 1.6761828284569034, 0.14656071935582338, -0.637300733924971, 0.07843442990028784, 0.7185138865506282, -0.27027890449388536, 0.42610366469973543, 0.2973566568165068, 0.4661134593990312]
X.shape (10, 5)
s1 and s2 score at iteration 56
S_1 [-0.20848665296171812, 0.0644338281449964, 0.020940151853867224, -0.3176851768694692, 0.03725939640130012, -0.2600012750654811, 0.07334530813870647, 0.04279440773479685, -0.058969015099699734, -0.08080606289394866]
S_2 [0.5, 0.25, 0.25, 0.5, 0.3333333333333333, 0.5, 0.25, 0.3333333333333333, 0.3333333333333333, 0.25]
Trust scores at iteration 57: [0.119039063895225, 1.4815303529481634, 0.09240174720809985, -1.3414101208205746, 0.0428692242404989, -0.07099715801090212, -0.15473706881980254, 0.34970783947503736, 0.032154411224523144, 0.15593829730747594]
X.shape (10, 5)
s1 and s2 score at iteration 57
S_1 [-0.18458302721239644, -0.04220321509386779, -0.14341205952936376, -0.03488928310164793, -0.12758514570458604, -0.19493841050396418, -0.00411233453416221, -0.11662554880851037, -0.08325489980989115, -0.02272360575997859]
S_2 [0.5, 0.25, 0.3333333333333333, 0.25, 0.3333333333333333, 0.3333333333333333, 0.25, 0.5, 0.25, 0.5]
Trust scores at iteration 58: [6.683965727681242, 2.7236897314003192, 5.209586953509988, 0.05741003888360563, 4.590187628964312, 6.950154086380261, -0.056526508496832134, 4.401242231672898, 2.989106314346669, 0.8114054278869203]
X.shape (10, 5)
s1 and s2 score at iteration 58
S_1 [-0.07360492923279979, 0.19379016628540358, -0.20431519468154186, -0.07636886809842056, 0.1460879101194687, -0.0756103035480927, -0.1553573759811742, 0.04168255273527886, 0.15078956506319227, -0.21205650117541083]
S_2 [0.25, 0.25, 0.3333333333333333, 0.25, 0.25, 0.3333333333333333, 0.3333333333333333, 0.25, 0.25, 0.3333333333333333]
Trust scores at iteration 59: [5.511898218179709, 2.3526362716902716, 4.120002190298031, -0.12281349742158727, 3.9022363601802534, 5.6991060970086425, -0.3182992810280535, 3.6608195717520036, 2.5449564792298256, 0.375555866181132]
X.shape (10, 5)
s1 and s2 score at iteration 59
S_1 [0.17380335144838893, -0.02978700878724491, 0.15186407458785586, -0.18042685554056448, -0.09058838925302642, 0.24057905648545694, -0.2597163100845092, -0.06112814786850476, -0.07732369220790897, 0.21902877180429003]
S_2 [0.25, 0.3333333333333333, 0.25, 0.5, 0.3333333333333333, 0.25, 0.5, 0.5, 0.3333333333333333, 0.25]
Trust scores at iteration 60: [4.718479122504099, 1.8811687599370392, 3.521688454680236, -0.3668868359810812, 3.1604194377059596, 4.919240182457346, -0.5824863836276423, 2.9235835004809587, 2.0150020200689616, 0.38078597706900563]
X.shape (10, 5)
s1 and s2 score at iteration 60
S_1 [-0.3212054475896553, -0.00859358657823576, -0.002508187532957574, 0.01719369236635361, -0.1903982875766538, 0.0657031153442677, 0.06564963747219524, 0.06559088081742061, 0.01617254997067452, -0.30593471054081994]
S_2 [0.3333333333333333, 0.25, 0.3333333333333333, 0.3333333333333333, 0.3333333333333333, 0.25, 0.25, 0.25, 0.3333333333333333, 0.3333333333333333]
Trust scores at iteration 61: [3.1273962553121715, 1.4668743155600301, 2.837709002446099, -0.42260066647591965, 2.10167784681751, 4.218854155088744, -0.45773551589261435, 2.5222897443467285, 1.5996735963772792, -0.52477987497519]
X.shape (10, 5)
s1 and s2 score at iteration 61
S_1 [0.011908450540192992, 0.18621080731311188, 0.34696007408704244, -0.2020261808761634, -0.10681380857865858, 0.4158373540690455, 0.4125638483989597, 0.40656057546178537, 0.3663095569258219, 0.3027221206998173]
S_2 [0.3333333333333333, 0.16666666666666666, 0.16666666666666666, 0.5, 0.5, 0.16666666666666666, 0.16666666666666666, 0.16666666666666666, 0.16666666666666666, 0.16666666666666666]
Trust scores at iteration 62: [2.562582408942213, 1.2640127498512708, 2.4872073804935413, -0.5820850373400519, 1.597896511191538, 3.6860260318254325, -0.29025600077993374, 2.240599982085905, 1.4418569912162411, -0.38686558939671567]
X.shape (10, 5)
s1 and s2 score at iteration 62
S_1 [-0.1902725870149863, -0.14151012798567503, 0.07200855500180231, -0.21431207965888194, -0.11563180273472905, 0.08799094861556266, 0.08799094861556268, 0.08799094861556268, -0.16325083721351064, -0.047260954417682986]
S_2 [0.5, 0.3333333333333333, 0.25, 0, 0, 0.25, 0.25, 0.25, 0.3333333333333333, 0.3333333333333333]
Trust scores at iteration 63: [1.7038334115314182, 0.7331755792950352, 2.161880754649866, -0.8601145408534843, 1.1610920956655786, 3.2081221270516176, -0.17171760066294367, 1.979509984773019, 0.8472813453060619, -0.5094024828407914]
X.shape (10, 5)
s1 and s2 score at iteration 63
S_1 [-0.051020823971430346, -0.08019114464026761, -0.07579939360745706, -0.07040042692719578, -0.13432977685589698, 0.07036227382058988, 0.07036227382058986, 0.07036227382058988, 0.04548311148822973, -0.2593015760372428]
S_2 [0.5, 0.5, 0.3333333333333333, 0.3333333333333333, 0.5, 0.3333333333333333, 0.3333333333333333, 0.3333333333333333, 0.3333333333333333, 0.5]
Trust scores at iteration 64: [1.189490971176125, 0.302245817462994, 1.5760076577654516, -0.9811786954424608, 0.5505608086021427, 2.776903807993875, -0.09595996056350212, 1.7325834870570662, 0.7171511425016921, -1.1357774923192103]
X.shape (10, 5)
s1 and s2 score at iteration 64
S_1 [-0.2331363403312919, -0.08167181479981701, 0.05277961437450173, -0.3673752334568124, -0.1018599881542336, 0.13857946938940013, 0.13952179137484258, 0.14091053137280166, -0.1351782546818674, -0.028245711554844805]
S_2 [0.5, 0.5, 0.25, 0.5, 0.5, 0.25, 0.25, 0.25, 0, 0.25]
Trust scores at iteration 65: [0.6128924679571298, 0.01996886945939097, 1.3207906855354645, -1.3750747547485362, 0.20954619546510495, 2.432886809082445, -0.0080442874934845, 1.5476959639985062, 0.4656805097410347, -1.0704785766259266]
X.shape (10, 5)
s1 and s2 score at iteration 65
S_1 [0.012668737937920017, 0.21446969882627506, 0.031980435865923536, -0.2160157609779805, -0.05418986561300399, -0.010732042774579472, -0.004593620497947574, 0.018424390239789843, 0.07666673864807244, 0.027886857478358715]
S_2 [0.3333333333333333, 0.3333333333333333, 0.25, 0.5, 0.3333333333333333, 0.25, 0.25, 0.25, 0.3333333333333333, 0.3333333333333333]
Trust scores at iteration 66: [0.42981910673563334, 0.06697353904048234, 1.0700391835410268, -1.4698948566312318, 0.040213901261930474, 1.985447802375776, -0.08505042024625492, 1.2534275787095703, 0.3494491119125572, -0.9904027359712577]
X.shape (10, 5)
s1 and s2 score at iteration 66
S_1 [0.09090932942624735, -0.04813232077543717, 0.013057136419082904, 0.22043250391291455, 0.2207697721637224, 0.038346629230333, 0.03811981709553072, 0.037917618034410405, 0.1975199960054047, -0.44153308567264593]
S_2 [0.25, 0.3333333333333333, 0.25, 0.25, 0.25, 0.3333333333333333, 0.3333333333333333, 0.3333333333333333, 0.25, 0]
Trust scores at iteration 67: [0.31461375210281683, -0.1257755563952887, 0.8059048577792425, -1.2121397819610282, 0.0716818160726409, 1.5636848980911446, -0.19639269656554353, 0.9411762202464652, 0.31873489762446156, -1.1418379373017111]
X.shape (10, 5)
s1 and s2 score at iteration 67
S_1 [0.005074731457413236, -0.1075436075740828, 0.3616985112452178, 0.2691097079640287, 0.029555333839265355, 0.22975645512101212, 0.22995798559416514, 0.23060131448725263, 0.06597426404804334, 0.19685866904691351]
S_2 [0.2, 0.25, 0.2, 0.2, 0.25, 0.2, 0.2, 0.2, 0.3333333333333333, 0.25]
Trust scores at iteration 68: [0.179526231316034, -0.26400863552571396, 0.745019129112356, -1.0087163199382259, -0.039313562991840016, 1.3344144694878979, -0.1615679092619703, 0.8056324649719898, 0.14828485192140228, -1.0014229824048726]
X.shape (10, 5)
s1 and s2 score at iteration 68
S_1 [-0.20932173634628626, 0.14616226605313343, 0.2290722624306883, -0.48875469649944125, 0.17634917252147841, 0.3317468692428197, 0.32864288170846134, 0.3236669174213598, -0.02850887165149564, -0.005469649685490414]
S_2 [0.5, 0.2, 0.2, 0.5, 0.2, 0.2, 0.2, 0.2, 0.2, 0.5]
Trust scores at iteration 69: [-0.09204793853794227, -0.21831978386811077, 0.6768417341517224, -1.2284002701248027, -0.013679903029169146, 1.2242522990647133, -0.04873619694679768, 0.7711342291040476, 0.0531517816938355, -1.0036826479169056]
X.shape (10, 5)
s1 and s2 score at iteration 69
S_1 [-0.12029787454962183, 0.1688086224664975, -0.07081258752357233, -0.44183181502859054, 0.05590041413598528, 0.2580529634762212, 0.2565342884089598, 0.25365210365714563, 0.061778253573777836, -0.10336496720111847]
S_2 [0.5, 0.2, 0.3333333333333333, 0.5, 0.2, 0.2, 0.2, 0.2, 0.2, 0.5]
Trust scores at iteration 70: [-0.2981670176956547, -0.14744741179017984, 0.4341538148662526, -1.4509664693109232, -0.03913434723387247, 1.1306144542050063, 0.047691463193853735, 0.7429059804507037, 0.021089231905333183, -1.063213827648247]
X.shape (10, 5)
s1 and s2 score at iteration 70
S_1 [-0.04608528890899834, -0.1785165697325506, -0.08050279473270809, 0.20225683187397736, 0.1456755773932528, 0.1947423052585592, 0.1960015948803054, 0.19825814124191068, -0.2463926928222355, -0.18506608074340924]
S_2 [0.25, 0.5, 0.3333333333333333, 0.25, 0.3333333333333333, 0.25, 0.25, 0.25, 0.3333333333333333, 0.5]
Trust scores at iteration 71: [-0.3626202584136509, -0.4077237782136141, 0.20932734919331744, -1.1583214989142847, -0.025226625260407805, 1.0304492778259355, 0.11089866408341163, 0.7035045291951252, -0.26480668943262525, -1.190982554150395]
X.shape (10, 5)
s1 and s2 score at iteration 71
S_1 [0.2736713881255482, 0.30579490486974825, 0.3106542850496479, 0.3605701271923152, -0.3157801479029812, 0.3921158360517649, 0.3927051047268002, 0.3862041163848282, -0.17160049468702152, -0.22504251155504512]
S_2 [0.14285714285714285, 0.14285714285714285, 0.14285714285714285, 0.14285714285714285, 0.5, 0.14285714285714285, 0.14285714285714285, 0.14285714285714285, 0.5, 0.5]
Trust scores at iteration 72: [-0.24655119570056147, -0.27261909617283775, 0.2537304801572009, -0.8897048859242567, -0.29205991302769363, 0.9827996626932209, 0.20140672161375706, 0.7026385504131061, -0.4406312414312784, -1.2482937601242026]
X.shape (10, 5)
s1 and s2 score at iteration 72
S_1 [0.2818780975176398, 0.3682225903382268, -0.2913639939393693, 0.2968667615027043, 0.08868602816229766, 0.42871432226977785, 0.43290572308513625, 0.43881714516338427, -0.4340550865898684, 0.27304130283978306]
S_2 [0.16666666666666666, 0.16666666666666666, 0.5, 0.16666666666666666, 0.2, 0.16666666666666666, 0.16666666666666666, 0.16666666666666666, 0.5, 0.2]
Trust scores at iteration 73: [-0.16321468173880235, -0.1558574293094662, -0.033925471754026826, -0.7047717729555261, -0.2779355558311312, 0.9319262852480961, 0.2691750236117092, 0.6972427678511401, -0.672908750118494, -1.027716525609879]
X.shape (10, 5)
s1 and s2 score at iteration 73
S_1 [-0.30775219777927343, -0.07100594940395234, 0.0320121077771207, -0.0038543180385903148, -0.011413920631229047, 0.13724349870891533, 0.137224425429982, 0.13711347662263046, -0.06386375398763966, -0.10835061107094421]
S_2 [0.3333333333333333, 0.3333333333333333, 0.3333333333333333, 0.3333333333333333, 0.5, 0.2, 0.2, 0.2, 0.2, 0.2]
Trust scores at iteration 74: [-0.5750896118824789, -0.3100846214597207, -0.09384908355246477, -0.7032685759952626, -0.39872004356485946, 0.8821373424608816, 0.31877792396892135, 0.6825142453013443, -0.7017721963380251, -1.0519806245737862]
X.shape (10, 5)
s1 and s2 score at iteration 74
S_1 [0.05336623147249572, 0.40742325082357583, 0.2709590388712625, 0.2995099608423235, 0.009965581666003785, 0.1481779902827022, 0.14601493537577265, 0.14224638700318432, -0.13113958535850193, 0.2430910039839959]
S_2 [0.2, 0.2, 0.2, 0.2, 0.25, 0.25, 0.25, 0.25, 0.3333333333333333, 0.2]
Trust scores at iteration 75: [-0.5591784580348458, -0.2035719282407626, -0.07001340887483937, -0.5775084558652449, -0.4477430337347151, 0.6918710614391417, 0.21221918920192293, 0.5200076052987204, -0.7947877002771364, -0.8946853234980053]
X.shape (10, 5)
s1 and s2 score at iteration 75
S_1 [0.38558967446735715, 0.13108744194828906, 0.32848096082901795, 0.4347901725702604, -0.716162110838535, 0.44739999669709246, 0.44936810030186286, 0.44061610260832873, 0.3997812620836585, 0.11391802472201351]
S_2 [0.14285714285714285, 0.2, 0.14285714285714285, 0.14285714285714285, 0, 0.14285714285714285, 0.14285714285714285, 0.14285714285714285, 0.14285714285714285, 0.25]
Trust scores at iteration 76: [-0.4323053453146234, -0.2492788801359509, -0.03557806009271643, -0.4314626155856218, -0.6196379704246521, 0.6517191594608158, 0.24467202510734876, 0.5033707438832586, -0.6278360199631219, -0.872456453036237]
X.shape (10, 5)
s1 and s2 score at iteration 76
S_1 [0.08240571984853594, 0.01855625961265485, -0.12821669051156545, 0.1465497232035949, 0.14770050257071132, 0.26639114992064683, 0.2619611897439771, 0.25397804937716956, 0.10502403883945984, -0.4365706074456436]
S_2 [0.2, 0.2, 0.3333333333333333, 0.5, 0.25, 0.2, 0.2, 0.2, 0.3333333333333333, 0.3333333333333333]
Trust scores at iteration 77: [-0.38105838499184647, -0.26143835662288906, -0.20243783201469534, -0.4342237458286247, -0.5185248145597907, 0.6439612855416934, 0.2954767915274242, 0.51087554168533, -0.5745234953690371, -1.087412935107683]
X.shape (10, 5)
s1 and s2 score at iteration 77
S_1 [-0.0010838556963870876, -0.0013023473790718294, -0.06302248068271764, 0.05923294752135561, -0.2136242183711499, 0.18271494412037134, 0.18397794766312806, 0.185933696728254, -0.3602317223850981, -0.1072673838617858]
S_2 [0.3333333333333333, 0.3333333333333333, 0.3333333333333333, 0.25, 0.5, 0.25, 0.25, 0.25, 0, 0.25]
Trust scores at iteration 78: [-0.42477401611027776, -0.3232732577999014, -0.32291486226677685, -0.39630464381531644, -0.7630851213927352, 0.6197703988368806, 0.3245774933805343, 0.5092442104325305, -0.7789580192016834, -1.085837797273765]
X.shape (10, 5)
s1 and s2 score at iteration 78
S_1 [-0.017769497230795097, -0.07305520674001917, 0.03537308825365245, -0.14836011901177223, 0.14382868104660493, 0.18457371764112046, 0.18251834788767016, 0.18206222777400388, -0.4140885772924718, -0.2240397406639208]
S_2 [0.2, 0.3333333333333333, 0.3333333333333333, 0.3333333333333333, 0.2, 0.2, 0.2, 0.2, 0.5, 0.5]
Trust scores at iteration 79: [-0.4354988894658221, -0.4341530243547193, -0.34573051060696924, -0.5574287560769933, -0.5917351688505756, 0.6168048390113484, 0.36422050445391013, 0.520816532694436, -1.148637237285953, -1.2550355102264192]
X.shape (10, 5)
s1 and s2 score at iteration 79
S_1 [0.2177982108742419, 0.06278609560857279, -0.07484179650402041, -0.4097440056486536, 0.1928218378907738, 0.23485673157124046, 0.241916120021763, 0.25126780449490954, 0.08170550245913889, -0.10148672153627834]
S_2 [0.2, 0.3333333333333333, 0.3333333333333333, 0.5, 0.2, 0.2, 0.2, 0.2, 0.3333333333333333, 0.3333333333333333]
Trust scores at iteration 80: [-0.3001544870971615, -0.43154849059928735, -0.43854943748822406, -0.8684203959464314, -0.447865535434886, 0.6044871519313714, 0.39400472918850854, 0.5326940527902705, -1.0275657036821038, -1.227364977916462]
X.shape (10, 5)
s1 and s2 score at iteration 80
S_1 [0.34370453257683403, 0.5582022740695767, 0.11610773432619707, -0.5276357381091826, 0.602860154075055, 0.5247555875427292, 0.5247555875427292, 0.5572112942532361, 0.5897696298585114, 0.4820499527093044]
S_2 [0.125, 0.125, 0.25, 0, 0.125, 0.125, 0.125, 0.125, 0.125, 0.125]
Trust scores at iteration 81: [-0.24461284090406382, -0.30292771932969487, -0.4938778009881347, -0.8694404545070988, -0.3056857051196531, 0.5693805755328166, 0.39047051620138323, 0.5164318729756392, -0.8016879528151927, -0.9983194913780827]
X.shape (10, 5)
s1 and s2 score at iteration 81
S_1 [0.16077066534571927, 0.02291308017776152, 0.12859637327163753, -0.00224833407889325, -0.3449095695083113, -0.22008560057553195, 0.07214116638140038, 0.12245705372734281, -0.22889525854060425, 0.11549809021565853]
S_2 [0.25, 0.3333333333333333, 0.25, 0.25, 0.5, 0.5, 0.25, 0.25, 0.5, 0.25]
Trust scores at iteration 82: [-0.13292091476845425, -0.3361105194891102, -0.37481493931305343, -0.8161220955810937, -0.7316355570471254, 0.12863229704361934, 0.3242080819199295, 0.478220261409428, -1.0449954160440755, -0.815811153200895]
X.shape (10, 5)
s1 and s2 score at iteration 82
S_1 [-0.11817995437869182, -0.06757823544738048, -0.01701985099756207, -0.1703538959876407, -0.14052749767744213, -0.09291383526352003, -0.0759655035757317, -0.06496401342446032, -0.1777828131046428, -0.023997089559275406]
S_2 [0.25, 0.25, 0.25, 0.3333333333333333, 0.3333333333333333, 0.25, 0.3333333333333333, 0.3333333333333333, 0.3333333333333333, 0.3333333333333333]
Trust scores at iteration 83: [0.81606530411586, 0.1973891407161789, -0.2810926984160954, 0.6576656726840949, 0.4666120791820234, 0.8157092094445466, 0.7950789432982698, 0.829030543233249, 0.5285961659873565, -0.6319474151958134]
X.shape (10, 5)
s1 and s2 score at iteration 83
S_1 [0.19320873397948088, 0.3282446406889123, 0.27194053537511687, -0.27941009776845244, 0.2611609295377864, 0.22767822701883603, 0.2569247268191053, -0.2114913150733556, -0.24996897096537335, -0.06508766079674155]
S_2 [0.16666666666666666, 0.16666666666666666, 0.16666666666666666, 0.3333333333333333, 0.16666666666666666, 0.16666666666666666, 0.16666666666666666, 0.3333333333333333, 0.3333333333333333, 0.3333333333333333]
Trust scores at iteration 84: [0.7069473082856667, 0.24278076960875208, -0.18965843170456853, 0.2813320473341509, 0.44096460556550665, 0.7223963669601333, 0.718225596096023, 0.45802945689010954, 0.18507686191708544, -0.7168988170802083]
X.shape (10, 5)
s1 and s2 score at iteration 84
S_1 [-0.03340480550196126, 0.12723227528605202, -0.09239558591066406, 0.08997298758732447, 0.10840733030648224, -0.2675790017149987, 0.01232670161774382, -0.1414432211418142, -0.18994610018808553, -0.015118001635415941]
S_2 [0.3333333333333333, 0.3333333333333333, 0.3333333333333333, 0.3333333333333333, 0.3333333333333333, 0.5, 0.3333333333333333, 0.3333333333333333, 0.3333333333333333, 0.3333333333333333]
Trust scores at iteration 85: [0.46152274549469624, 0.2563636541674393, -0.37013908643336657, 0.24520554677323922, 0.4026263184864341, 0.148575680345653, 0.5250242739890756, 0.12257109857541865, -0.16662088924621937, -0.7271873042107373]
X.shape (10, 5)
s1 and s2 score at iteration 85
S_1 [-0.11462712634652633, 0.005237207320116449, -0.032029203614885385, 0.03189165502685329, -0.09701528276162605, -0.12518492888045063, -0.23107377066510443, 0.08770734492734432, -0.28498011041479704, 0.03524358070009592]
S_2 [0.5, 0.3333333333333333, 0.25, 0.25, 0.3333333333333333, 0.3333333333333333, 0.5, 0.25, 0.5, 0.25]
Trust scores at iteration 86: [0.046255233795534756, 0.1268659510895453, -0.4443956260475036, 0.18796687719519728, 0.07631362780432205, -0.18780607440733524, -0.09891936662960499, 0.17918543378910584, -0.7790101592102334, -0.6328344720745194]
X.shape (10, 5)
s1 and s2 score at iteration 86
S_1 [-0.2778377098857985, -0.1663726888984124, 0.004430481190937425, 0.07226219231351914, 0.07767018516826786, 0.019419165891064134, -0.2068640248360756, -0.28857368206710904, 0.023832125659659746, 0.07162967578224115]
S_2 [0.3333333333333333, 0.5, 0.5, 0.2, 0.2, 0.2, 0.3333333333333333, 0.3333333333333333, 0.2, 0.2]
Trust scores at iteration 87: [-0.5972551785653931, -0.3634700293693047, -0.5191799464344589, 0.23932769736965184, 0.15486658363367375, -0.18213203540703837, -0.5835861577832105, -0.5049982794986307, -0.6761330099075109, -0.4595749926214996]
X.shape (10, 5)
s1 and s2 score at iteration 87
S_1 [-0.013322407174206815, 0.07978521910919485, 0.06058094750801805, 0.14328676669951018, -0.1301858778801346, -0.07465505339802453, -0.16385591656997545, -0.11658590524571125, -0.20660122274624199, -0.008979526737762157]
S_2 [0.3333333333333333, 0.25, 0.25, 0.3333333333333333, 0.25, 0.25, 0.25, 0.25, 0.25, 0.25]
Trust scores at iteration 88: [-0.6716134868153476, -0.3379262300913467, -0.49038368459868464, 0.20342854276420405, -0.11714871575020572, -0.3454650021044947, -0.7800810842988879, -0.663796694494921, -0.903493906442238, -0.5125389768530055]
X.shape (10, 5)
s1 and s2 score at iteration 88
S_1 [-0.06574365006607365, 0.13771769164935138, 0.1541255504168304, -0.07587788000879059, -0.025393261361890948, -0.14186557068199726, 0.1209568032035727, -0.13533796369101522, -0.2199299636086736, -0.060233737740470444]
S_2 [0.3333333333333333, 0.3333333333333333, 0.3333333333333333, 0.25, 0.25, 0.25, 0.3333333333333333, 0.3333333333333333, 0.25, 0.3333333333333333]
Trust scores at iteration 89: [-0.7848553229470964, -0.30320595754488916, -0.41682613190888196, -0.013432560092666274, -0.23678995649168672, -0.5442134406436118, -0.6953498255569637, -0.845942499682105, -1.094512816280825, -0.6442795635438519]
X.shape (10, 5)
s1 and s2 score at iteration 89
S_1 [-0.04326143392030944, -0.13712830685070818, 0.004954280920225719, -0.04758881205758506, -0.19724661908448254, -0.12907475416809058, -0.03698216486200496, -0.01605933750960442, -0.18974998848020763, -0.1709178502804243]
S_2 [0.5, 0, 0.25, 0.25, 0.3333333333333333, 0.3333333333333333, 0.25, 0.25, 0.3333333333333333, 0.5]
Trust scores at iteration 90: [-2.1269467930115713, -4.409537679873796, -0.27930221212254963, -1.5272568056274671, -6.273276954649279, -4.470557866934896, -1.7857506585451903, -1.280277211871193, -6.775367055845233, -5.872491044650963]
X.shape (10, 5)
s1 and s2 score at iteration 90
S_1 [0.0390420889901805, -0.15688068228139537, 0.1248419812908097, 0.12359758156077302, -0.01464677559005561, 0.23913338014412114, 0.2134073218889578, 0.2625665441873164, -0.1602551710287449, 0.23309101825389142]
S_2 [0.3333333333333333, 0.3333333333333333, 0.25, 0.25, 0.25, 0.25, 0.3333333333333333, 0.25, 0.3333333333333333, 0.3333333333333333]
Trust scores at iteration 91: [-1.935600663051888, -3.987730412376248, -0.2785866850691565, -1.3400589948926682, -5.453152876337058, -3.7758611727247056, -1.5459719246273724, -1.050735630090514, -6.000613172538043, -5.008456276943149]
X.shape (10, 5)
s1 and s2 score at iteration 91
S_1 [0.3814628418905715, -0.16821968201128593, 0.38201203671614004, 0.2999453402078701, 0.04307492804723403, 0.43542847610215357, 0.3566731372958036, 0.2744593288888054, -0.6642032921977482, 0.3937847964740705]
S_2 [0.14285714285714285, 0.3333333333333333, 0.14285714285714285, 0.14285714285714285, 0.25, 0.14285714285714285, 0.14285714285714285, 0.14285714285714285, 0, 0.14285714285714285]
Trust scores at iteration 92: [-1.5781368055462692, -3.597520556812729, -0.16948573308867337, -1.1000082102833122, -4.732841137684627, -3.123767711101714, -1.2554921401961137, -0.8628629820071023, -5.329331435991083, -4.185819308605434]
X.shape (10, 5)
s1 and s2 score at iteration 92
S_1 [-0.22816778376048552, 0.133287181440985, 0.13347647518974173, -0.2313168229447452, 0.11125649344095281, -0.20937293270471274, -0.23066126597795641, 0.025770560319508196, 0.039475251505623095, 0.04824445845531514]
S_2 [0.3333333333333333, 0.2, 0.2, 0.3333333333333333, 0.25, 0.3333333333333333, 0.3333333333333333, 0.2, 0.2, 0.2]
Trust scores at iteration 93: [-1.747829765182857, -2.9981052003820405, -0.08406287312537236, -1.3449593290886048, -4.010385638886882, -3.0404945027821277, -1.4763839588328582, -0.7944727456049526, -4.575569688126205, -3.5937296017642195]
X.shape (10, 5)
s1 and s2 score at iteration 93
S_1 [-0.14704977221018936, -0.15662888848906917, -0.025075500262187227, 0.06542034825145779, -0.16306201379815133, 0.05720209963678978, 0.0994130911764545, -0.09061968655779677, -0.19730472408381003, -0.038409971844869106]
S_2 [0.25, 0.25, 0.25, 0.25, 0.25, 0.25, 0.25, 0.25, 0.25, 0.3333333333333333]
Trust scores at iteration 94: [-1.820032173667293, -2.8972197968911244, -0.22178875131772996, -1.1570055704744748, -3.7673648268113893, -2.6106106186133853, -1.2174263650079293, -0.9245338559034524, -4.299438574067598, -3.262625262870531]
X.shape (10, 5)
s1 and s2 score at iteration 94
S_1 [0.10732818650762695, 0.08591496648568116, -0.09039791144254265, 0.2192846526437424, -0.2992085347434318, 0.1255319403997622, 0.07261858214582556, 0.2391471390400174, -0.4649316198904157, 0.15475739038251998]
S_2 [0.2, 0.3333333333333333, 0.3333333333333333, 0.2, 0.5, 0.2, 0.2, 0.2, 0.5, 0.3333333333333333]
Trust scores at iteration 95: [-1.5397080058898867, -2.508748476342327, -0.34522062232627154, -0.9059130606495409, -3.5399323467131367, -2.200281763332891, -1.049263935934197, -0.6958537775179345, -4.096141342390144, -2.7761631637350477]
X.shape (10, 5)
s1 and s2 score at iteration 95
S_1 [-0.09308789012077869, -0.1388194571141325, 0.058276856969774186, -0.07112557312465874, 0.01110136016283525, 0.10475121441355345, 0.018418019703700612, -0.31897361527443896, 0.17535816938785886, 0.1939075915147995]
S_2 [0.3333333333333333, 0.3333333333333333, 0.3333333333333333, 0.3333333333333333, 0.2, 0.2, 0.2, 0.3333333333333333, 0.2, 0.2]
Trust scores at iteration 96: [-1.5307612782252542, -2.389821988007833, -0.39835662999252264, -0.9750463092982543, -3.090354878247126, -1.8792076937381383, -0.9676268221027574, -0.9882223282732678, -3.4360693127030615, -2.2997386891747906]
X.shape (10, 5)
s1 and s2 score at iteration 96
S_1 [0.05110053668322259, 0.09450723921417414, 0.16946427794201824, 0.12064249781376181, -0.11676982736630606, 0.1596589122514417, -0.1978360502041604, -0.22111375240354628, -0.04409100571934633, -0.09142079072992365]
S_2 [0.3333333333333333, 0.3333333333333333, 0.3333333333333333, 0.3333333333333333, 0.3333333333333333, 0.3333333333333333, 0.3333333333333333, 0.3333333333333333, 0.3333333333333333, 0.5]
Trust scores at iteration 97: [-1.3559158401452245, -2.0476963351376907, -0.28860313549364425, -0.8220035854415787, -2.8301595595620266, -1.5560056835739837, -1.097595854417731, -1.1357061134237507, -3.0596857298153908, -2.1856982943709347]
X.shape (10, 5)
s1 and s2 score at iteration 97
S_1 [-0.008507949439272753, 0.07736935568786929, -0.004759521688701529, -0.1980867820183547, -0.1477034928337815, -0.10167901769792541, 0.10226309340661291, -0.25407605123307087, 0.09592294911419255, -0.14052815305860702]
S_2 [0.3333333333333333, 0.3333333333333333, 0.3333333333333333, 0.5, 0.5, 0.3333333333333333, 0.3333333333333333, 0.5, 0.3333333333333333, 0.3333333333333333]
Trust scores at iteration 98: [-1.2650079655093083, -1.727056139750413, -0.3522939546018129, -1.1392576975283126, -2.772287823278088, -1.5717481059635257, -0.8829564762550713, -1.4880301771870665, -2.5600326246550473, -2.163970924780202]
X.shape (10, 5)
s1 and s2 score at iteration 98
S_1 [0.11862008201941417, 0.2188521526368727, 0.35397343478093524, 0.3938895772634553, -0.12334208723319035, 0.13649349666387145, 0.07486622483864165, -0.48558648582093966, 0.39165304053701316, 0.20876364753300633]
S_2 [0.2, 0.2, 0.25, 0.2, 0.3333333333333333, 0.2, 0.25, 0.3333333333333333, 0.2, 0.2]
Trust scores at iteration 99: [-1.1200841808760709, -1.4746550136479946, -0.2771506225334157, -0.9083690428990656, -2.5534154612851614, -1.3740067931814277, -0.8345026446193763, -1.5997454278196201, -2.116879443031268, -1.8498744590864629]
X.shape (10, 5)
s1 and s2 score at iteration 99
S_1 [-0.04503472804787388, -0.05823063377744976, -0.14159519523346198, -0.04265742828526306, -0.044721882759423535, -0.14974685416563924, -0.20142157520369752, -0.17428200485219117, -0.006486254522133423, -0.062006189990614434]
S_2 [0.25, 0.25, 0.25, 0.25, 0.25, 0.25, 0.3333333333333333, 0.25, 0.25, 0.25]
Trust scores at iteration 100: [-0.023106223617713972, -0.019325198375531816, 2.926427960789371, 0.10187462060963737, -1.2486726179859908, 2.1826140700213568, 3.798713255642463, 2.5581318809383395, -1.7618475265765776, -0.25094886715867726]
