Matplotlib created a temporary config/cache directory at /tmp/matplotlib-qmf8plq5 because the default path (/users/raysuan/.config/matplotlib) is not a writable directory; it is highly recommended to set the MPLCONFIGDIR environment variable to a writable directory, in particular to speed up the import of Matplotlib and to better support multiprocessing.
Loaded dataset for Tower 2 without noise: 552960 chunks
Loaded dataset for Tower 3 without noise: 535674 chunks
Loaded dataset for Tower 4 without noise: 552958 chunks
Loaded dataset for Tower 5 without noise: 518399 chunks
Loaded dataset for Tower 6 without noise: 518400 chunks
Loaded dataset for Tower 7 with same noise: 518398 chunks
Loaded dataset for Tower 8 with same noise: 518398 chunks
Loaded dataset for Tower 9 with same noise: 518399 chunks
Loaded dataset for Tower 10 with random noise: 518399 chunks
Loaded dataset for Tower 11 with random noise: 518396 chunks
W, alpha, th 0.5 0.9 0.3
X.shape (10, 5)
s1 and s2 score at iteration 0
S_1 [-0.23644800833044707, 0.09262767953290613, 0.13136304836337995, 0.35664460235735335, -0.21665800316667794, 0.31109870123151484, 0.09983120307296116, 0.28183199340158643, 0.22131183124501463, 0.30940559292329084]
S_2 [0.5, 0.3333333333333333, 0.5, 0.2, 0, 0.2, 0.25, 0.2, 0.2, 0.2]
Trust scores at iteration 1: [-0.1662979354706535, -0.04069468253438071, -0.06316696019087487, 0.059999999999999984, -0.060748992620275055, 0.04722933115353807, -0.02200821142024979, 0.03902320448388402, 0.022053884954990284, 0.04675459852137909]
X.shape (10, 5)
s1 and s2 score at iteration 1
S_1 [0.056546777769167694, -0.07207536617053481, -0.114551609551739, -0.030524557339044515, -0.13246235988832408, -0.13426905304243741, -0.09462351316748255, -0.016402226113766922, -0.04252486759366132, -0.14449597092374805]
S_2 [0.3333333333333333, 0.3333333333333333, 0.3333333333333333, 0.3333333333333333, 0.5, 0.3333333333333333, 0.5, 0.3333333333333333, 0.5, 0.3333333333333333]
Trust scores at iteration 2: [-0.11633480859025483, -0.23075337214832295, -0.32609542261274327, -0.0666477395823512, -0.38892680432447624, -0.26160802133782945, -0.28714409256345436, -0.06055225614010063, -0.15535449347435448, -0.28012104665980075]
X.shape (10, 5)
s1 and s2 score at iteration 2
S_1 [0.26038753273556314, 0.05650805022177179, 0.07582527116225439, 0.14778155923535374, 0.35811319726935453, -0.05837312607891801, 0.30731310362760555, -0.413131090649817, 0.36550666763249656, 0.11588839953572647]
S_2 [0.25, 0.25, 0.3333333333333333, 0.25, 0.25, 0.3333333333333333, 0.25, 0, 0.25, 0.25]
Trust scores at iteration 3: [-0.1084611683048155, -0.2672178381092323, -0.37274063057164986, -0.09455099205915156, -0.32705692429975636, -0.35141768739195106, -0.24935102460077924, -0.16752673072986496, -0.11481904412691904, -0.29540270793621165]
X.shape (10, 5)
s1 and s2 score at iteration 3
S_1 [-0.10599550864155308, 0.17190673336861023, -0.3356889282479486, 0.033658865166877425, -0.12592371610039002, 0.055030236207422305, -0.037528020749355545, -0.2527415581716071, 0.10860080962259998, 0.13445477762781705]
S_2 [0.5, 0.2, 0.5, 0.2, 0.5, 0.2, 0.5, 0.5, 0.2, 0.2]
Trust scores at iteration 4: [-0.2592737815103894, -0.18049605429830906, -0.6307404358906288, -0.10551616813430724, -0.46760241501592237, -0.3242642370105808, -0.3462463763724656, -0.3977965466653032, -0.08016287801167174, -0.22764864353887343]
X.shape (10, 5)
s1 and s2 score at iteration 4
S_1 [-0.11623178541032114, 0.038483913700062315, 0.02288692077554623, 0.09301188589638928, -0.21611228863968174, 0.07627698441300879, 0.28016176306620133, -0.28972379247424873, 0.27451568400633486, 0.22534493938308298]
S_2 [0.3333333333333333, 0.25, 0.3333333333333333, 0.25, 0.5, 0.3333333333333333, 0.3333333333333333, 0.3333333333333333, 0.25, 0.25]
Trust scores at iteration 5: [-0.3415004536497616, -0.1987101297937839, -0.6261638782331234, -0.11176520074625478, -0.5979805689450496, -0.3312784290054205, -0.2782884054018857, -0.5280965973697211, -0.024161882732251137, -0.1744499123657533]
X.shape (10, 5)
s1 and s2 score at iteration 5
S_1 [0.12132087924551133, -0.03623901170677271, 0.1725534743980518, -0.02320004211150792, 0.14798674754747568, -0.1370614220683717, -0.06511033089699715, 0.046339603255257135, -0.39617577952901734, 0.09181140722686919]
S_2 [0.25, 0.5, 0.25, 0.5, 0.3333333333333333, 0.5, 0.3333333333333333, 0.25, 0, 0.25]
Trust scores at iteration 6: [-0.2870412593854451, -0.29984072911644205, -0.513547490409811, -0.21403381250246642, -0.5190863460279691, -0.4775818595385237, -0.3548596536597539, -0.4984317245361066, -0.2513416390849259, -0.15379741108213263]
X.shape (10, 5)
s1 and s2 score at iteration 6
S_1 [0.18397452379327306, 0.01481522614064277, -0.12556522983690802, 0.08883776960790064, -0.13586438035111997, -0.05116850629291056, 0.01918988880364097, -0.14823414179148062, 0.045397498108148096, -0.1332570390430943]
S_2 [0.25, 0.5, 0.5, 0.25, 0.5, 0.5, 0.25, 0.5, 0.25, 0.5]
Trust scores at iteration 7: [-0.20833713344690064, -0.36180378788630707, -0.6304441640375479, -0.19434234887200658, -0.6410272736090031, -0.5576364952938375, -0.3589429566859587, -0.629161741638919, -0.2515315052801014, -0.3108500026119054]
X.shape (10, 5)
s1 and s2 score at iteration 7
S_1 [-0.31197753298957104, 0.09924136811896786, 0.13838056003968502, 0.0736224979533703, -0.037434436816955186, -0.33875896614375295, -0.14650142561132984, -0.00925073177246809, 0.13461490877776677, 0.16797596395036948]
S_2 [0.5, 0.2, 0.2, 0.2, 0.5, 0.5, 0.5, 0.2, 0.2, 0.2]
Trust scores at iteration 8: [-0.4732309049474521, -0.30654271339273026, -0.525018580242147, -0.17107892781914538, -0.6992101375533062, -0.8035439409479547, -0.5102643686495664, -0.6117527433559772, -0.18623896718022392, -0.21976500235071483]
X.shape (10, 5)
s1 and s2 score at iteration 8
S_1 [-0.18280961273800245, 0.057614363770606546, -0.20368791155385807, -0.08606565217382342, -0.00762570802848592, -0.10022982027155412, 0.05671649856937284, -0.08602455945726722, -0.10580040886725744, 0.1063617460664008]
S_2 [0.5, 0.3333333333333333, 0.5, 0.5, 0.3333333333333333, 0.3333333333333333, 0.3333333333333333, 0.3333333333333333, 0.3333333333333333, 0.3333333333333333]
Trust scores at iteration 9: [-0.6977831545057706, -0.2883867954859294, -0.7640215809541713, -0.3348888982322307, -0.7031253869695033, -0.8840910526216411, -0.47258044698993695, -0.6981233640174674, -0.33375397482719166, -0.16445516878231003]
X.shape (10, 5)
s1 and s2 score at iteration 9
S_1 [-0.08299808945522184, 0.03841100752395959, 0.20296106697338853, 0.013896373026928496, -0.0389759786449163, 0.08209056360709083, 0.11849507908013458, 0.2488299953568922, -0.2805719339439934, 0.2917883851303766]
S_2 [0.3333333333333333, 0.25, 0.3333333333333333, 0.3333333333333333, 0, 0.3333333333333333, 0.25, 0.25, 0.5, 0.25]
Trust scores at iteration 10: [-0.7231161230146755, -0.29638412124755575, -0.6847284658103091, -0.3633041918052318, -0.6461704665435822, -0.8342150186568794, -0.43471246539191666, -0.5930334744171208, -0.49653454113262274, -0.09800965190407904]
X.shape (10, 5)
s1 and s2 score at iteration 10
S_1 [-0.06838709105682249, -0.009206699542000263, -0.237181138368335, -0.051152857343564076, -0.004108715987454165, -0.16467948220865905, -0.10987877284485649, 0.006054285203747635, -0.06826906598477685, -0.15508409234563922]
S_2 [0.3333333333333333, 0.3333333333333333, 0.3333333333333333, 0.3333333333333333, 0.5, 0.3333333333333333, 0.3333333333333333, 0.5, 0.5, 0.3333333333333333]
Trust scores at iteration 11: [-1.8470362499749102, -0.4854815174331619, -4.600496869622502, -1.238543770107376, -0.7494180124741727, -3.537508490840562, -2.272800464032887, -0.5337301269754088, -1.6744967127668544, -2.7164344330490873]
X.shape (10, 5)
s1 and s2 score at iteration 11
S_1 [-0.1751772127958285, 0.010487043294947287, -0.2895090908208345, -0.13777971543449857, -0.007627315548877572, 0.03295171394817506, 0.04074839379809004, 0.06730364773666248, 0.0736400456478331, -0.135559147080043]
S_2 [0, 0.3333333333333333, 0.5, 0.3333333333333333, 0.3333333333333333, 0.3333333333333333, 0.3333333333333333, 0.3333333333333333, 0.3333333333333333, 0.5]
Trust scores at iteration 12: [-1.9002157105387374, -0.4893590807075968, -4.633588018293823, -1.3684549598555171, -0.7515004428321425, -3.205677304726625, -2.0568525262584276, -0.45562833551185933, -1.4737137081568357, -2.7288744539619003]
X.shape (10, 5)
s1 and s2 score at iteration 12
S_1 [0.13647962062344338, 0.3388153406721433, -0.6236707926467084, 0.04683938292845443, 0.24271863542144376, 0.3296933718456559, 0.2870745954886258, 0.3644533462241685, 0.3187049683358848, -0.14041300819981983]
S_2 [0.3333333333333333, 0.2, 0, 0.2, 0.2, 0.2, 0.2, 0.2, 0.2, 0.5]
Trust scores at iteration 13: [-1.7394130444455649, -0.38745781940785506, -4.341354217540189, -1.2587575080809126, -0.6497523996730579, -2.834647139140836, -1.8123987293284116, -0.35006550196067343, -1.278894939303035, -2.5945140270866087]
X.shape (10, 5)
s1 and s2 score at iteration 13
S_1 [-0.02446346652499546, 0.11889686334515377, -0.23753838291942975, -0.18219512326943837, -0.09046524354470835, 0.03905651128974814, 0.185316561125745, 0.18505552800787375, 0.2510243380626018, 0.15064764532318053]
S_2 [0.5, 0.25, 0.3333333333333333, 0.3333333333333333, 0.3333333333333333, 0.25, 0.25, 0.25, 0.25, 0.25]
Trust scores at iteration 14: [-1.6752171960447546, -0.3513473618890774, -4.068513092886103, -1.272129084713505, -0.6874822616265125, -2.585623570817979, -1.6073347154552886, -0.2913387979993869, -1.1010054453727316, -2.3250494613173958]
X.shape (10, 5)
s1 and s2 score at iteration 14
S_1 [0.348645242711139, 0.2171363631423848, 0.23291496530615785, -0.09961784746567073, 0.33665976530195274, -0.40519823569878394, -0.44192578959307205, 0.312976740463877, 0.3243880494207563, 0.19544039402098667]
S_2 [0.16666666666666666, 0.16666666666666666, 0.16666666666666666, 0.3333333333333333, 0.16666666666666666, 0.3333333333333333, 0.3333333333333333, 0.2, 0.16666666666666666, 0.16666666666666666]
Trust scores at iteration 15: [-1.4576954764402792, -0.30393259530196703, -3.644856063406113, -1.273489016270322, -0.5721717641177746, -2.5432819980921866, -1.6733563908197142, -0.232435518786422, -0.9478624583520199, -2.08648742044339]
X.shape (10, 5)
s1 and s2 score at iteration 15
S_1 [0.07779930569517296, 0.005826598151978384, 0.057753604957802435, -0.1294925590070909, -0.08404899594996867, -0.15918083541433678, -0.19508256490525688, -0.26482287509134284, 0.022386506116695085, -0.06063936415896665]
S_2 [0.3333333333333333, 0.3333333333333333, 0.3333333333333333, 0.5, 0.3333333333333333, 0.5, 0.5, 0.5, 0.3333333333333333, 0.3333333333333333]
Trust scores at iteration 16: [-1.2785925954629178, -0.33271673489303283, -3.272803035854716, -1.4125844779316439, -0.6896543469548556, -2.593558240433167, -1.8567717875755352, -0.6495843042493887, -0.8909681929357587, -2.0224486681032765]
X.shape (10, 5)
s1 and s2 score at iteration 16
S_1 [-0.19937493915231502, 0.03012142549350442, -0.22000609043797031, -0.013678452971372913, -0.05223425314899157, -0.02439434945550586, -0.08895056830809712, -0.24966114887238713, -0.004063299361871183, -0.09623271624240443]
S_2 [0.5, 0.25, 0.5, 0.25, 0.5, 0.25, 0.5, 0.5, 0.25, 0.5]
Trust scores at iteration 17: [-1.9126373988412357, -0.24944506140372957, -3.7759200718155217, -1.366737071439704, -0.8941012003340354, -2.4651891195615394, -2.0664012447116877, -1.5134749232368878, -0.8653611049390878, -2.239686410982708]
X.shape (10, 5)
s1 and s2 score at iteration 17
S_1 [-0.11330853965565003, 0.02318711980240633, 0.16883090362086955, -0.18252305527710563, 0.13727869629205897, 0.1812072669446425, -0.09440143521701927, 0.22963177244614316, -0.2350087349170453, -0.013236461425797054]
S_2 [0.5, 0.3333333333333333, 0.3333333333333333, 0.5, 0.3333333333333333, 0.3333333333333333, 0, 0.3333333333333333, 0.5, 0.3333333333333333]
Trust scores at iteration 18: [-1.8707172399644945, -0.2810696994681242, -3.3914722819364194, -1.409548469223848, -0.8115756467684875, -2.206424768593322, -1.9008710390515842, -1.3287940975798656, -0.9811665530255201, -2.0881486482212908]
X.shape (10, 5)
s1 and s2 score at iteration 18
S_1 [0.12397904310633587, -0.08814723313727793, 0.13553982980089968, -0.2911434381456189, -0.17666373316152562, 0.0022541671897037263, 0.12829225164320426, 0.032677493683493965, -0.18486621794473382, -0.20105828329183667]
S_2 [0.3333333333333333, 0.3333333333333333, 0.25, 0.3333333333333333, 0, 0.25, 0.25, 0.25, 0.3333333333333333, 0.3333333333333333]
Trust scores at iteration 19: [-1.692174954666283, -0.41799692151252293, -3.0273250537427776, -1.5833964876830209, -0.8607589076785046, -2.059119188576036, -1.6911311295234157, -1.2468055431287688, -1.1194424387319777, -2.127672676540152]
X.shape (10, 5)
s1 and s2 score at iteration 19
S_1 [-0.02422469480609167, -0.20179027668427738, 0.13203825419015944, 0.13256357820601578, 0.05635024896020954, -0.03726619930347676, -0.2585467765126654, -0.10788751148000945, -0.10917297842883991, 0.1161839917174544]
S_2 [0.3333333333333333, 0.5, 0.25, 0.25, 0.25, 0.3333333333333333, 0.5, 0.3333333333333333, 0.25, 0.3333333333333333]
Trust scores at iteration 20: [-1.60789814587538, -0.6284187365166349, -2.6749888291742576, -1.3750568389147189, -0.782174924022096, -1.9479858807123425, -1.8170540739946752, -1.2701771408021707, -1.1398533786176064, -1.8939280987608569]
X.shape (10, 5)
s1 and s2 score at iteration 20
S_1 [0.13735077450816563, 0.19594315595656178, 0.03577388800288916, 0.07649939021284136, 0.055348537442234, -0.23135992058716923, -0.20613812946365717, -0.2201493979142217, -0.02304947256268743, -0.011831375517230921]
S_2 [0.25, 0.25, 0.25, 0.3333333333333333, 0.25, 0.3333333333333333, 0.3333333333333333, 0.3333333333333333, 0.3333333333333333, 0.3333333333333333]
Trust scores at iteration 21: [-1.4520110758682068, -0.5405768628649714, -2.4642326675944326, -1.2985095310178643, -0.7507101896215468, -1.9712623126425515, -1.8405516926755652, -1.3555131329994141, -1.1376313873499964, -1.8105734561580664]
X.shape (10, 5)
s1 and s2 score at iteration 21
S_1 [0.04416236735708041, -0.21696016893434897, -0.00963734202777485, 0.07340529341305532, -0.025597408278955142, 0.08707860684262184, 0.12584536993889703, -0.19228513433811634, -0.13867270286069425, -0.22293382161723388]
S_2 [0.3333333333333333, 0, 0.5, 0.25, 0.25, 0.25, 0.25, 0.3333333333333333, 0.3333333333333333, 0.5]
Trust scores at iteration 22: [-1.3383840706538535, -0.6589213627214303, -2.3254674831565354, -1.1603288249432855, -0.7459795362138688, -1.754941158366904, -1.6064965234080086, -1.4394232490431282, -1.200727847233014, -1.9066651162827786]
X.shape (10, 5)
s1 and s2 score at iteration 22
S_1 [0.22502584883991966, 0.08450597926062729, 0.31896012230484816, -0.5058222130939792, 0.11726457106294544, -0.36421188433402185, 0.3085669339676763, 0.3021182938724043, 0.2798609591692963, 0.0848369820153177]
S_2 [0.2, 0.2, 0.2, 0.5, 0.5, 0.5, 0.2, 0.2, 0.2, 0.5]
Trust scores at iteration 23: [-1.173995825817573, -0.6065350118590822, -2.0329207348408818, -1.3028807239692426, -0.7346169330759291, -1.7936343213982358, -1.3891053311725243, -1.2407611542537096, -1.0329133858552821, -1.7894006144724446]
X.shape (10, 5)
s1 and s2 score at iteration 23
S_1 [0.14062228712238037, 0.17060175123799434, -0.0753179297048876, -0.0256289806539852, 0.25469035130560175, 0.3378956011119017, 0.13753643688196152, 0.29892567646295387, 0.0053464515101570515, 0.15430648587867032]
S_2 [0.5, 0.25, 0.25, 0.25, 0.25, 0.25, 0.25, 0.25, 0.25, 0.25]
Trust scores at iteration 24: [-1.1149791619066596, -0.5453920249632089, -1.9019189573704267, -1.2301775329882494, -0.6357797834239799, -1.564270889258412, -1.2594909722494978, -1.0782181645987574, -0.9780397681597082, -1.6147936413013129]
X.shape (10, 5)
s1 and s2 score at iteration 24
S_1 [0.16962195415737866, -0.38657976739803357, 0.09639820832917756, -0.11073224723507367, 0.18459304943717147, 0.14855634920521846, 0.051424863161055795, -0.45355487943168415, 0.1906522086531687, 0.1356575170511776]
S_2 [0.25, 0.5, 0.25, 0.3333333333333333, 0.25, 0.25, 0.5, 0.5, 0.25, 0.25]
Trust scores at iteration 25: [-0.9645119359158895, -0.7936198242912902, -1.71116472668318, -1.231907203991853, -0.5253799267822437, -1.3799237225875132, -1.206568747608748, -1.3082928207975244, -0.8302357913437375, -1.432159834214812]
X.shape (10, 5)
s1 and s2 score at iteration 25
S_1 [-0.10052548548737757, -0.14521236555865136, -0.059290462477628286, -0.19073296601895365, -0.07176120019749382, 0.055299224942579, 0.020178336374318144, -0.1986157601446224, -0.05795686246153467, -0.10265931917888434]
S_2 [0.3333333333333333, 0.5, 0.25, 0.3333333333333333, 0.25, 0.5, 0.25, 0.3333333333333333, 0.5, 0.25]
Trust scores at iteration 26: [-1.1165120281999346, -1.076851695048052, -1.6972657829028233, -1.520293890359227, -0.6526108418455083, -1.241931350328762, -1.0994225072278838, -1.6032957458614685, -0.9520181340314422, -1.5245871745207114]
X.shape (10, 5)
s1 and s2 score at iteration 26
S_1 [-0.19624686021483537, 0.12156931238743877, 0.052594030916107926, -0.06012554299740702, 0.0966421140869358, 0.08090199573493471, -0.2661135691768699, -0.19375765448914378, 0.01803831726769746, 0.042325484485249004]
S_2 [0.25, 0.2, 0.2, 0.25, 0.2, 0.2, 0.25, 0.25, 0.2, 0.3333333333333333]
Trust scores at iteration 27: [-1.2412887847562357, -0.9291665255432469, -1.544276616478052, -1.492722330619721, -0.5678542729954364, -1.111190174391367, -1.2833788946159794, -1.6773465697361127, -0.901978433571563, -1.4373125288923267]
X.shape (10, 5)
s1 and s2 score at iteration 27
S_1 [0.34801028988106375, 0.19691049951627163, 0.22529635533828973, 0.31853858693084, 0.16429351967854952, 0.3206052689543942, 0.022886957935481417, 0.05798495650911595, -0.5035050715375265, -0.06835818160318384]
S_2 [0.2, 0.2, 0.2, 0.2, 0.25, 0.2, 0.25, 0.3333333333333333, 0, 0.3333333333333333]
Trust scores at iteration 28: [-1.077159906280612, -0.8396680691624986, -1.3851105370624024, -1.3119187273101325, -0.5388594600956284, -0.9679459301194362, -1.22346448756253, -1.5929500616060506, -0.956461677578118, -1.4132238508322883]
X.shape (10, 5)
s1 and s2 score at iteration 28
S_1 [0.08512966291052308, 0.01998782523291797, -0.1915912376133385, -0.040649286085459035, 0.03191229539530211, 0.001197492187744424, -0.09089650198200942, -0.24657394376677377, -0.18551133718792434, -0.09548846432514124]
S_2 [0.3333333333333333, 0.5, 0.5, 0.3333333333333333, 0.3333333333333333, 0.5, 0.5, 0.5, 0.5, 0.5]
Trust scores at iteration 29: [-0.9361105823192176, -0.8322219900988581, -1.5716576253280312, -1.2951433709405793, -0.5141534877432179, -0.9697446685658785, -1.3078922217107103, -1.8233002100679174, -1.178731722389959, -1.4840697289142806]
X.shape (10, 5)
s1 and s2 score at iteration 29
S_1 [-0.04617481876160052, -0.06784619935636949, 0.2754181441719499, 0.16318339085420416, -0.19081445444940512, 0.19508693950808653, 0.3134809475325164, 0.1499942631750653, -0.08895956504361838, -0.06801437585753077]
S_2 [0.3333333333333333, 0.3333333333333333, 0.3333333333333333, 0.3333333333333333, 0, 0.3333333333333333, 0.3333333333333333, 0.3333333333333333, 0.3333333333333333, 0.3333333333333333]
Trust scores at iteration 30: [-0.957229229074171, -0.87064263729395, -1.4266338457961625, -1.213573751974159, -0.5236076929087292, -0.9105377307908304, -1.1771029995396394, -1.6931222211524837, -1.1892365315701978, -1.4573592503051647]
X.shape (10, 5)
s1 and s2 score at iteration 30
S_1 [-0.16750333405266504, 0.16862423733160933, 0.2817050806849233, 0.1458951161565374, 0.1594894550483113, 0.078757023224508, 0.11458740863417659, -0.3307121891145385, 0.07449837240689162, -0.2152632461180996]
S_2 [0, 0.25, 0.25, 0.25, 0.25, 0.25, 0.25, 0.5, 0.25, 0]
Trust scores at iteration 31: [-0.9209668361811242, -0.7737199439893322, -1.2339704612165463, -1.0904263572989914, -0.46463116977325514, -0.8415266972203774, -1.0687163268501982, -1.7412065998761204, -1.0938673587847212, -1.3880377248995042]
X.shape (10, 5)
s1 and s2 score at iteration 31
S_1 [-0.049236612599056685, 0.09805135071770699, -0.11131628571399024, 0.05726260760933434, -0.14831118095632828, -0.10954947459071987, -0.16606906568681307, -0.10399266207167474, 0.01988991785048078, 0.08684181891918746]
S_2 [0.3333333333333333, 0.3333333333333333, 0.5, 0.3333333333333333, 0.3333333333333333, 0, 0.5, 0.5, 0.3333333333333333, 0.3333333333333333]
Trust scores at iteration 32: [-0.9457519485865503, -0.6630146162570657, -1.324101974262295, -0.989649757147876, -0.6360934016436515, -0.8691006623573702, -1.2312141770649412, -1.773145327454798, -1.0308620842137928, -1.2273329264503352]
X.shape (10, 5)
s1 and s2 score at iteration 32
S_1 [0.09530436777102022, 0.056088347153640195, -0.1558487122725931, 0.19873362248856521, 0.10499721387074477, 0.29822420555130086, 0.14579172003501398, -0.21689592012996062, 0.1883113874612727, 0.2515654666797713]
S_2 [0.3333333333333333, 0.25, 0.3333333333333333, 0.3333333333333333, 0.25, 0.25, 0.25, 0.25, 0.25, 0.25]
Trust scores at iteration 33: [-0.9192194658897603, -0.652905711737864, -1.343950684520802, -0.924045783394286, -0.6122765860576834, -0.7571905961216331, -1.1342061440800186, -1.7435599414695566, -0.9396316427100726, -1.095245157543147]
X.shape (10, 5)
s1 and s2 score at iteration 33
S_1 [0.006092225731146341, 0.04980849968821784, -0.22401990772872946, -0.12507649200754742, -0.18364508475305089, -0.25669106643664036, -0.09866663733606545, 0.07526142754109572, 0.051270673600692554, -0.04326684768730853]
S_2 [0.25, 0.3333333333333333, 0.3333333333333333, 0.5, 0.3333333333333333, 0.3333333333333333, 0.25, 0.25, 0.25, 0.3333333333333333]
Trust scores at iteration 34: [-0.8692027675399042, -0.5881011602306321, -1.573877954502185, -1.0978305746881276, -0.8617251628352705, -1.089204104824729, -1.2018840758458713, -1.519203947322601, -0.827545038217716, -1.1098760501667602]
X.shape (10, 5)
s1 and s2 score at iteration 34
S_1 [-0.3196240197237109, 0.10345300333589033, -0.07734358583324935, -0.1714631290492318, -0.13154215128251348, -0.00772806661956819, 0.012337505739243887, 0.04255554809468351, -0.1758659652992377, 0.10069280145039018]
S_2 [0.5, 0.3333333333333333, 0.5, 0.5, 0.5, 0.5, 0.5, 0.3333333333333333, 0.5, 0.3333333333333333]
Trust scores at iteration 35: [-1.1912382575759395, -0.49595771087423557, -1.5912522088129877, -1.2537876344902719, -1.0027042487680884, -1.0877538173646653, -1.1697699577053648, -1.3928150692638126, -1.014786532219456, -0.9682231850446863]
X.shape (10, 5)
s1 and s2 score at iteration 35
S_1 [0.2694582030920377, -0.03030047060912961, -0.37989730846257264, 0.23264098017835227, -0.0014279781064404516, 0.375340725541155, 0.28920991150341496, 0.32012386704104895, 0.31016190235108265, -0.024299528667232406]
S_2 [0.16666666666666666, 0.5, 0.5, 0.16666666666666666, 0.5, 0.16666666666666666, 0.16666666666666666, 0.16666666666666666, 0.16666666666666666, 0.3333333333333333]
Trust scores at iteration 36: [-1.0336574730901018, -0.5544347303334396, -1.6333409736815294, -1.099760925939381, -1.002814272376954, -0.9123117689615321, -1.0090736623340615, -1.2015780247177115, -0.8640064537647701, -0.9445415252396429]
X.shape (10, 5)
s1 and s2 score at iteration 36
S_1 [0.146410818482122, 0.161598113150242, -0.20016202532236346, -0.2624128369492571, -0.145331491263469, 0.05712955550949718, -0.22654177774458864, 0.04593562164997685, 0.1476736888148616, 0.16495470463009465]
S_2 [0.25, 0.25, 0.3333333333333333, 0.3333333333333333, 0.3333333333333333, 0.3333333333333333, 0.3333333333333333, 0.3333333333333333, 0.25, 0.25]
Trust scores at iteration 37: [-0.916533530729642, -0.476026113770167, -1.6913505056273872, -1.2488665870533526, -1.0906367228609457, -0.886447111536522, -1.1455020442701913, -1.1535728069491253, -0.7630820272108998, -0.8250873727156786]
X.shape (10, 5)
s1 and s2 score at iteration 37
S_1 [-0.026974247936637066, 0.07478218106330384, -0.01384853609236011, -0.015743513989342026, -0.13667297693605754, -0.22380868578831267, 0.08724552759390553, -0.12860918683368922, 0.07612768802008332, -0.13985605523069303]
S_2 [0.3333333333333333, 0.3333333333333333, 0.3333333333333333, 0.3333333333333333, 0, 0.3333333333333333, 0.3333333333333333, 0.3333333333333333, 0.3333333333333333, 0.3333333333333333]
Trust scores at iteration 38: [-0.9557978059644483, -0.44270887251391317, -1.6380885163828398, -1.2420249954403066, -1.1382263263418542, -1.1543298029450462, -1.0309518398431723, -1.285626161940108, -0.6995169872403081, -1.0028803254994099]
X.shape (10, 5)
s1 and s2 score at iteration 38
S_1 [0.00031629475703500966, 0.1119398280449281, -0.18523147841891136, -0.011240667805144532, -0.02738856378673601, -0.12067545939910818, -0.09034362303960744, 0.014967993046160557, 0.05325835007578264, -0.2557646226154639]
S_2 [0.25, 0.25, 0.3333333333333333, 0.25, 0.25, 0.25, 0.25, 0.25, 0.25, 0.5]
Trust scores at iteration 39: [-0.9099354675308519, -0.34843798526252184, -1.706420480919981, -1.1778642013388043, -1.0988709135212846, -1.1967006861250091, -1.058563964970807, -1.1936920824272925, -0.6319876291559225, -1.2310763160916254]
X.shape (10, 5)
s1 and s2 score at iteration 39
S_1 [-0.15169067558727192, -0.08050658651646897, -0.06819224049905273, -0.15666049183674902, -0.0498393607812415, -0.15253044064226437, -0.09148782573349824, -0.1569366108132081, -0.05633048065703845, -0.10392981738292527]
S_2 [0.25, 0.3333333333333333, 0.3333333333333333, 0.25, 0.3333333333333333, 0.25, 0.3333333333333333, 0.25, 0.3333333333333333, 0.3333333333333333]
Trust scores at iteration 40: [-0.5895827291479152, -0.2520620457647306, -1.4989543656045548, -0.8207469202527251, -0.9889838221691561, -0.8459864824126182, -0.8691421609335631, -0.8344379953394163, -0.5557647829173354, -0.9994390890907773]
X.shape (10, 5)
s1 and s2 score at iteration 40
S_1 [0.08403780255259197, 0.15608225440410262, 0.16717836361301497, -0.06637053957766999, 0.1864264265164437, 0.29001623638521135, 0.158871028190847, -0.4865946418420827, 0.26067092272921216, 0.09829051151340158]
S_2 [0.25, 0.3333333333333333, 0.3333333333333333, 0.3333333333333333, 0.25, 0.25, 0.3333333333333333, 0.5, 0.25, 0.3333333333333333]
Trust scores at iteration 41: [-0.5516475259756848, -0.23970405398160805, -1.358081111492661, -0.8282240065709406, -0.8758040642471836, -0.7113878341713564, -0.7941145653373798, -1.0187760579201763, -0.46030681178980826, -0.9322704645111208]
X.shape (10, 5)
s1 and s2 score at iteration 41
S_1 [0.16866839794238528, 0.20698956548566755, -0.010325488876770872, 0.2143830226210802, 0.2182213527507631, -0.31168615020790613, -0.21458973992149266, 0.11552052334201852, 0.16124340942991428, -0.15703760470197092]
S_2 [0.3333333333333333, 0.3333333333333333, 0.3333333333333333, 0.3333333333333333, 0.3333333333333333, 0.5, 0.3333333333333333, 0.3333333333333333, 0.3333333333333333, 0.3333333333333333]
Trust scores at iteration 42: [-0.4858570963688521, -0.18754728511512234, -1.2936713253682441, -0.7138271885075292, -0.754890324489132, -0.8830793220723039, -0.8797055878078764, -0.9306278045101147, -0.4070529568024994, -0.9776726139303726]
X.shape (10, 5)
s1 and s2 score at iteration 42
S_1 [0.047623427151081, 0.2025186700216766, 0.022318004093566508, 0.16150380832503247, 0.07902102727795547, -0.12665367251519546, 0.05712891459004029, -0.15249523737667553, -0.08926839099744524, -0.29452321433327655]
S_2 [0.3333333333333333, 0.25, 0.25, 0.25, 0.3333333333333333, 0.3333333333333333, 0.25, 0.5, 0.5, 0]
Trust scores at iteration 43: [-0.4804224796759819, -0.11879255660361013, -1.2032839722803081, -0.612696855124375, -0.7070488266587156, -0.9239773140242169, -0.8135258201754182, -1.0128643716996706, -0.5104267531822014, -1.0253355068543435]
X.shape (10, 5)
s1 and s2 score at iteration 43
S_1 [0.08659596635927927, 0.027405263853494774, -0.04016045916627734, -0.06710084567191266, 0.029472639477338396, -0.18649134515069837, -0.2683134692517237, -0.19219775856973517, -0.03461058302157037, 0.007269623769366684]
S_2 [0.3333333333333333, 0.5, 0.3333333333333333, 0.5, 0.3333333333333333, 0.5, 0.5, 0.5, 0.5, 0.3333333333333333]
Trust scores at iteration 44: [-0.39904689837505036, -0.1752660256650997, -1.195999066015419, -0.7289144343114466, -0.6689759544088271, -1.1469375871470424, -1.1420184659812072, -1.2335256379277153, -0.5993519706847323, -0.9810737470982861]
X.shape (10, 5)
s1 and s2 score at iteration 44
S_1 [0.006015783659579283, -0.14563807783233784, -0.17756373150430804, -0.2430188540198327, -0.15996281374282317, 0.03173796970072128, 0.08387385903181564, -0.12492067980062756, -0.009242985964238571, 0.026655109659989726]
S_2 [0.25, 0.3333333333333333, 0.3333333333333333, 0.5, 0.5, 0.25, 0.25, 0.3333333333333333, 0.25, 0.25]
Trust scores at iteration 45: [-0.4019697906602454, -0.3980455043736784, -1.3547691309647905, -1.0457662515637636, -0.8927966776304311, -1.0444037074851404, -0.9778166193830864, -1.3257784938798989, -0.6004368769844999, -0.9011863756556511]
X.shape (10, 5)
s1 and s2 score at iteration 45
S_1 [-0.05724226736911972, 0.2699216039144956, -0.6092923491007833, -0.081125005820511, 0.387719405204912, 0.35045228110674786, 0.364033868270161, -0.0941500044705332, 0.36519420446965706, 0.30147268473537336]
S_2 [0.3333333333333333, 0.2, 0, 0, 0.2, 0.2, 0.2, 0.5, 0.2, 0.2]
Trust scores at iteration 46: [-0.4432033169031311, -0.32862318389670153, -1.3764399749631022, -0.962113264670382, -0.7435170098673881, -0.8895752167709694, -0.826143895149929, -1.3174836706202437, -0.4862028548413116, -0.7733123612148834]
X.shape (10, 5)
s1 and s2 score at iteration 46
S_1 [-0.019399253570531863, -0.11639728639714801, -0.051230631417300616, -0.04424822033254596, -0.1767354361304361, -0.14206767465400358, -0.04254582146623972, -0.18203773135271792, -0.12225283809877811, -0.04393086700417624]
S_2 [0.3333333333333333, 0.3333333333333333, 0.3333333333333333, 0.5, 0.3333333333333333, 0.3333333333333333, 0.3333333333333333, 0.5, 0.3333333333333333, 0.5]
Trust scores at iteration 47: [-0.3655496518794847, 0.23758156598026126, -1.0413770635669892, -0.7378095522171091, 0.175210480224814, -0.13494858328600412, -0.5908793758508967, -0.3473603774773547, 0.12594427969205846, -0.5695246439486322]
X.shape (10, 5)
s1 and s2 score at iteration 47
S_1 [0.18535839322700742, -0.2994470959288153, 0.2645740613254812, -0.4065515589590755, -0.09774944592218236, 0.1744129617523545, 0.22384511321509207, -0.0679565227738499, 0.11788771112925062, 0.13104111530083812]
S_2 [0.2, 0.5, 0.2, 0.5, 0.5, 0.2, 0.2, 0.5, 0.25, 0.2]
Trust scores at iteration 48: [-0.29893551600096047, 0.0006425879409250324, -0.8772393572102903, -0.9176912640468489, 0.020743465000381517, -0.09553155523352055, -0.48718559591918487, -0.4383095949029331, 0.10790739849771358, -0.503043093201033]
X.shape (10, 5)
s1 and s2 score at iteration 48
S_1 [-0.1528167857985133, -0.14619780830944787, 0.12237525690055223, -0.11231341594387473, 0.04041595168363459, 0.10951578339879417, -0.21804373388686116, 0.13734482286217464, 0.11626097639116113, 0.10662845467041694]
S_2 [0.3333333333333333, 0.5, 0.3333333333333333, 0.5, 0.3333333333333333, 0.25, 0.5, 0.25, 0.25, 0.25]
Trust scores at iteration 49: [-0.44697368104459845, -0.20586748021298373, -0.7670813456959406, -1.0076969097837984, -0.018570919013951127, -0.0562405682312979, -0.6972234636486425, -0.3444786354126398, 0.13176562754852383, -0.425103200355937]
X.shape (10, 5)
s1 and s2 score at iteration 49
S_1 [0.151385445461301, 0.21823096732354474, -0.40797939364601626, 0.0965981640014548, -0.15258215486682575, 0.1268096742375321, 0.09432650489409099, 0.23492661264984666, 0.045683964552576124, -0.1331992124438576]
S_2 [0.25, 0.25, 0.5, 0.5, 0.5, 0.25, 0.3333333333333333, 0.25, 0.25, 0.5]
Trust scores at iteration 50: [-0.38783685086568304, -0.14238748146031183, -0.9640356962080605, -0.9658087763642328, -0.18166268630980936, -0.046638091165698885, -0.6540163069295412, -0.26003077187137585, 0.08803512245282102, -0.5392911023486787]
X.shape (10, 5)
s1 and s2 score at iteration 50
S_1 [-0.1381252057261909, 0.14665537747003385, -0.24346388649989598, 0.02870718466348155, 0.1205976590015046, -0.355521334973115, 0.27036362201209363, 0.15982205998061993, 0.1312917651445057, 0.1916146951227066]
S_2 [0.3333333333333333, 0.25, 0.5, 0.25, 0.25, 0.5, 0.25, 0.25, 0.25, 0.25]
Trust scores at iteration 51: [-0.4668085124605847, -0.12390497952129668, -1.0576826610075272, -0.9086099078717033, -0.16889069073080357, -0.27347175657150097, -0.5386146762365871, -0.22491395046406693, 0.07779279020927483, -0.46448903454034873]
X.shape (10, 5)
s1 and s2 score at iteration 51
S_1 [0.0626350610518341, 0.07380244775149729, 0.017596325002692197, -0.164606379082266, -0.016953629967395467, 0.12140793132248565, 0.09120000941793455, -0.26206148463343987, -0.22141601654033113, 0.02560857333593953]
S_2 [0.25, 0.3333333333333333, 0.3333333333333333, 0.5, 0.3333333333333333, 0.25, 0.25, 0.5, 0.5, 0.25]
Trust scores at iteration 52: [-0.4185370770001705, -0.11739232913021687, -1.0040875068188078, -1.0533301573620202, -0.23263247483405286, -0.1961245809143509, -0.45963455003395337, -0.5182745856588707, -0.21236009004879286, -0.4469471324189388]
X.shape (10, 5)
s1 and s2 score at iteration 52
S_1 [-0.1834437489676726, -0.24443956222133809, -0.09218838142197316, -0.012015295473701025, -0.044961230729321136, -0.07956272590906306, -0.032357081177805655, -0.08158765549522029, -0.04907254811803351, -0.12698551295633206]
S_2 [0.5, 0.5, 0.5, 0.5, 0.3333333333333333, 0.3333333333333333, 0.3333333333333333, 0.3333333333333333, 0.3333333333333333, 0.3333333333333333]
Trust scores at iteration 53: [1.05006850600073, 1.828750158836875, -0.2364202095306095, -0.9479971416258182, 0.09816406492445193, 0.41899989836049367, -0.21103867330919007, 0.14591782617677668, 0.15062657523784886, 0.5879464172500478]
X.shape (10, 5)
s1 and s2 score at iteration 53
S_1 [-0.17177381435153874, 0.2666198858185283, -0.11094947689311635, 0.2032452655354238, -0.19857258688196083, 0.28730923332561065, -0.1376391942031678, 0.07194029374124351, 0.21574404666670946, 0.00896982716457888]
S_2 [0.3333333333333333, 0.25, 0.5, 0.25, 0.3333333333333333, 0.25, 0.3333333333333333, 0.25, 0.25, 0.25]
Trust scores at iteration 54: [0.8186079041480712, 1.688674069995106, -0.35139493458632576, -0.8324564828779004, -0.04743359414040291, 0.4270999085244443, -0.3045077625368396, 0.1063653689258939, 0.16065515100631408, 0.48227378697617285]
X.shape (10, 5)
s1 and s2 score at iteration 54
S_1 [0.009062466317334553, 0.29755389091645035, 0.32597673128217985, 0.10250598843852492, 0.1520673352853811, 0.2712535634554702, -0.1104819450294712, 0.21055129041338919, 0.11867189830863643, -0.2807505761778044]
S_2 [0.5, 0.25, 0.25, 0.25, 0.25, 0.25, 0.5, 0.25, 0.3333333333333333, 0.5]
Trust scores at iteration 55: [0.6395272098099652, 1.561087377955239, -0.2662554411276932, -0.7677650353653211, -0.04604048316671988, 0.41760247164434494, -0.4079495726020954, 0.11031972770405307, 0.11432799049371067, 0.24792045227135387]
X.shape (10, 5)
s1 and s2 score at iteration 55
S_1 [0.3041296478536661, -0.1814026836885424, 0.4418709032949897, 0.048604556349510365, 0.3251980080203729, 0.5227057300239045, 0.31899155797586576, 0.36799914574228937, 0.5057265995349596, 0.29770403896746994]
S_2 [0.25, 0, 0.16666666666666666, 0.25, 0.16666666666666666, 0.16666666666666666, 0.25, 0.16666666666666666, 0.16666666666666666, 0.16666666666666666]
Trust scores at iteration 56: [0.5337582106411933, 1.3702740878143167, -0.221761254823434, -0.7816898856579717, -0.045888744691986255, 0.4091755578132438, -0.40612762832927407, 0.10302382629043073, 0.1329802094228425, 0.2134161646104477]
X.shape (10, 5)
s1 and s2 score at iteration 56
S_1 [-0.20848665296171812, 0.0644338281449964, 0.020940151853867224, -0.3176851768694692, 0.03725939640130012, -0.2600012750654811, 0.07334530813870647, 0.04279440773479685, -0.058969015099699734, -0.08080606289394866]
S_2 [0.5, 0.3333333333333333, 0.3333333333333333, 0.5, 0.5, 0.5, 0.3333333333333333, 0.5, 0.5, 0.3333333333333333]
Trust scores at iteration 57: [0.09612882482629276, 1.2544299782060822, -0.2377017055039906, -1.2366572284150739, -0.09049989767261812, -0.08623130568737114, -0.3321815321630133, 0.05106792664822917, -0.06071697623244679, 0.015235786028269305]
X.shape (10, 5)
s1 and s2 score at iteration 57
S_1 [-0.18458302721239644, -0.04220321509386779, -0.14341205952936376, -0.03488928310164793, -0.12758514570458604, -0.19493841050396418, -0.00411233453416221, -0.11662554880851037, -0.08325489980989115, -0.02272360575997859]
S_2 [0.5, 0.3333333333333333, 0.3333333333333333, 0.3333333333333333, 0.3333333333333333, 0.3333333333333333, 0.3333333333333333, 0.5, 0.3333333333333333, 0.5]
Trust scores at iteration 58: [4.475037624590529, 2.08857960131506, 3.206765443968476, -0.33125241118617066, 2.954382617667901, 4.59605960534105, -0.26563004561337866, 2.7819548460628156, 1.90320476459468, 0.46628412420915266]
X.shape (10, 5)
s1 and s2 score at iteration 58
S_1 [-0.07360492923279979, 0.19379016628540358, -0.20431519468154186, -0.07636886809842056, 0.1460879101194687, -0.0756103035480927, -0.1553573759811742, 0.04168255273527886, 0.15078956506319227, -0.21205650117541083]
S_2 [0.25, 0.25, 0.3333333333333333, 0.25, 0.25, 0.3333333333333333, 0.3333333333333333, 0.25, 0.25, 0.3333333333333333]
Trust scores at iteration 59: [3.914552095231912, 1.9047216411835541, 2.6806577527813227, -0.41253519038265496, 2.6593289396081703, 3.9974370605305594, -0.41923487358920486, 2.4502684780098947, 1.7156950294919833, 0.21022988010640403]
X.shape (10, 5)
s1 and s2 score at iteration 59
S_1 [0.17380335144838893, -0.02978700878724491, 0.15186407458785586, -0.18042685554056448, -0.09058838925302642, 0.24057905648545694, -0.2597163100845092, -0.06112814786850476, -0.07732369220790897, 0.21902877180429003]
S_2 [0.25, 0.3333333333333333, 0.25, 0.5, 0.3333333333333333, 0.25, 0.5, 0, 0.3333333333333333, 0.25]
Trust scores at iteration 60: [3.5453406437429518, 1.6352014297320712, 2.4257163727877966, -0.5462785801262108, 2.2890750666825164, 3.647693354477503, -0.5852660493994821, 2.179832873203409, 1.445318201691858, 0.23024921930579256]
X.shape (10, 5)
s1 and s2 score at iteration 60
S_1 [-0.3212054475896553, -0.00859358657823576, -0.002508187532957574, 0.01719369236635361, -0.1903982875766538, 0.0657031153442677, 0.06564963747219524, 0.06559088081742061, 0.01617254997067452, -0.30593471054081994]
S_2 [0.3333333333333333, 0.25, 0.3333333333333333, 0.3333333333333333, 0.3333333333333333, 0.25, 0.25, 0.25, 0.3333333333333333, 0.3333333333333333]
Trust scores at iteration 61: [2.6019325801577824, 1.3836018665012286, 2.0793272794876168, -0.5654819593749235, 1.6703817765258944, 3.3079240190297527, -0.5018208376656129, 1.9866787651750102, 1.2254009677351134, -0.35840767294734965]
X.shape (10, 5)
s1 and s2 score at iteration 61
S_1 [0.011908450540192992, 0.18621080731311188, 0.34696007408704244, -0.2020261808761634, -0.10681380857865858, 0.4158373540690455, 0.4125638483989597, 0.40656057546178537, 0.3663095569258219, 0.3027221206998173]
S_2 [0.3333333333333333, 0.16666666666666666, 0.16666666666666666, 0, 0, 0.16666666666666666, 0.16666666666666666, 0.16666666666666666, 0.16666666666666666, 0.16666666666666666]
Trust scores at iteration 62: [2.2446030500932492, 1.2400214009346027, 1.9048310371484267, -0.5575167439944445, 1.4776571598044081, 3.0271316171267775, -0.4024259620798593, 1.8357800215849662, 1.1409504938253048, -0.2997687027644842]
X.shape (10, 5)
s1 and s2 score at iteration 62
S_1 [-0.1902725870149863, -0.14151012798567503, 0.07200855500180231, -0.21431207965888194, -0.11563180273472905, 0.08799094861556266, 0.08799094861556268, 0.08799094861556268, -0.16325083721351064, -0.047260954417682986]
S_2 [0, 0.3333333333333333, 0.25, 0, 0, 0.25, 0.25, 0.25, 0.3333333333333333, 0.3333333333333333]
Trust scores at iteration 63: [1.803901654370949, 0.8551957554554457, 1.7211842542538216, -0.7453265756712935, 1.1984781512591482, 2.7494184554140997, -0.33718336587187336, 1.6772020194264696, 0.7413240462909458, -0.42350298705709116]
X.shape (10, 5)
s1 and s2 score at iteration 63
S_1 [-0.051020823971430346, -0.08019114464026761, -0.07579939360745706, -0.07040042692719578, -0.13432977685589698, 0.07036227382058988, 0.07036227382058986, 0.07036227382058988, 0.04548311148822973, -0.2593015760372428]
S_2 [0.5, 0.5, 0.3333333333333333, 0.3333333333333333, 0.5, 0.3333333333333333, 0.3333333333333333, 0.3333333333333333, 0.3333333333333333, 0.5]
Trust scores at iteration 64: [1.4509998698501338, 0.5557072299513773, 1.3746718397038167, -0.8375148085821635, 0.7877186876575009, 2.507809943206023, -0.2701316959513527, 1.5428151508171561, 0.665166307656211, -0.8496762762877403]
X.shape (10, 5)
s1 and s2 score at iteration 64
S_1 [-0.2331363403312919, -0.08167181479981701, 0.05277961437450173, -0.3673752334568124, -0.1018599881542336, 0.13857946938940013, 0.13952179137484258, 0.14091053137280166, -0.1351782546818674, -0.028245711554844805]
S_2 [0.5, 0.5, 0.25, 0.5, 0.5, 0.25, 0.25, 0.25, 0, 0.25]
Trust scores at iteration 65: [1.0404499778367362, 0.342176456700137, 1.2246607733566557, -1.1144785701389102, 0.5366598243272733, 2.305374663743855, -0.1941040736992226, 1.4385336357354406, 0.5027177026336542, -0.8347537874286983]
X.shape (10, 5)
s1 and s2 score at iteration 65
S_1 [0.012668737937920017, 0.21446969882627506, 0.031980435865923536, -0.2160157609779805, -0.05418986561300399, -0.010732042774579472, -0.004593620497947574, 0.018424390239789843, 0.07666673864807244, 0.027886857478358715]
S_2 [0.3333333333333333, 0.3333333333333333, 0.5, 0.5, 0.5, 0.3333333333333333, 0.3333333333333333, 0.3333333333333333, 0.5, 0.3333333333333333]
Trust scores at iteration 66: [0.875645319367778, 0.3412921443634567, 1.0171060965782448, -1.203751589855003, 0.35772693197227357, 2.003166540473268, -0.24350218358049575, 1.2366042783691236, 0.3881930514587406, -0.804942372578642]
X.shape (10, 5)
s1 and s2 score at iteration 66
S_1 [0.09090932942624735, -0.04813232077543717, 0.013057136419082904, 0.22043250391291455, 0.2207697721637224, 0.038346629230333, 0.03811981709553072, 0.037917618034410405, 0.1975199960054047, -0.44153308567264593]
S_2 [0.25, 0.3333333333333333, 0.25, 0.25, 0.25, 0.3333333333333333, 0.3333333333333333, 0.3333333333333333, 0.25, 0]
Trust scores at iteration 67: [0.7542591283493525, 0.18536088687397861, 0.846309854766667, -1.0585292000858237, 0.34695423877504616, 1.7202193971404316, -0.30188519145993076, 1.0301190360944317, 0.36384251464539186, -0.9244452098048723]
X.shape (10, 5)
s1 and s2 score at iteration 67
S_1 [0.005074731457413236, -0.1075436075740828, 0.3616985112452178, 0.2691097079640287, 0.029555333839265355, 0.22975645512101212, 0.22995798559416514, 0.23060131448725263, 0.06597426404804334, 0.19685866904691351]
S_2 [0.25, 0.25, 0.25, 0.25, 0.25, 0.25, 0.25, 0.25, 0.3333333333333333, 0.25]
Trust scores at iteration 68: [0.6052362435335104, 0.06209185646010175, 0.7866788692900003, -0.9532746169248093, 0.24543007712848502, 1.5367189948333384, -0.2831194171014432, 0.9158622509933182, 0.24569838914125935, -0.8525745126233305]
X.shape (10, 5)
s1 and s2 score at iteration 68
S_1 [-0.20932173634628626, 0.14616226605313343, 0.2290722624306883, -0.48875469649944125, 0.17634917252147841, 0.3317468692428197, 0.32864288170846134, 0.3236669174213598, -0.02850887165149564, -0.005469649685490414]
S_2 [0.5, 0.2, 0.2, 0.5, 0.2, 0.2, 0.2, 0.2, 0.2, 0.5]
Trust scores at iteration 69: [0.3816157957424453, 0.0599410416999223, 0.7370612986318135, -1.105274754017202, 0.2340448197582331, 1.4430470953500047, -0.19574312477404754, 0.8818404484792238, 0.17253498860089583, -0.8689658032761733]
X.shape (10, 5)
s1 and s2 score at iteration 69
S_1 [-0.12029787454962183, 0.1688086224664975, -0.07081258752357233, -0.44183181502859054, 0.05590041413598528, 0.2580529634762212, 0.2565342884089598, 0.25365210365714563, 0.061778253573777836, -0.10336496720111847]
S_2 [0.5, 0.25, 0.5, 0.5, 0.25, 0.25, 0.25, 0.25, 0.5, 0.5]
Trust scores at iteration 70: [0.19683670287593166, 0.06936320719507294, 0.5359140626601578, -1.2659647717520426, 0.18230271800969067, 1.3487423858150043, -0.1267573252308883, 0.8419509941061436, 0.07922163471785494, -0.9221249408944743]
X.shape (10, 5)
s1 and s2 score at iteration 70
S_1 [-0.04608528890899834, -0.1785165697325506, -0.08050279473270809, 0.20225683187397736, 0.1456755773932528, 0.1947423052585592, 0.1960015948803054, 0.19825814124191068, -0.2463926928222355, -0.18506608074340924]
S_2 [0.25, 0.5, 0.5, 0.25, 0.5, 0.25, 0.25, 0.25, 0.5, 0.5]
Trust scores at iteration 71: [0.1043675036734422, -0.12583543231907512, 0.34252039409881063, -1.0893682945768384, 0.13609749280097747, 1.2601528084012905, -0.0671743124620422, 0.805778858570214, -0.15052221978870275, -1.0214129805712833]
X.shape (10, 5)
s1 and s2 score at iteration 71
S_1 [0.2736713881255482, 0.30579490486974825, 0.3106542850496479, 0.3605701271923152, -0.3157801479029812, 0.3921158360517649, 0.3927051047268002, 0.3862041163848282, -0.17160049468702152, -0.22504251155504512]
S_2 [0.16666666666666666, 0.16666666666666666, 0.16666666666666666, 0.16666666666666666, 0, 0.16666666666666666, 0.16666666666666666, 0.16666666666666666, 0.5, 0.5]
Trust scores at iteration 72: [0.13028619784488774, -0.06871638364324958, 0.3540412721556122, -0.9219477777791358, 0.04207622248331511, 1.200654140493374, 0.006209785450828689, 0.7902122016827877, -0.27916703475219706, -1.0765774085783995]
X.shape (10, 5)
s1 and s2 score at iteration 72
S_1 [0.2818780975176398, 0.3682225903382268, -0.2913639939393693, 0.2968667615027043, 0.08868602816229766, 0.42871432226977785, 0.43290572308513625, 0.43881714516338427, -0.4340550865898684, 0.27304130283978306]
S_2 [0.16666666666666666, 0.16666666666666666, 0.5, 0.16666666666666666, 0.2, 0.16666666666666666, 0.16666666666666666, 0.16666666666666666, 0.5, 0.2]
Trust scores at iteration 73: [0.14816013446484888, -0.011265543653960715, 0.15223955834828604, -0.7954347466144943, 0.01807884706325584, 1.1449531077499422, 0.07090834706575624, 0.7778576481811756, -0.45016512787824897, -0.946697554056764]
X.shape (10, 5)
s1 and s2 score at iteration 73
S_1 [-0.30775219777927343, -0.07100594940395234, 0.0320121077771207, -0.0038543180385903148, -0.011413920631229047, 0.13724349870891533, 0.137224425429982, 0.13711347662263046, -0.06386375398763966, -0.10835061107094421]
S_2 [0.3333333333333333, 0.3333333333333333, 0.3333333333333333, 0.3333333333333333, 0.5, 0.2, 0.2, 0.2, 0.2, 0.2]
Trust scores at iteration 74: [-0.15756063391796707, -0.12854286031968093, 0.09367398080576281, -0.7853663179417552, -0.0920455850486683, 1.090457796974948, 0.12380361495849296, 0.7599771451149749, -0.4916817875819609, -0.9709755171880137]
X.shape (10, 5)
s1 and s2 score at iteration 74
S_1 [0.05336623147249572, 0.40742325082357583, 0.2709590388712625, 0.2995099608423235, 0.009965581666003785, 0.1481779902827022, 0.14601493537577265, 0.14224638700318432, -0.13113958535850193, 0.2430910039839959]
S_2 [0.25, 0.25, 0.25, 0.25, 0.3333333333333333, 0.3333333333333333, 0.3333333333333333, 0.3333333333333333, 0, 0.25]
Trust scores at iteration 75: [-0.20370609581599614, -0.09068857428771285, 0.07581212415502367, -0.7083164636604274, -0.18039502434685784, 0.9177815641757149, 0.04726188934820354, 0.6188930951318625, -0.47470116441697485, -0.8892124938760705]
X.shape (10, 5)
s1 and s2 score at iteration 75
S_1 [0.38558967446735715, 0.13108744194828906, 0.32848096082901795, 0.4347901725702604, -0.716162110838535, 0.44739999669709246, 0.44936810030186286, 0.44061610260832873, 0.3997812620836585, 0.11391802472201351]
S_2 [0.14285714285714285, 0.25, 0.14285714285714285, 0.14285714285714285, 0, 0.14285714285714285, 0.14285714285714285, 0.14285714285714285, 0.14285714285714285, 0.3333333333333333]
Trust scores at iteration 76: [-0.1403855426053519, -0.12744821094647668, 0.0984721843258336, -0.5835860550754461, -0.3217264497456015, 0.8827082935355546, 0.0996785575562403, 0.6121990194906214, -0.38112298350793383, -0.8749405298637517]
X.shape (10, 5)
s1 and s2 score at iteration 76
S_1 [0.08240571984853594, 0.01855625961265485, -0.12821669051156545, 0.1465497232035949, 0.14770050257071132, 0.26639114992064683, 0.2619611897439771, 0.25397804937716956, 0.10502403883945984, -0.4365706074456436]
S_2 [0.2, 0.2, 0.5, 0.5, 0.25, 0.2, 0.2, 0.2, 0.5, 0.5]
Trust scores at iteration 77: [-0.13541288266109444, -0.1477375955233829, -0.05950602139734061, -0.570214464621799, -0.28410883123693237, 0.8544374641819991, 0.1480477485914014, 0.6063193904645994, -0.40358593742406274, -1.0513297768952976]
X.shape (10, 5)
s1 and s2 score at iteration 77
S_1 [-0.0010838556963870876, -0.0013023473790718294, -0.06302248068271764, 0.05923294752135561, -0.2136242183711499, 0.18271494412037134, 0.18397794766312806, 0.185933696728254, -0.3602317223850981, -0.1072673838617858]
S_2 [0.3333333333333333, 0.3333333333333333, 0.3333333333333333, 0.25, 0.5, 0.25, 0.25, 0.25, 0, 0.25]
Trust scores at iteration 78: [-0.18912118697312383, -0.20033093908467506, -0.1541172226271304, -0.5313359914002761, -0.4705906341245145, 0.81726258851476, 0.18219112078707708, 0.5956874514181394, -0.5569693757736577, -1.0538880008272573]
X.shape (10, 5)
s1 and s2 score at iteration 78
S_1 [-0.017769497230795097, -0.07305520674001917, 0.03537308825365245, -0.14836011901177223, 0.14382868104660493, 0.18457371764112046, 0.18251834788767016, 0.18206222777400388, -0.4140885772924718, -0.2240397406639208]
S_2 [0.25, 0.3333333333333333, 0.3333333333333333, 0.3333333333333333, 0.25, 0.25, 0.25, 0.25, 0.5, 0.5]
Trust scores at iteration 79: [-0.2298363854572021, -0.28654501532607624, -0.18620741881789, -0.625248931482898, -0.3956067811565636, 0.785536329663284, 0.21285843209534003, 0.5847580088275155, -0.8256210521726398, -1.1698814557736776]
X.shape (10, 5)
s1 and s2 score at iteration 79
S_1 [0.2177982108742419, 0.06278609560857279, -0.07484179650402041, -0.4097440056486536, 0.1928218378907738, 0.23485673157124046, 0.241916120021763, 0.25126780449490954, 0.08170550245913889, -0.10148672153627834]
S_2 [0.2, 0.3333333333333333, 0.3333333333333333, 0, 0.2, 0.2, 0.2, 0.2, 0.3333333333333333, 0.3333333333333333]
Trust scores at iteration 80: [-0.1801730342789571, -0.3329027937253192, -0.2973723459176344, -0.7257946738552662, -0.3393065309821718, 0.7404513892114392, 0.2278507891542626, 0.566282207944764, -0.8105416482814051, -1.1932831730123135]
X.shape (10, 5)
s1 and s2 score at iteration 80
S_1 [0.34370453257683403, 0.5582022740695767, 0.11610773432619707, -0.5276357381091826, 0.602860154075055, 0.5247555875427292, 0.5247555875427292, 0.5572112942532361, 0.5897696298585114, 0.4820499527093044]
S_2 [0.125, 0.125, 0.25, 0, 0.125, 0.125, 0.125, 0.125, 0.125, 0.125]
Trust scores at iteration 81: [-0.15514341543204574, -0.25702018256632103, -0.34837563074130046, -0.7407372851048276, -0.2553758778839546, 0.7034505812177292, 0.24211004116627033, 0.5520819392195605, -0.6816588865768676, -1.0439943624771422]
X.shape (10, 5)
s1 and s2 score at iteration 81
S_1 [0.16077066534571927, 0.02291308017776152, 0.12859637327163753, -0.00224833407889325, -0.3449095695083113, -0.22008560057553195, 0.07214116638140038, 0.12245705372734281, -0.22889525854060425, 0.11549809021565853]
S_2 [0.25, 0.3333333333333333, 0.25, 0.25, 0.5, 0.5, 0.25, 0.25, 0.5, 0.25]
Trust scores at iteration 82: [-0.08962907388884117, -0.283732803015602, -0.283550606649263, -0.718062029427718, -0.5443734285591725, 0.39621139498977315, 0.2127711324821458, 0.523042524884361, -0.8558667686866219, -0.9177546499157778]
X.shape (10, 5)
s1 and s2 score at iteration 82
S_1 [-0.11817995437869182, -0.06757823544738048, -0.01701985099756207, -0.1703538959876407, -0.14052749767744213, -0.09291383526352003, -0.0759655035757317, -0.06496401342446032, -0.1777828131046428, -0.023997089559275406]
S_2 [0.25, 0.25, 0.25, 0.3333333333333333, 0.3333333333333333, 0.25, 0.5, 0.3333333333333333, 0.3333333333333333, 0.3333333333333333]
Trust scores at iteration 83: [0.5636992212794067, 0.09169586547390646, -0.20519554598433676, 0.2879904761337364, 0.26906544941146443, 0.8525047601291091, 0.5378287350114843, 0.7857671530860816, 0.20761475459858703, -0.7516511415742353]
X.shape (10, 5)
s1 and s2 score at iteration 83
S_1 [0.19320873397948088, 0.3282446406889123, 0.27194053537511687, -0.27941009776845244, 0.2611609295377864, 0.22767822701883603, 0.2569247268191053, -0.2114913150733556, -0.24996897096537335, -0.06508766079674155]
S_2 [0.16666666666666666, 0.16666666666666666, 0.16666666666666666, 0, 0.16666666666666666, 0.16666666666666666, 0.16666666666666666, 0.3333333333333333, 0.3333333333333333, 0.3333333333333333]
Trust scores at iteration 84: [0.5161904990095898, 0.1325262789265158, -0.15182908341982806, 0.17406891222214294, 0.27172179664417584, 0.7866166434043773, 0.512318191038665, 0.5427594345387055, 0.010700026357283343, -0.7963150368593229]
X.shape (10, 5)
s1 and s2 score at iteration 84
S_1 [-0.03340480550196126, 0.12723227528605202, -0.09239558591066406, 0.08997298758732447, 0.10840733030648224, -0.2675790017149987, 0.01232670161774382, -0.1414432211418142, -0.18994610018808553, -0.015118001635415941]
S_2 [0.3333333333333333, 0.3333333333333333, 0.3333333333333333, 0.3333333333333333, 0.3333333333333333, 0.5, 0.3333333333333333, 0.3333333333333333, 0.3333333333333333, 0.3333333333333333]
Trust scores at iteration 85: [0.3716498047432173, 0.15260698436719755, -0.2759324547341674, 0.1607108920260693, 0.2630872194835939, 0.3976474913502995, 0.40410805013976936, 0.31064753123071864, -0.2063274575289396, -0.7952324063017642]
X.shape (10, 5)
s1 and s2 score at iteration 85
S_1 [-0.11462712634652633, 0.005237207320116449, -0.032029203614885385, 0.03189165502685329, -0.09701528276162605, -0.12518492888045063, -0.23107377066510443, 0.08770734492734432, -0.28498011041479704, 0.03524358070009592]
S_2 [0.5, 0.3333333333333333, 0.25, 0.25, 0.3333333333333333, 0.5, 0.5, 0.25, 0.5, 0.25]
Trust scores at iteration 86: [0.10379209101892434, 0.07665084929529241, -0.3348574776468453, 0.13100124444875835, 0.05949933559580331, 0.11515247374784277, 0.00023724544557979232, 0.3295827781076468, -0.6106163140100102, -0.7255260080018496]
X.shape (10, 5)
s1 and s2 score at iteration 86
S_1 [-0.2778377098857985, -0.1663726888984124, 0.004430481190937425, 0.07226219231351914, 0.07767018516826786, 0.019419165891064134, -0.2068640248360756, -0.28857368206710904, 0.023832125659659746, 0.07162967578224115]
S_2 [0.3333333333333333, 0.5, 0.5, 0.25, 0.25, 0.25, 0.3333333333333333, 0.3333333333333333, 0.25, 0.25]
Trust scores at iteration 87: [-0.3309685362773664, -0.24521829416451554, -0.39566750607821455, 0.16093835450637195, 0.10354940203622297, 0.07863931159918955, -0.33278960986434225, -0.14157943184936483, -0.5688709323282176, -0.6107505347737701]
X.shape (10, 5)
s1 and s2 score at iteration 87
S_1 [-0.013322407174206815, 0.07978521910919485, 0.06058094750801805, 0.14328676669951018, -0.1301858778801346, -0.07465505339802453, -0.16385591656997545, -0.11658590524571125, -0.20660122274624199, -0.008979526737762157]
S_2 [0.3333333333333333, 0.25, 0.25, 0.3333333333333333, 0.25, 0.25, 0.25, 0.25, 0.25, 0.25]
Trust scores at iteration 88: [-0.40716940600613866, -0.2400142681663558, -0.38882124222332287, 0.14484451905573476, -0.0726624127266182, -0.05632646756640408, -0.4888658823333472, -0.28378692661181815, -0.7311710711092985, -0.630942303379547]
X.shape (10, 5)
s1 and s2 score at iteration 88
S_1 [-0.06574365006607365, 0.13771769164935138, 0.1541255504168304, -0.07587788000879059, -0.025393261361890948, -0.14186557068199726, 0.1209568032035727, -0.13533796369101522, -0.2199299636086736, -0.060233737740470444]
S_2 [0.3333333333333333, 0.3333333333333333, 0.3333333333333333, 0.5, 0.3333333333333333, 0.3333333333333333, 0.3333333333333333, 0.3333333333333333, 0.3333333333333333, 0.3333333333333333]
Trust scores at iteration 89: [-0.47577503817489203, -0.19332528266121649, -0.31660578466765726, -0.018871147144665146, -0.14853853685663093, -0.20940594671295779, -0.4281665633686185, -0.4098851068582511, -0.8674159612016504, -0.6735956951874571]
X.shape (10, 5)
s1 and s2 score at iteration 89
S_1 [-0.04326143392030944, -0.13712830685070818, 0.004954280920225719, -0.04758881205758506, -0.19724661908448254, -0.12907475416809058, -0.03698216486200496, -0.01605933750960442, -0.18974998848020763, -0.1709178502804243]
S_2 [0.5, 0, 0.25, 0.25, 0.3333333333333333, 0.3333333333333333, 0.25, 0.25, 0.3333333333333333, 0]
Trust scores at iteration 90: [-1.4014107133617622, -2.9418678317021874, -0.23494520620089154, -1.027543452129332, -4.1816883442585295, -2.8604496469668783, -1.1818187782462706, -0.7430473209333617, -4.677361806419172, -4.056138402761169]
X.shape (10, 5)
s1 and s2 score at iteration 90
S_1 [0.0390420889901805, -0.15688068228139537, 0.1248419812908097, 0.12359758156077302, -0.01464677559005561, 0.23913338014412114, 0.2134073218889578, 0.2625665441873164, -0.1602551710287449, 0.23309101825389142]
S_2 [0.3333333333333333, 0.5, 0.25, 0.25, 0.25, 0.25, 0.3333333333333333, 0.25, 0.5, 0.3333333333333333]
Trust scores at iteration 91: [-1.313066901353621, -2.8074299715209827, -0.21390388875746197, -0.9277162469892797, -3.8190978197561245, -2.53332933949022, -1.049026143664284, -0.6187425888400255, -4.370659742490319, -3.6284171551449393]
X.shape (10, 5)
s1 and s2 score at iteration 91
S_1 [0.3814628418905715, -0.16821968201128593, 0.38201203671614004, 0.2999453402078701, 0.04307492804723403, 0.43542847610215357, 0.3566731372958036, 0.2744593288888054, -0.6642032921977482, 0.3937847964740705]
S_2 [0.16666666666666666, 0.5, 0.16666666666666666, 0.16666666666666666, 0.25, 0.16666666666666666, 0.16666666666666666, 0.16666666666666666, 0, 0.16666666666666666]
Trust scores at iteration 92: [-1.1274872296625589, -2.665320111897497, -0.13811439087783317, -0.7993928558495716, -3.47729549964593, -2.213329738874531, -0.8955437226159443, -0.5271696513856571, -4.086133927797118, -3.2084726122424745]
X.shape (10, 5)
s1 and s2 score at iteration 92
S_1 [-0.22816778376048552, 0.133287181440985, 0.13347647518974173, -0.2313168229447452, 0.11125649344095281, -0.20937293270471274, -0.23066126597795641, 0.025770560319508196, 0.039475251505623095, 0.04824445845531514]
S_2 [0.3333333333333333, 0.2, 0.2, 0.3333333333333333, 0.25, 0.3333333333333333, 0.3333333333333333, 0.2, 0.2, 0.2]
Trust scores at iteration 93: [-1.285680827008655, -2.358929918768561, -0.08430295179004987, -0.9927551371631409, -3.1212130642513034, -2.248858063884192, -1.0787997767984576, -0.5151454935130351, -3.7079458467065947, -2.9114808106512946]
X.shape (10, 5)
s1 and s2 score at iteration 93
S_1 [-0.14704977221018936, -0.15662888848906917, -0.025075500262187227, 0.06542034825145779, -0.16306201379815133, 0.05720209963678978, 0.0994130911764545, -0.09061968655779677, -0.19730472408381003, -0.038409971844869106]
S_2 [0.3333333333333333, 0.25, 0.25, 0.25, 0.25, 0.25, 0.25, 0.25, 0.25, 0.3333333333333333]
Trust scores at iteration 94: [-1.4050306598156994, -2.3555905112692983, -0.17609619605182047, -0.902673050612934, -3.048116446997866, -2.041432451661491, -0.9459197991186119, -0.6297856255878933, -3.6106208214761515, -2.7589694638334614]
X.shape (10, 5)
s1 and s2 score at iteration 94
S_1 [0.10732818650762695, 0.08591496648568116, -0.09039791144254265, 0.2192846526437424, -0.2992085347434318, 0.1255319403997622, 0.07261858214582556, 0.2391471390400174, -0.4649316198904157, 0.15475739038251998]
S_2 [0.2, 0.3333333333333333, 0.3333333333333333, 0.2, 0.5, 0.2, 0.2, 0.2, 0.5, 0.3333333333333333]
Trust scores at iteration 95: [-1.2596480326825878, -2.1507725594656164, -0.2629533655841058, -0.7607112960491321, -2.9684196315803835, -1.8247976981696843, -0.8609621696583888, -0.506807063029104, -3.543971108950327, -2.485026977646846]
X.shape (10, 5)
s1 and s2 score at iteration 95
S_1 [-0.09308789012077869, -0.1388194571141325, 0.058276856969774186, -0.07112557312465874, 0.01110136016283525, 0.10475121441355345, 0.018418019703700612, -0.31897361527443896, 0.17535816938785886, 0.1939075915147995]
S_2 [0.3333333333333333, 0.3333333333333333, 0.3333333333333333, 0.3333333333333333, 0.25, 0.25, 0.25, 0.3333333333333333, 0.25, 0.25]
Trust scores at iteration 96: [-1.2816895448935628, -2.1072858255969575, -0.3066040963691564, -0.8213203049416485, -2.740852590782985, -1.6632967249561699, -0.8403676037316765, -0.7206241016482093, -3.1741401125029203, -2.2115242798821617]
X.shape (10, 5)
s1 and s2 score at iteration 96
S_1 [0.05110053668322259, 0.09450723921417414, 0.16946427794201824, 0.12064249781376181, -0.11676982736630606, 0.1596589122514417, -0.1978360502041604, -0.22111375240354628, -0.04409100571934633, -0.09142079072992365]
S_2 [0.3333333333333333, 0.3333333333333333, 0.3333333333333333, 0.3333333333333333, 0.3333333333333333, 0.3333333333333333, 0.3333333333333333, 0.3333333333333333, 0.3333333333333333, 0.5]
Trust scores at iteration 97: [-1.1900330928400453, -1.9074556732579506, -0.24261035339890746, -0.734664422806192, -2.602339273739333, -1.4694198150582638, -0.9397395471121004, -0.8457064477443704, -2.9494106439311536, -2.1443187909421875]
X.shape (10, 5)
s1 and s2 score at iteration 97
S_1 [-0.008507949439272753, 0.07736935568786929, -0.004759521688701529, -0.1980867820183547, -0.1477034928337815, -0.10167901769792541, 0.10226309340661291, -0.25407605123307087, 0.09592294911419255, -0.14052815305860702]
S_2 [0.3333333333333333, 0.3333333333333333, 0.3333333333333333, 0.5, 0.5, 0.3333333333333333, 0.3333333333333333, 0.5, 0.3333333333333333, 0.3333333333333333]
Trust scores at iteration 98: [-1.1460161178132857, -1.7077196091877396, -0.2896701776804935, -0.9549010804608866, -2.5865401447989766, -1.4885733501695304, -0.812432259067557, -1.1095891234878523, -2.6273360824126817, -2.1339718282245737]
X.shape (10, 5)
s1 and s2 score at iteration 98
S_1 [0.11862008201941417, 0.2188521526368727, 0.35397343478093524, 0.3938895772634553, -0.12334208723319035, 0.13649349666387145, 0.07486622483864165, -0.48558648582093966, 0.39165304053701316, 0.20876364753300633]
S_2 [0.2, 0.2, 0.25, 0.2, 0.3333333333333333, 0.2, 0.3333333333333333, 0.3333333333333333, 0.2, 0.2]
Trust scores at iteration 99: [-1.06129944616073, -1.5413858448423947, -0.24583700066036068, -0.819410972414798, -2.4592000046516036, -1.365063283894198, -0.8121821263625117, -1.2219100626128094, -2.3251702822210656, -1.9275740940843105]
X.shape (10, 5)
s1 and s2 score at iteration 99
S_1 [-0.04503472804787388, -0.05823063377744976, -0.14159519523346198, -0.04265742828526306, -0.044721882759423535, -0.14974685416563924, -0.20142157520369752, -0.17428200485219117, -0.006486254522133423, -0.062006189990614434]
S_2 [0.25, 0.25, 0.25, 0.25, 0.25, 0.25, 0.3333333333333333, 0.25, 0.25, 0.25]
Trust scores at iteration 100: [-0.3358592814600264, -0.5644928848746467, 1.8867506927008575, -0.1548110037907563, -1.598792988115513, 1.0051229406456008, 2.27439642198636, 1.5122246067051484, -2.067653253998959, -0.8538537359660023]
