Matplotlib created a temporary config/cache directory at /tmp/matplotlib-ka04hyw9 because the default path (/users/raysuan/.config/matplotlib) is not a writable directory; it is highly recommended to set the MPLCONFIGDIR environment variable to a writable directory, in particular to speed up the import of Matplotlib and to better support multiprocessing.
Loaded dataset for Tower 2 without noise: 552960 chunks
Loaded dataset for Tower 3 without noise: 535674 chunks
Loaded dataset for Tower 4 without noise: 552958 chunks
Loaded dataset for Tower 5 without noise: 518399 chunks
Loaded dataset for Tower 6 without noise: 518400 chunks
Loaded dataset for Tower 7 with same noise: 518398 chunks
Loaded dataset for Tower 8 with same noise: 518398 chunks
Loaded dataset for Tower 9 with same noise: 518399 chunks
Loaded dataset for Tower 10 with random noise: 518399 chunks
Loaded dataset for Tower 11 with random noise: 518396 chunks
W, alpha, th 0.5 0.7 0.5
X.shape (10, 5)
s1 and s2 score at iteration 0
S_1 [-0.23644800833044707, 0.09262767953290613, 0.13136304836337995, 0.35664460235735335, -0.21665800316667794, 0.31109870123151484, 0.09983120307296116, 0.28183199340158643, 0.22131183124501463, 0.30940559292329084]
S_2 [0, 0.5, 0, 0.25, 0, 0.25, 0.3333333333333333, 0.25, 0.25, 0.25]
Trust scores at iteration 1: [-0.19889380641196067, -0.2220840476031422, 0.11049911942737539, 0.15000000000000002, -0.18224697786082522, 0.11168799346061425, -0.1160246342607494, 0.08706961345165212, 0.036161654864970874, 0.11026379556413732]
X.shape (10, 5)
s1 and s2 score at iteration 1
S_1 [0.056546777769167694, -0.07207536617053481, -0.114551609551739, -0.030524557339044515, -0.13246235988832408, -0.13426905304243741, -0.09462351316748255, -0.016402226113766922, -0.04252486759366132, -0.14449597092374805]
S_2 [0.5, 0.5, 0.5, 0.5, 0.5, 0.5, 0.5, 0.5, 0.5, 0.5]
Trust scores at iteration 2: [-0.13922566448837245, -0.8378433069243408, -0.8303860917237051, -0.3569432187470537, -1.130331017401264, -0.9341616627056116, -0.8832273508382135, -0.32607069111063236, -0.5002958113960577, -0.9894158990922302]
X.shape (10, 5)
s1 and s2 score at iteration 2
S_1 [0.26038753273556314, 0.05650805022177179, 0.07582527116225439, 0.14778155923535374, 0.35811319726935453, -0.05837312607891801, 0.30731310362760555, -0.413131090649817, 0.36550666763249656, 0.11588839953572647]
S_2 [0.25, 0.3333333333333333, 0, 0.3333333333333333, 0.25, 0.3333333333333333, 0.25, 0, 0.25, 0.3333333333333333]
Trust scores at iteration 3: [-0.10873748686261916, -0.8401097243742635, -0.5190345148671365, -0.42856433242804404, -0.7223001134040677, -1.001824568457642, -0.5910231694677603, -0.5673385843887659, -0.27520706797724037, -0.8974724271917339]
X.shape (10, 5)
s1 and s2 score at iteration 3
S_1 [-0.10599550864155308, 0.17190673336861023, -0.3356889282479486, 0.033658865166877425, -0.12592371610039002, 0.055030236207422305, -0.037528020749355545, -0.2527415581716071, 0.10860080962259998, 0.13445477762781705]
S_2 [0, 0.25, 0, 0.25, 0.5, 0.3333333333333333, 0, 0.5, 0.25, 0.25]
Trust scores at iteration 4: [-0.26109243091199985, -0.4380768070619844, -0.9491457655354274, -0.39125585854284334, -1.0253636288212724, -0.805242152993824, -0.4792075813227252, -1.1382044760974106, -0.153122162476402, -0.5435893182230624]
X.shape (10, 5)
s1 and s2 score at iteration 4
S_1 [-0.11623178541032114, 0.038483913700062315, 0.02288692077554623, 0.09301188589638928, -0.21611228863968174, 0.07627698441300879, 0.28016176306620133, -0.28972379247424873, 0.27451568400633486, 0.22534493938308298]
S_2 [0, 0.25, 0.5, 0.25, 0, 0.5, 0.3333333333333333, 0.5, 0.25, 0.25]
Trust scores at iteration 5: [-0.3072268525096335, -0.4154448077193063, -0.9398944936694718, -0.3242810492561251, -0.949169726467049, -0.7819913541833701, -0.2354453069259076, -1.4069822493810324, 0.03676860870127896, -0.2892109222984452]
X.shape (10, 5)
s1 and s2 score at iteration 5
S_1 [0.12132087924551133, -0.03623901170677271, 0.1725534743980518, -0.02320004211150792, 0.14798674754747568, -0.1370614220683717, -0.06511033089699715, 0.046339603255257135, -0.39617577952901734, 0.09181140722686919]
S_2 [0, 0.5, 0.3333333333333333, 0.5, 0.3333333333333333, 0.5, 0.5, 0.5, 0, 0.3333333333333333]
Trust scores at iteration 6: [-0.004131350058722449, -0.6538162023096241, -0.5579261455686302, -0.567332129971799, -0.6071303104592074, -1.0856877682292951, -0.5780119812423059, -1.2043219352767953, -0.6630498077868046, -0.24282511546777563]
X.shape (10, 5)
s1 and s2 score at iteration 6
S_1 [0.18397452379327306, 0.01481522614064277, -0.12556522983690802, 0.08883776960790064, -0.13586438035111997, -0.05116850629291056, 0.01918988880364097, -0.14823414179148062, 0.045397498108148096, -0.1332570390430943]
S_2 [0.3333333333333333, 0.5, 0.5, 0.3333333333333333, 0.5, 0.5, 0.3333333333333333, 0.5, 0.3333333333333333, 0.5]
Trust scores at iteration 7: [0.09710805495889431, -0.7335127366612646, -0.8953025699041953, -0.4522682438396197, -0.946539903872938, -1.1434199028880052, -0.5733161920461546, -1.384744923363026, -0.5901069557617673, -0.6872745787414011]
X.shape (10, 5)
s1 and s2 score at iteration 7
S_1 [-0.31197753298957104, 0.09924136811896786, 0.13838056003968502, 0.0736224979533703, -0.037434436816955186, -0.33875896614375295, -0.14650142561132984, -0.00925073177246809, 0.13461490877776677, 0.16797596395036948]
S_2 [0.5, 0.3333333333333333, 0.3333333333333333, 0.3333333333333333, 0, 0.5, 0.5, 0.3333333333333333, 0.3333333333333333, 0.3333333333333333]
Trust scores at iteration 8: [-0.7892068160644989, -0.5362168285480466, -0.5795682967579984, -0.3851002121907522, -0.7294347066266669, -1.7054072175721067, -0.9629684573289188, -1.1858429739969683, -0.37265670631763503, -0.3810922051189807]
X.shape (10, 5)
s1 and s2 score at iteration 8
S_1 [-0.18280961273800245, 0.057614363770606546, -0.20368791155385807, -0.08606565217382342, -0.00762570802848592, -0.10022982027155412, 0.05671649856937284, -0.08602455945726722, -0.10580040886725744, 0.1063617460664008]
S_2 [0, 0.3333333333333333, 0.5, 0, 0.5, 0.3333333333333333, 0.3333333333333333, 0.3333333333333333, 0.3333333333333333, 0.3333333333333333]
Trust scores at iteration 9: [-1.0680707914043404, -0.41284684028104907, -1.280212383939316, -0.5123237381185264, -0.8321130841532501, -1.6764895696059203, -0.7141054657462247, -1.2727277667891417, -0.7592764075173151, -0.1667645435832864]
X.shape (10, 5)
s1 and s2 score at iteration 9
S_1 [-0.08299808945522184, 0.03841100752395959, 0.20296106697338853, 0.013896373026928496, -0.0389759786449163, 0.08209056360709083, 0.11849507908013458, 0.2488299953568922, -0.2805719339439934, 0.2917883851303766]
S_2 [0.5, 0.3333333333333333, 0.3333333333333333, 0.5, 0, 0.3333333333333333, 0.3333333333333333, 0.3333333333333333, 0.5, 0.3333333333333333]
Trust scores at iteration 10: [-1.1329834058614845, -0.4495008041273923, -0.8874757976121859, -0.644339166871641, -0.6225520137203627, -1.2891419126163512, -0.5780440153252775, -0.8350767771565996, -1.1199613766265712, -0.01673518050830046]
X.shape (10, 5)
s1 and s2 score at iteration 10
S_1 [-0.06838709105682249, -0.009206699542000263, -0.237181138368335, -0.051152857343564076, -0.004108715987454165, -0.16467948220865905, -0.10987877284485649, 0.006054285203747635, -0.06826906598477685, -0.15508409234563922]
S_2 [0.3333333333333333, 0.3333333333333333, 0.3333333333333333, 0.3333333333333333, 0.5, 0.3333333333333333, 0.3333333333333333, 0, 0.5, 0]
Trust scores at iteration 11: [-4.381783601888147, -0.9708579878202599, -12.573956809508205, -3.1857474092581515, -0.9393801873591001, -9.26254426097956, -6.049308546268182, -0.28455374400961964, -4.466819840881083, -7.696391865362061]
X.shape (10, 5)
s1 and s2 score at iteration 11
S_1 [-0.1751772127958285, 0.010487043294947287, -0.2895090908208345, -0.13777971543449857, -0.007627315548877572, 0.03295171394817506, 0.04074839379809004, 0.06730364773666248, 0.0736400456478331, -0.135559147080043]
S_2 [0, 0.5, 0.5, 0.5, 0.5, 0.3333333333333333, 0, 0.3333333333333333, 0.3333333333333333, 0.5]
Trust scores at iteration 12: [-3.7808977780056567, -0.936877736527435, -10.281192273556458, -3.0913198867573426, -0.9886388259675309, -6.549539971596049, -4.068512308274215, -0.12500128450870784, -3.026773888616758, -6.239724698406608]
X.shape (10, 5)
s1 and s2 score at iteration 12
S_1 [0.13647962062344338, 0.3388153406721433, -0.6236707926467084, 0.04683938292845443, 0.24271863542144376, 0.3296933718456559, 0.2870745954886258, 0.3644533462241685, 0.3187049683358848, -0.14041300819981983]
S_2 [0.5, 0.2, 0, 0.2, 0.5, 0.2, 0.2, 0.2, 0.25, 0.5]
Trust scores at iteration 13: [-2.834285159486064, -0.4969183558822582, -7.710209594716765, -2.2453680533629807, -0.7922531815496604, -4.433290674777854, -2.731652982879431, 0.09249910084390453, -2.0063995279173796, -4.783388344447321]
X.shape (10, 5)
s1 and s2 score at iteration 13
S_1 [-0.02446346652499546, 0.11889686334515377, -0.23753838291942975, -0.18219512326943837, -0.09046524354470835, 0.03905651128974814, 0.185316561125745, 0.18505552800787375, 0.2510243380626018, 0.15064764532318053]
S_2 [0.5, 0.3333333333333333, 0.5, 0.5, 0.5, 0.3333333333333333, 0.3333333333333333, 0.3333333333333333, 0, 0.5]
Trust scores at iteration 14: [-2.3132359797714828, -0.4057488223836041, -5.981029607601531, -2.089499619676137, -0.9626925328470437, -3.256626909118177, -1.8906846651947558, 0.08590983188639081, -1.1044796695421657, -3.468332351931468]
X.shape (10, 5)
s1 and s2 score at iteration 14
S_1 [0.348645242711139, 0.2171363631423848, 0.23291496530615785, -0.09961784746567073, 0.33665976530195274, -0.40519823569878394, -0.44192578959307205, 0.312976740463877, 0.3243880494207563, 0.19544039402098667]
S_2 [0.16666666666666666, 0.16666666666666666, 0.16666666666666666, 0.3333333333333333, 0.16666666666666666, 0.3333333333333333, 0.3333333333333333, 0.25, 0.16666666666666666, 0.16666666666666666]
Trust scores at iteration 15: [-1.4692651858400376, -0.24718408447391488, -4.136303564746934, -1.848368253857799, -0.5341979589546704, -2.92830118945074, -2.003744706366193, 0.1044450805595522, -0.6440084412292002, -2.409661362125229]
X.shape (10, 5)
s1 and s2 score at iteration 15
S_1 [0.07779930569517296, 0.005826598151978384, 0.057753604957802435, -0.1294925590070909, -0.08404899594996867, -0.15918083541433678, -0.19508256490525688, -0.26482287509134284, 0.022386506116695085, -0.06063936415896665]
S_2 [0.5, 0.5, 0.5, 0.5, 0, 0.5, 0.5, 0, 0.5, 0.5]
Trust scores at iteration 16: [-1.0284856300880263, -0.4505610564955278, -2.9727102316904968, -2.0931908675655215, -0.6980378490148449, -2.963624159066115, -2.454874401969713, -0.9480654556331408, -0.6644818501172627, -2.2205929226003374]
X.shape (10, 5)
s1 and s2 score at iteration 16
S_1 [-0.19937493915231502, 0.03012142549350442, -0.22000609043797031, -0.013678452971372913, -0.05223425314899157, -0.02439434945550586, -0.08895056830809712, -0.24966114887238713, -0.004063299361871183, -0.09623271624240443]
S_2 [0.5, 0.25, 0.5, 0.25, 0, 0.25, 0, 0.5, 0.25, 0]
Trust scores at iteration 17: [-3.0056521298354486, -0.1653927395468694, -4.572089180822179, -1.751466731199539, -1.0088633585343874, -2.467497020861347, -2.6043319890599177, -3.450192967180513, -0.6556064889727988, -2.5128628748895148]
X.shape (10, 5)
s1 and s2 score at iteration 17
S_1 [-0.11330853965565003, 0.02318711980240633, 0.16883090362086955, -0.18252305527710563, 0.13727869629205897, 0.1812072669446425, -0.09440143521701927, 0.22963177244614316, -0.2350087349170453, -0.013236461425797054]
S_2 [0.5, 0.5, 0.5, 0.5, 0.3333333333333333, 0.3333333333333333, 0, 0.5, 0.5, 0.3333333333333333]
Trust scores at iteration 18: [-2.55198723390696, -0.3854823502971113, -3.279895078482874, -1.7644820266240204, -0.7268580503776381, -1.6905115975667513, -1.9463621487751377, -2.415135077026359, -1.0659492180219827, -1.9762966474332202]
X.shape (10, 5)
s1 and s2 score at iteration 18
S_1 [0.12397904310633587, -0.08814723313727793, 0.13553982980089968, -0.2911434381456189, -0.17666373316152562, 0.0022541671897037263, 0.12829225164320426, 0.032677493683493965, -0.18486621794473382, -0.20105828329183667]
S_2 [0.3333333333333333, 0.3333333333333333, 0.3333333333333333, 0, 0, 0.3333333333333333, 0.3333333333333333, 0.3333333333333333, 0.5, 0.5]
Trust scores at iteration 19: [-1.7119793798295857, -0.6649402211816113, -2.1959265549380116, -1.8795460147814873, -0.8998231120249445, -1.378368808822865, -1.278495087273566, -1.818267119839121, -1.4553420756424167, -2.128424332626225]
X.shape (10, 5)
s1 and s2 score at iteration 19
S_1 [-0.02422469480609167, -0.20179027668427738, 0.13203825419015944, 0.13256357820601578, 0.05635024896020954, -0.03726619930347676, -0.2585467765126654, -0.10788751148000945, -0.10917297842883991, 0.1161839917174544]
S_2 [0.3333333333333333, 0.5, 0.3333333333333333, 0.3333333333333333, 0.3333333333333333, 0.3333333333333333, 0.5, 0.3333333333333333, 0, 0.5]
Trust scores at iteration 20: [-1.4532076259078863, -1.2221226762932211, -1.4383374308738819, -1.215682210347041, -0.7023518997517868, -1.2491939991577352, -1.7800547333622998, -1.7169434398462209, -1.265805004226171, -1.5269651024625177]
X.shape (10, 5)
s1 and s2 score at iteration 20
S_1 [0.13735077450816563, 0.19594315595656178, 0.03577388800288916, 0.07649939021284136, 0.055348537442234, -0.23135992058716923, -0.20613812946365717, -0.2201493979142217, -0.02304947256268743, -0.011831375517230921]
S_2 [0.3333333333333333, 0.3333333333333333, 0, 0.5, 0.3333333333333333, 0.5, 0, 0.5, 0.5, 0.5]
Trust scores at iteration 21: [-1.0069535718766143, -0.7554858734052547, -0.9520643656245192, -1.033852675226781, -0.6069046038312319, -1.5286608594147442, -1.5616473915946822, -1.838921526724736, -1.2213535427407716, -1.386990073543648]
X.shape (10, 5)
s1 and s2 score at iteration 21
S_1 [0.04416236735708041, -0.21696016893434897, -0.00963734202777485, 0.07340529341305532, -0.025597408278955142, 0.08707860684262184, 0.12584536993889703, -0.19228513433811634, -0.13867270286069425, -0.22293382161723388]
S_2 [0.5, 0, 0.5, 0.25, 0.25, 0.25, 0.25, 0, 0.5, 0.5]
Trust scores at iteration 22: [-0.8995898074310321, -1.0460466698125468, -0.9894193029018015, -0.6987076137403696, -0.6358543193452924, -1.0124778325561434, -0.9431531741162774, -1.7456293567382817, -1.485526275772592, -1.80234006870211]
X.shape (10, 5)
s1 and s2 score at iteration 22
S_1 [0.22502584883991966, 0.08450597926062729, 0.31896012230484816, -0.5058222130939792, 0.11726457106294544, -0.36421188433402185, 0.3085669339676763, 0.3021182938724043, 0.2798609591692963, 0.0848369820153177]
S_2 [0.2, 0.25, 0.2, 0.5, 0, 0.5, 0.2, 0.2, 0.2, 0]
Trust scores at iteration 23: [-0.5380633518890364, -0.8027500250981672, -0.5125935120312609, -1.2648496741791155, -0.33480407499204634, -1.3512963193933674, -0.48998260219734324, -1.0577812400614794, -0.8966433630775225, -1.1818440775453087]
X.shape (10, 5)
s1 and s2 score at iteration 23
S_1 [0.14062228712238037, 0.17060175123799434, -0.0753179297048876, -0.0256289806539852, 0.25469035130560175, 0.3378956011119017, 0.13753643688196152, 0.29892567646295387, 0.0053464515101570515, 0.15430648587867032]
S_2 [0.5, 0.3333333333333333, 0.3333333333333333, 0.3333333333333333, 0.3333333333333333, 0.3333333333333333, 0.3333333333333333, 0.3333333333333333, 0.3333333333333333, 0.3333333333333333]
Trust scores at iteration 24: [-0.5517931023348578, -0.6104565604388216, -0.6256863464627818, -1.1081494161731742, -0.20823648346136353, -0.8459074235753571, -0.42087634412081815, -0.6750462453542916, -0.8229035168241285, -0.8902901191100544]
X.shape (10, 5)
s1 and s2 score at iteration 24
S_1 [0.16962195415737866, -0.38657976739803357, 0.09639820832917756, -0.11073224723507367, 0.18459304943717147, 0.14855634920521846, 0.051424863161055795, -0.45355487943168415, 0.1906522086531687, 0.1356575170511776]
S_2 [0.3333333333333333, 0.5, 0.25, 0, 0.3333333333333333, 0.25, 0, 0.5, 0.25, 0.25]
Trust scores at iteration 25: [-0.31934724223408795, -1.3356205977803817, -0.4362934376733343, -0.9499468642285072, -0.05529990352493962, -0.5083749632675771, -0.2136940586371731, -1.4862217897239327, -0.4260324617768899, -0.5597397545079293]
X.shape (10, 5)
s1 and s2 score at iteration 25
S_1 [-0.10052548548737757, -0.14521236555865136, -0.059290462477628286, -0.19073296601895365, -0.07176120019749382, 0.055299224942579, 0.020178336374318144, -0.1986157601446224, -0.05795686246153467, -0.10265931917888434]
S_2 [0.5, 0, 0.3333333333333333, 0.5, 0.3333333333333333, 0.5, 0.5, 0.5, 0, 0.3333333333333333]
Trust scores at iteration 26: [-1.068896927190764, -1.7227159780039394, -0.8270579930352175, -1.999695025259633, -0.6280166556919248, -0.355862474287304, -0.34011774418605234, -2.4178518742378428, -0.6126404887100585, -1.1487477993376924]
X.shape (10, 5)
s1 and s2 score at iteration 26
S_1 [-0.19624686021483537, 0.12156931238743877, 0.052594030916107926, -0.06012554299740702, 0.0966421140869358, 0.08090199573493471, -0.2661135691768699, -0.19375765448914378, 0.01803831726769746, 0.042325484485249004]
S_2 [0.5, 0.25, 0.25, 0.5, 0.25, 0.25, 0.5, 0.5, 0.25, 0.5]
Trust scores at iteration 27: [-1.5325117271624187, -1.0559011846027575, -0.5991528307211853, -1.848160005570993, -0.3511252049877841, -0.19945960928755707, -1.1947783352628893, -2.4706375073488633, -0.5343346809268361, -0.9996756750074438]
X.shape (10, 5)
s1 and s2 score at iteration 27
S_1 [0.34801028988106375, 0.19691049951627163, 0.22529635533828973, 0.31853858693084, 0.16429351967854952, 0.3206052689543942, 0.022886957935481417, 0.05798495650911595, -0.5035050715375265, -0.06835818160318384]
S_2 [0.25, 0.5, 0.25, 0.25, 0.3333333333333333, 0.25, 0.5, 0, 0, 0.5]
Trust scores at iteration 28: [-0.9227582090136929, -0.8693854177426594, -0.3751917282012962, -1.1691178931568453, -0.30415948669065546, -0.013246046002907685, -1.1166152819084683, -1.6794607016748517, -0.808077538739919, -1.0587006969927935]
X.shape (10, 5)
s1 and s2 score at iteration 28
S_1 [0.08512966291052308, 0.01998782523291797, -0.1915912376133385, -0.040649286085459035, 0.03191229539530211, 0.001197492187744424, -0.09089650198200942, -0.24657394376677377, -0.18551133718792434, -0.09548846432514124]
S_2 [0.3333333333333333, 0, 0.5, 0.3333333333333333, 0.3333333333333333, 0.5, 0.5, 0.5, 0, 0.5]
Trust scores at iteration 29: [-0.545930746309585, -0.5381319759776897, -1.2378086356565143, -1.161632074294172, -0.30045156165491604, -0.3050522265771932, -1.4019532460492274, -2.344557955039812, -1.2194029148269017, -1.377595277390619]
X.shape (10, 5)
s1 and s2 score at iteration 29
S_1 [-0.04617481876160052, -0.06784619935636949, 0.2754181441719499, 0.16318339085420416, -0.19081445444940512, 0.19508693950808653, 0.3134809475325164, 0.1499942631750653, -0.08895956504361838, -0.06801437585753077]
S_2 [0.3333333333333333, 0.3333333333333333, 0.3333333333333333, 0.3333333333333333, 0, 0.3333333333333333, 0.3333333333333333, 0.3333333333333333, 0.5, 0.3333333333333333]
Trust scores at iteration 30: [-0.626340637377335, -0.6416209217993161, -0.8028919939623634, -0.8569766063888328, -0.3929247549779407, -0.22683914584865483, -0.8813672722344592, -1.6976466648019424, -1.2387159846365352, -1.2294061770203701]
X.shape (10, 5)
s1 and s2 score at iteration 30
S_1 [-0.16750333405266504, 0.16862423733160933, 0.2817050806849233, 0.1458951161565374, 0.1594894550483113, 0.078757023224508, 0.11458740863417659, -0.3307121891145385, 0.07449837240689162, -0.2152632461180996]
S_2 [0, 0.25, 0.25, 0.25, 0.5, 0.5, 0.5, 0, 0.25, 0]
Trust scores at iteration 31: [-0.6168200362072456, -0.4195593565338529, -0.41202439577365435, -0.5945135660389284, -0.40520006695075494, -0.37491562061994843, -0.7949279723576894, -1.5405424678780149, -0.937764630360204, -1.0898275227888263]
X.shape (10, 5)
s1 and s2 score at iteration 31
S_1 [-0.049236612599056685, 0.09805135071770699, -0.11131628571399024, 0.05726260760933434, -0.14831118095632828, -0.10954947459071987, -0.16606906568681307, -0.10399266207167474, 0.01988991785048078, 0.08684181891918746]
S_2 [0.3333333333333333, 0.5, 0, 0.3333333333333333, 0, 0, 0.5, 0.5, 0.3333333333333333, 0.5]
Trust scores at iteration 32: [-0.7824194134156875, -0.29369154957369703, -0.6290027545437684, -0.440957602963601, -0.7374160934086944, -0.5976208390110553, -1.3645580293496706, -1.6965578902134792, -0.7955796251747738, -0.7971761880745226]
X.shape (10, 5)
s1 and s2 score at iteration 32
S_1 [0.09530436777102022, 0.056088347153640195, -0.1558487122725931, 0.19873362248856521, 0.10499721387074477, 0.29822420555130086, 0.14579172003501398, -0.21689592012996062, 0.1883113874612727, 0.2515654666797713]
S_2 [0.3333333333333333, 0.5, 0.3333333333333333, 0.3333333333333333, 0.5, 0.3333333333333333, 0.3333333333333333, 0.5, 0.5, 0.3333333333333333]
Trust scores at iteration 33: [-0.6518217258765766, -0.44916175602110275, -0.7970786512348473, -0.30875332795811367, -0.7105688391212774, -0.31833458730773867, -1.008530774709484, -1.7057779634301506, -0.6674730383753191, -0.5049599028657019]
X.shape (10, 5)
s1 and s2 score at iteration 33
S_1 [0.006092225731146341, 0.04980849968821784, -0.22401990772872946, -0.12507649200754742, -0.18364508475305089, -0.25669106643664036, -0.09866663733606545, 0.07526142754109572, 0.051270673600692554, -0.04326684768730853]
S_2 [0.3333333333333333, 0.5, 0.5, 0, 0.5, 0.5, 0.5, 0.3333333333333333, 0.3333333333333333, 0.5]
Trust scores at iteration 34: [-0.6319909528309633, -0.4158712882144351, -1.7509220711647835, -0.7146954384704903, -1.5294268935349606, -1.5460319160611953, -1.3992671808182027, -1.0940445744011054, -0.46286080619867503, -0.825938157139775]
X.shape (10, 5)
s1 and s2 score at iteration 34
S_1 [-0.3196240197237109, 0.10345300333589033, -0.07734358583324935, -0.1714631290492318, -0.13154215128251348, -0.00772806661956819, 0.012337505739243887, 0.04255554809468351, -0.1758659652992377, 0.10069280145039018]
S_2 [0, 0.3333333333333333, 0.5, 0, 0.5, 0.5, 0.5, 0.3333333333333333, 0.5, 0.3333333333333333]
Trust scores at iteration 35: [-1.3692609673517517, -0.1911099017501045, -1.7499315990984123, -0.9975071587422146, -1.7520536321235076, -1.4046327103100644, -1.2437098949049838, -0.8424257521011888, -1.133990557809608, -0.48616092968164915]
X.shape (10, 5)
s1 and s2 score at iteration 35
S_1 [0.2694582030920377, -0.03030047060912961, -0.37989730846257264, 0.23264098017835227, -0.0014279781064404516, 0.375340725541155, 0.28920991150341496, 0.32012386704104895, 0.31016190235108265, -0.024299528667232406]
S_2 [0.25, 0.5, 0.5, 0.25, 0.5, 0.25, 0.25, 0.3333333333333333, 0.25, 0.5]
Trust scores at iteration 36: [-0.8931118009614948, -0.4579953028649558, -1.8285940766184101, -0.6623111758139589, -1.5275788879434784, -0.833242897217045, -0.7894390276311878, -0.5338314136116727, -0.6958891147685045, -0.65973462687543]
X.shape (10, 5)
s1 and s2 score at iteration 36
S_1 [0.146410818482122, 0.161598113150242, -0.20016202532236346, -0.2624128369492571, -0.145331491263469, 0.05712955550949718, -0.22654177774458864, 0.04593562164997685, 0.1476736888148616, 0.16495470463009465]
S_2 [0.5, 0.3333333333333333, 0.3333333333333333, 0.3333333333333333, 0, 0.3333333333333333, 0.3333333333333333, 0.3333333333333333, 0.3333333333333333, 0.3333333333333333]
Trust scores at iteration 37: [-0.6589036755186974, -0.22670128141568324, -1.8440467415749193, -1.1408630841935004, -1.3336168547254967, -0.6793695864653609, -1.1646145638504393, -0.4901397436377261, -0.41855103680577277, -0.36181423881280095]
X.shape (10, 5)
s1 and s2 score at iteration 37
S_1 [-0.026974247936637066, 0.07478218106330384, -0.01384853609236011, -0.015743513989342026, -0.13667297693605754, -0.22380868578831267, 0.08724552759390553, -0.12860918683368922, 0.07612768802008332, -0.13985605523069303]
S_2 [0.5, 0, 0.5, 0.5, 0, 0.5, 0.5, 0.5, 0, 0.5]
Trust scores at iteration 38: [-0.8539854577863998, 0.09845299264673318, -1.6384519030570173, -1.1527393602123182, -1.4034916256088568, -1.5451409182122817, -0.8152301946953074, -1.0853297276040939, -0.03121521401553551, -1.0341750373348586]
X.shape (10, 5)
s1 and s2 score at iteration 38
S_1 [0.00031629475703500966, 0.1119398280449281, -0.18523147841891136, -0.011240667805144532, -0.02738856378673601, -0.12067545939910818, -0.09034362303960744, 0.014967993046160557, 0.05325835007578264, -0.2557646226154639]
S_2 [0.3333333333333333, 0.5, 0.3333333333333333, 0.5, 0.3333333333333333, 0.3333333333333333, 0.3333333333333333, 0.3333333333333333, 0.3333333333333333, 0]
Trust scores at iteration 39: [-0.7969421469390249, 0.06891709485271322, -1.8433387806661874, -1.137042668476208, -1.255845797367047, -1.6050102331720002, -1.0127830636225705, -0.9196164193664518, -0.07911767172981088, -1.4093745955608712]
X.shape (10, 5)
s1 and s2 score at iteration 39
S_1 [-0.15169067558727192, -0.08050658651646897, -0.06819224049905273, -0.15666049183674902, -0.0498393607812415, -0.15253044064226437, -0.09148782573349824, -0.1569366108132081, -0.05633048065703845, -0.10392981738292527]
S_2 [0.3333333333333333, 0, 0.5, 0.3333333333333333, 0.5, 0.3333333333333333, 0.5, 0.5, 0.5, 0.5]
Trust scores at iteration 40: [0.1552180720322376, 0.5328383893115165, -1.1798649447960468, -0.05293728507674844, -0.8790920581569328, -0.40537475792072974, -0.4582519219153096, 0.0009231429789254841, -0.01631012024188285, -0.6609734307175533]
X.shape (10, 5)
s1 and s2 score at iteration 40
S_1 [0.08403780255259197, 0.15608225440410262, 0.16717836361301497, -0.06637053957766999, 0.1864264265164437, 0.29001623638521135, 0.158871028190847, -0.4865946418420827, 0.26067092272921216, 0.09829051151340158]
S_2 [0.3333333333333333, 0.5, 0.5, 0, 0.3333333333333333, 0.3333333333333333, 0.5, 0, 0.3333333333333333, 0.5]
Trust scores at iteration 41: [-0.004416558805116849, 0.23444223413801007, -0.9529720087029179, -0.10571143458418816, -0.6225203135946822, -0.18376233054451074, -0.4564362068322354, -0.5026993862588574, 0.05822739433806301, -0.661007254490551]
X.shape (10, 5)
s1 and s2 score at iteration 41
S_1 [0.16866839794238528, 0.20698956548566755, -0.010325488876770872, 0.2143830226210802, 0.2182213527507631, -0.31168615020790613, -0.21458973992149266, 0.11552052334201852, 0.16124340942991428, -0.15703760470197092]
S_2 [0.3333333333333333, 0.3333333333333333, 0.5, 0.3333333333333333, 0.3333333333333333, 0.5, 0.5, 0.5, 0.3333333333333333, 0.5]
Trust scores at iteration 42: [0.028785439864210876, 0.24866865430158175, -0.9812753811665906, 0.020725248010020375, -0.3357642195162775, -0.857124445335407, -0.9145127817952688, -0.4930776275270682, 0.06242869746162817, -0.9785926657544772]
X.shape (10, 5)
s1 and s2 score at iteration 42
S_1 [0.047623427151081, 0.2025186700216766, 0.022318004093566508, 0.16150380832503247, 0.07902102727795547, -0.12665367251519546, 0.05712891459004029, -0.15249523737667553, -0.08926839099744524, -0.29452321433327655]
S_2 [0.5, 0.5, 0.3333333333333333, 0.3333333333333333, 0.5, 0.5, 0.3333333333333333, 0.5, 0.5, 0]
Trust scores at iteration 43: [-0.20930347092709747, 0.17406805801110722, -0.8538321051632789, 0.053750517204218286, -0.41797755751688453, -1.0876048842122148, -0.7555313207016765, -0.8710523821906497, -0.3885371879567164, -1.1213053289791581]
X.shape (10, 5)
s1 and s2 score at iteration 43
S_1 [0.08659596635927927, 0.027405263853494774, -0.04016045916627734, -0.06710084567191266, 0.029472639477338396, -0.18649134515069837, -0.2683134692517237, -0.19219775856973517, -0.03461058302157037, 0.007269623769366684]
S_2 [0.5, 0.5, 0.5, 0, 0.5, 0.5, 0, 0, 0.5, 0.5]
Trust scores at iteration 44: [-0.1465124296489682, -0.08321053355777676, -1.0368129465037195, -0.19483643205557477, -0.49048032150976806, -1.7073974325242927, -1.4584076079611659, -1.27557977772749, -0.6918797100319547, -1.0597291030735416]
X.shape (10, 5)
s1 and s2 score at iteration 44
S_1 [0.006015783659579283, -0.14563807783233784, -0.17756373150430804, -0.2430188540198327, -0.15996281374282317, 0.03173796970072128, 0.08387385903181564, -0.12492067980062756, -0.009242985964238571, 0.026655109659989726]
S_2 [0.5, 0.5, 0.5, 0, 0.5, 0.25, 0.25, 0.5, 0.25, 0.25]
Trust scores at iteration 45: [-0.38104144712237803, -0.8791656173157101, -1.660878977205344, -1.0056152844892872, -1.2154911810442983, -1.2316578399254112, -0.8708853255728161, -1.639722103644108, -0.6673761071270904, -0.7964703819530596]
X.shape (10, 5)
s1 and s2 score at iteration 45
S_1 [-0.05724226736911972, 0.2699216039144956, -0.6092923491007833, -0.081125005820511, 0.387719405204912, 0.35045228110674786, 0.364033868270161, -0.0941500044705332, 0.36519420446965706, 0.30147268473537336]
S_2 [0.5, 0.2, 0, 0, 0.2, 0.2, 0.2, 0, 0.2, 0.2]
Trust scores at iteration 46: [-0.6110205289123953, -0.5265626220021699, -1.6340585553281137, -0.7667016139314855, -0.6708438267310087, -0.7109961280508166, -0.4479465410164249, -1.22065455093588, -0.30459227165474806, -0.4442631367415338]
X.shape (10, 5)
s1 and s2 score at iteration 46
S_1 [-0.019399253570531863, -0.11639728639714801, -0.051230631417300616, -0.04424822033254596, -0.1767354361304361, -0.14206767465400358, -0.04254582146623972, -0.18203773135271792, -0.12225283809877811, -0.04393086700417624]
S_2 [0.3333333333333333, 0.5, 0.3333333333333333, 0, 0.3333333333333333, 0.3333333333333333, 0.3333333333333333, 0, 0.3333333333333333, 0.5]
Trust scores at iteration 47: [-0.32771437023867667, 1.1314334590603599, -0.551584247030271, 0.14758602820666444, 2.0635366886046844, 1.4993100457880342, 0.14438781064062123, 1.9606665925874793, 1.4773659569893935, 0.06838524771521526]
X.shape (10, 5)
s1 and s2 score at iteration 47
S_1 [0.18535839322700742, -0.2994470959288153, 0.2645740613254812, -0.4065515589590755, -0.09774944592218236, 0.1744129617523545, 0.22384511321509207, -0.0679565227738499, 0.11788771112925062, 0.13104111530083812]
S_2 [0.3333333333333333, 0.5, 0.3333333333333333, 0.5, 0.5, 0.3333333333333333, 0.3333333333333333, 0.5, 0.3333333333333333, 0.3333333333333333]
Trust scores at iteration 48: [-0.21922254709534644, 0.1524609570183214, -0.28610897292118964, -0.6576777814096874, 1.0336377804174255, 1.0472835412232733, 0.15488899448830135, 0.9954108492912936, 0.9678288102171583, -0.0035430675411415105]
X.shape (10, 5)
s1 and s2 score at iteration 48
S_1 [-0.1528167857985133, -0.14619780830944787, 0.12237525690055223, -0.11231341594387473, 0.04041595168363459, 0.10951578339879417, -0.21804373388686116, 0.13734482286217464, 0.11626097639116113, 0.10662845467041694]
S_2 [0.5, 0.5, 0.5, 0.5, 0.5, 0.25, 0.5, 0.25, 0.25, 0.25]
Trust scores at iteration 49: [-0.7872509328979449, -0.512614758166624, -0.2329740536648703, -1.0056987634116843, 0.5118263337493143, 0.8223119732929031, -0.6678469858223177, 0.8467875945039055, 0.7814270738537556, 0.08042660329617923]
X.shape (10, 5)
s1 and s2 score at iteration 49
S_1 [0.151385445461301, 0.21823096732354474, -0.40797939364601626, 0.0965981640014548, -0.15258215486682575, 0.1268096742375321, 0.09432650489409099, 0.23492661264984666, 0.045683964552576124, -0.1331992124438576]
S_2 [0.3333333333333333, 0.3333333333333333, 0, 0.5, 0.5, 0.5, 0.5, 0.3333333333333333, 0.3333333333333333, 0]
Trust scores at iteration 50: [-0.5577572668051948, -0.28015057852251624, -0.6840692928105516, -0.8806338070646216, -0.13656814396724026, 0.43755364203243974, -0.6470384590129109, 0.6927513161527338, 0.4053371246750776, -0.11379604377768085]
X.shape (10, 5)
s1 and s2 score at iteration 50
S_1 [-0.1381252057261909, 0.14665537747003385, -0.24346388649989598, 0.02870718466348155, 0.1205976590015046, -0.355521334973115, 0.27036362201209363, 0.15982205998061993, 0.1312917651445057, 0.1916146951227066]
S_2 [0.3333333333333333, 0.3333333333333333, 0.5, 0.3333333333333333, 0.3333333333333333, 0.5, 0.5, 0.3333333333333333, 0.3333333333333333, 0.5]
Trust scores at iteration 51: [-0.7436961268080464, -0.23337414358680947, -1.0490001082282039, -0.7845896923769166, -0.16178051993299353, -0.38820487414440846, -0.4529269213090376, 0.4622671539674277, 0.22941952727776202, -0.16703835792399024]
X.shape (10, 5)
s1 and s2 score at iteration 51
S_1 [0.0626350610518341, 0.07380244775149729, 0.017596325002692197, -0.164606379082266, -0.016953629967395467, 0.12140793132248565, 0.09120000941793455, -0.26206148463343987, -0.22141601654033113, 0.02560857333593953]
S_2 [0.25, 0.3333333333333333, 0.3333333333333333, 0, 0.3333333333333333, 0.25, 0.25, 0.5, 0.5, 0.25]
Trust scores at iteration 52: [-0.5158155361225653, -0.1809954431939162, -0.8908194114958424, -0.9559565054963035, -0.3551389234820845, -0.1217434119010859, -0.24169286917940103, -0.6239690829464326, -0.6865271346169876, -0.203647854544668]
X.shape (10, 5)
s1 and s2 score at iteration 52
S_1 [-0.1834437489676726, -0.24443956222133809, -0.09218838142197316, -0.012015295473701025, -0.044961230729321136, -0.07956272590906306, -0.032357081177805655, -0.08158765549522029, -0.04907254811803351, -0.12698551295633206]
S_2 [0.5, 0.5, 0.5, 0.5, 0.5, 0.5, 0.5, 0.5, 0.5, 0.5]
Trust scores at iteration 53: [3.9191847506168562, 5.676512954926471, 1.3782020517718636, -0.6691695538474124, 0.5740026303878398, 1.601315675219469, 0.33871225673852334, 1.300316501746779, 0.44468297461339645, 2.728043011100011]
X.shape (10, 5)
s1 and s2 score at iteration 53
S_1 [-0.17177381435153874, 0.2666198858185283, -0.11094947689311635, 0.2032452655354238, -0.19857258688196083, 0.28730923332561065, -0.1376391942031678, 0.07194029374124351, 0.21574404666670946, 0.00896982716457888]
S_2 [0.3333333333333333, 0.25, 0, 0.25, 0.3333333333333333, 0.25, 0.3333333333333333, 0.5, 0.25, 0.3333333333333333]
Trust scores at iteration 54: [2.3640680716740414, 4.101955849574284, 0.8488911982139726, -0.4061958539371808, -0.005541916445741202, 1.2709209726536281, -0.10662028995873937, 0.6853395273231299, 0.3865517821061278, 1.7189961421233972]
X.shape (10, 5)
s1 and s2 score at iteration 54
S_1 [0.009062466317334553, 0.29755389091645035, 0.32597673128217985, 0.10250598843852492, 0.1520673352853811, 0.2712535634554702, -0.1104819450294712, 0.21055129041338919, 0.11867189830863643, -0.2807505761778044]
S_2 [0.5, 0.3333333333333333, 0.25, 0.3333333333333333, 0.25, 0.25, 0.5, 0.25, 0.5, 0]
Trust scores at iteration 55: [1.3631879384019325, 2.94521123958093, 0.7442238387497808, -0.38999970008165885, -0.013930086833090629, 0.9892823427745749, -0.47631196192793696, 0.5235103561384366, 0.07980131123837336, 0.9449194314647728]
X.shape (10, 5)
s1 and s2 score at iteration 55
S_1 [0.3041296478536661, -0.1814026836885424, 0.4418709032949897, 0.048604556349510365, 0.3251980080203729, 0.5227057300239045, 0.31899155797586576, 0.36799914574228937, 0.5057265995349596, 0.29770403896746994]
S_2 [0.3333333333333333, 0, 0.25, 0.3333333333333333, 0.3333333333333333, 0.25, 0.3333333333333333, 0.25, 0.25, 0.25]
Trust scores at iteration 56: [0.8287827223180264, 1.9575342106704559, 0.5495626136993162, -0.5451038515447093, -0.12310799030897855, 0.7674976399422024, -0.4503374123117206, 0.3526654633672544, 0.1211159718023701, 0.6073068747240286]
X.shape (10, 5)
s1 and s2 score at iteration 56
S_1 [-0.20848665296171812, 0.0644338281449964, 0.020940151853867224, -0.3176851768694692, 0.03725939640130012, -0.2600012750654811, 0.07334530813870647, 0.04279440773479685, -0.058969015099699734, -0.08080606289394866]
S_2 [0, 0.3333333333333333, 0.3333333333333333, 0.5, 0.5, 0.5, 0.3333333333333333, 0.5, 0, 0]
Trust scores at iteration 57: [-0.2726127886297257, 1.4338238449889102, 0.2703441011008213, -1.9809816900499952, -0.23377567556577653, -0.8262195751983304, -0.21523618861820437, 0.12190527331760255, -0.1564163138773562, 0.09459852594341883]
X.shape (10, 5)
s1 and s2 score at iteration 57
S_1 [-0.18458302721239644, -0.04220321509386779, -0.14341205952936376, -0.03488928310164793, -0.12758514570458604, -0.19493841050396418, -0.00411233453416221, -0.11662554880851037, -0.08325489980989115, -0.02272360575997859]
S_2 [0.5, 0.3333333333333333, 0.5, 0.3333333333333333, 0.5, 0.5, 0.3333333333333333, 0.5, 0.3333333333333333, 0.5]
Trust scores at iteration 58: [12.974736094699793, 3.882454554280997, 10.351331807536782, 0.9585301001271918, 8.843854603823733, 13.342649638740225, -0.050665332032743024, 8.293314827560554, 5.764058709897499, 1.4239347185115245]
X.shape (10, 5)
s1 and s2 score at iteration 58
S_1 [-0.07360492923279979, 0.19379016628540358, -0.20431519468154186, -0.07636886809842056, 0.1460879101194687, -0.0756103035480927, -0.1553573759811742, 0.04168255273527886, 0.15078956506319227, -0.21205650117541083]
S_2 [0.3333333333333333, 0.3333333333333333, 0.3333333333333333, 0.5, 0.3333333333333333, 0.3333333333333333, 0.3333333333333333, 0.3333333333333333, 0.3333333333333333, 0.5]
Trust scores at iteration 59: [8.76836996559116, 2.817718187996698, 6.729638824904829, 0.2527470091437301, 6.216851973797789, 9.022804994288999, -0.47596923003441244, 5.66984772895247, 4.068273320998563, 0.36847680791256676]
X.shape (10, 5)
s1 and s2 score at iteration 59
S_1 [0.17380335144838893, -0.02978700878724491, 0.15186407458785586, -0.18042685554056448, -0.09058838925302642, 0.24057905648545694, -0.2597163100845092, -0.06112814786850476, -0.07732369220790897, 0.21902877180429003]
S_2 [0.25, 0.5, 0.25, 0.5, 0, 0.25, 0.5, 0, 0.5, 0.25]
Trust scores at iteration 60: [6.204590250016505, 1.6352585895983052, 4.750120363287199, -0.3480678199448529, 4.23883344476394, 6.465963496002299, -0.9570424505316824, 3.8926671392502405, 2.4513693501462135, 0.3810607471688835]
X.shape (10, 5)
s1 and s2 score at iteration 60
S_1 [-0.3212054475896553, -0.00859358657823576, -0.002508187532957574, 0.01719369236635361, -0.1903982875766538, 0.0657031153442677, 0.06564963747219524, 0.06559088081742061, 0.01617254997067452, -0.30593471054081994]
S_2 [0.3333333333333333, 0.5, 0.5, 0.5, 0.3333333333333333, 0.3333333333333333, 0.3333333333333333, 0.3333333333333333, 0.5, 0.3333333333333333]
Trust scores at iteration 61: [2.6765911773789295, 0.8054427519459071, 3.013631886236837, -0.4651411857453984, 1.8978260608696467, 4.626174447201609, -0.5701738949904145, 2.824354535350995, 1.4898023037396733, -1.330153387949471]
X.shape (10, 5)
s1 and s2 score at iteration 61
S_1 [0.011908450540192992, 0.18621080731311188, 0.34696007408704244, -0.2020261808761634, -0.10681380857865858, 0.4158373540690455, 0.4125638483989597, 0.40656057546178537, 0.3663095569258219, 0.3027221206998173]
S_2 [0.5, 0.25, 0.25, 0, 0, 0.25, 0.25, 0.25, 0.5, 0.5]
Trust scores at iteration 62: [1.5822050080189856, 0.5481490896126255, 2.2098517771945003, -0.4713477716928191, 1.2514189254020618, 3.388322113041126, -0.2514833510357132, 2.1203555735280677, 1.007130481208879, -1.0127127629002382]
X.shape (10, 5)
s1 and s2 score at iteration 62
S_1 [-0.1902725870149863, -0.14151012798567503, 0.07200855500180231, -0.21431207965888194, -0.11563180273472905, 0.08799094861556266, 0.08799094861556268, 0.08799094861556268, -0.16325083721351064, -0.047260954417682986]
S_2 [0, 0.5, 0.5, 0, 0, 0.3333333333333333, 0.3333333333333333, 0.3333333333333333, 0, 0.5]
Trust scores at iteration 63: [0.45882023347436407, -0.3987661534282522, 1.4924052064968631, -1.0606279584138538, 0.4817533700869857, 2.471825479128788, -0.07603834572499919, 1.5842489014696475, 0.148397142390729, -1.1700323977373328]
X.shape (10, 5)
s1 and s2 score at iteration 63
S_1 [-0.051020823971430346, -0.08019114464026761, -0.07579939360745706, -0.07040042692719578, -0.13432977685589698, 0.07036227382058988, 0.07036227382058986, 0.07036227382058988, 0.04548311148822973, -0.2593015760372428]
S_2 [0, 0, 0.5, 0.5, 0.5, 0.3333333333333333, 0.3333333333333333, 0.3333333333333333, 0.5, 0]
Trust scores at iteration 64: [0.10363930618089406, -0.6210431572753481, 0.42150167717393483, -1.342602242323696, -0.5355075863663079, 1.8302778353901517, 0.04677315799250053, 1.2089742310287532, -0.0021980023434108042, -1.9245934422252082]
X.shape (10, 5)
s1 and s2 score at iteration 64
S_1 [-0.2331363403312919, -0.08167181479981701, 0.05277961437450173, -0.3673752334568124, -0.1018599881542336, 0.13857946938940013, 0.13952179137484258, 0.14091053137280166, -0.1351782546818674, -0.028245711554844805]
S_2 [0.5, 0.5, 0.5, 0, 0.5, 0.3333333333333333, 0.3333333333333333, 0.3333333333333333, 0, 0.5]
Trust scores at iteration 65: [-0.723802200758527, -0.9086103608610514, 0.10741952689141607, -1.7219672968714763, -0.8917162941498482, 1.376231629348409, 0.12978456856573495, 0.9462819617201272, -0.2893345244111947, -1.7073508258668415]
X.shape (10, 5)
s1 and s2 score at iteration 65
S_1 [0.012668737937920017, 0.21446969882627506, 0.031980435865923536, -0.2160157609779805, -0.05418986561300399, -0.010732042774579472, -0.004593620497947574, 0.018424390239789843, 0.07666673864807244, 0.027886857478358715]
S_2 [0.5, 0.5, 0.5, 0.5, 0.5, 0.3333333333333333, 0.3333333333333333, 0.3333333333333333, 0.5, 0.5]
Trust scores at iteration 66: [-0.7889405225868229, -0.636027252602736, -0.18007212950424484, -1.8075397379999854, -1.0000021356717113, 0.7483501698552818, -0.11557635375757175, 0.4881693918257694, -0.395292809822481, -1.4561374697852294]
X.shape (10, 5)
s1 and s2 score at iteration 66
S_1 [0.09090932942624735, -0.04813232077543717, 0.013057136419082904, 0.22043250391291455, 0.2207697721637224, 0.038346629230333, 0.03811981709553072, 0.037917618034410405, 0.1975199960054047, -0.44153308567264593]
S_2 [0.3333333333333333, 0.5, 0.25, 0.25, 0.25, 0.3333333333333333, 0.3333333333333333, 0.3333333333333333, 0.25, 0]
Trust scores at iteration 67: [-0.628723343055719, -0.8106252059813126, -0.25830738711423185, -1.115736124248952, -0.5500014949701978, 0.3759536510421673, -0.22910312634275393, 0.1932441309646996, -0.1582986618781608, -1.6192874523019447]
X.shape (10, 5)
s1 and s2 score at iteration 67
S_1 [0.005074731457413236, -0.1075436075740828, 0.3616985112452178, 0.2691097079640287, 0.029555333839265355, 0.22975645512101212, 0.22995798559416514, 0.23060131448725263, 0.06597426404804334, 0.19685866904691351]
S_2 [0, 0.3333333333333333, 0.3333333333333333, 0.25, 0.3333333333333333, 0.25, 0.25, 0.25, 0, 0.3333333333333333]
Trust scores at iteration 68: [-0.43589725608172375, -0.9566364693663558, -0.18081517097996228, -0.7828102975169701, -0.6604872597863081, 0.228732167950367, -0.1946404228024443, 0.10153624720027865, -0.05608868543349259, -1.2702226880081975]
X.shape (10, 5)
s1 and s2 score at iteration 68
S_1 [-0.20932173634628626, 0.14616226605313343, 0.2290722624306883, -0.48875469649944125, 0.17634917252147841, 0.3317468692428197, 0.32864288170846134, 0.3236669174213598, -0.02850887165149564, -0.005469649685490414]
S_2 [0.5, 0.25, 0.25, 0.5, 0.5, 0.25, 0.25, 0.25, 0.5, 0.5]
Trust scores at iteration 69: [-0.794418549570349, -0.6874704158989567, -0.06941967087353382, -1.2899500046165007, -0.6028678308226258, 0.31011251756525693, 0.010944755890043095, 0.21376864079590746, -0.3650427646821577, -1.194102107351266]
X.shape (10, 5)
s1 and s2 score at iteration 69
S_1 [-0.12029787454962183, 0.1688086224664975, -0.07081258752357233, -0.44183181502859054, 0.05590041413598528, 0.2580529634762212, 0.2565342884089598, 0.25365210365714563, 0.061778253573777836, -0.10336496720111847]
S_2 [0.5, 0.5, 0.5, 0, 0, 0.3333333333333333, 0.3333333333333333, 0.3333333333333333, 0.5, 0]
Trust scores at iteration 70: [-0.9959455245760518, -0.5849804821338411, -0.4309170879368967, -1.4166174826412326, -0.3570203408939954, 0.3170787622956799, 0.10589579032029368, 0.24452181998166173, -0.4837095003463644, -0.9560386289836409]
X.shape (10, 5)
s1 and s2 score at iteration 70
S_1 [-0.04608528890899834, -0.1785165697325506, -0.08050279473270809, 0.20225683187397736, 0.1456755773932528, 0.1947423052585592, 0.1960015948803054, 0.19825814124191068, -0.2463926928222355, -0.18506608074340924]
S_2 [0, 0.5, 0.5, 0.25, 0.5, 0.25, 0.25, 0.25, 0.5, 0.5]
Trust scores at iteration 71: [-0.7655184539479252, -0.9742732938776113, -0.7210487484418222, -0.8416322378488627, -0.33383909884902924, 0.36080911711033614, 0.2148488939614775, 0.3152341656112174, -1.004061723346772, -1.2437286415873183]
X.shape (10, 5)
s1 and s2 score at iteration 71
S_1 [0.2736713881255482, 0.30579490486974825, 0.3106542850496479, 0.3605701271923152, -0.3157801479029812, 0.3921158360517649, 0.3927051047268002, 0.3862041163848282, -0.17160049468702152, -0.22504251155504512]
S_2 [0.25, 0.16666666666666666, 0.16666666666666666, 0.16666666666666666, 0, 0.16666666666666666, 0.16666666666666666, 0.16666666666666666, 0.5, 0.5]
Trust scores at iteration 72: [-0.47679658414717824, -0.5483847893825737, -0.3674153715092276, -0.4136915044741475, -0.4749219323070144, 0.45211622077387237, 0.35039422577303425, 0.41569760283663737, -1.1339343171698342, -1.3425272273038567]
X.shape (10, 5)
s1 and s2 score at iteration 72
S_1 [0.2818780975176398, 0.3682225903382268, -0.2913639939393693, 0.2968667615027043, 0.08868602816229766, 0.42871432226977785, 0.43290572308513625, 0.43881714516338427, -0.4340550865898684, 0.27304130283978306]
S_2 [0.3333333333333333, 0.2, 0.5, 0.3333333333333333, 0.2, 0.2, 0.2, 0.2, 0.5, 0.2]
Trust scores at iteration 73: [-0.34104993968967495, -0.2521317476929098, -0.7563835198317544, -0.28662929297171924, -0.39181461213009333, 0.4895744984594273, 0.4212345785211553, 0.4709883219856461, -1.3904984118226988, -0.8731027181213133]
X.shape (10, 5)
s1 and s2 score at iteration 73
S_1 [-0.30775219777927343, -0.07100594940395234, 0.0320121077771207, -0.0038543180385903148, -0.011413920631229047, 0.13724349870891533, 0.137224425429982, 0.13711347662263046, -0.06386375398763966, -0.10835061107094421]
S_2 [0, 0.3333333333333333, 0.3333333333333333, 0.3333333333333333, 0, 0.25, 0.25, 0.25, 0, 0.25]
Trust scores at iteration 74: [-0.911449222591766, -0.6317038364783858, -0.7594933290053121, -0.5090656430463342, -0.2992198707078611, 0.4177021489215991, 0.3698225127627458, 0.40440761064570274, -1.1129484057504997, -1.0730150582956974]
X.shape (10, 5)
s1 and s2 score at iteration 74
S_1 [0.05336623147249572, 0.40742325082357583, 0.2709590388712625, 0.2995099608423235, 0.009965581666003785, 0.1481779902827022, 0.14601493537577265, 0.14224638700318432, -0.13113958535850193, 0.2430910039839959]
S_2 [0.3333333333333333, 0.25, 0.25, 0.25, 0.3333333333333333, 0.3333333333333333, 0.3333333333333333, 0.3333333333333333, 0, 0.25]
Trust scores at iteration 75: [-0.8987190316837135, -0.36719268553487, -0.557128706014207, -0.3608062826709773, -0.502115902904672, 0.10150014493990403, 0.06639166659060164, 0.08782632103714719, -0.8756265508049799, -0.7971141260275624]
X.shape (10, 5)
s1 and s2 score at iteration 75
S_1 [0.38558967446735715, 0.13108744194828906, 0.32848096082901795, 0.4347901725702604, -0.716162110838535, 0.44739999669709246, 0.44936810030186286, 0.44061610260832873, 0.3997812620836585, 0.11391802472201351]
S_2 [0.25, 0.25, 0.25, 0.2, 0, 0.2, 0.2, 0.2, 0.2, 0]
Trust scores at iteration 76: [-0.671682062720037, -0.4695203621370143, -0.47069484787957944, -0.20229668264144007, -0.829593915533559, 0.1297361873615951, 0.10647416661342114, 0.11563555491326712, -0.5860429635900266, -0.48192774434515856]
X.shape (10, 5)
s1 and s2 score at iteration 76
S_1 [0.08240571984853594, 0.01855625961265485, -0.12821669051156545, 0.1465497232035949, 0.14770050257071132, 0.26639114992064683, 0.2619611897439771, 0.25397804937716956, 0.10502403883945984, -0.4365706074456436]
S_2 [0.25, 0.5, 0.5, 0.5, 0.25, 0.25, 0.25, 0.25, 0.5, 0.5]
Trust scores at iteration 77: [-0.527375126852859, -0.6077668705105717, -0.7738793553874783, -0.27656872301070046, -0.5643808202711641, 0.2408153311531166, 0.21954305700175025, 0.21696570720840724, -0.5919558313137856, -1.1289993210953744]
X.shape (10, 5)
s1 and s2 score at iteration 77
S_1 [-0.0010838556963870876, -0.0013023473790718294, -0.06302248068271764, 0.05923294752135561, -0.2136242183711499, 0.18271494412037134, 0.18397794766312806, 0.185933696728254, -0.3602317223850981, -0.1072673838617858]
S_2 [0.3333333333333333, 0.3333333333333333, 0.3333333333333333, 0.5, 0, 0.3333333333333333, 0.3333333333333333, 0.3333333333333333, 0, 0]
Trust scores at iteration 78: [-0.5709113665314178, -0.6275381186982916, -0.8434009588798064, -0.3980270258294612, -0.7397446322236412, 0.263377344060064, 0.25052458106567266, 0.2518759950458851, -0.9955951781956536, -0.9633731296312305]
X.shape (10, 5)
s1 and s2 score at iteration 78
S_1 [-0.017769497230795097, -0.07305520674001917, 0.03537308825365245, -0.14836011901177223, 0.14382868104660493, 0.18457371764112046, 0.18251834788767016, 0.18206222777400388, -0.4140885772924718, -0.2240397406639208]
S_2 [0, 0.5, 0.5, 0.5, 0.25, 0.25, 0.25, 0.25, 0.5, 0.5]
Trust scores at iteration 79: [-0.42851990811616447, -0.8580181935384102, -0.8328864265762823, -0.8197585357485715, -0.43404687389005037, 0.3343641408420448, 0.32202647690688285, 0.32223110418568945, -1.6699624666660013, -1.3385079558292996]
X.shape (10, 5)
s1 and s2 score at iteration 79
S_1 [0.2177982108742419, 0.06278609560857279, -0.07484179650402041, -0.4097440056486536, 0.1928218378907738, 0.23485673157124046, 0.241916120021763, 0.25126780449490954, 0.08170550245913889, -0.10148672153627834]
S_2 [0.25, 0.3333333333333333, 0.3333333333333333, 0, 0.3333333333333333, 0.25, 0.25, 0.25, 0.3333333333333333, 0.3333333333333333]
Trust scores at iteration 80: [-0.2649247977837406, -0.8256495752724391, -0.972377505547998, -1.0630428815859743, -0.3736140955468287, 0.28946097613288174, 0.28925313464018776, 0.30056177292998265, -1.3714218306442882, -1.358125157528521]
X.shape (10, 5)
s1 and s2 score at iteration 80
S_1 [0.34370453257683403, 0.5582022740695767, 0.11610773432619707, -0.5276357381091826, 0.602860154075055, 0.5247555875427292, 0.5247555875427292, 0.5572112942532361, 0.5897696298585114, 0.4820499527093044]
S_2 [0.2, 0.14285714285714285, 0.3333333333333333, 0, 0.14285714285714285, 0.14285714285714285, 0.14285714285714285, 0.14285714285714285, 0.14285714285714285, 0.14285714285714285]
Trust scores at iteration 81: [-0.19441041219157154, -0.4287491359027371, -0.9228858121298871, -1.0066962530154462, -0.09010129545420861, 0.33518424750389064, 0.3350387584590048, 0.35910566868737775, -0.7950809193932391, -0.8393775591395732]
X.shape (10, 5)
s1 and s2 score at iteration 81
S_1 [0.16077066534571927, 0.02291308017776152, 0.12859637327163753, -0.00224833407889325, -0.3449095695083113, -0.22008560057553195, 0.07214116638140038, 0.12245705372734281, -0.22889525854060425, 0.11549809021565853]
S_2 [0.5, 0.5, 0.3333333333333333, 0.3333333333333333, 0, 0.5, 0.5, 0.3333333333333333, 0.5, 0.5]
Trust scores at iteration 82: [-0.13608728853410007, -0.5573683112496552, -0.6060576854371987, -0.908882795610932, -0.7066763222087863, -0.4760534110658261, 0.06914341721881084, 0.2798803068414339, -1.2836779558775908, -0.6720434624567508]
X.shape (10, 5)
s1 and s2 score at iteration 82
S_1 [-0.11817995437869182, -0.06757823544738048, -0.01701985099756207, -0.1703538959876407, -0.14052749767744213, -0.09291383526352003, -0.0759655035757317, -0.06496401342446032, -0.1777828131046428, -0.023997089559275406]
S_2 [0.5, 0.5, 0.5, 0.5, 0.5, 0.5, 0.5, 0.5, 0.5, 0.5]
Trust scores at iteration 83: [1.6878350613642221, 0.5010083466890864, -0.42424037980603907, 2.0665209509283966, 1.6823311797980094, 1.0045061261688621, 1.087404539385827, 1.041002856859474, 1.9351099701353278, -0.347446293669831]
X.shape (10, 5)
s1 and s2 score at iteration 83
S_1 [0.19320873397948088, 0.3282446406889123, 0.27194053537511687, -0.27941009776845244, 0.2611609295377864, 0.22767822701883603, 0.2569247268191053, -0.2114913150733556, -0.24996897096537335, -0.06508766079674155]
S_2 [0.2, 0.2, 0.2, 0, 0.25, 0.2, 0.2, 0.3333333333333333, 0.3333333333333333, 0.3333333333333333]
Trust scores at iteration 84: [1.1780681425293267, 0.4707058426823605, -0.22842754196600223, 1.1911971167552182, 1.19132050238018, 0.7312413661827409, 0.8160001661550661, 0.2354089900853275, 0.8261172207503942, -0.6026994338964156]
X.shape (10, 5)
s1 and s2 score at iteration 84
S_1 [-0.03340480550196126, 0.12723227528605202, -0.09239558591066406, 0.08997298758732447, 0.10840733030648224, -0.2675790017149987, 0.01232670161774382, -0.1414432211418142, -0.18994610018808553, -0.015118001635415941]
S_2 [0.3333333333333333, 0.5, 0.5, 0.5, 0.5, 0, 0.5, 0.3333333333333333, 0.5, 0.3333333333333333]
Trust scores at iteration 85: [0.5458827666742878, 0.32949408987765233, -0.6777581183451681, 0.7459845948070747, 0.7895371591776329, -0.11905350681300197, 0.30026515092345846, -0.36872158650261966, -0.16959038922620817, -0.6575362231126115]
X.shape (10, 5)
s1 and s2 score at iteration 85
S_1 [-0.11462712634652633, 0.005237207320116449, -0.032029203614885385, 0.03189165502685329, -0.09701528276162605, -0.12518492888045063, -0.23107377066510443, 0.08770734492734432, -0.28498011041479704, 0.03524358070009592]
S_2 [0, 0.5, 0.5, 0.5, 0.5, 0, 0.5, 0.5, 0.5, 0.5]
Trust scores at iteration 86: [-0.009960263077912479, -0.051440446991199595, -0.8839854879999016, 0.3312735412408402, -0.07916147439395083, -0.511528260171382, -0.8801943933942176, -0.25810511055183377, -1.3934780791602397, -0.6397258831696133]
X.shape (10, 5)
s1 and s2 score at iteration 86
S_1 [-0.2778377098857985, -0.1663726888984124, 0.004430481190937425, 0.07226219231351914, 0.07767018516826786, 0.019419165891064134, -0.2068640248360756, -0.28857368206710904, 0.023832125659659746, 0.07162967578224115]
S_2 [0.5, 0, 0.5, 0.25, 0.25, 0.25, 0.5, 0.5, 0.25, 0.25]
Trust scores at iteration 87: [-1.380116438737734, -0.678620488484676, -0.9016771701880926, 0.36100318237605644, 0.09458696792423445, -0.4330635264415742, -1.7151454676720448, -1.5952853738250248, -1.033383404569793, -0.3211395009350456]
X.shape (10, 5)
s1 and s2 score at iteration 87
S_1 [-0.013322407174206815, 0.07978521910919485, 0.06058094750801805, 0.14328676669951018, -0.1301858778801346, -0.07465505339802453, -0.16385591656997545, -0.11658590524571125, -0.20660122274624199, -0.008979526737762157]
S_2 [0.5, 0.5, 0.3333333333333333, 0.5, 0.5, 0.5, 0.3333333333333333, 0.3333333333333333, 0.5, 0.3333333333333333]
Trust scores at iteration 88: [-1.2939746771859406, -0.6079877521941486, -0.7043354793904539, 0.2527022276632395, -0.5063597461306928, -0.7594500125261261, -1.7436675277367493, -1.5607960755196868, -1.4559300792405627, -0.44359811690399376]
X.shape (10, 5)
s1 and s2 score at iteration 88
S_1 [-0.06574365006607365, 0.13771769164935138, 0.1541255504168304, -0.07587788000879059, -0.025393261361890948, -0.14186557068199726, 0.1209568032035727, -0.13533796369101522, -0.2199299636086736, -0.060233737740470444]
S_2 [0.5, 0.5, 0.5, 0, 0.3333333333333333, 0.3333333333333333, 0.5, 0.5, 0.3333333333333333, 0.5]
Trust scores at iteration 89: [-1.33374999233826, -0.4575287504703929, -0.49303483557331773, 0.029197916479788227, -0.6038789184995087, -1.0077513864778709, -1.2851290772215422, -1.655987871586625, -1.6472370470782394, -0.7277615482703899]
X.shape (10, 5)
s1 and s2 score at iteration 89
S_1 [-0.04326143392030944, -0.13712830685070818, 0.004954280920225719, -0.04758881205758506, -0.19724661908448254, -0.12907475416809058, -0.03698216486200496, -0.01605933750960442, -0.18974998848020763, -0.1709178502804243]
S_2 [0.5, 0, 0.25, 0.25, 0.5, 0.5, 0.25, 0.25, 0.5, 0]
Trust scores at iteration 90: [-3.853264531649861, -8.623895357250555, -0.1951243849013224, -3.01123971756155, -12.666726226212347, -8.821378855310162, -3.2889969676986217, -2.281643684393445, -12.943128256967832, -10.859139915066653]
X.shape (10, 5)
s1 and s2 score at iteration 90
S_1 [0.0390420889901805, -0.15688068228139537, 0.1248419812908097, 0.12359758156077302, -0.01464677559005561, 0.23913338014412114, 0.2134073218889578, 0.2625665441873164, -0.1602551710287449, 0.23309101825389142]
S_2 [0.3333333333333333, 0.5, 0.25, 0.25, 0.5, 0.25, 0.3333333333333333, 0.25, 0.5, 0.3333333333333333]
Trust scores at iteration 91: [-2.8526769501390072, -6.515973519042431, -0.14394667896090438, -2.1166492225117275, -9.183443288118987, -6.051739170377201, -2.2584656071169564, -1.4471505790754113, -9.543292130016672, -7.5350757185263175]
X.shape (10, 5)
s1 and s2 score at iteration 91
S_1 [0.3814628418905715, -0.16821968201128593, 0.38201203671614004, 0.2999453402078701, 0.04307492804723403, 0.43542847610215357, 0.3566731372958036, 0.2744593288888054, -0.6642032921977482, 0.3937847964740705]
S_2 [0.2, 0, 0.2, 0.25, 0.5, 0.2, 0.2, 0.3333333333333333, 0, 0.2]
Trust scores at iteration 92: [-1.8540549204302053, -4.6770808759155384, 0.042434651739014825, -1.4249991564358688, -6.698732687279545, -4.056217419264041, -1.4551865049361352, -1.0239093696416903, -7.137924969679163, -5.1232445208045085]
X.shape (10, 5)
s1 and s2 score at iteration 92
S_1 [-0.22816778376048552, 0.133287181440985, 0.13347647518974173, -0.2313168229447452, 0.11125649344095281, -0.20937293270471274, -0.23066126597795641, 0.025770560319508196, 0.039475251505623095, 0.04824445845531514]
S_2 [0.5, 0.2, 0.2, 0.5, 0.3333333333333333, 0.5, 0.5, 0.2, 0.2, 0.2]
Trust scores at iteration 93: [-2.1106654052382003, -3.0943820673233184, 0.2097042562173104, -1.8174041102006873, -4.63905422480558, -3.6099360901761695, -1.8370618327876183, -0.7788149805470145, -5.027823413842981, -3.5978375434623575]
X.shape (10, 5)
s1 and s2 score at iteration 93
S_1 [-0.14704977221018936, -0.15662888848906917, -0.025075500262187227, 0.06542034825145779, -0.16306201379815133, 0.05720209963678978, 0.0994130911764545, -0.09061968655779677, -0.19730472408381003, -0.038409971844869106]
S_2 [0.5, 0.3333333333333333, 0.25, 0.25, 0.3333333333333333, 0.25, 0.25, 0.3333333333333333, 0.3333333333333333, 0.3333333333333333]
Trust scores at iteration 94: [-2.22121953019047, -2.838728200259103, -0.07887763897020963, -1.2247631586388026, -3.939412024878985, -2.504335845620472, -1.1359432829513327, -1.0186345306613953, -4.314885068010736, -2.8343964831655395]
X.shape (10, 5)
s1 and s2 score at iteration 94
S_1 [0.10732818650762695, 0.08591496648568116, -0.09039791144254265, 0.2192846526437424, -0.2992085347434318, 0.1255319403997622, 0.07261858214582556, 0.2391471390400174, -0.4649316198904157, 0.15475739038251998]
S_2 [0.25, 0.5, 0.5, 0.25, 0.5, 0.25, 0.25, 0.3333333333333333, 0.5, 0.5]
Trust scores at iteration 95: [-1.5702149876787037, -2.1793330381511153, -0.468614714691549, -0.7322508625396364, -3.4329329052622013, -1.7455605669573582, -0.854063349420847, -0.6130441714629767, -3.9036566564728865, -2.0899409188060707]
X.shape (10, 5)
s1 and s2 score at iteration 95
S_1 [-0.09308789012077869, -0.1388194571141325, 0.058276856969774186, -0.07112557312465874, 0.01110136016283525, 0.10475121441355345, 0.018418019703700612, -0.31897361527443896, 0.17535816938785886, 0.1939075915147995]
S_2 [0.5, 0.5, 0.5, 0.5, 0.3333333333333333, 0.3333333333333333, 0.3333333333333333, 0.5, 0.3333333333333333, 0.5]
Trust scores at iteration 96: [-1.543169437812794, -2.0403046929394897, -0.5378685023144679, -0.9226160192700348, -2.585877800765461, -1.2598287866805127, -0.7693492977119727, -1.2226241547901306, -2.6612580028738977, -1.4629586431642494]
X.shape (10, 5)
s1 and s2 score at iteration 96
S_1 [0.05110053668322259, 0.09450723921417414, 0.16946427794201824, 0.12064249781376181, -0.11676982736630606, 0.1596589122514417, -0.1978360502041604, -0.22111375240354628, -0.04409100571934633, -0.09142079072992365]
S_2 [0.5, 0.3333333333333333, 0.5, 0, 0.5, 0.3333333333333333, 0.5, 0.5, 0.3333333333333333, 0.5]
Trust scores at iteration 97: [-1.2897561137764726, -1.4609085757197087, -0.3765079516201275, -0.43225965856514936, -2.3168302866397616, -0.7992384384694914, -1.1887706196591556, -1.547271177136038, -2.1409342300473053, -1.4859118673597]
X.shape (10, 5)
s1 and s2 score at iteration 97
S_1 [-0.008507949439272753, 0.07736935568786929, -0.004759521688701529, -0.1980867820183547, -0.1477034928337815, -0.10167901769792541, 0.10226309340661291, -0.25407605123307087, 0.09592294911419255, -0.14052815305860702]
S_2 [0, 0.3333333333333333, 0.5, 0.5, 0.5, 0, 0.3333333333333333, 0.5, 0.3333333333333333, 0.5]
Trust scores at iteration 98: [-0.9277882824152656, -0.9956645127705478, -0.5775181449985198, -1.183691060801546, -2.3550855959485633, -0.8577534567799228, -0.7321394337614089, -2.128449785548984, -1.417253469657044, -1.7523930562816057]
X.shape (10, 5)
s1 and s2 score at iteration 98
S_1 [0.11862008201941417, 0.2188521526368727, 0.35397343478093524, 0.3938895772634553, -0.12334208723319035, 0.13649349666387145, 0.07486622483864165, -0.48558648582093966, 0.39165304053701316, 0.20876364753300633]
S_2 [0.3333333333333333, 0.25, 0.25, 0.25, 0.5, 0.3333333333333333, 0.5, 0, 0.25, 0.3333333333333333]
Trust scores at iteration 99: [-0.7591066180770036, -0.6802797486596702, -0.2846642237427134, -0.6785837425610822, -2.0425015401615676, -0.6964692259708081, -0.7554768832381176, -1.859754404305516, -0.8437808529088867, -1.2676734854437062]
X.shape (10, 5)
s1 and s2 score at iteration 99
S_1 [-0.04503472804787388, -0.05823063377744976, -0.14159519523346198, -0.04265742828526306, -0.044721882759423535, -0.14974685416563924, -0.20142157520369752, -0.17428200485219117, -0.006486254522133423, -0.062006189990614434]
S_2 [0.3333333333333333, 0.3333333333333333, 0.3333333333333333, 0.5, 0.3333333333333333, 0.3333333333333333, 0.5, 0.3333333333333333, 0.3333333333333333, 0.3333333333333333]
Trust scores at iteration 100: [1.3515560275999898, 2.017067302388758, 6.1497470232656495, 1.1979679943549288, 0.4387099700996948, 6.238511230271575, 8.487247188871184, 6.559002906156172, -0.49064659703622066, 1.7805174063190383]
