Matplotlib created a temporary config/cache directory at /tmp/matplotlib-gadzsi79 because the default path (/users/raysuan/.config/matplotlib) is not a writable directory; it is highly recommended to set the MPLCONFIGDIR environment variable to a writable directory, in particular to speed up the import of Matplotlib and to better support multiprocessing.
Loaded dataset for Tower 2 without noise: 552960 chunks
Loaded dataset for Tower 3 without noise: 535674 chunks
Loaded dataset for Tower 4 without noise: 552958 chunks
Loaded dataset for Tower 5 without noise: 518399 chunks
Loaded dataset for Tower 6 without noise: 518400 chunks
Loaded dataset for Tower 7 with same noise: 518398 chunks
Loaded dataset for Tower 8 with same noise: 518398 chunks
Loaded dataset for Tower 9 with same noise: 518399 chunks
Loaded dataset for Tower 10 with random noise: 518399 chunks
Loaded dataset for Tower 11 with random noise: 518396 chunks
W, alpha, th 0.5 0.1 0.5
X.shape (10, 5)
s1 and s2 score at iteration 0
S_1 [-0.23644800833044707, 0.09262767953290613, 0.13136304836337995, 0.35664460235735335, -0.21665800316667794, 0.31109870123151484, 0.09983120307296116, 0.28183199340158643, 0.22131183124501463, 0.30940559292329084]
S_2 [0, 0.5, 0, 0.25, 0, 0.25, 0.3333333333333333, 0.25, 0.25, 0.25]
Trust scores at iteration 1: [-0.5966814192358819, -0.6662521428094266, 0.3314973582821261, 0.45, -0.5467409335824757, 0.33506398038184276, -0.34807390278224815, 0.26120884035495634, 0.10848496459491262, 0.3307913866924119]
X.shape (10, 5)
s1 and s2 score at iteration 1
S_1 [0.056546777769167694, -0.07207536617053481, -0.114551609551739, -0.030524557339044515, -0.13246235988832408, -0.13426905304243741, -0.09462351316748255, -0.016402226113766922, -0.04252486759366132, -0.14449597092374805]
S_2 [0.5, 0.5, 0.5, 0.5, 0.5, 0.5, 0.5, 0.5, 0.5, 0.5]
Trust scores at iteration 2: [-0.05966814192358819, -2.1137786350873657, -2.690056690140391, -1.340829656241161, -3.062948492054306, -3.0035233763459406, -2.440837710845291, -1.1349373775448708, -1.5659784129451209, -3.1667225292921373]
X.shape (10, 5)
s1 and s2 score at iteration 2
S_1 [0.26038753273556314, 0.05650805022177179, 0.07582527116225439, 0.14778155923535374, 0.35811319726935453, -0.05837312607891801, 0.30731310362760555, -0.413131090649817, 0.36550666763249656, 0.11588839953572647]
S_2 [0.25, 0.3333333333333333, 0, 0.3333333333333333, 0.25, 0.3333333333333333, 0.25, 0, 0.25, 0.3333333333333333]
Trust scores at iteration 3: [-0.03980537935463416, -0.9722360920904113, -0.08229842099566778, -0.6701952035394355, -0.09950005287497984, -1.3440865513257352, -0.16237584272756203, -1.1307610395884569, 0.06840215870548791, -0.9313161464107325]
X.shape (10, 5)
s1 and s2 score at iteration 3
S_1 [-0.10599550864155308, 0.17190673336861023, -0.3356889282479486, 0.033658865166877425, -0.12592371610039002, 0.055030236207422305, -0.037528020749355545, -0.2527415581716071, 0.10860080962259998, 0.13445477762781705]
S_2 [0, 0.25, 0, 0.25, 0.5, 0.3333333333333333, 0, 0.5, 0.25, 0.25]
Trust scores at iteration 4: [-0.5589091082599627, 0.3527763907909589, -1.765694657484862, -0.3408019978835811, -1.5692106536027726, -0.4463035203529976, -0.21271167235863492, -2.336278505034669, 0.1254085711935475, 0.16079252779238054]
X.shape (10, 5)
s1 and s2 score at iteration 4
S_1 [-0.11623178541032114, 0.038483913700062315, 0.02288692077554623, 0.09301188589638928, -0.21611228863968174, 0.07627698441300879, 0.28016176306620133, -0.28972379247424873, 0.27451568400633486, 0.22534493938308298]
S_2 [0, 0.25, 0.5, 0.25, 0, 0.5, 0.3333333333333333, 0.5, 0.25, 0.25]
Trust scores at iteration 5: [-0.429277363439697, -0.2910954892486559, -1.0030468391325038, -0.1852860446167625, -0.8511666242367525, -0.6995958932983796, 0.27872883276413657, -2.064345198842002, 0.4444032244236357, 0.28998405415233336]
X.shape (10, 5)
s1 and s2 score at iteration 5
S_1 [0.12132087924551133, -0.03623901170677271, 0.1725534743980518, -0.02320004211150792, 0.14798674754747568, -0.1370614220683717, -0.06511033089699715, 0.046339603255257135, -0.39617577952901734, 0.09181140722686919]
S_2 [0, 0.5, 0.3333333333333333, 0.5, 0.3333333333333333, 0.5, 0.5, 0.5, 0, 0.3333333333333333]
Trust scores at iteration 6: [0.5898546037500932, -1.1181240596431945, 0.19969531608674967, -1.0395347909392105, 0.08674883177950536, -1.6848410502326459, -1.2117279159060979, -0.8647376020144184, -2.0219231791907353, -0.0921340041613587]
X.shape (10, 5)
s1 and s2 score at iteration 6
S_1 [0.18397452379327306, 0.01481522614064277, -0.12556522983690802, 0.08883776960790064, -0.13586438035111997, -0.05116850629291056, 0.01918988880364097, -0.14823414179148062, 0.045397498108148096, -0.1332570390430943]
S_2 [0.3333333333333333, 0.5, 0.5, 0.3333333333333333, 0.5, 0.5, 0.3333333333333333, 0.5, 0.3333333333333333, 0.5]
Trust scores at iteration 7: [0.3589854603750094, -0.9393365910979024, -1.4942932724097875, -0.26936073767200214, -1.5559711764765276, -1.3187995004057604, -0.6272962071202312, -1.7116324662092497, -0.580108588852086, -1.5611043941580103]
X.shape (10, 5)
s1 and s2 score at iteration 7
S_1 [-0.31197753298957104, 0.09924136811896786, 0.13838056003968502, 0.0736224979533703, -0.037434436816955186, -0.33875896614375295, -0.14650142561132984, -0.00925073177246809, 0.13461490877776677, 0.16797596395036948]
S_2 [0.5, 0.3333333333333333, 0.3333333333333333, 0.3333333333333333, 0, 0.5, 0.5, 0.3333333333333333, 0.3333333333333333, 0.3333333333333333]
Trust scores at iteration 8: [-2.535648817569674, -0.16220739776527476, -0.007998820716163701, -0.23247339827625524, -0.35616743939448364, -2.846919806692085, -1.747670989401855, -0.8207278295494753, 0.06324362926159757, 0.143889560584199]
X.shape (10, 5)
s1 and s2 score at iteration 8
S_1 [-0.18280961273800245, 0.057614363770606546, -0.20368791155385807, -0.08606565217382342, -0.00762570802848592, -0.10022982027155412, 0.05671649856937284, -0.08602455945726722, -0.10580040886725744, 0.1063617460664008]
S_2 [0, 0.3333333333333333, 0.5, 0, 0.5, 0.3333333333333333, 0.3333333333333333, 0.3333333333333333, 0.3333333333333333, 0.3333333333333333]
Trust scores at iteration 9: [-1.8004429422345405, -0.12870592066877687, -2.6243436106977676, -0.751508108582625, -1.0001431124831983, -1.732805532585546, -0.2948497357881302, -1.4099858379287393, -1.4889257763587518, 0.31438895605841993]
X.shape (10, 5)
s1 and s2 score at iteration 9
S_1 [-0.08299808945522184, 0.03841100752395959, 0.20296106697338853, 0.013896373026928496, -0.0389759786449163, 0.08209056360709083, 0.11849507908013458, 0.2488299953568922, -0.2805719339439934, 0.2917883851303766]
S_2 [0.5, 0.3333333333333333, 0.3333333333333333, 0.5, 0, 0.3333333333333333, 0.3333333333333333, 0.3333333333333333, 0.5, 0.3333333333333333]
Trust scores at iteration 10: [-1.3360458498587926, -0.49439463985885146, -0.23641574763377066, -0.93228846142428, -0.22023287568758285, -0.5200781949351756, -0.26399554148757376, 0.026499394994524472, -1.9142962517292277, 0.33143889560584205]
X.shape (10, 5)
s1 and s2 score at iteration 10
S_1 [-0.06838709105682249, -0.009206699542000263, -0.237181138368335, -0.051152857343564076, -0.004108715987454165, -0.16467948220865905, -0.10987877284485649, 0.006054285203747635, -0.06826906598477685, -0.15508409234563922]
S_2 [0.3333333333333333, 0.3333333333333333, 0.3333333333333333, 0.3333333333333333, 0.5, 0.3333333333333333, 0.3333333333333333, 0, 0.5, 0]
Trust scores at iteration 11: [-10.899690238341202, -2.018061738779141, -35.881812828302394, -8.297358823486437, -1.5328046208332968, -25.13244258593786, -16.960432760770217, 0.9026499394994525, -11.23997025690037, -23.020887827458164]
X.shape (10, 5)
s1 and s2 score at iteration 11
S_1 [-0.1751772127958285, 0.010487043294947287, -0.2895090908208345, -0.13777971543449857, -0.007627315548877572, 0.03295171394817506, 0.04074839379809004, 0.06730364773666248, 0.0736400456478331, -0.135559147080043]
S_2 [0, 0.5, 0.5, 0.5, 0.5, 0.3333333333333333, 0, 0.3333333333333333, 0.3333333333333333, 0.5]
Trust scores at iteration 12: [-3.2309167938859833, -0.9736376090376737, -8.026448803532382, -3.413625983178552, -1.1464985465318123, -2.7105212253248596, -1.1980322537364867, 0.3128240028440229, -0.8239970256900371, -4.858839960705314]
X.shape (10, 5)
s1 and s2 score at iteration 12
S_1 [0.13647962062344338, 0.3388153406721433, -0.6236707926467084, 0.04683938292845443, 0.24271863542144376, 0.3296933718456559, 0.2870745954886258, 0.3644533462241685, 0.3187049683358848, -0.14041300819981983]
S_2 [0.5, 0.2, 0, 0.2, 0.5, 0.2, 0.2, 0.2, 0.25, 0.5]
Trust scores at iteration 13: [-0.8860618240349105, 0.37932441815707146, -2.3427698900349716, -0.5856949962163781, -0.4152678647703477, 0.1831097934856506, 0.22911367336390986, 0.5712824002844024, 0.2546268797740482, -1.7326271627586183]
X.shape (10, 5)
s1 and s2 score at iteration 13
S_1 [-0.02446346652499546, 0.11889686334515377, -0.23753838291942975, -0.18219512326943837, -0.09046524354470835, 0.03905651128974814, 0.185316561125745, 0.18505552800787375, 0.2510243380626018, 0.15064764532318053]
S_2 [0.5, 0.3333333333333333, 0.5, 0.5, 0.5, 0.3333333333333333, 0.3333333333333333, 0.3333333333333333, 0, 0.5]
Trust scores at iteration 14: [-1.0763152867972061, -0.13578547798236293, -1.9859256629028863, -1.6117954465877897, -1.2658727037638793, -0.44165933097247156, 0.08732863579892854, 0.12060962391541316, 0.9254626879774048, -0.5331442487308938]
X.shape (10, 5)
s1 and s2 score at iteration 14
S_1 [0.348645242711139, 0.2171363631423848, 0.23291496530615785, -0.09961784746567073, 0.33665976530195274, -0.40519823569878394, -0.44192578959307205, 0.312976740463877, 0.3243880494207563, 0.19544039402098667]
S_2 [0.16666666666666666, 0.16666666666666666, 0.16666666666666666, 0.3333333333333333, 0.16666666666666666, 0.3333333333333333, 0.3333333333333333, 0.25, 0.16666666666666666, 0.16666666666666666]
Trust scores at iteration 15: [0.34236847132027937, 0.09694172578558763, -0.047341084567877306, -1.3183351049122882, 0.2924731717383927, -1.9901529923012946, -2.0320634586096986, 0.14498555710877717, 0.47992825114868753, 0.0011994278073052186]
X.shape (10, 5)
s1 and s2 score at iteration 15
S_1 [0.07779930569517296, 0.005826598151978384, 0.057753604957802435, -0.1294925590070909, -0.08404899594996867, -0.15918083541433678, -0.19508256490525688, -0.26482287509134284, 0.022386506116695085, -0.06063936415896665]
S_2 [0.5, 0.5, 0.5, 0.5, 0, 0.5, 0.5, 0, 0.5, 0.5]
Trust scores at iteration 16: [0.03423684713202794, -0.8229024195128035, -0.2366273175597172, -2.529832780086416, -0.9430505160658875, -2.940455278581922, -3.3599656684011023, -3.049032480363604, -0.5930349986555992, -1.6013699645572999]
X.shape (10, 5)
s1 and s2 score at iteration 16
S_1 [-0.19937493915231502, 0.03012142549350442, -0.22000609043797031, -0.013678452971372913, -0.05223425314899157, -0.02439434945550586, -0.08895056830809712, -0.24966114887238713, -0.004063299361871183, -0.09623271624240443]
S_2 [0.5, 0.25, 0.5, 0.25, 0, 0.25, 0, 0.5, 0.25, 0]
Trust scores at iteration 17: [-6.853712881608287, 0.36770975804871964, -7.497238787672464, -1.111682649719664, -1.6550156442785768, -1.4729258564033925, -2.993756289883467, -8.664544692748303, -0.6307110815377048, -3.035480483663565]
X.shape (10, 5)
s1 and s2 score at iteration 17
S_1 [-0.11330853965565003, 0.02318711980240633, 0.16883090362086955, -0.18252305527710563, 0.13727869629205897, 0.1812072669446425, -0.09440143521701927, 0.22963177244614316, -0.2350087349170453, -0.013236461425797054]
S_2 [0.5, 0.5, 0.5, 0.5, 0.3333333333333333, 0.3333333333333333, 0, 0.5, 0.5, 0.3333333333333333]
Trust scores at iteration 18: [-2.029463517227268, -0.7723513220380361, -0.9880218344892936, -1.7265342093249954, -0.2274626626385587, -0.037083634531764484, -0.6693648982879328, -0.8664544692748303, -1.8841451353768408, -0.9554259533980364]
X.shape (10, 5)
s1 and s2 score at iteration 18
S_1 [0.12397904310633587, -0.08814723313727793, 0.13553982980089968, -0.2911434381456189, -0.17666373316152562, 0.0022541671897037263, 0.12829225164320426, 0.032677493683493965, -0.18486621794473382, -0.20105828329183667]
S_2 [0.3333333333333333, 0.3333333333333333, 0.3333333333333333, 0, 0, 0.3333333333333333, 0.3333333333333333, 0.3333333333333333, 0.5, 0.5]
Trust scores at iteration 19: [0.020288699993131543, -1.262542860124704, 0.20119781655107066, -2.105879209366518, -1.1958136965456494, -0.5887404350315938, 0.18493876077829752, -0.46966314468949283, -2.31594738261877, -2.3305926336087164]
X.shape (10, 5)
s1 and s2 score at iteration 19
S_1 [-0.02422469480609167, -0.20179027668427738, 0.13203825419015944, 0.13256357820601578, 0.05635024896020954, -0.03726619930347676, -0.2585467765126654, -0.10788751148000945, -0.10917297842883991, 0.1161839917174544]
S_2 [0.3333333333333333, 0.5, 0.3333333333333333, 0.3333333333333333, 0.3333333333333333, 0.3333333333333333, 0.5, 0.3333333333333333, 0, 0.5]
Trust scores at iteration 20: [-0.7624373100822163, -2.39624785041075, 0.31655325440328574, 0.08941207906334822, -0.337008533657542, -0.9118815424483488, -2.6368306407345807, -1.379435682345458, -0.9727913920913152, -0.3442634722333526]
X.shape (10, 5)
s1 and s2 score at iteration 20
S_1 [0.13735077450816563, 0.19594315595656178, 0.03577388800288916, 0.07649939021284136, 0.055348537442234, -0.23135992058716923, -0.20613812946365717, -0.2201493979142217, -0.02304947256268743, -0.011831375517230921]
S_2 [0.3333333333333333, 0.3333333333333333, 0, 0.5, 0.3333333333333333, 0.5, 0, 0.5, 0.5, 0.5]
Trust scores at iteration 21: [-0.045368432231503025, 0.06037521495892503, 0.19597083340192234, -0.5396841760452215, -0.37947567538069765, -2.053863334257823, -1.2105102987966752, -2.04912692473169, -1.103149258556487, -0.9887698526829923]
X.shape (10, 5)
s1 and s2 score at iteration 21
S_1 [0.04416236735708041, -0.21696016893434897, -0.00963734202777485, 0.07340529341305532, -0.025597408278955142, 0.08707860684262184, 0.12584536993889703, -0.19228513433811634, -0.13867270286069425, -0.22293382161723388]
S_2 [0.5, 0, 0.5, 0.25, 0.25, 0.25, 0.25, 0, 0.5, 0.5]
Trust scores at iteration 22: [-0.5887037645753564, -1.5455821537907124, -0.9493256575537219, 0.020999359150608993, -0.6710108575283598, -0.03263202632325013, 0.3289489701203325, -1.5800655565660684, -2.0020513134178044, -2.5932180369329685]
X.shape (10, 5)
s1 and s2 score at iteration 22
S_1 [0.22502584883991966, 0.08450597926062729, 0.31896012230484816, -0.5058222130939792, 0.11726457106294544, -0.36421188433402185, 0.3085669339676763, 0.3021182938724043, 0.2798609591692963, 0.0848369820153177]
S_2 [0.2, 0.25, 0.2, 0.5, 0, 0.5, 0.2, 0.2, 0.2, 0]
Trust scores at iteration 23: [0.2160781634805222, -0.36611028406722484, 0.44506743424462786, -2.3251630977675095, 0.26378075989613886, -1.9309487124445255, 0.5435687560641859, 0.3344713733093456, 0.22946995854809513, -0.019939892054791797]
X.shape (10, 5)
s1 and s2 score at iteration 23
S_1 [0.14062228712238037, 0.17060175123799434, -0.0753179297048876, -0.0256289806539852, 0.25469035130560175, 0.3378956011119017, 0.13753643688196152, 0.29892567646295387, 0.0053464515101570515, 0.15430648587867032]
S_2 [0.5, 0.3333333333333333, 0.3333333333333333, 0.3333333333333333, 0.3333333333333333, 0.3333333333333333, 0.3333333333333333, 0.3333333333333333, 0.3333333333333333, 0.3333333333333333]
Trust scores at iteration 24: [-0.5038384516895446, -0.18220565701703637, -0.7561059206982345, -0.9007802425201306, 0.10475718308882058, 0.10690512875554747, -0.17930869214161513, 0.22964900539716657, -0.5628124921547789, -0.1909917836904939]
X.shape (10, 5)
s1 and s2 score at iteration 24
S_1 [0.16962195415737866, -0.38657976739803357, 0.09639820832917756, -0.11073224723507367, 0.18459304943717147, 0.14855634920521846, 0.051424863161055795, -0.45355487943168415, 0.1906522086531687, 0.1356575170511776]
S_2 [0.3333333333333333, 0.5, 0.25, 0, 0.3333333333333333, 0.25, 0, 0.5, 0.25, 0.25]
Trust scores at iteration 25: [0.150339943031983, -2.743123582121323, -0.07054957751798474, -0.6128048429738687, 0.28187262300292654, 0.261971212581073, 0.22482727752803722, -3.018103353388069, 0.3937187507845221, 0.1712908082382766]
X.shape (10, 5)
s1 and s2 score at iteration 25
S_1 [-0.10052548548737757, -0.14521236555865136, -0.059290462477628286, -0.19073296601895365, -0.07176120019749382, 0.055299224942579, 0.020178336374318144, -0.1986157601446224, -0.05795686246153467, -0.10265931917888434]
S_2 [0.5, 0, 0.3333333333333333, 0.5, 0.3333333333333333, 0.5, 0.5, 0.5, 0, 0.3333333333333333]
Trust scores at iteration 26: [-2.5210275785775087, -2.637657036885149, -1.572012717743449, -4.065477145196421, -1.7397329073731085, 0.0261971212581073, -0.5491129816672898, -4.434300199632076, -0.9038814213202542, -2.2536608327225975]
X.shape (10, 5)
s1 and s2 score at iteration 26
S_1 [-0.19624686021483537, 0.12156931238743877, 0.052594030916107926, -0.06012554299740702, 0.0966421140869358, 0.08090199573493471, -0.2661135691768699, -0.19375765448914378, 0.01803831726769746, 0.042325484485249004]
S_2 [0.5, 0.25, 0.25, 0.5, 0.25, 0.25, 0.5, 0.5, 0.25, 0.5]
Trust scores at iteration 27: [-2.6049543922444025, 0.18623429631148508, -0.21783797856394413, -1.7516681781873924, 0.09148607125237876, 0.15155208026647785, -2.9249990411646865, -2.7778536061103276, -0.40684715862141085, -0.8120227296854374]
X.shape (10, 5)
s1 and s2 score at iteration 27
S_1 [0.34801028988106375, 0.19691049951627163, 0.22529635533828973, 0.31853858693084, 0.16429351967854952, 0.3206052689543942, 0.022886957935481417, 0.05798495650911595, -0.5035050715375265, -0.06835818160318384]
S_2 [0.25, 0.5, 0.25, 0.25, 0.3333333333333333, 0.25, 0.5, 0, 0, 0.5]
Trust scores at iteration 28: [0.18950456077555977, -0.37214033593103907, 0.11086196205420612, 0.19861551440980943, -0.16596692247238193, 0.3942822495217944, -1.1333112457898054, -0.12782870020297518, -1.3428145021355422, -1.1579854464312922]
X.shape (10, 5)
s1 and s2 score at iteration 28
S_1 [0.08512966291052308, 0.01998782523291797, -0.1915912376133385, -0.040649286085459035, 0.03191229539530211, 0.001197492187744424, -0.09089650198200942, -0.24657394376677377, -0.18551133718792434, -0.09548846432514124]
S_2 [0.3333333333333333, 0, 0.5, 0.3333333333333333, 0.3333333333333333, 0.5, 0.5, 0.5, 0, 0.5]
Trust scores at iteration 29: [0.318950456077556, 0.17409941573341167, -2.9144370815414002, -1.0098870958121593, -0.2792164551616098, -0.847911758173294, -1.97429877071888, -3.5195892616225457, -2.095527363340429, -2.0253129131301204]
X.shape (10, 5)
s1 and s2 score at iteration 29
S_1 [-0.04617481876160052, -0.06784619935636949, 0.2754181441719499, 0.16318339085420416, -0.19081445444940512, 0.19508693950808653, 0.3134809475325164, 0.1499942631750653, -0.08895956504361838, -0.06801437585753077]
S_2 [0.3333333333333333, 0.3333333333333333, 0.3333333333333333, 0.3333333333333333, 0, 0.3333333333333333, 0.3333333333333333, 0.3333333333333333, 0.5, 0.3333333333333333]
Trust scores at iteration 30: [-0.7006722992741208, -0.7773756742714585, -0.10072155516255041, -0.2324911727299535, -0.5757476309746593, -0.12469893755118815, 0.10257012292811205, -0.5213272149844765, -1.3649545691071552, -0.9977997398538225]
X.shape (10, 5)
s1 and s2 score at iteration 30
S_1 [-0.16750333405266504, 0.16862423733160933, 0.2817050806849233, 0.1458951161565374, 0.1594894550483113, 0.078757023224508, 0.11458740863417659, -0.3307121891145385, 0.07449837240689162, -0.2152632461180996]
S_2 [0, 0.25, 0.25, 0.25, 0.5, 0.5, 0.5, 0, 0.25, 0]
Trust scores at iteration 31: [-0.6052120000567454, 0.010988298749859196, 0.43992784448374495, -0.007138941973231623, -0.44803297849605533, -0.660854549332789, -0.5236556330878926, -1.1087021290484134, -0.34848578025460375, -0.7875095706090841]
X.shape (10, 5)
s1 and s2 score at iteration 31
S_1 [-0.049236612599056685, 0.09805135071770699, -0.11131628571399024, 0.05726260760933434, -0.14831118095632828, -0.10954947459071987, -0.16606906568681307, -0.10399266207167474, 0.01988991785048078, 0.08684181891918746]
S_2 [0.3333333333333333, 0.5, 0, 0.3333333333333333, 0, 0, 0.5, 0.5, 0.3333333333333333, 0.5]
Trust scores at iteration 32: [-1.1124573642175215, 0.0010988298749859196, -0.9777642480582567, -0.0751082144063765, -1.4061314374791032, -1.0716251686645535, -2.4766909094066536, -1.9654047010014477, -0.4522817297933534, -0.18164172342794105]
X.shape (10, 5)
s1 and s2 score at iteration 32
S_1 [0.09530436777102022, 0.056088347153640195, -0.1558487122725931, 0.19873362248856521, 0.10499721387074477, 0.29822420555130086, 0.14579172003501398, -0.21689592012996062, 0.1883113874612727, 0.2515654666797713]
S_2 [0.3333333333333333, 0.5, 0.3333333333333333, 0.3333333333333333, 0.5, 0.3333333333333333, 0.3333333333333333, 0.5, 0.5, 0.3333333333333333]
Trust scores at iteration 33: [-0.4236301458785383, -0.7306231309710459, -1.168106593968454, -0.007759839091416621, -0.7237458649534843, 0.1928374831335447, -0.4076895534348097, -1.7511027909422905, -0.3769300752382677, 0.14102611401659762]
X.shape (10, 5)
s1 and s2 score at iteration 33
S_1 [0.006092225731146341, 0.04980849968821784, -0.22401990772872946, -0.12507649200754742, -0.18364508475305089, -0.25669106643664036, -0.09866663733606545, 0.07526142754109572, 0.051270673600692554, -0.04326684768730853]
S_2 [0.3333333333333333, 0.5, 0.5, 0, 0.5, 0.5, 0.5, 0.3333333333333333, 0.3333333333333333, 0.5]
Trust scores at iteration 34: [-0.5695102487399331, -0.3774364900960941, -3.695711705298016, -1.496480310608574, -3.1684607049455473, -3.950309366523979, -2.1206558709081724, 0.124889720905771, -0.024582045531681876, -1.4032960639996912]
X.shape (10, 5)
s1 and s2 score at iteration 34
S_1 [-0.3196240197237109, 0.10345300333589033, -0.07734358583324935, -0.1714631290492318, -0.13154215128251348, -0.00772806661956819, 0.012337505739243887, 0.04255554809468351, -0.1758659652992377, 0.10069280145039018]
S_2 [0, 0.3333333333333333, 0.5, 0, 0.5, 0.5, 0.5, 0.3333333333333333, 0.5, 0.3333333333333333]
Trust scores at iteration 35: [-2.837552925984225, 0.26225635099039063, -1.9424296183789935, -1.6413090864994713, -2.3612104904416604, -1.3622620438540816, -1.004734192087543, -0.2172946779706679, -2.432422184964774, 0.13565773454861105]
X.shape (10, 5)
s1 and s2 score at iteration 35
S_1 [0.2694582030920377, -0.03030047060912961, -0.37989730846257264, 0.23264098017835227, -0.0014279781064404516, 0.375340725541155, 0.28920991150341496, 0.32012386704104895, 0.31016190235108265, -0.024299528667232406]
S_2 [0.25, 0.5, 0.5, 0.25, 0.5, 0.25, 0.25, 0.3333333333333333, 0.25, 0.5]
Trust scores at iteration 36: [-0.08764266404422852, -0.9464294798206089, -2.005168833586464, -0.05629940273317317, -1.1395450854152354, 0.31377379561459184, 0.14300027719814826, 0.1458703707804112, 0.05047060859818564, -0.9447001548399655]
X.shape (10, 5)
s1 and s2 score at iteration 36
S_1 [0.146410818482122, 0.161598113150242, -0.20016202532236346, -0.2624128369492571, -0.145331491263469, 0.05712955550949718, -0.22654177774458864, 0.04593562164997685, 0.1476736888148616, 0.16495470463009465]
S_2 [0.5, 0.3333333333333333, 0.3333333333333333, 0.3333333333333333, 0, 0.3333333333333333, 0.3333333333333333, 0.3333333333333333, 0.3333333333333333, 0.3333333333333333]
Trust scores at iteration 37: [-0.10994051094137629, 0.18704334378729653, -1.8926095471847435, -2.0373657236445046, -0.906889408036709, -0.256921295678829, -1.8217217058060087, -0.33478622525062457, 0.21076109145635943, 0.2055299845160035]
X.shape (10, 5)
s1 and s2 score at iteration 37
S_1 [-0.026974247936637066, 0.07478218106330384, -0.01384853609236011, -0.015743513989342026, -0.13667297693605754, -0.22380868578831267, 0.08724552759390553, -0.12860918683368922, 0.07612768802008332, -0.13985605523069303]
S_2 [0.5, 0, 0.5, 0.5, 0, 0.5, 0.5, 0.5, 0, 0.5]
Trust scores at iteration 38: [-1.1892527058640723, 0.790136003291864, -1.2321185065821956, -1.2661421761950542, -1.5005684227066982, -3.23443875262747, -0.18217217058060087, -2.260174343698119, 0.8063876443911522, -2.3221622120460927]
X.shape (10, 5)
s1 and s2 score at iteration 38
S_1 [0.00031629475703500966, 0.1119398280449281, -0.18523147841891136, -0.011240667805144532, -0.02738856378673601, -0.12067545939910818, -0.09034362303960744, 0.014967993046160557, 0.05325835007578264, -0.2557646226154639]
S_2 [0.3333333333333333, 0.5, 0.3333333333333333, 0.5, 0.3333333333333333, 0.3333333333333333, 0.3333333333333333, 0.3333333333333333, 0.3333333333333333, 0]
Trust scores at iteration 39: [-0.7163822500520425, 0.0790136003291864, -2.212479196237045, -1.1169895666022613, -0.9702618205932113, -1.8936786465329565, -1.3445829990656264, -0.70567426450057, -0.09116230131769285, -2.2885724294840193]
X.shape (10, 5)
s1 and s2 score at iteration 39
S_1 [-0.15169067558727192, -0.08050658651646897, -0.06819224049905273, -0.15666049183674902, -0.0498393607812415, -0.15253044064226437, -0.09148782573349824, -0.1569366108132081, -0.05633048065703845, -0.10392981738292527]
S_2 [0.3333333333333333, 0, 0.5, 0.3333333333333333, 0.5, 0.3333333333333333, 0.5, 0.5, 0.5, 0.5]
Trust scores at iteration 40: [2.06759449966346, 1.4616906287767701, 0.11016868538714847, 2.117278791909565, -0.09702618205932113, 1.9650293512457149, 0.6176303679549066, 1.8633964831562675, 0.10810051977518498, 0.7479091155767673]
X.shape (10, 5)
s1 and s2 score at iteration 40
S_1 [0.08403780255259197, 0.15608225440410262, 0.16717836361301497, -0.06637053957766999, 0.1864264265164437, 0.29001623638521135, 0.158871028190847, -0.4865946418420827, 0.26067092272921216, 0.09829051151340158]
S_2 [0.3333333333333333, 0.5, 0.5, 0, 0.3333333333333333, 0.3333333333333333, 0.5, 0, 0.3333333333333333, 0.5]
Trust scores at iteration 41: [-0.13244817771670345, -0.2694648522624772, -0.370182773498341, 0.005761874099563774, -0.031170236860419802, 0.49650293512457155, -0.34521654767906534, -1.3236971107166888, 0.21974348749966152, -0.5201866474071141]
X.shape (10, 5)
s1 and s2 score at iteration 41
S_1 [0.16866839794238528, 0.20698956548566755, -0.010325488876770872, 0.2143830226210802, 0.2182213527507631, -0.31168615020790613, -0.21458973992149266, 0.11552052334201852, 0.16124340942991428, -0.15703760470197092]
S_2 [0.3333333333333333, 0.3333333333333333, 0.5, 0.3333333333333333, 0.3333333333333333, 0.5, 0.5, 0.5, 0.3333333333333333, 0.5]
Trust scores at iteration 42: [0.08238627531170767, 0.22673078598867635, -0.9796032025734787, 0.2847459440668126, 0.29688297631395805, -2.135822148350291, -1.8195439658060184, -0.5559338825092731, 0.08698291302491834, -1.5996814275739861]
X.shape (10, 5)
s1 and s2 score at iteration 42
S_1 [0.047623427151081, 0.2025186700216766, 0.022318004093566508, 0.16150380832503247, 0.07902102727795547, -0.12665367251519546, 0.05712891459004029, -0.15249523737667553, -0.08926839099744524, -0.29452321433327655]
S_2 [0.5, 0.5, 0.3333333333333333, 0.3333333333333333, 0.5, 0.5, 0.3333333333333333, 0.5, 0.5, 0]
Trust scores at iteration 43: [-0.6801212089649644, 0.022673078598867635, -0.5987783352973444, 0.1462031251982933, -0.519139513935075, -1.676435532267319, -0.5280715169155668, -1.6332875170160328, -1.2880135372370762, -1.468839531610471]
X.shape (10, 5)
s1 and s2 score at iteration 43
S_1 [0.08659596635927927, 0.027405263853494774, -0.04016045916627734, -0.06710084567191266, 0.029472639477338396, -0.18649134515069837, -0.2683134692517237, -0.19219775856973517, -0.03461058302157037, 0.007269623769366684]
S_2 [0.5, 0.5, 0.5, 0, 0.5, 0.5, 0, 0, 0.5, 0.5]
Trust scores at iteration 44: [-0.06801212089649644, -0.6129072146367686, -1.3772692521980074, -0.6827650697757534, -0.6456020451373543, -3.0058655939539585, -2.8414142021015336, -2.160858082283709, -1.388512389110467, -0.9713300715254398]
X.shape (10, 5)
s1 and s2 score at iteration 44
S_1 [0.006015783659579283, -0.14563807783233784, -0.17756373150430804, -0.2430188540198327, -0.15996281374282317, 0.03173796970072128, 0.08387385903181564, -0.12492067980062756, -0.009242985964238571, 0.026655109659989726]
S_2 [0.5, 0.5, 0.5, 0, 0.5, 0.25, 0.25, 0.5, 0.25, 0.25]
Trust scores at iteration 45: [-0.8422494511939504, -2.524045452939476, -2.943056669178022, -2.67596585312873, -2.681025072476117, -0.4100254708706151, 0.16585857978984664, -2.456534585932966, -0.6880321692252129, -0.2611130365572857]
X.shape (10, 5)
s1 and s2 score at iteration 45
S_1 [-0.05724226736911972, 0.2699216039144956, -0.6092923491007833, -0.081125005820511, 0.387719405204912, 0.35045228110674786, 0.364033868270161, -0.0941500044705332, 0.36519420446965706, 0.30147268473537336]
S_2 [0.5, 0.2, 0, 0, 0.2, 0.2, 0.2, 0, 0.2, 0.2]
Trust scores at iteration 46: [-1.1170994928995872, 0.014155385062533776, -1.7086354807709205, -0.45590932967982667, 0.27189749275238834, 0.41249053260385204, 0.5016054186326235, -0.4642006937483102, 0.4189097930801243, 0.3136870882210952]
X.shape (10, 5)
s1 and s2 score at iteration 46
S_1 [-0.019399253570531863, -0.11639728639714801, -0.051230631417300616, -0.04424822033254596, -0.1767354361304361, -0.14206767465400358, -0.04254582146623972, -0.18203773135271792, -0.12225283809877811, -0.04393086700417624]
S_2 [0.3333333333333333, 0.5, 0.3333333333333333, 0, 0.3333333333333333, 0.3333333333333333, 0.3333333333333333, 0, 0.3333333333333333, 0.5]
Trust scores at iteration 47: [0.18829005071004132, 4.501497421891889, 1.6059066770211328, 2.0072405409081298, 7.62657185122441, 6.032271059531202, 1.424011709919618, 8.398954265352954, 5.113632620751163, 1.1694770391249762]
X.shape (10, 5)
s1 and s2 score at iteration 47
S_1 [0.18535839322700742, -0.2994470959288153, 0.2645740613254812, -0.4065515589590755, -0.09774944592218236, 0.1744129617523545, 0.22384511321509207, -0.0679565227738499, 0.11788771112925062, 0.13104111530083812]
S_2 [0.3333333333333333, 0.5, 0.3333333333333333, 0.5, 0.5, 0.3333333333333333, 0.3333333333333333, 0.5, 0.3333333333333333, 0.3333333333333333]
Trust scores at iteration 48: [0.04936154128618577, -1.4684776507826025, 0.4605906677021133, -2.0822399493722443, -0.4698565196951192, 0.5965266334680688, 0.3038537521115612, -0.29127187002453003, 0.3123811830488651, -0.03729051891287892]
X.shape (10, 5)
s1 and s2 score at iteration 48
S_1 [-0.1528167857985133, -0.14619780830944787, 0.12237525690055223, -0.11231341594387473, 0.04041595168363459, 0.10951578339879417, -0.21804373388686116, 0.13734482286217464, 0.11626097639116113, 0.10662845467041694]
S_2 [0.5, 0.5, 0.5, 0.5, 0.5, 0.25, 0.5, 0.25, 0.25, 0.25]
Trust scores at iteration 49: [-1.896449295664988, -2.004860049316607, -0.05203425108990134, -1.8441969442119344, -0.6821459895981624, 0.32729314665664244, -2.2984224706812295, 0.42087281299754703, 0.3430788384101211, 0.24499119983364692]
X.shape (10, 5)
s1 and s2 score at iteration 49
S_1 [0.151385445461301, 0.21823096732354474, -0.40797939364601626, 0.0965981640014548, -0.15258215486682575, 0.1268096742375321, 0.09432650489409099, 0.23492661264984666, 0.045683964552576124, -0.1331992124438576]
S_2 [0.3333333333333333, 0.3333333333333333, 0, 0.5, 0.5, 0.5, 0.5, 0.3333333333333333, 0.3333333333333333, 0]
Trust scores at iteration 50: [-0.20968977089639887, 0.03555325165070111, -1.568165790844417, -0.7143537124505209, -1.5527543317350967, -0.38146490315211273, -0.7684789538799883, 0.34208728129975474, -0.3906775972266418, -0.48578487827165423]
X.shape (10, 5)
s1 and s2 score at iteration 50
S_1 [-0.1381252057261909, 0.14665537747003385, -0.24346388649989598, 0.02870718466348155, 0.1205976590015046, -0.355521334973115, 0.27036362201209363, 0.15982205998061993, 0.1312917651445057, 0.1916146951227066]
S_2 [0.3333333333333333, 0.3333333333333333, 0.5, 0.3333333333333333, 0.3333333333333333, 0.5, 0.5, 0.3333333333333333, 0.3333333333333333, 0.5]
Trust scores at iteration 51: [-1.0807670972228698, -0.1082508906980742, -1.867271388866895, -0.5758734535400964, -0.35382389064128567, -2.1216237610165596, -0.07684789538799884, -0.03376757388848225, -0.2020171397070409, -0.31072186966600646]
X.shape (10, 5)
s1 and s2 score at iteration 51
S_1 [0.0626350610518341, 0.07380244775149729, 0.017596325002692197, -0.164606379082266, -0.016953629967395467, 0.12140793132248565, 0.09120000941793455, -0.26206148463343987, -0.22141601654033113, 0.02560857333593953]
S_2 [0.25, 0.3333333333333333, 0.3333333333333333, 0, 0.3333333333333333, 0.25, 0.25, 0.5, 0.5, 0.25]
Trust scores at iteration 52: [-0.09376145179308563, -0.0637257171192561, -0.6562851460949888, -1.2778185078513953, -0.7610600676510956, 0.23783762389834404, 0.21838313767197587, -2.8460450295597437, -2.5615641251049666, -0.2912351989602251]
X.shape (10, 5)
s1 and s2 score at iteration 52
S_1 [-0.1834437489676726, -0.24443956222133809, -0.09218838142197316, -0.012015295473701025, -0.044961230729321136, -0.07956272590906306, -0.032357081177805655, -0.08158765549522029, -0.04907254811803351, -0.12698551295633206]
S_2 [0.5, 0.5, 0.5, 0.5, 0.5, 0.5, 0.5, 0.5, 0.5, 0.5]
Trust scores at iteration 53: [12.831390732528645, 17.40325672377471, 5.93969840484736, -0.12778185078513954, 2.3916936237107866, 5.083391953040522, 1.5455301092595097, 4.926680076471871, 2.519599494025366, 8.582666007947813]
X.shape (10, 5)
s1 and s2 score at iteration 53
S_1 [-0.17177381435153874, 0.2666198858185283, -0.11094947689311635, 0.2032452655354238, -0.19857258688196083, 0.28730923332561065, -0.1376391942031678, 0.07194029374124351, 0.21574404666670946, 0.00896982716457888]
S_2 [0.3333333333333333, 0.25, 0, 0.25, 0.3333333333333333, 0.25, 0.3333333333333333, 0.5, 0.25, 0.3333333333333333]
Trust scores at iteration 54: [0.14505531197959187, 2.125516015754736, 0.24641912640574049, 0.17389031618950962, -0.9828619107806085, 0.9583391953040523, -0.876603598101166, -0.18197806405165906, 0.4777810490327875, 0.28636470385494983]
X.shape (10, 5)
s1 and s2 score at iteration 54
S_1 [0.009062466317334553, 0.29755389091645035, 0.32597673128217985, 0.10250598843852492, 0.1520673352853811, 0.2712535634554702, -0.1104819450294712, 0.21055129041338919, 0.11867189830863643, -0.2807505761778044]
S_2 [0.5, 0.3333333333333333, 0.25, 0.3333333333333333, 0.25, 0.25, 0.5, 0.25, 0.5, 0]
Trust scores at iteration 55: [-0.8604736041117305, 0.43407803621226704, 0.47464191264057404, -0.2995987753579461, -0.12843842704127623, 0.394746905281511, -1.2926936366805748, 0.11312025463157113, -0.5245767038044695, -0.7464971336793206]
X.shape (10, 5)
s1 and s2 score at iteration 55
S_1 [0.3041296478536661, -0.1814026836885424, 0.4418709032949897, 0.048604556349510365, 0.3251980080203729, 0.5227057300239045, 0.31899155797586576, 0.36799914574228937, 0.5057265995349596, 0.29770403896746994]
S_2 [0.3333333333333333, 0, 0.25, 0.3333333333333333, 0.3333333333333333, 0.25, 0.3333333333333333, 0.25, 0.25, 0.25]
Trust scores at iteration 56: [-0.4623938641011522, -0.26893316748735824, 0.1332819709874665, -0.8462720619984391, -0.35291463128157297, 0.2644746905281511, -0.48002648055455166, -0.03006333232579623, 0.14330749142607924, -0.23705989527186921]
X.shape (10, 5)
s1 and s2 score at iteration 56
S_1 [-0.20848665296171812, 0.0644338281449964, 0.020940151853867224, -0.3176851768694692, 0.03725939640130012, -0.2600012750654811, 0.07334530813870647, 0.04279440773479685, -0.058969015099699734, -0.08080606289394866]
S_2 [0, 0.3333333333333333, 0.3333333333333333, 0.5, 0.5, 0.5, 0.3333333333333333, 0.5, 0, 0]
Trust scores at iteration 57: [-2.6045214691671474, 0.1637563758100375, -0.3297209883673535, -4.882854188105939, -0.4780917101766319, -4.0639563004208, 0.25199735194454487, -0.3778879863510062, -0.7092617332744379, -1.01525484861739]
X.shape (10, 5)
s1 and s2 score at iteration 57
S_1 [-0.18458302721239644, -0.04220321509386779, -0.14341205952936376, -0.03488928310164793, -0.12758514570458604, -0.19493841050396418, -0.00411233453416221, -0.11662554880851037, -0.08325489980989115, -0.02272360575997859]
S_2 [0.5, 0.3333333333333333, 0.5, 0.3333333333333333, 0.5, 0.5, 0.3333333333333333, 0.5, 0.3333333333333333, 0.5]
Trust scores at iteration 58: [39.23624299330508, 8.652709225947284, 30.45330071146188, 6.54736643067597, 26.97468355914166, 41.35661439409508, 0.32519973519445455, 24.58615461007959, 17.5497242155075, 3.971621766191655]
X.shape (10, 5)
s1 and s2 score at iteration 58
S_1 [-0.07360492923279979, 0.19379016628540358, -0.20431519468154186, -0.07636886809842056, 0.1460879101194687, -0.0756103035480927, -0.1553573759811742, 0.04168255273527886, 0.15078956506319227, -0.21205650117541083]
S_2 [0.3333333333333333, 0.3333333333333333, 0.3333333333333333, 0.5, 0.3333333333333333, 0.3333333333333333, 0.3333333333333333, 0.3333333333333333, 0.3333333333333333, 0.5]
Trust scores at iteration 59: [2.981788397234431, 1.1652709225947284, 1.4964497500334344, -0.5999355397683152, 2.7759296092776964, 3.1845121809220363, -1.2889905193150315, 2.0521975099882046, 1.8552690937616914, -1.4876703085173353]
X.shape (10, 5)
s1 and s2 score at iteration 59
S_1 [0.17380335144838893, -0.02978700878724491, 0.15186407458785586, -0.18042685554056448, -0.09058838925302642, 0.24057905648545694, -0.2597163100845092, -0.06112814786850476, -0.07732369220790897, 0.21902877180429003]
S_2 [0.25, 0.5, 0.25, 0.5, 0, 0.25, 0.5, 0, 0.5, 0.25]
Trust scores at iteration 60: [0.4983726620315202, -0.8949053337386771, 0.2677645325647992, -1.6349657330132232, -0.061295849755766574, 0.7684512180922036, -2.000491020454284, -0.023459062050643686, -1.0037390142821727, 0.22061391403852681]
X.shape (10, 5)
s1 and s2 score at iteration 60
S_1 [-0.3212054475896553, -0.00859358657823576, -0.002508187532957574, 0.01719369236635361, -0.1903982875766538, 0.0657031153442677, 0.06564963747219524, 0.06559088081742061, 0.01617254997067452, -0.30593471054081994]
S_2 [0.3333333333333333, 0.5, 0.5, 0.5, 0.3333333333333333, 0.3333333333333333, 0.3333333333333333, 0.3333333333333333, 0.5, 0.3333333333333333]
Trust scores at iteration 61: [-4.950028726694719, -1.1072053156925872, -0.907580650936126, -0.8279777086533264, -3.214201636370909, 0.3768451218092204, 0.0992183590998609, 0.29611670742241575, -0.7788426255162455, -4.768626341499216]
X.shape (10, 5)
s1 and s2 score at iteration 61
S_1 [0.011908450540192992, 0.18621080731311188, 0.34696007408704244, -0.2020261808761634, -0.10681380857865858, 0.4158373540690455, 0.4125638483989597, 0.40656057546178537, 0.3663095569258219, 0.3027221206998173]
S_2 [0.5, 0.25, 0.25, 0, 0, 0.25, 0.25, 0.25, 0.5, 0.5]
Trust scores at iteration 62: [-1.369229321108267, -0.15770304181778694, 0.2101703053925318, -0.5200445958784534, -0.5525981152571633, 0.48768451218092207, 0.4528369622827168, 0.45953386708935523, -0.18507765677830096, -0.7216788081567471]
X.shape (10, 5)
s1 and s2 score at iteration 62
S_1 [-0.1902725870149863, -0.14151012798567503, 0.07200855500180231, -0.21431207965888194, -0.11563180273472905, 0.08799094861556266, 0.08799094861556268, 0.08799094861556268, -0.16325083721351064, -0.047260954417682986]
S_2 [0, 0.5, 0.5, 0, 0, 0.3333333333333333, 0.3333333333333333, 0.3333333333333333, 0, 0.5]
Trust scores at iteration 63: [-2.0830927485276036, -2.3631818526530486, -0.14245608207860824, -2.2440580142744864, -1.2379794446090886, 0.34876845121809197, 0.3452836962282717, 0.34595338670893555, -1.6882903490442887, -1.4555682719371734]
X.shape (10, 5)
s1 and s2 score at iteration 63
S_1 [-0.051020823971430346, -0.08019114464026761, -0.07579939360745706, -0.07040042692719578, -0.13432977685589698, 0.07036227382058988, 0.07036227382058986, 0.07036227382058988, 0.04548311148822973, -0.2593015760372428]
S_2 [0, 0, 0.5, 0.5, 0.5, 0.3333333333333333, 0.3333333333333333, 0.3333333333333333, 0.5, 0]
Trust scores at iteration 64: [-0.8609138466062426, -1.2620387348920195, -1.8837915103294682, -2.0248938157294436, -2.742002780742502, 0.33487684512180926, 0.334528369622827, 0.3345953386708936, -0.4870570409551921, -3.462269118620943]
X.shape (10, 5)
s1 and s2 score at iteration 64
S_1 [-0.2331363403312919, -0.08167181479981701, 0.05277961437450173, -0.3673752334568124, -0.1018599881542336, 0.13857946938940013, 0.13952179137484258, 0.14091053137280166, -0.1351782546818674, -0.028245711554844805]
S_2 [0.5, 0.5, 0.5, 0, 0.5, 0.3333333333333333, 0.3333333333333333, 0.3333333333333333, 0, 0.5]
Trust scores at iteration 65: [-2.4751405299160827, -1.5478443257941252, -0.7512740924239616, -2.5489265633076115, -1.8247832291545483, 0.31859911823808973, 0.32458291087523644, 0.3334595338670894, -0.9120934724079406, -1.4266331607896823]
X.shape (10, 5)
s1 and s2 score at iteration 65
S_1 [0.012668737937920017, 0.21446969882627506, 0.031980435865923536, -0.2160157609779805, -0.05418986561300399, -0.010732042774579472, -0.004593620497947574, 0.018424390239789843, 0.07666673864807244, 0.027886857478358715]
S_2 [0.5, 0.5, 0.5, 0.5, 0.5, 0.3333333333333333, 0.3333333333333333, 0.3333333333333333, 0.5, 0.5]
Trust scores at iteration 66: [-1.0943509991591702, -0.15478443257941255, -0.8409248042271044, -2.061380546900617, -1.3098805122159072, -0.613176000242004, -0.5868183641732349, -0.48933799074824974, -0.669485275444728, -0.9256389911142892]
X.shape (10, 5)
s1 and s2 score at iteration 66
S_1 [0.09090932942624735, -0.04813232077543717, 0.013057136419082904, 0.22043250391291455, 0.2207697721637224, 0.038346629230333, 0.03811981709553072, 0.037917618034410405, 0.1975199960054047, -0.44153308567264593]
S_2 [0.3333333333333333, 0.5, 0.25, 0.25, 0.25, 0.3333333333333333, 0.3333333333333333, 0.3333333333333333, 0.25, 0]
Trust scores at iteration 67: [-0.3388300316507459, -1.1116968307361335, -0.48086316980649174, 0.24248702236305067, 0.3190119487784093, -0.5049920035937902, -0.5032808725546846, -0.49435712901484186, 0.28827038744825484, -1.892537569468281]
X.shape (10, 5)
s1 and s2 score at iteration 67
S_1 [0.005074731457413236, -0.1075436075740828, 0.3616985112452178, 0.2691097079640287, 0.029555333839265355, 0.22975645512101212, 0.22995798559416514, 0.23060131448725263, 0.06597426404804334, 0.19685866904691351]
S_2 [0, 0.3333333333333333, 0.3333333333333333, 0.25, 0.3333333333333333, 0.25, 0.25, 0.25, 0, 0.3333333333333333]
Trust scores at iteration 68: [-0.021255750993236133, -1.2787661586119246, -0.04808631698064918, 0.018863670608194032, -0.7945574450436677, -0.1538053636968294, -0.1531327903430182, -0.15063964632651738, 0.19298817238848534, -0.5994181711373368]
X.shape (10, 5)
s1 and s2 score at iteration 68
S_1 [-0.20932173634628626, 0.14616226605313343, 0.2290722624306883, -0.48875469649944125, 0.17634917252147841, 0.3317468692428197, 0.32864288170846134, 0.3236669174213598, -0.02850887165149564, -0.005469649685490414]
S_2 [0.5, 0.25, 0.25, 0.5, 0.5, 0.25, 0.25, 0.25, 0.5, 0.5]
Trust scores at iteration 69: [-1.4699969860387505, -0.18135127788871586, 0.16664421473925434, -2.224062022003045, -0.5010359914209976, 0.43461946363031706, 0.4262658765209605, 0.41301583863448543, -0.95804323739729, -0.9747804943503177]
X.shape (10, 5)
s1 and s2 score at iteration 69
S_1 [-0.12029787454962183, 0.1688086224664975, -0.07081258752357233, -0.44183181502859054, 0.05590041413598528, 0.2580529634762212, 0.2565342884089598, 0.25365210365714563, 0.061778253573777836, -0.10336496720111847]
S_2 [0.5, 0.5, 0.5, 0, 0, 0.3333333333333333, 0.3333333333333333, 0.3333333333333333, 0.5, 0]
Trust scores at iteration 70: [-1.4665573182342972, -0.3293887008025858, -1.1303055335023435, -1.7633636404293511, 0.1448578229034281, 0.34346194636303173, 0.3373299712438866, 0.32595289813702805, -0.7803430189462909, -0.4579795109482956]
X.shape (10, 5)
s1 and s2 score at iteration 70
S_1 [-0.04608528890899834, -0.1785165697325506, -0.08050279473270809, 0.20225683187397736, 0.1456755773932528, 0.1947423052585592, 0.1960015948803054, 0.19825814124191068, -0.2463926928222355, -0.18506608074340924]
S_2 [0, 0.5, 0.5, 0.25, 0.5, 0.25, 0.25, 0.25, 0.5, 0.5]
Trust scores at iteration 71: [-0.3517254920574966, -1.727299739232026, -1.3712509140082176, 0.2736636359570649, -0.23728879837935446, 0.4509081451463839, 0.45589851933620434, 0.4648019646858655, -2.0744295212075796, -1.769302754991138]
X.shape (10, 5)
s1 and s2 score at iteration 71
S_1 [0.2736713881255482, 0.30579490486974825, 0.3106542850496479, 0.3605701271923152, -0.3157801479029812, 0.3921158360517649, 0.3927051047268002, 0.3862041163848282, -0.17160049468702152, -0.22504251155504512]
S_2 [0.25, 0.16666666666666666, 0.16666666666666666, 0.16666666666666666, 0, 0.16666666666666666, 0.16666666666666666, 0.16666666666666666, 0.5, 0.5]
Trust scores at iteration 72: [0.14202645164335823, 0.22808957507205985, 0.274831165799322, 0.5537195496558753, -0.7474325691760172, 0.6437403309045496, 0.6455898519336205, 0.6315812571949422, -1.5007162846020394, -1.5926818100773155]
X.shape (10, 5)
s1 and s2 score at iteration 72
S_1 [0.2818780975176398, 0.3682225903382268, -0.2913639939393693, 0.2968667615027043, 0.08868602816229766, 0.42871432226977785, 0.43290572308513625, 0.43881714516338427, -0.4340550865898684, 0.27304130283978306]
S_2 [0.3333333333333333, 0.2, 0.5, 0.3333333333333333, 0.2, 0.2, 0.2, 0.2, 0.5, 0.2]
Trust scores at iteration 73: [-0.007674347195614821, 0.4180217721318812, -1.4700951627459529, 0.06423623544613953, -0.2528510354631516, 0.5836534648436049, 0.592434846633456, 0.6031581257194942, -1.9403047978716486, 0.04073084196642712]
X.shape (10, 5)
s1 and s2 score at iteration 73
S_1 [-0.30775219777927343, -0.07100594940395234, 0.0320121077771207, -0.0038543180385903148, -0.011413920631229047, 0.13724349870891533, 0.137224425429982, 0.13711347662263046, -0.06386375398763966, -0.10835061107094421]
S_2 [0, 0.3333333333333333, 0.3333333333333333, 0.3333333333333333, 0, 0.25, 0.25, 0.25, 0, 0.25]
Trust scores at iteration 74: [-2.0189102291465417, -1.3238326620668588, -0.837084111643847, -0.9188517903537782, -0.10013403019670257, 0.2833653464843605, 0.28411840805715677, 0.28446316833920093, -0.6128290322109962, -1.3814563826356918]
X.shape (10, 5)
s1 and s2 score at iteration 74
S_1 [0.05336623147249572, 0.40742325082357583, 0.2709590388712625, 0.2995099608423235, 0.009965581666003785, 0.1481779902827022, 0.14601493537577265, 0.14224638700318432, -0.13113958535850193, 0.2430910039839959]
S_2 [0.3333333333333333, 0.25, 0.25, 0.25, 0.3333333333333333, 0.3333333333333333, 0.3333333333333333, 0.3333333333333333, 0, 0.25]
Trust scores at iteration 75: [-0.9840047505230863, 0.09261673379331412, -0.16015853829585053, -0.10526617665100796, -0.8879993832471776, -0.54433754326721, -0.5490404362242456, -0.5573307024106139, -0.3509709035599897, -0.276156393925292]
X.shape (10, 5)
s1 and s2 score at iteration 75
S_1 [0.38558967446735715, 0.13108744194828906, 0.32848096082901795, 0.4347901725702604, -0.716162110838535, 0.44739999669709246, 0.44936810030186286, 0.44061610260832873, 0.3997812620836585, 0.11391802472201351]
S_2 [0.25, 0.25, 0.25, 0.2, 0, 0.2, 0.2, 0.2, 0.2, 0]
Trust scores at iteration 76: [-0.22613669667662134, -0.6281947734084846, -0.25813011483848863, 0.14027652801963122, -1.5231382888255833, 0.12162450338426577, 0.1250959563775754, 0.10673832032073086, 0.04558977556437905, 0.20054079222987617]
X.shape (10, 5)
s1 and s2 score at iteration 76
S_1 [0.08240571984853594, 0.01855625961265485, -0.12821669051156545, 0.1465497232035949, 0.14770050257071132, 0.26639114992064683, 0.2619611897439771, 0.25397804937716956, 0.10502403883945984, -0.4365706074456436]
S_2 [0.25, 0.5, 0.5, 0.5, 0.25, 0.25, 0.25, 0.25, 0.5, 0.5]
Trust scores at iteration 77: [-0.19420671851416166, -0.9001273283848333, -1.3589918970991668, -0.39085548268311393, -0.10330906707557716, 0.46216245033842657, 0.44754301675482383, 0.4187362883394338, -0.5406182928458628, -2.354895620938302]
X.shape (10, 5)
s1 and s2 score at iteration 77
S_1 [-0.0010838556963870876, -0.0013023473790718294, -0.06302248068271764, 0.05923294752135561, -0.2136242183711499, 0.18271494412037134, 0.18397794766312806, 0.185933696728254, -0.3602317223850981, -0.1072673838617858]
S_2 [0.3333333333333333, 0.3333333333333333, 0.3333333333333333, 0.5, 0, 0.3333333333333333, 0.3333333333333333, 0.3333333333333333, 0, 0]
Trust scores at iteration 78: [-0.6246670050546658, -0.6963166608611575, -1.0409554200356317, -0.652372307434224, -1.0443650808090363, 0.3306360817924899, 0.3352876251688249, 0.34187362883394345, -1.7977401181125974, -0.7547103766872356]
X.shape (10, 5)
s1 and s2 score at iteration 78
S_1 [-0.017769497230795097, -0.07305520674001917, 0.03537308825365245, -0.14836011901177223, 0.14382868104660493, 0.18457371764112046, 0.18251834788767016, 0.18206222777400388, -0.4140885772924718, -0.2240397406639208]
S_2 [0, 0.5, 0.5, 0.5, 0.25, 0.25, 0.25, 0.25, 0.5, 0.5]
Trust scores at iteration 79: [-0.14911255513798263, -1.325856197434934, -0.8316128080848169, -1.6886560837472677, 0.1468865979185916, 0.483063608179249, 0.4735065729996185, 0.471941085844104, -3.098911537598391, -2.0679113329310383]
X.shape (10, 5)
s1 and s2 score at iteration 79
S_1 [0.2177982108742419, 0.06278609560857279, -0.07484179650402041, -0.4097440056486536, 0.1928218378907738, 0.23485673157124046, 0.241916120021763, 0.25126780449490954, 0.08170550245913889, -0.10148672153627834]
S_2 [0.25, 0.3333333333333333, 0.3333333333333333, 0, 0.3333333333333333, 0.25, 0.25, 0.25, 0.3333333333333333, 0.3333333333333333]
Trust scores at iteration 80: [0.0902061581789252, -0.8076961391301491, -1.2512323016422828, -1.6365013280606495, -0.1946551916795211, 0.21452459344827607, 0.2388544597160712, 0.2721941085844104, -0.9172354656941014, -1.4702998986371372]
X.shape (10, 5)
s1 and s2 score at iteration 80
S_1 [0.34370453257683403, 0.5582022740695767, 0.11610773432619707, -0.5276357381091826, 0.602860154075055, 0.5247555875427292, 0.5247555875427292, 0.5572112942532361, 0.5897696298585114, 0.4820499527093044]
S_2 [0.2, 0.14285714285714285, 0.3333333333333333, 0, 0.14285714285714285, 0.14285714285714285, 0.14285714285714285, 0.14285714285714285, 0.14285714285714285, 0.14285714285714285]
Trust scores at iteration 81: [-0.01786854541096684, 0.3668470864508958, -0.8517879049030938, -0.9513488405218575, 0.4948201951177621, 0.4191371519774477, 0.42157013860422726, 0.47335669376761075, 0.4030195396038774, 0.18690016352746028]
X.shape (10, 5)
s1 and s2 score at iteration 81
S_1 [0.16077066534571927, 0.02291308017776152, 0.12859637327163753, -0.00224833407889325, -0.3449095695083113, -0.22008560057553195, 0.07214116638140038, 0.12245705372734281, -0.22889525854060425, 0.11549809021565853]
S_2 [0.5, 0.5, 0.3333333333333333, 0.3333333333333333, 0, 0.5, 0.5, 0.3333333333333333, 0.5, 0.5]
Trust scores at iteration 82: [-0.001786854541096684, -0.735047039708128, 0.03470835867085707, -0.7077211395525446, -1.8813342266607442, -2.090133437757904, -0.4539941272470548, 0.13285468565756947, -2.141061982946582, -0.2347474968244025]
X.shape (10, 5)
s1 and s2 score at iteration 82
S_1 [-0.11817995437869182, -0.06757823544738048, -0.01701985099756207, -0.1703538959876407, -0.14052749767744213, -0.09291383526352003, -0.0759655035757317, -0.06496401342446032, -0.1777828131046428, -0.023997089559275406]
S_2 [0.5, 0.5, 0.5, 0.5, 0.5, 0.5, 0.5, 0.5, 0.5, 0.5]
Trust scores at iteration 83: [5.349109804560166, 2.599993789720722, 0.0034708358670857073, 8.037444609612892, 6.342880393366405, 3.80421719796903, 3.071613029273273, 2.5485453947771677, 8.286947419454265, 0.34547764046724333]
X.shape (10, 5)
s1 and s2 score at iteration 83
S_1 [0.19320873397948088, 0.3282446406889123, 0.27194053537511687, -0.27941009776845244, 0.2611609295377864, 0.22767822701883603, 0.2569247268191053, -0.2114913150733556, -0.24996897096537335, -0.06508766079674155]
S_2 [0.2, 0.2, 0.2, 0, 0.25, 0.2, 0.2, 0.3333333333333333, 0.3333333333333333, 0.3333333333333333]
Trust scores at iteration 84: [0.5246617791791305, 0.6199993789720721, 0.2059692552813838, 0.03764181427731084, 0.6753540689013612, 0.46468295339051524, 0.4716122686822892, -1.2250244896711957, -0.7566845330875789, -1.0439133209358769]
X.shape (10, 5)
s1 and s2 score at iteration 84
S_1 [-0.03340480550196126, 0.12723227528605202, -0.09239558591066406, 0.08997298758732447, 0.10840733030648224, -0.2675790017149987, 0.01232670161774382, -0.1414432211418142, -0.18994610018808553, -0.015118001635415941]
S_2 [0.3333333333333333, 0.5, 0.5, 0.5, 0.5, 0, 0.5, 0.3333333333333333, 0.5, 0.3333333333333333]
Trust scores at iteration 85: [-0.7838286213708092, 0.061999937897207216, -1.532979591378761, -0.25979597933700316, -0.06562617057534317, -1.8462990940837098, -0.7656436692870344, -1.7230260876541663, -2.31928578456321, -0.8113311902489495]
X.shape (10, 5)
s1 and s2 score at iteration 85
S_1 [-0.11462712634652633, 0.005237207320116449, -0.032029203614885385, 0.03189165502685329, -0.09701528276162605, -0.12518492888045063, -0.23107377066510443, 0.08770734492734432, -0.28498011041479704, 0.03524358070009592]
S_2 [0, 0.5, 0.5, 0.5, 0.5, 0, 0.5, 0.5, 0.5, 0.5]
Trust scores at iteration 86: [-1.2546174613868226, -0.8400589359269479, -1.381962374612728, -0.5987266233060367, -1.9020750745124153, -1.4692023256152127, -3.347704364050618, -0.17230260876541664, -4.056222998562003, -0.6194846999972509]
X.shape (10, 5)
s1 and s2 score at iteration 86
S_1 [-0.2778377098857985, -0.1663726888984124, 0.004430481190937425, 0.07226219231351914, 0.07767018516826786, 0.019419165891064134, -0.2068640248360756, -0.28857368206710904, 0.023832125659659746, 0.07162967578224115]
S_2 [0.5, 0, 0.5, 0.25, 0.25, 0.25, 0.5, 0.5, 0.25, 0.25]
Trust scores at iteration 87: [-4.244894509888267, -2.0118424203652037, -0.9868582232257571, 0.3274624481918013, 0.25979249254875847, -0.3719014655263418, -3.6317986132933395, -4.261065650192765, -0.5794685473290759, 0.318057381851326]
X.shape (10, 5)
s1 and s2 score at iteration 87
S_1 [-0.013322407174206815, 0.07978521910919485, 0.06058094750801805, 0.14328676669951018, -0.1301858778801346, -0.07465505339802453, -0.16385591656997545, -0.11658590524571125, -0.20660122274624199, -0.008979526737762157]
S_2 [0.5, 0.5, 0.3333333333333333, 0.5, 0.5, 0.5, 0.3333333333333333, 0.3333333333333333, 0.5, 0.3333333333333333]
Trust scores at iteration 88: [-1.4081689611974073, -0.6000444728011467, -0.31817020309894345, 0.032746244819180134, -1.6917326217780944, -1.4061067786037065, -1.9923769624282874, -1.7583955065457855, -2.2556319428580305, -0.6245956605632529]
X.shape (10, 5)
s1 and s2 score at iteration 88
S_1 [-0.06574365006607365, 0.13771769164935138, 0.1541255504168304, -0.07587788000879059, -0.025393261361890948, -0.14186557068199726, 0.1209568032035727, -0.13533796369101522, -0.2199299636086736, -0.060233737740470444]
S_2 [0.5, 0.5, 0.5, 0, 0.3333333333333333, 0.3333333333333333, 0.5, 0.5, 0.3333333333333333, 0.5]
Trust scores at iteration 89: [-1.424720051044046, -0.15581641908358124, -0.03181702030989435, -0.4398063041715202, -0.9174545508018807, -1.569019810989118, -0.39292311966028265, -1.8661314068231114, -2.1098211691153392, -1.3141881653691077]
X.shape (10, 5)
s1 and s2 score at iteration 89
S_1 [-0.04326143392030944, -0.13712830685070818, 0.004954280920225719, -0.04758881205758506, -0.19724661908448254, -0.12907475416809058, -0.03698216486200496, -0.01605933750960442, -0.18974998848020763, -0.1709178502804243]
S_2 [0.5, 0, 0.25, 0.25, 0.5, 0.5, 0.25, 0.25, 0.5, 0]
Trust scores at iteration 90: [-8.90139061614364, -24.926457337672197, 0.44681829796901057, -9.139015407709357, -36.82377840486826, -24.504760635425868, -7.207512152896655, -3.5539696635307325, -35.581169088950716, -31.180539310369042]
X.shape (10, 5)
s1 and s2 score at iteration 90
S_1 [0.0390420889901805, -0.15688068228139537, 0.1248419812908097, 0.12359758156077302, -0.01464677559005561, 0.23913338014412114, 0.2134073218889578, 0.2625665441873164, -0.1602551710287449, 0.23309101825389142]
S_2 [0.3333333333333333, 0.5, 0.25, 0.25, 0.5, 0.25, 0.3333333333333333, 0.25, 0.5, 0.3333333333333333]
Trust scores at iteration 91: [-1.3563143955666788, -3.930386040668347, 0.02260300120696494, -0.9402458014268628, -4.632582629797858, -2.0807979785228525, -0.5892544044734304, 0.09460303364692674, -5.0074239593126455, -2.9190872649758894]
X.shape (10, 5)
s1 and s2 score at iteration 91
S_1 [0.3814628418905715, -0.16821968201128593, 0.38201203671614004, 0.2999453402078701, 0.04307492804723403, 0.43542847610215357, 0.3566731372958036, 0.2744593288888054, -0.6642032921977482, 0.3937847964740705]
S_2 [0.2, 0, 0.2, 0.25, 0.5, 0.2, 0.2, 0.3333333333333333, 0, 0.2]
Trust scores at iteration 92: [0.2928253944446313, -0.7407368418243458, 0.43185228115564006, 0.07594131782433453, -1.2742254197685494, 0.3319202021477148, 0.3182928196898597, -0.023251589502014565, -1.873603831933743, 0.16201671999415135]
X.shape (10, 5)
s1 and s2 score at iteration 92
S_1 [-0.22816778376048552, 0.133287181440985, 0.13347647518974173, -0.2313168229447452, 0.11125649344095281, -0.20937293270471274, -0.23066126597795641, 0.025770560319508196, 0.039475251505623095, 0.04824445845531514]
S_2 [0.5, 0.2, 0.2, 0.5, 0.3333333333333333, 0.5, 0.5, 0.2, 0.2, 0.2]
Trust scores at iteration 93: [-2.409198343366706, 0.4646499532702411, 0.5831852281155641, -2.4521199703043037, 0.02275342689344856, -2.278559669859253, -2.423464556027984, -0.18856042434369535, -0.2811881883960753, -0.018497464698190406]
X.shape (10, 5)
s1 and s2 score at iteration 93
S_1 [-0.14704977221018936, -0.15662888848906917, -0.025075500262187227, 0.06542034825145779, -0.16306201379815133, 0.05720209963678978, 0.0994130911764545, -0.09061968655779677, -0.19730472408381003, -0.038409971844869106]
S_2 [0.5, 0.3333333333333333, 0.25, 0.25, 0.3333333333333333, 0.25, 0.25, 0.3333333333333333, 0.3333333333333333, 0.3333333333333333]
Trust scores at iteration 94: [-2.47218107390786, -1.9715172640713172, -0.6186933321554242, -0.10295284152539513, -2.0739468598558926, -0.15999771447738612, 0.20765354439720157, -1.439248175269825, -2.4143448538015564, -0.9495803546954859]
X.shape (10, 5)
s1 and s2 score at iteration 94
S_1 [0.10732818650762695, 0.08591496648568116, -0.09039791144254265, 0.2192846526437424, -0.2992085347434318, 0.1255319403997622, 0.07261858214582556, 0.2391471390400174, -0.4649316198904157, 0.15475739038251998]
S_2 [0.25, 0.5, 0.5, 0.25, 0.5, 0.25, 0.25, 0.3333333333333333, 0.5, 0.5]
Trust scores at iteration 95: [-0.2933020570269111, -0.7738216203163613, -1.3020704354527488, 0.3649547613700364, -2.2334281495263246, 0.006423803483177979, -0.15594379962502228, 0.15607518247301755, -2.8911458119762696, -0.4125481772401284]
X.shape (10, 5)
s1 and s2 score at iteration 95
S_1 [-0.09308789012077869, -0.1388194571141325, 0.058276856969774186, -0.07112557312465874, 0.01110136016283525, 0.10475121441355345, 0.018418019703700612, -0.31897361527443896, 0.17535816938785886, 0.1939075915147995]
S_2 [0.5, 0.5, 0.5, 0.5, 0.3333333333333333, 0.3333333333333333, 0.3333333333333333, 0.5, 0.3333333333333333, 0.5]
Trust scores at iteration 96: [-1.3613870450157957, -1.621696860732763, -0.7597216496364257, -1.193625770339864, -0.7718171161983927, -0.11316678908276795, -0.5301092393146416, -2.3648721860508393, -0.07520961122625996, -0.04125481772401284]
X.shape (10, 5)
s1 and s2 score at iteration 96
S_1 [0.05110053668322259, 0.09450723921417414, 0.16946427794201824, 0.12064249781376181, -0.11676982736630606, 0.1596589122514417, -0.1978360502041604, -0.22111375240354628, -0.04409100571934633, -0.09142079072992365]
S_2 [0.5, 0.3333333333333333, 0.5, 0, 0.5, 0.3333333333333333, 0.5, 0.5, 0.3333333333333333, 0.5]
Trust scores at iteration 97: [-0.7647512264241298, -0.26025555805947387, -0.07597216496364258, 0.5213520877376381, -1.5973291899316562, 0.23660845771232547, -2.003689257713788, -2.3107900249539233, -0.8416818452293565, -1.3896479332065774]
X.shape (10, 5)
s1 and s2 score at iteration 97
S_1 [-0.008507949439272753, 0.07736935568786929, -0.004759521688701529, -0.1980867820183547, -0.1477034928337815, -0.10167901769792541, 0.10226309340661291, -0.25407605123307087, 0.09592294911419255, -0.14052815305860702]
S_2 [0, 0.3333333333333333, 0.5, 0.5, 0.5, 0, 0.3333333333333333, 0.5, 0.3333333333333333, 0.5]
Trust scores at iteration 98: [-0.15135213095761738, 0.0548889148937971, -0.9494849530896559, -2.5911926906440605, -2.3596461048953548, -0.871198803782604, 0.09963107422862122, -3.367158887156663, 0.16003328960527285, -2.2757290407101047]
X.shape (10, 5)
s1 and s2 score at iteration 98
S_1 [0.11862008201941417, 0.2188521526368727, 0.35397343478093524, 0.3938895772634553, -0.12334208723319035, 0.13649349666387145, 0.07486622483864165, -0.48558648582093966, 0.39165304053701316, 0.20876364753300633]
S_2 [0.3333333333333333, 0.25, 0.25, 0.25, 0.5, 0.3333333333333333, 0.5, 0, 0.25, 0.3333333333333333]
Trust scores at iteration 99: [-0.3440996742547149, 0.05554512232851911, 0.2638469379597859, 0.19088073093559393, -1.4177894794822559, -0.3752452990528467, -0.718974731392532, -1.4462345519793482, 0.46089305651365936, -0.3505679422107574]
X.shape (10, 5)
s1 and s2 score at iteration 99
S_1 [-0.04503472804787388, -0.05823063377744976, -0.14159519523346198, -0.04265742828526306, -0.044721882759423535, -0.14974685416563924, -0.20142157520369752, -0.17428200485219117, -0.006486254522133423, -0.062006189990614434]
S_2 [0.3333333333333333, 0.3333333333333333, 0.3333333333333333, 0.5, 0.3333333333333333, 0.3333333333333333, 0.5, 0.3333333333333333, 0.3333333333333333, 0.3333333333333333]
Trust scores at iteration 100: [5.614382013336205, 7.485343891584433, 19.073420633452624, 5.038017915536618, 5.4636041966901505, 20.140594535448134, 26.976345548274338, 23.43786951231216, 0.346089305651366, 7.968609744167821]
