Matplotlib created a temporary config/cache directory at /tmp/matplotlib-lyv6wrya because the default path (/users/raysuan/.config/matplotlib) is not a writable directory; it is highly recommended to set the MPLCONFIGDIR environment variable to a writable directory, in particular to speed up the import of Matplotlib and to better support multiprocessing.
Loaded dataset for Tower 2 without noise: 552960 chunks
Loaded dataset for Tower 3 without noise: 535674 chunks
Loaded dataset for Tower 4 without noise: 552958 chunks
Loaded dataset for Tower 5 without noise: 518399 chunks
Loaded dataset for Tower 6 without noise: 518400 chunks
Loaded dataset for Tower 7 with same noise: 518398 chunks
Loaded dataset for Tower 8 with same noise: 518398 chunks
Loaded dataset for Tower 9 with same noise: 518399 chunks
Loaded dataset for Tower 10 with random noise: 518399 chunks
Loaded dataset for Tower 11 with random noise: 518396 chunks
W, alpha, th 0.5 0.5 0.2
X.shape (10, 5)
s1 and s2 score at iteration 0
S_1 [-0.23644800833044707, 0.09262767953290613, 0.13136304836337995, 0.35664460235735335, -0.21665800316667794, 0.31109870123151484, 0.09983120307296116, 0.28183199340158643, 0.22131183124501463, 0.30940559292329084]
S_2 [0.5, 0.25, 0.5, 0.2, 0.5, 0.2, 0.25, 0.2, 0.2, 0.2]
Trust scores at iteration 1: [-0.8314896773532677, -0.12014007933857027, -0.3158348009543744, 0.3, -0.8037449631013753, 0.2361466557676904, -0.11004105710124898, 0.19511602241942017, 0.11026942477495144, 0.2337729926068955]
X.shape (10, 5)
s1 and s2 score at iteration 1
S_1 [0.056546777769167694, -0.07207536617053481, -0.114551609551739, -0.030524557339044515, -0.13246235988832408, -0.13426905304243741, -0.09462351316748255, -0.016402226113766922, -0.04252486759366132, -0.14449597092374805]
S_2 [0.3333333333333333, 0.3333333333333333, 0.3333333333333333, 0.3333333333333333, 0.3333333333333333, 0.3333333333333333, 0.3333333333333333, 0.3333333333333333, 0.5, 0.3333333333333333]
Trust scores at iteration 2: [-0.24907817200996718, -1.0307108290061868, -1.5041431926819668, -0.4532386979117561, -1.9064693697151647, -1.4024987689962238, -1.2250373733101059, -0.3808076896682713, -0.8208802372817532, -1.4941144303417624]
X.shape (10, 5)
s1 and s2 score at iteration 2
S_1 [0.26038753273556314, 0.05650805022177179, 0.07582527116225439, 0.14778155923535374, 0.35811319726935453, -0.05837312607891801, 0.30731310362760555, -0.413131090649817, 0.36550666763249656, 0.11588839953572647]
S_2 [0.25, 0.25, 0.3333333333333333, 0.25, 0.25, 0.3333333333333333, 0.25, 0, 0.25, 0.25]
Trust scores at iteration 3: [-0.14333828887291433, -0.8130544303818016, -1.148345347441888, -0.39945948113105545, -0.8383486868962208, -1.281101725437635, -0.5671253931234046, -0.7555523458530077, -0.2854401186408766, -0.963526044882836]
X.shape (10, 5)
s1 and s2 score at iteration 3
S_1 [-0.10599550864155308, 0.17190673336861023, -0.3356889282479486, 0.033658865166877425, -0.12592371610039002, 0.055030236207422305, -0.037528020749355545, -0.2527415581716071, 0.10860080962259998, 0.13445477762781705]
S_2 [0.5, 0.2, 0.5, 0.2, 0.5, 0.2, 0.5, 0.5, 0.2, 0.2]
Trust scores at iteration 4: [-0.8799627946167345, -0.1065272151909008, -2.0505420156016636, -0.30183111697088194, -1.2854302591788185, -0.6804924545079419, -0.8927149677205238, -1.612888617968628, -0.026848750807661248, -0.2906940544228326]
X.shape (10, 5)
s1 and s2 score at iteration 4
S_1 [-0.11623178541032114, 0.038483913700062315, 0.02288692077554623, 0.09301188589638928, -0.21611228863968174, 0.07627698441300879, 0.28016176306620133, -0.28972379247424873, 0.27451568400633486, 0.22534493938308298]
S_2 [0.25, 0.25, 0.3333333333333333, 0.25, 0.5, 0.3333333333333333, 0.25, 0.3333333333333333, 0.25, 0.25]
Trust scores at iteration 5: [-0.8974183154270898, -0.23458201222197916, -1.3177584374586195, -0.2349188056123323, -1.5284071067430065, -0.5374493057334597, -0.19635748386026192, -1.656842835839056, 0.22649916198743658, 0.006822306884747775]
X.shape (10, 5)
s1 and s2 score at iteration 5
S_1 [0.12132087924551133, -0.03623901170677271, 0.1725534743980518, -0.02320004211150792, 0.14798674754747568, -0.1370614220683717, -0.06511033089699715, 0.046339603255257135, -0.39617577952901734, 0.09181140722686919]
S_2 [0.2, 0.5, 0.2, 0.5, 0.2, 0.5, 0.2, 0.25, 0.5, 0.2]
Trust scores at iteration 6: [-0.2971634132168433, -0.7222990676211722, -0.3588792187293098, -0.684685061960352, -0.5353893899252918, -1.1658810200349565, -0.4868458525870818, -0.9441453524363158, -1.534730142135781, 0.0694487036776005]
X.shape (10, 5)
s1 and s2 score at iteration 6
S_1 [0.18397452379327306, 0.01481522614064277, -0.12556522983690802, 0.08883776960790064, -0.13586438035111997, -0.05116850629291056, 0.01918988880364097, -0.14823414179148062, 0.045397498108148096, -0.1332570390430943]
S_2 [0.25, 0.5, 0.5, 0.25, 0.3333333333333333, 0.3333333333333333, 0.25, 0.5, 0.25, 0.3333333333333333]
Trust scores at iteration 7: [0.10141829339157835, -0.8208851922181322, -1.020696722708245, -0.35090211907910995, -0.9702758392151338, -1.0553379518966426, -0.4412692682544417, -1.3749386240002734, -0.8939852215862308, -0.6607706446844632]
X.shape (10, 5)
s1 and s2 score at iteration 7
S_1 [-0.31197753298957104, 0.09924136811896786, 0.13838056003968502, 0.0736224979533703, -0.037434436816955186, -0.33875896614375295, -0.14650142561132984, -0.00925073177246809, 0.13461490877776677, 0.16797596395036948]
S_2 [0.3333333333333333, 0.2, 0.2, 0.2, 0.3333333333333333, 0.3333333333333333, 0.3333333333333333, 0.2, 0.2, 0.2]
Trust scores at iteration 8: [-1.377928277530419, -0.4150391175843353, -0.398442524395892, -0.2563051287112523, -1.096565876133584, -2.036024451865826, -1.1567131722882384, -1.015005191404887, -0.3462956729337787, -0.13038532234223166]
X.shape (10, 5)
s1 and s2 score at iteration 8
S_1 [-0.18280961273800245, 0.057614363770606546, -0.20368791155385807, -0.08606565217382342, -0.00762570802848592, -0.10022982027155412, 0.05671649856937284, -0.08602455945726722, -0.10580040886725744, 0.1063617460664008]
S_2 [0.5, 0.3333333333333333, 0.5, 0.5, 0.25, 0.3333333333333333, 0.25, 0.25, 0.25, 0.3333333333333333]
Trust scores at iteration 9: [-2.0483408390305278, -0.2700113259545284, -1.6567455558791409, -1.0327418803306259, -0.8341309205910975, -1.8225197547753227, -0.5617358288374219, -1.1618987373545502, -0.920509024958507, 0.10147400549555086]
X.shape (10, 5)
s1 and s2 score at iteration 9
S_1 [-0.08299808945522184, 0.03841100752395959, 0.20296106697338853, 0.013896373026928496, -0.0389759786449163, 0.08209056360709083, 0.11849507908013458, 0.2488299953568922, -0.2805719339439934, 0.2917883851303766]
S_2 [0.3333333333333333, 0.25, 0.3333333333333333, 0.3333333333333333, 0.5, 0.3333333333333333, 0.25, 0.25, 0.3333333333333333, 0.25]
Trust scores at iteration 10: [-1.4997268393126741, -0.3191856895283608, -0.8139179926973448, -0.8258918571464338, -0.9838535516506948, -1.103925233874673, -0.32781822992357806, -0.404561602684276, -1.2743676647533382, 0.30073700274777543]
X.shape (10, 5)
s1 and s2 score at iteration 10
S_1 [-0.06838709105682249, -0.009206699542000263, -0.237181138368335, -0.051152857343564076, -0.004108715987454165, -0.16467948220865905, -0.10987877284485649, 0.006054285203747635, -0.06826906598477685, -0.15508409234563922]
S_2 [0.3333333333333333, 0.3333333333333333, 0.3333333333333333, 0.3333333333333333, 0.3333333333333333, 0.3333333333333333, 0.3333333333333333, 0.3333333333333333, 0.3333333333333333, 0.3333333333333333]
Trust scores at iteration 11: [-6.8976887826315165, -1.4199385529826558, -20.49483191498146, -5.137462582653222, -1.331249738750091, -14.652204153850859, -9.738372007529268, -0.202280801342138, -6.775261961114141, -13.157426896969861]
X.shape (10, 5)
s1 and s2 score at iteration 11
S_1 [-0.1751772127958285, 0.010487043294947287, -0.2895090908208345, -0.13777971543449857, -0.007627315548877572, 0.03295171394817506, 0.04074839379809004, 0.06730364773666248, 0.0736400456478331, -0.135559147080043]
S_2 [0, 0.3333333333333333, 0.5, 0.3333333333333333, 0.3333333333333333, 0.3333333333333333, 0.3333333333333333, 0.3333333333333333, 0.3333333333333333, 0.3333333333333333]
Trust scores at iteration 12: [-4.638259819122348, -0.9720978515800832, -12.713120135658588, -3.8375591251210044, -1.0507460274019802, -7.435700391776026, -4.925846546908781, 0.022503493158974153, -3.220964313890404, -7.832464102906874]
X.shape (10, 5)
s1 and s2 score at iteration 12
S_1 [0.13647962062344338, 0.3388153406721433, -0.6236707926467084, 0.04683938292845443, 0.24271863542144376, 0.3296933718456559, 0.2870745954886258, 0.3644533462241685, 0.3187049683358848, -0.14041300819981983]
S_2 [0.25, 0.16666666666666666, 0, 0.16666666666666666, 0.2, 0.16666666666666666, 0.16666666666666666, 0.16666666666666666, 0.16666666666666666, 0.3333333333333333]
Trust scores at iteration 13: [-2.5068911010313477, -0.27122215964513113, -7.212185073208035, -2.104519783615237, -0.4923830193216382, -3.5155380203223814, -2.3190805519335247, 0.2612517465794871, -1.4232451667546175, -4.60886714405793]
X.shape (10, 5)
s1 and s2 score at iteration 13
S_1 [-0.02446346652499546, 0.11889686334515377, -0.23753838291942975, -0.18219512326943837, -0.09046524354470835, 0.03905651128974814, 0.185316561125745, 0.18505552800787375, 0.2510243380626018, 0.15064764532318053]
S_2 [0.25, 0.25, 0.3333333333333333, 0.3333333333333333, 0.3333333333333333, 0.25, 0.25, 0.25, 0.25, 0.25]
Trust scores at iteration 14: [-1.6771728307344043, -0.2737877019326045, -4.579230688770345, -1.9151631956777029, -0.9263836859312882, -2.054974738117322, -1.1654195712653526, 0.12422664211583959, -0.5866225833773088, -2.379367756726205]
X.shape (10, 5)
s1 and s2 score at iteration 14
S_1 [0.348645242711139, 0.2171363631423848, 0.23291496530615785, -0.09961784746567073, 0.33665976530195274, -0.40519823569878394, -0.44192578959307205, 0.312976740463877, 0.3243880494207563, 0.19544039402098667]
S_2 [0.14285714285714285, 0.14285714285714285, 0.14285714285714285, 0.3333333333333333, 0.14285714285714285, 0.3333333333333333, 0.3333333333333333, 0.14285714285714285, 0.14285714285714285, 0.14285714285714285]
Trust scores at iteration 15: [-0.5528721296529164, -0.03977941326100323, -2.1698724577139914, -1.60044579797969, -0.19466620052092465, -2.108591290838687, -1.7164855201824492, 0.29667460383733657, -0.04238479355717589, -1.1236841189374864]
X.shape (10, 5)
s1 and s2 score at iteration 15
S_1 [0.07779930569517296, 0.005826598151978384, 0.057753604957802435, -0.1294925590070909, -0.08404899594996867, -0.15918083541433678, -0.19508256490525688, -0.26482287509134284, 0.022386506116695085, -0.06063936415896665]
S_2 [0.25, 0.25, 0.25, 0.3333333333333333, 0.3333333333333333, 0.5, 0.5, 0.3333333333333333, 0.25, 0.3333333333333333]
Trust scores at iteration 16: [-0.026436064826458217, -0.23244336890348066, -0.9637657894697342, -1.9657780487649492, -0.9708318965047549, -2.5773178561703394, -2.611997939280187, -1.8869577181227106, -0.12731896553995897, -1.2848920079898711]
X.shape (10, 5)
s1 and s2 score at iteration 16
S_1 [-0.19937493915231502, 0.03012142549350442, -0.22000609043797031, -0.013678452971372913, -0.05223425314899157, -0.02439434945550586, -0.08895056830809712, -0.24966114887238713, -0.004063299361871183, -0.09623271624240443]
S_2 [0.3333333333333333, 0.25, 0.3333333333333333, 0.25, 0.5, 0.25, 0.5, 0.3333333333333333, 0.25, 0.5]
Trust scores at iteration 17: [-3.6560716803696125, 0.13377831554825967, -4.467202925799585, -1.4599442308885981, -1.8524773886257042, -1.9435924439436143, -3.282532149108625, -5.421057439456878, -0.3811081392545044, -2.739859052443733]
X.shape (10, 5)
s1 and s2 score at iteration 17
S_1 [-0.11330853965565003, 0.02318711980240633, 0.16883090362086955, -0.18252305527710563, 0.13727869629205897, 0.1812072669446425, -0.09440143521701927, 0.22963177244614316, -0.2350087349170453, -0.013236461425797054]
S_2 [0.5, 0.25, 0.3333333333333333, 0.5, 0.25, 0.25, 0.5, 0.25, 0.5, 0.3333333333333333]
Trust scores at iteration 18: [-2.5747537452217166, -0.13262322991637465, -2.1993225494120408, -1.6273976400848706, -0.8773281933187971, -0.8272356935781545, -2.346815668609638, -2.460528719728439, -1.202261862528958, -1.7320839179061331]
X.shape (10, 5)
s1 and s2 score at iteration 18
S_1 [0.12397904310633587, -0.08814723313727793, 0.13553982980089968, -0.2911434381456189, -0.17666373316152562, 0.0022541671897037263, 0.12829225164320426, 0.032677493683493965, -0.18486621794473382, -0.20105828329183667]
S_2 [0.25, 0.3333333333333333, 0.25, 0.3333333333333333, 0, 0.25, 0.25, 0.25, 0.3333333333333333, 0.3333333333333333]
Trust scores at iteration 19: [-1.2050240661020482, -0.891482574914243, -0.9746612747060204, -2.3877131469502233, -1.0903682245937283, -0.7803023309993091, -1.0751438061897687, -1.4847186363986693, -1.7830936363095267, -2.107736424658018]
X.shape (10, 5)
s1 and s2 score at iteration 19
S_1 [-0.02422469480609167, -0.20179027668427738, 0.13203825419015944, 0.13256357820601578, 0.05635024896020954, -0.03726619930347676, -0.2585467765126654, -0.10788751148000945, -0.10917297842883991, 0.1161839917174544]
S_2 [0.25, 0.5, 0.25, 0.25, 0.25, 0.25, 0.5, 0.25, 0.25, 0.25]
Trust scores at iteration 20: [-0.9438821330963182, -1.7068488232339436, -0.23931204138179984, -0.9438565734751116, -0.5826436478540736, -0.780710887135871, -2.01275219021289, -1.3992867447973951, -1.5533227369488958, -0.8656483283692762]
X.shape (10, 5)
s1 and s2 score at iteration 20
S_1 [0.13735077450816563, 0.19594315595656178, 0.03577388800288916, 0.07649939021284136, 0.055348537442234, -0.23135992058716923, -0.20613812946365717, -0.2201493979142217, -0.02304947256268743, -0.011831375517230921]
S_2 [0.25, 0.25, 0.25, 0.25, 0.25, 0.3333333333333333, 0.3333333333333333, 0.3333333333333333, 0.3333333333333333, 0.25]
Trust scores at iteration 21: [-0.4964547894499821, -0.7284244116169718, -0.40336962737890336, -0.6517201667106427, -0.5250856139353388, -1.4807305435751512, -2.032391225508232, -1.761411903786, -1.3354781014452008, -0.8380150005511142]
X.shape (10, 5)
s1 and s2 score at iteration 21
S_1 [0.04416236735708041, -0.21696016893434897, -0.00963734202777485, 0.07340529341305532, -0.025597408278955142, 0.08707860684262184, 0.12584536993889703, -0.19228513433811634, -0.13867270286069425, -0.22293382161723388]
S_2 [0.3333333333333333, 0.5, 0.3333333333333333, 0.25, 0.25, 0.25, 0.25, 0.3333333333333333, 0.3333333333333333, 0.5]
Trust scores at iteration 22: [-0.4060979065873278, -1.7262231365232665, -0.5733085586305151, -0.2842113184913596, -0.6142446347400528, -0.6443906567306132, -0.7661956127541161, -1.9780130986112774, -1.552037043812687, -1.8047525289781512]
X.shape (10, 5)
s1 and s2 score at iteration 22
S_1 [0.22502584883991966, 0.08450597926062729, 0.31896012230484816, -0.5058222130939792, 0.11726457106294544, -0.36421188433402185, 0.3085669339676763, 0.3021182938724043, 0.2798609591692963, 0.0848369820153177]
S_2 [0.2, 0.2, 0.2, 0.5, 0.5, 0.5, 0.2, 0.2, 0.2, 0.25]
Trust scores at iteration 23: [-0.05029976443918732, -0.9306404953106076, 0.013345720684742435, -1.4350295668471078, -0.6232990697872626, -1.393131722705418, -0.09939010690363997, -0.7154076998801095, -0.5373101386341903, -1.019386313578795]
X.shape (10, 5)
s1 and s2 score at iteration 23
S_1 [0.14062228712238037, 0.17060175123799434, -0.0753179297048876, -0.0256289806539852, 0.25469035130560175, 0.3378956011119017, 0.13753643688196152, 0.29892567646295387, 0.0053464515101570515, 0.15430648587867032]
S_2 [0.25, 0.2, 0.25, 0.2, 0.2, 0.2, 0.25, 0.25, 0.25, 0.2]
Trust scores at iteration 24: [-0.3170644755738141, -0.6128728191054782, -0.6047786197257939, -1.1554391905032093, -0.33477225317184983, -0.5965658613527091, -0.34617592442294987, -0.41536947879214814, -0.7607436737668665, -0.6813585981699612]
X.shape (10, 5)
s1 and s2 score at iteration 24
S_1 [0.16962195415737866, -0.38657976739803357, 0.09639820832917756, -0.11073224723507367, 0.18459304943717147, 0.14855634920521846, 0.051424863161055795, -0.45355487943168415, 0.1906522086531687, 0.1356575170511776]
S_2 [0.25, 0.3333333333333333, 0.25, 0.3333333333333333, 0.25, 0.25, 0.5, 0.3333333333333333, 0.25, 0.25]
Trust scores at iteration 25: [0.036314311213613726, -1.653604752008083, -0.29957763511187546, -1.2014567167637467, 0.06672326491076644, -0.15868254195106662, -0.5382223251324756, -1.7305004360226215, -0.13037183688343323, -0.23490708430313284]
X.shape (10, 5)
s1 and s2 score at iteration 25
S_1 [-0.10052548548737757, -0.14521236555865136, -0.059290462477628286, -0.19073296601895365, -0.07176120019749382, 0.055299224942579, 0.020178336374318144, -0.1986157601446224, -0.05795686246153467, -0.10265931917888434]
S_2 [0.3333333333333333, 0.5, 0.25, 0.3333333333333333, 0.25, 0.25, 0.25, 0.3333333333333333, 0.3333333333333333, 0.25]
Trust scores at iteration 26: [-1.2240992737713636, -2.6397716419334953, -0.9358764619957437, -2.65861539221467, -0.8654829062520618, 0.1706587290244667, -0.33666433446628974, -2.9944112537297936, -0.9225488608854423, -1.2956701607884693]
X.shape (10, 5)
s1 and s2 score at iteration 26
S_1 [-0.19624686021483537, 0.12156931238743877, 0.052594030916107926, -0.06012554299740702, 0.0966421140869358, 0.08090199573493471, -0.2661135691768699, -0.19375765448914378, 0.01803831726769746, 0.042325484485249004]
S_2 [0.25, 0.2, 0.2, 0.25, 0.2, 0.2, 0.25, 0.25, 0.2, 0.3333333333333333]
Trust scores at iteration 27: [-1.794189433767155, -1.1198858209667477, -0.5516252903254271, -1.9515968425894183, -0.3352640297984256, 0.11806956903482614, -1.6378253577875657, -2.6691076191688525, -0.6870849951590464, -0.9737554395126666]
X.shape (10, 5)
s1 and s2 score at iteration 27
S_1 [0.34801028988106375, 0.19691049951627163, 0.22529635533828973, 0.31853858693084, 0.16429351967854952, 0.3206052689543942, 0.022886957935481417, 0.05798495650911595, -0.5035050715375265, -0.06835818160318384]
S_2 [0.2, 0.2, 0.2, 0.2, 0.25, 0.2, 0.25, 0.25, 0, 0.25]
Trust scores at iteration 28: [-0.7970947168835775, -0.6770338913512559, -0.35212055632349104, -0.9181415700566267, -0.4315850868978905, 0.1196609186813834, -1.2860300909345255, -1.751244553802172, -1.0669479343980794, -1.0850905939023048]
X.shape (10, 5)
s1 and s2 score at iteration 28
S_1 [0.08512966291052308, 0.01998782523291797, -0.1915912376133385, -0.040649286085459035, 0.03191229539530211, 0.001197492187744424, -0.09089650198200942, -0.24657394376677377, -0.18551133718792434, -0.09548846432514124]
S_2 [0.3333333333333333, 0.5, 0.5, 0.3333333333333333, 0.3333333333333333, 0.5, 0.5, 0.5, 0.5, 0.5]
Trust scores at iteration 29: [-0.23188069177512205, -0.7211205849386748, -1.8013509880210903, -1.0311533668356136, -0.36169241173470723, -0.433136197951238, -1.676885959989429, -2.8238480500134457, -2.1230550300473037, -1.6033866127772585]
X.shape (10, 5)
s1 and s2 score at iteration 29
S_1 [-0.04617481876160052, -0.06784619935636949, 0.2754181441719499, 0.16318339085420416, -0.19081445444940512, 0.19508693950808653, 0.3134809475325164, 0.1499942631750653, -0.08895956504361838, -0.06801437585753077]
S_2 [0.25, 0.25, 0.25, 0.25, 0, 0.25, 0.25, 0.25, 0.25, 0.25]
Trust scores at iteration 30: [-0.6895888708219367, -0.9687745234942261, -0.9613854090152176, -0.7553002740559944, -0.4851939755665194, -0.40540574438331833, -0.8384429799947145, -1.6726841854635128, -1.7034174221198253, -1.4101757778001907]
X.shape (10, 5)
s1 and s2 score at iteration 30
S_1 [-0.16750333405266504, 0.16862423733160933, 0.2817050806849233, 0.1458951161565374, 0.1594894550483113, 0.078757023224508, 0.11458740863417659, -0.3307121891145385, 0.07449837240689162, -0.2152632461180996]
S_2 [0, 0.25, 0.25, 0.25, 0.25, 0.25, 0.25, 0.5, 0.25, 0.5]
Trust scores at iteration 31: [-0.6420970854828201, -0.43509511387099914, -0.23069270450760881, -0.3687000396392396, -0.2095182185602538, -0.3129165697348092, -0.46583962631997056, -1.9233250969261817, -0.9694811129176284, -1.5871598870243742]
X.shape (10, 5)
s1 and s2 score at iteration 31
S_1 [-0.049236612599056685, 0.09805135071770699, -0.11131628571399024, 0.05726260760933434, -0.14831118095632828, -0.10954947459071987, -0.16606906568681307, -0.10399266207167474, 0.01988991785048078, 0.08684181891918746]
S_2 [0.3333333333333333, 0.3333333333333333, 0.3333333333333333, 0.3333333333333333, 0.3333333333333333, 0.5, 0.5, 0.5, 0.3333333333333333, 0.3333333333333333]
Trust scores at iteration 32: [-0.9054575228591027, -0.050880890268832885, -1.016322481424155, -0.2256801977135383, -1.1943858535187368, -1.215091459162557, -1.5797672276587986, -1.991959486294539, -0.7166478629965325, -0.6840748137160941]
X.shape (10, 5)
s1 and s2 score at iteration 32
S_1 [0.09530436777102022, 0.056088347153640195, -0.1558487122725931, 0.19873362248856521, 0.10499721387074477, 0.29822420555130086, 0.14579172003501398, -0.21689592012996062, 0.1883113874612727, 0.2515654666797713]
S_2 [0.25, 0.25, 0.3333333333333333, 0.25, 0.25, 0.25, 0.25, 0.25, 0.25, 0.25]
Trust scores at iteration 33: [-0.667942322238877, -0.3064032306669412, -1.26945577913576, -0.1546451086627575, -0.7961555496513539, -0.4825457295812785, -0.9204505374372574, -1.7346254769484615, -0.417602766086562, -0.2952650255472739]
X.shape (10, 5)
s1 and s2 score at iteration 33
S_1 [0.006092225731146341, 0.04980849968821784, -0.22401990772872946, -0.12507649200754742, -0.18364508475305089, -0.25669106643664036, -0.09866663733606545, 0.07526142754109572, 0.051270673600692554, -0.04326684768730853]
S_2 [0.25, 0.3333333333333333, 0.3333333333333333, 0.3333333333333333, 0.3333333333333333, 0.3333333333333333, 0.25, 0.25, 0.25, 0.3333333333333333]
Trust scores at iteration 34: [-0.6684974023150381, -0.3222983803329092, -2.6230062484018637, -1.40826940249773, -2.118125618409121, -2.4466023730336026, -1.4907179995879014, -0.7423127384742307, -0.24318418193653385, -0.9350762213299431]
X.shape (10, 5)
s1 and s2 score at iteration 34
S_1 [-0.3196240197237109, 0.10345300333589033, -0.07734358583324935, -0.1714631290492318, -0.13154215128251348, -0.00772806661956819, 0.012337505739243887, 0.04255554809468351, -0.1758659652992377, 0.10069280145039018]
S_2 [0.5, 0.3333333333333333, 0.5, 0.5, 0.5, 0.3333333333333333, 0.5, 0.3333333333333333, 0.5, 0.3333333333333333]
Trust scores at iteration 35: [-2.3790275351076478, 0.005517476500212087, -2.1853133730060383, -2.0328352876036506, -2.194820820286286, -1.593985134962181, -1.185730447014354, -0.4988139526044737, -1.4715720800858256, -0.31421181013798255]
X.shape (10, 5)
s1 and s2 score at iteration 35
S_1 [0.2694582030920377, -0.03030047060912961, -0.37989730846257264, 0.23264098017835227, -0.0014279781064404516, 0.375340725541155, 0.28920991150341496, 0.32012386704104895, 0.31016190235108265, -0.024299528667232406]
S_2 [0.16666666666666666, 0.5, 0.5, 0.16666666666666666, 0.5, 0.16666666666666666, 0.16666666666666666, 0.16666666666666666, 0.16666666666666666, 0.3333333333333333]
Trust scores at iteration 36: [-0.997228973912605, -0.5376052144830317, -2.0987266152522217, -0.8731779182925065, -1.599312652571515, -0.4636592341477571, -0.3742687255033422, 0.010370711796362064, -0.4892789138792111, -0.5228091985661172]
X.shape (10, 5)
s1 and s2 score at iteration 36
S_1 [0.146410818482122, 0.161598113150242, -0.20016202532236346, -0.2624128369492571, -0.145331491263469, 0.05712955550949718, -0.22654177774458864, 0.04593562164997685, 0.1476736888148616, 0.16495470463009465]
S_2 [0.25, 0.25, 0.3333333333333333, 0.3333333333333333, 0.25, 0.25, 0.3333333333333333, 0.25, 0.25, 0.25]
Trust scores at iteration 37: [-0.4298235116990544, -0.15397688959187283, -2.1560814541961646, -1.7319977276858018, -1.6151757148941939, -0.43366221442959424, -1.3738131035993508, -0.23057756761774434, -0.17202055105263842, -0.1364045992830586]
X.shape (10, 5)
s1 and s2 score at iteration 37
S_1 [-0.026974247936637066, 0.07478218106330384, -0.01384853609236011, -0.015743513989342026, -0.13667297693605754, -0.22380868578831267, 0.08724552759390553, -0.12860918683368922, 0.07612768802008332, -0.13985605523069303]
S_2 [0.25, 0.3333333333333333, 0.3333333333333333, 0.25, 0.5, 0.3333333333333333, 0.25, 0.25, 0.25, 0.3333333333333333]
Trust scores at iteration 38: [-0.6194998973883798, 0.018251371266916006, -1.490739367022372, -1.2062241993043474, -2.0908542362821123, -1.832801453359012, -0.4369065517996754, -1.102341962238348, 0.10027391072118977, -1.203044083251359]
X.shape (10, 5)
s1 and s2 score at iteration 38
S_1 [0.00031629475703500966, 0.1119398280449281, -0.18523147841891136, -0.011240667805144532, -0.02738856378673601, -0.12067545939910818, -0.09034362303960744, 0.014967993046160557, 0.05325835007578264, -0.2557646226154639]
S_2 [0.25, 0.25, 0.3333333333333333, 0.25, 0.25, 0.25, 0.25, 0.25, 0.25, 0.3333333333333333]
Trust scores at iteration 39: [-0.6833371595084318, 0.134125685633458, -2.072740431054978, -1.028320626864816, -1.5427632172091348, -1.8304200440518446, -0.9969898214595967, -0.8593136645251507, -0.08697474783763183, -2.2439421573364626]
X.shape (10, 5)
s1 and s2 score at iteration 39
S_1 [-0.15169067558727192, -0.08050658651646897, -0.06819224049905273, -0.15666049183674902, -0.0498393607812415, -0.15253044064226437, -0.09148782573349824, -0.1569366108132081, -0.05633048065703845, -0.10392981738292527]
S_2 [0.25, 0.25, 0.25, 0.25, 0.3333333333333333, 0.25, 0.25, 0.25, 0.3333333333333333, 0.25]
Trust scores at iteration 40: [0.8051273783950421, 0.4997235476744243, -0.7272498794103485, 0.682493991328587, -0.7713816086045674, 0.240010653473528, 0.04433212697101785, 0.7697675619631605, 0.02163304269615867, -0.45432310170980394]
X.shape (10, 5)
s1 and s2 score at iteration 40
S_1 [0.08403780255259197, 0.15608225440410262, 0.16717836361301497, -0.06637053957766999, 0.1864264265164437, 0.29001623638521135, 0.158871028190847, -0.4865946418420827, 0.26067092272921216, 0.09829051151340158]
S_2 [0.25, 0.25, 0.25, 0.3333333333333333, 0.25, 0.25, 0.3333333333333333, 0.5, 0.25, 0.25]
Trust scores at iteration 41: [0.2974483404847158, 0.2689540432037931, -0.3254025186146497, -0.10651189605314687, -0.3142839257769991, 0.370005326736764, -0.037267039000355495, -0.9540255295919283, 0.21022398552704766, -0.30770463916867463]
X.shape (10, 5)
s1 and s2 score at iteration 41
S_1 [0.16866839794238528, 0.20698956548566755, -0.010325488876770872, 0.2143830226210802, 0.2182213527507631, -0.31168615020790613, -0.21458973992149266, 0.11552052334201852, 0.16124340942991428, -0.15703760470197092]
S_2 [0.25, 0.25, 0.25, 0.25, 0.25, 0.5, 0.25, 0.25, 0.25, 0.3333333333333333]
Trust scores at iteration 42: [0.28518588862201233, 0.35874217227685434, -0.43635955109823843, 0.18794947233834666, 0.09285803711150045, -1.0291486932220337, -0.7603125811880177, -0.46232619337241093, 0.22456119513849726, -0.8469982989361565]
X.shape (10, 5)
s1 and s2 score at iteration 42
S_1 [0.047623427151081, 0.2025186700216766, 0.022318004093566508, 0.16150380832503247, 0.07902102727795547, -0.12665367251519546, 0.05712891459004029, -0.15249523737667553, -0.08926839099744524, -0.29452321433327655]
S_2 [0.3333333333333333, 0.25, 0.25, 0.25, 0.3333333333333333, 0.25, 0.25, 0.5, 0.3333333333333333, 0.5]
Trust scores at iteration 43: [-0.07316252040906887, 0.42937108613842717, -0.4130786727935617, 0.24271280883118002, -0.09180865453673355, -1.0772706340734002, -0.48911024633565603, -1.1076598348890418, -0.4414481960638447, -1.6506499210531185]
X.shape (10, 5)
s1 and s2 score at iteration 43
S_1 [0.08659596635927927, 0.027405263853494774, -0.04016045916627734, -0.06710084567191266, 0.029472639477338396, -0.18649134515069837, -0.2683134692517237, -0.19219775856973517, -0.03461058302157037, 0.007269623769366684]
S_2 [0.3333333333333333, 0.3333333333333333, 0.3333333333333333, 0.3333333333333333, 0.3333333333333333, 0.3333333333333333, 0.3333333333333333, 0.3333333333333333, 0.3333333333333333, 0.3333333333333333]
Trust scores at iteration 44: [-0.036581260204534435, -0.12707808054003936, -0.9384234578791546, -0.7660799190819559, -0.37573104601494833, -2.115425339662937, -2.2937812622844818, -2.1635684344345796, -0.9205635621356776, -1.2833505818401107]
X.shape (10, 5)
s1 and s2 score at iteration 44
S_1 [0.006015783659579283, -0.14563807783233784, -0.17756373150430804, -0.2430188540198327, -0.15996281374282317, 0.03173796970072128, 0.08387385903181564, -0.12492067980062756, -0.009242985964238571, 0.026655109659989726]
S_2 [0.2, 0.3333333333333333, 0.3333333333333333, 0.3333333333333333, 0.5, 0.2, 0.2, 0.3333333333333333, 0.2, 0.2]
Trust scores at iteration 45: [-0.1824285407157676, -1.2650694466454635, -1.8610615866941447, -2.1650895962916192, -1.6414571163199083, -1.0685120650954791, -0.8468906311422408, -2.159811315942065, -0.7153822979090423, -0.682775307256023]
X.shape (10, 5)
s1 and s2 score at iteration 45
S_1 [-0.05724226736911972, 0.2699216039144956, -0.6092923491007833, -0.081125005820511, 0.387719405204912, 0.35045228110674786, 0.364033868270161, -0.0941500044705332, 0.36519420446965706, 0.30147268473537336]
S_2 [0.3333333333333333, 0.16666666666666666, 0, 0.5, 0.16666666666666666, 0.16666666666666666, 0.16666666666666666, 0.3333333333333333, 0.16666666666666666, 0.16666666666666666]
Trust scores at iteration 46: [-0.49836679690243496, -0.45111253979135324, -1.7162695788210272, -1.6871629894607838, -0.4873952248266208, -0.24898209938612093, -0.12065667076354325, -1.53465412194604, -0.05340614339749583, -0.11927743591866494]
X.shape (10, 5)
s1 and s2 score at iteration 46
S_1 [-0.019399253570531863, -0.11639728639714801, -0.051230631417300616, -0.04424822033254596, -0.1767354361304361, -0.14206767465400358, -0.04254582146623972, -0.18203773135271792, -0.12225283809877811, -0.04393086700417624]
S_2 [0.25, 0.25, 0.25, 0.3333333333333333, 0.3333333333333333, 0.3333333333333333, 0.25, 0.5, 0.3333333333333333, 0.3333333333333333]
Trust scores at iteration 47: [0.0008166015487825196, 2.5244892208741208, 0.21229311342183355, -0.03645289813255159, 3.978181333114007, 3.2038545093462822, 0.7862556468717592, 3.424547569431305, 2.790931173547447, 0.739310354431149]
X.shape (10, 5)
s1 and s2 score at iteration 47
S_1 [0.18535839322700742, -0.2994470959288153, 0.2645740613254812, -0.4065515589590755, -0.09774944592218236, 0.1744129617523545, 0.22384511321509207, -0.0679565227738499, 0.11788771112925062, 0.13104111530083812]
S_2 [0.2, 0.5, 0.2, 0.5, 0.3333333333333333, 0.2, 0.2, 0.3333333333333333, 0.25, 0.2]
Trust scores at iteration 48: [0.1507041542272699, 0.19634050323050967, 0.40614655671091676, -1.2865397843235298, 1.4710274972139143, 1.731538103292557, 0.6161570351689903, 1.2505141755157494, 1.3682533206480283, 0.41730060897925414]
X.shape (10, 5)
s1 and s2 score at iteration 48
S_1 [-0.1528167857985133, -0.14619780830944787, 0.12237525690055223, -0.11231341594387473, 0.04041595168363459, 0.10951578339879417, -0.21804373388686116, 0.13734482286217464, 0.11626097639116113, 0.10662845467041694]
S_2 [0.3333333333333333, 0.5, 0.25, 0.5, 0.3333333333333333, 0.25, 0.5, 0.25, 0.25, 0.25]
Trust scores at iteration 49: [-0.8143065061050354, -0.9340587951838267, 0.39857699065539576, -1.552143752869937, 0.5493135610354847, 1.0144582090406316, -0.9857036190223858, 0.8752570877578747, 0.8573715048269223, 0.34682822211459086]
X.shape (10, 5)
s1 and s2 score at iteration 49
S_1 [0.151385445461301, 0.21823096732354474, -0.40797939364601626, 0.0965981640014548, -0.15258215486682575, 0.1268096742375321, 0.09432650489409099, 0.23492661264984666, 0.045683964552576124, -0.1331992124438576]
S_2 [0.25, 0.25, 0.5, 0.5, 0.5, 0.25, 0.3333333333333333, 0.25, 0.25, 0.5]
Trust scores at iteration 50: [-0.33495594268024, -0.2525631439350457, -1.1690239300808727, -1.0704796642290395, -0.5500875154685246, 0.527121205732662, -0.6254277577400069, 0.6876285438789373, 0.27591604070920894, -0.6100769990843817]
X.shape (10, 5)
s1 and s2 score at iteration 50
S_1 [-0.1381252057261909, 0.14665537747003385, -0.24346388649989598, 0.02870718466348155, 0.1205976590015046, -0.355521334973115, 0.27036362201209363, 0.15982205998061993, 0.1312917651445057, 0.1916146951227066]
S_2 [0.3333333333333333, 0.25, 0.5, 0.25, 0.25, 0.5, 0.25, 0.25, 0.25, 0.25]
Trust scores at iteration 51: [-0.7562547047474699, -0.10506280300260304, -1.5347646371417993, -0.7321498778339889, -0.3020151229941379, -0.8939267697455292, -0.06271387887000346, 0.3893829930403255, 0.13076392036328405, -0.2006737116748803]
X.shape (10, 5)
s1 and s2 score at iteration 51
S_1 [0.0626350610518341, 0.07380244775149729, 0.017596325002692197, -0.164606379082266, -0.016953629967395467, 0.12140793132248565, 0.09120000941793455, -0.26206148463343987, -0.22141601654033113, 0.02560857333593953]
S_2 [0.25, 0.25, 0.25, 0.3333333333333333, 0.25, 0.25, 0.25, 0.3333333333333333, 0.3333333333333333, 0.25]
Trust scores at iteration 52: [-0.49517443130195643, -0.12358730597321747, -1.0699145447977325, -1.5439811403044308, -0.595828494045384, -0.3219633848727646, -0.03076364654012631, -1.3845686546858902, -1.3464860460040593, -0.3698718625005648]
X.shape (10, 5)
s1 and s2 score at iteration 52
S_1 [-0.1834437489676726, -0.24443956222133809, -0.09218838142197316, -0.012015295473701025, -0.044961230729321136, -0.07956272590906306, -0.032357081177805655, -0.08158765549522029, -0.04907254811803351, -0.12698551295633206]
S_2 [0.5, 0.5, 0.3333333333333333, 0.3333333333333333, 0.3333333333333333, 0.3333333333333333, 0.3333333333333333, 0.3333333333333333, 0.3333333333333333, 0.3333333333333333]
Trust scores at iteration 53: [6.88617216085344, 9.610222622283745, 2.968002127299389, -0.6053239034855487, 1.239752214352806, 2.8165784134806655, 0.997780285336777, 2.3695404390058576, 1.035510258406783, 4.766058250885182]
X.shape (10, 5)
s1 and s2 score at iteration 53
S_1 [-0.17177381435153874, 0.2666198858185283, -0.11094947689311635, 0.2032452655354238, -0.19857258688196083, 0.28730923332561065, -0.1376391942031678, 0.07194029374124351, 0.21574404666670946, 0.00896982716457888]
S_2 [0.3333333333333333, 0.16666666666666666, 0.5, 0.16666666666666666, 0.3333333333333333, 0.16666666666666666, 0.3333333333333333, 0.16666666666666666, 0.16666666666666666, 0.16666666666666666]
Trust scores at iteration 54: [2.810817324163791, 5.1024392796847975, 0.7909173336058082, -0.11562389548276122, -0.0590301556856454, 1.7416225400736662, -0.0739746401244542, 1.1433001796702364, 0.7265446289979753, 2.2319725160315738]
X.shape (10, 5)
s1 and s2 score at iteration 54
S_1 [0.009062466317334553, 0.29755389091645035, 0.32597673128217985, 0.10250598843852492, 0.1520673352853811, 0.2712535634554702, -0.1104819450294712, 0.21055129041338919, 0.11867189830863643, -0.2807505761778044]
S_2 [0.5, 0.2, 0.2, 0.25, 0.2, 0.2, 0.5, 0.2, 0.3333333333333333, 0.5]
Trust scores at iteration 55: [0.9193091424654013, 2.8076232146406173, 0.6954586668029041, -0.15058295161743457, 0.0037336799553909783, 1.0868740398985586, -0.706450251656926, 0.6946045681888611, 0.2119640874391276, 0.18535647797977828]
X.shape (10, 5)
s1 and s2 score at iteration 55
S_1 [0.3041296478536661, -0.1814026836885424, 0.4418709032949897, 0.048604556349510365, 0.3251980080203729, 0.5227057300239045, 0.31899155797586576, 0.36799914574228937, 0.5057265995349596, 0.29770403896746994]
S_2 [0.25, 0.3333333333333333, 0.16666666666666666, 0.25, 0.16666666666666666, 0.16666666666666666, 0.2, 0.16666666666666666, 0.16666666666666666, 0.16666666666666666]
Trust scores at iteration 56: [0.37557318029382336, 0.730288845593317, 0.5204058776922349, -0.4037982449546308, 0.06293862410133699, 0.7934370199492793, -0.3480901907654042, 0.4493159742116787, 0.3397404669454117, 0.1274503601543685]
X.shape (10, 5)
s1 and s2 score at iteration 56
S_1 [-0.20848665296171812, 0.0644338281449964, 0.020940151853867224, -0.3176851768694692, 0.03725939640130012, -0.2600012750654811, 0.07334530813870647, 0.04279440773479685, -0.058969015099699734, -0.08080606289394866]
S_2 [0.5, 0.25, 0.25, 0.5, 0.3333333333333333, 0.5, 0.25, 0.3333333333333333, 0.3333333333333333, 0.25]
Trust scores at iteration 57: [-1.733481233606995, 0.554394251995977, 0.1529533913649507, -2.8675807790918126, -0.04786415853181736, -1.8757280286218134, 0.0759549046172979, 0.1830570687067135, -0.5654589234256528, -0.7371352971951508]
X.shape (10, 5)
s1 and s2 score at iteration 57
S_1 [-0.18458302721239644, -0.04220321509386779, -0.14341205952936376, -0.03488928310164793, -0.12758514570458604, -0.19493841050396418, -0.00411233453416221, -0.11662554880851037, -0.08325489980989115, -0.02272360575997859]
S_2 [0.5, 0.25, 0.3333333333333333, 0.25, 0.3333333333333333, 0.3333333333333333, 0.25, 0.5, 0.25, 0.5]
Trust scores at iteration 58: [21.075867794430835, 5.158493563979254, 17.17996159029282, 2.5582384157244067, 15.155230548600382, 22.430474887987515, 0.28797745230864896, 13.771497094750407, 9.589854087639921, 1.8942919353209766]
X.shape (10, 5)
s1 and s2 score at iteration 58
S_1 [-0.07360492923279979, 0.19379016628540358, -0.20431519468154186, -0.07636886809842056, 0.1460879101194687, -0.0756103035480927, -0.1553573759811742, 0.04168255273527886, 0.15078956506319227, -0.21205650117541083]
S_2 [0.25, 0.25, 0.3333333333333333, 0.25, 0.25, 0.3333333333333333, 0.3333333333333333, 0.25, 0.25, 0.3333333333333333]
Trust scores at iteration 59: [9.973025062717596, 2.704246781989627, 7.56282506119488, 0.7070791062866966, 7.579538192835486, 10.52015452261183, -0.7568504365314961, 6.618294130142006, 4.8089807506038165, -0.09998319074867879]
X.shape (10, 5)
s1 and s2 score at iteration 59
S_1 [0.17380335144838893, -0.02978700878724491, 0.15186407458785586, -0.18042685554056448, -0.09058838925302642, 0.24057905648545694, -0.2597163100845092, -0.06112814786850476, -0.07732369220790897, 0.21902877180429003]
S_2 [0.25, 0.3333333333333333, 0.25, 0.5, 0.3333333333333333, 0.25, 0.5, 0.5, 0.3333333333333333, 0.25]
Trust scores at iteration 60: [5.0977313215299525, 0.9568831543291747, 3.8470345070204712, -0.5214449907657582, 3.268164201593556, 5.510077261305915, -1.4181985341117374, 2.682103280043523, 1.910453751047274, 0.15522004067580525]
X.shape (10, 5)
s1 and s2 score at iteration 60
S_1 [-0.3212054475896553, -0.00859358657823576, -0.002508187532957574, 0.01719369236635361, -0.1903982875766538, 0.0657031153442677, 0.06564963747219524, 0.06559088081742061, 0.01617254997067452, -0.30593471054081994]
S_2 [0.3333333333333333, 0.25, 0.3333333333333333, 0.3333333333333333, 0.3333333333333333, 0.25, 0.25, 0.25, 0.3333333333333333, 0.3333333333333333]
Trust scores at iteration 61: [-0.39550433528939655, 0.03804447587640991, 1.4044299734032322, -0.6298786816895481, -0.3148468166450733, 2.8800386306529573, -0.5845062330862636, 1.4651975364814727, 0.5782998065858436, -2.750549831274913]
X.shape (10, 5)
s1 and s2 score at iteration 61
S_1 [0.011908450540192992, 0.18621080731311188, 0.34696007408704244, -0.2020261808761634, -0.10681380857865858, 0.4158373540690455, 0.4125638483989597, 0.40656057546178537, 0.3663095569258219, 0.3027221206998173]
S_2 [0.3333333333333333, 0.16666666666666666, 0.16666666666666666, 0.5, 0.5, 0.16666666666666666, 0.16666666666666666, 0.16666666666666666, 0.16666666666666666, 0.16666666666666666]
Trust scores at iteration 62: [-0.5167668612218065, 0.07625417668902262, 0.9527307480828074, -1.057854243629841, -0.7858556036670213, 1.7733526486598121, 0.03714417588616303, 1.0547777662113549, 0.5629313509447682, -1.1779505678634705]
X.shape (10, 5)
s1 and s2 score at iteration 62
S_1 [-0.1902725870149863, -0.14151012798567503, 0.07200855500180231, -0.21431207965888194, -0.11563180273472905, 0.08799094861556266, 0.08799094861556268, 0.08799094861556268, -0.16325083721351064, -0.047260954417682986]
S_2 [0.5, 0.3333333333333333, 0.25, 0, 0, 0.25, 0.25, 0.25, 0.3333333333333333, 0.3333333333333333]
Trust scores at iteration 63: [-1.8395888841757793, -1.0993237719173052, 0.6355469781425918, -1.7467346521963878, -1.0499942646576064, 1.1366763243299058, 0.2685720879430815, 0.7773888831056774, -0.9795246486200928, -1.1908643901103455]
X.shape (10, 5)
s1 and s2 score at iteration 63
S_1 [-0.051020823971430346, -0.08019114464026761, -0.07579939360745706, -0.07040042692719578, -0.13432977685589698, 0.07036227382058988, 0.07036227382058986, 0.07036227382058988, 0.04548311148822973, -0.2593015760372428]
S_2 [0.5, 0.5, 0.3333333333333333, 0.3333333333333333, 0.5, 0.3333333333333333, 0.3333333333333333, 0.3333333333333333, 0.3333333333333333, 0.5]
Trust scores at iteration 64: [-1.7823525375064908, -1.619506635751272, -0.5541964565518193, -1.706971778488191, -1.9795553747074661, 0.7350048288316195, 0.30095271063820733, 0.5553611082195054, -0.4998889943382482, -2.9380501347369643]
X.shape (10, 5)
s1 and s2 score at iteration 64
S_1 [-0.2331363403312919, -0.08167181479981701, 0.05277961437450173, -0.3673752334568124, -0.1018599881542336, 0.13857946938940013, 0.13952179137484258, 0.14091053137280166, -0.1351782546818674, -0.028245711554844805]
S_2 [0.5, 0.5, 0.25, 0.5, 0.5, 0.25, 0.25, 0.25, 0, 0.25]
Trust scores at iteration 65: [-2.2184257938951664, -1.5995535691561489, -0.3398176401598067, -2.6570621013189104, -1.8512126601761207, 0.6092309887079813, 0.395548618604078, 0.5276805541097527, -0.7296043684538026, -1.819250761217142]
X.shape (10, 5)
s1 and s2 score at iteration 65
S_1 [0.012668737937920017, 0.21446969882627506, 0.031980435865923536, -0.2160157609779805, -0.05418986561300399, -0.010732042774579472, -0.004593620497947574, 0.018424390239789843, 0.07666673864807244, 0.027886857478358715]
S_2 [0.3333333333333333, 0.3333333333333333, 0.25, 0.5, 0.3333333333333333, 0.25, 0.25, 0.25, 0.3333333333333333, 0.3333333333333333]
Trust scores at iteration 66: [-1.4130112003740065, -0.6331101179114078, -0.3453518172936301, -2.332135434309375, -1.3852742130327562, 0.029595543206316743, -0.06293494362060464, 0.056793641424343705, -0.5193999221179757, -1.1779452000726383]
X.shape (10, 5)
s1 and s2 score at iteration 66
S_1 [0.09090932942624735, -0.04813232077543717, 0.013057136419082904, 0.22043250391291455, 0.2207697721637224, 0.038346629230333, 0.03811981709553072, 0.037917618034410405, 0.1975199960054047, -0.44153308567264593]
S_2 [0.25, 0.3333333333333333, 0.25, 0.25, 0.25, 0.3333333333333333, 0.3333333333333333, 0.3333333333333333, 0.25, 0]
Trust scores at iteration 67: [-0.8756138955952415, -0.9255652742213661, -0.5181040694155824, -1.0418315632362918, -0.5676371065163781, -0.39835467482439146, -0.4451336029977252, -0.3857272514767264, -0.18735611939636138, -1.5889579724567924]
X.shape (10, 5)
s1 and s2 score at iteration 67
S_1 [0.005074731457413236, -0.1075436075740828, 0.3616985112452178, 0.2691097079640287, 0.029555333839265355, 0.22975645512101212, 0.22995798559416514, 0.23060131448725263, 0.06597426404804334, 0.19685866904691351]
S_2 [0.2, 0.25, 0.2, 0.2, 0.25, 0.2, 0.2, 0.2, 0.3333333333333333, 0.25]
Trust scores at iteration 68: [-0.7307918077021549, -0.9864473457430782, -0.059052034707791246, -0.4489074658559854, -0.6179622421034716, -0.181569650377446, -0.20468052543639026, -0.174088033196715, -0.5024774298961474, -0.8973481052231231]
X.shape (10, 5)
s1 and s2 score at iteration 68
S_1 [-0.20932173634628626, 0.14616226605313343, 0.2290722624306883, -0.48875469649944125, 0.17634917252147841, 0.3317468692428197, 0.32864288170846134, 0.3236669174213598, -0.02850887165149564, -0.005469649685490414]
S_2 [0.5, 0.2, 0.2, 0.5, 0.2, 0.2, 0.2, 0.2, 0.2, 0.5]
Trust scores at iteration 69: [-1.180880021039648, -0.47293181844238547, 0.11572556400017062, -1.4610917268523618, -0.24319236933875293, 0.209215174811277, 0.19298149036806167, 0.2007780963278298, -0.49420652307926183, -0.9569177621874415]
X.shape (10, 5)
s1 and s2 score at iteration 69
S_1 [-0.12029787454962183, 0.1688086224664975, -0.07081258752357233, -0.44183181502859054, 0.05590041413598528, 0.2580529634762212, 0.2565342884089598, 0.25365210365714563, 0.061778253573777836, -0.10336496720111847]
S_2 [0.5, 0.2, 0.3333333333333333, 0.5, 0.2, 0.2, 0.2, 0.2, 0.2, 0.5]
Trust scores at iteration 70: [-1.3235275769811696, -0.1093845608954784, -0.41267608187561955, -2.0866333291089845, -0.2132842835329721, 0.4046075874056385, 0.3935481805128033, 0.3918620005381257, -0.3274025366543875, -1.1787374708233118]
X.shape (10, 5)
s1 and s2 score at iteration 70
S_1 [-0.04608528890899834, -0.1785165697325506, -0.08050279473270809, 0.20225683187397736, 0.1456755773932528, 0.1947423052585592, 0.1960015948803054, 0.19825814124191068, -0.2463926928222355, -0.18506608074340924]
S_2 [0.25, 0.5, 0.3333333333333333, 0.25, 0.3333333333333333, 0.25, 0.25, 0.25, 0.3333333333333333, 0.5]
Trust scores at iteration 71: [-1.0256914330650664, -0.9960038744209433, -0.7386826857478006, -0.7933166645544922, -0.07985024213854007, 0.433727099541753, 0.4313104914851882, 0.43604581964248657, -1.1061430568343884, -1.5468714042429383]
X.shape (10, 5)
s1 and s2 score at iteration 71
S_1 [0.2736713881255482, 0.30579490486974825, 0.3106542850496479, 0.3605701271923152, -0.3157801479029812, 0.3921158360517649, 0.3927051047268002, 0.3862041163848282, -0.17160049468702152, -0.22504251155504512]
S_2 [0.14285714285714285, 0.14285714285714285, 0.14285714285714285, 0.14285714285714285, 0.5, 0.14285714285714285, 0.14285714285714285, 0.14285714285714285, 0.5, 0.5]
Trust scores at iteration 72: [-0.30725897002906055, -0.2515148861813576, -0.11666723173096333, -0.08043037176762846, -0.9419827262570932, 0.573256138241462, 0.5727981028854512, 0.5668885784787424, -1.271556713129017, -1.5599643324426924]
X.shape (10, 5)
s1 and s2 score at iteration 72
S_1 [0.2818780975176398, 0.3682225903382268, -0.2913639939393693, 0.2968667615027043, 0.08868602816229766, 0.42871432226977785, 0.43290572308513625, 0.43881714516338427, -0.4340550865898684, 0.27304130283978306]
S_2 [0.16666666666666666, 0.16666666666666666, 0.5, 0.16666666666666666, 0.2, 0.16666666666666666, 0.16666666666666666, 0.16666666666666666, 0.5, 0.2]
Trust scores at iteration 73: [0.000883297007719358, 0.1271385650341408, -0.8903215488243068, 0.13137608104982576, -0.5699401289871854, 0.6084499756502588, 0.6129967522427778, 0.6167776225727046, -1.6303523395708668, -0.6688715979023692]
X.shape (10, 5)
s1 and s2 score at iteration 73
S_1 [-0.30775219777927343, -0.07100594940395234, 0.0320121077771207, -0.0038543180385903148, -0.011413920631229047, 0.13724349870891533, 0.137224425429982, 0.13711347662263046, -0.06386375398763966, -0.10835061107094421]
S_2 [0.3333333333333333, 0.3333333333333333, 0.3333333333333333, 0.3333333333333333, 0.5, 0.2, 0.2, 0.2, 0.2, 0.2]
Trust scores at iteration 74: [-1.454082126177796, -0.5284500726385112, -0.6618688829506265, -0.2816871894186383, -0.8265528015215857, 0.6042249878251293, 0.6064288891179507, 0.6079151200459365, -1.2478420322431174, -0.9291743916358148]
X.shape (10, 5)
s1 and s2 score at iteration 74
S_1 [0.05336623147249572, 0.40742325082357583, 0.2709590388712625, 0.2995099608423235, 0.009965581666003785, 0.1481779902827022, 0.14601493537577265, 0.14224638700318432, -0.13113958535850193, 0.2430910039839959]
S_2 [0.2, 0.2, 0.2, 0.2, 0.25, 0.25, 0.25, 0.25, 0.3333333333333333, 0.2]
Trust scores at iteration 75: [-0.961548689538027, -0.06422503631925564, -0.29840673432612763, -0.07327748227355815, -0.7760463897760748, 0.10896022840387243, 0.1074076239867747, 0.10352588266489385, -1.2848587940876088, -0.46625983785219793]
X.shape (10, 5)
s1 and s2 score at iteration 75
S_1 [0.38558967446735715, 0.13108744194828906, 0.32848096082901795, 0.4347901725702604, -0.716162110838535, 0.44739999669709246, 0.44936810030186286, 0.44061610260832873, 0.3997812620836585, 0.11391802472201351]
S_2 [0.14285714285714285, 0.2, 0.14285714285714285, 0.14285714285714285, 0, 0.14285714285714285, 0.14285714285714285, 0.14285714285714285, 0.14285714285714285, 0.25]
Trust scores at iteration 76: [-0.3374531980523618, -0.28625498859730336, -0.06942557566007374, 0.16142649852934193, -1.1848778340551849, 0.26657597166042096, 0.26798952627910166, 0.25631053926360137, -0.48331764613565786, -0.6063763458025404]
X.shape (10, 5)
s1 and s2 score at iteration 76
S_1 [0.08240571984853594, 0.01855625961265485, -0.12821669051156545, 0.1465497232035949, 0.14770050257071132, 0.26639114992064683, 0.2619611897439771, 0.25397804937716956, 0.10502403883945984, -0.4365706074456436]
S_2 [0.2, 0.2, 0.3333333333333333, 0.5, 0.25, 0.2, 0.2, 0.2, 0.3333333333333333, 0.3333333333333333]
Trust scores at iteration 77: [-0.21405607060756954, -0.30829852265642105, -0.6087010576163246, -0.14422182600481628, -0.5652140493570473, 0.43328798583021044, 0.42567999709347654, 0.4048566342470011, -0.37786841773577373, -1.4559380063242089]
X.shape (10, 5)
s1 and s2 score at iteration 77
S_1 [-0.0010838556963870876, -0.0013023473790718294, -0.06302248068271764, 0.05923294752135561, -0.2136242183711499, 0.18271494412037134, 0.18397794766312806, 0.185933696728254, -0.3602317223850981, -0.1072673838617858]
S_2 [0.3333333333333333, 0.3333333333333333, 0.3333333333333333, 0.25, 0.5, 0.25, 0.25, 0.25, 0, 0.25]
Trust scores at iteration 78: [-0.44327599819447894, -0.4909847768963629, -0.8071595456557816, -0.1628257792056929, -1.3570704547349006, 0.45798834666990923, 0.45758073382081743, 0.4524283171235005, -1.157644369327893, -1.2664250112695519]
X.shape (10, 5)
s1 and s2 score at iteration 78
S_1 [-0.017769497230795097, -0.07305520674001917, 0.03537308825365245, -0.14836011901177223, 0.14382868104660493, 0.18457371764112046, 0.18251834788767016, 0.18206222777400388, -0.4140885772924718, -0.2240397406639208]
S_2 [0.2, 0.3333333333333333, 0.3333333333333333, 0.3333333333333333, 0.2, 0.2, 0.2, 0.2, 0.5, 0.5]
Trust scores at iteration 79: [-0.46977458500419284, -0.776728239197525, -0.6410893650952539, -0.8166455857160939, -0.48891127958995295, 0.5289941733349546, 0.523222483845262, 0.5194106713177, -2.200565254545686, -1.7401237807805063]
X.shape (10, 5)
s1 and s2 score at iteration 79
S_1 [0.2177982108742419, 0.06278609560857279, -0.07484179650402041, -0.4097440056486536, 0.1928218378907738, 0.23485673157124046, 0.241916120021763, 0.25126780449490954, 0.08170550245913889, -0.10148672153627834]
S_2 [0.2, 0.3333333333333333, 0.3333333333333333, 0.5, 0.2, 0.2, 0.2, 0.2, 0.3333333333333333, 0.3333333333333333]
Trust scores at iteration 80: [-0.0014887293394722778, -0.596758852591349, -0.8028063607886275, -1.7236759704613371, -0.06075777950129885, 0.5318405492398945, 0.543002243264914, 0.55970533565885, -1.271029467236322, -1.4053445378036051]
X.shape (10, 5)
s1 and s2 score at iteration 80
S_1 [0.34370453257683403, 0.5582022740695767, 0.11610773432619707, -0.5276357381091826, 0.602860154075055, 0.5247555875427292, 0.5247555875427292, 0.5572112942532361, 0.5897696298585114, 0.4820499527093044]
S_2 [0.125, 0.125, 0.25, 0, 0.125, 0.125, 0.125, 0.125, 0.125, 0.125]
Trust scores at iteration 81: [0.03431721242534204, -0.08541776736334317, -0.8051057774714612, -1.2994483784061088, 0.21962111024935058, 0.45114192925711716, 0.4567227762696269, 0.4919924281757891, -0.39637174923617596, -0.5528698027321027]
X.shape (10, 5)
s1 and s2 score at iteration 81
S_1 [0.16077066534571927, 0.02291308017776152, 0.12859637327163753, -0.00224833407889325, -0.3449095695083113, -0.22008560057553195, 0.07214116638140038, 0.12245705372734281, -0.22889525854060425, 0.11549809021565853]
S_2 [0.25, 0.3333333333333333, 0.25, 0.25, 0.5, 0.5, 0.25, 0.25, 0.5, 0.25]
Trust scores at iteration 82: [0.267158606212671, -0.30478207721123685, -0.2526155836461937, -0.9067165533699204, -1.4628651371933916, -0.9588996759023571, 0.20272186529732594, 0.376840112021677, -1.4100547284552936, -0.16723351979780054]
X.shape (10, 5)
s1 and s2 score at iteration 82
S_1 [-0.11817995437869182, -0.06757823544738048, -0.01701985099756207, -0.1703538959876407, -0.14052749767744213, -0.09291383526352003, -0.0759655035757317, -0.06496401342446032, -0.1777828131046428, -0.023997089559275406]
S_2 [0.25, 0.25, 0.25, 0.3333333333333333, 0.3333333333333333, 0.25, 0.3333333333333333, 0.3333333333333333, 0.3333333333333333, 0.3333333333333333]
Trust scores at iteration 83: [3.2304062420031556, 1.4578859023341233, -0.0013077918230968433, 4.051206569741788, 2.896908440310237, 1.8751226852403886, 1.8330345115364284, 1.5968977927949555, 4.017780201188422, 0.12135679018425727]
X.shape (10, 5)
s1 and s2 score at iteration 83
S_1 [0.19320873397948088, 0.3282446406889123, 0.27194053537511687, -0.27941009776845244, 0.2611609295377864, 0.22767822701883603, 0.2569247268191053, -0.2114913150733556, -0.24996897096537335, -0.06508766079674155]
S_2 [0.16666666666666666, 0.16666666666666666, 0.16666666666666666, 0.3333333333333333, 0.16666666666666666, 0.16666666666666666, 0.16666666666666666, 0.3333333333333333, 0.3333333333333333, 0.3333333333333333]
Trust scores at iteration 84: [1.6595091202921965, 0.9789429511670616, 0.16358064391882676, 1.0999907033797947, 1.5962686810244078, 1.03437313906109, 1.0578789034098597, -0.0237061197963625, 1.1281238366869857, -0.5384666521204275]
X.shape (10, 5)
s1 and s2 score at iteration 84
S_1 [-0.03340480550196126, 0.12723227528605202, -0.09239558591066406, 0.08997298758732447, 0.10840733030648224, -0.2675790017149987, 0.01232670161774382, -0.1414432211418142, -0.18994610018808553, -0.015118001635415941]
S_2 [0.3333333333333333, 0.3333333333333333, 0.3333333333333333, 0.3333333333333333, 0.3333333333333333, 0.5, 0.3333333333333333, 0.3333333333333333, 0.3333333333333333, 0.3333333333333333]
Trust scores at iteration 85: [0.3651463383190303, 0.6561381422501975, -0.6146410763221974, 0.5702397068206005, 0.8908223530313821, -1.034350869037656, 0.24404784272978364, -0.9010328591687626, -0.5157254879089804, -0.6619776917020814]
X.shape (10, 5)
s1 and s2 score at iteration 85
S_1 [-0.11462712634652633, 0.005237207320116449, -0.032029203614885385, 0.03189165502685329, -0.09701528276162605, -0.12518492888045063, -0.23107377066510443, 0.08770734492734432, -0.28498011041479704, 0.03524358070009592]
S_2 [0.5, 0.3333333333333333, 0.25, 0.25, 0.3333333333333333, 0.3333333333333333, 0.5, 0.25, 0.5, 0.25]
Trust scores at iteration 86: [-0.9708904970903414, 0.024591887949171776, -0.739911880091572, 0.2169270615367801, -0.4409846331814652, -1.5641601101892955, -1.695276077036172, -0.20051642958438132, -2.3824707551243134, -0.38007305750234954]
X.shape (10, 5)
s1 and s2 score at iteration 86
S_1 [-0.2778377098857985, -0.1663726888984124, 0.004430481190937425, 0.07226219231351914, 0.07767018516826786, 0.019419165891064134, -0.2068640248360756, -0.28857368206710904, 0.023832125659659746, 0.07162967578224115]
S_2 [0.3333333333333333, 0.5, 0.5, 0.2, 0.2, 0.2, 0.3333333333333333, 0.3333333333333333, 0.2, 0.2]
Trust scores at iteration 87: [-2.6073523395171625, -1.558724348676808, -0.841434821026055, 0.37364970328083724, 0.0795076834092674, -0.8570696289639925, -2.512653692344907, -2.291277875523426, -1.2378166261581987, 0.07107783338829804]
X.shape (10, 5)
s1 and s2 score at iteration 87
S_1 [-0.013322407174206815, 0.07978521910919485, 0.06058094750801805, 0.14328676669951018, -0.1301858778801346, -0.07465505339802453, -0.16385591656997545, -0.11658590524571125, -0.20660122274624199, -0.008979526737762157]
S_2 [0.3333333333333333, 0.25, 0.25, 0.3333333333333333, 0.25, 0.25, 0.25, 0.25, 0.25, 0.25]
Trust scores at iteration 88: [-1.850164786541126, -0.8759511914298631, -0.5843198442776762, 0.18682485164041862, -0.7895305310914609, -1.0640440545103698, -2.20310301344965, -1.9274661274986624, -1.714844473148612, -0.3707951937216206]
X.shape (10, 5)
s1 and s2 score at iteration 88
S_1 [-0.06574365006607365, 0.13771769164935138, 0.1541255504168304, -0.07587788000879059, -0.025393261361890948, -0.14186557068199726, 0.1209568032035727, -0.13533796369101522, -0.2199299636086736, -0.060233737740470444]
S_2 [0.3333333333333333, 0.3333333333333333, 0.3333333333333333, 0.25, 0.25, 0.25, 0.3333333333333333, 0.3333333333333333, 0.25, 0.3333333333333333]
Trust scores at iteration 89: [-1.6383619237840659, -0.49120446893907965, -0.2921599221388381, -0.5277436456539231, -0.8521437592257699, -1.3672493234378225, -1.2091545197345215, -1.9027840949540717, -1.9458988892573819, -0.8808023742568005]
X.shape (10, 5)
s1 and s2 score at iteration 89
S_1 [-0.04326143392030944, -0.13712830685070818, 0.004954280920225719, -0.04758881205758506, -0.19724661908448254, -0.12907475416809058, -0.03698216486200496, -0.01605933750960442, -0.18974998848020763, -0.1709178502804243]
S_2 [0.5, 0, 0.25, 0.25, 0.3333333333333333, 0.3333333333333333, 0.25, 0.25, 0.3333333333333333, 0.5]
Trust scores at iteration 90: [-5.685246856913831, -14.084977621005006, 0.10392003893058094, -5.31666892132263, -20.6660901850507, -14.043546136344997, -4.586921615939831, -2.8221456712817146, -20.456386651317125, -18.189912572590696]
X.shape (10, 5)
s1 and s2 score at iteration 90
S_1 [0.0390420889901805, -0.15688068228139537, 0.1248419812908097, 0.12359758156077302, -0.01464677559005561, 0.23913338014412114, 0.2134073218889578, 0.2625665441873164, -0.1602551710287449, 0.23309101825389142]
S_2 [0.3333333333333333, 0.3333333333333333, 0.25, 0.25, 0.25, 0.25, 0.3333333333333333, 0.25, 0.3333333333333333, 0.3333333333333333]
Trust scores at iteration 91: [-3.2682763917637567, -7.841233425447573, -0.08530599641800737, -2.797970161025719, -10.73593664214259, -6.941396354272646, -2.387073690849785, -1.2860728356408573, -11.033363909223882, -9.15108591626145]
X.shape (10, 5)
s1 and s2 score at iteration 91
S_1 [0.3814628418905715, -0.16821968201128593, 0.38201203671614004, 0.2999453402078701, 0.04307492804723403, 0.43542847610215357, 0.3566731372958036, 0.2744593288888054, -0.6642032921977482, 0.3937847964740705]
S_2 [0.14285714285714285, 0.3333333333333333, 0.14285714285714285, 0.14285714285714285, 0.25, 0.14285714285714285, 0.14285714285714285, 0.14285714285714285, 0, 0.14285714285714285]
Trust scores at iteration 92: [-1.4103923357224264, -4.613782400366849, 0.18172349919136183, -1.2688452959280065, -5.693505630398386, -3.1849838914220374, -0.998256859634383, -0.5421620725876469, -6.279382752391095, -4.337647868809917]
X.shape (10, 5)
s1 and s2 score at iteration 92
S_1 [-0.22816778376048552, 0.133287181440985, 0.13347647518974173, -0.2313168229447452, 0.11125649344095281, -0.20937293270471274, -0.23066126597795641, 0.025770560319508196, 0.039475251505623095, 0.04824445845531514]
S_2 [0.3333333333333333, 0.2, 0.2, 0.3333333333333333, 0.25, 0.3333333333333333, 0.3333333333333333, 0.2, 0.2, 0.2]
Trust scores at iteration 93: [-2.0599077694229737, -2.1076002904874933, 0.2908617495956809, -2.000930482456635, -2.8049883880490243, -2.8767984401965876, -1.8631805620377304, -0.4745450726235423, -3.2918179346414926, -2.2881012325702947]
X.shape (10, 5)
s1 and s2 score at iteration 93
S_1 [-0.14704977221018936, -0.15662888848906917, -0.025075500262187227, 0.06542034825145779, -0.16306201379815133, 0.05720209963678978, 0.0994130911764545, -0.09061968655779677, -0.19730472408381003, -0.038409971844869106]
S_2 [0.25, 0.25, 0.25, 0.25, 0.25, 0.25, 0.25, 0.25, 0.25, 0.3333333333333333]
Trust scores at iteration 94: [-2.144543462251036, -2.216568067131714, -0.35568682240603766, -1.0464323770588535, -2.5976176398829773, -1.5257001909268832, -0.8065902810188652, -1.0680459434425797, -3.013256764521829, -1.837234287521629]
X.shape (10, 5)
s1 and s2 score at iteration 94
S_1 [0.10732818650762695, 0.08591496648568116, -0.09039791144254265, 0.2192846526437424, -0.2992085347434318, 0.1255319403997622, 0.07261858214582556, 0.2391471390400174, -0.4649316198904157, 0.15475739038251998]
S_2 [0.2, 0.3333333333333333, 0.3333333333333333, 0.2, 0.5, 0.2, 0.2, 0.2, 0.5, 0.3333333333333333]
Trust scores at iteration 95: [-1.0478739253678098, -1.2619895301820956, -0.7001773568903558, -0.2647439410168846, -2.4243829663530083, -0.7003925538351546, -0.45146689276762286, -0.23402297172128989, -2.9786902303698666, -0.9283894447444698]
X.shape (10, 5)
s1 and s2 score at iteration 95
S_1 [-0.09308789012077869, -0.1388194571141325, 0.058276856969774186, -0.07112557312465874, 0.01110136016283525, 0.10475121441355345, 0.018418019703700612, -0.31897361527443896, 0.17535816938785886, 0.1939075915147995]
S_2 [0.3333333333333333, 0.3333333333333333, 0.3333333333333333, 0.3333333333333333, 0.2, 0.2, 0.2, 0.3333333333333333, 0.2, 0.2]
Trust scores at iteration 96: [-1.263968540080074, -1.4889473754805627, -0.6998190151624839, -0.8157726629955909, -1.4835660949797043, -0.38009025993484724, -0.47824170157944446, -1.4395002104707233, -1.3371756874230627, -0.26419472237223496]
X.shape (10, 5)
s1 and s2 score at iteration 96
S_1 [0.05110053668322259, 0.09450723921417414, 0.16946427794201824, 0.12064249781376181, -0.11676982736630606, 0.1596589122514417, -0.1978360502041604, -0.22111375240354628, -0.04409100571934633, -0.09142079072992365]
S_2 [0.3333333333333333, 0.3333333333333333, 0.3333333333333333, 0.3333333333333333, 0.3333333333333333, 0.3333333333333333, 0.3333333333333333, 0.3333333333333333, 0.3333333333333333, 0.5]
Trust scores at iteration 97: [-0.8145467822192315, -0.7989658388437244, -0.18324284091457527, -0.38526707329133736, -1.4196427576630837, -0.05230894295597793, -1.15616436955768, -1.705473886540272, -1.1320105571041594, -0.9018320564273264]
X.shape (10, 5)
s1 and s2 score at iteration 97
S_1 [-0.008507949439272753, 0.07736935568786929, -0.004759521688701529, -0.1980867820183547, -0.1477034928337815, -0.10167901769792541, 0.10226309340661291, -0.25407605123307087, 0.09592294911419255, -0.14052815305860702]
S_2 [0.3333333333333333, 0.3333333333333333, 0.3333333333333333, 0.5, 0.5, 0.3333333333333333, 0.3333333333333333, 0.5, 0.3333333333333333, 0.3333333333333333]
Trust scores at iteration 98: [-0.7822050623958403, -0.35453043569978193, -0.44822571856467186, -1.6611490363222376, -1.9319953709994246, -0.8566320545634537, -0.4114155181121733, -2.595003545859731, -0.4303377929252972, -1.4713406100966893]
X.shape (10, 5)
s1 and s2 score at iteration 98
S_1 [0.11862008201941417, 0.2188521526368727, 0.35397343478093524, 0.3938895772634553, -0.12334208723319035, 0.13649349666387145, 0.07486622483864165, -0.48558648582093966, 0.39165304053701316, 0.20876364753300633]
S_2 [0.2, 0.2, 0.25, 0.2, 0.3333333333333333, 0.2, 0.25, 0.3333333333333333, 0.2, 0.2]
Trust scores at iteration 99: [-0.5405272318417831, -0.1994562007170358, -0.14978206302191843, -0.6305745181611189, -1.6225670571623347, -0.5550523709898304, -0.48567322506463895, -2.4139010302985775, -0.01800793671090864, -0.7706675484593152]
X.shape (10, 5)
s1 and s2 score at iteration 99
S_1 [-0.04503472804787388, -0.05823063377744976, -0.14159519523346198, -0.04265742828526306, -0.044721882759423535, -0.14974685416563924, -0.20142157520369752, -0.17428200485219117, -0.006486254522133423, -0.062006189990614434]
S_2 [0.25, 0.25, 0.25, 0.25, 0.25, 0.25, 0.3333333333333333, 0.25, 0.25, 0.25]
Trust scores at iteration 100: [2.826287484502262, 4.014043777059027, 10.465128934964955, 2.5980070978322507, 2.261151551773486, 10.890873295256984, 14.783965066030786, 11.852767800134098, 0.11599603164454568, 4.019480969319729]
