Matplotlib created a temporary config/cache directory at /tmp/matplotlib-kvc6b1a3 because the default path (/users/raysuan/.config/matplotlib) is not a writable directory; it is highly recommended to set the MPLCONFIGDIR environment variable to a writable directory, in particular to speed up the import of Matplotlib and to better support multiprocessing.
Loaded dataset for Tower 2 without noise: 552960 chunks
Loaded dataset for Tower 3 without noise: 535674 chunks
Loaded dataset for Tower 4 without noise: 552958 chunks
Loaded dataset for Tower 5 without noise: 518399 chunks
Loaded dataset for Tower 6 without noise: 518400 chunks
Loaded dataset for Tower 7 with same noise: 518398 chunks
Loaded dataset for Tower 8 with same noise: 518398 chunks
Loaded dataset for Tower 9 with same noise: 518399 chunks
Loaded dataset for Tower 10 with random noise: 518399 chunks
Loaded dataset for Tower 11 with random noise: 518396 chunks
W, alpha, th 0.5 0.7 0.1
X.shape (10, 5)
s1 and s2 score at iteration 0
S_1 [-0.23644800833044707, 0.09262767953290613, 0.13136304836337995, 0.35664460235735335, -0.21665800316667794, 0.31109870123151484, 0.09983120307296116, 0.28183199340158643, 0.22131183124501463, 0.30940559292329084]
S_2 [0.3333333333333333, 0.25, 0.25, 0.2, 0.3333333333333333, 0.2, 0.25, 0.2, 0.2, 0.2]
Trust scores at iteration 1: [-0.49889380641196074, -0.14708404760314217, -0.11450088057262464, 0.12, -0.48224697786082527, 0.08168799346061423, -0.1410246342607494, 0.05706961345165209, 0.006161654864970846, 0.08026379556413729]
X.shape (10, 5)
s1 and s2 score at iteration 1
S_1 [0.056546777769167694, -0.07207536617053481, -0.114551609551739, -0.030524557339044515, -0.13246235988832408, -0.13426905304243741, -0.09462351316748255, -0.016402226113766922, -0.04252486759366132, -0.14449597092374805]
S_2 [0.25, 0.25, 0.25, 0.25, 0.25, 0.25, 0.3333333333333333, 0.25, 0.5, 0.25]
Trust scores at iteration 2: [-0.19922566448837248, -0.6353433069243408, -0.8378860917237051, -0.22794321874705367, -1.190331017401264, -0.8051616627056117, -0.8007273508382136, -0.19707069111063236, -0.5212958113960577, -0.8604158990922302]
X.shape (10, 5)
s1 and s2 score at iteration 2
S_1 [0.26038753273556314, 0.05650805022177179, 0.07582527116225439, 0.14778155923535374, 0.35811319726935453, -0.05837312607891801, 0.30731310362760555, -0.413131090649817, 0.36550666763249656, 0.11588839953572647]
S_2 [0.25, 0.25, 0.25, 0.25, 0.25, 0.25, 0.25, 0.5, 0.25, 0.25]
Trust scores at iteration 3: [-0.07573748686261918, -0.5483597243742635, -0.6742845148671365, -0.18826433242804402, -0.6893001134040678, -0.7615245684576419, -0.4582731694677604, -0.7770385843887659, -0.21490706797724035, -0.657172427191734]
X.shape (10, 5)
s1 and s2 score at iteration 3
S_1 [-0.10599550864155308, 0.17190673336861023, -0.3356889282479486, 0.033658865166877425, -0.12592371610039002, 0.055030236207422305, -0.037528020749355545, -0.2527415581716071, 0.10860080962259998, 0.13445477762781705]
S_2 [0.25, 0.2, 0.3333333333333333, 0.2, 0.3333333333333333, 0.2, 0.5, 0.3333333333333333, 0.2, 0.2]
Trust scores at iteration 4: [-0.38799243091199986, -0.20385180706198439, -1.2578207655354272, -0.19304585854284334, -0.9022636288212724, -0.557032152993824, -0.6862825813227252, -1.1849944760974105, -0.08091216247640198, -0.34537931822306245]
X.shape (10, 5)
s1 and s2 score at iteration 4
S_1 [-0.11623178541032114, 0.038483913700062315, 0.02288692077554623, 0.09301188589638928, -0.21611228863968174, 0.07627698441300879, 0.28016176306620133, -0.28972379247424873, 0.27451568400633486, 0.22534493938308298]
S_2 [0.25, 0.2, 0.25, 0.2, 0.5, 0.25, 0.2, 0.3333333333333333, 0.2, 0.2]
Trust scores at iteration 5: [-0.5460568525096334, -0.22148730771930633, -1.0059669936694715, -0.15553404925612513, -1.1629997264670493, -0.45824435418337006, -0.30039780692590756, -1.3397352493810324, 0.11731560870127897, -0.12046392229844524]
X.shape (10, 5)
s1 and s2 score at iteration 5
S_1 [0.12132087924551133, -0.03623901170677271, 0.1725534743980518, -0.02320004211150792, 0.14798674754747568, -0.1370614220683717, -0.06511033089699715, 0.046339603255257135, -0.39617577952901734, 0.09181140722686919]
S_2 [0.2, 0.5, 0.2, 0.3333333333333333, 0.2, 0.5, 0.2, 0.25, 0.5, 0.2]
Trust scores at iteration 6: [-0.29131235005872236, -0.5180459523096241, -0.52417689556863, -0.3492092299717991, -0.6768113104592075, -0.8590648682292952, -0.44347873124230586, -1.0072490352767953, -0.9066669077868046, -0.04470221546777569]
X.shape (10, 5)
s1 and s2 score at iteration 6
S_1 [0.18397452379327306, 0.01481522614064277, -0.12556522983690802, 0.08883776960790064, -0.13586438035111997, -0.05116850629291056, 0.01918988880364097, -0.14823414179148062, 0.045397498108148096, -0.1332570390430943]
S_2 [0.25, 0.25, 0.5, 0.25, 0.3333333333333333, 0.3333333333333333, 0.25, 0.5, 0.25, 0.3333333333333333]
Trust scores at iteration 7: [-0.053918645041105606, -0.48847356166126454, -0.8716780949041951, -0.24958221383961973, -0.8953166038729381, -0.8847838728880052, -0.4291429170461546, -1.246793893363026, -0.7106389257617673, -0.4485885487414012]
X.shape (10, 5)
s1 and s2 score at iteration 7
S_1 [-0.31197753298957104, 0.09924136811896786, 0.13838056003968502, 0.0736224979533703, -0.037434436816955186, -0.33875896614375295, -0.14650142561132984, -0.00925073177246809, 0.13461490877776677, 0.16797596395036948]
S_2 [0.3333333333333333, 0.16666666666666666, 0.16666666666666666, 0.16666666666666666, 0.3333333333333333, 0.3333333333333333, 0.3333333333333333, 0.16666666666666666, 0.16666666666666666, 0.16666666666666666]
Trust scores at iteration 8: [-0.8949255060644988, -0.3146894060480467, -0.5130311642579981, -0.19321999119075217, -0.9935783966266669, -1.5243619965721067, -0.8620471648289189, -1.0392772529969683, -0.40702908531763504, -0.16401198411898077]
X.shape (10, 5)
s1 and s2 score at iteration 8
S_1 [-0.18280961273800245, 0.057614363770606546, -0.20368791155385807, -0.08606565217382342, -0.00762570802848592, -0.10022982027155412, 0.05671649856937284, -0.08602455945726722, -0.10580040886725744, 0.1063617460664008]
S_2 [0.3333333333333333, 0.3333333333333333, 0.3333333333333333, 0.25, 0.25, 0.3333333333333333, 0.25, 0.25, 0.25, 0.3333333333333333]
Trust scores at iteration 9: [-1.4420738744043402, -0.35777764453104915, -1.2336363911893158, -0.6030075834185264, -0.9420136671532501, -1.6497579149059205, -0.6684605609962248, -1.1951317620891417, -0.8083370728173151, -0.11480838888328652]
X.shape (10, 5)
s1 and s2 score at iteration 9
S_1 [-0.08299808945522184, 0.03841100752395959, 0.20296106697338853, 0.013896373026928496, -0.0389759786449163, 0.08209056360709083, 0.11849507908013458, 0.2488299953568922, -0.2805719339439934, 0.2917883851303766]
S_2 [0.25, 0.25, 0.25, 0.25, 0.3333333333333333, 0.25, 0.25, 0.25, 0.25, 0.25]
Trust scores at iteration 10: [-1.3197855639614844, -0.4359523671023924, -0.8798726026871857, -0.6328178585816411, -0.9994824218203627, -1.2954297543263513, -0.5710925820002776, -0.8057595738665997, -1.0793038423365715, -0.005365872218300552]
X.shape (10, 5)
s1 and s2 score at iteration 10
S_1 [-0.06838709105682249, -0.009206699542000263, -0.237181138368335, -0.051152857343564076, -0.004108715987454165, -0.16467948220865905, -0.10987877284485649, 0.006054285203747635, -0.06826906598477685, -0.15508409234563922]
S_2 [0.3333333333333333, 0.3333333333333333, 0.3333333333333333, 0.3333333333333333, 0.3333333333333333, 0.3333333333333333, 0.3333333333333333, 0.3333333333333333, 0.3333333333333333, 0.3333333333333333]
Trust scores at iteration 11: [-4.612545112558148, -1.06137408190276, -12.668634573060706, -3.2776824934551523, -1.2032314730291, -9.36694575017656, -6.1444425429406815, -0.5640317017066198, -4.438359566878083, -7.988433349559061]
X.shape (10, 5)
s1 and s2 score at iteration 11
S_1 [-0.1751772127958285, 0.010487043294947287, -0.2895090908208345, -0.13777971543449857, -0.007627315548877572, 0.03295171394817506, 0.04074839379809004, 0.06730364773666248, 0.0736400456478331, -0.135559147080043]
S_2 [0.3333333333333333, 0.3333333333333333, 0.5, 0.3333333333333333, 0.25, 0.25, 0.3333333333333333, 0.25, 0.25, 0.3333333333333333]
Trust scores at iteration 12: [-4.1424308354746575, -0.9002390023851851, -10.347466708043209, -3.0556744456952423, -1.0233347259365309, -6.57262101403395, -4.335106105944965, -0.2706358548966079, -2.9568516968146583, -6.3441537373445085]
X.shape (10, 5)
s1 and s2 score at iteration 12
S_1 [0.13647962062344338, 0.3388153406721433, -0.6236707926467084, 0.04683938292845443, 0.24271863542144376, 0.3296933718456559, 0.2870745954886258, 0.3644533462241685, 0.3187049683358848, -0.14041300819981983]
S_2 [0.25, 0.16666666666666666, 0.5, 0.16666666666666666, 0.16666666666666666, 0.16666666666666666, 0.16666666666666666, 0.16666666666666666, 0.16666666666666666, 0.3333333333333333]
Trust scores at iteration 13: [-2.937358299714364, -0.4512712419826832, -8.05660169885749, -2.2004162446195106, -0.6165403115279603, -4.429447404484386, -2.898268641248956, 0.010554901572374514, -1.9074539936559103, -4.756488671703852]
X.shape (10, 5)
s1 and s2 score at iteration 13
S_1 [-0.02446346652499546, 0.11889686334515377, -0.23753838291942975, -0.18219512326943837, -0.09046524354470835, 0.03905651128974814, 0.185316561125745, 0.18505552800787375, 0.2510243380626018, 0.15064764532318053]
S_2 [0.2, 0.25, 0.25, 0.25, 0.25, 0.2, 0.2, 0.2, 0.25, 0.2]
Trust scores at iteration 14: [-2.325387177931293, -0.4737958426539016, -6.223504080500039, -2.058033353555708, -0.8396935238318537, -3.293936619912749, -2.047315626053423, -0.011451107603680226, -1.335217795559137, -3.38950258101104]
X.shape (10, 5)
s1 and s2 score at iteration 14
S_1 [0.348645242711139, 0.2171363631423848, 0.23291496530615785, -0.09961784746567073, 0.33665976530195274, -0.40519823569878394, -0.44192578959307205, 0.312976740463877, 0.3243880494207563, 0.19544039402098667]
S_2 [0.14285714285714285, 0.14285714285714285, 0.14285714285714285, 0.3333333333333333, 0.14285714285714285, 0.3333333333333333, 0.3333333333333333, 0.14285714285714285, 0.14285714285714285, 0.14285714285714285]
Trust scores at iteration 15: [-1.4563424531233335, -0.2733884272345517, -4.284607124347318, -1.8263418675734986, -0.4266700812154659, -2.9544179870069396, -2.11338637896726, 0.13272099434507392, -0.7840965580125088, -2.3330519510523584]
X.shape (10, 5)
s1 and s2 score at iteration 15
S_1 [0.07779930569517296, 0.005826598151978384, 0.057753604957802435, -0.1294925590070909, -0.08404899594996867, -0.15918083541433678, -0.19508256490525688, -0.26482287509134284, 0.022386506116695085, -0.06063936415896665]
S_2 [0.25, 0.25, 0.25, 0.3333333333333333, 0.3333333333333333, 0.25, 0.3333333333333333, 0.3333333333333333, 0.25, 0.3333333333333333]
Trust scores at iteration 16: [-0.9444397171863335, -0.39390409642797364, -3.0015227234107655, -2.0777723971665116, -0.9227683345974018, -2.9069059173554552, -2.5316235727904592, -1.2282723159832756, -0.6875435318655787, -2.1669663348493278]
X.shape (10, 5)
s1 and s2 score at iteration 16
S_1 [-0.19937493915231502, 0.03012142549350442, -0.22000609043797031, -0.013678452971372913, -0.05223425314899157, -0.02439434945550586, -0.08895056830809712, -0.24966114887238713, -0.004063299361871183, -0.09623271624240443]
S_2 [0.3333333333333333, 0.25, 0.3333333333333333, 0.25, 0.5, 0.25, 0.5, 0.3333333333333333, 0.25, 0.5]
Trust scores at iteration 17: [-2.846819990804264, -0.1257328674995815, -4.492257925026367, -1.7406738019202321, -1.4661746984421775, -2.4277942516638853, -2.9580564086344405, -3.546337769425607, -0.67174966619662, -2.775324263463808]
X.shape (10, 5)
s1 and s2 score at iteration 17
S_1 [-0.11330853965565003, 0.02318711980240633, 0.16883090362086955, -0.18252305527710563, 0.13727869629205897, 0.1812072669446425, -0.09440143521701927, 0.22963177244614316, -0.2350087349170453, -0.013236461425797054]
S_2 [0.5, 0.25, 0.25, 0.5, 0.25, 0.25, 0.25, 0.25, 0.3333333333333333, 0.3333333333333333]
Trust scores at iteration 18: [-2.440804736585131, -0.2077204398640098, -3.074013199425806, -1.7569269761285056, -0.9969759883130913, -1.612719659128528, -2.343969242477304, -2.332436438597925, -0.9772494420786575, -2.1600196194352255]
X.shape (10, 5)
s1 and s2 score at iteration 18
S_1 [0.12397904310633587, -0.08814723313727793, 0.13553982980089968, -0.2911434381456189, -0.17666373316152562, 0.0022541671897037263, 0.12829225164320426, 0.032677493683493965, -0.18486621794473382, -0.20105828329183667]
S_2 [0.25, 0.25, 0.25, 0.3333333333333333, 0.3333333333333333, 0.25, 0.25, 0.25, 0.3333333333333333, 0.3333333333333333]
Trust scores at iteration 19: [-1.6591516317043056, -0.5655068838784403, -2.076809239598064, -2.174257479434627, -1.388905668579762, -1.3489144519161087, -1.5818200528650825, -1.7853780729392175, -1.3932522324820888, -2.2570304130276284]
X.shape (10, 5)
s1 and s2 score at iteration 19
S_1 [-0.02422469480609167, -0.20179027668427738, 0.13203825419015944, 0.13256357820601578, 0.05635024896020954, -0.03726619930347676, -0.2585467765126654, -0.10788751148000945, -0.10917297842883991, 0.1161839917174544]
S_2 [0.25, 0.5, 0.25, 0.25, 0.25, 0.25, 0.5, 0.25, 0.25, 0.25]
Trust scores at iteration 20: [-1.3662282022201901, -1.1525193401810014, -1.3049553101359184, -1.371980235604239, -0.9947096893401591, -1.178575949323006, -1.9923822092763612, -1.6439211070162885, -1.3723421140139416, -1.4669893587435001]
X.shape (10, 5)
s1 and s2 score at iteration 20
S_1 [0.13735077450816563, 0.19594315595656178, 0.03577388800288916, 0.07649939021284136, 0.055348537442234, -0.23135992058716923, -0.20613812946365717, -0.2201493979142217, -0.02304947256268743, -0.011831375517230921]
S_2 [0.25, 0.25, 0.25, 0.25, 0.25, 0.3333333333333333, 0.3333333333333333, 0.3333333333333333, 0.25, 0.25]
Trust scores at iteration 21: [-0.9710679752952269, -0.7317635381267009, -1.0836968811079448, -1.0682612929068194, -0.8365550565430926, -1.4792282245304338, -2.010276624734525, -1.7878058937437835, -1.220929519592211, -1.2700070529403358]
X.shape (10, 5)
s1 and s2 score at iteration 21
S_1 [0.04416236735708041, -0.21696016893434897, -0.00963734202777485, 0.07340529341305532, -0.025597408278955142, 0.08707860684262184, 0.12584536993889703, -0.19228513433811634, -0.13867270286069425, -0.22293382161723388]
S_2 [0.25, 0.5, 0.25, 0.25, 0.25, 0.25, 0.25, 0.3333333333333333, 0.3333333333333333, 0.5]
Trust scores at iteration 22: [-0.7244698898240609, -1.3294410351175592, -0.9315620637401993, -0.7227936461163965, -0.7966096362435948, -0.9778749881371261, -1.2571936373141677, -1.909848413651615, -1.3852294595685997, -1.7204519542797916]
X.shape (10, 5)
s1 and s2 score at iteration 22
S_1 [0.22502584883991966, 0.08450597926062729, 0.31896012230484816, -0.5058222130939792, 0.11726457106294544, -0.36421188433402185, 0.3085669339676763, 0.3021182938724043, 0.2798609591692963, 0.0848369820153177]
S_2 [0.2, 0.2, 0.2, 0.5, 0.25, 0.5, 0.2, 0.2, 0.2, 0.2]
Trust scores at iteration 23: [-0.4154794095641567, -0.971126080811676, -0.4720934446181394, -1.2817098968423344, -0.5973327968208582, -1.3270743283000552, -0.7098109264358664, -1.1727345799008129, -0.8264355917347278, -1.2445223974496855]
X.shape (10, 5)
s1 and s2 score at iteration 23
S_1 [0.14062228712238037, 0.17060175123799434, -0.0753179297048876, -0.0256289806539852, 0.25469035130560175, 0.3378956011119017, 0.13753643688196152, 0.29892567646295387, 0.0053464515101570515, 0.15430648587867032]
S_2 [0.25, 0.2, 0.25, 0.2, 0.2, 0.2, 0.25, 0.25, 0.25, 0.2]
Trust scores at iteration 24: [-0.46598434270744193, -0.7683197994382778, -0.6973362992735967, -1.1599515720374272, -0.4320065887415318, -0.8689520298100386, -0.6747561710877844, -0.855513583241825, -0.8737580768841722, -0.9741649430431182]
X.shape (10, 5)
s1 and s2 score at iteration 24
S_1 [0.16962195415737866, -0.38657976739803357, 0.09639820832917756, -0.11073224723507367, 0.18459304943717147, 0.14855634920521846, 0.051424863161055795, -0.45355487943168415, 0.1906522086531687, 0.1356575170511776]
S_2 [0.16666666666666666, 0.3333333333333333, 0.16666666666666666, 0.3333333333333333, 0.16666666666666666, 0.16666666666666666, 0.2, 0.3333333333333333, 0.16666666666666666, 0.16666666666666666]
Trust scores at iteration 25: [-0.20928111049489684, -1.446124865080001, -0.4864484046409048, -1.2862083733334844, -0.16193897722105743, -0.5245061876318542, -0.5714099375140496, -1.6125489262452062, -0.46163065381892043, -0.618452131261074]
X.shape (10, 5)
s1 and s2 score at iteration 25
S_1 [-0.10052548548737757, -0.14521236555865136, -0.059290462477628286, -0.19073296601895365, -0.07176120019749382, 0.055299224942579, 0.020178336374318144, -0.1986157601446224, -0.05795686246153467, -0.10265931917888434]
S_2 [0.3333333333333333, 0.3333333333333333, 0.25, 0.3333333333333333, 0.25, 0.25, 0.25, 0.3333333333333333, 0.3333333333333333, 0.25]
Trust scores at iteration 26: [-0.9918506349733301, -2.100068965113673, -0.8871664699125169, -2.235078081633117, -0.7276640072792073, -0.2921543313422979, -0.5155188593998659, -2.506280869802734, -0.9375592231394798, -1.2148464630648936]
X.shape (10, 5)
s1 and s2 score at iteration 26
S_1 [-0.19624686021483537, 0.12156931238743877, 0.052594030916107926, -0.06012554299740702, 0.0966421140869358, 0.08090199573493471, -0.2661135691768699, -0.19375765448914378, 0.01803831726769746, 0.042325484485249004]
S_2 [0.25, 0.2, 0.2, 0.25, 0.2, 0.2, 0.25, 0.25, 0.2, 0.3333333333333333]
Trust scores at iteration 27: [-1.4035793226102151, -1.3500482755795709, -0.6712287645352949, -1.9379281450324317, -0.45087835109888197, -0.18486390922605284, -1.2425591159125586, -2.4575378042442875, -0.7917777950274311, -1.0459447396164847]
X.shape (10, 5)
s1 and s2 score at iteration 27
S_1 [0.34801028988106375, 0.19691049951627163, 0.22529635533828973, 0.31853858693084, 0.16429351967854952, 0.3206052689543942, 0.022886957935481417, 0.05798495650911595, -0.5035050715375265, -0.06835818160318384]
S_2 [0.2, 0.2, 0.2, 0.2, 0.2, 0.2, 0.25, 0.25, 0, 0.25]
Trust scores at iteration 28: [-0.9225055258271506, -1.0152883814264289, -0.5156448818711729, -1.3219555907798526, -0.41398668896842394, -0.09302905595985476, -1.1500618283632367, -1.9702909095016488, -0.9882877186103355, -1.0910890422191222]
X.shape (10, 5)
s1 and s2 score at iteration 28
S_1 [0.08512966291052308, 0.01998782523291797, -0.1915912376133385, -0.040649286085459035, 0.03191229539530211, 0.001197492187744424, -0.09089650198200942, -0.24657394376677377, -0.18551133718792434, -0.09548846432514124]
S_2 [0.25, 0.25, 0.5, 0.3333333333333333, 0.3333333333333333, 0.25, 0.25, 0.5, 0.5, 0.5]
Trust scores at iteration 29: [-0.49575386807900534, -0.7902640505563283, -1.336125843225428, -1.268618462630277, -0.37733060324935397, -0.21090033354705615, -1.2753658285675655, -2.5481391005185703, -1.6455500407361932, -1.4002671190490492]
X.shape (10, 5)
s1 and s2 score at iteration 29
S_1 [-0.04617481876160052, -0.06784619935636949, 0.2754181441719499, 0.16318339085420416, -0.19081445444940512, 0.19508693950808653, 0.3134809475325164, 0.1499942631750653, -0.08895956504361838, -0.06801437585753077]
S_2 [0.25, 0.25, 0.25, 0.25, 0.5, 0.25, 0.25, 0.25, 0.25, 0.25]
Trust scores at iteration 30: [-0.5412168226159292, -0.768113374004363, -0.8217140392606029, -0.8818670782241064, -0.7467400840940472, -0.11093282072755889, -0.7427560799972958, -1.790153466637073, -1.387018972773039, -1.1952764661812714]
X.shape (10, 5)
s1 and s2 score at iteration 30
S_1 [-0.16750333405266504, 0.16862423733160933, 0.2817050806849233, 0.1458951161565374, 0.1594894550483113, 0.078757023224508, 0.11458740863417659, -0.3307121891145385, 0.07449837240689162, -0.2152632461180996]
S_2 [0.5, 0.25, 0.25, 0.25, 0.25, 0.25, 0.25, 0.25, 0.25, 0.5]
Trust scores at iteration 31: [-0.8572333658742617, -0.5081040730773857, -0.425199827482422, -0.6119368963236199, -0.5028707973320294, -0.14378119303518128, -0.547900137791675, -1.7552972291626063, -1.0415767220557568, -1.3659367252014571]
X.shape (10, 5)
s1 and s2 score at iteration 31
S_1 [-0.049236612599056685, 0.09805135071770699, -0.11131628571399024, 0.05726260760933434, -0.14831118095632828, -0.10954947459071987, -0.16606906568681307, -0.10399266207167474, 0.01988991785048078, 0.08684181891918746]
S_2 [0.3333333333333333, 0.3333333333333333, 0.3333333333333333, 0.3333333333333333, 0.3333333333333333, 0.5, 0.5, 0.5, 0.3333333333333333, 0.3333333333333333]
Trust scores at iteration 32: [-0.9507087441825988, -0.25567285115416993, -0.8382255567399058, -0.4531539341628851, -1.0057856046755866, -0.7358267397017185, -1.1916385451534606, -1.8468862231126932, -0.8682480893616608, -0.8904526297633641]
X.shape (10, 5)
s1 and s2 score at iteration 32
S_1 [0.09530436777102022, 0.056088347153640195, -0.1558487122725931, 0.19873362248856521, 0.10499721387074477, 0.29822420555130086, 0.14579172003501398, -0.21689592012996062, 0.1883113874612727, 0.2515654666797713]
S_2 [0.2, 0.25, 0.2, 0.2, 0.25, 0.2, 0.25, 0.25, 0.25, 0.2]
Trust scores at iteration 33: [-0.8096242574134145, -0.42254866712743383, -0.9835346127721436, -0.35729075979761254, -0.898427497008102, -0.45507871779120296, -0.9874871357721372, -1.8110077964596005, -0.71834096330614, -0.610253412047891]
X.shape (10, 5)
s1 and s2 score at iteration 33
S_1 [0.006092225731146341, 0.04980849968821784, -0.22401990772872946, -0.12507649200754742, -0.18364508475305089, -0.25669106643664036, -0.09866663733606545, 0.07526142754109572, 0.051270673600692554, -0.04326684768730853]
S_2 [0.25, 0.25, 0.3333333333333333, 0.3333333333333333, 0.3333333333333333, 0.3333333333333333, 0.25, 0.25, 0.25, 0.25]
Trust scores at iteration 34: [-0.7674527249067499, -0.3222421259888668, -1.8814412442408908, -1.0486716407581396, -1.6609279540557376, -1.6417528073996202, -1.3095366335620597, -1.1927054575217204, -0.5234683536502497, -0.8246436135673074]
X.shape (10, 5)
s1 and s2 score at iteration 34
S_1 [-0.3196240197237109, 0.10345300333589033, -0.07734358583324935, -0.1714631290492318, -0.13154215128251348, -0.00772806661956819, 0.012337505739243887, 0.04255554809468351, -0.1758659652992377, 0.10069280145039018]
S_2 [0.3333333333333333, 0.3333333333333333, 0.3333333333333333, 0.5, 0.25, 0.25, 0.3333333333333333, 0.25, 0.3333333333333333, 0.25]
Trust scores at iteration 35: [-1.6640842078048022, -0.12556948819220676, -1.7412950202516873, -1.531290500343569, -1.6941043744880515, -1.3216373342469618, -1.0808985118256837, -0.8614883702856192, -1.0764158410257103, -0.4352547491809218]
X.shape (10, 5)
s1 and s2 score at iteration 35
S_1 [0.2694582030920377, -0.03030047060912961, -0.37989730846257264, 0.23264098017835227, -0.0014279781064404516, 0.375340725541155, 0.28920991150341496, 0.32012386704104895, 0.31016190235108265, -0.024299528667232406]
S_2 [0.16666666666666666, 0.3333333333333333, 0.5, 0.16666666666666666, 0.3333333333333333, 0.16666666666666666, 0.16666666666666666, 0.16666666666666666, 0.16666666666666666, 0.25]
Trust scores at iteration 36: [-1.04948806927863, -0.31211701337442743, -1.8225484714257028, -0.9859595149349069, -1.387014407598659, -0.7251461339728732, -0.6254710594756777, -0.447175246340774, -0.6055868130197761, -0.4741003005249208]
X.shape (10, 5)
s1 and s2 score at iteration 36
S_1 [0.146410818482122, 0.161598113150242, -0.20016202532236346, -0.2624128369492571, -0.145331491263469, 0.05712955550949718, -0.22654177774458864, 0.04593562164997685, 0.1476736888148616, 0.16495470463009465]
S_2 [0.2, 0.2, 0.3333333333333333, 0.3333333333333333, 0.25, 0.2, 0.3333333333333333, 0.2, 0.2, 0.2]
Trust scores at iteration 37: [-0.648367063340692, -0.10458647877231339, -1.9398148179400243, -1.467416921578164, -1.460221718484123, -0.5837018521944406, -1.1498369861415823, -0.409480426548097, -0.335339425581663, -0.21187021036744452]
X.shape (10, 5)
s1 and s2 score at iteration 37
S_1 [-0.026974247936637066, 0.07478218106330384, -0.01384853609236011, -0.015743513989342026, -0.13667297693605754, -0.22380868578831267, 0.08724552759390553, -0.12860918683368922, 0.07612768802008332, -0.13985605523069303]
S_2 [0.2, 0.25, 0.25, 0.2, 0.25, 0.3333333333333333, 0.2, 0.2, 0.2, 0.3333333333333333]
Trust scores at iteration 38: [-0.726609829261796, -0.04106664550290792, -1.630489556512591, -1.2613270463815829, -1.7171150302398952, -1.4781735042226374, -0.6848858902991075, -0.9088682056413535, -0.15296708615865873, -0.929214217423109]
X.shape (10, 5)
s1 and s2 score at iteration 38
S_1 [0.00031629475703500966, 0.1119398280449281, -0.18523147841891136, -0.011240667805144532, -0.02738856378673601, -0.12067545939910818, -0.09034362303960744, 0.014967993046160557, 0.05325835007578264, -0.2557646226154639]
S_2 [0.25, 0.25, 0.25, 0.25, 0.25, 0.25, 0.25, 0.25, 0.25, 0.25]
Trust scores at iteration 39: [-0.8077792069718023, -0.028746651852035544, -1.9377651380850889, -1.2130540487946933, -1.575382180608774, -1.6581330433792494, -1.0215420505452308, -0.8960933539925335, -0.26434398222999717, -1.6359020216226465]
X.shape (10, 5)
s1 and s2 score at iteration 39
S_1 [-0.15169067558727192, -0.08050658651646897, -0.06819224049905273, -0.15666049183674902, -0.0498393607812415, -0.15253044064226437, -0.09148782573349824, -0.1569366108132081, -0.05633048065703845, -0.10392981738292527]
S_2 [0.25, 0.25, 0.25, 0.25, 0.3333333333333333, 0.25, 0.25, 0.25, 0.3333333333333333, 0.25]
Trust scores at iteration 40: [0.1226321300092933, 0.23947376661819234, -1.1709633949892777, -0.13114525129968813, -1.1027675264261416, -0.46756072506580415, -0.38938321276117177, 0.09238928874066821, -0.14596853759201325, -0.7445426289607959]
X.shape (10, 5)
s1 and s2 score at iteration 40
S_1 [0.08403780255259197, 0.15608225440410262, 0.16717836361301497, -0.06637053957766999, 0.1864264265164437, 0.29001623638521135, 0.158871028190847, -0.4865946418420827, 0.26067092272921216, 0.09829051151340158]
S_2 [0.2, 0.25, 0.2, 0.3333333333333333, 0.2, 0.2, 0.2, 0.5, 0.2, 0.2]
Trust scores at iteration 41: [0.05277328177882214, 0.1790869982526832, -0.7667409238381796, -0.36045701094024596, -0.6990931413831284, -0.14729250754606285, -0.22822811042433888, -0.7386730842256375, 0.04746650219297173, -0.5395056932608208]
X.shape (10, 5)
s1 and s2 score at iteration 41
S_1 [0.16866839794238528, 0.20698956548566755, -0.010325488876770872, 0.2143830226210802, 0.2182213527507631, -0.31168615020790613, -0.21458973992149266, 0.11552052334201852, 0.16124340942991428, -0.15703760470197092]
S_2 [0.2, 0.2, 0.25, 0.2, 0.2, 0.3333333333333333, 0.25, 0.25, 0.2, 0.3333333333333333]
Trust scores at iteration 42: [0.08881832827296814, 0.22991998918185289, -0.7759136217612739, -0.1375966554392201, -0.36936519896818987, -0.8315955692364935, -0.6797671143097412, -0.5832592161038143, 0.07489607296006423, -0.893541572893666]
X.shape (10, 5)
s1 and s2 score at iteration 42
S_1 [0.047623427151081, 0.2025186700216766, 0.022318004093566508, 0.16150380832503247, 0.07902102727795547, -0.12665367251519546, 0.05712891459004029, -0.15249523737667553, -0.08926839099744524, -0.29452321433327655]
S_2 [0.25, 0.25, 0.25, 0.25, 0.25, 0.25, 0.25, 0.5, 0.25, 0.5]
Trust scores at iteration 43: [-0.017280449040967358, 0.31094399242729703, -0.6600788735795572, -0.007074815210250052, -0.2914982431332232, -0.9197346709429755, -0.5412093534618072, -0.934179494194372, -0.2298100251078111, -1.3617695639765905]
X.shape (10, 5)
s1 and s2 score at iteration 43
S_1 [0.08659596635927927, 0.027405263853494774, -0.04016045916627734, -0.06710084567191266, 0.029472639477338396, -0.18649134515069837, -0.2683134692517237, -0.19219775856973517, -0.03461058302157037, 0.007269623769366684]
S_2 [0.25, 0.25, 0.25, 0.3333333333333333, 0.25, 0.3333333333333333, 0.3333333333333333, 0.3333333333333333, 0.3333333333333333, 0.25]
Trust scores at iteration 44: [0.06290368567132286, 0.08760262053355614, -0.8261856843951143, -0.5374141647457027, -0.3269448014412052, -1.5898882832358252, -1.6083822308932574, -1.6197687561300955, -0.5807706960377209, -1.1530540675717442]
X.shape (10, 5)
s1 and s2 score at iteration 44
S_1 [0.006015783659579283, -0.14563807783233784, -0.17756373150430804, -0.2430188540198327, -0.15996281374282317, 0.03173796970072128, 0.08387385903181564, -0.12492067980062756, -0.009242985964238571, 0.026655109659989726]
S_2 [0.2, 0.3333333333333333, 0.3333333333333333, 0.3333333333333333, 0.5, 0.2, 0.2, 0.3333333333333333, 0.2, 0.2]
Trust scores at iteration 45: [-0.054450166398174245, -0.6595964094517771, -1.4134398937293207, -1.4454196973723767, -1.1010163169963043, -1.119401435423484, -0.94586756162528, -1.780654388525932, -0.5595997973311267, -0.8317978571018014]
X.shape (10, 5)
s1 and s2 score at iteration 45
S_1 [-0.05724226736911972, 0.2699216039144956, -0.6092923491007833, -0.081125005820511, 0.387719405204912, 0.35045228110674786, 0.364033868270161, -0.0941500044705332, 0.36519420446965706, 0.30147268473537336]
S_2 [0.25, 0.16666666666666666, 0, 0.5, 0.16666666666666666, 0.16666666666666666, 0.16666666666666666, 0.2, 0.16666666666666666, 0.16666666666666666]
Trust scores at iteration 46: [-0.23240663240545267, -0.3528641764974168, -1.4608511968948972, -1.3745647029496482, -0.5707114218974129, -0.6124166448994676, -0.48043410625314953, -1.439307150353157, -0.2091488547975735, -0.448992369345653]
X.shape (10, 5)
s1 and s2 score at iteration 46
S_1 [-0.019399253570531863, -0.11639728639714801, -0.051230631417300616, -0.04424822033254596, -0.1767354361304361, -0.14206767465400358, -0.04254582146623972, -0.18203773135271792, -0.12225283809877811, -0.04393086700417624]
S_2 [0.25, 0.25, 0.25, 0.3333333333333333, 0.3333333333333333, 0.3333333333333333, 0.25, 0.5, 0.3333333333333333, 0.3333333333333333]
Trust scores at iteration 47: [-0.012684642683816832, 1.4030223709136869, -0.38033909612701955, -0.4779181341060494, 2.1336293719882016, 1.5683156839939785, 0.1716465149749139, 1.5076097729953852, 1.5441763487894158, 0.1650747848923319]
X.shape (10, 5)
s1 and s2 score at iteration 47
S_1 [0.18535839322700742, -0.2994470959288153, 0.2645740613254812, -0.4065515589590755, -0.09774944592218236, 0.1744129617523545, 0.22384511321509207, -0.0679565227738499, 0.11788771112925062, 0.13104111530083812]
S_2 [0.2, 0.5, 0.2, 0.5, 0.3333333333333333, 0.2, 0.2, 0.3333333333333333, 0.25, 0.2]
Trust scores at iteration 48: [0.08129826219305543, 0.3425731953156502, -0.08623736728891365, -1.095530695028587, 1.1827026587858878, 1.1755874879674344, 0.2539700875223062, 0.7782710755768278, 1.0645960844771738, 0.14413960848284013]
X.shape (10, 5)
s1 and s2 score at iteration 48
S_1 [-0.1528167857985133, -0.14619780830944787, 0.12237525690055223, -0.11231341594387473, 0.04041595168363459, 0.10951578339879417, -0.21804373388686116, 0.13734482286217464, 0.11626097639116113, 0.10662845467041694]
S_2 [0.3333333333333333, 0.5, 0.2, 0.5, 0.3333333333333333, 0.2, 0.5, 0.2, 0.2, 0.2]
Trust scores at iteration 49: [-0.47688636639606347, -0.3795361913584939, 0.0869360702777229, -1.3121958029449141, 0.7161717486072379, 0.942124736013816, -0.5984902206985143, 0.7247897529037794, 0.8791641658357665, 0.21380447651296636]
X.shape (10, 5)
s1 and s2 score at iteration 49
S_1 [0.151385445461301, 0.21823096732354474, -0.40797939364601626, 0.0965981640014548, -0.15258215486682575, 0.1268096742375321, 0.09432650489409099, 0.23492661264984666, 0.045683964552576124, -0.1331992124438576]
S_2 [0.2, 0.2, 0.5, 0.25, 0.5, 0.2, 0.2, 0.2, 0.2, 0.5]
Trust scores at iteration 50: [-0.2605020702538777, -0.10699558175682511, -0.7601322060507365, -0.9451817347378824, 0.006473646433306224, 0.7014225759370789, -0.4184887234262485, 0.6873528270326457, 0.5537530890624852, -0.32043153252592993]
X.shape (10, 5)
s1 and s2 score at iteration 50
S_1 [-0.1381252057261909, 0.14665537747003385, -0.24346388649989598, 0.02870718466348155, 0.1205976590015046, -0.355521334973115, 0.27036362201209363, 0.15982205998061993, 0.1312917651445057, 0.1916146951227066]
S_2 [0.25, 0.2, 0.5, 0.25, 0.2, 0.5, 0.2, 0.2, 0.2, 0.2]
Trust scores at iteration 51: [-0.48561748922212444, -0.03216564585082569, -1.1022441474963334, -0.7797732417481991, 0.018348733347389012, -0.20349662041116107, -0.1129421063983739, 0.538488211583366, 0.41331070234894735, -0.13168320004776457]
X.shape (10, 5)
s1 and s2 score at iteration 51
S_1 [0.0626350610518341, 0.07380244775149729, 0.017596325002692197, -0.164606379082266, -0.016953629967395467, 0.12140793132248565, 0.09120000941793455, -0.26206148463343987, -0.22141601654033113, 0.02560857333593953]
S_2 [0.25, 0.25, 0.25, 0.3333333333333333, 0.25, 0.25, 0.25, 0.3333333333333333, 0.3333333333333333, 0.25]
Trust scores at iteration 52: [-0.41016048981242, -0.06514949477872756, -0.9530902389835331, -1.2525849900562012, -0.25404844618581673, -0.06744763428781272, -0.07870349874193648, -0.5706143426152757, -0.5578033120671578, -0.25389924403131003]
X.shape (10, 5)
s1 and s2 score at iteration 52
S_1 [-0.1834437489676726, -0.24443956222133809, -0.09218838142197316, -0.012015295473701025, -0.044961230729321136, -0.07956272590906306, -0.032357081177805655, -0.08158765549522029, -0.04907254811803351, -0.12698551295633206]
S_2 [0.5, 0.5, 0.3333333333333333, 0.3333333333333333, 0.3333333333333333, 0.3333333333333333, 0.3333333333333333, 0.3333333333333333, 0.3333333333333333, 0.3333333333333333]
Trust scores at iteration 53: [3.993143283033958, 5.757605118817104, 1.43461247253048, -0.7768094930393408, 0.7447659644952273, 1.7393227195487602, 0.5528048160447486, 1.437664819978589, 0.6347896503982773, 2.7928670384593626]
X.shape (10, 5)
s1 and s2 score at iteration 53
S_1 [-0.17177381435153874, 0.2666198858185283, -0.11094947689311635, 0.2032452655354238, -0.19857258688196083, 0.28730923332561065, -0.1376391942031678, 0.07194029374124351, 0.21574404666670946, 0.00896982716457888]
S_2 [0.3333333333333333, 0.16666666666666666, 0.25, 0.16666666666666666, 0.3333333333333333, 0.16666666666666666, 0.3333333333333333, 0.16666666666666666, 0.16666666666666666, 0.16666666666666666]
Trust scores at iteration 54: [2.3158390443660126, 4.158720364297727, 0.6633784927450042, -0.48154381137153063, 0.013992417429429915, 1.367525903684132, -0.05675549844438171, 0.9314833500853968, 0.5196264551555444, 1.8143729612749433]
X.shape (10, 5)
s1 and s2 score at iteration 54
S_1 [0.009062466317334553, 0.29755389091645035, 0.32597673128217985, 0.10250598843852492, 0.1520673352853811, 0.2712535634554702, -0.1104819450294712, 0.21055129041338919, 0.11867189830863643, -0.2807505761778044]
S_2 [0.25, 0.16666666666666666, 0.16666666666666666, 0.16666666666666666, 0.16666666666666666, 0.16666666666666666, 0.3333333333333333, 0.16666666666666666, 0.25, 0.5]
Trust scores at iteration 55: [1.4794276192863123, 3.0849463998873397, 0.6643649449215029, -0.3427432702857038, 0.04974394687952916, 1.1069057944959277, -0.34140660786788657, 0.7458110320720235, 0.322953582372965, 0.7116832048708549]
X.shape (10, 5)
s1 and s2 score at iteration 55
S_1 [0.3041296478536661, -0.1814026836885424, 0.4418709032949897, 0.048604556349510365, 0.3251980080203729, 0.5227057300239045, 0.31899155797586576, 0.36799914574228937, 0.5057265995349596, 0.29770403896746994]
S_2 [0.2, 0.3333333333333333, 0.16666666666666666, 0.25, 0.16666666666666666, 0.16666666666666666, 0.2, 0.16666666666666666, 0.16666666666666666, 0.16666666666666666]
Trust scores at iteration 56: [1.0301504989370922, 1.7553488228849425, 0.5686613880195217, -0.43702435068754075, 0.07146383328985531, 0.9248340561471494, -0.2359036644696853, 0.5832759365207654, 0.3663225615965843, 0.519041516108286]
X.shape (10, 5)
s1 and s2 score at iteration 56
S_1 [-0.20848665296171812, 0.0644338281449964, 0.020940151853867224, -0.3176851768694692, 0.03725939640130012, -0.2600012750654811, 0.07334530813870647, 0.04279440773479685, -0.058969015099699734, -0.08080606289394866]
S_2 [0.3333333333333333, 0.2, 0.2, 0.3333333333333333, 0.2, 0.3333333333333333, 0.2, 0.2, 0.25, 0.25]
Trust scores at iteration 57: [-0.4316553449963798, 1.312294073539051, 0.30371324312496506, -1.9053260394499771, 0.022424600953407158, -0.7160840838548675, -0.045132565128779695, 0.4033326045250602, -0.2097717010214063, -0.19218722508760094]
X.shape (10, 5)
s1 and s2 score at iteration 57
S_1 [-0.18458302721239644, -0.04220321509386779, -0.14341205952936376, -0.03488928310164793, -0.12758514570458604, -0.19493841050396418, -0.00411233453416221, -0.11662554880851037, -0.08325489980989115, -0.02272360575997859]
S_2 [0.5, 0.25, 0.3333333333333333, 0.25, 0.3333333333333333, 0.3333333333333333, 0.25, 0.5, 0.25, 0.5]
Trust scores at iteration 58: [12.863406305243135, 3.847383714266096, 10.474690206953682, 1.061489055547204, 9.12319479738716, 13.519744482680649, 0.11840720440985424, 8.490313959405773, 5.776709938896665, 1.223184692789811]
X.shape (10, 5)
s1 and s2 score at iteration 58
S_1 [-0.07360492923279979, 0.19379016628540358, -0.20431519468154186, -0.07636886809842056, 0.1460879101194687, -0.0756103035480927, -0.1553573759811742, 0.04168255273527886, 0.15078956506319227, -0.21205650117541083]
S_2 [0.2, 0.2, 0.3333333333333333, 0.2, 0.2, 0.3333333333333333, 0.3333333333333333, 0.2, 0.2, 0.3333333333333333]
Trust scores at iteration 59: [8.7104391129715, 2.813168599986267, 6.715989704496659, 0.44481827793773865, 6.4323901092921885, 9.046771385047295, -0.45761845452459443, 5.827747121244123, 4.097129181297978, 0.2279517899073672]
X.shape (10, 5)
s1 and s2 score at iteration 59
S_1 [0.17380335144838893, -0.02978700878724491, 0.15186407458785586, -0.18042685554056448, -0.09058838925302642, 0.24057905648545694, -0.2597163100845092, -0.06112814786850476, -0.07732369220790897, 0.21902877180429003]
S_2 [0.25, 0.3333333333333333, 0.25, 0.5, 0.3333333333333333, 0.25, 0.5, 0.5, 0.3333333333333333, 0.25]
Trust scores at iteration 60: [6.164038653182742, 1.7320738779910034, 4.74056597900148, -0.21361793178904692, 4.189710139610019, 6.482739969533107, -0.9441969076748097, 3.703196713854397, 2.571568452355804, 0.2826932345652438]
X.shape (10, 5)
s1 and s2 score at iteration 60
S_1 [-0.3212054475896553, -0.00859358657823576, -0.002508187532957574, 0.01719369236635361, -0.1903982875766538, 0.0657031153442677, 0.06564963747219524, 0.06559088081742061, 0.01617254997067452, -0.30593471054081994]
S_2 [0.3333333333333333, 0.25, 0.3333333333333333, 0.3333333333333333, 0.3333333333333333, 0.25, 0.25, 0.25, 0.3333333333333333, 0.3333333333333333]
Trust scores at iteration 61: [2.5482050595952956, 0.9482134538207958, 3.0069438172368335, -0.3710262640363342, 1.7634397472619026, 4.612917978673175, -0.5861820149906036, 2.666725237573904, 1.5739416752863866, -1.4990106467720188]
X.shape (10, 5)
s1 and s2 score at iteration 61
S_1 [0.011908450540192992, 0.18621080731311188, 0.34696007408704244, -0.2020261808761634, -0.10681380857865858, 0.4158373540690455, 0.4125638483989597, 0.40656057546178537, 0.3663095569258219, 0.3027221206998173]
S_2 [0.3333333333333333, 0.16666666666666666, 0.16666666666666666, 0.3333333333333333, 0.25, 0.16666666666666666, 0.16666666666666666, 0.16666666666666666, 0.16666666666666666, 0.16666666666666666]
Trust scores at iteration 62: [1.492334725570442, 0.6480885809250476, 2.205170128894498, -0.7054673264964741, 0.9323485058766409, 3.3790425850712222, -0.2626890350358456, 2.010015065084104, 1.2160280412915785, -0.9809128440760216]
X.shape (10, 5)
s1 and s2 score at iteration 62
S_1 [-0.1902725870149863, -0.14151012798567503, 0.07200855500180231, -0.21431207965888194, -0.11563180273472905, 0.08799094861556266, 0.08799094861556268, 0.08799094861556268, -0.16325083721351064, -0.047260954417682986]
S_2 [0.5, 0.3333333333333333, 0.25, 0.5, 0.25, 0.25, 0.25, 0.25, 0.3333333333333333, 0.3333333333333333]
Trust scores at iteration 63: [0.09591103576038362, -0.22880850950955667, 1.6391280526868615, -1.5245116467764124, 0.10840407641919114, 2.5153298095498555, -0.033882324525091906, 1.5570105455588727, 0.0946254344486186, -1.0477724545603813]
X.shape (10, 5)
s1 and s2 score at iteration 63
S_1 [-0.051020823971430346, -0.08019114464026761, -0.07579939360745706, -0.07040042692719578, -0.13432977685589698, 0.07036227382058988, 0.07036227382058986, 0.07036227382058988, 0.04548311148822973, -0.2593015760372428]
S_2 [0.5, 0.5, 0.2, 0.3333333333333333, 0.3333333333333333, 0.2, 0.2, 0.2, 0.2, 0.5]
Trust scores at iteration 64: [-0.4503971322188922, -0.8020728065322613, 0.7042076695069338, -1.5673208241774867, -0.6968520919337642, 1.9407308666848986, 0.15628237283243562, 1.2699073818912108, 0.14016180209711193, -2.139011482001342]
X.shape (10, 5)
s1 and s2 score at iteration 64
S_1 [-0.2331363403312919, -0.08167181479981701, 0.05277961437450173, -0.3673752334568124, -0.1018599881542336, 0.13857946938940013, 0.13952179137484258, 0.14091053137280166, -0.1351782546818674, -0.028245711554844805]
S_2 [0.3333333333333333, 0.5, 0.25, 0.3333333333333333, 0.3333333333333333, 0.25, 0.25, 0.25, 0.25, 0.25]
Trust scores at iteration 65: [-1.0116277076383773, -1.0353311153408908, 0.4553137215245154, -2.0792703041691296, -0.9046574480470677, 1.5035487512547319, 0.25644101895368954, 1.0389351673238476, -0.3396826613028288, -1.7074434537101353]
X.shape (10, 5)
s1 and s2 score at iteration 65
S_1 [0.012668737937920017, 0.21446969882627506, 0.031980435865923536, -0.2160157609779805, -0.05418986561300399, -0.010732042774579472, -0.004593620497947574, 0.018424390239789843, 0.07666673864807244, 0.027886857478358715]
S_2 [0.25, 0.25, 0.25, 0.25, 0.25, 0.25, 0.25, 0.25, 0.3333333333333333, 0.3333333333333333]
Trust scores at iteration 66: [-0.9154183774027181, -0.6497317807386236, 0.13845380673892463, -1.9826518431083429, -0.9340609433997649, 0.8124721551897078, -0.051916838486003536, 0.5280266357483736, -0.4305365056466248, -1.456202309275535]
X.shape (10, 5)
s1 and s2 score at iteration 66
S_1 [0.09090932942624735, -0.04813232077543717, 0.013057136419082904, 0.22043250391291455, 0.2207697721637224, 0.038346629230333, 0.03811981709553072, 0.037917618034410405, 0.1975199960054047, -0.44153308567264593]
S_2 [0.2, 0.25, 0.2, 0.2, 0.2, 0.25, 0.25, 0.25, 0.2, 0.25]
Trust scores at iteration 67: [-0.7572578414268456, -0.8202183756764339, -0.12533923174401324, -1.3283145978248025, -0.5938426603798355, 0.32083904077626546, -0.2845414656526562, 0.12114420171052251, -0.27296924895506147, -1.9193328399451586]
X.shape (10, 5)
s1 and s2 score at iteration 67
S_1 [0.005074731457413236, -0.1075436075740828, 0.3616985112452178, 0.2691097079640287, 0.029555333839265355, 0.22975645512101212, 0.22995798559416514, 0.23060131448725263, 0.06597426404804334, 0.19685866904691351]
S_2 [0.16666666666666666, 0.25, 0.16666666666666666, 0.2, 0.25, 0.16666666666666666, 0.16666666666666666, 0.16666666666666666, 0.16666666666666666, 0.25]
Trust scores at iteration 68: [-0.7258714049415125, -0.9633516881529407, 0.012262537779190757, -0.9466152290200655, -0.6911760755730544, 0.2151519407642357, -0.20844726031937588, 0.0760662967223547, -0.33635809638732306, -1.4802544593584472]
X.shape (10, 5)
s1 and s2 score at iteration 68
S_1 [-0.20932173634628626, 0.14616226605313343, 0.2290722624306883, -0.48875469649944125, 0.17634917252147841, 0.3317468692428197, 0.32864288170846134, 0.3236669174213598, -0.02850887165149564, -0.005469649685490414]
S_2 [0.5, 0.16666666666666666, 0.16666666666666666, 0.5, 0.16666666666666666, 0.16666666666666666, 0.16666666666666666, 0.16666666666666666, 0.16666666666666666, 0.25]
Trust scores at iteration 69: [-0.997400453772201, -0.6421710690495662, 0.1157347252578733, -1.4046134566686672, -0.42435000187334826, 0.350606358534965, 0.051279969628191036, 0.2459396754613607, -0.36123135234983894, -1.1911243472964408]
X.shape (10, 5)
s1 and s2 score at iteration 69
S_1 [-0.12029787454962183, 0.1688086224664975, -0.07081258752357233, -0.44183181502859054, 0.05590041413598528, 0.2580529634762212, 0.2565342884089598, 0.25365210365714563, 0.061778253573777836, -0.10336496720111847]
S_2 [0.5, 0.2, 0.3333333333333333, 0.5, 0.2, 0.2, 0.2, 0.2, 0.2, 0.5]
Trust scores at iteration 70: [-1.1380328575173482, -0.3732709393392677, -0.20130901064491163, -1.796881899077749, -0.3520578606295012, 0.4254244509744755, 0.21413043993699724, 0.34704154424747896, -0.3010415117137412, -1.2539541969452632]
X.shape (10, 5)
s1 and s2 score at iteration 70
S_1 [-0.04608528890899834, -0.1785165697325506, -0.08050279473270809, 0.20225683187397736, 0.1456755773932528, 0.1947423052585592, 0.1960015948803054, 0.19825814124191068, -0.2463926928222355, -0.18506608074340924]
S_2 [0.25, 0.5, 0.3333333333333333, 0.2, 0.2, 0.2, 0.2, 0.2, 0.3333333333333333, 0.5]
Trust scores at iteration 71: [-1.0149795870068328, -0.82607661392141, -0.4603230943374326, -1.0778173293544244, -0.15036536266388323, 0.4666510991854931, 0.32061314869317, 0.41699797259728955, -0.7761941313039358, -1.4522695391604539]
X.shape (10, 5)
s1 and s2 score at iteration 71
S_1 [0.2736713881255482, 0.30579490486974825, 0.3106542850496479, 0.3605701271923152, -0.3157801479029812, 0.3921158360517649, 0.3927051047268002, 0.3862041163848282, -0.17160049468702152, -0.22504251155504512]
S_2 [0.14285714285714285, 0.14285714285714285, 0.14285714285714285, 0.14285714285714285, 0.5, 0.14285714285714285, 0.14285714285714285, 0.14285714285714285, 0.5, 0.5]
Trust scores at iteration 72: [-0.5871336630026992, -0.4303613991275185, -0.17062169935044058, -0.5647353542423263, -0.6464903169774123, 0.5404913225121966, 0.4387149183709333, 0.5012179820126021, -0.9744270027398488, -1.4885058556050517]
X.shape (10, 5)
s1 and s2 score at iteration 72
S_1 [0.2818780975176398, 0.3682225903382268, -0.2913639939393693, 0.2968667615027043, 0.08868602816229766, 0.42871432226977785, 0.43290572308513625, 0.43881714516338427, -0.4340550865898684, 0.27304130283978306]
S_2 [0.16666666666666666, 0.16666666666666666, 0.3333333333333333, 0.16666666666666666, 0.2, 0.16666666666666666, 0.16666666666666666, 0.16666666666666666, 0.5, 0.2]
Trust scores at iteration 73: [-0.31828589488853964, -0.14951537451437114, -0.5186279493206034, -0.2923599878094444, -0.5119124813993718, 0.5714370696762543, 0.5030590633396846, 0.5508525874088215, -1.2788432917217092, -0.9752877579321498]
X.shape (10, 5)
s1 and s2 score at iteration 73
S_1 [-0.30775219777927343, -0.07100594940395234, 0.0320121077771207, -0.0038543180385903148, -0.011413920631229047, 0.13724349870891533, 0.137224425429982, 0.13711347662263046, -0.06386375398763966, -0.10835061107094421]
S_2 [0.25, 0.25, 0.3333333333333333, 0.25, 0.25, 0.2, 0.2, 0.2, 0.2, 0.2]
Trust scores at iteration 74: [-1.1205143912309714, -0.48487237525340876, -0.5930644296475063, -0.4380771294327418, -0.608288379196356, 0.5200059487733779, 0.47209965213571625, 0.5053125964419255, -1.214789821679807, -1.099544586163283]
X.shape (10, 5)
s1 and s2 score at iteration 74
S_1 [0.05336623147249572, 0.40742325082357583, 0.2709590388712625, 0.2995099608423235, 0.009965581666003785, 0.1481779902827022, 0.14601493537577265, 0.14224638700318432, -0.13113958535850193, 0.2430910039839959]
S_2 [0.2, 0.2, 0.2, 0.2, 0.2, 0.25, 0.25, 0.25, 0.25, 0.2]
Trust scores at iteration 75: [-0.9850646497311574, -0.2794106626773861, -0.455628476463743, -0.32611432314146266, -0.6584638588466184, 0.17311280483614913, 0.13798566415168095, 0.1584598110945031, -1.246915541955495, -0.8306847955348724]
X.shape (10, 5)
s1 and s2 score at iteration 75
S_1 [0.38558967446735715, 0.13108744194828906, 0.32848096082901795, 0.4347901725702604, -0.716162110838535, 0.44739999669709246, 0.44936810030186286, 0.44061610260832873, 0.3997812620836585, 0.11391802472201351]
S_2 [0.14285714285714285, 0.2, 0.14285714285714285, 0.14285714285714285, 0, 0.14285714285714285, 0.14285714285714285, 0.14285714285714285, 0.14285714285714285, 0.16666666666666666]
Trust scores at iteration 76: [-0.6464097096389619, -0.40807294613677564, -0.31393040147996887, -0.15229802525649408, -0.9390374846929215, 0.20557933500325243, 0.1823042506204624, 0.190793283667702, -0.8202309716811013, -0.7554272130002756]
X.shape (10, 5)
s1 and s2 score at iteration 76
S_1 [0.08240571984853594, 0.01855625961265485, -0.12821669051156545, 0.1465497232035949, 0.14770050257071132, 0.26639114992064683, 0.2619611897439771, 0.25397804937716956, 0.10502403883945984, -0.4365706074456436]
S_2 [0.2, 0.2, 0.3333333333333333, 0.2, 0.2, 0.2, 0.2, 0.2, 0.3333333333333333, 0.3333333333333333]
Trust scores at iteration 77: [-0.5396844796961066, -0.4447536793104046, -0.6641442429077509, -0.12156966284123823, -0.6709913186827179, 0.2639055345022767, 0.24262411580667909, 0.23957611733651163, -0.7558874369775377, -1.3204489491539562]
X.shape (10, 5)
s1 and s2 score at iteration 77
S_1 [-0.0010838556963870876, -0.0013023473790718294, -0.06302248068271764, 0.05923294752135561, -0.2136242183711499, 0.18271494412037134, 0.18397794766312806, 0.185933696728254, -0.3602317223850981, -0.1072673838617858]
S_2 [0.3333333333333333, 0.3333333333333333, 0.3333333333333333, 0.25, 0.5, 0.25, 0.25, 0.25, 0.3333333333333333, 0.25]
Trust scores at iteration 78: [-0.5795279135216911, -0.5134288848581746, -0.7665863801439972, -0.13952768371083762, -1.1143719811117287, 0.32954048640447614, 0.3166813222291228, 0.31770328213555815, -1.31034730216028, -1.2473878692722378]
X.shape (10, 5)
s1 and s2 score at iteration 78
S_1 [-0.017769497230795097, -0.07305520674001917, 0.03537308825365245, -0.14836011901177223, 0.14382868104660493, 0.18457371764112046, 0.18251834788767016, 0.18206222777400388, -0.4140885772924718, -0.2240397406639208]
S_2 [0.2, 0.25, 0.25, 0.25, 0.2, 0.2, 0.2, 0.2, 0.5, 0.5]
Trust scores at iteration 79: [-0.5545514910093559, -0.6281417298503283, -0.6291162214612159, -0.48880899626553487, -0.6662860181117116, 0.41067834048313334, 0.39833619572129797, 0.3983102051484606, -1.89028895344124, -1.5373182735780047]
X.shape (10, 5)
s1 and s2 score at iteration 79
S_1 [0.2177982108742419, 0.06278609560857279, -0.07484179650402041, -0.4097440056486536, 0.1928218378907738, 0.23485673157124046, 0.241916120021763, 0.25126780449490954, 0.08170550245913889, -0.10148672153627834]
S_2 [0.2, 0.3333333333333333, 0.3333333333333333, 0.5, 0.2, 0.2, 0.2, 0.2, 0.3333333333333333, 0.3333333333333333]
Trust scores at iteration 80: [-0.24814690580897458, -0.5647360506907817, -0.7297383619674516, -1.1313782039478486, -0.3561814965019915, 0.4478809158816437, 0.4476699378102783, 0.45881714360392245, -1.4256503713869553, -1.3972923799526145]
X.shape (10, 5)
s1 and s2 score at iteration 80
S_1 [0.34370453257683403, 0.5582022740695767, 0.11610773432619707, -0.5276357381091826, 0.602860154075055, 0.5247555875427292, 0.5247555875427292, 0.5572112942532361, 0.5897696298585114, 0.4820499527093044]
S_2 [0.125, 0.125, 0.2, 0, 0.125, 0.125, 0.125, 0.125, 0.125, 0.125]
Trust scores at iteration 81: [-0.1901658878092353, -0.3050382401241484, -0.7530384116235045, -1.0545309786687582, -0.13682704755139402, 0.3871496338994525, 0.38700194924949677, 0.4109558567305642, -0.8919694693416775, -0.9257231862650102]
X.shape (10, 5)
s1 and s2 score at iteration 81
S_1 [0.16077066534571927, 0.02291308017776152, 0.12859637327163753, -0.00224833407889325, -0.3449095695083113, -0.22008560057553195, 0.07214116638140038, 0.12245705372734281, -0.22889525854060425, 0.11549809021565853]
S_2 [0.25, 0.3333333333333333, 0.25, 0.25, 0.5, 0.5, 0.25, 0.25, 0.3333333333333333, 0.25]
Trust scores at iteration 82: [0.016883878533535318, -0.37077068420464304, -0.43716450508273097, -0.8923671035682503, -1.0393843486768162, -0.4396776405889328, 0.25551765077215527, 0.3661754384716644, -1.2514999408414975, -0.5824854014445566]
X.shape (10, 5)
s1 and s2 score at iteration 82
S_1 [-0.11817995437869182, -0.06757823544738048, -0.01701985099756207, -0.1703538959876407, -0.14052749767744213, -0.09291383526352003, -0.0759655035757317, -0.06496401342446032, -0.1777828131046428, -0.023997089559275406]
S_2 [0.25, 0.25, 0.25, 0.3333333333333333, 0.3333333333333333, 0.25, 0.3333333333333333, 0.3333333333333333, 0.3333333333333333, 0.3333333333333333]
Trust scores at iteration 83: [1.8699148783115669, 0.706626685620595, -0.23101515355791163, 2.078081935358274, 1.4494355612703886, 1.1049691655026874, 1.217866502873168, 1.1014094490006354, 1.957634580660593, -0.28475565096129507]
X.shape (10, 5)
s1 and s2 score at iteration 83
S_1 [0.19320873397948088, 0.3282446406889123, 0.27194053537511687, -0.27941009776845244, 0.2611609295377864, 0.22767822701883603, 0.2569247268191053, -0.2114913150733556, -0.24996897096537335, -0.06508766079674155]
S_2 [0.16666666666666666, 0.16666666666666666, 0.16666666666666666, 0.25, 0.16666666666666666, 0.16666666666666666, 0.16666666666666666, 0.3333333333333333, 0.3333333333333333, 0.3333333333333333]
Trust scores at iteration 84: [1.335524014392468, 0.6446386799344166, -0.06316988359231303, 0.9742898058561322, 1.1032935694108454, 0.8315654937164186, 0.9373235405962049, 0.27769360458414055, 0.8418844481180798, -0.5588159840004403]
X.shape (10, 5)
s1 and s2 score at iteration 84
S_1 [-0.03340480550196126, 0.12723227528605202, -0.09239558591066406, 0.08997298758732447, 0.10840733030648224, -0.2675790017149987, 0.01232670161774382, -0.1414432211418142, -0.18994610018808553, -0.015118001635415941]
S_2 [0.25, 0.25, 0.25, 0.25, 0.25, 0.5, 0.25, 0.25, 0.25, 0.25]
Trust scores at iteration 85: [0.7061018769784868, 0.6012470759540915, -0.41207775748358566, 0.7441494771777145, 0.8779183060990987, -0.3488266175394277, 0.5351915130322557, -0.2891223563534506, -0.008553330068828191, -0.5768178081854288]
X.shape (10, 5)
s1 and s2 score at iteration 85
S_1 [-0.11462712634652633, 0.005237207320116449, -0.032029203614885385, 0.03189165502685329, -0.09701528276162605, -0.12518492888045063, -0.23107377066510443, 0.08770734492734432, -0.28498011041479704, 0.03524358070009592]
S_2 [0.3333333333333333, 0.3333333333333333, 0.25, 0.25, 0.3333333333333333, 0.3333333333333333, 0.5, 0.25, 0.5, 0.25]
Trust scores at iteration 86: [-0.09780688586497321, 0.23878664326230783, -0.548009235396794, 0.47998895890028803, 0.08270532845107526, -0.87236943767988, -0.7157459399180595, -0.05238564944741542, -1.2807521377500737, -0.43322299272058545]
X.shape (10, 5)
s1 and s2 score at iteration 86
S_1 [-0.2778377098857985, -0.1663726888984124, 0.004430481190937425, 0.07226219231351914, 0.07767018516826786, 0.019419165891064134, -0.2068640248360756, -0.28857368206710904, 0.023832125659659746, 0.07162967578224115]
S_2 [0.3333333333333333, 0.5, 0.5, 0.2, 0.2, 0.2, 0.3333333333333333, 0.3333333333333333, 0.2, 0.2]
Trust scores at iteration 87: [-1.3416090746886764, -0.775461525307221, -0.6664937933659172, 0.4951039747376699, 0.2378937299157527, -0.6556523506975228, -1.5000315502387342, -1.3512817510519322, -0.9244752455826768, -0.1465874776207261]
X.shape (10, 5)
s1 and s2 score at iteration 87
S_1 [-0.013322407174206815, 0.07978521910919485, 0.06058094750801805, 0.14328676669951018, -0.1301858778801346, -0.07465505339802453, -0.16385591656997545, -0.11658590524571125, -0.20660122274624199, -0.008979526737762157]
S_2 [0.25, 0.25, 0.25, 0.25, 0.25, 0.25, 0.25, 0.25, 0.25, 0.25]
Trust scores at iteration 88: [-1.2670195223516003, -0.67577647796993, -0.6397071156149313, 0.34657278231636895, -0.40604501273662996, -0.9152621895052901, -1.6930877855334319, -1.4899935395785222, -1.3796943679495814, -0.42141170058397004]
X.shape (10, 5)
s1 and s2 score at iteration 88
S_1 [-0.06574365006607365, 0.13771769164935138, 0.1541255504168304, -0.07587788000879059, -0.025393261361890948, -0.14186557068199726, 0.1209568032035727, -0.13533796369101522, -0.2199299636086736, -0.060233737740470444]
S_2 [0.2, 0.2, 0.2, 0.25, 0.25, 0.25, 0.2, 0.2, 0.25, 0.2]
Trust scores at iteration 89: [-1.254881383954222, -0.4449808585134398, -0.3877949809304519, -0.20509269526302118, -0.6336586051236648, -1.2168199103632857, -1.1897232576792203, -1.54642609642781, -1.6938720491745525, -0.6522310568463732]
X.shape (10, 5)
s1 and s2 score at iteration 89
S_1 [-0.04326143392030944, -0.13712830685070818, 0.004954280920225719, -0.04758881205758506, -0.19724661908448254, -0.12907475416809058, -0.03698216486200496, -0.01605933750960442, -0.18974998848020763, -0.1709178502804243]
S_2 [0.5, 0.3333333333333333, 0.25, 0.25, 0.25, 0.25, 0.25, 0.25, 0.25, 0.25]
Trust scores at iteration 90: [-3.7980565057810343, -8.815111832880689, -0.12145648665131631, -3.1752431457815167, -12.537572006849256, -8.817726822029952, -3.2222128940189965, -2.204950441782274, -12.825772758435251, -10.95626857106984]
X.shape (10, 5)
s1 and s2 score at iteration 90
S_1 [0.0390420889901805, -0.15688068228139537, 0.1248419812908097, 0.12359758156077302, -0.01464677559005561, 0.23913338014412114, 0.2134073218889578, 0.2625665441873164, -0.1602551710287449, 0.23309101825389142]
S_2 [0.25, 0.3333333333333333, 0.2, 0.2, 0.2, 0.2, 0.25, 0.2, 0.3333333333333333, 0.25]
Trust scores at iteration 91: [-2.839031332030829, -6.649825051983525, -0.12237915018590015, -2.261451622265704, -8.973035334564821, -6.079182747081055, -2.2367167555412193, -1.4234653092475917, -9.461143281043867, -7.628065777728549]
X.shape (10, 5)
s1 and s2 score at iteration 91
S_1 [0.3814628418905715, -0.16821968201128593, 0.38201203671614004, 0.2999453402078701, 0.04307492804723403, 0.43542847610215357, 0.3566731372958036, 0.2744593288888054, -0.6642032921977482, 0.3937847964740705]
S_2 [0.14285714285714285, 0.3333333333333333, 0.14285714285714285, 0.14285714285714285, 0.25, 0.14285714285714285, 0.14285714285714285, 0.14285714285714285, 0, 0.14285714285714285]
Trust scores at iteration 92: [-1.853074416325909, -5.070776948974304, 0.048960493310089226, -1.504932264835081, -6.476447119791629, -4.083999351528167, -1.4485337374045477, -0.9359011093336451, -7.080420775398199, -5.1969089908175]
X.shape (10, 5)
s1 and s2 score at iteration 92
S_1 [-0.22816778376048552, 0.133287181440985, 0.13347647518974173, -0.2313168229447452, 0.11125649344095281, -0.20937293270471274, -0.23066126597795641, 0.025770560319508196, 0.039475251505623095, 0.04824445845531514]
S_2 [0.25, 0.2, 0.2, 0.25, 0.2, 0.25, 0.25, 0.2, 0.2, 0.2]
Trust scores at iteration 93: [-2.1099790523651927, -3.489969318464454, 0.09427234531706245, -1.873357286080136, -4.523454327564039, -3.6293834427610583, -1.832404895515507, -0.837209198331383, -5.1075704778463065, -3.7694026724714513]
X.shape (10, 5)
s1 and s2 score at iteration 93
S_1 [-0.14704977221018936, -0.15662888848906917, -0.025075500262187227, 0.06542034825145779, -0.16306201379815133, 0.05720209963678978, 0.0994130911764545, -0.09061968655779677, -0.19730472408381003, -0.038409971844869106]
S_2 [0.25, 0.25, 0.25, 0.25, 0.25, 0.25, 0.25, 0.25, 0.25, 0.25]
Trust scores at iteration 94: [-2.2207390831793643, -3.2156392760578982, -0.30967997660038316, -1.4139303817544167, -3.9584920968099064, -2.6679489924298943, -1.282683426860855, -1.1595104831104535, -4.4707080128130645, -3.0544920734719048]
X.shape (10, 5)
s1 and s2 score at iteration 94
S_1 [0.10732818650762695, 0.08591496648568116, -0.09039791144254265, 0.2192846526437424, -0.2992085347434318, 0.1255319403997622, 0.07261858214582556, 0.2391471390400174, -0.4649316198904157, 0.15475739038251998]
S_2 [0.2, 0.25, 0.25, 0.2, 0.5, 0.2, 0.2, 0.2, 0.5, 0.25]
Trust scores at iteration 95: [-1.5398786747709299, -2.2931707912102715, -0.4801763510326704, -0.8346679187205663, -3.446288955613846, -1.8300897697239538, -0.9267814501575125, -0.6316573381773173, -4.012732717834516, -2.094007832020526]
X.shape (10, 5)
s1 and s2 score at iteration 95
S_1 [-0.09308789012077869, -0.1388194571141325, 0.058276856969774186, -0.07112557312465874, 0.01110136016283525, 0.10475121441355345, 0.018418019703700612, -0.31897361527443896, 0.17535816938785886, 0.1939075915147995]
S_2 [0.3333333333333333, 0.3333333333333333, 0.25, 0.3333333333333333, 0.2, 0.2, 0.2, 0.3333333333333333, 0.2, 0.2]
Trust scores at iteration 96: [-1.5219340187773525, -2.1199911200808987, -0.4709616477532529, -0.9943079585966856, -2.5752270360116123, -1.2989992286171295, -0.8002519682276386, -1.2356533714901692, -2.717611245827039, -1.3458054824143684]
X.shape (10, 5)
s1 and s2 score at iteration 96
S_1 [0.05110053668322259, 0.09450723921417414, 0.16946427794201824, 0.12064249781376181, -0.11676982736630606, 0.1596589122514417, -0.1978360502041604, -0.22111375240354628, -0.04409100571934633, -0.09142079072992365]
S_2 [0.25, 0.25, 0.25, 0.25, 0.25, 0.25, 0.3333333333333333, 0.3333333333333333, 0.25, 0.3333333333333333]
Trust scores at iteration 97: [-1.1998913204516635, -1.5416890747186949, -0.254673153427277, -0.707444016093805, -2.2343747513120675, -0.8516577478251232, -1.2104024890201217, -1.5563916288260649, -2.205381500114504, -1.403904654834783]
X.shape (10, 5)
s1 and s2 score at iteration 97
S_1 [-0.008507949439272753, 0.07736935568786929, -0.004759521688701529, -0.1980867820183547, -0.1477034928337815, -0.10167901769792541, 0.10226309340661291, -0.25407605123307087, 0.09592294911419255, -0.14052815305860702]
S_2 [0.25, 0.25, 0.25, 0.5, 0.5, 0.3333333333333333, 0.25, 0.5, 0.25, 0.3333333333333333]
Trust scores at iteration 98: [-1.0148829270878992, -1.0022108620698382, -0.3422337862635244, -1.376320111071605, -2.297366721219177, -1.094446973328865, -0.6972817423140851, -2.1348341017320025, -1.4123665587040832, -1.5949880075141638]
X.shape (10, 5)
s1 and s2 score at iteration 98
S_1 [0.11862008201941417, 0.2188521526368727, 0.35397343478093524, 0.3938895772634553, -0.12334208723319035, 0.13649349666387145, 0.07486622483864165, -0.48558648582093966, 0.39165304053701316, 0.20876364753300633]
S_2 [0.14285714285714285, 0.14285714285714285, 0.14285714285714285, 0.14285714285714285, 0.3333333333333333, 0.14285714285714285, 0.2, 0.3333333333333333, 0.14285714285714285, 0.14285714285714285]
Trust scores at iteration 99: [-0.7486442979192757, -0.663433621740602, -0.09853660119964511, -0.7919955063215519, -2.002098327850997, -0.7907261161264961, -0.611076499224991, -2.164223425633629, -0.8189314438132427, -1.0860613798779255]
X.shape (10, 5)
s1 and s2 score at iteration 99
S_1 [-0.04503472804787388, -0.05823063377744976, -0.14159519523346198, -0.04265742828526306, -0.044721882759423535, -0.14974685416563924, -0.20142157520369752, -0.17428200485219117, -0.006486254522133423, -0.062006189990614434]
S_2 [0.2, 0.2, 0.25, 0.25, 0.2, 0.25, 0.3333333333333333, 0.25, 0.2, 0.2]
Trust scores at iteration 100: [1.3788796517103994, 2.0488595912321057, 6.255036359045798, 1.1935797597225999, 0.4869922187170945, 6.147531407162594, 8.588327457680371, 6.320874591226493, -0.4532520106692698, 1.9276458802150844]
