Matplotlib created a temporary config/cache directory at /tmp/matplotlib-_i4kgaj7 because the default path (/users/raysuan/.config/matplotlib) is not a writable directory; it is highly recommended to set the MPLCONFIGDIR environment variable to a writable directory, in particular to speed up the import of Matplotlib and to better support multiprocessing.
Loaded dataset for Tower 2 without noise: 552960 chunks
Loaded dataset for Tower 3 without noise: 535674 chunks
Loaded dataset for Tower 4 without noise: 552958 chunks
Loaded dataset for Tower 5 without noise: 518399 chunks
Loaded dataset for Tower 6 without noise: 518400 chunks
Loaded dataset for Tower 7 with same noise: 518398 chunks
Loaded dataset for Tower 8 with same noise: 518398 chunks
Loaded dataset for Tower 9 with same noise: 518399 chunks
Loaded dataset for Tower 10 with random noise: 518399 chunks
Loaded dataset for Tower 11 with random noise: 518396 chunks
W, alpha, th 0.5 0.7 0.2
X.shape (10, 5)
s1 and s2 score at iteration 0
S_1 [-0.23644800833044707, 0.09262767953290613, 0.13136304836337995, 0.35664460235735335, -0.21665800316667794, 0.31109870123151484, 0.09983120307296116, 0.28183199340158643, 0.22131183124501463, 0.30940559292329084]
S_2 [0.5, 0.25, 0.5, 0.2, 0.5, 0.2, 0.25, 0.2, 0.2, 0.2]
Trust scores at iteration 1: [-0.49889380641196074, -0.07208404760314217, -0.18950088057262465, 0.18000000000000002, -0.48224697786082527, 0.14168799346061425, -0.06602463426074939, 0.11706961345165212, 0.06616165486497087, 0.14026379556413732]
X.shape (10, 5)
s1 and s2 score at iteration 1
S_1 [0.056546777769167694, -0.07207536617053481, -0.114551609551739, -0.030524557339044515, -0.13246235988832408, -0.13426905304243741, -0.09462351316748255, -0.016402226113766922, -0.04252486759366132, -0.14449597092374805]
S_2 [0.3333333333333333, 0.3333333333333333, 0.3333333333333333, 0.3333333333333333, 0.3333333333333333, 0.3333333333333333, 0.3333333333333333, 0.3333333333333333, 0.5, 0.3333333333333333]
Trust scores at iteration 2: [-0.24922566448837247, -0.6328433069243407, -0.940386091723705, -0.2359432187470537, -1.2403310174012638, -0.8131616627056116, -0.7482273508382136, -0.20507069111063236, -0.47929581139605776, -0.8684158990922302]
X.shape (10, 5)
s1 and s2 score at iteration 2
S_1 [0.26038753273556314, 0.05650805022177179, 0.07582527116225439, 0.14778155923535374, 0.35811319726935453, -0.05837312607891801, 0.30731310362760555, -0.413131090649817, 0.36550666763249656, 0.11588839953572647]
S_2 [0.25, 0.25, 0.3333333333333333, 0.25, 0.25, 0.3333333333333333, 0.25, 0, 0.25, 0.25]
Trust scores at iteration 3: [-0.18573748686261915, -0.6216097243742633, -0.8960345148671365, -0.26886433242804403, -0.7993001134040677, -0.9171245684576419, -0.4965231694677605, -0.48263858438876595, -0.2605070679772404, -0.737772427191734]
X.shape (10, 5)
s1 and s2 score at iteration 3
S_1 [-0.10599550864155308, 0.17190673336861023, -0.3356889282479486, 0.033658865166877425, -0.12592371610039002, 0.055030236207422305, -0.037528020749355545, -0.2527415581716071, 0.10860080962259998, 0.13445477762781705]
S_2 [0.5, 0.2, 0.5, 0.2, 0.5, 0.2, 0.5, 0.5, 0.2, 0.2]
Trust scores at iteration 4: [-0.6149924309119998, -0.2551268070619843, -1.5130457655354275, -0.24946585854284337, -1.0792636288212725, -0.665952152993824, -0.7130575813227253, -1.0789144760974105, -0.11283216247640201, -0.4017993182230625]
X.shape (10, 5)
s1 and s2 score at iteration 4
S_1 [-0.11623178541032114, 0.038483913700062315, 0.02288692077554623, 0.09301188589638928, -0.21611228863968174, 0.07627698441300879, 0.28016176306620133, -0.28972379247424873, 0.27451568400633486, 0.22534493938308298]
S_2 [0.25, 0.25, 0.3333333333333333, 0.25, 0.5, 0.3333333333333333, 0.25, 0.3333333333333333, 0.25, 0.25]
Trust scores at iteration 5: [-0.7049568525096335, -0.28737980771930627, -1.2346244936694717, -0.22502804925612516, -1.2868997264670492, -0.5844883541833701, -0.3491403069259077, -1.2654792493810323, 0.06497160870127895, -0.18995792229844521]
X.shape (10, 5)
s1 and s2 score at iteration 5
S_1 [0.12132087924551133, -0.03623901170677271, 0.1725534743980518, -0.02320004211150792, 0.14798674754747568, -0.1370614220683717, -0.06511033089699715, 0.046339603255257135, -0.39617577952901734, 0.09181140722686919]
S_2 [0.2, 0.5, 0.2, 0.5, 0.2, 0.5, 0.2, 0.25, 0.5, 0.2]
Trust scores at iteration 6: [-0.4025423500587224, -0.5641707023096241, -0.6842371455686301, -0.4978550299717991, -0.7635413104592075, -0.9474356682292951, -0.4775984812423059, -0.9552698352767952, -0.9433077077868046, -0.09334801546777566]
X.shape (10, 5)
s1 and s2 score at iteration 6
S_1 [0.18397452379327306, 0.01481522614064277, -0.12556522983690802, 0.08883776960790064, -0.13586438035111997, -0.05116850629291056, 0.01918988880364097, -0.14823414179148062, 0.045397498108148096, -0.1332570390430943]
S_2 [0.25, 0.5, 0.5, 0.25, 0.3333333333333333, 0.3333333333333333, 0.25, 0.5, 0.25, 0.3333333333333333]
Trust scores at iteration 7: [-0.13177964504110562, -0.6707608866612645, -0.9837202699041953, -0.3536342738396197, -0.956027603872938, -0.9466434328880051, -0.4530267420461546, -1.210408453363026, -0.7362874857617674, -0.48264060874140113]
X.shape (10, 5)
s1 and s2 score at iteration 7
S_1 [-0.31197753298957104, 0.09924136811896786, 0.13838056003968502, 0.0736224979533703, -0.037434436816955186, -0.33875896614375295, -0.14650142561132984, -0.00925073177246809, 0.13461490877776677, 0.16797596395036948]
S_2 [0.3333333333333333, 0.2, 0.2, 0.2, 0.3333333333333333, 0.3333333333333333, 0.3333333333333333, 0.2, 0.2, 0.2]
Trust scores at iteration 8: [-0.9494282060644988, -0.4722905335480467, -0.6214606867579983, -0.29605643319075214, -1.0360760966266669, -1.5676636885721065, -0.8787658423289189, -1.0438074449969683, -0.45498307731763515, -0.21784842611898075]
X.shape (10, 5)
s1 and s2 score at iteration 8
S_1 [-0.18280961273800245, 0.057614363770606546, -0.20368791155385807, -0.08606565217382342, -0.00762570802848592, -0.10022982027155412, 0.05671649856937284, -0.08602455945726722, -0.10580040886725744, 0.1063617460664008]
S_2 [0.5, 0.3333333333333333, 0.5, 0.5, 0.25, 0.3333333333333333, 0.25, 0.25, 0.25, 0.3333333333333333]
Trust scores at iteration 9: [-1.4802257644043402, -0.3680984337810491, -1.3095370569393159, -0.7499930928185263, -0.8967620571532502, -1.5800690993059203, -0.6051636352462247, -1.1233028964891418, -0.7669048672173152, -0.0524938982832865]
X.shape (10, 5)
s1 and s2 score at iteration 9
S_1 [-0.08299808945522184, 0.03841100752395959, 0.20296106697338853, 0.013896373026928496, -0.0389759786449163, 0.08209056360709083, 0.11849507908013458, 0.2488299953568922, -0.2805719339439934, 0.2917883851303766]
S_2 [0.3333333333333333, 0.25, 0.3333333333333333, 0.3333333333333333, 0.5, 0.3333333333333333, 0.25, 0.25, 0.3333333333333333, 0.25]
Trust scores at iteration 10: [-1.3214918869614842, -0.36817691957739235, -0.9080030687121857, -0.7107077151616409, -0.9678062948203627, -1.2216475834063512, -0.4517847339752776, -0.6804793679465998, -1.0253012984165715, 0.11325427120169948]
X.shape (10, 5)
s1 and s2 score at iteration 10
S_1 [-0.06838709105682249, -0.009206699542000263, -0.237181138368335, -0.051152857343564076, -0.004108715987454165, -0.16467948220865905, -0.10987877284485649, 0.006054285203747635, -0.06826906598477685, -0.15508409234563922]
S_2 [0.3333333333333333, 0.3333333333333333, 0.3333333333333333, 0.3333333333333333, 0.3333333333333333, 0.3333333333333333, 0.3333333333333333, 0.3333333333333333, 0.3333333333333333, 0.3333333333333333]
Trust scores at iteration 11: [-4.613739538658147, -1.01393126863526, -12.688325899278205, -3.332205393061152, -1.1810581841291001, -9.31529823053256, -6.0609270493231815, -0.4763355575626198, -4.400557786134083, -7.905399249165061]
X.shape (10, 5)
s1 and s2 score at iteration 11
S_1 [-0.1751772127958285, 0.010487043294947287, -0.2895090908208345, -0.13777971543449857, -0.007627315548877572, 0.03295171394817506, 0.04074839379809004, 0.06730364773666248, 0.0736400456478331, -0.135559147080043]
S_2 [0, 0.3333333333333333, 0.5, 0.3333333333333333, 0.3333333333333333, 0.3333333333333333, 0.3333333333333333, 0.3333333333333333, 0.3333333333333333, 0.3333333333333333]
Trust scores at iteration 12: [-3.943266933744657, -0.8670290330979351, -10.361250636395457, -3.0938404754194426, -1.057813423706531, -6.58646775028315, -4.276645260412716, -0.25924855399580793, -2.980390450293858, -6.2860298670687085]
X.shape (10, 5)
s1 and s2 score at iteration 12
S_1 [0.13647962062344338, 0.3388153406721433, -0.6236707926467084, 0.04683938292845443, 0.24271863542144376, 0.3296933718456559, 0.2870745954886258, 0.3644533462241685, 0.3187049683358848, -0.14041300819981983]
S_2 [0.25, 0.16666666666666666, 0, 0.16666666666666666, 0.2, 0.16666666666666666, 0.16666666666666666, 0.16666666666666666, 0.16666666666666666, 0.3333333333333333]
Trust scores at iteration 13: [-2.8729435685033637, -0.4780242634816082, -7.766250448704064, -2.2771324654264506, -0.7206753999669605, -4.489140119858826, -2.907346049376381, -0.031473987797065506, -1.9739311210913497, -4.815801962510791]
X.shape (10, 5)
s1 and s2 score at iteration 13
S_1 [-0.02446346652499546, 0.11889686334515377, -0.23753838291942975, -0.18219512326943837, -0.09046524354470835, 0.03905651128974814, 0.185316561125745, 0.18505552800787375, 0.2510243380626018, 0.15064764532318053]
S_2 [0.25, 0.25, 0.3333333333333333, 0.3333333333333333, 0.3333333333333333, 0.25, 0.25, 0.25, 0.25, 0.25]
Trust scores at iteration 14: [-2.2652968660835926, -0.4175229577031491, -6.020258205392641, -2.111734708120566, -0.912588085739154, -3.320721520674857, -2.038669811742621, -0.025871330162288226, -1.3067517847639447, -3.4160218845758976]
X.shape (10, 5)
s1 and s2 score at iteration 14
S_1 [0.348645242711139, 0.2171363631423848, 0.23291496530615785, -0.09961784746567073, 0.33665976530195274, -0.40519823569878394, -0.44192578959307205, 0.312976740463877, 0.3243880494207563, 0.19544039402098667]
S_2 [0.14285714285714285, 0.14285714285714285, 0.14285714285714285, 0.3333333333333333, 0.14285714285714285, 0.3333333333333333, 0.3333333333333333, 0.14285714285714285, 0.14285714285714285, 0.14285714285714285]
Trust scores at iteration 15: [-1.4142792348299433, -0.23399740776902495, -4.14233501177214, -1.8639328157688992, -0.47769627455057606, -2.9731674175404157, -2.1073343089496985, 0.12262683855404832, -0.7641703504558741, -2.3516154635477586]
X.shape (10, 5)
s1 and s2 score at iteration 15
S_1 [0.07779930569517296, 0.005826598151978384, 0.057753604957802435, -0.1294925590070909, -0.08404899594996867, -0.15918083541433678, -0.19508256490525688, -0.26482287509134284, 0.022386506116695085, -0.06063936415896665]
S_2 [0.25, 0.25, 0.25, 0.3333333333333333, 0.3333333333333333, 0.5, 0.5, 0.3333333333333333, 0.25, 0.3333333333333333]
Trust scores at iteration 16: [-0.8399954643809603, -0.2913303828021049, -2.8269322446081406, -2.0040860609032918, -0.8584866699319789, -2.995030518728888, -2.5273871237781664, -1.1353382250369937, -0.5985951865759345, -2.0799607935961077]
X.shape (10, 5)
s1 and s2 score at iteration 16
S_1 [-0.19937493915231502, 0.03012142549350442, -0.22000609043797031, -0.013678452971372913, -0.05223425314899157, -0.02439434945550586, -0.08895056830809712, -0.24966114887238713, -0.004063299361871183, -0.09623271624240443]
S_2 [0.3333333333333333, 0.25, 0.3333333333333333, 0.25, 0.5, 0.25, 0.5, 0.3333333333333333, 0.25, 0.5]
Trust scores at iteration 17: [-2.7737090138405027, -0.05393126796147338, -4.37004458986453, -1.6890933665359784, -1.4211775331763814, -2.4894814726252883, -2.9550908943258354, -3.4812839057632097, -0.609485824493869, -2.714420384586554]
X.shape (10, 5)
s1 and s2 score at iteration 17
S_1 [-0.11330853965565003, 0.02318711980240633, 0.16883090362086955, -0.18252305527710563, 0.13727869629205897, 0.1812072669446425, -0.09440143521701927, 0.22963177244614316, -0.2350087349170453, -0.013236461425797054]
S_2 [0.5, 0.25, 0.3333333333333333, 0.5, 0.25, 0.25, 0.5, 0.25, 0.5, 0.3333333333333333]
Trust scores at iteration 18: [-2.389627052710498, -0.15745932018733408, -3.0384638648125195, -1.7208206713595278, -0.9654779726270339, -1.65590071380151, -2.49189338246128, -2.2868987340342466, -1.033664752886732, -2.117386904221148]
X.shape (10, 5)
s1 and s2 score at iteration 18
S_1 [0.12397904310633587, -0.08814723313727793, 0.13553982980089968, -0.2911434381456189, -0.17666373316152562, 0.0022541671897037263, 0.12829225164320426, 0.032677493683493965, -0.18486621794473382, -0.20105828329183667]
S_2 [0.25, 0.3333333333333333, 0.25, 0.3333333333333333, 0, 0.25, 0.25, 0.25, 0.3333333333333333, 0.3333333333333333]
Trust scores at iteration 19: [-1.6233272529920626, -0.6053241001047673, -2.0519247053687635, -2.1489830660963425, -1.0668570575995215, -1.3791411901871962, -1.6853669508538658, -1.7535016797446425, -1.432742950047741, -2.2271875123777747]
X.shape (10, 5)
s1 and s2 score at iteration 19
S_1 [-0.02422469480609167, -0.20179027668427738, 0.13203825419015944, 0.13256357820601578, 0.05635024896020954, -0.03726619930347676, -0.2585467765126654, -0.10788751148000945, -0.10917297842883991, 0.1161839917174544]
S_2 [0.25, 0.5, 0.25, 0.25, 0.25, 0.25, 0.5, 0.25, 0.25, 0.25]
Trust scores at iteration 20: [-1.34115113712162, -1.1803913915394304, -1.287536136175408, -1.3542881462674394, -0.7692756616539907, -1.199734666112767, -2.0648650378685094, -1.621607631780086, -1.3999856163098983, -1.4460993282886023]
X.shape (10, 5)
s1 and s2 score at iteration 20
S_1 [0.13735077450816563, 0.19594315595656178, 0.03577388800288916, 0.07649939021284136, 0.055348537442234, -0.23135992058716923, -0.20613812946365717, -0.2201493979142217, -0.02304947256268743, -0.011831375517230921]
S_2 [0.25, 0.25, 0.25, 0.25, 0.25, 0.3333333333333333, 0.3333333333333333, 0.3333333333333333, 0.3333333333333333, 0.25]
Trust scores at iteration 21: [-0.9535140297262278, -0.7512739740776013, -1.0715034593355877, -1.0558768303710595, -0.6787512371627746, -1.4940393262832665, -2.0610146047490288, -1.7721864610784417, -1.3152799711993806, -1.2553840316219074]
X.shape (10, 5)
s1 and s2 score at iteration 21
S_1 [0.04416236735708041, -0.21696016893434897, -0.00963734202777485, 0.07340529341305532, -0.025597408278955142, 0.08707860684262184, 0.12584536993889703, -0.19228513433811634, -0.13867270286069425, -0.22293382161723388]
S_2 [0.3333333333333333, 0.5, 0.3333333333333333, 0.25, 0.25, 0.25, 0.25, 0.3333333333333333, 0.3333333333333333, 0.5]
Trust scores at iteration 22: [-0.7621821279257615, -1.3430983402831893, -0.9730266684995494, -0.7141245223413646, -0.6861469626773722, -0.9882427593641091, -1.29271022332432, -1.8989148107858755, -1.4512747756936184, -1.7102158393568918]
X.shape (10, 5)
s1 and s2 score at iteration 22
S_1 [0.22502584883991966, 0.08450597926062729, 0.31896012230484816, -0.5058222130939792, 0.11726457106294544, -0.36421188433402185, 0.3085669339676763, 0.3021182938724043, 0.2798609591692963, 0.0848369820153177]
S_2 [0.2, 0.2, 0.2, 0.5, 0.5, 0.5, 0.2, 0.2, 0.2, 0.25]
Trust scores at iteration 23: [-0.441877976235347, -0.9806861944276171, -0.5011186679496845, -1.275641510199812, -0.6700089253245023, -1.3343317681589433, -0.734672536642973, -1.1650810578947952, -0.872667313022241, -1.2673571170036557]
X.shape (10, 5)
s1 and s2 score at iteration 23
S_1 [0.14062228712238037, 0.17060175123799434, -0.0753179297048876, -0.0256289806539852, 0.25469035130560175, 0.3378956011119017, 0.13753643688196152, 0.29892567646295387, 0.0053464515101570515, 0.15430648587867032]
S_2 [0.25, 0.2, 0.25, 0.2, 0.2, 0.2, 0.25, 0.25, 0.25, 0.2]
Trust scores at iteration 24: [-0.48446333937727515, -0.7750118789694366, -0.7176539556056782, -1.1557037013876617, -0.48287987869408266, -0.8740322377112602, -0.692159298232759, -0.8501561178376127, -0.9061202817854315, -0.9901492467308972]
X.shape (10, 5)
s1 and s2 score at iteration 24
S_1 [0.16962195415737866, -0.38657976739803357, 0.09639820832917756, -0.11073224723507367, 0.18459304943717147, 0.14855634920521846, 0.051424863161055795, -0.45355487943168415, 0.1906522086531687, 0.1356575170511776]
S_2 [0.25, 0.3333333333333333, 0.25, 0.3333333333333333, 0.25, 0.25, 0.5, 0.3333333333333333, 0.25, 0.25]
Trust scores at iteration 25: [-0.22221640816378013, -1.3508093207518121, -0.5006707640733619, -1.1832348638786483, -0.19755028018784299, -0.5280623331627092, -0.7035921265155317, -1.5087987004622574, -0.484284197249802, -0.6296411438425193]
X.shape (10, 5)
s1 and s2 score at iteration 25
S_1 [-0.10052548548737757, -0.14521236555865136, -0.059290462477628286, -0.19073296601895365, -0.07176120019749382, 0.055299224942579, 0.020178336374318144, -0.1986157601446224, -0.05795686246153467, -0.10265931917888434]
S_2 [0.3333333333333333, 0.5, 0.25, 0.3333333333333333, 0.25, 0.25, 0.25, 0.3333333333333333, 0.3333333333333333, 0.25]
Trust scores at iteration 26: [-0.9009053433415484, -2.033348084083941, -0.822122121515237, -2.062996625014732, -0.6775919193559572, -0.2196436332138964, -0.5330463917009033, -2.3336557117546697, -0.8534167035410969, -1.1476787718719055]
X.shape (10, 5)
s1 and s2 score at iteration 26
S_1 [-0.19624686021483537, 0.12156931238743877, 0.052594030916107926, -0.06012554299740702, 0.0966421140869358, 0.08090199573493471, -0.2661135691768699, -0.19375765448914378, 0.01803831726769746, 0.042325484485249004]
S_2 [0.25, 0.2, 0.2, 0.25, 0.2, 0.2, 0.25, 0.25, 0.2, 0.3333333333333333]
Trust scores at iteration 27: [-1.3399176184679678, -1.3033436588587586, -0.625697720657199, -1.8174711253995623, -0.41582788955260686, -0.1341064205361718, -1.254828388523285, -2.336700193610642, -0.732878031308563, -0.9989273557813929]
X.shape (10, 5)
s1 and s2 score at iteration 27
S_1 [0.34801028988106375, 0.19691049951627163, 0.22529635533828973, 0.31853858693084, 0.16429351967854952, 0.3206052689543942, 0.022886957935481417, 0.05798495650911595, -0.5035050715375265, -0.06835818160318384]
S_2 [0.2, 0.2, 0.2, 0.2, 0.25, 0.2, 0.25, 0.25, 0, 0.25]
Trust scores at iteration 28: [-0.8779423329275773, -0.9825951497218601, -0.48377315115650577, -1.237635677036844, -0.4494513658860314, -0.05749881387693806, -1.1586503191907451, -1.8857045820580969, -0.9470578840071279, -1.0581768735345578]
X.shape (10, 5)
s1 and s2 score at iteration 28
S_1 [0.08512966291052308, 0.01998782523291797, -0.1915912376133385, -0.040649286085459035, 0.03191229539530211, 0.001197492187744424, -0.09089650198200942, -0.24657394376677377, -0.18551133718792434, -0.09548846432514124]
S_2 [0.3333333333333333, 0.5, 0.5, 0.3333333333333333, 0.3333333333333333, 0.5, 0.5, 0.5, 0.5, 0.5]
Trust scores at iteration 29: [-0.5145596330493041, -0.9173787883631302, -1.313815631725161, -1.2095945230101708, -0.4021558770916792, -0.3360291640890145, -1.4313777721468215, -2.488928671308084, -1.616689156513948, -1.377228600969854]
X.shape (10, 5)
s1 and s2 score at iteration 29
S_1 [-0.04617481876160052, -0.06784619935636949, 0.2754181441719499, 0.16318339085420416, -0.19081445444940512, 0.19508693950808653, 0.3134809475325164, 0.1499942631750653, -0.08895956504361838, -0.06801437585753077]
S_2 [0.25, 0.25, 0.25, 0.25, 0, 0.25, 0.25, 0.25, 0.25, 0.25]
Trust scores at iteration 30: [-0.7043808580951383, -1.0070936904691243, -0.9560968912104162, -0.9905503204900321, -0.46411777578367497, -0.34852300210692977, -1.001964440502775, -1.8987061661897326, -1.5168163538174677, -1.3291495035258347]
X.shape (10, 5)
s1 and s2 score at iteration 30
S_1 [-0.16750333405266504, 0.16862423733160933, 0.2817050806849233, 0.1458951161565374, 0.1594894550483113, 0.078757023224508, 0.11458740863417659, -0.3307121891145385, 0.07449837240689162, -0.2152632461180996]
S_2 [0, 0.25, 0.25, 0.25, 0.25, 0.25, 0.25, 0.5, 0.25, 0.5]
Trust scores at iteration 31: [-0.6714481907097078, -0.6753902946027186, -0.5192678238472913, -0.6880151659097679, -0.3050351815147689, -0.3100943200007409, -0.7293459901455105, -1.981284118849468, -1.1324348887868567, -1.4596478513426516]
X.shape (10, 5)
s1 and s2 score at iteration 31
S_1 [-0.049236612599056685, 0.09805135071770699, -0.11131628571399024, 0.05726260760933434, -0.14831118095632828, -0.10954947459071987, -0.16606906568681307, -0.10399266207167474, 0.01988991785048078, 0.08684181891918746]
S_2 [0.3333333333333333, 0.3333333333333333, 0.3333333333333333, 0.3333333333333333, 0.3333333333333333, 0.5, 0.5, 0.5, 0.3333333333333333, 0.3333333333333333]
Trust scores at iteration 32: [-0.8206591215674112, -0.37277320622190296, -0.9040731541953143, -0.5064087228731886, -0.8673006736035043, -0.8522459285776103, -1.3186506418011454, -2.0050770458934966, -0.9318488060734307, -0.9560504180622001]
X.shape (10, 5)
s1 and s2 score at iteration 32
S_1 [0.09530436777102022, 0.056088347153640195, -0.1558487122725931, 0.19873362248856521, 0.10499721387074477, 0.29822420555130086, 0.14579172003501398, -0.21689592012996062, 0.1883113874612727, 0.2515654666797713]
S_2 [0.25, 0.25, 0.3333333333333333, 0.25, 0.25, 0.25, 0.25, 0.25, 0.25, 0.25]
Trust scores at iteration 33: [-0.7035895215827832, -0.4295189156748469, -1.0896279309909296, -0.379569111894825, -0.7264880452576442, -0.5215721500043271, -1.0013956034255165, -1.8467413724061628, -0.6878614650043788, -0.6411718638570761]
X.shape (10, 5)
s1 and s2 score at iteration 33
S_1 [0.006092225731146341, 0.04980849968821784, -0.22401990772872946, -0.12507649200754742, -0.18364508475305089, -0.25669106643664036, -0.09866663733606545, 0.07526142754109572, 0.051270673600692554, -0.04326684768730853]
S_2 [0.25, 0.3333333333333333, 0.3333333333333333, 0.3333333333333333, 0.3333333333333333, 0.3333333333333333, 0.25, 0.25, 0.25, 0.3333333333333333]
Trust scores at iteration 34: [-0.693228409825308, -0.40212129997205603, -1.9557065669940412, -1.0642664872261884, -1.5405703378304172, -1.688298209948807, -1.3192725609194254, -1.217718960684314, -0.5021327048390168, -0.9212865298337369]
X.shape (10, 5)
s1 and s2 score at iteration 34
S_1 [-0.3196240197237109, 0.10345300333589033, -0.07734358583324935, -0.1714631290492318, -0.13154215128251348, -0.00772806661956819, 0.012337505739243887, 0.04255554809468351, -0.1758659652992377, 0.10069280145039018]
S_2 [0.5, 0.3333333333333333, 0.5, 0.5, 0.5, 0.3333333333333333, 0.5, 0.3333333333333333, 0.5, 0.3333333333333333]
Trust scores at iteration 35: [-1.7121271872477928, -0.18148490998043915, -1.8932807461788927, -1.5422068928712034, -1.7598540431303273, -1.4042191160313928, -1.1877136609758396, -0.9289978224994347, -1.1614808868578472, -0.5529047905674225]
X.shape (10, 5)
s1 and s2 score at iteration 35
S_1 [0.2694582030920377, -0.03030047060912961, -0.37989730846257264, 0.23264098017835227, -0.0014279781064404516, 0.375340725541155, 0.28920991150341496, 0.32012386704104895, 0.31016190235108265, -0.024299528667232406]
S_2 [0.16666666666666666, 0.5, 0.5, 0.16666666666666666, 0.5, 0.16666666666666666, 0.16666666666666666, 0.16666666666666666, 0.16666666666666666, 0.3333333333333333]
Trust scores at iteration 36: [-1.0831181548887234, -0.45125780862619014, -1.9289384795747466, -0.9936009897042509, -1.5330391756482522, -0.7829533812219749, -0.7002416638807868, -0.49443186289044494, -0.6651323451022719, -0.6064553294954713]
X.shape (10, 5)
s1 and s2 score at iteration 36
S_1 [0.146410818482122, 0.161598113150242, -0.20016202532236346, -0.2624128369492571, -0.145331491263469, 0.05712955550949718, -0.22654177774458864, 0.04593562164997685, 0.1476736888148616, 0.16495470463009465]
S_2 [0.25, 0.25, 0.3333333333333333, 0.3333333333333333, 0.25, 0.25, 0.3333333333333333, 0.25, 0.25, 0.25]
Trust scores at iteration 37: [-0.7169081232677574, -0.24698503544854727, -2.014287823644355, -1.4727659539167048, -1.5624390561188384, -0.6691669252688118, -1.2021764092251588, -0.4875600581328667, -0.42202129803941, -0.34951873064682987]
X.shape (10, 5)
s1 and s2 score at iteration 37
S_1 [-0.026974247936637066, 0.07478218106330384, -0.01384853609236011, -0.015743513989342026, -0.13667297693605754, -0.22380868578831267, 0.08724552759390553, -0.12860918683368922, 0.07612768802008332, -0.13985605523069303]
S_2 [0.25, 0.3333333333333333, 0.3333333333333333, 0.25, 0.5, 0.3333333333333333, 0.25, 0.25, 0.25, 0.3333333333333333]
Trust scores at iteration 38: [-0.7445885712107417, -0.11574563517627162, -1.657620660505622, -1.2350713690185613, -1.8636671665841962, -1.4379990553746973, -0.6915234864576111, -0.9335239477506923, -0.18364439687908163, -0.9255681816186788]
X.shape (10, 5)
s1 and s2 score at iteration 38
S_1 [0.00031629475703500966, 0.1119398280449281, -0.18523147841891136, -0.011240667805144532, -0.02738856378673601, -0.12067545939910818, -0.09034362303960744, 0.014967993046160557, 0.05325835007578264, -0.2557646226154639]
S_2 [0.25, 0.25, 0.3333333333333333, 0.25, 0.25, 0.25, 0.25, 0.25, 0.25, 0.3333333333333333]
Trust scores at iteration 39: [-0.7453643263360643, -0.006021944623390119, -1.9567569108802108, -1.1196750746405781, -1.6029686760497843, -1.5550109291856913, -0.9511883678561832, -0.8383523734690705, -0.21081809973429316, -1.6333497965595454]
X.shape (10, 5)
s1 and s2 score at iteration 39
S_1 [-0.15169067558727192, -0.08050658651646897, -0.06819224049905273, -0.15666049183674902, -0.0498393607812415, -0.15253044064226437, -0.09148782573349824, -0.1569366108132081, -0.05633048065703845, -0.10392981738292527]
S_2 [0.25, 0.25, 0.25, 0.25, 0.3333333333333333, 0.25, 0.25, 0.25, 0.3333333333333333, 0.25]
Trust scores at iteration 40: [0.16632254645430988, 0.25538106167824415, -1.1842576359458632, -0.06577996939180764, -1.122078073234849, -0.3953752451303135, -0.3401356348788384, 0.1328079751070923, -0.10850041984502046, -0.742756071416625]
X.shape (10, 5)
s1 and s2 score at iteration 40
S_1 [0.08403780255259197, 0.15608225440410262, 0.16717836361301497, -0.06637053957766999, 0.1864264265164437, 0.29001623638521135, 0.158871028190847, -0.4865946418420827, 0.26067092272921216, 0.09829051151340158]
S_2 [0.25, 0.25, 0.25, 0.3333333333333333, 0.25, 0.25, 0.3333333333333333, 0.5, 0.25, 0.25]
Trust scores at iteration 41: [0.05335657329033375, 0.1902221047947195, -0.8060468925077895, -0.31470131360472964, -0.7426105241492236, -0.1267626715912194, -0.27375480590670553, -0.7103800037691407, 0.0436941846158667, -0.5682551029799011]
X.shape (10, 5)
s1 and s2 score at iteration 41
S_1 [0.16866839794238528, 0.20698956548566755, -0.010325488876770872, 0.2143830226210802, 0.2182213527507631, -0.31168615020790613, -0.21458973992149266, 0.11552052334201852, 0.16124340942991428, -0.15703760470197092]
S_2 [0.25, 0.25, 0.25, 0.25, 0.25, 0.5, 0.25, 0.25, 0.25, 0.3333333333333333]
Trust scores at iteration 42: [0.11922663233102629, 0.26771456376127833, -0.7284277998300007, -0.07556766730435865, -0.3698273669044565, -0.8172246840681031, -0.6366358011473978, -0.4884540597842665, 0.10225545065609075, -0.8136661596970223]
X.shape (10, 5)
s1 and s2 score at iteration 42
S_1 [0.047623427151081, 0.2025186700216766, 0.022318004093566508, 0.16150380832503247, 0.07902102727795547, -0.12665367251519546, 0.05712891459004029, -0.15249523737667553, -0.08926839099744524, -0.29452321433327655]
S_2 [0.3333333333333333, 0.25, 0.25, 0.25, 0.3333333333333333, 0.25, 0.25, 0.5, 0.3333333333333333, 0.5]
Trust scores at iteration 43: [-0.04599463620032665, 0.33740019463289483, -0.626838798227666, 0.036345476484152955, -0.3418217606886098, -0.9096750513251022, -0.5110174342481668, -0.8678158847706885, -0.2606584607205925, -1.3058567747389398]
X.shape (10, 5)
s1 and s2 score at iteration 43
S_1 [0.08659596635927927, 0.027405263853494774, -0.04016045916627734, -0.06710084567191266, 0.029472639477338396, -0.18649134515069837, -0.2683134692517237, -0.19219775856973517, -0.03461058302157037, 0.007269623769366684]
S_2 [0.3333333333333333, 0.3333333333333333, 0.3333333333333333, 0.3333333333333333, 0.3333333333333333, 0.3333333333333333, 0.3333333333333333, 0.3333333333333333, 0.3333333333333333, 0.3333333333333333]
Trust scores at iteration 44: [-0.032196245340228656, 0.031121962077474558, -0.8779176316487904, -0.5070199605596206, -0.4371712637299758, -1.582846549503314, -1.5872478874437093, -1.5733142295335174, -0.6023646009666679, -1.1889151151053887]
X.shape (10, 5)
s1 and s2 score at iteration 44
S_1 [0.006015783659579283, -0.14563807783233784, -0.17756373150430804, -0.2430188540198327, -0.15996281374282317, 0.03173796970072128, 0.08387385903181564, -0.12492067980062756, -0.009242985964238571, 0.026655109659989726]
S_2 [0.2, 0.3333333333333333, 0.3333333333333333, 0.3333333333333333, 0.5, 0.2, 0.2, 0.3333333333333333, 0.2, 0.2]
Trust scores at iteration 45: [-0.1210201181062603, -0.6991328703710342, -1.449652256806894, -1.4241437544421194, -1.1781748405984436, -1.1144722218107261, -0.9310735212105964, -1.7481362199083272, -0.5747155307813896, -0.8569005903753526]
X.shape (10, 5)
s1 and s2 score at iteration 45
S_1 [-0.05724226736911972, 0.2699216039144956, -0.6092923491007833, -0.081125005820511, 0.387719405204912, 0.35045228110674786, 0.364033868270161, -0.0941500044705332, 0.36519420446965706, 0.30147268473537336]
S_2 [0.3333333333333333, 0.16666666666666666, 0, 0.5, 0.16666666666666666, 0.16666666666666666, 0.16666666666666666, 0.3333333333333333, 0.16666666666666666, 0.16666666666666666]
Trust scores at iteration 46: [-0.32900559860111295, -0.38053969914089675, -1.4861998510491987, -1.359671542898468, -0.6247223884189104, -0.6089661953705371, -0.47007827796287105, -1.4965444323208337, -0.21972986821275747, -0.4665642826371388]
X.shape (10, 5)
s1 and s2 score at iteration 46
S_1 [-0.019399253570531863, -0.11639728639714801, -0.051230631417300616, -0.04424822033254596, -0.1767354361304361, -0.14206767465400358, -0.04254582146623972, -0.18203773135271792, -0.12225283809877811, -0.04393086700417624]
S_2 [0.25, 0.25, 0.25, 0.3333333333333333, 0.3333333333333333, 0.3333333333333333, 0.25, 0.5, 0.3333333333333333, 0.3333333333333333]
Trust scores at iteration 47: [-0.08030391902077902, 1.383649505063251, -0.3980831540350306, -0.46749292207022336, 2.095821695423153, 1.5707309986642297, 0.17889559477810885, 1.4675436756180114, 1.5367696393987869, 0.1527744455882919]
X.shape (10, 5)
s1 and s2 score at iteration 47
S_1 [0.18535839322700742, -0.2994470959288153, 0.2645740613254812, -0.4065515589590755, -0.09774944592218236, 0.1744129617523545, 0.22384511321509207, -0.0679565227738499, 0.11788771112925062, 0.13104111530083812]
S_2 [0.2, 0.5, 0.2, 0.5, 0.3333333333333333, 0.2, 0.2, 0.3333333333333333, 0.25, 0.2]
Trust scores at iteration 48: [0.0339647687571819, 0.32901218922034514, -0.09865820782452137, -1.0882330466035088, 1.1562372851903537, 1.1772782082366102, 0.2590444433845427, 0.7502248074126663, 1.0594113879037335, 0.1355293709700121]
X.shape (10, 5)
s1 and s2 score at iteration 48
S_1 [-0.1528167857985133, -0.14619780830944787, 0.12237525690055223, -0.11231341594387473, 0.04041595168363459, 0.10951578339879417, -0.21804373388686116, 0.13734482286217464, 0.11626097639116113, 0.10662845467041694]
S_2 [0.3333333333333333, 0.5, 0.25, 0.5, 0.3333333333333333, 0.25, 0.5, 0.25, 0.25, 0.25]
Trust scores at iteration 49: [-0.510019811801175, -0.3890288956252075, 0.048241481902797506, -1.3070874490473594, 0.6976459870903641, 0.913308240202239, -0.5949381715949489, 0.6751573651888664, 0.8455348782343582, 0.17777731025398674]
X.shape (10, 5)
s1 and s2 score at iteration 49
S_1 [0.151385445461301, 0.21823096732354474, -0.40797939364601626, 0.0965981640014548, -0.15258215486682575, 0.1268096742375321, 0.09432650489409099, 0.23492661264984666, 0.045683964552576124, -0.1331992124438576]
S_2 [0.25, 0.25, 0.5, 0.5, 0.5, 0.25, 0.3333333333333333, 0.25, 0.25, 0.5]
Trust scores at iteration 50: [-0.3136954820374558, -0.14364047474352462, -0.7872184179131843, -1.091605887009594, -0.006494386628505433, 0.6512510288689749, -0.4960022890537526, 0.6226101556322065, 0.5002125877414995, -0.3456505489072157]
X.shape (10, 5)
s1 and s2 score at iteration 50
S_1 [-0.1381252057261909, 0.14665537747003385, -0.24346388649989598, 0.02870718466348155, 0.1205976590015046, -0.355521334973115, 0.27036362201209363, 0.15982205998061993, 0.1312917651445057, 0.1916146951227066]
S_2 [0.3333333333333333, 0.25, 0.5, 0.25, 0.25, 0.5, 0.25, 0.25, 0.25, 0.25]
Trust scores at iteration 51: [-0.5728528774706291, -0.08781707094151533, -1.1212044958000469, -0.8822701483383972, -0.02072888979587914, -0.2386167033588339, -0.1972016023376268, 0.4631683416030586, 0.34583235142425733, -0.17933651151466462]
X.shape (10, 5)
s1 and s2 score at iteration 51
S_1 [0.0626350610518341, 0.07380244775149729, 0.017596325002692197, -0.164606379082266, -0.016953629967395467, 0.12140793132248565, 0.09120000941793455, -0.26206148463343987, -0.22141601654033113, 0.02560857333593953]
S_2 [0.25, 0.25, 0.25, 0.3333333333333333, 0.25, 0.25, 0.25, 0.3333333333333333, 0.3333333333333333, 0.25]
Trust scores at iteration 52: [-0.47122526158637323, -0.10410549234221031, -0.9663624827961326, -1.32433282466934, -0.28140278238610444, -0.09203169235118369, -0.1376851458994135, -0.6233382516014909, -0.6050381577144408, -0.2872565620581401]
X.shape (10, 5)
s1 and s2 score at iteration 52
S_1 [-0.1834437489676726, -0.24443956222133809, -0.09218838142197316, -0.012015295473701025, -0.044961230729321136, -0.07956272590906306, -0.032357081177805655, -0.08158765549522029, -0.04907254811803351, -0.12698551295633206]
S_2 [0.5, 0.5, 0.3333333333333333, 0.3333333333333333, 0.3333333333333333, 0.3333333333333333, 0.3333333333333333, 0.3333333333333333, 0.3333333333333333, 0.3333333333333333]
Trust scores at iteration 53: [3.9503979427921907, 5.730335920522665, 1.4253219018616605, -0.827032977268538, 0.7256179291550259, 1.7221138789044004, 0.5115176630345147, 1.4007580836882383, 0.6017252584451791, 2.7695169158405815]
X.shape (10, 5)
s1 and s2 score at iteration 53
S_1 [-0.17177381435153874, 0.2666198858185283, -0.11094947689311635, 0.2032452655354238, -0.19857258688196083, 0.28730923332561065, -0.1376391942031678, 0.07194029374124351, 0.21574404666670946, 0.00896982716457888]
S_2 [0.3333333333333333, 0.16666666666666666, 0.5, 0.16666666666666666, 0.3333333333333333, 0.16666666666666666, 0.3333333333333333, 0.16666666666666666, 0.16666666666666666, 0.16666666666666666]
Trust scores at iteration 54: [2.3859173061967756, 4.189631925491621, 0.5818750932768304, -0.46670025033196866, 0.10058879269128895, 1.4054797152330802, 0.014343494448454619, 0.9556486346821513, 0.5464813807883757, 1.8480278754417965]
X.shape (10, 5)
s1 and s2 score at iteration 54
S_1 [0.009062466317334553, 0.29755389091645035, 0.32597673128217985, 0.10250598843852492, 0.1520673352853811, 0.2712535634554702, -0.1104819450294712, 0.21055129041338919, 0.11867189830863643, -0.2807505761778044]
S_2 [0.5, 0.2, 0.2, 0.25, 0.2, 0.2, 0.5, 0.2, 0.3333333333333333, 0.5]
Trust scores at iteration 55: [1.3784824025678462, 3.0865844927230652, 0.5873125652937813, -0.3823527775580104, 0.09036140956283048, 1.1134734625801914, -0.39163731284290115, 0.7427267312897516, 0.29175203031594693, 0.7352416447876521]
X.shape (10, 5)
s1 and s2 score at iteration 55
S_1 [0.3041296478536661, -0.1814026836885424, 0.4418709032949897, 0.048604556349510365, 0.3251980080203729, 0.5227057300239045, 0.31899155797586576, 0.36799914574228937, 0.5057265995349596, 0.29770403896746994]
S_2 [0.25, 0.3333333333333333, 0.16666666666666666, 0.25, 0.16666666666666666, 0.16666666666666666, 0.2, 0.16666666666666666, 0.16666666666666666, 0.16666666666666666]
Trust scores at iteration 56: [0.9144888472341659, 1.7564954878699504, 0.5147247222801166, -0.4647510057781554, 0.09989605716816624, 0.929431423806134, -0.2710651579521955, 0.5811169259731751, 0.3444814751566716, 0.535532424050044]
X.shape (10, 5)
s1 and s2 score at iteration 56
S_1 [-0.20848665296171812, 0.0644338281449964, 0.020940151853867224, -0.3176851768694692, 0.03725939640130012, -0.2600012750654811, 0.07334530813870647, 0.04279440773479685, -0.058969015099699734, -0.08080606289394866]
S_2 [0.5, 0.25, 0.25, 0.5, 0.3333333333333333, 0.5, 0.25, 0.3333333333333333, 0.3333333333333333, 0.25]
Trust scores at iteration 57: [-0.5126185011884282, 1.3430967390285562, 0.2959575771073815, -1.9247346980134075, 0.022327157668224837, -0.7128659264935784, -0.039745610566536804, 0.38182129714174706, -0.20006046152934517, -0.10564358952837039]
X.shape (10, 5)
s1 and s2 score at iteration 57
S_1 [-0.18458302721239644, -0.04220321509386779, -0.14341205952936376, -0.03488928310164793, -0.12758514570458604, -0.19493841050396418, -0.00411233453416221, -0.11662554880851037, -0.08325489980989115, -0.02272360575997859]
S_2 [0.5, 0.25, 0.3333333333333333, 0.25, 0.3333333333333333, 0.3333333333333333, 0.25, 0.5, 0.25, 0.5]
Trust scores at iteration 58: [12.806732095908702, 3.8689455801087496, 10.469261240741373, 1.047902994552803, 9.123126587087533, 13.52199719283355, 0.12217807260342425, 8.475256044237454, 5.783507806541108, 1.2837652376812723]
X.shape (10, 5)
s1 and s2 score at iteration 58
S_1 [-0.07360492923279979, 0.19379016628540358, -0.20431519468154186, -0.07636886809842056, 0.1460879101194687, -0.0756103035480927, -0.1553573759811742, 0.04168255273527886, 0.15078956506319227, -0.21205650117541083]
S_2 [0.25, 0.25, 0.3333333333333333, 0.25, 0.25, 0.3333333333333333, 0.3333333333333333, 0.25, 0.25, 0.3333333333333333]
Trust scores at iteration 59: [8.625767166437397, 2.783261906076125, 6.712189428148043, 0.3903080352416579, 6.38734236208245, 9.048348282154327, -0.45497884678909545, 5.7722065806263, 4.0568876886490886, 0.2703581713313902]
X.shape (10, 5)
s1 and s2 score at iteration 59
S_1 [0.17380335144838893, -0.02978700878724491, 0.15186407458785586, -0.18042685554056448, -0.09058838925302642, 0.24057905648545694, -0.2597163100845092, -0.06112814786850476, -0.07732369220790897, 0.21902877180429003]
S_2 [0.25, 0.3333333333333333, 0.25, 0.5, 0.3333333333333333, 0.25, 0.5, 0.5, 0.3333333333333333, 0.25]
Trust scores at iteration 60: [6.10476829060887, 1.7111391922539039, 4.737905785557449, -0.25177510167630346, 4.158176716563203, 6.483843797508029, -0.9423491822599603, 3.664318335421921, 2.543399407501581, 0.3123777015620599]
X.shape (10, 5)
s1 and s2 score at iteration 60
S_1 [-0.3212054475896553, -0.00859358657823576, -0.002508187532957574, 0.01719369236635361, -0.1903982875766538, 0.0657031153442677, 0.06564963747219524, 0.06559088081742061, 0.01617254997067452, -0.30593471054081994]
S_2 [0.3333333333333333, 0.25, 0.3333333333333333, 0.3333333333333333, 0.3333333333333333, 0.25, 0.25, 0.25, 0.3333333333333333, 0.3333333333333333]
Trust scores at iteration 61: [2.506715805793585, 0.9335591738048261, 3.005081681826012, -0.3977362829574138, 1.7413663511291309, 4.61369065825562, -0.5848886072002091, 2.6395103726711713, 1.5542233438884303, -1.4782315198742473]
X.shape (10, 5)
s1 and s2 score at iteration 61
S_1 [0.011908450540192992, 0.18621080731311188, 0.34696007408704244, -0.2020261808761634, -0.10681380857865858, 0.4158373540690455, 0.4125638483989597, 0.40656057546178537, 0.3663095569258219, 0.3027221206998173]
S_2 [0.3333333333333333, 0.16666666666666666, 0.16666666666666666, 0.5, 0.5, 0.16666666666666666, 0.16666666666666666, 0.16666666666666666, 0.16666666666666666, 0.16666666666666666]
Trust scores at iteration 62: [1.5632922479092444, 0.6878305849138688, 2.2538666341069233, -0.72416433974123, 0.8418971285837005, 3.4295834607789337, -0.21178364958256943, 2.040964659652191, 1.2522252093130088, -0.9163674552475816]
X.shape (10, 5)
s1 and s2 score at iteration 62
S_1 [-0.1902725870149863, -0.14151012798567503, 0.07200855500180231, -0.21431207965888194, -0.11563180273472905, 0.08799094861556266, 0.08799094861556268, 0.08799094861556268, -0.16325083721351064, -0.047260954417682986]
S_2 [0.5, 0.3333333333333333, 0.25, 0, 0, 0.25, 0.25, 0.25, 0.3333333333333333, 0.3333333333333333]
Trust scores at iteration 63: [0.1455813013975451, -0.20098910671738185, 1.673215606335559, -1.2375995560477415, 0.1950881123141328, 2.550708422545253, 0.00175144529220142, 1.5786752617565334, 0.11996345206361991, -1.0025906823804733]
X.shape (10, 5)
s1 and s2 score at iteration 63
S_1 [-0.051020823971430346, -0.08019114464026761, -0.07579939360745706, -0.07040042692719578, -0.13432977685589698, 0.07036227382058988, 0.07036227382058986, 0.07036227382058988, 0.04548311148822973, -0.2593015760372428]
S_2 [0.5, 0.5, 0.3333333333333333, 0.3333333333333333, 0.5, 0.3333333333333333, 0.3333333333333333, 0.3333333333333333, 0.3333333333333333, 0.5]
Trust scores at iteration 64: [-0.4156279462728792, -0.7825992245777389, 0.6480689570610221, -1.3664823606674172, -0.7361732668073049, 1.8854958957816772, 0.10122601170454096, 1.2050726832295733, 0.07789841442761286, -2.1073842414754065]
X.shape (10, 5)
s1 and s2 score at iteration 64
S_1 [-0.2331363403312919, -0.08167181479981701, 0.05277961437450173, -0.3673752334568124, -0.1018599881542336, 0.13857946938940013, 0.13952179137484258, 0.14091053137280166, -0.1351782546818674, -0.028245711554844805]
S_2 [0.5, 0.5, 0.25, 0.5, 0.5, 0.25, 0.25, 0.25, 0, 0.25]
Trust scores at iteration 65: [-1.0872892774761682, -1.021699607972725, 0.41601662281237717, -2.038683379712081, -1.032182270458546, 1.4648842716224768, 0.21790156616416323, 0.9935508782607013, -0.2332670326714782, -1.6853043853419805]
X.shape (10, 5)
s1 and s2 score at iteration 65
S_1 [0.012668737937920017, 0.21446969882627506, 0.031980435865923536, -0.2160157609779805, -0.05418986561300399, -0.010732042774579472, -0.004593620497947574, 0.018424390239789843, 0.07666673864807244, 0.027886857478358715]
S_2 [0.3333333333333333, 0.3333333333333333, 0.25, 0.5, 0.3333333333333333, 0.25, 0.25, 0.25, 0.3333333333333333, 0.3333333333333333]
Trust scores at iteration 66: [-0.9433814762891717, -0.6151897255809075, 0.18594583764042794, -2.029240995988409, -0.9983283190877996, 0.8604070194471294, -0.003894455438671951, 0.5712576334041713, -0.25604556560467934, -1.3407049614178266]
X.shape (10, 5)
s1 and s2 score at iteration 66
S_1 [0.09090932942624735, -0.04813232077543717, 0.013057136419082904, 0.22043250391291455, 0.2207697721637224, 0.038346629230333, 0.03811981709553072, 0.037917618034410405, 0.1975199960054047, -0.44153308567264593]
S_2 [0.25, 0.3333333333333333, 0.25, 0.25, 0.25, 0.3333333333333333, 0.3333333333333333, 0.3333333333333333, 0.25, 0]
Trust scores at iteration 67: [-0.7618320106473631, -0.7960389370660326, -0.0770948101129609, -1.3459270048408487, -0.6238298233614596, 0.3543934457564606, -0.2509257975195241, 0.15140590006958096, -0.13582559092569962, -1.5384846964447627]
X.shape (10, 5)
s1 and s2 score at iteration 67
S_1 [0.005074731457413236, -0.1075436075740828, 0.3616985112452178, 0.2691097079640287, 0.029555333839265355, 0.22975645512101212, 0.22995798559416514, 0.23060131448725263, 0.06597426404804334, 0.19685866904691351]
S_2 [0.2, 0.25, 0.2, 0.2, 0.25, 0.2, 0.2, 0.2, 0.3333333333333333, 0.25]
Trust scores at iteration 68: [-0.7090733233958747, -0.8714260811256599, 0.06603363292092737, -0.8989439139312977, -0.6371670896601913, 0.25864002425037225, -0.16491629262618346, 0.11724948557369558, -0.34035753576676986, -1.1386607589081699]
X.shape (10, 5)
s1 and s2 score at iteration 68
S_1 [-0.20932173634628626, 0.14616226605313343, 0.2290722624306883, -0.48875469649944125, 0.17634917252147841, 0.3317468692428197, 0.32864288170846134, 0.3236669174213598, -0.02850887165149564, -0.005469649685490414]
S_2 [0.5, 0.2, 0.2, 0.5, 0.2, 0.2, 0.2, 0.2, 0.2, 0.5]
Trust scores at iteration 69: [-0.9856417966902546, -0.5978231441304698, 0.1333744918570889, -1.3712435361065298, -0.4065437117343441, 0.36104801697526057, 0.061751647013425684, 0.2547679076572993, -0.3840309599154518, -1.102008756981247]
X.shape (10, 5)
s1 and s2 score at iteration 69
S_1 [-0.12029787454962183, 0.1688086224664975, -0.07081258752357233, -0.44183181502859054, 0.05590041413598528, 0.2580529634762212, 0.2565342884089598, 0.25365210365714563, 0.061778253573777836, -0.10336496720111847]
S_2 [0.5, 0.2, 0.3333333333333333, 0.5, 0.2, 0.2, 0.2, 0.2, 0.2, 0.5]
Trust scores at iteration 70: [-1.1298017975599857, -0.34222739189590023, -0.18896117402546073, -1.773522954684253, -0.3395934575321983, 0.43273361188268245, 0.2214606141066615, 0.353221306784636, -0.3170012370096702, -1.1915732837246273]
X.shape (10, 5)
s1 and s2 score at iteration 70
S_1 [-0.04608528890899834, -0.1785165697325506, -0.08050279473270809, 0.20225683187397736, 0.1456755773932528, 0.1947423052585592, 0.1960015948803054, 0.19825814124191068, -0.2463926928222355, -0.18506608074340924]
S_2 [0.25, 0.5, 0.3333333333333333, 0.25, 0.3333333333333333, 0.25, 0.25, 0.25, 0.3333333333333333, 0.5]
Trust scores at iteration 71: [-1.0092178450366789, -0.8043461307110527, -0.45167960870381696, -1.0914660682789772, -0.2216402804957712, 0.44176751182123797, 0.295744270611935, 0.39132380637329944, -0.7873659390110861, -1.4086028999060087]
X.shape (10, 5)
s1 and s2 score at iteration 71
S_1 [0.2736713881255482, 0.30579490486974825, 0.3106542850496479, 0.3605701271923152, -0.3157801479029812, 0.3921158360517649, 0.3927051047268002, 0.3862041163848282, -0.17160049468702152, -0.22504251155504512]
S_2 [0.14285714285714285, 0.14285714285714285, 0.14285714285714285, 0.14285714285714285, 0.5, 0.14285714285714285, 0.14285714285714285, 0.14285714285714285, 0.5, 0.5]
Trust scores at iteration 72: [-0.5831004436235915, -0.4151500608802683, -0.16457125940690964, -0.5742894714895133, -0.6963827594597338, 0.523072811357218, 0.4213067037140688, 0.4832460656558091, -0.9822472681348541, -1.45793920812694]
X.shape (10, 5)
s1 and s2 score at iteration 72
S_1 [0.2818780975176398, 0.3682225903382268, -0.2913639939393693, 0.2968667615027043, 0.08868602816229766, 0.42871432226977785, 0.43290572308513625, 0.43881714516338427, -0.4340550865898684, 0.27304130283978306]
S_2 [0.16666666666666666, 0.16666666666666666, 0.5, 0.16666666666666666, 0.2, 0.16666666666666666, 0.16666666666666666, 0.16666666666666666, 0.5, 0.2]
Trust scores at iteration 73: [-0.31546264132316426, -0.138867437741296, -0.6143926413601319, -0.2990478698824752, -0.5468371911369969, 0.5592441118677692, 0.4908733130798795, 0.5382722459590664, -1.2843174774982127, -0.9538911046974717]
X.shape (10, 5)
s1 and s2 score at iteration 73
S_1 [-0.30775219777927343, -0.07100594940395234, 0.0320121077771207, -0.0038543180385903148, -0.011413920631229047, 0.13724349870891533, 0.137224425429982, 0.13711347662263046, -0.06386375398763966, -0.10835061107094421]
S_2 [0.3333333333333333, 0.3333333333333333, 0.3333333333333333, 0.3333333333333333, 0.5, 0.2, 0.2, 0.2, 0.2, 0.2]
Trust scores at iteration 74: [-1.0935381137352085, -0.45241881951225615, -0.5600997140751762, -0.4177586468838634, -0.7077356760126936, 0.5714708783074385, 0.5235696269538528, 0.556506357427097, -1.1586217517233592, -1.0245669288990085]
X.shape (10, 5)
s1 and s2 score at iteration 74
S_1 [0.05336623147249572, 0.40742325082357583, 0.2709590388712625, 0.2995099608423235, 0.009965581666003785, 0.1481779902827022, 0.14601493537577265, 0.14224638700318432, -0.13113958535850193, 0.2430910039839959]
S_2 [0.2, 0.2, 0.2, 0.2, 0.25, 0.25, 0.25, 0.25, 0.3333333333333333, 0.2]
Trust scores at iteration 75: [-0.9061812554841233, -0.1966931736585793, -0.37255317556311196, -0.25189138535724775, -0.7130769666180546, 0.28413825550999156, 0.2490146465243765, 0.2692954437841232, -1.2075978929859814, -0.7182004354498802]
X.shape (10, 5)
s1 and s2 score at iteration 75
S_1 [0.38558967446735715, 0.13108744194828906, 0.32848096082901795, 0.4347901725702604, -0.716162110838535, 0.44739999669709246, 0.44936810030186286, 0.44061610260832873, 0.3997812620836585, 0.11391802472201351]
S_2 [0.14285714285714285, 0.2, 0.14285714285714285, 0.14285714285714285, 0, 0.14285714285714285, 0.14285714285714285, 0.14285714285714285, 0.14285714285714285, 0.25]
Trust scores at iteration 76: [-0.5483341908088952, -0.2901707038236109, -0.21292054799238433, -0.0574848259504008, -0.9772666601329267, 0.32615429333208495, 0.3028816811384921, 0.3112353694075789, -0.749851474545299, -0.7266881609407811]
X.shape (10, 5)
s1 and s2 score at iteration 76
S_1 [0.08240571984853594, 0.01855625961265485, -0.12821669051156545, 0.1465497232035949, 0.14770050257071132, 0.26639114992064683, 0.2619611897439771, 0.25397804937716956, 0.10502403883945984, -0.4365706074456436]
S_2 [0.2, 0.2, 0.3333333333333333, 0.5, 0.25, 0.2, 0.2, 0.2, 0.3333333333333333, 0.3333333333333333]
Trust scores at iteration 77: [-0.4110316165150598, -0.30222210969118923, -0.4934373454664418, -0.17520042332697294, -0.6677517414907216, 0.4083080053324595, 0.3870283171693, 0.38388557735442547, -0.6066217889824761, -1.20033161271231]
X.shape (10, 5)
s1 and s2 score at iteration 77
S_1 [-0.0010838556963870876, -0.0013023473790718294, -0.06302248068271764, 0.05923294752135561, -0.2136242183711499, 0.18271494412037134, 0.18397794766312806, 0.185933696728254, -0.3602317223850981, -0.1072673838617858]
S_2 [0.3333333333333333, 0.3333333333333333, 0.3333333333333333, 0.25, 0.5, 0.25, 0.25, 0.25, 0, 0.25]
Trust scores at iteration 78: [-0.4894709092949584, -0.4136567861247239, -0.6470915519350808, -0.17706921605085194, -1.1121042770773313, 0.4306222159856041, 0.41776426318295745, 0.41871990414809784, -1.0058613485637369, -1.1633057337630854]
X.shape (10, 5)
s1 and s2 score at iteration 78
S_1 [-0.017769497230795097, -0.07305520674001917, 0.03537308825365245, -0.14836011901177223, 0.14382868104660493, 0.18457371764112046, 0.18251834788767016, 0.18206222777400388, -0.4140885772924718, -0.2240397406639208]
S_2 [0.2, 0.3333333333333333, 0.3333333333333333, 0.3333333333333333, 0.2, 0.2, 0.2, 0.2, 0.5, 0.5]
Trust scores at iteration 79: [-0.49151158805064293, -0.6083012607369129, -0.5954698417149744, -0.5650880689035449, -0.6646986252876335, 0.4814355511899229, 0.4690942543889822, 0.4690218405572384, -1.6771487859236598, -1.478460778721598]
X.shape (10, 5)
s1 and s2 score at iteration 79
S_1 [0.2177982108742419, 0.06278609560857279, -0.07484179650402041, -0.4097440056486536, 0.1928218378907738, 0.23485673157124046, 0.241916120021763, 0.25126780449490954, 0.08170550245913889, -0.10148672153627834]
S_2 [0.2, 0.3333333333333333, 0.3333333333333333, 0.5, 0.2, 0.2, 0.2, 0.2, 0.3333333333333333, 0.3333333333333333]
Trust scores at iteration 80: [-0.20401897373787553, -0.550847722311391, -0.7061858961450824, -1.1847735547944556, -0.3550703215251368, 0.49741096337639634, 0.49720057887765734, 0.5083152883900669, -1.276452254124649, -1.3560921335531297]
X.shape (10, 5)
s1 and s2 score at iteration 80
S_1 [0.34370453257683403, 0.5582022740695767, 0.11610773432619707, -0.5276357381091826, 0.602860154075055, 0.5247555875427292, 0.5247555875427292, 0.5572112942532361, 0.5897696298585114, 0.4820499527093044]
S_2 [0.125, 0.125, 0.25, 0, 0.125, 0.125, 0.125, 0.125, 0.125, 0.125]
Trust scores at iteration 81: [-0.12177633535946594, -0.2578164102585748, -0.7365516855478462, -1.091907724261383, -0.09854922506759572, 0.45932066714577935, 0.45917339799666207, 0.4831045580808653, -0.7500307872580632, -0.8593830137853709]
X.shape (10, 5)
s1 and s2 score at iteration 81
S_1 [0.16077066534571927, 0.02291308017776152, 0.12859637327163753, -0.00224833407889325, -0.3449095695083113, -0.22008560057553195, 0.07214116638140038, 0.12245705372734281, -0.22889525854060425, 0.11549809021565853]
S_2 [0.25, 0.3333333333333333, 0.25, 0.25, 0.5, 0.5, 0.25, 0.25, 0.5, 0.25]
Trust scores at iteration 82: [0.06475656524837387, -0.33771540329874156, -0.42562379682977014, -0.9185308254830877, -1.0125898729381573, -0.38915791731650407, 0.306037664895171, 0.41667952941687514, -1.2521428633829677, -0.5360472807088091]
X.shape (10, 5)
s1 and s2 score at iteration 82
S_1 [-0.11817995437869182, -0.06757823544738048, -0.01701985099756207, -0.1703538959876407, -0.14052749767744213, -0.09291383526352003, -0.0759655035757317, -0.06496401342446032, -0.1777828131046428, -0.023997089559275406]
S_2 [0.25, 0.25, 0.25, 0.3333333333333333, 0.3333333333333333, 0.25, 0.3333333333333333, 0.3333333333333333, 0.3333333333333333, 0.3333333333333333]
Trust scores at iteration 83: [1.9034257590119539, 0.7297653822547261, -0.22293665778083904, 2.0597673300178876, 1.4681916942874498, 1.1403329717933877, 1.253230512759279, 1.136762312662283, 1.957184534881564, -0.2522489664462718]
X.shape (10, 5)
s1 and s2 score at iteration 83
S_1 [0.19320873397948088, 0.3282446406889123, 0.27194053537511687, -0.27941009776845244, 0.2611609295377864, 0.22767822701883603, 0.2569247268191053, -0.2114913150733556, -0.24996897096537335, -0.06508766079674155]
S_2 [0.16666666666666666, 0.16666666666666666, 0.16666666666666666, 0.3333333333333333, 0.16666666666666666, 0.16666666666666666, 0.16666666666666666, 0.3333333333333333, 0.3333333333333333, 0.3333333333333333]
Trust scores at iteration 84: [1.358981630882739, 0.6608357675783083, -0.05751493654836219, 0.8864695821178618, 1.1164228625227883, 0.8563201581199088, 0.9620783475164826, 0.3024406091472938, 0.8415694160727596, -0.5360613048399241]
X.shape (10, 5)
s1 and s2 score at iteration 84
S_1 [-0.03340480550196126, 0.12723227528605202, -0.09239558591066406, 0.08997298758732447, 0.10840733030648224, -0.2675790017149987, 0.01232670161774382, -0.1414432211418142, -0.18994610018808553, -0.015118001635415941]
S_2 [0.3333333333333333, 0.3333333333333333, 0.3333333333333333, 0.3333333333333333, 0.3333333333333333, 0.5, 0.3333333333333333, 0.3333333333333333, 0.3333333333333333, 0.3333333333333333]
Trust scores at iteration 85: [0.6725222085216763, 0.5625850373048158, -0.45811929455282013, 0.6326753205609251, 0.8371088112774586, -0.33149835245698456, 0.50251987787645, -0.32179945315924324, -0.05877385250055234, -0.6108895327730675]
X.shape (10, 5)
s1 and s2 score at iteration 85
S_1 [-0.11462712634652633, 0.005237207320116449, -0.032029203614885385, 0.03189165502685329, -0.09701528276162605, -0.12518492888045063, -0.23107377066510443, 0.08770734492734432, -0.28498011041479704, 0.03524358070009592]
S_2 [0.5, 0.3333333333333333, 0.25, 0.25, 0.3333333333333333, 0.3333333333333333, 0.5, 0.25, 0.5, 0.25]
Trust scores at iteration 86: [-0.22131265378474063, 0.21172321620781484, -0.580238311345258, 0.4019570492685355, 0.0541386820759272, -0.8602396521221698, -0.7386160845271235, -0.07525961721147023, -1.3159065034522806, -0.4570731999319325]
X.shape (10, 5)
s1 and s2 score at iteration 86
S_1 [-0.2778377098857985, -0.1663726888984124, 0.004430481190937425, 0.07226219231351914, 0.07767018516826786, 0.019419165891064134, -0.2068640248360756, -0.28857368206710904, 0.023832125659659746, 0.07162967578224115]
S_2 [0.3333333333333333, 0.5, 0.5, 0.2, 0.2, 0.2, 0.3333333333333333, 0.3333333333333333, 0.2, 0.2]
Trust scores at iteration 87: [-1.4280631122325136, -0.794405924245366, -0.6890541465298421, 0.44048163799544315, 0.21789707745314907, -0.6471615008071256, -1.516040651465079, -1.3672935284867704, -0.9490833015742216, -0.16328262266866905]
X.shape (10, 5)
s1 and s2 score at iteration 87
S_1 [-0.013322407174206815, 0.07978521910919485, 0.06058094750801805, 0.14328676669951018, -0.1301858778801346, -0.07465505339802453, -0.16385591656997545, -0.11658590524571125, -0.20660122274624199, -0.008979526737762157]
S_2 [0.3333333333333333, 0.25, 0.25, 0.3333333333333333, 0.25, 0.25, 0.25, 0.25, 0.25, 0.25]
Trust scores at iteration 88: [-1.3275373486322863, -0.6140375572266317, -0.5804993628296787, 0.30833714659681016, -0.3450426694604525, -0.8343185945820121, -1.629294156391873, -1.4262017837829088, -1.321920007143663, -0.35809830211753013]
X.shape (10, 5)
s1 and s2 score at iteration 88
S_1 [-0.06574365006607365, 0.13771769164935138, 0.1541255504168304, -0.07587788000879059, -0.025393261361890948, -0.14186557068199726, 0.1209568032035727, -0.13533796369101522, -0.2199299636086736, -0.060233737740470444]
S_2 [0.3333333333333333, 0.3333333333333333, 0.3333333333333333, 0.25, 0.25, 0.25, 0.3333333333333333, 0.3333333333333333, 0.25, 0.3333333333333333]
Trust scores at iteration 89: [-1.3572438623507024, -0.46176361399313104, -0.4063495539807751, -0.1568576402667123, -0.5159569648303405, -1.085159393916991, -1.205067717280129, -1.5617718673708805, -1.5784299966104096, -0.6679116779198653]
X.shape (10, 5)
s1 and s2 score at iteration 89
S_1 [-0.04326143392030944, -0.13712830685070818, 0.004954280920225719, -0.04758881205758506, -0.19724661908448254, -0.12907475416809058, -0.03698216486200496, -0.01605933750960442, -0.18974998848020763, -0.1709178502804243]
S_2 [0.5, 0, 0.25, 0.25, 0.3333333333333333, 0.3333333333333333, 0.25, 0.25, 0.3333333333333333, 0.5]
Trust scores at iteration 90: [-3.869710240658571, -8.626859761716473, -0.1344446877865425, -3.1414786072841, -12.505180858643929, -8.775564460517545, -3.2329540157396326, -2.2156924814424235, -12.794963321640349, -11.117245005821283]
X.shape (10, 5)
s1 and s2 score at iteration 90
S_1 [0.0390420889901805, -0.15688068228139537, 0.1248419812908097, 0.12359758156077302, -0.01464677559005561, 0.23913338014412114, 0.2134073218889578, 0.2625665441873164, -0.1602551710287449, 0.23309101825389142]
S_2 [0.3333333333333333, 0.3333333333333333, 0.25, 0.25, 0.25, 0.25, 0.3333333333333333, 0.25, 0.3333333333333333, 0.3333333333333333]
Trust scores at iteration 91: [-2.9641889464451046, -6.518048602168573, -0.17647089098055846, -2.282816445317512, -8.995361530821093, -6.09466909402237, -2.319235540745664, -1.4759847370096963, -9.439576675287435, -7.8157492820545595]
X.shape (10, 5)
s1 and s2 score at iteration 91
S_1 [0.3814628418905715, -0.16821968201128593, 0.38201203671614004, 0.2999453402078701, 0.04307492804723403, 0.43542847610215357, 0.3566731372958036, 0.2744593288888054, -0.6642032921977482, 0.3937847964740705]
S_2 [0.14285714285714285, 0.3333333333333333, 0.14285714285714285, 0.14285714285714285, 0.25, 0.14285714285714285, 0.14285714285714285, 0.14285714285714285, 0, 0.14285714285714285]
Trust scores at iteration 92: [-1.9406847464159018, -4.978533434103838, 0.01109627475382842, -1.5198876409713467, -6.492075457171019, -4.094839794387087, -1.506296887047659, -0.9726647087671183, -7.0653241513686975, -5.328287443845706]
X.shape (10, 5)
s1 and s2 score at iteration 92
S_1 [-0.22816778376048552, 0.133287181440985, 0.13347647518974173, -0.2313168229447452, 0.11125649344095281, -0.20937293270471274, -0.23066126597795641, 0.025770560319508196, 0.039475251505623095, 0.04824445845531514]
S_2 [0.3333333333333333, 0.2, 0.2, 0.3333333333333333, 0.25, 0.3333333333333333, 0.3333333333333333, 0.2, 0.2, 0.2]
Trust scores at iteration 93: [-2.1713062834281875, -3.365398858055128, 0.1277673923276799, -1.883826049375522, -4.519394163729612, -3.6369717527623022, -1.8728391002656846, -0.8029437179348141, -5.037002841025655, -3.8013675895911962]
X.shape (10, 5)
s1 and s2 score at iteration 93
S_1 [-0.14704977221018936, -0.15662888848906917, -0.025075500262187227, 0.06542034825145779, -0.16306201379815133, 0.05720209963678978, 0.0994130911764545, -0.09061968655779677, -0.19730472408381003, -0.038409971844869106]
S_2 [0.25, 0.25, 0.25, 0.25, 0.25, 0.25, 0.25, 0.25, 0.25, 0.3333333333333333]
Trust scores at iteration 94: [-2.1886681449234606, -3.05343995377137, -0.21123344369295097, -1.3462585160611866, -3.880649982125808, -2.598260809430765, -1.2359873701859792, -1.060524646832855, -4.346310667038607, -3.076867515455726]
X.shape (10, 5)
s1 and s2 score at iteration 94
S_1 [0.10732818650762695, 0.08591496648568116, -0.09039791144254265, 0.2192846526437424, -0.2992085347434318, 0.1255319403997622, 0.07261858214582556, 0.2391471390400174, -0.4649316198904157, 0.15475739038251998]
S_2 [0.2, 0.3333333333333333, 0.3333333333333333, 0.2, 0.5, 0.2, 0.2, 0.2, 0.5, 0.3333333333333333]
Trust scores at iteration 95: [-1.5174290179917973, -2.229631265609702, -0.46126377799746787, -0.7872976127353053, -3.3917994753349774, -1.7813080416245632, -0.8940942104850995, -0.5623672527829985, -3.9256545757923966, -2.1596706414092015]
X.shape (10, 5)
s1 and s2 score at iteration 95
S_1 [-0.09308789012077869, -0.1388194571141325, 0.058276856969774186, -0.07112557312465874, 0.01110136016283525, 0.10475121441355345, 0.018418019703700612, -0.31897361527443896, 0.17535816938785886, 0.1939075915147995]
S_2 [0.3333333333333333, 0.3333333333333333, 0.3333333333333333, 0.3333333333333333, 0.2, 0.2, 0.2, 0.3333333333333333, 0.2, 0.2]
Trust scores at iteration 96: [-1.5062192590319596, -2.0755134521605005, -0.5327228466286111, -0.9611487444070028, -2.537084399816404, -1.264852018947556, -0.7773709004569493, -1.187150311714146, -2.6566565463975556, -1.391769448986441]
X.shape (10, 5)
s1 and s2 score at iteration 96
S_1 [0.05110053668322259, 0.09450723921417414, 0.16946427794201824, 0.12064249781376181, -0.11676982736630606, 0.1596589122514417, -0.1978360502041604, -0.22111375240354628, -0.04409100571934633, -0.09142079072992365]
S_2 [0.3333333333333333, 0.3333333333333333, 0.3333333333333333, 0.3333333333333333, 0.3333333333333333, 0.3333333333333333, 0.3333333333333333, 0.3333333333333333, 0.3333333333333333, 0.5]
Trust scores at iteration 97: [-1.1638909886298883, -1.4855547071744162, -0.27290599264002774, -0.6592325661610271, -2.182674905975422, -0.8027547010564218, -1.094385741580639, -1.4224394869828485, -2.1377132105138656, -1.436079431435234]
X.shape (10, 5)
s1 and s2 score at iteration 97
S_1 [-0.008507949439272753, 0.07736935568786929, -0.004759521688701529, -0.1980867820183547, -0.1477034928337815, -0.10167901769792541, 0.10226309340661291, -0.25407605123307087, 0.09592294911419255, -0.14052815305860702]
S_2 [0.3333333333333333, 0.3333333333333333, 0.3333333333333333, 0.5, 0.5, 0.3333333333333333, 0.3333333333333333, 0.5, 0.3333333333333333, 0.3333333333333333]
Trust scores at iteration 98: [-1.0396826948126565, -1.0129168047888433, -0.4049967737124499, -1.3425720961186605, -2.2611768294835253, -1.060214840590774, -0.6660700191064474, -2.041067602441751, -1.4149987559836363, -1.6175103511344795]
X.shape (10, 5)
s1 and s2 score at iteration 98
S_1 [0.11862008201941417, 0.2188521526368727, 0.35397343478093524, 0.3938895772634553, -0.12334208723319035, 0.13649349666387145, 0.07486622483864165, -0.48558648582093966, 0.39165304053701316, 0.20876364753300633]
S_2 [0.2, 0.2, 0.25, 0.2, 0.3333333333333333, 0.2, 0.25, 0.3333333333333333, 0.2, 0.2]
Trust scores at iteration 99: [-0.8174327067551773, -0.7223563530724771, -0.23889926384246443, -0.8198004672830622, -1.976765403636041, -0.818192194638404, -0.6342282929796446, -2.098586876130453, -0.8722025533375013, -1.153255591840718]
X.shape (10, 5)
s1 and s2 score at iteration 99
S_1 [-0.04503472804787388, -0.05823063377744976, -0.14159519523346198, -0.04265742828526306, -0.044721882759423535, -0.14974685416563924, -0.20142157520369752, -0.17428200485219117, -0.006486254522133423, -0.062006189990614434]
S_2 [0.25, 0.25, 0.25, 0.25, 0.25, 0.25, 0.3333333333333333, 0.25, 0.25, 0.25]
Trust scores at iteration 100: [1.2857277655252686, 1.9626136792997932, 6.156782495195824, 1.1741162870495427, 0.45972526566756367, 6.128305152204258, 8.572121202052115, 6.366820175878717, -0.5355417873362509, 1.8356099318411299]
