Matplotlib created a temporary config/cache directory at /tmp/matplotlib-mrjywhxn because the default path (/users/raysuan/.config/matplotlib) is not a writable directory; it is highly recommended to set the MPLCONFIGDIR environment variable to a writable directory, in particular to speed up the import of Matplotlib and to better support multiprocessing.
Loaded dataset for Tower 2 without noise: 552960 chunks
Loaded dataset for Tower 3 without noise: 535674 chunks
Loaded dataset for Tower 4 without noise: 552958 chunks
Loaded dataset for Tower 5 without noise: 518399 chunks
Loaded dataset for Tower 6 without noise: 518400 chunks
Loaded dataset for Tower 7 with same noise: 518398 chunks
Loaded dataset for Tower 8 with same noise: 518398 chunks
Loaded dataset for Tower 9 with same noise: 518399 chunks
Loaded dataset for Tower 10 with random noise: 518399 chunks
Loaded dataset for Tower 11 with random noise: 518396 chunks
W, alpha, th 0.5 0.85 0.1
X.shape (10, 5)
s1 and s2 score at iteration 0
S_1 [-0.23644800833044707, 0.09262767953290613, 0.13136304836337995, 0.35664460235735335, -0.21665800316667794, 0.31109870123151484, 0.09983120307296116, 0.28183199340158643, 0.22131183124501463, 0.30940559292329084]
S_2 [0.3333333333333333, 0.25, 0.25, 0.2, 0.3333333333333333, 0.2, 0.25, 0.2, 0.2, 0.2]
Trust scores at iteration 1: [-0.24944690320598037, -0.07354202380157109, -0.05725044028631232, 0.06, -0.24112348893041263, 0.040843996730307114, -0.0705123171303747, 0.028534806725826044, 0.003080827432485423, 0.040131897782068646]
X.shape (10, 5)
s1 and s2 score at iteration 1
S_1 [0.056546777769167694, -0.07207536617053481, -0.114551609551739, -0.030524557339044515, -0.13246235988832408, -0.13426905304243741, -0.09462351316748255, -0.016402226113766922, -0.04252486759366132, -0.14449597092374805]
S_2 [0.25, 0.25, 0.25, 0.25, 0.25, 0.25, 0.3333333333333333, 0.25, 0.5, 0.25]
Trust scores at iteration 2: [-0.1370298677250833, -0.32870295703240604, -0.4275306119047994, -0.10497160937352684, -0.6313340320401939, -0.3964542318432598, -0.410940522988663, -0.09425512454644228, -0.2601857815831561, -0.42418816487880473]
X.shape (10, 5)
s1 and s2 score at iteration 2
S_1 [0.26038753273556314, 0.05650805022177179, 0.07582527116225439, 0.14778155923535374, 0.35811319726935453, -0.05837312607891801, 0.30731310362760555, -0.413131090649817, 0.36550666763249656, 0.11588839953572647]
S_2 [0.25, 0.25, 0.25, 0.25, 0.25, 0.25, 0.25, 0.5, 0.25, 0.25]
Trust scores at iteration 3: [-0.08461514842670001, -0.33120721824115756, -0.40728314544935096, -0.10357790762005104, -0.46466812784575634, -0.4359417993486277, -0.298181456480869, -0.39966140617013757, -0.14615791434568265, -0.38800058906057044]
X.shape (10, 5)
s1 and s2 score at iteration 3
S_1 [-0.10599550864155308, 0.17190673336861023, -0.3356889282479486, 0.033658865166877425, -0.12592371610039002, 0.055030236207422305, -0.037528020749355545, -0.2527415581716071, 0.10860080962259998, 0.13445477762781705]
S_2 [0.25, 0.2, 0.3333333333333333, 0.2, 0.3333333333333333, 0.2, 0.5, 0.3333333333333333, 0.2, 0.2]
Trust scores at iteration 4: [-0.23941097121677823, -0.19152613550498387, -0.7391014761961643, -0.11867163439864964, -0.6048446833881054, -0.3825330069830709, -0.43619991935638514, -0.6602459287572542, -0.08947283463999713, -0.27247981029590923]
X.shape (10, 5)
s1 and s2 score at iteration 4
S_1 [-0.11623178541032114, 0.038483913700062315, 0.02288692077554623, 0.09301188589638928, -0.21611228863968174, 0.07627698441300879, 0.28016176306620133, -0.28972379247424873, 0.27451568400633486, 0.22534493938308298]
S_2 [0.25, 0.2, 0.25, 0.2, 0.5, 0.25, 0.2, 0.3333333333333333, 0.2, 0.2]
Trust scores at iteration 5: [-0.3407304009698783, -0.20219273656719494, -0.6909824836640759, -0.1110718633769196, -0.7798255740259689, -0.3593139794794569, -0.28076993145292733, -0.8163285975000887, 0.010925151773382616, -0.1709570385226736]
X.shape (10, 5)
s1 and s2 score at iteration 5
S_1 [0.12132087924551133, -0.03623901170677271, 0.1725534743980518, -0.02320004211150792, 0.14798674754747568, -0.1370614220683717, -0.06511033089699715, 0.046339603255257135, -0.39617577952901734, 0.09181140722686919]
S_2 [0.2, 0.5, 0.2, 0.3333333333333333, 0.2, 0.5, 0.2, 0.25, 0.5, 0.2]
Trust scores at iteration 6: [-0.24415711747538604, -0.3533662445351705, -0.49733511111446443, -0.2145787816166374, -0.5942074888882101, -0.5745637927080065, -0.3552545749320735, -0.7285964882301117, -0.4851075379314747, -0.12550221767370456]
X.shape (10, 5)
s1 and s2 score at iteration 6
S_1 [0.18397452379327306, 0.01481522614064277, -0.12556522983690802, 0.08883776960790064, -0.13586438035111997, -0.05116850629291056, 0.01918988880364097, -0.14823414179148062, 0.045397498108148096, -0.1332570390430943]
S_2 [0.25, 0.25, 0.5, 0.25, 0.3333333333333333, 0.3333333333333333, 0.25, 0.5, 0.25, 0.3333333333333333]
Trust scores at iteration 7: [-0.13253354985407811, -0.3632820053771588, -0.6751119784503719, -0.18495984080382197, -0.715850708830725, -0.6300984563655548, -0.3613202912805327, -0.8901667993302296, -0.4503274523972556, -0.31532538397962795]
X.shape (10, 5)
s1 and s2 score at iteration 7
S_1 [-0.31197753298957104, 0.09924136811896786, 0.13838056003968502, 0.0736224979533703, -0.037434436816955186, -0.33875896614375295, -0.14650142561132984, -0.00925073177246809, 0.13461490877776677, 0.16797596395036948]
S_2 [0.3333333333333333, 0.16666666666666666, 0.16666666666666666, 0.16666666666666666, 0.3333333333333333, 0.3333333333333333, 0.3333333333333333, 0.16666666666666666, 0.16666666666666666, 0.16666666666666666]
Trust scores at iteration 8: [-0.5412447446438289, -0.29516866101316575, -0.5252734305953469, -0.16647208543475783, -0.7919014894639214, -0.9880903306859732, -0.5879458090367582, -0.8399025432521202, -0.3375692531798662, -0.19302657638268372]
X.shape (10, 5)
s1 and s2 score at iteration 8
S_1 [-0.18280961273800245, 0.057614363770606546, -0.20368791155385807, -0.08606565217382342, -0.00762570802848592, -0.10022982027155412, 0.05671649856937284, -0.08602455945726722, -0.10580040886725744, 0.1063617460664008]
S_2 [0.3333333333333333, 0.3333333333333333, 0.3333333333333333, 0.25, 0.25, 0.3333333333333333, 0.25, 0.25, 0.25, 0.3333333333333333]
Trust scores at iteration 9: [-0.8678710430268501, -0.3196408920098991, -0.8837397041104034, -0.3753780674120441, -0.7963706608016249, -1.1312290397358002, -0.5322677104892353, -0.9477360042599342, -0.5486422217503716, -0.16407258992528115]
X.shape (10, 5)
s1 and s2 score at iteration 9
S_1 [-0.08299808945522184, 0.03841100752395959, 0.20296106697338853, 0.013896373026928496, -0.0389759786449163, 0.08209056360709083, 0.11849507908013458, 0.2488299953568922, -0.2805719339439934, 0.2917883851303766]
S_2 [0.25, 0.25, 0.25, 0.25, 0.3333333333333333, 0.25, 0.25, 0.25, 0.25, 0.25]
Trust scores at iteration 10: [-0.8928573125120457, -0.3644487661737432, -0.7593423129211752, -0.42442763239457376, -0.8469514890879251, -1.0318442907215337, -0.5040126485673101, -0.7901592738230443, -0.7230798341700413, -0.10196170143648897]
X.shape (10, 5)
s1 and s2 score at iteration 10
S_1 [-0.06838709105682249, -0.009206699542000263, -0.237181138368335, -0.051152857343564076, -0.004108715987454165, -0.16467948220865905, -0.10987877284485649, 0.006054285203747635, -0.06826906598477685, -0.15508409234563922]
S_2 [0.3333333333333333, 0.3333333333333333, 0.3333333333333333, 0.3333333333333333, 0.3333333333333333, 0.3333333333333333, 0.3333333333333333, 0.3333333333333333, 0.3333333333333333, 0.3333333333333333]
Trust scores at iteration 11: [-2.603276324527793, -0.6878851637132244, -6.671802841572837, -1.7781184837593895, -0.9717056546021594, -5.107140108187361, -3.3007496190524575, -0.6716353827495877, -2.456041297665777, -4.079006065724141]
X.shape (10, 5)
s1 and s2 score at iteration 11
S_1 [-0.1751772127958285, 0.010487043294947287, -0.2895090908208345, -0.13777971543449857, -0.007627315548877572, 0.03295171394817506, 0.04074839379809004, 0.06730364773666248, 0.0736400456478331, -0.135559147080043]
S_2 [0.3333333333333333, 0.3333333333333333, 0.5, 0.3333333333333333, 0.25, 0.25, 0.3333333333333333, 0.25, 0.25, 0.3333333333333333]
Trust scores at iteration 12: [-2.669609504190601, -0.6633409616828674, -6.410743668787268, -1.892049061333799, -0.9164861538199159, -4.348948586414435, -2.822635339137833, -0.5087969071881365, -2.01263510301591, -3.843280352192103]
X.shape (10, 5)
s1 and s2 score at iteration 12
S_1 [0.13647962062344338, 0.3388153406721433, -0.6236707926467084, 0.04683938292845443, 0.24271863542144376, 0.3296933718456559, 0.2870745954886258, 0.3644533462241685, 0.3187049683358848, -0.14041300819981983]
S_2 [0.25, 0.16666666666666666, 0.5, 0.16666666666666666, 0.16666666666666666, 0.16666666666666666, 0.16666666666666666, 0.16666666666666666, 0.16666666666666666, 0.3333333333333333]
Trust scores at iteration 13: [-2.2879964360030627, -0.47439178758696404, -5.8558196200828005, -1.6389637684501497, -0.729116232433123, -3.6109126457825806, -2.3310872218108982, -0.332477371109916, -1.6295687405063481, -3.4245788271446354]
X.shape (10, 5)
s1 and s2 score at iteration 13
S_1 [-0.02446346652499546, 0.11889686334515377, -0.23753838291942975, -0.18219512326943837, -0.09046524354470835, 0.03905651128974814, 0.185316561125745, 0.18505552800787375, 0.2510243380626018, 0.15064764532318053]
S_2 [0.2, 0.25, 0.25, 0.25, 0.25, 0.2, 0.2, 0.2, 0.25, 0.2]
Trust scores at iteration 14: [-2.0794151546682222, -0.48218600608193113, -5.269388122720279, -1.6519901943436526, -0.8238064504492952, -3.165937467302033, -1.9906879271288405, -0.2920255347955998, -1.3851334294303959, -2.9408722584821123]
X.shape (10, 5)
s1 and s2 score at iteration 14
S_1 [0.348645242711139, 0.2171363631423848, 0.23291496530615785, -0.09961784746567073, 0.33665976530195274, -0.40519823569878394, -0.44192578959307205, 0.312976740463877, 0.3243880494207563, 0.19544039402098667]
S_2 [0.14285714285714285, 0.14285714285714285, 0.14285714285714285, 0.3333333333333333, 0.14285714285714285, 0.3333333333333333, 0.3333333333333333, 0.14285714285714285, 0.14285714285714285, 0.14285714285714285]
Trust scores at iteration 15: [-1.6817885957537033, -0.38072377385805173, -4.443057038310882, -1.5970509252343563, -0.6196777901484851, -3.0153780237407357, -2.032217458424446, -0.17785331974243476, -1.102085465576393, -2.4799414918821108]
X.shape (10, 5)
s1 and s2 score at iteration 15
S_1 [0.07779930569517296, 0.005826598151978384, 0.057753604957802435, -0.1294925590070909, -0.08404899594996867, -0.15918083541433678, -0.19508256490525688, -0.26482287509134284, 0.022386506116695085, -0.06063936415896665]
S_2 [0.25, 0.25, 0.25, 0.3333333333333333, 0.3333333333333333, 0.25, 0.3333333333333333, 0.3333333333333333, 0.25, 0.3333333333333333]
Trust scores at iteration 16: [-1.3920203063906478, -0.4248813064612377, -3.777747350748071, -1.7571598313817343, -0.8387757604995002, -2.982477983404924, -2.253511393417468, -0.8117638277934832, -1.0061106163683453, -2.3748652526561327]
X.shape (10, 5)
s1 and s2 score at iteration 16
S_1 [-0.19937493915231502, 0.03012142549350442, -0.22000609043797031, -0.013678452971372913, -0.05223425314899157, -0.02439434945550586, -0.08895056830809712, -0.24966114887238713, -0.004063299361871183, -0.09623271624240443]
S_2 [0.3333333333333333, 0.25, 0.3333333333333333, 0.25, 0.5, 0.25, 0.5, 0.3333333333333333, 0.25, 0.5]
Trust scores at iteration 17: [-2.2760733548189656, -0.286149110492052, -4.406681257455276, -1.6367024186263113, -1.1230778285365732, -2.731586340651719, -2.508444638245407, -2.033272827743118, -0.950428620858451, -2.647859379292352]
X.shape (10, 5)
s1 and s2 score at iteration 17
S_1 [-0.11330853965565003, 0.02318711980240633, 0.16883090362086955, -0.18252305527710563, 0.13727869629205897, 0.1812072669446425, -0.09440143521701927, 0.22963177244614316, -0.2350087349170453, -0.013236461425797054]
S_2 [0.5, 0.25, 0.25, 0.5, 0.25, 0.25, 0.25, 0.25, 0.3333333333333333, 0.3333333333333333]
Trust scores at iteration 18: [-2.158677723107194, -0.3030804602253956, -3.7103953947906585, -1.660424713224536, -0.9399430039578708, -2.2784802310358656, -2.268842820725194, -1.6532819035816502, -1.061376665600195, -2.3593267899037795]
X.shape (10, 5)
s1 and s2 score at iteration 18
S_1 [0.12397904310633587, -0.08814723313727793, 0.13553982980089968, -0.2911434381456189, -0.17666373316152562, 0.0022541671897037263, 0.12829225164320426, 0.032677493683493965, -0.18486621794473382, -0.20105828329183667]
S_2 [0.25, 0.25, 0.25, 0.3333333333333333, 0.3333333333333333, 0.25, 0.25, 0.25, 0.3333333333333333, 0.3333333333333333]
Trust scores at iteration 19: [-1.8101702226884717, -0.46766967917840296, -3.1163360855720597, -1.883565304313192, -1.1444627917444892, -2.0467135416435553, -1.8990371891818996, -1.4816259010047375, -1.25675897727368, -2.377936111129698]
X.shape (10, 5)
s1 and s2 score at iteration 19
S_1 [-0.02422469480609167, -0.20179027668427738, 0.13203825419015944, 0.13256357820601578, 0.05635024896020954, -0.03726619930347676, -0.2585467765126654, -0.10788751148000945, -0.10917297842883991, 0.1161839917174544]
S_2 [0.25, 0.5, 0.25, 0.25, 0.25, 0.25, 0.5, 0.25, 0.25, 0.25]
Trust scores at iteration 20: [-1.6410557192987891, -0.7758514880346892, -2.5744800939448877, -1.5260305086662131, -0.9840312336499786, -1.856874426887887, -2.0567356969400166, -1.4564602438334449, -1.2667779063208677, -1.9647797292723232]
X.shape (10, 5)
s1 and s2 score at iteration 20
S_1 [0.13735077450816563, 0.19594315595656178, 0.03577388800288916, 0.07649939021284136, 0.055348537442234, -0.23135992058716923, -0.20613812946365717, -0.2201493979142217, -0.02304947256268743, -0.011831375517230921]
S_2 [0.25, 0.25, 0.25, 0.25, 0.25, 0.3333333333333333, 0.3333333333333333, 0.3333333333333333, 0.25, 0.25]
Trust scores at iteration 21: [-1.4022514782745177, -0.6219737648294859, -2.2734221618595556, -1.351063496358207, -0.9065556856049723, -1.9054557928568685, -2.0560298815195504, -1.556521766674619, -1.2069062402639634, -1.7916200207914175]
X.shape (10, 5)
s1 and s2 score at iteration 21
S_1 [0.04416236735708041, -0.21696016893434897, -0.00963734202777485, 0.07340529341305532, -0.025597408278955142, 0.08707860684262184, 0.12584536993889703, -0.19228513433811634, -0.13867270286069425, -0.22293382161723388]
S_2 [0.25, 0.5, 0.25, 0.25, 0.25, 0.25, 0.25, 0.3333333333333333, 0.3333333333333333, 0.5]
Trust scores at iteration 22: [-1.214274910092041, -0.9372809793194972, -2.0188959610629413, -1.1359093424452875, -0.8760828810959415, -1.5908450394112494, -1.6726253992916178, -1.6522356456889093, -1.2911597021513948, -1.9386005262834831]
X.shape (10, 5)
s1 and s2 score at iteration 22
S_1 [0.22502584883991966, 0.08450597926062729, 0.31896012230484816, -0.5058222130939792, 0.11726457106294544, -0.36421188433402185, 0.3085669339676763, 0.3021182938724043, 0.2798609591692963, 0.0848369820153177]
S_2 [0.2, 0.2, 0.2, 0.5, 0.25, 0.5, 0.2, 0.2, 0.2, 0.2]
Trust scores at iteration 23: [-0.9863089169218917, -0.8169475105362649, -1.6260615669035, -1.3534001133589229, -0.7645234746567211, -1.6734992018015955, -1.3366192795558496, -1.322320644007914, -1.0258732318470396, -1.6679134620678766]
X.shape (10, 5)
s1 and s2 score at iteration 23
S_1 [0.14062228712238037, 0.17060175123799434, -0.0753179297048876, -0.0256289806539852, 0.25469035130560175, 0.3378956011119017, 0.13753643688196152, 0.29892567646295387, 0.0053464515101570515, 0.15430648587867032]
S_2 [0.25, 0.2, 0.25, 0.2, 0.2, 0.2, 0.25, 0.25, 0.25, 0.2]
Trust scores at iteration 24: [-0.925936957389874, -0.7386711553908775, -1.5655877758884245, -1.2817674184789811, -0.6567817689416785, -1.3924743215313562, -1.225070648913811, -1.1412722360623548, -1.019618828404915, -1.4692260751718642]
X.shape (10, 5)
s1 and s2 score at iteration 24
S_1 [0.16962195415737866, -0.38657976739803357, 0.09639820832917756, -0.11073224723507367, 0.18459304943717147, 0.14855634920521846, 0.051424863161055795, -0.45355487943168415, 0.1906522086531687, 0.1356575170511776]
S_2 [0.16666666666666666, 0.3333333333333333, 0.16666666666666666, 0.3333333333333333, 0.16666666666666666, 0.16666666666666666, 0.2, 0.3333333333333333, 0.16666666666666666, 0.16666666666666666]
Trust scores at iteration 25: [-0.7285924490812367, -1.0820209848188491, -1.3299061070798543, -1.3266234421607765, -0.48803168615141923, -1.1417230566840664, -1.0908503604530395, -1.4769261096409658, -0.7916760041441777, -1.21711049946153]
X.shape (10, 5)
s1 and s2 score at iteration 25
S_1 [-0.10052548548737757, -0.14521236555865136, -0.059290462477628286, -0.19073296601895365, -0.07176120019749382, 0.055299224942579, 0.020178336374318144, -0.1986157601446224, -0.05795686246153467, -0.10265931917888434]
S_2 [0.3333333333333333, 0.3333333333333333, 0.25, 0.3333333333333333, 0.25, 0.25, 0.25, 0.3333333333333333, 0.3333333333333333, 0.25]
Trust scores at iteration 26: [-1.0419805105325024, -1.4636086168748579, -1.403746484349818, -1.794996035986499, -0.72198029484094, -0.9329645981814564, -0.9849887579550992, -1.9441355039103656, -0.9801334862556688, -1.4255089101333716]
X.shape (10, 5)
s1 and s2 score at iteration 26
S_1 [-0.19624686021483537, 0.12156931238743877, 0.052594030916107926, -0.06012554299740702, 0.0966421140869358, 0.08090199573493471, -0.2661135691768699, -0.19375765448914378, 0.01803831726769746, 0.042325484485249004]
S_2 [0.25, 0.2, 0.2, 0.25, 0.2, 0.2, 0.25, 0.25, 0.2, 0.3333333333333333]
Trust scores at iteration 27: [-1.2403253730170691, -1.184067324343629, -1.2182906294956117, -1.7124333745331493, -0.5844400236165173, -0.78319784709746, -1.2780884014281606, -2.0040857760149975, -0.900856632732216, -1.3094586813488955]
X.shape (10, 5)
s1 and s2 score at iteration 27
S_1 [0.34801028988106375, 0.19691049951627163, 0.22529635533828973, 0.31853858693084, 0.16429351967854952, 0.3206052689543942, 0.022886957935481417, 0.05798495650911595, -0.5035050715375265, -0.06835818160318384]
S_2 [0.2, 0.2, 0.2, 0.2, 0.2, 0.2, 0.25, 0.25, 0, 0.25]
Trust scores at iteration 28: [-1.0242765670645086, -1.0415845199524494, -1.0584394084195032, -1.4382713129817521, -0.5459599416736429, -0.6475303297836499, -1.2265103648261593, -1.8284801328780715, -0.9827497688679505, -1.2925037413903526]
X.shape (10, 5)
s1 and s2 score at iteration 28
S_1 [0.08512966291052308, 0.01998782523291797, -0.1915912376133385, -0.040649286085459035, 0.03191229539530211, 0.001197492187744424, -0.09089650198200942, -0.24657394376677377, -0.18551133718792434, -0.09548846432514124]
S_2 [0.25, 0.25, 0.5, 0.3333333333333333, 0.3333333333333333, 0.25, 0.25, 0.5, 0.5, 0.5]
Trust scores at iteration 29: [-0.7956350820048324, -0.925127933738496, -1.3872607101143812, -1.3941553905766795, -0.507835910908325, -0.6232907775036813, -1.2776950844588855, -2.1386758448800687, -1.312211622392237, -1.4168805749296314]
X.shape (10, 5)
s1 and s2 score at iteration 29
S_1 [-0.04617481876160052, -0.06784619935636949, 0.2754181441719499, 0.16318339085420416, -0.19081445444940512, 0.19508693950808653, 0.3134809475325164, 0.1499942631750653, -0.08895956504361838, -0.06801437585753077]
S_2 [0.25, 0.25, 0.25, 0.25, 0.5, 0.25, 0.25, 0.25, 0.25, 0.25]
Trust scores at iteration 30: [-0.7733843771844202, -0.8938230129851883, -1.1223845780986257, -1.1819491591816338, -0.672964855181826, -0.5114484545004389, -1.0110408217900526, -1.8211025162850953, -1.2329468511622537, -1.3118932301136552]
X.shape (10, 5)
s1 and s2 score at iteration 30
S_1 [-0.16750333405266504, 0.16862423733160933, 0.2817050806849233, 0.1458951161565374, 0.1594894550483113, 0.078757023224508, 0.11458740863417659, -0.3307121891145385, 0.07449837240689162, -0.2152632461180996]
S_2 [0.5, 0.25, 0.25, 0.25, 0.25, 0.25, 0.25, 0.25, 0.25, 0.5]
Trust scores at iteration 31: [-0.8965675156283127, -0.7449619166745758, -0.8790268913838317, -1.0019717560877612, -0.5620964961376503, -0.467795295588318, -0.8733701394183286, -1.7990320401006588, -1.0833365440452303, -1.3797308450338908]
X.shape (10, 5)
s1 and s2 score at iteration 31
S_1 [-0.049236612599056685, 0.09805135071770699, -0.11131628571399024, 0.05726260760933434, -0.14831118095632828, -0.10954947459071987, -0.16606906568681307, -0.10399266207167474, 0.01988991785048078, 0.08684181891918746]
S_2 [0.3333333333333333, 0.3333333333333333, 0.3333333333333333, 0.3333333333333333, 0.3333333333333333, 0.5, 0.5, 0.5, 0.3333333333333333, 0.3333333333333333]
Trust scores at iteration 32: [-0.9374050823193737, -0.5832176291733894, -1.017465696427362, -0.8640750460427726, -0.8046700449885857, -0.7152159535386161, -1.1464188428552233, -1.8382663154349943, -0.9904082543997612, -1.139919679339979]
X.shape (10, 5)
s1 and s2 score at iteration 32
S_1 [0.09530436777102022, 0.056088347153640195, -0.1558487122725931, 0.19873362248856521, 0.10499721387074477, 0.29822420555130086, 0.14579172003501398, -0.21689592012996062, 0.1883113874612727, 0.2515654666797713]
S_2 [0.2, 0.25, 0.2, 0.2, 0.25, 0.2, 0.25, 0.25, 0.25, 0.2]
Trust scores at iteration 33: [-0.8688583882142653, -0.6175238204571384, -1.0632342034903626, -0.7545052920781532, -0.7811583251078935, -0.5779335605078236, -1.0511260935092972, -1.8216200882601028, -0.8971306666162857, -0.9624000130457502]
X.shape (10, 5)
s1 and s2 score at iteration 33
S_1 [0.006092225731146341, 0.04980849968821784, -0.22401990772872946, -0.12507649200754742, -0.18364508475305089, -0.25669106643664036, -0.09866663733606545, 0.07526142754109572, 0.051270673600692554, -0.04326684768730853]
S_2 [0.25, 0.25, 0.3333333333333333, 0.3333333333333333, 0.3333333333333333, 0.3333333333333333, 0.25, 0.25, 0.25, 0.25]
Trust scores at iteration 34: [-0.8388875023408053, -0.5381242768883993, -1.5002325806170034, -1.0406135527163356, -1.1799989294167426, -1.1528423789045392, -1.2026049987436844, -1.5108770750210871, -0.7728759062918187, -1.0167731236557795]
X.shape (10, 5)
s1 and s2 score at iteration 34
S_1 [-0.3196240197237109, 0.10345300333589033, -0.07734358583324935, -0.1714631290492318, -0.13154215128251348, -0.00772806661956819, 0.012337505739243887, 0.04255554809468351, -0.1758659652992377, 0.10069280145039018]
S_2 [0.3333333333333333, 0.3333333333333333, 0.3333333333333333, 0.5, 0.25, 0.25, 0.3333333333333333, 0.25, 0.3333333333333333, 0.25]
Trust scores at iteration 35: [-1.2764880271747232, -0.40740563535513935, -1.487340768165985, -1.283131695715321, -1.2687264933287488, -1.0661212066024723, -1.1043256830982526, -1.2975427887781317, -1.0119385170833135, -0.793259264949316]
X.shape (10, 5)
s1 and s2 score at iteration 35
S_1 [0.2694582030920377, -0.03030047060912961, -0.37989730846257264, 0.23264098017835227, -0.0014279781064404516, 0.375340725541155, 0.28920991150341496, 0.32012386704104895, 0.31016190235108265, -0.024299528667232406]
S_2 [0.16666666666666666, 0.3333333333333333, 0.5, 0.16666666666666666, 0.3333333333333333, 0.16666666666666666, 0.16666666666666666, 0.16666666666666666, 0.16666666666666666, 0.25]
Trust scores at iteration 36: [-1.027329385006149, -0.45840397587180975, -1.5660606315658478, -1.0476900237052271, -1.1789881920579481, -0.8062030256121014, -0.8730978812323642, -1.0249780640318322, -0.786195601671706, -0.7589813632560564]
X.shape (10, 5)
s1 and s2 score at iteration 36
S_1 [0.146410818482122, 0.161598113150242, -0.20016202532236346, -0.2624128369492571, -0.145331491263469, 0.05712955550949718, -0.22654177774458864, 0.04593562164997685, 0.1476736888148616, 0.16495470463009465]
S_2 [0.2, 0.2, 0.3333333333333333, 0.3333333333333333, 0.25, 0.2, 0.3333333333333333, 0.2, 0.2, 0.2]
Trust scores at iteration 37: [-0.8300926846780521, -0.3326956641961454, -1.6631669808019867, -1.2791591507113078, -1.2467957798317868, -0.7233223509770009, -1.0981368213018134, -0.919460231481835, -0.6239805896548599, -0.585134158767648]
X.shape (10, 5)
s1 and s2 score at iteration 37
S_1 [-0.026974247936637066, 0.07478218106330384, -0.01384853609236011, -0.015743513989342026, -0.13667297693605754, -0.22380868578831267, 0.08724552759390553, -0.12860918683368922, 0.07612768802008332, -0.13985605523069303]
S_2 [0.2, 0.25, 0.25, 0.2, 0.25, 0.3333333333333333, 0.2, 0.2, 0.2, 0.3333333333333333]
Trust scores at iteration 38: [-0.8419552244380001, -0.26671936974786786, -1.5500015256589756, -1.2043528787430455, -1.4072563265075235, -1.1496151021737153, -0.8734162981065414, -1.0926571502884026, -0.48949824533237823, -0.8878165700354497]
X.shape (10, 5)
s1 and s2 score at iteration 38
S_1 [0.00031629475703500966, 0.1119398280449281, -0.18523147841891136, -0.011240667805144532, -0.02738856378673601, -0.12067545939910818, -0.09034362303960744, 0.014967993046160557, 0.05325835007578264, -0.2557646226154639]
S_2 [0.25, 0.25, 0.25, 0.25, 0.25, 0.25, 0.25, 0.25, 0.25, 0.25]
Trust scores at iteration 39: [-0.8652381040165726, -0.22671146428568767, -1.7157125210732669, -1.1887625050953814, -1.3828687072518184, -1.2888786320593595, -1.013464817058488, -1.0587013827669352, -0.49470701949198953, -1.2473701192433673]
X.shape (10, 5)
s1 and s2 score at iteration 39
S_1 [-0.15169067558727192, -0.08050658651646897, -0.06819224049905273, -0.15666049183674902, -0.0498393607812415, -0.15253044064226437, -0.09148782573349824, -0.1569366108132081, -0.05633048065703845, -0.10392981738292527]
S_2 [0.25, 0.25, 0.25, 0.25, 0.3333333333333333, 0.25, 0.25, 0.25, 0.3333333333333333, 0.25]
Trust scores at iteration 40: [-0.3914136009693093, -0.06290653318552591, -1.3656195420771347, -0.6514518379027756, -1.1754384011640457, -0.7489806346006205, -0.6985969831894698, -0.5400688570841741, -0.4009648415836987, -0.8599702082693339]
X.shape (10, 5)
s1 and s2 score at iteration 40
S_1 [0.08403780255259197, 0.15608225440410262, 0.16717836361301497, -0.06637053957766999, 0.1864264265164437, 0.29001623638521135, 0.158871028190847, -0.4865946418420827, 0.26067092272921216, 0.09829051151340158]
S_2 [0.2, 0.25, 0.2, 0.3333333333333333, 0.2, 0.2, 0.2, 0.5, 0.2, 0.2]
Trust scores at iteration 41: [-0.34923616543775454, -0.04774287239772273, -1.134309884438407, -0.6880617297325914, -0.9627005774318534, -0.5466335394105274, -0.5716373664568086, -0.8607313216936006, -0.2659978760924534, -0.7401376035230656]
X.shape (10, 5)
s1 and s2 score at iteration 41
S_1 [0.16866839794238528, 0.20698956548566755, -0.010325488876770872, 0.2143830226210802, 0.2182213527507631, -0.31168615020790613, -0.21458973992149266, 0.11552052334201852, 0.16124340942991428, -0.15703760470197092]
S_2 [0.2, 0.2, 0.25, 0.2, 0.2, 0.3333333333333333, 0.25, 0.25, 0.2, 0.3333333333333333]
Trust scores at iteration 42: [-0.27091222510819507, 0.011698103664423011, -1.08376088930992, -0.5274908441632267, -0.7582954908170754, -0.828883915476073, -0.7458954799946393, -0.7647156520124946, -0.20526343396609337, -0.8870607568001515]
X.shape (10, 5)
s1 and s2 score at iteration 42
S_1 [0.047623427151081, 0.2025186700216766, 0.022318004093566508, 0.16150380832503247, 0.07902102727795547, -0.12665367251519546, 0.05712891459004029, -0.15249523737667553, -0.08926839099744524, -0.29452321433327655]
S_2 [0.25, 0.25, 0.25, 0.25, 0.25, 0.25, 0.25, 0.5, 0.25, 0.5]
Trust scores at iteration 43: [-0.27000203075798834, 0.08494338811475957, -0.9796664250867647, -0.40374579574014063, -0.6610224691222591, -0.8733602143933771, -0.6666973447179375, -0.9129573256714714, -0.3155925569611074, -1.122146874755641]
X.shape (10, 5)
s1 and s2 score at iteration 43
S_1 [0.08659596635927927, 0.027405263853494774, -0.04016045916627734, -0.06710084567191266, 0.029472639477338396, -0.18649134515069837, -0.2683134692517237, -0.19219775856973517, -0.03461058302157037, 0.007269623769366684]
S_2 [0.25, 0.25, 0.25, 0.3333333333333333, 0.25, 0.3333333333333333, 0.3333333333333333, 0.3333333333333333, 0.3333333333333333, 0.25]
Trust scores at iteration 44: [-0.1920017261442901, 0.007172792814769749, -1.0147816977684623, -0.6094148234283834, -0.6233171143778947, -1.2153931890222416, -1.181460584745243, -1.2589352819177684, -0.4782055126480679, -1.0537325299363602]
X.shape (10, 5)
s1 and s2 score at iteration 44
S_1 [0.006015783659579283, -0.14563807783233784, -0.17756373150430804, -0.2430188540198327, -0.15996281374282317, 0.03173796970072128, 0.08387385903181564, -0.12492067980062756, -0.009242985964238571, 0.026655109659989726]
S_2 [0.2, 0.3333333333333333, 0.3333333333333333, 0.3333333333333333, 0.5, 0.2, 0.2, 0.3333333333333333, 0.2, 0.2]
Trust scores at iteration 45: [-0.2124428404066967, -0.3543622480200789, -1.2801194004295633, -1.0526174909393182, -0.9658970252149408, -1.0363240292481086, -0.9142414970334566, -1.3935031192475358, -0.48300484080321876, -0.9080026553466964]
X.shape (10, 5)
s1 and s2 score at iteration 45
S_1 [-0.05724226736911972, 0.2699216039144956, -0.6092923491007833, -0.081125005820511, 0.387719405204912, 0.35045228110674786, 0.364033868270161, -0.0941500044705332, 0.36519420446965706, 0.30147268473537336]
S_2 [0.25, 0.16666666666666666, 0, 0.5, 0.16666666666666666, 0.16666666666666666, 0.16666666666666666, 0.2, 0.16666666666666666, 0.16666666666666666]
Trust scores at iteration 46: [-0.27772217230905755, -0.24678125575765347, -1.3238231260073152, -1.0761103246929127, -0.7210124714326996, -0.7952932449124067, -0.686268679036165, -1.2809021905529077, -0.31926861301562837, -0.705169191731888]
X.shape (10, 5)
s1 and s2 score at iteration 46
S_1 [-0.019399253570531863, -0.11639728639714801, -0.051230631417300616, -0.04424822033254596, -0.1767354361304361, -0.14206767465400358, -0.04254582146623972, -0.18203773135271792, -0.12225283809877811, -0.04393086700417624]
S_2 [0.25, 0.25, 0.25, 0.3333333333333333, 0.3333333333333333, 0.3333333333333333, 0.25, 0.5, 0.3333333333333333, 0.3333333333333333]
Trust scores at iteration 47: [-0.1610638464626989, 0.6152495798369338, -0.8041212862565137, -0.6725551970096236, 0.6537030829404006, 0.32250440953625714, -0.3293531825046809, 0.16879552715132595, 0.5739119525105745, -0.3597090912549603]
X.shape (10, 5)
s1 and s2 score at iteration 47
S_1 [0.18535839322700742, -0.2994470959288153, 0.2645740613254812, -0.4065515589590755, -0.09774944592218236, 0.1744129617523545, 0.22384511321509207, -0.0679565227738499, 0.11788771112925062, 0.13104111530083812]
S_2 [0.2, 0.5, 0.2, 0.5, 0.3333333333333333, 0.2, 0.2, 0.3333333333333333, 0.25, 0.2]
Trust scores at iteration 48: [-0.09181551345743044, 0.20319091069942852, -0.5935030933180366, -0.9521659180353563, 0.4002286696964138, 0.3130120026916433, -0.21304144160904548, 0.004948315318656166, 0.47966147979627977, -0.29145909803761233]
X.shape (10, 5)
s1 and s2 score at iteration 48
S_1 [-0.1528167857985133, -0.14619780830944787, 0.12237525690055223, -0.11231341594387473, 0.04041595168363459, 0.10951578339879417, -0.21804373388686116, 0.13734482286217464, 0.11626097639116113, 0.10662845467041694]
S_2 [0.3333333333333333, 0.5, 0.2, 0.5, 0.3333333333333333, 0.2, 0.5, 0.2, 0.2, 0.2]
Trust scores at iteration 49: [-0.344940761404417, -0.13695643994521028, -0.4308265156303499, -1.0820031885425045, 0.28433431297051, 0.32566694950620273, -0.569219866349753, 0.09420606802085775, 0.47468571117771025, -0.19128685804448134]
X.shape (10, 5)
s1 and s2 score at iteration 49
S_1 [0.151385445461301, 0.21823096732354474, -0.40797939364601626, 0.0965981640014548, -0.15258215486682575, 0.1268096742375321, 0.09432650489409099, 0.23492661264984666, 0.045683964552576124, -0.1331992124438576]
S_2 [0.2, 0.2, 0.5, 0.25, 0.5, 0.2, 0.2, 0.2, 0.2, 0.5]
Trust scores at iteration 50: [-0.2565404540820711, -0.037073097856368434, -0.7766962659083687, -0.93302504659935, -0.005739122770946653, 0.29778453744397615, -0.4836096708659342, 0.17007515781772908, 0.37265194098977805, -0.39764116238031233]
X.shape (10, 5)
s1 and s2 score at iteration 50
S_1 [-0.1381252057261909, 0.14665537747003385, -0.24346388649989598, 0.02870718466348155, 0.1205976590015046, -0.355521334973115, 0.27036362201209363, 0.15982205998061993, 0.1312917651445057, 0.1916146951227066]
S_2 [0.25, 0.2, 0.5, 0.25, 0.2, 0.5, 0.2, 0.2, 0.2, 0.2]
Trust scores at iteration 51: [-0.36969240599196546, -0.010146502488437226, -0.9452676276525223, -0.8521443033252882, 0.002030336066732674, -0.09412935495617841, -0.32106822023604403, 0.17323450047532674, 0.32959591984391523, -0.2916855516630723]
X.shape (10, 5)
s1 and s2 score at iteration 51
S_1 [0.0626350610518341, 0.07380244775149729, 0.017596325002692197, -0.164606379082266, -0.016953629967395467, 0.12140793132248565, 0.09120000941793455, -0.26206148463343987, -0.22141601654033113, 0.02560857333593953]
S_2 [0.25, 0.25, 0.25, 0.3333333333333333, 0.25, 0.25, 0.25, 0.3333333333333333, 0.3333333333333333, 0.25]
Trust scores at iteration 52: [-0.34935266877163706, -0.029941298456746434, -0.8942371513726938, -1.077694518242726, -0.13172049410777176, -0.04250995171275164, -0.2727299993321748, -0.3265287199577882, -0.14340386998838256, -0.32879322091254887]
X.shape (10, 5)
s1 and s2 score at iteration 52
S_1 [-0.1834437489676726, -0.24443956222133809, -0.09218838142197316, -0.012015295473701025, -0.044961230729321136, -0.07956272590906306, -0.032357081177805655, -0.08158765549522029, -0.04907254811803351, -0.12698551295633206]
S_2 [0.5, 0.5, 0.3333333333333333, 0.3333333333333333, 0.3333333333333333, 0.3333333333333333, 0.3333333333333333, 0.3333333333333333, 0.3333333333333333, 0.3333333333333333]
Trust scores at iteration 53: [1.8431780444954344, 2.8761547788928716, 0.2907862412426869, -0.8660403405063171, 0.3493375184210435, 0.8571345728192756, 0.07212813314970351, 0.640998017940521, 0.39073269493251866, 1.2058240168649732]
X.shape (10, 5)
s1 and s2 score at iteration 53
S_1 [-0.17177381435153874, 0.2666198858185283, -0.11094947689311635, 0.2032452655354238, -0.19857258688196083, 0.28730923332561065, -0.1376391942031678, 0.07194029374124351, 0.21574404666670946, 0.00896982716457888]
S_2 [0.3333333333333333, 0.16666666666666666, 0.25, 0.16666666666666666, 0.3333333333333333, 0.16666666666666666, 0.3333333333333333, 0.16666666666666666, 0.16666666666666666, 0.16666666666666666]
Trust scores at iteration 54: [1.3270207109422403, 2.508929952621818, 0.07674318604311794, -0.7050228725523656, 0.04326501179927239, 0.8035643868963842, -0.16055052166060488, 0.5074073032996352, 0.369759640631016, 0.954633431511922]
X.shape (10, 5)
s1 and s2 score at iteration 54
S_1 [0.009062466317334553, 0.29755389091645035, 0.32597673128217985, 0.10250598843852492, 0.1520673352853811, 0.2712535634554702, -0.1104819450294712, 0.21055129041338919, 0.11867189830863643, -0.2807505761778044]
S_2 [0.25, 0.16666666666666666, 0.16666666666666666, 0.16666666666666666, 0.16666666666666666, 0.16666666666666666, 0.3333333333333333, 0.16666666666666666, 0.25, 0.5]
Trust scores at iteration 55: [1.0571377484159559, 2.2195115321680112, 0.16523170813665028, -0.602100742832327, 0.05674988736884564, 0.7578485598204442, -0.2873068228899238, 0.4781825513108128, 0.2939032264184056, 0.5322494827743312]
X.shape (10, 5)
s1 and s2 score at iteration 55
S_1 [0.3041296478536661, -0.1814026836885424, 0.4418709032949897, 0.048604556349510365, 0.3251980080203729, 0.5227057300239045, 0.31899155797586576, 0.36799914574228937, 0.5057265995349596, 0.29770403896746994]
S_2 [0.2, 0.3333333333333333, 0.16666666666666666, 0.25, 0.16666666666666666, 0.16666666666666666, 0.2, 0.16666666666666666, 0.16666666666666666, 0.16666666666666666]
Trust scores at iteration 56: [0.8958426688718993, 1.684527973824712, 0.19224991520338758, -0.610337662151252, 0.06655893950061124, 0.7191712758473776, -0.2426703189375176, 0.4370592756493653, 0.3199452694233991, 0.4628436967075253]
X.shape (10, 5)
s1 and s2 score at iteration 56
S_1 [-0.20848665296171812, 0.0644338281449964, 0.020940151853867224, -0.3176851768694692, 0.03725939640130012, -0.2600012750654811, 0.07334530813870647, 0.04279440773479685, -0.058969015099699734, -0.08080606289394866]
S_2 [0.3333333333333333, 0.2, 0.2, 0.3333333333333333, 0.2, 0.3333333333333333, 0.2, 0.2, 0.25, 0.25]
Trust scores at iteration 57: [0.1850859214149423, 1.4736237265108008, 0.11623756367852939, -1.3184915098129135, 0.042775057400773774, -0.07043837710866507, -0.14626977109688993, 0.36902010878222274, 0.03885473194038161, 0.11565899901969595]
X.shape (10, 5)
s1 and s2 score at iteration 57
S_1 [-0.18458302721239644, -0.04220321509386779, -0.14341205952936376, -0.03488928310164793, -0.12758514570458604, -0.19493841050396418, -0.00411233453416221, -0.11662554880851037, -0.08325489980989115, -0.02272360575997859]
S_2 [0.5, 0.25, 0.3333333333333333, 0.25, 0.3333333333333333, 0.3333333333333333, 0.25, 0.5, 0.25, 0.5]
Trust scores at iteration 58: [6.740105556573002, 2.7169690989285606, 5.229847397509853, 0.07689085824011754, 4.590107587150546, 6.950629050147162, -0.04932930543235643, 4.417657660584005, 2.9948015869551488, 0.7771680243423073]
X.shape (10, 5)
s1 and s2 score at iteration 58
S_1 [-0.07360492923279979, 0.19379016628540358, -0.20431519468154186, -0.07636886809842056, 0.1460879101194687, -0.0756103035480927, -0.1553573759811742, 0.04168255273527886, 0.15078956506319227, -0.21205650117541083]
S_2 [0.2, 0.2, 0.3333333333333333, 0.2, 0.2, 0.3333333333333333, 0.3333333333333333, 0.2, 0.2, 0.3333333333333333]
Trust scores at iteration 59: [5.582117072737705, 2.3694237340892768, 4.137223567697916, -0.08375480096855219, 3.9246683246385516, 5.699509816210509, -0.3121816584232492, 3.6972726863264453, 2.5722974609470333, 0.346454073168211]
X.shape (10, 5)
s1 and s2 score at iteration 59
S_1 [0.17380335144838893, -0.02978700878724491, 0.15186407458785586, -0.18042685554056448, -0.09058838925302642, 0.24057905648545694, -0.2597163100845092, -0.06112814786850476, -0.07732369220790897, 0.21902877180429003]
S_2 [0.25, 0.3333333333333333, 0.25, 0.5, 0.3333333333333333, 0.25, 0.5, 0.5, 0.3333333333333333, 0.25]
Trust scores at iteration 60: [4.7781651488783945, 1.8954381029761935, 3.5363266254701378, -0.33368694399600135, 3.179486607495513, 4.919583343778933, -0.5772864044135586, 2.9545686478692343, 2.038241854528588, 0.35604945300802276]
X.shape (10, 5)
s1 and s2 score at iteration 60
S_1 [-0.3212054475896553, -0.00859358657823576, -0.002508187532957574, 0.01719369236635361, -0.1903982875766538, 0.0657031153442677, 0.06564963747219524, 0.06559088081742061, 0.01617254997067452, -0.30593471054081994]
S_2 [0.3333333333333333, 0.25, 0.3333333333333333, 0.3333333333333333, 0.3333333333333333, 0.25, 0.25, 0.25, 0.3333333333333333, 0.3333333333333333]
Trust scores at iteration 61: [3.178129377730323, 1.4790032571433112, 2.850151447617516, -0.3943807582886018, 2.1178849411386302, 4.219145842212092, -0.45331553356064325, 2.5486271196267625, 1.6194274556679618, -0.5458059204270254]
X.shape (10, 5)
s1 and s2 score at iteration 61
S_1 [0.011908450540192992, 0.18621080731311188, 0.34696007408704244, -0.2020261808761634, -0.10681380857865858, 0.4158373540690455, 0.4125638483989597, 0.40656057546178537, 0.3663095569258219, 0.3027221206998173]
S_2 [0.3333333333333333, 0.16666666666666666, 0.16666666666666666, 0.3333333333333333, 0.25, 0.16666666666666666, 0.16666666666666666, 0.16666666666666666, 0.16666666666666666, 0.16666666666666666]
Trust scores at iteration 62: [2.555705562997642, 1.2493223501970598, 2.472783458889246, -0.5580981153808316, 1.6491725413644902, 3.6612739658802784, -0.3114990157977583, 2.237986751073934, 1.4336477716133214, -0.4297377280307758]
X.shape (10, 5)
s1 and s2 score at iteration 62
S_1 [-0.1902725870149863, -0.14151012798567503, 0.07200855500180231, -0.21431207965888194, -0.11563180273472905, 0.08799094861556266, 0.08799094861556268, 0.08799094861556268, -0.16325083721351064, -0.047260954417682986]
S_2 [0.5, 0.3333333333333333, 0.25, 0.5, 0.25, 0.25, 0.25, 0.25, 0.3333333333333333, 0.3333333333333333]
Trust scores at iteration 63: [1.6979880924785329, 0.7206887395889559, 2.1496204212862153, -0.9897256571881471, 1.1296767213125878, 3.1870828709982364, -0.18977416342809456, 1.9772887384128437, 0.8403035086435799, -0.5458438006797426]
X.shape (10, 5)
s1 and s2 score at iteration 63
S_1 [-0.051020823971430346, -0.08019114464026761, -0.07579939360745706, -0.07040042692719578, -0.13432977685589698, 0.07036227382058988, 0.07036227382058986, 0.07036227382058988, 0.04548311148822973, -0.2593015760372428]
S_2 [0.5, 0.5, 0.2, 0.3333333333333333, 0.3333333333333333, 0.2, 0.2, 0.2, 0.2, 0.5]
Trust scores at iteration 64: [1.1845224499811726, 0.29163200371282666, 1.6055863744063485, -1.0913481443269242, 0.5738577404021006, 2.799020440348501, -0.07130803891388039, 1.7706954276509173, 0.7512199813385825, -1.1667526124823189]
X.shape (10, 5)
s1 and s2 score at iteration 64
S_1 [-0.2331363403312919, -0.08167181479981701, 0.05277961437450173, -0.3673752334568124, -0.1018599881542336, 0.13857946938940013, 0.13952179137484258, 0.14091053137280166, -0.1351782546818674, -0.028245711554844805]
S_2 [0.3333333333333333, 0.5, 0.25, 0.3333333333333333, 0.3333333333333333, 0.25, 0.25, 0.25, 0.25, 0.25]
Trust scores at iteration 65: [0.6586692249414202, 0.01094712777174875, 1.345932594680227, -1.41871878630033, 0.2793485874950691, 2.4516859465838774, 0.012909845908693963, 1.5800911135032796, 0.41963902275239157, -1.096807428764569]
X.shape (10, 5)
s1 and s2 score at iteration 65
S_1 [0.012668737937920017, 0.21446969882627506, 0.031980435865923536, -0.2160157609779805, -0.05418986561300399, -0.010732042774579472, -0.004593620497947574, 0.018424390239789843, 0.07666673864807244, 0.027886857478358715]
S_2 [0.25, 0.25, 0.25, 0.25, 0.25, 0.25, 0.25, 0.25, 0.3333333333333333, 0.3333333333333333]
Trust scores at iteration 66: [0.45622935017228017, 0.04680505860598644, 1.0539098063140748, -1.4694922834502568, 0.08704593448739997, 1.9639270692519932, -0.10473940685440324, 1.243463455788628, 0.26031384797221047, -1.0627822602891037]
X.shape (10, 5)
s1 and s2 score at iteration 66
S_1 [0.09090932942624735, -0.04813232077543717, 0.013057136419082904, 0.22043250391291455, 0.2207697721637224, 0.038346629230333, 0.03811981709553072, 0.037917618034410405, 0.1975199960054047, -0.44153308567264593]
S_2 [0.2, 0.25, 0.2, 0.2, 0.2, 0.25, 0.25, 0.25, 0.2, 0.25]
Trust scores at iteration 67: [0.32956245902396664, -0.14291876476461024, 0.7846948871363333, -1.2192975947571996, 0.10398904431428997, 1.5453922749359292, -0.21312833518246962, 0.9327067157636643, 0.2354699232751668, -1.35336053297188]
X.shape (10, 5)
s1 and s2 score at iteration 67
S_1 [0.005074731457413236, -0.1075436075740828, 0.3616985112452178, 0.2691097079640287, 0.029555333839265355, 0.22975645512101212, 0.22995798559416514, 0.23060131448725263, 0.06597426404804334, 0.19685866904691351]
S_2 [0.16666666666666666, 0.25, 0.16666666666666666, 0.2, 0.25, 0.16666666666666666, 0.16666666666666666, 0.16666666666666666, 0.16666666666666666, 0.25]
Trust scores at iteration 68: [0.1822326321990114, -0.31608036263963724, 0.7169906540658834, -1.0448004608149715, -0.04935241898643833, 1.3088657398059649, -0.18579320208635747, 0.7884333861616091, 0.12750962372450175, -1.2187171887245163]
X.shape (10, 5)
s1 and s2 score at iteration 68
S_1 [-0.20932173634628626, 0.14616226605313343, 0.2290722624306883, -0.48875469649944125, 0.17634917252147841, 0.3317468692428197, 0.32864288170846134, 0.3236669174213598, -0.02850887165149564, -0.005469649685490414]
S_2 [0.5, 0.16666666666666666, 0.16666666666666666, 0.5, 0.16666666666666666, 0.16666666666666666, 0.16666666666666666, 0.16666666666666666, 0.16666666666666666, 0.25]
Trust scores at iteration 69: [-0.0897474977874115, -0.25258075191494556, 0.6630175303622208, -1.2590717898700365, -0.012212930624577706, 1.2125358788350702, -0.05932769584752677, 0.766515012115224, 0.04549283772647006, -1.1133827232886027]
X.shape (10, 5)
s1 and s2 score at iteration 69
S_1 [-0.12029787454962183, 0.1688086224664975, -0.07081258752357233, -0.44183181502859054, 0.05590041413598528, 0.2580529634762212, 0.2565342884089598, 0.25365210365714563, 0.061778253573777836, -0.10336496720111847]
S_2 [0.5, 0.2, 0.3333333333333333, 0.5, 0.2, 0.2, 0.2, 0.2, 0.2, 0.5]
Trust scores at iteration 70: [-0.29621164305770353, -0.1765692346299894, 0.4224032416451762, -1.477037261094372, -0.03788742068996974, 1.1206554970098097, 0.038688689128234005, 0.7389796460102036, 0.014579129533072561, -1.1564588917141896]
X.shape (10, 5)
s1 and s2 score at iteration 70
S_1 [-0.04608528890899834, -0.1785165697325506, -0.08050279473270809, 0.20225683187397736, 0.1456755773932528, 0.1947423052585592, 0.1960015948803054, 0.19825814124191068, -0.2463926928222355, -0.18506608074340924]
S_2 [0.25, 0.5, 0.3333333333333333, 0.2, 0.2, 0.2, 0.2, 0.2, 0.3333333333333333, 0.5]
Trust scores at iteration 71: [-0.36095818997139245, -0.4324773276274523, 0.1993393619554025, -1.1654816719302161, 0.015833262301909512, 1.0369841642100184, 0.11824630612763487, 0.7151671449207002, -0.2703402764490468, -1.2702408586064458]
X.shape (10, 5)
s1 and s2 score at iteration 71
S_1 [0.2736713881255482, 0.30579490486974825, 0.3106542850496479, 0.3605701271923152, -0.3157801479029812, 0.3921158360517649, 0.3927051047268002, 0.3862041163848282, -0.17160049468702152, -0.22504251155504512]
S_2 [0.14285714285714285, 0.14285714285714285, 0.14285714285714285, 0.14285714285714285, 0.5, 0.14285714285714285, 0.14285714285714285, 0.14285714285714285, 0.5, 0.5]
Trust scores at iteration 72: [-0.2451384375246418, -0.2936596131746002, 0.24524069100497323, -0.8957910329877984, -0.2571590085997239, 0.9883543161196914, 0.2076522173513468, 0.7125517737798449, -0.4453347903952367, -1.3156633189118458]
X.shape (10, 5)
s1 and s2 score at iteration 72
S_1 [0.2818780975176398, 0.3682225903382268, -0.2913639939393693, 0.2968667615027043, 0.08868602816229766, 0.42871432226977785, 0.43290572308513625, 0.43881714516338427, -0.4340550865898684, 0.27304130283978306]
S_2 [0.16666666666666666, 0.16666666666666666, 0.3333333333333333, 0.16666666666666666, 0.2, 0.16666666666666666, 0.16666666666666666, 0.16666666666666666, 0.5, 0.2]
Trust scores at iteration 73: [-0.16201383728927063, -0.17374186876096429, 0.008858207466579698, -0.7099449979595367, -0.24826978706735695, 0.936647740660596, 0.2744836949886605, 0.7056690077128681, -0.6769067667378587, -1.0849806505793758]
X.shape (10, 5)
s1 and s2 score at iteration 73
S_1 [-0.30775219777927343, -0.07100594940395234, 0.0320121077771207, -0.0038543180385903148, -0.011413920631229047, 0.13724349870891533, 0.137224425429982, 0.13711347662263046, -0.06386375398763966, -0.10835061107094421]
S_2 [0.25, 0.25, 0.3333333333333333, 0.25, 0.25, 0.2, 0.2, 0.2, 0.2, 0.2]
Trust scores at iteration 74: [-0.5865688941003768, -0.33778639499349417, -0.10748295621494923, -0.7201658172486716, -0.3360041401156513, 0.8561505795615065, 0.29329029463932993, 0.6596765491838131, -0.7351705104644851, -1.1306551307978585]
X.shape (10, 5)
s1 and s2 score at iteration 74
S_1 [0.05336623147249572, 0.40742325082357583, 0.2709590388712625, 0.2995099608423235, 0.009965581666003785, 0.1481779902827022, 0.14601493537577265, 0.14224638700318432, -0.13113958535850193, 0.2430910039839959]
S_2 [0.2, 0.2, 0.2, 0.2, 0.2, 0.25, 0.25, 0.25, 0.25, 0.2]
Trust scores at iteration 75: [-0.5989358479200589, -0.25711843574447, -0.11160220063795115, -0.6218711109306425, -0.40193451580288814, 0.6322823129746729, 0.15305470427177023, 0.46309556359881876, -0.8231762672846273, -0.9915586537884669]
X.shape (10, 5)
s1 and s2 score at iteration 75
S_1 [0.38558967446735715, 0.13108744194828906, 0.32848096082901795, 0.4347901725702604, -0.716162110838535, 0.44739999669709246, 0.44936810030186286, 0.44061610260832873, 0.3997812620836585, 0.11391802472201351]
S_2 [0.14285714285714285, 0.2, 0.14285714285714285, 0.14285714285714285, 0, 0.14285714285714285, 0.14285714285714285, 0.14285714285714285, 0.14285714285714285, 0.16666666666666666]
Trust scores at iteration 76: [-0.48752769814562597, -0.3247934115141022, -0.09235710451993287, -0.49059944381978116, -0.5807007301825992, 0.5796401518374459, 0.17295364148814757, 0.4335669370097709, -0.6733948733480607, -0.9297987837831293]
X.shape (10, 5)
s1 and s2 score at iteration 76
S_1 [0.08240571984853594, 0.01855625961265485, -0.12821669051156545, 0.1465497232035949, 0.14770050257071132, 0.26639114992064683, 0.2619611897439771, 0.25397804937716956, 0.10502403883945984, -0.4365706074456436]
S_2 [0.2, 0.2, 0.3333333333333333, 0.2, 0.2, 0.2, 0.2, 0.2, 0.3333333333333333, 0.3333333333333333]
Trust scores at iteration 77: [-0.4579973848981987, -0.35562570829431767, -0.30070001977782934, -0.42449004982766014, -0.5004281603540458, 0.552694129061829, 0.20451616545110315, 0.42154230584286534, -0.663248520746235, -1.1861539162425414]
X.shape (10, 5)
s1 and s2 score at iteration 77
S_1 [-0.0010838556963870876, -0.0013023473790718294, -0.06302248068271764, 0.05923294752135561, -0.2136242183711499, 0.18271494412037134, 0.18397794766312806, 0.185933696728254, -0.3602317223850981, -0.1072673838617858]
S_2 [0.3333333333333333, 0.3333333333333333, 0.3333333333333333, 0.25, 0.5, 0.25, 0.25, 0.25, 0.3333333333333333, 0.25]
Trust scores at iteration 78: [-0.49017216603067715, -0.4033325067206157, -0.40643772186544075, -0.38803100221449655, -0.7477029653178521, 0.5421933158289959, 0.24726096121566143, 0.43331095996643554, -0.9543742907723016, -1.1697676312383944]
X.shape (10, 5)
s1 and s2 score at iteration 78
S_1 [-0.017769497230795097, -0.07305520674001917, 0.03537308825365245, -0.14836011901177223, 0.14382868104660493, 0.18457371764112046, 0.18251834788767016, 0.18206222777400388, -0.4140885772924718, -0.2240397406639208]
S_2 [0.2, 0.25, 0.25, 0.25, 0.2, 0.2, 0.2, 0.2, 0.5, 0.5]
Trust scores at iteration 79: [-0.4910873168981616, -0.4772033859373264, -0.39172494126583357, -0.5253961607162964, -0.578660336186925, 0.5508643184546465, 0.2985014521137682, 0.4562732697982551, -1.2977410681209784, -1.3263758690963543]
X.shape (10, 5)
s1 and s2 score at iteration 79
S_1 [0.2177982108742419, 0.06278609560857279, -0.07484179650402041, -0.4097440056486536, 0.1928218378907738, 0.23485673157124046, 0.241916120021763, 0.25126780449490954, 0.08170550245913889, -0.10148672153627834]
S_2 [0.2, 0.3333333333333333, 0.3333333333333333, 0.5, 0.2, 0.2, 0.2, 0.2, 0.3333333333333333, 0.3333333333333333]
Trust scores at iteration 80: [-0.3474046504146501, -0.4681412979445034, -0.4776447035482587, -0.841192689889839, -0.43675192767078297, 0.5484377094581747, 0.3381435346993879, 0.47783227932851685, -1.1543039598918754, -1.2880042829559066]
X.shape (10, 5)
s1 and s2 score at iteration 80
S_1 [0.34370453257683403, 0.5582022740695767, 0.11610773432619707, -0.5276357381091826, 0.602860154075055, 0.5247555875427292, 0.5247555875427292, 0.5572112942532361, 0.5897696298585114, 0.4820499527093044]
S_2 [0.125, 0.125, 0.2, 0, 0.125, 0.125, 0.125, 0.125, 0.125, 0.125]
Trust scores at iteration 81: [-0.3035254797239291, -0.35278160557312843, -0.5271087771391642, -0.8462969043589952, -0.31498913852016547, 0.5029885494305995, 0.32423850088563066, 0.45104936553314856, -0.9281654705934985, -1.0686129006616105]
X.shape (10, 5)
s1 and s2 score at iteration 81
S_1 [0.16077066534571927, 0.02291308017776152, 0.12859637327163753, -0.00224833407889325, -0.3449095695083113, -0.22008560057553195, 0.07214116638140038, 0.12245705372734281, -0.22889525854060425, 0.11549809021565853]
S_2 [0.25, 0.3333333333333333, 0.25, 0.25, 0.5, 0.5, 0.25, 0.25, 0.3333333333333333, 0.25]
Trust scores at iteration 82: [-0.18299665776533974, -0.3784863227960288, -0.4030612690414284, -0.7964500779552057, -0.7395434754375607, 0.07219907485673471, 0.2679108689015398, 0.422645130083311, -1.1025013061556355, -0.8755605510918937]
X.shape (10, 5)
s1 and s2 score at iteration 82
S_1 [-0.11817995437869182, -0.06757823544738048, -0.01701985099756207, -0.1703538959876407, -0.14052749767744213, -0.09291383526352003, -0.0759655035757317, -0.06496401342446032, -0.1777828131046428, -0.023997089559275406]
S_2 [0.25, 0.25, 0.25, 0.3333333333333333, 0.3333333333333333, 0.25, 0.3333333333333333, 0.3333333333333333, 0.3333333333333333, 0.3333333333333333]
Trust scores at iteration 83: [0.7735009225685072, 0.16136970790529814, -0.3051020786852141, 0.6743868876660997, 0.4598903485501533, 0.7677409705856948, 0.7472263122326386, 0.7817916816060495, 0.47971615939253054, -0.6827344034031623]
X.shape (10, 5)
s1 and s2 score at iteration 83
S_1 [0.19320873397948088, 0.3282446406889123, 0.27194053537511687, -0.27941009776845244, 0.2611609295377864, 0.22767822701883603, 0.2569247268191053, -0.2114913150733556, -0.24996897096537335, -0.06508766079674155]
S_2 [0.16666666666666666, 0.16666666666666666, 0.16666666666666666, 0.25, 0.16666666666666666, 0.16666666666666666, 0.16666666666666666, 0.3333333333333333, 0.3333333333333333, 0.3333333333333333]
Trust scores at iteration 84: [0.6707675839704168, 0.21216425171950343, -0.2100664049333194, 0.3330450800688549, 0.43525113452841707, 0.6816233639301092, 0.6775508596902365, 0.4178764245069899, 0.14352885631148338, -0.7600677570564548]
X.shape (10, 5)
s1 and s2 score at iteration 84
S_1 [-0.03340480550196126, 0.12723227528605202, -0.09239558591066406, 0.08997298758732447, 0.10840733030648224, -0.2675790017149987, 0.01232670161774382, -0.1414432211418142, -0.18994610018808553, -0.015118001635415941]
S_2 [0.25, 0.25, 0.25, 0.25, 0.25, 0.5, 0.25, 0.25, 0.25, 0.25]
Trust scores at iteration 85: [0.4557699798267339, 0.2553396139615779, -0.3624858636778048, 0.31416162459773767, 0.42276986810490796, 0.11391862777013256, 0.5154507480441571, 0.11344102104976694, -0.17693669401098117, -0.7388809031905469]
X.shape (10, 5)
s1 and s2 score at iteration 85
S_1 [-0.11462712634652633, 0.005237207320116449, -0.032029203614885385, 0.03189165502685329, -0.09701528276162605, -0.12518492888045063, -0.23107377066510443, 0.08770734492734432, -0.28498011041479704, 0.03524358070009592]
S_2 [0.3333333333333333, 0.3333333333333333, 0.25, 0.25, 0.3333333333333333, 0.3333333333333333, 0.5, 0.25, 0.5, 0.25]
Trust scores at iteration 86: [0.09136538297776681, 0.12599551691456312, -0.437890386705276, 0.24657954334602095, 0.09343564498002482, -0.2172645690965276, -0.10705686368278566, 0.1714248678923019, -0.787778593260281, -0.6427740312073575]
X.shape (10, 5)
s1 and s2 score at iteration 86
S_1 [-0.2778377098857985, -0.1663726888984124, 0.004430481190937425, 0.07226219231351914, 0.07767018516826786, 0.019419165891064134, -0.2068640248360756, -0.28857368206710904, 0.023832125659659746, 0.07162967578224115]
S_2 [0.3333333333333333, 0.5, 0.5, 0.2, 0.2, 0.2, 0.3333333333333333, 0.3333333333333333, 0.2, 0.2]
Trust scores at iteration 87: [-0.5589115517604959, -0.3642098984180396, -0.5136504929935654, 0.28914846359785196, 0.16942029823302113, -0.2071717558928519, -0.5905030302784141, -0.5115947605109141, -0.6835861788500514, -0.46802361788441205]
X.shape (10, 5)
s1 and s2 score at iteration 87
S_1 [-0.013322407174206815, 0.07978521910919485, 0.06058094750801805, 0.14328676669951018, -0.1301858778801346, -0.07465505339802453, -0.16385591656997545, -0.11658590524571125, -0.20660122274624199, -0.008979526737762157]
S_2 [0.25, 0.25, 0.25, 0.25, 0.25, 0.25, 0.25, 0.25, 0.25, 0.25]
Trust scores at iteration 88: [-0.6390214040311849, -0.3760551187827713, -0.5231836491739251, 0.24577619405817416, -0.1422780583407605, -0.4042487645174362, -0.8234604259198111, -0.7069037033553618, -0.9473291000433974, -0.5572203083264811]
X.shape (10, 5)
s1 and s2 score at iteration 88
S_1 [-0.06574365006607365, 0.13771769164935138, 0.1541255504168304, -0.07587788000879059, -0.025393261361890948, -0.14186557068199726, 0.1209568032035727, -0.13533796369101522, -0.2199299636086736, -0.060233737740470444]
S_2 [0.2, 0.2, 0.2, 0.25, 0.25, 0.25, 0.2, 0.2, 0.25, 0.2]
Trust scores at iteration 89: [-0.727152052580558, -0.30561551293260003, -0.4147061017978363, -0.014937056492791673, -0.2956498976936583, -0.631679638694612, -0.7022222659347485, -0.8525834572134798, -1.1692727308418105, -0.652258695296306]
X.shape (10, 5)
s1 and s2 score at iteration 89
S_1 [-0.04326143392030944, -0.13712830685070818, 0.004954280920225719, -0.04758881205758506, -0.19724661908448254, -0.12907475416809058, -0.03698216486200496, -0.01605933750960442, -0.18974998848020763, -0.1709178502804243]
S_2 [0.5, 0.3333333333333333, 0.25, 0.25, 0.25, 0.25, 0.25, 0.25, 0.25, 0.25]
Trust scores at iteration 90: [-2.077899013200014, -4.511585801953351, -0.27750018652816083, -1.5285356275675737, -6.298307904670955, -4.519904135278247, -1.7915922328663072, -1.2859220257728614, -6.813912983222071, -5.80427330664055]
X.shape (10, 5)
s1 and s2 score at iteration 90
S_1 [0.0390420889901805, -0.15688068228139537, 0.1248419812908097, 0.12359758156077302, -0.01464677559005561, 0.23913338014412114, 0.2134073218889578, 0.2625665441873164, -0.1602551710287449, 0.23309101825389142]
S_2 [0.25, 0.3333333333333333, 0.2, 0.2, 0.2, 0.2, 0.25, 0.2, 0.3333333333333333, 0.25]
Trust scores at iteration 91: [-1.8564100502120642, -4.074471316143869, -0.2545549633139261, -1.3186459935417587, -5.4519291838554835, -3.795305500816554, -1.5134372628003219, -1.033033721906932, -6.033377210808355, -4.912971199634297]
X.shape (10, 5)
s1 and s2 score at iteration 91
S_1 [0.3814628418905715, -0.16821968201128593, 0.38201203671614004, 0.2999453402078701, 0.04307492804723403, 0.43542847610215357, 0.3566731372958036, 0.2744593288888054, -0.6642032921977482, 0.3937847964740705]
S_2 [0.14285714285714285, 0.3333333333333333, 0.14285714285714285, 0.14285714285714285, 0.25, 0.14285714285714285, 0.14285714285714285, 0.14285714285714285, 0, 0.14285714285714285]
Trust scores at iteration 92: [-1.5108247846324188, -3.6712503250152073, -0.14905876959672748, -1.081807159135039, -4.731800999075288, -3.140295389979785, -1.2278376776431208, -0.8478163600510578, -5.357180868520849, -4.1046569928929095]
X.shape (10, 5)
s1 and s2 score at iteration 92
S_1 [-0.22816778376048552, 0.133287181440985, 0.13347647518974173, -0.2313168229447452, 0.11125649344095281, -0.20937293270471274, -0.23066126597795641, 0.025770560319508196, 0.039475251505623095, 0.04824445845531514]
S_2 [0.25, 0.2, 0.2, 0.25, 0.2, 0.25, 0.25, 0.2, 0.2, 0.2]
Trust scores at iteration 93: [-1.690614547406084, -3.0907755033541466, -0.09669995415721835, -1.329488435612573, -4.017001521068945, -3.054543029828488, -1.4528776656628144, -0.8116831169423148, -4.629241705776504, -3.554741633408574]
X.shape (10, 5)
s1 and s2 score at iteration 93
S_1 [-0.14704977221018936, -0.15662888848906917, -0.025075500262187227, 0.06542034825145779, -0.16306201379815133, 0.05720209963678978, 0.0994130911764545, -0.09061968655779677, -0.19730472408381003, -0.038409971844869106]
S_2 [0.25, 0.25, 0.25, 0.25, 0.25, 0.25, 0.25, 0.25, 0.25, 0.25]
Trust scores at iteration 94: [-1.8088992385570364, -3.0134895544174145, -0.2700302701947991, -1.1813553110198478, -3.810488326666143, -2.6600518666027915, -1.2349460158133923, -0.9766626715402101, -4.382559789070354, -3.2294854897682326]
X.shape (10, 5)
s1 and s2 score at iteration 94
S_1 [0.10732818650762695, 0.08591496648568116, -0.09039791144254265, 0.2192846526437424, -0.2992085347434318, 0.1255319403997622, 0.07261858214582556, 0.2391471390400174, -0.4649316198904157, 0.15475739038251998]
S_2 [0.2, 0.25, 0.25, 0.2, 0.5, 0.2, 0.2, 0.2, 0.5, 0.25]
Trust scores at iteration 95: [-1.5302450110461683, -2.582577770239674, -0.36122591337178034, -0.9266103401131078, -3.5765873215896775, -2.2423068241238866, -1.0641556391188405, -0.7401632708091787, -4.166794375142486, -2.722994356598094]
X.shape (10, 5)
s1 and s2 score at iteration 95
S_1 [-0.09308789012077869, -0.1388194571141325, 0.058276856969774186, -0.07112557312465874, 0.01110136016283525, 0.10475121441355345, 0.018418019703700612, -0.31897361527443896, 0.17535816938785886, 0.1939075915147995]
S_2 [0.3333333333333333, 0.3333333333333333, 0.25, 0.3333333333333333, 0.2, 0.2, 0.2, 0.3333333333333333, 0.2, 0.2]
Trust scores at iteration 96: [-1.5227177326080936, -2.4525768878205776, -0.3744611273812051, -0.9926389968422863, -3.1215116068921858, -1.9149289954104844, -0.9802847698097042, -1.0258853975708253, -3.496124390542552, -2.2545452031083797]
X.shape (10, 5)
s1 and s2 score at iteration 96
S_1 [0.05110053668322259, 0.09450723921417414, 0.16946427794201824, 0.12064249781376181, -0.11676982736630606, 0.1596589122514417, -0.1978360502041604, -0.22111375240354628, -0.04409100571934633, -0.09142079072992365]
S_2 [0.25, 0.25, 0.25, 0.25, 0.25, 0.25, 0.3333333333333333, 0.3333333333333333, 0.25, 0.3333333333333333]
Trust scores at iteration 97: [-1.3615788263706379, -2.113537999978524, -0.28079195827402437, -0.8494573698540059, -2.869142778910327, -1.5988687899954779, -1.158355109968636, -1.2177197223266747, -3.1232325459789574, -2.1472838312144855]
X.shape (10, 5)
s1 and s2 score at iteration 97
S_1 [-0.008507949439272753, 0.07736935568786929, -0.004759521688701529, -0.1980867820183547, -0.1477034928337815, -0.10167901769792541, 0.10226309340661291, -0.25407605123307087, 0.09592294911419255, -0.14052815305860702]
S_2 [0.25, 0.25, 0.25, 0.5, 0.5, 0.3333333333333333, 0.25, 0.5, 0.25, 0.3333333333333333]
Trust scores at iteration 98: [-1.2448215038009096, -1.7580215548651212, -0.320654453965136, -1.1625934142788759, -2.805423559724143, -1.6081817464217956, -0.9096018434733406, -1.5577417447545518, -2.589047418394079, -2.1313186310972205]
X.shape (10, 5)
s1 and s2 score at iteration 98
S_1 [0.11862008201941417, 0.2188521526368727, 0.35397343478093524, 0.3938895772634553, -0.12334208723319035, 0.13649349666387145, 0.07486622483864165, -0.48558648582093966, 0.39165304053701316, 0.20876364753300633]
S_2 [0.14285714285714285, 0.14285714285714285, 0.14285714285714285, 0.14285714285714285, 0.3333333333333333, 0.14285714285714285, 0.2, 0.3333333333333333, 0.14285714285714285, 0.14285714285714285]
Trust scores at iteration 99: [-1.0772114027096462, -1.4752613307812108, -0.2020427612779546, -0.9024901164227587, -2.581580837264308, -1.3792611018566716, -0.8346512067549052, -1.6590002602519827, -2.115827731995159, -1.7964057237416429]
X.shape (10, 5)
s1 and s2 score at iteration 99
S_1 [-0.04503472804787388, -0.05823063377744976, -0.14159519523346198, -0.04265742828526306, -0.044721882759423535, -0.14974685416563924, -0.20142157520369752, -0.17428200485219117, -0.006486254522133423, -0.062006189990614434]
S_2 [0.2, 0.2, 0.25, 0.25, 0.2, 0.25, 0.3333333333333333, 0.25, 0.2, 0.2]
Trust scores at iteration 100: [0.03583563782374688, 0.0026594320612345346, 2.9902696428565134, 0.10687170811449831, -1.2501131875682656, 2.1781479076474, 3.798586977827263, 2.5077652733708318, -1.7384535721958851, -0.1830004421155802]
